

// Path 1
Endpoint:      key_gen/allKeys_reg_9__36_/D
Beginpoint:    key_in[36]
Analysis View: generic_view
Hold Slack:    -3428.3ps

Node: key_gen/allKeys_reg_9__36_/D
Net:  key_gen/n4154
  Setup Slack:   9045.3ps
  Analysis View: generic_view
  Failed Reason:
Node: key_gen/U1327/ZN
Net:  key_gen/n4154
  Setup Slack:   9045.3ps
  Analysis View: generic_view
  Failed Reason:
Node: key_gen/U1327/A2
Net:  FE_PDN2200_key_gen_n497
  Setup Slack:   11275.1ps
  Analysis View: generic_view
  Failed Reason:
Node: FE_PDC2200_key_gen_n497/Z
Net:  FE_PDN2200_key_gen_n497
  Setup Slack:   8521.2ps
  Analysis View: generic_view
  Failed Reason:
Node: FE_PDC2200_key_gen_n497/A
Net:  key_gen/n497
  Setup Slack:   8521.2ps
  Analysis View: generic_view
  Failed Reason:
Node: key_gen/U1319/ZN
Net:  key_gen/n497
  Setup Slack:   8521.2ps
  Analysis View: generic_view
  Failed Reason:
Node: key_gen/U1319/B2
Net:  key_in[36]
  Setup Slack:   9929.5ps
  Analysis View: generic_view
  Failed Reason:
Node: key_in[36]
Net:  key_in[36]
  Setup Slack:   9430.4ps
  Analysis View: generic_view
  Failed Reason:


// Path 2
Endpoint:      key_gen/allKeys_reg_7__23_/D
Beginpoint:    key_in[23]
Analysis View: generic_view
Hold Slack:    -3425.1ps

Node: key_gen/allKeys_reg_7__23_/D
Net:  key_gen/n4373
  Setup Slack:   8684.0ps
  Analysis View: generic_view
  Failed Reason:
Node: key_gen/U1093/ZN
Net:  key_gen/n4373
  Setup Slack:   8684.0ps
  Analysis View: generic_view
  Failed Reason:
Node: key_gen/U1093/A2
Net:  FE_PDN2183_key_gen_n481
  Setup Slack:   11214.7ps
  Analysis View: generic_view
  Failed Reason:
Node: FE_PDC2183_key_gen_n481/Z
Net:  FE_PDN2183_key_gen_n481
  Setup Slack:   8713.4ps
  Analysis View: generic_view
  Failed Reason:
Node: FE_PDC2183_key_gen_n481/A
Net:  key_gen/n481
  Setup Slack:   8713.4ps
  Analysis View: generic_view
  Failed Reason:
Node: key_gen/U1083/ZN
Net:  key_gen/n481
  Setup Slack:   8713.4ps
  Analysis View: generic_view
  Failed Reason:
Node: key_gen/U1083/B2
Net:  key_in[23]
  Setup Slack:   10268.0ps
  Analysis View: generic_view
  Failed Reason:
Node: key_in[23]
Net:  key_in[23]
  Setup Slack:   9375.4ps
  Analysis View: generic_view
  Failed Reason:


// Path 3
Endpoint:      key_gen/allKeys_reg_14__68_/D
Beginpoint:    key_in[68]
Analysis View: generic_view
Hold Slack:    -3402.3ps

Node: key_gen/allKeys_reg_14__68_/D
Net:  key_gen/n3615
  Setup Slack:   9728.9ps
  Analysis View: generic_view
  Failed Reason:
Node: key_gen/U1918/ZN
Net:  key_gen/n3615
  Setup Slack:   9728.9ps
  Analysis View: generic_view
  Failed Reason:
Node: key_gen/U1918/A2
Net:  FE_PDN2112_key_gen_n537
  Setup Slack:   11146.6ps
  Analysis View: generic_view
  Failed Reason:
Node: FE_PDC2112_key_gen_n537/Z
Net:  FE_PDN2112_key_gen_n537
  Setup Slack:   8627.3ps
  Analysis View: generic_view
  Failed Reason:
Node: FE_PDC2112_key_gen_n537/A
Net:  key_gen/n537
  Setup Slack:   8627.3ps
  Analysis View: generic_view
  Failed Reason:
Node: key_gen/U1915/ZN
Net:  key_gen/n537
  Setup Slack:   8627.3ps
  Analysis View: generic_view
  Failed Reason:
Node: key_gen/U1915/B2
Net:  key_in[68]
  Setup Slack:   10124.9ps
  Analysis View: generic_view
  Failed Reason:
Node: key_in[68]
Net:  key_in[68]
  Setup Slack:   9394.7ps
  Analysis View: generic_view
  Failed Reason:


// Path 4
Endpoint:      key_gen/allKeys_reg_10__68_/D
Beginpoint:    key_in[68]
Analysis View: generic_view
Hold Slack:    -3402.1ps

Node: key_gen/allKeys_reg_10__68_/D
Net:  key_gen/n3611
  Setup Slack:   9865.2ps
  Analysis View: generic_view
  Failed Reason:
Node: key_gen/U1922/ZN
Net:  key_gen/n3611
  Setup Slack:   9865.2ps
  Analysis View: generic_view
  Failed Reason:
Node: key_gen/U1922/A2
Net:  FE_PDN2112_key_gen_n537
  Setup Slack:   11147.6ps
  Analysis View: generic_view
  Failed Reason:
Node: FE_PDC2112_key_gen_n537/Z
Net:  FE_PDN2112_key_gen_n537
  Setup Slack:   8627.3ps
  Analysis View: generic_view
  Failed Reason:
Node: FE_PDC2112_key_gen_n537/A
Net:  key_gen/n537
  Setup Slack:   8627.3ps
  Analysis View: generic_view
  Failed Reason:
Node: key_gen/U1915/ZN
Net:  key_gen/n537
  Setup Slack:   8627.3ps
  Analysis View: generic_view
  Failed Reason:
Node: key_gen/U1915/B2
Net:  key_in[68]
  Setup Slack:   10124.9ps
  Analysis View: generic_view
  Failed Reason:
Node: key_in[68]
Net:  key_in[68]
  Setup Slack:   9394.7ps
  Analysis View: generic_view
  Failed Reason:


// Path 5
Endpoint:      key_gen/allKeys_reg_1__68_/D
Beginpoint:    key_in[68]
Analysis View: generic_view
Hold Slack:    -3402.0ps

Node: key_gen/allKeys_reg_1__68_/D
Net:  key_gen/n3602
  Setup Slack:   9255.7ps
  Analysis View: generic_view
  Failed Reason:
Node: key_gen/U1931/ZN
Net:  key_gen/n3602
  Setup Slack:   9255.7ps
  Analysis View: generic_view
  Failed Reason:
Node: key_gen/U1931/A2
Net:  FE_PDN2112_key_gen_n537
  Setup Slack:   11142.9ps
  Analysis View: generic_view
  Failed Reason:
Node: FE_PDC2112_key_gen_n537/Z
Net:  FE_PDN2112_key_gen_n537
  Setup Slack:   8627.3ps
  Analysis View: generic_view
  Failed Reason:
Node: FE_PDC2112_key_gen_n537/A
Net:  key_gen/n537
  Setup Slack:   8627.3ps
  Analysis View: generic_view
  Failed Reason:
Node: key_gen/U1915/ZN
Net:  key_gen/n537
  Setup Slack:   8627.3ps
  Analysis View: generic_view
  Failed Reason:
Node: key_gen/U1915/B2
Net:  key_in[68]
  Setup Slack:   10124.9ps
  Analysis View: generic_view
  Failed Reason:
Node: key_in[68]
Net:  key_in[68]
  Setup Slack:   9394.7ps
  Analysis View: generic_view
  Failed Reason:


// Path 6
Endpoint:      key_gen/allKeys_reg_5__68_/D
Beginpoint:    key_in[68]
Analysis View: generic_view
Hold Slack:    -3401.3ps

Node: key_gen/allKeys_reg_5__68_/D
Net:  key_gen/n3606
  Setup Slack:   9370.4ps
  Analysis View: generic_view
  Failed Reason:
Node: key_gen/U1927/ZN
Net:  key_gen/n3606
  Setup Slack:   9370.4ps
  Analysis View: generic_view
  Failed Reason:
Node: key_gen/U1927/A2
Net:  FE_PDN2112_key_gen_n537
  Setup Slack:   11141.2ps
  Analysis View: generic_view
  Failed Reason:
Node: FE_PDC2112_key_gen_n537/Z
Net:  FE_PDN2112_key_gen_n537
  Setup Slack:   8627.3ps
  Analysis View: generic_view
  Failed Reason:
Node: FE_PDC2112_key_gen_n537/A
Net:  key_gen/n537
  Setup Slack:   8627.3ps
  Analysis View: generic_view
  Failed Reason:
Node: key_gen/U1915/ZN
Net:  key_gen/n537
  Setup Slack:   8627.3ps
  Analysis View: generic_view
  Failed Reason:
Node: key_gen/U1915/B2
Net:  key_in[68]
  Setup Slack:   10124.9ps
  Analysis View: generic_view
  Failed Reason:
Node: key_in[68]
Net:  key_in[68]
  Setup Slack:   9394.7ps
  Analysis View: generic_view
  Failed Reason:


// Path 7
Endpoint:      key_gen/allKeys_reg_3__68_/D
Beginpoint:    key_in[68]
Analysis View: generic_view
Hold Slack:    -3401.2ps

Node: key_gen/allKeys_reg_3__68_/D
Net:  key_gen/n3604
  Setup Slack:   8542.3ps
  Analysis View: generic_view
  Failed Reason:
Node: key_gen/U1929/ZN
Net:  key_gen/n3604
  Setup Slack:   8542.3ps
  Analysis View: generic_view
  Failed Reason:
Node: key_gen/U1929/A2
Net:  FE_PDN2112_key_gen_n537
  Setup Slack:   11122.6ps
  Analysis View: generic_view
  Failed Reason:
Node: FE_PDC2112_key_gen_n537/Z
Net:  FE_PDN2112_key_gen_n537
  Setup Slack:   8627.3ps
  Analysis View: generic_view
  Failed Reason:
Node: FE_PDC2112_key_gen_n537/A
Net:  key_gen/n537
  Setup Slack:   8627.3ps
  Analysis View: generic_view
  Failed Reason:
Node: key_gen/U1915/ZN
Net:  key_gen/n537
  Setup Slack:   8627.3ps
  Analysis View: generic_view
  Failed Reason:
Node: key_gen/U1915/B2
Net:  key_in[68]
  Setup Slack:   10124.9ps
  Analysis View: generic_view
  Failed Reason:
Node: key_in[68]
Net:  key_in[68]
  Setup Slack:   9394.7ps
  Analysis View: generic_view
  Failed Reason:


// Path 8
Endpoint:      key_gen/allKeys_reg_7__68_/D
Beginpoint:    key_in[68]
Analysis View: generic_view
Hold Slack:    -3399.8ps

Node: key_gen/allKeys_reg_7__68_/D
Net:  key_gen/n3608
  Setup Slack:   8686.1ps
  Analysis View: generic_view
  Failed Reason:
Node: key_gen/U1925/ZN
Net:  key_gen/n3608
  Setup Slack:   8686.1ps
  Analysis View: generic_view
  Failed Reason:
Node: key_gen/U1925/A2
Net:  FE_PDN2112_key_gen_n537
  Setup Slack:   11122.8ps
  Analysis View: generic_view
  Failed Reason:
Node: FE_PDC2112_key_gen_n537/Z
Net:  FE_PDN2112_key_gen_n537
  Setup Slack:   8627.3ps
  Analysis View: generic_view
  Failed Reason:
Node: FE_PDC2112_key_gen_n537/A
Net:  key_gen/n537
  Setup Slack:   8627.3ps
  Analysis View: generic_view
  Failed Reason:
Node: key_gen/U1915/ZN
Net:  key_gen/n537
  Setup Slack:   8627.3ps
  Analysis View: generic_view
  Failed Reason:
Node: key_gen/U1915/B2
Net:  key_in[68]
  Setup Slack:   10124.9ps
  Analysis View: generic_view
  Failed Reason:
Node: key_in[68]
Net:  key_in[68]
  Setup Slack:   9394.7ps
  Analysis View: generic_view
  Failed Reason:


// Path 9
Endpoint:      key_gen/allKeys_reg_6__119_/D
Beginpoint:    key_in[119]
Analysis View: generic_view
Hold Slack:    -3396.3ps

Node: key_gen/allKeys_reg_6__119_/D
Net:  key_gen/n2740
  Setup Slack:   9437.9ps
  Analysis View: generic_view
  Failed Reason:
Node: key_gen/U2878/ZN
Net:  key_gen/n2740
  Setup Slack:   9437.9ps
  Analysis View: generic_view
  Failed Reason:
Node: key_gen/U2878/A2
Net:  FE_PDN2108_key_gen_n649
  Setup Slack:   11087.6ps
  Analysis View: generic_view
  Failed Reason:
Node: FE_PDC2108_key_gen_n649/Z
Net:  FE_PDN2108_key_gen_n649
  Setup Slack:   9709.5ps
  Analysis View: generic_view
  Failed Reason:
Node: FE_PDC2108_key_gen_n649/A
Net:  key_gen/n649
  Setup Slack:   9709.5ps
  Analysis View: generic_view
  Failed Reason:
Node: key_gen/U2867/ZN
Net:  key_gen/n649
  Setup Slack:   9709.5ps
  Analysis View: generic_view
  Failed Reason:
Node: key_gen/U2867/B2
Net:  key_in[119]
  Setup Slack:   11334.6ps
  Analysis View: generic_view
  Failed Reason:
Node: key_in[119]
Net:  key_in[119]
  Setup Slack:   9379.3ps
  Analysis View: generic_view
  Failed Reason:


// Path 10
Endpoint:      key_gen/allKeys_reg_14__4_/D
Beginpoint:    key_in[4]
Analysis View: generic_view
Hold Slack:    -3383.4ps

Node: key_gen/allKeys_reg_14__4_/D
Net:  key_gen/n4703
  Setup Slack:   9730.6ps
  Analysis View: generic_view
  Failed Reason:
Node: key_gen/U735/ZN
Net:  key_gen/n4703
  Setup Slack:   9730.6ps
  Analysis View: generic_view
  Failed Reason:
Node: key_gen/U735/A2
Net:  FE_PDN2110_key_gen_n456
  Setup Slack:   11037.7ps
  Analysis View: generic_view
  Failed Reason:
Node: FE_PDC2110_key_gen_n456/Z
Net:  FE_PDN2110_key_gen_n456
  Setup Slack:   8490.9ps
  Analysis View: generic_view
  Failed Reason:
Node: FE_PDC2110_key_gen_n456/A
Net:  key_gen/n456
  Setup Slack:   8490.9ps
  Analysis View: generic_view
  Failed Reason:
Node: key_gen/U730/ZN
Net:  key_gen/n456
  Setup Slack:   8490.9ps
  Analysis View: generic_view
  Failed Reason:
Node: key_gen/U730/B2
Net:  key_in[4]
  Setup Slack:   9915.8ps
  Analysis View: generic_view
  Failed Reason:
Node: key_in[4]
Net:  key_in[4]
  Setup Slack:   9412.1ps
  Analysis View: generic_view
  Failed Reason:


// Path 11
Endpoint:      key_gen/allKeys_reg_12__4_/D
Beginpoint:    key_in[4]
Analysis View: generic_view
Hold Slack:    -3382.9ps

Node: key_gen/allKeys_reg_12__4_/D
Net:  key_gen/n4701
  Setup Slack:   9857.5ps
  Analysis View: generic_view
  Failed Reason:
Node: key_gen/U737/ZN
Net:  key_gen/n4701
  Setup Slack:   9857.5ps
  Analysis View: generic_view
  Failed Reason:
Node: key_gen/U737/A2
Net:  FE_PDN2110_key_gen_n456
  Setup Slack:   11034.9ps
  Analysis View: generic_view
  Failed Reason:
Node: FE_PDC2110_key_gen_n456/Z
Net:  FE_PDN2110_key_gen_n456
  Setup Slack:   8490.9ps
  Analysis View: generic_view
  Failed Reason:
Node: FE_PDC2110_key_gen_n456/A
Net:  key_gen/n456
  Setup Slack:   8490.9ps
  Analysis View: generic_view
  Failed Reason:
Node: key_gen/U730/ZN
Net:  key_gen/n456
  Setup Slack:   8490.9ps
  Analysis View: generic_view
  Failed Reason:
Node: key_gen/U730/B2
Net:  key_in[4]
  Setup Slack:   9915.8ps
  Analysis View: generic_view
  Failed Reason:
Node: key_in[4]
Net:  key_in[4]
  Setup Slack:   9412.1ps
  Analysis View: generic_view
  Failed Reason:


// Path 12
Endpoint:      key_gen/allKeys_reg_7__4_/D
Beginpoint:    key_in[4]
Analysis View: generic_view
Hold Slack:    -3381.8ps

Node: key_gen/allKeys_reg_7__4_/D
Net:  key_gen/n4696
  Setup Slack:   8696.2ps
  Analysis View: generic_view
  Failed Reason:
Node: key_gen/U744/ZN
Net:  key_gen/n4696
  Setup Slack:   8696.2ps
  Analysis View: generic_view
  Failed Reason:
Node: key_gen/U744/A2
Net:  FE_PDN2110_key_gen_n456
  Setup Slack:   11018.8ps
  Analysis View: generic_view
  Failed Reason:
Node: FE_PDC2110_key_gen_n456/Z
Net:  FE_PDN2110_key_gen_n456
  Setup Slack:   8490.9ps
  Analysis View: generic_view
  Failed Reason:
Node: FE_PDC2110_key_gen_n456/A
Net:  key_gen/n456
  Setup Slack:   8490.9ps
  Analysis View: generic_view
  Failed Reason:
Node: key_gen/U730/ZN
Net:  key_gen/n456
  Setup Slack:   8490.9ps
  Analysis View: generic_view
  Failed Reason:
Node: key_gen/U730/B2
Net:  key_in[4]
  Setup Slack:   9915.8ps
  Analysis View: generic_view
  Failed Reason:
Node: key_in[4]
Net:  key_in[4]
  Setup Slack:   9412.1ps
  Analysis View: generic_view
  Failed Reason:


// Path 13
Endpoint:      key_gen/allKeys_reg_1__4_/D
Beginpoint:    key_in[4]
Analysis View: generic_view
Hold Slack:    -3380.9ps

Node: key_gen/allKeys_reg_1__4_/D
Net:  key_gen/n4690
  Setup Slack:   9249.7ps
  Analysis View: generic_view
  Failed Reason:
Node: key_gen/U750/ZN
Net:  key_gen/n4690
  Setup Slack:   9249.7ps
  Analysis View: generic_view
  Failed Reason:
Node: key_gen/U750/A2
Net:  FE_PDN2110_key_gen_n456
  Setup Slack:   11036.0ps
  Analysis View: generic_view
  Failed Reason:
Node: FE_PDC2110_key_gen_n456/Z
Net:  FE_PDN2110_key_gen_n456
  Setup Slack:   8490.9ps
  Analysis View: generic_view
  Failed Reason:
Node: FE_PDC2110_key_gen_n456/A
Net:  key_gen/n456
  Setup Slack:   8490.9ps
  Analysis View: generic_view
  Failed Reason:
Node: key_gen/U730/ZN
Net:  key_gen/n456
  Setup Slack:   8490.9ps
  Analysis View: generic_view
  Failed Reason:
Node: key_gen/U730/B2
Net:  key_in[4]
  Setup Slack:   9915.8ps
  Analysis View: generic_view
  Failed Reason:
Node: key_in[4]
Net:  key_in[4]
  Setup Slack:   9412.1ps
  Analysis View: generic_view
  Failed Reason:


// Path 14
Endpoint:      key_gen/allKeys_reg_5__4_/D
Beginpoint:    key_in[4]
Analysis View: generic_view
Hold Slack:    -3380.5ps

Node: key_gen/allKeys_reg_5__4_/D
Net:  key_gen/n4694
  Setup Slack:   9367.5ps
  Analysis View: generic_view
  Failed Reason:
Node: key_gen/U746/ZN
Net:  key_gen/n4694
  Setup Slack:   9367.5ps
  Analysis View: generic_view
  Failed Reason:
Node: key_gen/U746/A2
Net:  FE_PDN2110_key_gen_n456
  Setup Slack:   11035.7ps
  Analysis View: generic_view
  Failed Reason:
Node: FE_PDC2110_key_gen_n456/Z
Net:  FE_PDN2110_key_gen_n456
  Setup Slack:   8490.9ps
  Analysis View: generic_view
  Failed Reason:
Node: FE_PDC2110_key_gen_n456/A
Net:  key_gen/n456
  Setup Slack:   8490.9ps
  Analysis View: generic_view
  Failed Reason:
Node: key_gen/U730/ZN
Net:  key_gen/n456
  Setup Slack:   8490.9ps
  Analysis View: generic_view
  Failed Reason:
Node: key_gen/U730/B2
Net:  key_in[4]
  Setup Slack:   9915.8ps
  Analysis View: generic_view
  Failed Reason:
Node: key_in[4]
Net:  key_in[4]
  Setup Slack:   9412.1ps
  Analysis View: generic_view
  Failed Reason:


// Path 15
Endpoint:      key_gen/allKeys_reg_3__4_/D
Beginpoint:    key_in[4]
Analysis View: generic_view
Hold Slack:    -3380.2ps

Node: key_gen/allKeys_reg_3__4_/D
Net:  key_gen/n4692
  Setup Slack:   8542.1ps
  Analysis View: generic_view
  Failed Reason:
Node: key_gen/U748/ZN
Net:  key_gen/n4692
  Setup Slack:   8542.1ps
  Analysis View: generic_view
  Failed Reason:
Node: key_gen/U748/A2
Net:  FE_PDN2110_key_gen_n456
  Setup Slack:   11005.5ps
  Analysis View: generic_view
  Failed Reason:
Node: FE_PDC2110_key_gen_n456/Z
Net:  FE_PDN2110_key_gen_n456
  Setup Slack:   8490.9ps
  Analysis View: generic_view
  Failed Reason:
Node: FE_PDC2110_key_gen_n456/A
Net:  key_gen/n456
  Setup Slack:   8490.9ps
  Analysis View: generic_view
  Failed Reason:
Node: key_gen/U730/ZN
Net:  key_gen/n456
  Setup Slack:   8490.9ps
  Analysis View: generic_view
  Failed Reason:
Node: key_gen/U730/B2
Net:  key_in[4]
  Setup Slack:   9915.8ps
  Analysis View: generic_view
  Failed Reason:
Node: key_in[4]
Net:  key_in[4]
  Setup Slack:   9412.1ps
  Analysis View: generic_view
  Failed Reason:


// Path 16
Endpoint:      key_gen/allKeys_reg_7__55_/D
Beginpoint:    key_in[55]
Analysis View: generic_view
Hold Slack:    -3324.3ps

Node: key_gen/allKeys_reg_7__55_/D
Net:  key_gen/n3829
  Setup Slack:   8677.7ps
  Analysis View: generic_view
  Failed Reason:
Node: key_gen/U1677/ZN
Net:  key_gen/n3829
  Setup Slack:   8677.7ps
  Analysis View: generic_view
  Failed Reason:
Node: key_gen/U1677/A2
Net:  FE_PDN2105_key_gen_n518
  Setup Slack:   10982.6ps
  Analysis View: generic_view
  Failed Reason:
Node: FE_PDC2105_key_gen_n518/Z
Net:  FE_PDN2105_key_gen_n518
  Setup Slack:   7915.0ps
  Analysis View: generic_view
  Failed Reason:
Node: FE_PDC2105_key_gen_n518/A
Net:  key_gen/n518
  Setup Slack:   7915.0ps
  Analysis View: generic_view
  Failed Reason:
Node: key_gen/U1667/ZN
Net:  key_gen/n518
  Setup Slack:   7915.0ps
  Analysis View: generic_view
  Failed Reason:
Node: key_gen/U1667/B2
Net:  key_in[55]
  Setup Slack:   9575.2ps
  Analysis View: generic_view
  Failed Reason:
Node: key_in[55]
Net:  key_in[55]
  Setup Slack:   9379.2ps
  Analysis View: generic_view
  Failed Reason:


// Path 17
Endpoint:      key_gen/allKeys_reg_11__36_/D
Beginpoint:    key_in[36]
Analysis View: generic_view
Hold Slack:    -3314.3ps

Node: key_gen/allKeys_reg_11__36_/D
Net:  key_gen/n4156
  Setup Slack:   7819.8ps
  Analysis View: generic_view
  Failed Reason:
Node: key_gen/U1325/ZN
Net:  key_gen/n4156
  Setup Slack:   7819.8ps
  Analysis View: generic_view
  Failed Reason:
Node: key_gen/U1325/A2
Net:  FE_PDN2125_key_gen_n497
  Setup Slack:   11125.6ps
  Analysis View: generic_view
  Failed Reason:
Node: FE_PDC2125_key_gen_n497/Z
Net:  FE_PDN2125_key_gen_n497
  Setup Slack:   8521.2ps
  Analysis View: generic_view
  Failed Reason:
Node: FE_PDC2125_key_gen_n497/A
Net:  FE_PDN2200_key_gen_n497
  Setup Slack:   8521.2ps
  Analysis View: generic_view
  Failed Reason:
Node: FE_PDC2200_key_gen_n497/Z
Net:  FE_PDN2200_key_gen_n497
  Setup Slack:   8521.2ps
  Analysis View: generic_view
  Failed Reason:
Node: FE_PDC2200_key_gen_n497/A
Net:  key_gen/n497
  Setup Slack:   8521.2ps
  Analysis View: generic_view
  Failed Reason:
Node: key_gen/U1319/ZN
Net:  key_gen/n497
  Setup Slack:   8521.2ps
  Analysis View: generic_view
  Failed Reason:
Node: key_gen/U1319/B2
Net:  key_in[36]
  Setup Slack:   9929.5ps
  Analysis View: generic_view
  Failed Reason:
Node: key_in[36]
Net:  key_in[36]
  Setup Slack:   9430.4ps
  Analysis View: generic_view
  Failed Reason:


// Path 18
Endpoint:      key_gen/allKeys_reg_15__36_/D
Beginpoint:    key_in[36]
Analysis View: generic_view
Hold Slack:    -3313.9ps

Node: key_gen/allKeys_reg_15__36_/D
Net:  key_gen/n4160
  Setup Slack:   9429.4ps
  Analysis View: generic_view
  Failed Reason:
Node: key_gen/U1321/ZN
Net:  key_gen/n4160
  Setup Slack:   9429.4ps
  Analysis View: generic_view
  Failed Reason:
Node: key_gen/U1321/A2
Net:  FE_PDN2125_key_gen_n497
  Setup Slack:   11152.7ps
  Analysis View: generic_view
  Failed Reason:
Node: FE_PDC2125_key_gen_n497/Z
Net:  FE_PDN2125_key_gen_n497
  Setup Slack:   8521.2ps
  Analysis View: generic_view
  Failed Reason:
Node: FE_PDC2125_key_gen_n497/A
Net:  FE_PDN2200_key_gen_n497
  Setup Slack:   8521.2ps
  Analysis View: generic_view
  Failed Reason:
Node: FE_PDC2200_key_gen_n497/Z
Net:  FE_PDN2200_key_gen_n497
  Setup Slack:   8521.2ps
  Analysis View: generic_view
  Failed Reason:
Node: FE_PDC2200_key_gen_n497/A
Net:  key_gen/n497
  Setup Slack:   8521.2ps
  Analysis View: generic_view
  Failed Reason:
Node: key_gen/U1319/ZN
Net:  key_gen/n497
  Setup Slack:   8521.2ps
  Analysis View: generic_view
  Failed Reason:
Node: key_gen/U1319/B2
Net:  key_in[36]
  Setup Slack:   9929.5ps
  Analysis View: generic_view
  Failed Reason:
Node: key_in[36]
Net:  key_in[36]
  Setup Slack:   9430.4ps
  Analysis View: generic_view
  Failed Reason:


// Path 19
Endpoint:      key_gen/allKeys_reg_13__36_/D
Beginpoint:    key_in[36]
Analysis View: generic_view
Hold Slack:    -3311.4ps

Node: key_gen/allKeys_reg_13__36_/D
Net:  key_gen/n4158
  Setup Slack:   9888.6ps
  Analysis View: generic_view
  Failed Reason:
Node: key_gen/U1323/ZN
Net:  key_gen/n4158
  Setup Slack:   9888.6ps
  Analysis View: generic_view
  Failed Reason:
Node: key_gen/U1323/A2
Net:  FE_PDN2125_key_gen_n497
  Setup Slack:   11166.3ps
  Analysis View: generic_view
  Failed Reason:
Node: FE_PDC2125_key_gen_n497/Z
Net:  FE_PDN2125_key_gen_n497
  Setup Slack:   8521.2ps
  Analysis View: generic_view
  Failed Reason:
Node: FE_PDC2125_key_gen_n497/A
Net:  FE_PDN2200_key_gen_n497
  Setup Slack:   8521.2ps
  Analysis View: generic_view
  Failed Reason:
Node: FE_PDC2200_key_gen_n497/Z
Net:  FE_PDN2200_key_gen_n497
  Setup Slack:   8521.2ps
  Analysis View: generic_view
  Failed Reason:
Node: FE_PDC2200_key_gen_n497/A
Net:  key_gen/n497
  Setup Slack:   8521.2ps
  Analysis View: generic_view
  Failed Reason:
Node: key_gen/U1319/ZN
Net:  key_gen/n497
  Setup Slack:   8521.2ps
  Analysis View: generic_view
  Failed Reason:
Node: key_gen/U1319/B2
Net:  key_in[36]
  Setup Slack:   9929.5ps
  Analysis View: generic_view
  Failed Reason:
Node: key_in[36]
Net:  key_in[36]
  Setup Slack:   9430.4ps
  Analysis View: generic_view
  Failed Reason:


// Path 20
Endpoint:      key_gen/allKeys_reg_6__101_/D
Beginpoint:    key_in[101]
Analysis View: generic_view
Hold Slack:    -3304.1ps

Node: key_gen/allKeys_reg_6__101_/D
Net:  key_gen/n3046
  Setup Slack:   9452.4ps
  Analysis View: generic_view
  Failed Reason:
Node: key_gen/U2547/ZN
Net:  key_gen/n3046
  Setup Slack:   9452.4ps
  Analysis View: generic_view
  Failed Reason:
Node: key_gen/U2547/A2
Net:  FE_PDN2074_key_gen_n604
  Setup Slack:   11018.7ps
  Analysis View: generic_view
  Failed Reason:
Node: FE_PDC2074_key_gen_n604/Z
Net:  FE_PDN2074_key_gen_n604
  Setup Slack:   9801.9ps
  Analysis View: generic_view
  Failed Reason:
Node: FE_PDC2074_key_gen_n604/A
Net:  key_gen/n604
  Setup Slack:   9801.9ps
  Analysis View: generic_view
  Failed Reason:
Node: key_gen/U2536/ZN
Net:  key_gen/n604
  Setup Slack:   9801.9ps
  Analysis View: generic_view
  Failed Reason:
Node: key_gen/U2536/B2
Net:  key_in[101]
  Setup Slack:   11301.5ps
  Analysis View: generic_view
  Failed Reason:
Node: key_in[101]
Net:  key_in[101]
  Setup Slack:   9422.1ps
  Analysis View: generic_view
  Failed Reason:


// Path 21
Endpoint:      key_gen/allKeys_reg_7__101_/D
Beginpoint:    key_in[101]
Analysis View: generic_view
Hold Slack:    -3303.7ps

Node: key_gen/allKeys_reg_7__101_/D
Net:  key_gen/n3047
  Setup Slack:   8694.0ps
  Analysis View: generic_view
  Failed Reason:
Node: key_gen/U2546/ZN
Net:  key_gen/n3047
  Setup Slack:   8694.0ps
  Analysis View: generic_view
  Failed Reason:
Node: key_gen/U2546/A2
Net:  FE_PDN2074_key_gen_n604
  Setup Slack:   11007.5ps
  Analysis View: generic_view
  Failed Reason:
Node: FE_PDC2074_key_gen_n604/Z
Net:  FE_PDN2074_key_gen_n604
  Setup Slack:   9801.9ps
  Analysis View: generic_view
  Failed Reason:
Node: FE_PDC2074_key_gen_n604/A
Net:  key_gen/n604
  Setup Slack:   9801.9ps
  Analysis View: generic_view
  Failed Reason:
Node: key_gen/U2536/ZN
Net:  key_gen/n604
  Setup Slack:   9801.9ps
  Analysis View: generic_view
  Failed Reason:
Node: key_gen/U2536/B2
Net:  key_in[101]
  Setup Slack:   11301.5ps
  Analysis View: generic_view
  Failed Reason:
Node: key_in[101]
Net:  key_in[101]
  Setup Slack:   9422.1ps
  Analysis View: generic_view
  Failed Reason:


// Path 22
Endpoint:      key_gen/allKeys_reg_5__101_/D
Beginpoint:    key_in[101]
Analysis View: generic_view
Hold Slack:    -3303.6ps

Node: key_gen/allKeys_reg_5__101_/D
Net:  key_gen/n3045
  Setup Slack:   9374.6ps
  Analysis View: generic_view
  Failed Reason:
Node: key_gen/U2548/ZN
Net:  key_gen/n3045
  Setup Slack:   9374.6ps
  Analysis View: generic_view
  Failed Reason:
Node: key_gen/U2548/A2
Net:  FE_PDN2074_key_gen_n604
  Setup Slack:   11027.4ps
  Analysis View: generic_view
  Failed Reason:
Node: FE_PDC2074_key_gen_n604/Z
Net:  FE_PDN2074_key_gen_n604
  Setup Slack:   9801.9ps
  Analysis View: generic_view
  Failed Reason:
Node: FE_PDC2074_key_gen_n604/A
Net:  key_gen/n604
  Setup Slack:   9801.9ps
  Analysis View: generic_view
  Failed Reason:
Node: key_gen/U2536/ZN
Net:  key_gen/n604
  Setup Slack:   9801.9ps
  Analysis View: generic_view
  Failed Reason:
Node: key_gen/U2536/B2
Net:  key_in[101]
  Setup Slack:   11301.5ps
  Analysis View: generic_view
  Failed Reason:
Node: key_in[101]
Net:  key_in[101]
  Setup Slack:   9422.1ps
  Analysis View: generic_view
  Failed Reason:


// Path 23
Endpoint:      key_gen/allKeys_reg_8__101_/D
Beginpoint:    key_in[101]
Analysis View: generic_view
Hold Slack:    -3303.4ps

Node: key_gen/allKeys_reg_8__101_/D
Net:  key_gen/n3048
  Setup Slack:   9515.5ps
  Analysis View: generic_view
  Failed Reason:
Node: key_gen/U2545/ZN
Net:  key_gen/n3048
  Setup Slack:   9515.5ps
  Analysis View: generic_view
  Failed Reason:
Node: key_gen/U2545/A2
Net:  FE_PDN2074_key_gen_n604
  Setup Slack:   11012.4ps
  Analysis View: generic_view
  Failed Reason:
Node: FE_PDC2074_key_gen_n604/Z
Net:  FE_PDN2074_key_gen_n604
  Setup Slack:   9801.9ps
  Analysis View: generic_view
  Failed Reason:
Node: FE_PDC2074_key_gen_n604/A
Net:  key_gen/n604
  Setup Slack:   9801.9ps
  Analysis View: generic_view
  Failed Reason:
Node: key_gen/U2536/ZN
Net:  key_gen/n604
  Setup Slack:   9801.9ps
  Analysis View: generic_view
  Failed Reason:
Node: key_gen/U2536/B2
Net:  key_in[101]
  Setup Slack:   11301.5ps
  Analysis View: generic_view
  Failed Reason:
Node: key_in[101]
Net:  key_in[101]
  Setup Slack:   9422.1ps
  Analysis View: generic_view
  Failed Reason:


// Path 24
Endpoint:      key_gen/allKeys_reg_14__101_/D
Beginpoint:    key_in[101]
Analysis View: generic_view
Hold Slack:    -3303.3ps

Node: key_gen/allKeys_reg_14__101_/D
Net:  key_gen/n3054
  Setup Slack:   9725.1ps
  Analysis View: generic_view
  Failed Reason:
Node: key_gen/U2539/ZN
Net:  key_gen/n3054
  Setup Slack:   9725.1ps
  Analysis View: generic_view
  Failed Reason:
Node: key_gen/U2539/A2
Net:  FE_PDN2074_key_gen_n604
  Setup Slack:   11025.6ps
  Analysis View: generic_view
  Failed Reason:
Node: FE_PDC2074_key_gen_n604/Z
Net:  FE_PDN2074_key_gen_n604
  Setup Slack:   9801.9ps
  Analysis View: generic_view
  Failed Reason:
Node: FE_PDC2074_key_gen_n604/A
Net:  key_gen/n604
  Setup Slack:   9801.9ps
  Analysis View: generic_view
  Failed Reason:
Node: key_gen/U2536/ZN
Net:  key_gen/n604
  Setup Slack:   9801.9ps
  Analysis View: generic_view
  Failed Reason:
Node: key_gen/U2536/B2
Net:  key_in[101]
  Setup Slack:   11301.5ps
  Analysis View: generic_view
  Failed Reason:
Node: key_in[101]
Net:  key_in[101]
  Setup Slack:   9422.1ps
  Analysis View: generic_view
  Failed Reason:


// Path 25
Endpoint:      key_gen/allKeys_reg_2__101_/D
Beginpoint:    key_in[101]
Analysis View: generic_view
Hold Slack:    -3302.9ps

Node: key_gen/allKeys_reg_2__101_/D
Net:  key_gen/n3042
  Setup Slack:   9603.5ps
  Analysis View: generic_view
  Failed Reason:
Node: key_gen/U2551/ZN
Net:  key_gen/n3042
  Setup Slack:   9603.5ps
  Analysis View: generic_view
  Failed Reason:
Node: key_gen/U2551/A2
Net:  FE_PDN2074_key_gen_n604
  Setup Slack:   11028.6ps
  Analysis View: generic_view
  Failed Reason:
Node: FE_PDC2074_key_gen_n604/Z
Net:  FE_PDN2074_key_gen_n604
  Setup Slack:   9801.9ps
  Analysis View: generic_view
  Failed Reason:
Node: FE_PDC2074_key_gen_n604/A
Net:  key_gen/n604
  Setup Slack:   9801.9ps
  Analysis View: generic_view
  Failed Reason:
Node: key_gen/U2536/ZN
Net:  key_gen/n604
  Setup Slack:   9801.9ps
  Analysis View: generic_view
  Failed Reason:
Node: key_gen/U2536/B2
Net:  key_in[101]
  Setup Slack:   11301.5ps
  Analysis View: generic_view
  Failed Reason:
Node: key_in[101]
Net:  key_in[101]
  Setup Slack:   9422.1ps
  Analysis View: generic_view
  Failed Reason:


// Path 26
Endpoint:      key_gen/allKeys_reg_3__101_/D
Beginpoint:    key_in[101]
Analysis View: generic_view
Hold Slack:    -3302.7ps

Node: key_gen/allKeys_reg_3__101_/D
Net:  key_gen/n3043
  Setup Slack:   8541.5ps
  Analysis View: generic_view
  Failed Reason:
Node: key_gen/U2550/ZN
Net:  key_gen/n3043
  Setup Slack:   8541.5ps
  Analysis View: generic_view
  Failed Reason:
Node: key_gen/U2550/A2
Net:  FE_PDN2074_key_gen_n604
  Setup Slack:   10998.0ps
  Analysis View: generic_view
  Failed Reason:
Node: FE_PDC2074_key_gen_n604/Z
Net:  FE_PDN2074_key_gen_n604
  Setup Slack:   9801.9ps
  Analysis View: generic_view
  Failed Reason:
Node: FE_PDC2074_key_gen_n604/A
Net:  key_gen/n604
  Setup Slack:   9801.9ps
  Analysis View: generic_view
  Failed Reason:
Node: key_gen/U2536/ZN
Net:  key_gen/n604
  Setup Slack:   9801.9ps
  Analysis View: generic_view
  Failed Reason:
Node: key_gen/U2536/B2
Net:  key_in[101]
  Setup Slack:   11301.5ps
  Analysis View: generic_view
  Failed Reason:
Node: key_in[101]
Net:  key_in[101]
  Setup Slack:   9422.1ps
  Analysis View: generic_view
  Failed Reason:


// Path 27
Endpoint:      key_gen/allKeys_reg_10__101_/D
Beginpoint:    key_in[101]
Analysis View: generic_view
Hold Slack:    -3302.6ps

Node: key_gen/allKeys_reg_10__101_/D
Net:  key_gen/n3050
  Setup Slack:   9863.5ps
  Analysis View: generic_view
  Failed Reason:
Node: key_gen/U2543/ZN
Net:  key_gen/n3050
  Setup Slack:   9863.5ps
  Analysis View: generic_view
  Failed Reason:
Node: key_gen/U2543/A2
Net:  FE_PDN2074_key_gen_n604
  Setup Slack:   11028.8ps
  Analysis View: generic_view
  Failed Reason:
Node: FE_PDC2074_key_gen_n604/Z
Net:  FE_PDN2074_key_gen_n604
  Setup Slack:   9801.9ps
  Analysis View: generic_view
  Failed Reason:
Node: FE_PDC2074_key_gen_n604/A
Net:  key_gen/n604
  Setup Slack:   9801.9ps
  Analysis View: generic_view
  Failed Reason:
Node: key_gen/U2536/ZN
Net:  key_gen/n604
  Setup Slack:   9801.9ps
  Analysis View: generic_view
  Failed Reason:
Node: key_gen/U2536/B2
Net:  key_in[101]
  Setup Slack:   11301.5ps
  Analysis View: generic_view
  Failed Reason:
Node: key_in[101]
Net:  key_in[101]
  Setup Slack:   9422.1ps
  Analysis View: generic_view
  Failed Reason:


// Path 28
Endpoint:      key_gen/allKeys_reg_12__101_/D
Beginpoint:    key_in[101]
Analysis View: generic_view
Hold Slack:    -3302.5ps

Node: key_gen/allKeys_reg_12__101_/D
Net:  key_gen/n3052
  Setup Slack:   9823.1ps
  Analysis View: generic_view
  Failed Reason:
Node: key_gen/U2541/ZN
Net:  key_gen/n3052
  Setup Slack:   9823.1ps
  Analysis View: generic_view
  Failed Reason:
Node: key_gen/U2541/A2
Net:  FE_PDN2074_key_gen_n604
  Setup Slack:   11024.4ps
  Analysis View: generic_view
  Failed Reason:
Node: FE_PDC2074_key_gen_n604/Z
Net:  FE_PDN2074_key_gen_n604
  Setup Slack:   9801.9ps
  Analysis View: generic_view
  Failed Reason:
Node: FE_PDC2074_key_gen_n604/A
Net:  key_gen/n604
  Setup Slack:   9801.9ps
  Analysis View: generic_view
  Failed Reason:
Node: key_gen/U2536/ZN
Net:  key_gen/n604
  Setup Slack:   9801.9ps
  Analysis View: generic_view
  Failed Reason:
Node: key_gen/U2536/B2
Net:  key_in[101]
  Setup Slack:   11301.5ps
  Analysis View: generic_view
  Failed Reason:
Node: key_in[101]
Net:  key_in[101]
  Setup Slack:   9422.1ps
  Analysis View: generic_view
  Failed Reason:


// Path 29
Endpoint:      key_gen/allKeys_reg_4__101_/D
Beginpoint:    key_in[101]
Analysis View: generic_view
Hold Slack:    -3302.4ps

Node: key_gen/allKeys_reg_4__101_/D
Net:  key_gen/n3044
  Setup Slack:   9448.3ps
  Analysis View: generic_view
  Failed Reason:
Node: key_gen/U2549/ZN
Net:  key_gen/n3044
  Setup Slack:   9448.3ps
  Analysis View: generic_view
  Failed Reason:
Node: key_gen/U2549/A2
Net:  FE_PDN2074_key_gen_n604
  Setup Slack:   11023.2ps
  Analysis View: generic_view
  Failed Reason:
Node: FE_PDC2074_key_gen_n604/Z
Net:  FE_PDN2074_key_gen_n604
  Setup Slack:   9801.9ps
  Analysis View: generic_view
  Failed Reason:
Node: FE_PDC2074_key_gen_n604/A
Net:  key_gen/n604
  Setup Slack:   9801.9ps
  Analysis View: generic_view
  Failed Reason:
Node: key_gen/U2536/ZN
Net:  key_gen/n604
  Setup Slack:   9801.9ps
  Analysis View: generic_view
  Failed Reason:
Node: key_gen/U2536/B2
Net:  key_in[101]
  Setup Slack:   11301.5ps
  Analysis View: generic_view
  Failed Reason:
Node: key_in[101]
Net:  key_in[101]
  Setup Slack:   9422.1ps
  Analysis View: generic_view
  Failed Reason:


// Path 30
Endpoint:      key_gen/allKeys_reg_1__101_/D
Beginpoint:    key_in[101]
Analysis View: generic_view
Hold Slack:    -3302.1ps

Node: key_gen/allKeys_reg_1__101_/D
Net:  key_gen/n3041
  Setup Slack:   9257.6ps
  Analysis View: generic_view
  Failed Reason:
Node: key_gen/U2552/ZN
Net:  key_gen/n3041
  Setup Slack:   9257.6ps
  Analysis View: generic_view
  Failed Reason:
Node: key_gen/U2552/A2
Net:  FE_PDN2074_key_gen_n604
  Setup Slack:   11025.2ps
  Analysis View: generic_view
  Failed Reason:
Node: FE_PDC2074_key_gen_n604/Z
Net:  FE_PDN2074_key_gen_n604
  Setup Slack:   9801.9ps
  Analysis View: generic_view
  Failed Reason:
Node: FE_PDC2074_key_gen_n604/A
Net:  key_gen/n604
  Setup Slack:   9801.9ps
  Analysis View: generic_view
  Failed Reason:
Node: key_gen/U2536/ZN
Net:  key_gen/n604
  Setup Slack:   9801.9ps
  Analysis View: generic_view
  Failed Reason:
Node: key_gen/U2536/B2
Net:  key_in[101]
  Setup Slack:   11301.5ps
  Analysis View: generic_view
  Failed Reason:
Node: key_in[101]
Net:  key_in[101]
  Setup Slack:   9422.1ps
  Analysis View: generic_view
  Failed Reason:


// Path 31
Endpoint:      key_gen/allKeys_reg_0__101_/D
Beginpoint:    key_in[101]
Analysis View: generic_view
Hold Slack:    -3301.9ps

Node: key_gen/allKeys_reg_0__101_/D
Net:  key_gen/n3040
  Setup Slack:   9602.6ps
  Analysis View: generic_view
  Failed Reason:
Node: key_gen/U2553/ZN
Net:  key_gen/n3040
  Setup Slack:   9602.6ps
  Analysis View: generic_view
  Failed Reason:
Node: key_gen/U2553/A2
Net:  FE_PDN2074_key_gen_n604
  Setup Slack:   11024.7ps
  Analysis View: generic_view
  Failed Reason:
Node: FE_PDC2074_key_gen_n604/Z
Net:  FE_PDN2074_key_gen_n604
  Setup Slack:   9801.9ps
  Analysis View: generic_view
  Failed Reason:
Node: FE_PDC2074_key_gen_n604/A
Net:  key_gen/n604
  Setup Slack:   9801.9ps
  Analysis View: generic_view
  Failed Reason:
Node: key_gen/U2536/ZN
Net:  key_gen/n604
  Setup Slack:   9801.9ps
  Analysis View: generic_view
  Failed Reason:
Node: key_gen/U2536/B2
Net:  key_in[101]
  Setup Slack:   11301.5ps
  Analysis View: generic_view
  Failed Reason:
Node: key_in[101]
Net:  key_in[101]
  Setup Slack:   9422.1ps
  Analysis View: generic_view
  Failed Reason:


// Path 32
Endpoint:      key_gen/allKeys_reg_11__37_/D
Beginpoint:    key_in[37]
Analysis View: generic_view
Hold Slack:    -3298.1ps

Node: key_gen/allKeys_reg_11__37_/D
Net:  key_gen/n4139
  Setup Slack:   7823.6ps
  Analysis View: generic_view
  Failed Reason:
Node: key_gen/U1344/ZN
Net:  key_gen/n4139
  Setup Slack:   7823.6ps
  Analysis View: generic_view
  Failed Reason:
Node: key_gen/U1344/A2
Net:  FE_PDN2073_key_gen_n498
  Setup Slack:   10951.8ps
  Analysis View: generic_view
  Failed Reason:
Node: FE_PDC2073_key_gen_n498/Z
Net:  FE_PDN2073_key_gen_n498
  Setup Slack:   8579.4ps
  Analysis View: generic_view
  Failed Reason:
Node: FE_PDC2073_key_gen_n498/A
Net:  key_gen/n498
  Setup Slack:   8579.4ps
  Analysis View: generic_view
  Failed Reason:
Node: key_gen/U1338/ZN
Net:  key_gen/n498
  Setup Slack:   8579.4ps
  Analysis View: generic_view
  Failed Reason:
Node: key_gen/U1338/B2
Net:  key_in[37]
  Setup Slack:   10141.9ps
  Analysis View: generic_view
  Failed Reason:
Node: key_in[37]
Net:  key_in[37]
  Setup Slack:   9429.1ps
  Analysis View: generic_view
  Failed Reason:


// Path 33
Endpoint:      key_gen/allKeys_reg_13__37_/D
Beginpoint:    key_in[37]
Analysis View: generic_view
Hold Slack:    -3297.4ps

Node: key_gen/allKeys_reg_13__37_/D
Net:  key_gen/n4141
  Setup Slack:   9891.7ps
  Analysis View: generic_view
  Failed Reason:
Node: key_gen/U1342/ZN
Net:  key_gen/n4141
  Setup Slack:   9891.7ps
  Analysis View: generic_view
  Failed Reason:
Node: key_gen/U1342/A2
Net:  FE_PDN2073_key_gen_n498
  Setup Slack:   10994.9ps
  Analysis View: generic_view
  Failed Reason:
Node: FE_PDC2073_key_gen_n498/Z
Net:  FE_PDN2073_key_gen_n498
  Setup Slack:   8579.4ps
  Analysis View: generic_view
  Failed Reason:
Node: FE_PDC2073_key_gen_n498/A
Net:  key_gen/n498
  Setup Slack:   8579.4ps
  Analysis View: generic_view
  Failed Reason:
Node: key_gen/U1338/ZN
Net:  key_gen/n498
  Setup Slack:   8579.4ps
  Analysis View: generic_view
  Failed Reason:
Node: key_gen/U1338/B2
Net:  key_in[37]
  Setup Slack:   10141.9ps
  Analysis View: generic_view
  Failed Reason:
Node: key_in[37]
Net:  key_in[37]
  Setup Slack:   9429.1ps
  Analysis View: generic_view
  Failed Reason:


// Path 34
Endpoint:      key_gen/allKeys_reg_9__37_/D
Beginpoint:    key_in[37]
Analysis View: generic_view
Hold Slack:    -3296.7ps

Node: key_gen/allKeys_reg_9__37_/D
Net:  key_gen/n4137
  Setup Slack:   9046.6ps
  Analysis View: generic_view
  Failed Reason:
Node: key_gen/U1346/ZN
Net:  key_gen/n4137
  Setup Slack:   9046.6ps
  Analysis View: generic_view
  Failed Reason:
Node: key_gen/U1346/A2
Net:  FE_PDN2073_key_gen_n498
  Setup Slack:   10979.6ps
  Analysis View: generic_view
  Failed Reason:
Node: FE_PDC2073_key_gen_n498/Z
Net:  FE_PDN2073_key_gen_n498
  Setup Slack:   8579.4ps
  Analysis View: generic_view
  Failed Reason:
Node: FE_PDC2073_key_gen_n498/A
Net:  key_gen/n498
  Setup Slack:   8579.4ps
  Analysis View: generic_view
  Failed Reason:
Node: key_gen/U1338/ZN
Net:  key_gen/n498
  Setup Slack:   8579.4ps
  Analysis View: generic_view
  Failed Reason:
Node: key_gen/U1338/B2
Net:  key_in[37]
  Setup Slack:   10141.9ps
  Analysis View: generic_view
  Failed Reason:
Node: key_in[37]
Net:  key_in[37]
  Setup Slack:   9429.1ps
  Analysis View: generic_view
  Failed Reason:


// Path 35
Endpoint:      key_gen/allKeys_reg_15__37_/D
Beginpoint:    key_in[37]
Analysis View: generic_view
Hold Slack:    -3295.6ps

Node: key_gen/allKeys_reg_15__37_/D
Net:  key_gen/n4143
  Setup Slack:   9425.4ps
  Analysis View: generic_view
  Failed Reason:
Node: key_gen/U1340/ZN
Net:  key_gen/n4143
  Setup Slack:   9425.4ps
  Analysis View: generic_view
  Failed Reason:
Node: key_gen/U1340/A2
Net:  FE_PDN2073_key_gen_n498
  Setup Slack:   10972.5ps
  Analysis View: generic_view
  Failed Reason:
Node: FE_PDC2073_key_gen_n498/Z
Net:  FE_PDN2073_key_gen_n498
  Setup Slack:   8579.4ps
  Analysis View: generic_view
  Failed Reason:
Node: FE_PDC2073_key_gen_n498/A
Net:  key_gen/n498
  Setup Slack:   8579.4ps
  Analysis View: generic_view
  Failed Reason:
Node: key_gen/U1338/ZN
Net:  key_gen/n498
  Setup Slack:   8579.4ps
  Analysis View: generic_view
  Failed Reason:
Node: key_gen/U1338/B2
Net:  key_in[37]
  Setup Slack:   10141.9ps
  Analysis View: generic_view
  Failed Reason:
Node: key_in[37]
Net:  key_in[37]
  Setup Slack:   9429.1ps
  Analysis View: generic_view
  Failed Reason:


// Path 36
Endpoint:      key_gen/allKeys_reg_14__5_/D
Beginpoint:    key_in[5]
Analysis View: generic_view
Hold Slack:    -3293.5ps

Node: key_gen/allKeys_reg_14__5_/D
Net:  key_gen/n4686
  Setup Slack:   9724.0ps
  Analysis View: generic_view
  Failed Reason:
Node: key_gen/U755/ZN
Net:  key_gen/n4686
  Setup Slack:   9724.0ps
  Analysis View: generic_view
  Failed Reason:
Node: key_gen/U755/A2
Net:  FE_PDN2173_key_gen_n457
  Setup Slack:   11114.5ps
  Analysis View: generic_view
  Failed Reason:
Node: FE_PDC2173_key_gen_n457/Z
Net:  FE_PDN2173_key_gen_n457
  Setup Slack:   8708.6ps
  Analysis View: generic_view
  Failed Reason:
Node: FE_PDC2173_key_gen_n457/A
Net:  key_gen/n457
  Setup Slack:   8708.6ps
  Analysis View: generic_view
  Failed Reason:
Node: key_gen/U752/ZN
Net:  key_gen/n457
  Setup Slack:   8708.6ps
  Analysis View: generic_view
  Failed Reason:
Node: key_gen/U752/B2
Net:  key_in[5]
  Setup Slack:   10219.5ps
  Analysis View: generic_view
  Failed Reason:
Node: key_in[5]
Net:  key_in[5]
  Setup Slack:   9377.3ps
  Analysis View: generic_view
  Failed Reason:


// Path 37
Endpoint:      key_gen/allKeys_reg_1__5_/D
Beginpoint:    key_in[5]
Analysis View: generic_view
Hold Slack:    -3293.2ps

Node: key_gen/allKeys_reg_1__5_/D
Net:  key_gen/n4673
  Setup Slack:   9244.5ps
  Analysis View: generic_view
  Failed Reason:
Node: key_gen/U768/ZN
Net:  key_gen/n4673
  Setup Slack:   9244.5ps
  Analysis View: generic_view
  Failed Reason:
Node: key_gen/U768/A2
Net:  FE_PDN2173_key_gen_n457
  Setup Slack:   11115.1ps
  Analysis View: generic_view
  Failed Reason:
Node: FE_PDC2173_key_gen_n457/Z
Net:  FE_PDN2173_key_gen_n457
  Setup Slack:   8708.6ps
  Analysis View: generic_view
  Failed Reason:
Node: FE_PDC2173_key_gen_n457/A
Net:  key_gen/n457
  Setup Slack:   8708.6ps
  Analysis View: generic_view
  Failed Reason:
Node: key_gen/U752/ZN
Net:  key_gen/n457
  Setup Slack:   8708.6ps
  Analysis View: generic_view
  Failed Reason:
Node: key_gen/U752/B2
Net:  key_in[5]
  Setup Slack:   10219.5ps
  Analysis View: generic_view
  Failed Reason:
Node: key_in[5]
Net:  key_in[5]
  Setup Slack:   9377.3ps
  Analysis View: generic_view
  Failed Reason:


// Path 38
Endpoint:      key_gen/allKeys_reg_5__5_/D
Beginpoint:    key_in[5]
Analysis View: generic_view
Hold Slack:    -3292.6ps

Node: key_gen/allKeys_reg_5__5_/D
Net:  key_gen/n4677
  Setup Slack:   9366.6ps
  Analysis View: generic_view
  Failed Reason:
Node: key_gen/U764/ZN
Net:  key_gen/n4677
  Setup Slack:   9366.6ps
  Analysis View: generic_view
  Failed Reason:
Node: key_gen/U764/A2
Net:  FE_PDN2173_key_gen_n457
  Setup Slack:   11115.3ps
  Analysis View: generic_view
  Failed Reason:
Node: FE_PDC2173_key_gen_n457/Z
Net:  FE_PDN2173_key_gen_n457
  Setup Slack:   8708.6ps
  Analysis View: generic_view
  Failed Reason:
Node: FE_PDC2173_key_gen_n457/A
Net:  key_gen/n457
  Setup Slack:   8708.6ps
  Analysis View: generic_view
  Failed Reason:
Node: key_gen/U752/ZN
Net:  key_gen/n457
  Setup Slack:   8708.6ps
  Analysis View: generic_view
  Failed Reason:
Node: key_gen/U752/B2
Net:  key_in[5]
  Setup Slack:   10219.5ps
  Analysis View: generic_view
  Failed Reason:
Node: key_in[5]
Net:  key_in[5]
  Setup Slack:   9377.3ps
  Analysis View: generic_view
  Failed Reason:


// Path 39
Endpoint:      key_gen/allKeys_reg_7__5_/D
Beginpoint:    key_in[5]
Analysis View: generic_view
Hold Slack:    -3289.1ps

Node: key_gen/allKeys_reg_7__5_/D
Net:  key_gen/n4679
  Setup Slack:   8678.3ps
  Analysis View: generic_view
  Failed Reason:
Node: key_gen/U762/ZN
Net:  key_gen/n4679
  Setup Slack:   8678.3ps
  Analysis View: generic_view
  Failed Reason:
Node: key_gen/U762/A2
Net:  FE_PDN2173_key_gen_n457
  Setup Slack:   11091.8ps
  Analysis View: generic_view
  Failed Reason:
Node: FE_PDC2173_key_gen_n457/Z
Net:  FE_PDN2173_key_gen_n457
  Setup Slack:   8708.6ps
  Analysis View: generic_view
  Failed Reason:
Node: FE_PDC2173_key_gen_n457/A
Net:  key_gen/n457
  Setup Slack:   8708.6ps
  Analysis View: generic_view
  Failed Reason:
Node: key_gen/U752/ZN
Net:  key_gen/n457
  Setup Slack:   8708.6ps
  Analysis View: generic_view
  Failed Reason:
Node: key_gen/U752/B2
Net:  key_in[5]
  Setup Slack:   10219.5ps
  Analysis View: generic_view
  Failed Reason:
Node: key_in[5]
Net:  key_in[5]
  Setup Slack:   9377.3ps
  Analysis View: generic_view
  Failed Reason:


// Path 40
Endpoint:      key_gen/allKeys_reg_3__5_/D
Beginpoint:    key_in[5]
Analysis View: generic_view
Hold Slack:    -3288.2ps

Node: key_gen/allKeys_reg_3__5_/D
Net:  key_gen/n4675
  Setup Slack:   8529.3ps
  Analysis View: generic_view
  Failed Reason:
Node: key_gen/U766/ZN
Net:  key_gen/n4675
  Setup Slack:   8529.3ps
  Analysis View: generic_view
  Failed Reason:
Node: key_gen/U766/A2
Net:  FE_PDN2173_key_gen_n457
  Setup Slack:   11083.9ps
  Analysis View: generic_view
  Failed Reason:
Node: FE_PDC2173_key_gen_n457/Z
Net:  FE_PDN2173_key_gen_n457
  Setup Slack:   8708.6ps
  Analysis View: generic_view
  Failed Reason:
Node: FE_PDC2173_key_gen_n457/A
Net:  key_gen/n457
  Setup Slack:   8708.6ps
  Analysis View: generic_view
  Failed Reason:
Node: key_gen/U752/ZN
Net:  key_gen/n457
  Setup Slack:   8708.6ps
  Analysis View: generic_view
  Failed Reason:
Node: key_gen/U752/B2
Net:  key_in[5]
  Setup Slack:   10219.5ps
  Analysis View: generic_view
  Failed Reason:
Node: key_in[5]
Net:  key_in[5]
  Setup Slack:   9377.3ps
  Analysis View: generic_view
  Failed Reason:


// Path 41
Endpoint:      key_gen/allKeys_reg_2__112_/D
Beginpoint:    key_in[112]
Analysis View: generic_view
Hold Slack:    -3277.8ps

Node: key_gen/allKeys_reg_2__112_/D
Net:  key_gen/n2855
  Setup Slack:   9619.0ps
  Analysis View: generic_view
  Failed Reason:
Node: key_gen/U2756/ZN
Net:  key_gen/n2855
  Setup Slack:   9619.0ps
  Analysis View: generic_view
  Failed Reason:
Node: key_gen/U2756/A2
Net:  FE_PDN1404_key_gen_n629
  Setup Slack:   10937.9ps
  Analysis View: generic_view
  Failed Reason:
Node: FE_PDC1404_key_gen_n629/Z
Net:  FE_PDN1404_key_gen_n629
  Setup Slack:   8466.0ps
  Analysis View: generic_view
  Failed Reason:
Node: FE_PDC1404_key_gen_n629/A
Net:  FE_PDN2138_key_gen_n629
  Setup Slack:   8466.0ps
  Analysis View: generic_view
  Failed Reason:
Node: FE_PDC2138_key_gen_n629/Z
Net:  FE_PDN2138_key_gen_n629
  Setup Slack:   8466.0ps
  Analysis View: generic_view
  Failed Reason:
Node: FE_PDC2138_key_gen_n629/A
Net:  key_gen/n629
  Setup Slack:   8466.0ps
  Analysis View: generic_view
  Failed Reason:
Node: key_gen/U2741/ZN
Net:  key_gen/n629
  Setup Slack:   8466.0ps
  Analysis View: generic_view
  Failed Reason:
Node: key_gen/U2741/B2
Net:  key_in[112]
  Setup Slack:   9948.7ps
  Analysis View: generic_view
  Failed Reason:
Node: key_in[112]
Net:  key_in[112]
  Setup Slack:   9374.7ps
  Analysis View: generic_view
  Failed Reason:


// Path 42
Endpoint:      key_gen/allKeys_reg_4__112_/D
Beginpoint:    key_in[112]
Analysis View: generic_view
Hold Slack:    -3277.6ps

Node: key_gen/allKeys_reg_4__112_/D
Net:  key_gen/n2857
  Setup Slack:   9475.1ps
  Analysis View: generic_view
  Failed Reason:
Node: key_gen/U2754/ZN
Net:  key_gen/n2857
  Setup Slack:   9475.1ps
  Analysis View: generic_view
  Failed Reason:
Node: key_gen/U2754/A2
Net:  FE_PDN1404_key_gen_n629
  Setup Slack:   10933.2ps
  Analysis View: generic_view
  Failed Reason:
Node: FE_PDC1404_key_gen_n629/Z
Net:  FE_PDN1404_key_gen_n629
  Setup Slack:   8466.0ps
  Analysis View: generic_view
  Failed Reason:
Node: FE_PDC1404_key_gen_n629/A
Net:  FE_PDN2138_key_gen_n629
  Setup Slack:   8466.0ps
  Analysis View: generic_view
  Failed Reason:
Node: FE_PDC2138_key_gen_n629/Z
Net:  FE_PDN2138_key_gen_n629
  Setup Slack:   8466.0ps
  Analysis View: generic_view
  Failed Reason:
Node: FE_PDC2138_key_gen_n629/A
Net:  key_gen/n629
  Setup Slack:   8466.0ps
  Analysis View: generic_view
  Failed Reason:
Node: key_gen/U2741/ZN
Net:  key_gen/n629
  Setup Slack:   8466.0ps
  Analysis View: generic_view
  Failed Reason:
Node: key_gen/U2741/B2
Net:  key_in[112]
  Setup Slack:   9948.7ps
  Analysis View: generic_view
  Failed Reason:
Node: key_in[112]
Net:  key_in[112]
  Setup Slack:   9374.7ps
  Analysis View: generic_view
  Failed Reason:


// Path 43
Endpoint:      key_gen/allKeys_reg_12__100_/D
Beginpoint:    key_in[100]
Analysis View: generic_view
Hold Slack:    -3269.8ps

Node: key_gen/allKeys_reg_12__100_/D
Net:  key_gen/n3069
  Setup Slack:   9832.8ps
  Analysis View: generic_view
  Failed Reason:
Node: key_gen/U2523/ZN
Net:  key_gen/n3069
  Setup Slack:   9832.8ps
  Analysis View: generic_view
  Failed Reason:
Node: key_gen/U2523/A2
Net:  FE_PDN2092_key_gen_n603
  Setup Slack:   10997.1ps
  Analysis View: generic_view
  Failed Reason:
Node: FE_PDC2092_key_gen_n603/Z
Net:  FE_PDN2092_key_gen_n603
  Setup Slack:   9804.7ps
  Analysis View: generic_view
  Failed Reason:
Node: FE_PDC2092_key_gen_n603/A
Net:  FE_PDN2248_key_gen_n603
  Setup Slack:   9804.7ps
  Analysis View: generic_view
  Failed Reason:
Node: FE_PDC2248_key_gen_n603/Z
Net:  FE_PDN2248_key_gen_n603
  Setup Slack:   9804.7ps
  Analysis View: generic_view
  Failed Reason:
Node: FE_PDC2248_key_gen_n603/A
Net:  key_gen/n603
  Setup Slack:   9804.7ps
  Analysis View: generic_view
  Failed Reason:
Node: key_gen/U2518/ZN
Net:  key_gen/n603
  Setup Slack:   9804.7ps
  Analysis View: generic_view
  Failed Reason:
Node: key_gen/U2518/B2
Net:  key_in[100]
  Setup Slack:   11351.4ps
  Analysis View: generic_view
  Failed Reason:
Node: key_in[100]
Net:  key_in[100]
  Setup Slack:   9454.9ps
  Analysis View: generic_view
  Failed Reason:


// Path 44
Endpoint:      key_gen/allKeys_reg_10__100_/D
Beginpoint:    key_in[100]
Analysis View: generic_view
Hold Slack:    -3269.2ps

Node: key_gen/allKeys_reg_10__100_/D
Net:  key_gen/n3067
  Setup Slack:   9870.8ps
  Analysis View: generic_view
  Failed Reason:
Node: key_gen/U2525/ZN
Net:  key_gen/n3067
  Setup Slack:   9870.8ps
  Analysis View: generic_view
  Failed Reason:
Node: key_gen/U2525/A2
Net:  FE_PDN2092_key_gen_n603
  Setup Slack:   11002.4ps
  Analysis View: generic_view
  Failed Reason:
Node: FE_PDC2092_key_gen_n603/Z
Net:  FE_PDN2092_key_gen_n603
  Setup Slack:   9804.7ps
  Analysis View: generic_view
  Failed Reason:
Node: FE_PDC2092_key_gen_n603/A
Net:  FE_PDN2248_key_gen_n603
  Setup Slack:   9804.7ps
  Analysis View: generic_view
  Failed Reason:
Node: FE_PDC2248_key_gen_n603/Z
Net:  FE_PDN2248_key_gen_n603
  Setup Slack:   9804.7ps
  Analysis View: generic_view
  Failed Reason:
Node: FE_PDC2248_key_gen_n603/A
Net:  key_gen/n603
  Setup Slack:   9804.7ps
  Analysis View: generic_view
  Failed Reason:
Node: key_gen/U2518/ZN
Net:  key_gen/n603
  Setup Slack:   9804.7ps
  Analysis View: generic_view
  Failed Reason:
Node: key_gen/U2518/B2
Net:  key_in[100]
  Setup Slack:   11351.4ps
  Analysis View: generic_view
  Failed Reason:
Node: key_in[100]
Net:  key_in[100]
  Setup Slack:   9454.9ps
  Analysis View: generic_view
  Failed Reason:


// Path 45
Endpoint:      key_gen/allKeys_reg_14__100_/D
Beginpoint:    key_in[100]
Analysis View: generic_view
Hold Slack:    -3269.0ps

Node: key_gen/allKeys_reg_14__100_/D
Net:  key_gen/n3071
  Setup Slack:   9729.7ps
  Analysis View: generic_view
  Failed Reason:
Node: key_gen/U2521/ZN
Net:  key_gen/n3071
  Setup Slack:   9729.7ps
  Analysis View: generic_view
  Failed Reason:
Node: key_gen/U2521/A2
Net:  FE_PDN2092_key_gen_n603
  Setup Slack:   10999.7ps
  Analysis View: generic_view
  Failed Reason:
Node: FE_PDC2092_key_gen_n603/Z
Net:  FE_PDN2092_key_gen_n603
  Setup Slack:   9804.7ps
  Analysis View: generic_view
  Failed Reason:
Node: FE_PDC2092_key_gen_n603/A
Net:  FE_PDN2248_key_gen_n603
  Setup Slack:   9804.7ps
  Analysis View: generic_view
  Failed Reason:
Node: FE_PDC2248_key_gen_n603/Z
Net:  FE_PDN2248_key_gen_n603
  Setup Slack:   9804.7ps
  Analysis View: generic_view
  Failed Reason:
Node: FE_PDC2248_key_gen_n603/A
Net:  key_gen/n603
  Setup Slack:   9804.7ps
  Analysis View: generic_view
  Failed Reason:
Node: key_gen/U2518/ZN
Net:  key_gen/n603
  Setup Slack:   9804.7ps
  Analysis View: generic_view
  Failed Reason:
Node: key_gen/U2518/B2
Net:  key_in[100]
  Setup Slack:   11351.4ps
  Analysis View: generic_view
  Failed Reason:
Node: key_in[100]
Net:  key_in[100]
  Setup Slack:   9454.9ps
  Analysis View: generic_view
  Failed Reason:


// Path 46
Endpoint:      key_gen/allKeys_reg_8__100_/D
Beginpoint:    key_in[100]
Analysis View: generic_view
Hold Slack:    -3268.9ps

Node: key_gen/allKeys_reg_8__100_/D
Net:  key_gen/n3065
  Setup Slack:   9515.7ps
  Analysis View: generic_view
  Failed Reason:
Node: key_gen/U2527/ZN
Net:  key_gen/n3065
  Setup Slack:   9515.7ps
  Analysis View: generic_view
  Failed Reason:
Node: key_gen/U2527/A2
Net:  FE_PDN2092_key_gen_n603
  Setup Slack:   10984.2ps
  Analysis View: generic_view
  Failed Reason:
Node: FE_PDC2092_key_gen_n603/Z
Net:  FE_PDN2092_key_gen_n603
  Setup Slack:   9804.7ps
  Analysis View: generic_view
  Failed Reason:
Node: FE_PDC2092_key_gen_n603/A
Net:  FE_PDN2248_key_gen_n603
  Setup Slack:   9804.7ps
  Analysis View: generic_view
  Failed Reason:
Node: FE_PDC2248_key_gen_n603/Z
Net:  FE_PDN2248_key_gen_n603
  Setup Slack:   9804.7ps
  Analysis View: generic_view
  Failed Reason:
Node: FE_PDC2248_key_gen_n603/A
Net:  key_gen/n603
  Setup Slack:   9804.7ps
  Analysis View: generic_view
  Failed Reason:
Node: key_gen/U2518/ZN
Net:  key_gen/n603
  Setup Slack:   9804.7ps
  Analysis View: generic_view
  Failed Reason:
Node: key_gen/U2518/B2
Net:  key_in[100]
  Setup Slack:   11351.4ps
  Analysis View: generic_view
  Failed Reason:
Node: key_in[100]
Net:  key_in[100]
  Setup Slack:   9454.9ps
  Analysis View: generic_view
  Failed Reason:


// Path 47
Endpoint:      key_gen/allKeys_reg_11__100_/D
Beginpoint:    key_in[100]
Analysis View: generic_view
Hold Slack:    -3268.9ps

Node: key_gen/allKeys_reg_11__100_/D
Net:  key_gen/n3068
  Setup Slack:   7824.4ps
  Analysis View: generic_view
  Failed Reason:
Node: key_gen/U2524/ZN
Net:  key_gen/n3068
  Setup Slack:   7824.4ps
  Analysis View: generic_view
  Failed Reason:
Node: key_gen/U2524/A2
Net:  FE_PDN2092_key_gen_n603
  Setup Slack:   10955.3ps
  Analysis View: generic_view
  Failed Reason:
Node: FE_PDC2092_key_gen_n603/Z
Net:  FE_PDN2092_key_gen_n603
  Setup Slack:   9804.7ps
  Analysis View: generic_view
  Failed Reason:
Node: FE_PDC2092_key_gen_n603/A
Net:  FE_PDN2248_key_gen_n603
  Setup Slack:   9804.7ps
  Analysis View: generic_view
  Failed Reason:
Node: FE_PDC2248_key_gen_n603/Z
Net:  FE_PDN2248_key_gen_n603
  Setup Slack:   9804.7ps
  Analysis View: generic_view
  Failed Reason:
Node: FE_PDC2248_key_gen_n603/A
Net:  key_gen/n603
  Setup Slack:   9804.7ps
  Analysis View: generic_view
  Failed Reason:
Node: key_gen/U2518/ZN
Net:  key_gen/n603
  Setup Slack:   9804.7ps
  Analysis View: generic_view
  Failed Reason:
Node: key_gen/U2518/B2
Net:  key_in[100]
  Setup Slack:   11351.4ps
  Analysis View: generic_view
  Failed Reason:
Node: key_in[100]
Net:  key_in[100]
  Setup Slack:   9454.9ps
  Analysis View: generic_view
  Failed Reason:


// Path 48
Endpoint:      key_gen/allKeys_reg_1__100_/D
Beginpoint:    key_in[100]
Analysis View: generic_view
Hold Slack:    -3268.6ps

Node: key_gen/allKeys_reg_1__100_/D
Net:  key_gen/n3058
  Setup Slack:   9261.3ps
  Analysis View: generic_view
  Failed Reason:
Node: key_gen/U2534/ZN
Net:  key_gen/n3058
  Setup Slack:   9261.3ps
  Analysis View: generic_view
  Failed Reason:
Node: key_gen/U2534/A2
Net:  FE_PDN2092_key_gen_n603
  Setup Slack:   10998.0ps
  Analysis View: generic_view
  Failed Reason:
Node: FE_PDC2092_key_gen_n603/Z
Net:  FE_PDN2092_key_gen_n603
  Setup Slack:   9804.7ps
  Analysis View: generic_view
  Failed Reason:
Node: FE_PDC2092_key_gen_n603/A
Net:  FE_PDN2248_key_gen_n603
  Setup Slack:   9804.7ps
  Analysis View: generic_view
  Failed Reason:
Node: FE_PDC2248_key_gen_n603/Z
Net:  FE_PDN2248_key_gen_n603
  Setup Slack:   9804.7ps
  Analysis View: generic_view
  Failed Reason:
Node: FE_PDC2248_key_gen_n603/A
Net:  key_gen/n603
  Setup Slack:   9804.7ps
  Analysis View: generic_view
  Failed Reason:
Node: key_gen/U2518/ZN
Net:  key_gen/n603
  Setup Slack:   9804.7ps
  Analysis View: generic_view
  Failed Reason:
Node: key_gen/U2518/B2
Net:  key_in[100]
  Setup Slack:   11351.4ps
  Analysis View: generic_view
  Failed Reason:
Node: key_in[100]
Net:  key_in[100]
  Setup Slack:   9454.9ps
  Analysis View: generic_view
  Failed Reason:


// Path 49
Endpoint:      key_gen/allKeys_reg_0__100_/D
Beginpoint:    key_in[100]
Analysis View: generic_view
Hold Slack:    -3268.3ps

Node: key_gen/allKeys_reg_0__100_/D
Net:  key_gen/n3057
  Setup Slack:   9606.3ps
  Analysis View: generic_view
  Failed Reason:
Node: key_gen/U2535/ZN
Net:  key_gen/n3057
  Setup Slack:   9606.3ps
  Analysis View: generic_view
  Failed Reason:
Node: key_gen/U2535/A2
Net:  FE_PDN2092_key_gen_n603
  Setup Slack:   10996.2ps
  Analysis View: generic_view
  Failed Reason:
Node: FE_PDC2092_key_gen_n603/Z
Net:  FE_PDN2092_key_gen_n603
  Setup Slack:   9804.7ps
  Analysis View: generic_view
  Failed Reason:
Node: FE_PDC2092_key_gen_n603/A
Net:  FE_PDN2248_key_gen_n603
  Setup Slack:   9804.7ps
  Analysis View: generic_view
  Failed Reason:
Node: FE_PDC2248_key_gen_n603/Z
Net:  FE_PDN2248_key_gen_n603
  Setup Slack:   9804.7ps
  Analysis View: generic_view
  Failed Reason:
Node: FE_PDC2248_key_gen_n603/A
Net:  key_gen/n603
  Setup Slack:   9804.7ps
  Analysis View: generic_view
  Failed Reason:
Node: key_gen/U2518/ZN
Net:  key_gen/n603
  Setup Slack:   9804.7ps
  Analysis View: generic_view
  Failed Reason:
Node: key_gen/U2518/B2
Net:  key_in[100]
  Setup Slack:   11351.4ps
  Analysis View: generic_view
  Failed Reason:
Node: key_in[100]
Net:  key_in[100]
  Setup Slack:   9454.9ps
  Analysis View: generic_view
  Failed Reason:


// Path 50
Endpoint:      key_gen/allKeys_reg_15__100_/D
Beginpoint:    key_in[100]
Analysis View: generic_view
Hold Slack:    -3268.1ps

Node: key_gen/allKeys_reg_15__100_/D
Net:  key_gen/n3072
  Setup Slack:   9419.2ps
  Analysis View: generic_view
  Failed Reason:
Node: key_gen/U2520/ZN
Net:  key_gen/n3072
  Setup Slack:   9419.2ps
  Analysis View: generic_view
  Failed Reason:
Node: key_gen/U2520/A2
Net:  FE_PDN2092_key_gen_n603
  Setup Slack:   10981.8ps
  Analysis View: generic_view
  Failed Reason:
Node: FE_PDC2092_key_gen_n603/Z
Net:  FE_PDN2092_key_gen_n603
  Setup Slack:   9804.7ps
  Analysis View: generic_view
  Failed Reason:
Node: FE_PDC2092_key_gen_n603/A
Net:  FE_PDN2248_key_gen_n603
  Setup Slack:   9804.7ps
  Analysis View: generic_view
  Failed Reason:
Node: FE_PDC2248_key_gen_n603/Z
Net:  FE_PDN2248_key_gen_n603
  Setup Slack:   9804.7ps
  Analysis View: generic_view
  Failed Reason:
Node: FE_PDC2248_key_gen_n603/A
Net:  key_gen/n603
  Setup Slack:   9804.7ps
  Analysis View: generic_view
  Failed Reason:
Node: key_gen/U2518/ZN
Net:  key_gen/n603
  Setup Slack:   9804.7ps
  Analysis View: generic_view
  Failed Reason:
Node: key_gen/U2518/B2
Net:  key_in[100]
  Setup Slack:   11351.4ps
  Analysis View: generic_view
  Failed Reason:
Node: key_in[100]
Net:  key_in[100]
  Setup Slack:   9454.9ps
  Analysis View: generic_view
  Failed Reason:
