( frontend_0/e_state_reg_3_ 62.51 62.86 66.31 64.26 )
( frontend_0/e_state_reg_2_ 59.28 61.46 63.08 62.86 )
( frontend_0/i_state_reg_0_ 68.78 50.26 72.58 51.66 )
( frontend_0/i_state_reg_2_ 72.01 51.66 75.81 53.06 )
( frontend_0/i_state_reg_1_ 74.67 54.46 78.47 55.86 )
( frontend_0/pc_reg_14_ 67.45 26.46 71.25 27.86 )
( frontend_0/pc_reg_13_ 64.6 25.06 68.4 26.46 )
( frontend_0/pc_reg_12_ 60.8 25.06 64.6 26.46 )
( frontend_0/pc_reg_11_ 59.85 23.66 63.65 25.06 )
( frontend_0/pc_reg_10_ 62.7 26.46 66.5 27.86 )
( frontend_0/pc_reg_9_ 56.81 27.86 60.61 29.26 )
( frontend_0/pc_reg_8_ 69.73 29.26 73.53 30.66 )
( frontend_0/pc_reg_7_ 65.93 29.26 69.73 30.66 )
( frontend_0/pc_reg_6_ 61.18 32.06 64.98 33.46 )
( frontend_0/pc_reg_5_ 57.38 32.06 61.18 33.46 )
( frontend_0/pc_reg_4_ 64.03 33.46 67.83 34.86 )
( frontend_0/pc_reg_3_ 65.93 32.06 69.73 33.46 )
( frontend_0/pc_reg_2_ 67.83 33.46 71.63 34.86 )
( frontend_0/pc_reg_1_ 65.74 30.66 69.54 32.06 )
( frontend_0/pc_reg_0_ 59.28 29.26 63.08 30.66 )
( frontend_0/e_state_reg_1_ 55.48 61.46 59.28 62.86 )
( frontend_0/e_state_reg_0_ 68.59 61.46 72.39 62.86 )
( frontend_0/pc_reg_15_ 68.78 25.06 72.58 26.46 )
( execution_unit_0/register_file_0/FE_RC_0_0 56.24 4.06 56.62 5.46 )
( execution_unit_0/register_file_0/r1_reg_15_ 63.65 5.46 67.45 6.86 )
( execution_unit_0/register_file_0/r1_reg_14_ 59.47 5.46 63.27 6.86 )
( execution_unit_0/register_file_0/r1_reg_13_ 64.22 8.26 68.02 9.66 )
( execution_unit_0/register_file_0/r1_reg_12_ 55.1 6.86 58.9 8.26 )
( execution_unit_0/register_file_0/r1_reg_11_ 60.23 13.86 64.03 15.26 )
( execution_unit_0/register_file_0/r1_reg_10_ 60.42 8.26 64.22 9.66 )
( execution_unit_0/register_file_0/r1_reg_9_ 61.18 9.66 64.98 11.06 )
( execution_unit_0/register_file_0/r1_reg_8_ 65.55 12.46 69.35 13.86 )
( execution_unit_0/register_file_0/r1_reg_7_ 63.84 11.06 67.64 12.46 )
( execution_unit_0/register_file_0/r1_reg_6_ 60.8 6.86 64.6 8.26 )
( execution_unit_0/register_file_0/r1_reg_5_ 59.66 15.26 63.46 16.66 )
( execution_unit_0/register_file_0/r1_reg_4_ 61.75 12.46 65.55 13.86 )
( execution_unit_0/register_file_0/r1_reg_3_ 63.46 15.26 67.26 16.66 )
( execution_unit_0/register_file_0/r1_reg_2_ 57.57 12.46 61.37 13.86 )
( execution_unit_0/register_file_0/r1_reg_1_ 55.67 5.46 59.47 6.86 )
( execution_unit_0/register_file_0/r2_reg_8_ 53.58 29.26 57.38 30.66 )
( execution_unit_0/register_file_0/r2_reg_7_ 49.78 29.26 53.58 30.66 )
( execution_unit_0/register_file_0/r2_reg_6_ 43.7 30.66 47.5 32.06 )
( execution_unit_0/register_file_0/r2_reg_5_ 44.84 27.86 48.64 29.26 )
( execution_unit_0/register_file_0/r2_reg_4_ 45.98 32.06 49.78 33.46 )
( execution_unit_0/register_file_0/r2_reg_3_ 49.78 32.06 53.58 33.46 )
( execution_unit_0/register_file_0/r2_reg_2_ 53.58 32.06 57.38 33.46 )
( execution_unit_0/register_file_0/r2_reg_1_ 48.07 30.66 51.87 32.06 )
( execution_unit_0/register_file_0/r2_reg_0_ 49.59 27.86 53.39 29.26 )
( execution_unit_0/register_file_0/r3_reg_15_ 59.47 20.86 63.27 22.26 )
( execution_unit_0/register_file_0/r3_reg_14_ 58.33 22.26 62.13 23.66 )
( execution_unit_0/register_file_0/r3_reg_13_ 60.99 18.06 64.79 19.46 )
( execution_unit_0/register_file_0/r3_reg_12_ 55.86 19.46 59.66 20.86 )
( execution_unit_0/register_file_0/r3_reg_11_ 62.13 22.26 65.93 23.66 )
( execution_unit_0/register_file_0/r3_reg_10_ 60.04 16.66 63.84 18.06 )
( execution_unit_0/register_file_0/r3_reg_9_ 57.19 18.06 60.99 19.46 )
( execution_unit_0/register_file_0/r3_reg_8_ 57.0 25.06 60.8 26.46 )
( execution_unit_0/register_file_0/r3_reg_7_ 52.63 18.06 56.43 19.46 )
( execution_unit_0/register_file_0/r3_reg_6_ 53.2 25.06 57.0 26.46 )
( execution_unit_0/register_file_0/r3_reg_5_ 51.87 20.86 55.67 22.26 )
( execution_unit_0/register_file_0/r3_reg_4_ 50.73 22.26 54.53 23.66 )
( execution_unit_0/register_file_0/r3_reg_3_ 54.53 22.26 58.33 23.66 )
( execution_unit_0/register_file_0/r3_reg_2_ 51.49 23.66 55.29 25.06 )
( execution_unit_0/register_file_0/r3_reg_1_ 56.05 23.66 59.85 25.06 )
( execution_unit_0/register_file_0/r3_reg_0_ 55.67 20.86 59.47 22.26 )
( execution_unit_0/register_file_0/r4_reg_15_ 48.26 4.06 52.06 5.46 )
( execution_unit_0/register_file_0/r4_reg_14_ 45.6 5.46 49.4 6.86 )
( execution_unit_0/register_file_0/r4_reg_13_ 50.92 12.46 54.72 13.86 )
( execution_unit_0/register_file_0/r4_reg_12_ 54.15 15.26 57.95 16.66 )
( execution_unit_0/register_file_0/r4_reg_11_ 59.66 11.06 63.46 12.46 )
( execution_unit_0/register_file_0/r4_reg_10_ 56.43 9.66 60.23 11.06 )
( execution_unit_0/register_file_0/r4_reg_9_ 52.44 4.06 56.24 5.46 )
( execution_unit_0/register_file_0/r4_reg_8_ 53.77 8.26 57.57 9.66 )
( execution_unit_0/register_file_0/r4_reg_7_ 48.07 8.26 51.87 9.66 )
( execution_unit_0/register_file_0/r4_reg_6_ 51.11 5.46 54.91 6.86 )
( execution_unit_0/register_file_0/r4_reg_5_ 51.68 11.06 55.48 12.46 )
( execution_unit_0/register_file_0/r4_reg_4_ 44.46 4.06 48.26 5.46 )
( execution_unit_0/register_file_0/r4_reg_3_ 55.86 11.06 59.66 12.46 )
( execution_unit_0/register_file_0/r4_reg_2_ 48.07 6.86 51.87 8.26 )
( execution_unit_0/register_file_0/r4_reg_1_ 51.3 9.66 55.1 11.06 )
( execution_unit_0/register_file_0/r4_reg_0_ 46.74 12.46 50.54 13.86 )
( execution_unit_0/register_file_0/r5_reg_15_ 42.94 8.26 46.74 9.66 )
( execution_unit_0/register_file_0/r5_reg_14_ 46.55 9.66 50.35 11.06 )
( execution_unit_0/register_file_0/r5_reg_13_ 40.66 4.06 44.46 5.46 )
( execution_unit_0/register_file_0/r5_reg_12_ 40.85 5.46 44.65 6.86 )
( execution_unit_0/register_file_0/r5_reg_11_ 36.67 5.46 40.47 6.86 )
( execution_unit_0/register_file_0/r5_reg_10_ 44.08 11.06 47.88 12.46 )
( execution_unit_0/register_file_0/r5_reg_9_ 39.14 8.26 42.94 9.66 )
( execution_unit_0/register_file_0/r5_reg_8_ 42.75 9.66 46.55 11.06 )
( execution_unit_0/register_file_0/r5_reg_7_ 32.87 5.46 36.67 6.86 )
( execution_unit_0/register_file_0/r5_reg_6_ 35.72 6.86 39.52 8.26 )
( execution_unit_0/register_file_0/r5_reg_5_ 36.48 12.46 40.28 13.86 )
( execution_unit_0/register_file_0/r5_reg_4_ 37.43 9.66 41.23 11.06 )
( execution_unit_0/register_file_0/r5_reg_3_ 32.68 12.46 36.48 13.86 )
( execution_unit_0/register_file_0/r5_reg_2_ 36.48 4.06 40.28 5.46 )
( execution_unit_0/register_file_0/r5_reg_1_ 33.06 8.26 36.86 9.66 )
( execution_unit_0/register_file_0/r5_reg_0_ 47.88 11.06 51.68 12.46 )
( execution_unit_0/register_file_0/r6_reg_15_ 16.53 16.66 20.33 18.06 )
( execution_unit_0/register_file_0/r6_reg_14_ 9.88 19.46 13.68 20.86 )
( execution_unit_0/register_file_0/r6_reg_13_ 15.58 13.86 19.38 15.26 )
( execution_unit_0/register_file_0/r6_reg_12_ 14.63 19.46 18.43 20.86 )
( execution_unit_0/register_file_0/r6_reg_11_ 23.18 16.66 26.98 18.06 )
( execution_unit_0/register_file_0/r6_reg_10_ 18.43 19.46 22.23 20.86 )
( execution_unit_0/register_file_0/r6_reg_9_ 16.53 20.86 20.33 22.26 )
( execution_unit_0/register_file_0/r6_reg_8_ 14.63 15.26 18.43 16.66 )
( execution_unit_0/register_file_0/r6_reg_7_ 12.92 12.46 16.72 13.86 )
( execution_unit_0/register_file_0/r6_reg_6_ 21.47 15.26 25.27 16.66 )
( execution_unit_0/register_file_0/r6_reg_5_ 20.33 13.86 24.13 15.26 )
( execution_unit_0/register_file_0/r6_reg_4_ 9.12 12.46 12.92 13.86 )
( execution_unit_0/register_file_0/r6_reg_3_ 18.62 18.06 22.42 19.46 )
( execution_unit_0/register_file_0/r6_reg_2_ 16.72 12.46 20.52 13.86 )
( execution_unit_0/register_file_0/r6_reg_1_ 21.28 12.46 25.08 13.86 )
( execution_unit_0/register_file_0/r6_reg_0_ 12.73 20.86 16.53 22.26 )
( execution_unit_0/register_file_0/r7_reg_15_ 5.32 12.46 9.12 13.86 )
( execution_unit_0/register_file_0/r7_reg_14_ 4.18 18.06 7.98 19.46 )
( execution_unit_0/register_file_0/r7_reg_13_ 7.98 13.86 11.78 15.26 )
( execution_unit_0/register_file_0/r7_reg_12_ 5.13 19.46 8.93 20.86 )
( execution_unit_0/register_file_0/r7_reg_11_ 4.18 15.26 7.98 16.66 )
( execution_unit_0/register_file_0/r7_reg_10_ 8.93 16.66 12.73 18.06 )
( execution_unit_0/register_file_0/r7_reg_9_ 4.18 16.66 7.98 18.06 )
( execution_unit_0/register_file_0/r7_reg_8_ 12.73 16.66 16.53 18.06 )
( execution_unit_0/register_file_0/r7_reg_7_ 4.18 8.26 7.98 9.66 )
( execution_unit_0/register_file_0/r7_reg_6_ 9.88 15.26 13.68 16.66 )
( execution_unit_0/register_file_0/r7_reg_5_ 5.13 11.06 8.93 12.46 )
( execution_unit_0/register_file_0/r7_reg_4_ 4.18 9.66 7.98 11.06 )
( execution_unit_0/register_file_0/r7_reg_3_ 7.98 20.86 11.78 22.26 )
( execution_unit_0/register_file_0/r7_reg_2_ 11.78 11.06 15.58 12.46 )
( execution_unit_0/register_file_0/r7_reg_1_ 8.93 9.66 12.73 11.06 )
( execution_unit_0/register_file_0/r7_reg_0_ 4.18 13.86 7.98 15.26 )
( execution_unit_0/register_file_0/r8_reg_15_ 31.92 6.86 35.72 8.26 )
( execution_unit_0/register_file_0/r8_reg_14_ 20.52 6.86 24.32 8.26 )
( execution_unit_0/register_file_0/r8_reg_13_ 31.73 4.06 35.53 5.46 )
( execution_unit_0/register_file_0/r8_reg_12_ 25.46 5.46 29.26 6.86 )
( execution_unit_0/register_file_0/r8_reg_11_ 21.28 5.46 25.08 6.86 )
( execution_unit_0/register_file_0/r8_reg_10_ 36.29 11.06 40.09 12.46 )
( execution_unit_0/register_file_0/r8_reg_9_ 32.68 9.66 36.48 11.06 )
( execution_unit_0/register_file_0/r8_reg_8_ 23.18 8.26 26.98 9.66 )
( execution_unit_0/register_file_0/r8_reg_7_ 26.98 8.26 30.78 9.66 )
( execution_unit_0/register_file_0/r8_reg_6_ 26.98 4.06 30.78 5.46 )
( execution_unit_0/register_file_0/r8_reg_5_ 25.65 11.06 29.45 12.46 )
( execution_unit_0/register_file_0/r8_reg_4_ 28.12 6.86 31.92 8.26 )
( execution_unit_0/register_file_0/r8_reg_3_ 31.73 11.06 35.53 12.46 )
( execution_unit_0/register_file_0/r8_reg_2_ 23.18 4.06 26.98 5.46 )
( execution_unit_0/register_file_0/r8_reg_1_ 23.18 9.66 26.98 11.06 )
( execution_unit_0/register_file_0/r8_reg_0_ 28.12 9.66 31.92 11.06 )
( execution_unit_0/register_file_0/r9_reg_15_ 7.98 4.06 11.78 5.46 )
( execution_unit_0/register_file_0/r9_reg_14_ 4.18 4.06 7.98 5.46 )
( execution_unit_0/register_file_0/r9_reg_13_ 8.93 5.46 12.73 6.86 )
( execution_unit_0/register_file_0/r9_reg_12_ 12.73 5.46 16.53 6.86 )
( execution_unit_0/register_file_0/r9_reg_11_ 15.58 4.06 19.38 5.46 )
( execution_unit_0/register_file_0/r9_reg_10_ 7.98 8.26 11.78 9.66 )
( execution_unit_0/register_file_0/r9_reg_9_ 10.64 6.86 14.44 8.26 )
( execution_unit_0/register_file_0/r9_reg_8_ 14.63 8.26 18.43 9.66 )
( execution_unit_0/register_file_0/r9_reg_7_ 5.13 5.46 8.93 6.86 )
( execution_unit_0/register_file_0/r9_reg_6_ 15.58 9.66 19.38 11.06 )
( execution_unit_0/register_file_0/r9_reg_5_ 6.46 6.86 10.26 8.26 )
( execution_unit_0/register_file_0/r9_reg_4_ 11.78 4.06 15.58 5.46 )
( execution_unit_0/register_file_0/r9_reg_3_ 19.38 9.66 23.18 11.06 )
( execution_unit_0/register_file_0/r9_reg_2_ 16.53 5.46 20.33 6.86 )
( execution_unit_0/register_file_0/r9_reg_1_ 19.38 4.06 23.18 5.46 )
( execution_unit_0/register_file_0/r9_reg_0_ 18.43 8.26 22.23 9.66 )
( execution_unit_0/register_file_0/r10_reg_15_ 48.07 20.86 51.87 22.26 )
( execution_unit_0/register_file_0/r10_reg_14_ 39.9 25.06 43.7 26.46 )
( execution_unit_0/register_file_0/r10_reg_13_ 45.03 22.26 48.83 23.66 )
( execution_unit_0/register_file_0/r10_reg_12_ 43.89 23.66 47.69 25.06 )
( execution_unit_0/register_file_0/r10_reg_11_ 40.09 23.66 43.89 25.06 )
( execution_unit_0/register_file_0/r10_reg_10_ 41.23 22.26 45.03 23.66 )
( execution_unit_0/register_file_0/r10_reg_9_ 43.7 25.06 47.5 26.46 )
( execution_unit_0/register_file_0/r10_reg_8_ 42.75 19.46 46.55 20.86 )
( execution_unit_0/register_file_0/r10_reg_7_ 47.88 18.06 51.68 19.46 )
( execution_unit_0/register_file_0/r10_reg_6_ 38.95 19.46 42.75 20.86 )
( execution_unit_0/register_file_0/r10_reg_5_ 40.47 18.06 44.27 19.46 )
( execution_unit_0/register_file_0/r10_reg_4_ 41.61 26.46 45.41 27.86 )
( execution_unit_0/register_file_0/r10_reg_3_ 47.69 23.66 51.49 25.06 )
( execution_unit_0/register_file_0/r10_reg_2_ 49.4 25.06 53.2 26.46 )
( execution_unit_0/register_file_0/r10_reg_1_ 47.5 19.46 51.3 20.86 )
( execution_unit_0/register_file_0/r10_reg_0_ 45.41 26.46 49.21 27.86 )
( execution_unit_0/register_file_0/r11_reg_15_ 22.04 23.66 25.84 25.06 )
( execution_unit_0/register_file_0/r11_reg_14_ 16.53 26.46 20.33 27.86 )
( execution_unit_0/register_file_0/r11_reg_13_ 16.53 22.26 20.33 23.66 )
( execution_unit_0/register_file_0/r11_reg_12_ 20.33 22.26 24.13 23.66 )
( execution_unit_0/register_file_0/r11_reg_11_ 22.04 25.06 25.84 26.46 )
( execution_unit_0/register_file_0/r11_reg_10_ 15.58 23.66 19.38 25.06 )
( execution_unit_0/register_file_0/r11_reg_9_ 18.24 25.06 22.04 26.46 )
( execution_unit_0/register_file_0/r11_reg_8_ 15.39 29.26 19.19 30.66 )
( execution_unit_0/register_file_0/r11_reg_7_ 20.14 29.26 23.94 30.66 )
( execution_unit_0/register_file_0/r11_reg_6_ 17.48 32.06 21.28 33.46 )
( execution_unit_0/register_file_0/r11_reg_5_ 15.58 27.86 19.38 29.26 )
( execution_unit_0/register_file_0/r11_reg_4_ 12.54 33.46 16.34 34.86 )
( execution_unit_0/register_file_0/r11_reg_3_ 20.14 30.66 23.94 32.06 )
( execution_unit_0/register_file_0/r11_reg_2_ 21.28 33.46 25.08 34.86 )
( execution_unit_0/register_file_0/r11_reg_1_ 16.34 30.66 20.14 32.06 )
( execution_unit_0/register_file_0/r11_reg_0_ 20.33 27.86 24.13 29.26 )
( execution_unit_0/register_file_0/r12_reg_15_ 7.98 33.46 11.78 34.86 )
( execution_unit_0/register_file_0/r12_reg_14_ 4.18 30.66 7.98 32.06 )
( execution_unit_0/register_file_0/r12_reg_13_ 9.88 37.66 13.68 39.06 )
( execution_unit_0/register_file_0/r12_reg_12_ 4.18 39.06 7.98 40.46 )
( execution_unit_0/register_file_0/r12_reg_11_ 7.98 40.46 11.78 41.86 )
( execution_unit_0/register_file_0/r12_reg_10_ 4.18 40.46 7.98 41.86 )
( execution_unit_0/register_file_0/r12_reg_9_ 4.18 37.66 7.98 39.06 )
( execution_unit_0/register_file_0/r12_reg_8_ 7.98 32.06 11.78 33.46 )
( execution_unit_0/register_file_0/r12_reg_7_ 4.18 32.06 7.98 33.46 )
( execution_unit_0/register_file_0/r12_reg_6_ 15.58 34.86 19.38 36.26 )
( execution_unit_0/register_file_0/r12_reg_5_ 4.18 33.46 7.98 34.86 )
( execution_unit_0/register_file_0/r12_reg_4_ 5.13 34.86 8.93 36.26 )
( execution_unit_0/register_file_0/r12_reg_3_ 4.56 36.26 8.36 37.66 )
( execution_unit_0/register_file_0/r12_reg_2_ 9.31 36.26 13.11 37.66 )
( execution_unit_0/register_file_0/r12_reg_1_ 11.78 32.06 15.58 33.46 )
( execution_unit_0/register_file_0/r12_reg_0_ 11.78 34.86 15.58 36.26 )
( execution_unit_0/register_file_0/r13_reg_15_ 20.9 43.26 24.7 44.66 )
( execution_unit_0/register_file_0/r13_reg_14_ 26.41 36.26 30.21 37.66 )
( execution_unit_0/register_file_0/r13_reg_13_ 24.32 46.06 28.12 47.46 )
( execution_unit_0/register_file_0/r13_reg_12_ 16.34 44.66 20.14 46.06 )
( execution_unit_0/register_file_0/r13_reg_11_ 20.14 44.66 23.94 46.06 )
( execution_unit_0/register_file_0/r13_reg_10_ 16.34 47.46 20.14 48.86 )
( execution_unit_0/register_file_0/r13_reg_9_ 19.38 41.86 23.18 43.26 )
( execution_unit_0/register_file_0/r13_reg_8_ 20.14 47.46 23.94 48.86 )
( execution_unit_0/register_file_0/r13_reg_7_ 22.42 39.06 26.22 40.46 )
( execution_unit_0/register_file_0/r13_reg_6_ 28.69 37.66 32.49 39.06 )
( execution_unit_0/register_file_0/r13_reg_5_ 24.89 37.66 28.69 39.06 )
( execution_unit_0/register_file_0/r13_reg_4_ 26.22 39.06 30.02 40.46 )
( execution_unit_0/register_file_0/r13_reg_3_ 19.57 40.46 23.37 41.86 )
( execution_unit_0/register_file_0/r13_reg_2_ 20.52 46.06 24.32 47.46 )
( execution_unit_0/register_file_0/r13_reg_1_ 23.94 40.46 27.74 41.86 )
( execution_unit_0/register_file_0/r13_reg_0_ 21.09 37.66 24.89 39.06 )
( execution_unit_0/register_file_0/r14_reg_15_ 7.98 22.26 11.78 23.66 )
( execution_unit_0/register_file_0/r14_reg_14_ 4.18 26.46 7.98 27.86 )
( execution_unit_0/register_file_0/r14_reg_13_ 12.73 22.26 16.53 23.66 )
( execution_unit_0/register_file_0/r14_reg_12_ 4.18 25.06 7.98 26.46 )
( execution_unit_0/register_file_0/r14_reg_11_ 4.18 20.86 7.98 22.26 )
( execution_unit_0/register_file_0/r14_reg_10_ 6.08 23.66 9.88 25.06 )
( execution_unit_0/register_file_0/r14_reg_9_ 4.18 22.26 7.98 23.66 )
( execution_unit_0/register_file_0/r14_reg_8_ 7.98 26.46 11.78 27.86 )
( execution_unit_0/register_file_0/r14_reg_7_ 11.78 26.46 15.58 27.86 )
( execution_unit_0/register_file_0/r14_reg_6_ 11.78 27.86 15.58 29.26 )
( execution_unit_0/register_file_0/r14_reg_5_ 4.18 27.86 7.98 29.26 )
( execution_unit_0/register_file_0/r14_reg_4_ 7.98 30.66 11.78 32.06 )
( execution_unit_0/register_file_0/r14_reg_3_ 6.08 29.26 9.88 30.66 )
( execution_unit_0/register_file_0/r14_reg_2_ 10.83 25.06 14.63 26.46 )
( execution_unit_0/register_file_0/r14_reg_1_ 9.88 23.66 13.68 25.06 )
( execution_unit_0/register_file_0/r14_reg_0_ 7.98 27.86 11.78 29.26 )
( execution_unit_0/register_file_0/r15_reg_15_ 11.78 40.46 15.58 41.86 )
( execution_unit_0/register_file_0/r15_reg_14_ 14.63 41.86 18.43 43.26 )
( execution_unit_0/register_file_0/r15_reg_13_ 15.2 48.86 19.0 50.26 )
( execution_unit_0/register_file_0/r15_reg_12_ 7.6 48.86 11.4 50.26 )
( execution_unit_0/register_file_0/r15_reg_11_ 9.12 46.06 12.92 47.46 )
( execution_unit_0/register_file_0/r15_reg_10_ 16.72 46.06 20.52 47.46 )
( execution_unit_0/register_file_0/r15_reg_9_ 8.55 43.26 12.35 44.66 )
( execution_unit_0/register_file_0/r15_reg_8_ 12.92 46.06 16.72 47.46 )
( execution_unit_0/register_file_0/r15_reg_7_ 12.54 47.46 16.34 48.86 )
( execution_unit_0/register_file_0/r15_reg_6_ 16.15 36.26 19.95 37.66 )
( execution_unit_0/register_file_0/r15_reg_5_ 12.54 44.66 16.34 46.06 )
( execution_unit_0/register_file_0/r15_reg_4_ 15.77 40.46 19.57 41.86 )
( execution_unit_0/register_file_0/r15_reg_3_ 11.4 48.86 15.2 50.26 )
( execution_unit_0/register_file_0/r15_reg_2_ 10.83 41.86 14.63 43.26 )
( execution_unit_0/register_file_0/r15_reg_1_ 7.98 39.06 11.78 40.46 )
( execution_unit_0/register_file_0/r15_reg_0_ 12.54 39.06 16.34 40.46 )
( execution_unit_0/register_file_0/U3 28.88 40.46 30.21 41.86 )
( execution_unit_0/register_file_0/U4 50.16 26.46 51.49 27.86 )
( execution_unit_0/register_file_0/U5 33.63 36.26 34.96 37.66 )
( execution_unit_0/register_file_0/U6 25.46 44.66 26.79 46.06 )
( execution_unit_0/register_file_0/U7 25.65 43.26 26.98 44.66 )
( execution_unit_0/register_file_0/U8 31.54 39.06 32.87 40.46 )
( execution_unit_0/register_file_0/U9 32.3 36.26 33.63 37.66 )
( execution_unit_0/register_file_0/U10 34.96 36.26 36.29 37.66 )
( execution_unit_0/register_file_0/U11 32.11 40.46 33.44 41.86 )
( execution_unit_0/register_file_0/U12 33.63 39.06 34.96 40.46 )
( execution_unit_0/register_file_0/U13 26.79 44.66 28.12 46.06 )
( execution_unit_0/register_file_0/U14 27.36 41.86 28.69 43.26 )
( execution_unit_0/register_file_0/U15 32.49 37.66 33.82 39.06 )
( execution_unit_0/register_file_0/U16 30.97 36.26 32.3 37.66 )
( execution_unit_0/register_file_0/U17 33.82 37.66 35.15 39.06 )
( execution_unit_0/register_file_0/U18 25.65 41.86 27.36 43.26 )
( execution_unit_0/register_file_0/U27 54.91 37.66 55.67 39.06 )
( execution_unit_0/register_file_0/U28 59.85 39.06 60.42 40.46 )
( execution_unit_0/register_file_0/U29 44.84 40.46 45.41 41.86 )
( execution_unit_0/register_file_0/U30 38.76 39.06 39.33 40.46 )
( execution_unit_0/register_file_0/U31 27.74 9.66 28.12 11.06 )
( execution_unit_0/register_file_0/U32 44.46 37.66 45.03 39.06 )
( execution_unit_0/register_file_0/U33 23.75 11.06 24.13 12.46 )
( execution_unit_0/register_file_0/U34 25.46 34.86 26.41 36.26 )
( execution_unit_0/register_file_0/U35 41.99 39.06 42.56 40.46 )
( execution_unit_0/register_file_0/U36 42.37 11.06 42.75 12.46 )
( execution_unit_0/register_file_0/U37 43.89 34.86 44.46 36.26 )
( execution_unit_0/register_file_0/U38 27.36 9.66 27.74 11.06 )
( execution_unit_0/register_file_0/U39 23.94 32.06 24.89 33.46 )
( execution_unit_0/register_file_0/U40 45.98 34.86 46.74 36.26 )
( execution_unit_0/register_file_0/U41 44.46 34.86 45.03 36.26 )
( execution_unit_0/register_file_0/U42 41.42 39.06 41.99 40.46 )
( execution_unit_0/register_file_0/U43 39.52 18.06 40.47 19.46 )
( execution_unit_0/register_file_0/U44 45.6 37.66 46.17 39.06 )
( execution_unit_0/register_file_0/U45 35.91 11.06 36.29 12.46 )
( execution_unit_0/register_file_0/U46 41.61 37.66 42.18 39.06 )
( execution_unit_0/register_file_0/U47 37.81 8.26 38.19 9.66 )
( execution_unit_0/register_file_0/U48 31.73 19.46 32.68 20.86 )
( execution_unit_0/register_file_0/U49 39.9 39.06 40.47 40.46 )
( execution_unit_0/register_file_0/U50 40.47 5.46 40.85 6.86 )
( execution_unit_0/register_file_0/U51 45.6 29.26 46.17 30.66 )
( execution_unit_0/register_file_0/U52 41.04 11.06 41.42 12.46 )
( execution_unit_0/register_file_0/U53 32.49 25.06 33.44 26.46 )
( execution_unit_0/register_file_0/U54 52.06 36.26 52.63 37.66 )
( execution_unit_0/register_file_0/U55 55.29 5.46 55.67 6.86 )
( execution_unit_0/register_file_0/U56 47.5 30.66 48.07 32.06 )
( execution_unit_0/register_file_0/U57 46.74 8.26 47.12 9.66 )
( execution_unit_0/register_file_0/U58 39.9 13.86 40.85 15.26 )
( execution_unit_0/register_file_0/U59 38.19 39.06 38.76 40.46 )
( execution_unit_0/register_file_0/U60 26.98 9.66 27.36 11.06 )
( execution_unit_0/register_file_0/U61 44.27 29.26 44.84 30.66 )
( execution_unit_0/register_file_0/U62 29.45 11.06 29.83 12.46 )
( execution_unit_0/register_file_0/U63 23.18 19.46 24.13 20.86 )
( execution_unit_0/register_file_0/U64 32.68 19.46 33.63 20.86 )
( execution_unit_0/register_file_0/U65 37.24 25.06 38.19 26.46 )
( execution_unit_0/register_file_0/U66 30.97 34.86 31.73 36.26 )
( execution_unit_0/register_file_0/U67 25.84 30.66 26.79 32.06 )
( execution_unit_0/register_file_0/U68 23.94 30.66 24.89 32.06 )
( execution_unit_0/register_file_0/U69 39.14 23.66 40.09 25.06 )
( execution_unit_0/register_file_0/U70 27.17 15.26 28.12 16.66 )
( execution_unit_0/register_file_0/U71 32.49 23.66 33.44 25.06 )
( execution_unit_0/register_file_0/U72 39.14 15.26 40.09 16.66 )
( execution_unit_0/register_file_0/U73 26.98 16.66 27.93 18.06 )
( execution_unit_0/register_file_0/U74 30.78 16.66 31.73 18.06 )
( execution_unit_0/register_file_0/U75 33.44 23.66 34.39 25.06 )
( execution_unit_0/register_file_0/U76 24.89 29.26 25.65 30.66 )
( execution_unit_0/register_file_0/U77 25.84 32.06 26.79 33.46 )
( execution_unit_0/register_file_0/U78 24.89 32.06 25.84 33.46 )
( execution_unit_0/register_file_0/U79 42.94 16.66 43.89 18.06 )
( execution_unit_0/register_file_0/U80 35.53 19.46 36.48 20.86 )
( execution_unit_0/register_file_0/U81 37.43 22.26 38.38 23.66 )
( execution_unit_0/register_file_0/U82 40.85 13.86 41.8 15.26 )
( execution_unit_0/register_file_0/U83 25.27 18.06 26.22 19.46 )
( execution_unit_0/register_file_0/U84 37.62 18.06 38.57 19.46 )
( execution_unit_0/register_file_0/U85 37.43 20.86 38.38 22.26 )
( execution_unit_0/register_file_0/U86 28.69 32.06 29.45 33.46 )
( execution_unit_0/register_file_0/U87 26.41 34.86 27.36 36.26 )
( execution_unit_0/register_file_0/U88 25.08 33.46 26.03 34.86 )
( execution_unit_0/register_file_0/U89 39.33 20.86 40.28 22.26 )
( execution_unit_0/register_file_0/U90 27.93 19.46 28.88 20.86 )
( execution_unit_0/register_file_0/U91 30.78 22.26 31.73 23.66 )
( execution_unit_0/register_file_0/U92 44.27 15.26 45.22 16.66 )
( execution_unit_0/register_file_0/U93 25.08 19.46 26.03 20.86 )
( execution_unit_0/register_file_0/U94 30.78 19.46 31.73 20.86 )
( execution_unit_0/register_file_0/U95 33.63 22.26 34.58 23.66 )
( execution_unit_0/register_file_0/U96 27.36 34.86 28.12 36.26 )
( execution_unit_0/register_file_0/U97 28.12 34.86 29.07 36.26 )
( execution_unit_0/register_file_0/U98 26.03 33.46 26.98 34.86 )
( execution_unit_0/register_file_0/U99 44.27 18.06 45.22 19.46 )
( execution_unit_0/register_file_0/U100 34.58 13.86 35.53 15.26 )
( execution_unit_0/register_file_0/U101 33.63 20.86 34.58 22.26 )
( execution_unit_0/register_file_0/U102 41.42 11.06 42.37 12.46 )
( execution_unit_0/register_file_0/U103 25.27 15.26 26.22 16.66 )
( execution_unit_0/register_file_0/U104 35.72 15.26 36.67 16.66 )
( execution_unit_0/register_file_0/U105 35.53 22.26 36.48 23.66 )
( execution_unit_0/register_file_0/U106 30.21 36.26 30.97 37.66 )
( execution_unit_0/register_file_0/U107 27.74 32.06 28.69 33.46 )
( execution_unit_0/register_file_0/U108 26.79 30.66 27.74 32.06 )
( execution_unit_0/register_file_0/U109 39.33 22.26 40.28 23.66 )
( execution_unit_0/register_file_0/U110 31.92 18.06 32.87 19.46 )
( execution_unit_0/register_file_0/U111 32.68 22.26 33.63 23.66 )
( execution_unit_0/register_file_0/U112 46.36 16.66 47.31 18.06 )
( execution_unit_0/register_file_0/U113 27.17 18.06 28.12 19.46 )
( execution_unit_0/register_file_0/U114 33.82 18.06 34.77 19.46 )
( execution_unit_0/register_file_0/U115 34.39 23.66 35.34 25.06 )
( execution_unit_0/register_file_0/U116 27.74 30.66 28.5 32.06 )
( execution_unit_0/register_file_0/U117 25.65 29.26 26.6 30.66 )
( execution_unit_0/register_file_0/U118 24.13 27.86 25.08 29.26 )
( execution_unit_0/register_file_0/U119 38.19 23.66 39.14 25.06 )
( execution_unit_0/register_file_0/U120 26.98 19.46 27.93 20.86 )
( execution_unit_0/register_file_0/U121 31.54 23.66 32.49 25.06 )
( execution_unit_0/register_file_0/U122 45.98 18.06 46.93 19.46 )
( execution_unit_0/register_file_0/U123 26.03 19.46 26.98 20.86 )
( execution_unit_0/register_file_0/U124 29.83 20.86 30.78 22.26 )
( execution_unit_0/register_file_0/U125 34.39 25.06 35.34 26.46 )
( execution_unit_0/register_file_0/U126 26.03 27.86 26.79 29.26 )
( execution_unit_0/register_file_0/U127 30.4 30.66 31.35 32.06 )
( execution_unit_0/register_file_0/U128 28.5 30.66 29.45 32.06 )
( execution_unit_0/register_file_0/U129 49.21 34.86 50.16 36.26 )
( execution_unit_0/register_file_0/U130 42.75 11.06 43.13 12.46 )
( execution_unit_0/register_file_0/U131 40.85 30.66 41.8 32.06 )
( execution_unit_0/register_file_0/U132 40.09 30.66 40.85 32.06 )
( execution_unit_0/register_file_0/U133 26.03 12.46 26.98 13.86 )
( execution_unit_0/register_file_0/U134 38.95 16.66 39.9 18.06 )
( execution_unit_0/register_file_0/U135 46.36 12.46 46.74 13.86 )
( execution_unit_0/register_file_0/U136 50.35 13.86 51.3 15.26 )
( execution_unit_0/register_file_0/U137 29.83 12.46 30.78 13.86 )
( execution_unit_0/register_file_0/U138 38.95 13.86 39.9 15.26 )
( execution_unit_0/register_file_0/U139 39.14 30.66 40.09 32.06 )
( execution_unit_0/register_file_0/U140 31.35 30.66 32.11 32.06 )
( execution_unit_0/register_file_0/U141 31.73 33.46 32.68 34.86 )
( execution_unit_0/register_file_0/U142 28.88 33.46 29.83 34.86 )
( execution_unit_0/register_file_0/U143 39.14 33.46 40.09 34.86 )
( execution_unit_0/register_file_0/U144 38.38 34.86 39.14 36.26 )
( execution_unit_0/register_file_0/U145 26.98 13.86 27.93 15.26 )
( execution_unit_0/register_file_0/U146 35.53 13.86 36.48 15.26 )
( execution_unit_0/register_file_0/U147 51.3 13.86 52.25 15.26 )
( execution_unit_0/register_file_0/U148 40.09 11.06 41.04 12.46 )
( execution_unit_0/register_file_0/U149 36.48 13.86 37.43 15.26 )
( execution_unit_0/register_file_0/U150 36.48 33.46 37.43 34.86 )
( execution_unit_0/register_file_0/U151 32.87 39.06 33.63 40.46 )
( execution_unit_0/register_file_0/U152 31.35 32.06 32.3 33.46 )
( execution_unit_0/register_file_0/U153 29.45 32.06 30.4 33.46 )
( execution_unit_0/register_file_0/U154 40.28 32.06 41.23 33.46 )
( execution_unit_0/register_file_0/U155 39.52 32.06 40.28 33.46 )
( execution_unit_0/register_file_0/U156 30.02 18.06 30.97 19.46 )
( execution_unit_0/register_file_0/U157 35.72 18.06 36.67 19.46 )
( execution_unit_0/register_file_0/U158 53.77 16.66 54.72 18.06 )
( execution_unit_0/register_file_0/U159 34.77 18.06 35.72 19.46 )
( execution_unit_0/register_file_0/U160 36.67 18.06 37.62 19.46 )
( execution_unit_0/register_file_0/U161 37.62 32.06 38.57 33.46 )
( execution_unit_0/register_file_0/U162 32.68 34.86 33.44 36.26 )
( execution_unit_0/register_file_0/U163 30.78 33.46 31.73 34.86 )
( execution_unit_0/register_file_0/U164 32.3 32.06 33.25 33.46 )
( execution_unit_0/register_file_0/U165 37.43 33.46 38.38 34.86 )
( execution_unit_0/register_file_0/U166 36.67 34.86 37.43 36.26 )
( execution_unit_0/register_file_0/U167 30.78 12.46 31.73 13.86 )
( execution_unit_0/register_file_0/U168 32.68 13.86 33.63 15.26 )
( execution_unit_0/register_file_0/U169 45.41 12.46 46.36 13.86 )
( execution_unit_0/register_file_0/U170 31.73 13.86 32.68 15.26 )
( execution_unit_0/register_file_0/U171 33.63 13.86 34.58 15.26 )
( execution_unit_0/register_file_0/U172 34.58 33.46 35.53 34.86 )
( execution_unit_0/register_file_0/U173 33.44 34.86 34.2 36.26 )
( execution_unit_0/register_file_0/U174 32.3 29.26 33.25 30.66 )
( execution_unit_0/register_file_0/U175 27.55 29.26 28.5 30.66 )
( execution_unit_0/register_file_0/U176 41.04 29.26 41.99 30.66 )
( execution_unit_0/register_file_0/U177 40.28 29.26 41.04 30.66 )
( execution_unit_0/register_file_0/U178 28.12 15.26 29.07 16.66 )
( execution_unit_0/register_file_0/U179 37.05 16.66 38.0 18.06 )
( execution_unit_0/register_file_0/U180 47.69 15.26 48.64 16.66 )
( execution_unit_0/register_file_0/U181 33.82 15.26 34.77 16.66 )
( execution_unit_0/register_file_0/U182 36.67 15.26 37.62 16.66 )
( execution_unit_0/register_file_0/U183 39.33 29.26 40.28 30.66 )
( execution_unit_0/register_file_0/U184 34.01 29.26 34.77 30.66 )
( execution_unit_0/register_file_0/U185 33.25 32.06 34.2 33.46 )
( execution_unit_0/register_file_0/U186 32.87 30.66 33.82 32.06 )
( execution_unit_0/register_file_0/U187 38.57 32.06 39.52 33.46 )
( execution_unit_0/register_file_0/U188 38.38 33.46 39.14 34.86 )
( execution_unit_0/register_file_0/U189 30.97 15.26 31.92 16.66 )
( execution_unit_0/register_file_0/U190 35.72 16.66 36.67 18.06 )
( execution_unit_0/register_file_0/U191 51.87 16.66 52.82 18.06 )
( execution_unit_0/register_file_0/U192 34.77 15.26 35.72 16.66 )
( execution_unit_0/register_file_0/U193 34.39 16.66 35.34 18.06 )
( execution_unit_0/register_file_0/U194 36.48 30.66 37.43 32.06 )
( execution_unit_0/register_file_0/U195 33.82 30.66 34.58 32.06 )
( execution_unit_0/register_file_0/U196 30.4 29.26 31.35 30.66 )
( execution_unit_0/register_file_0/U197 26.6 29.26 27.55 30.66 )
( execution_unit_0/register_file_0/U198 38.38 29.26 39.33 30.66 )
( execution_unit_0/register_file_0/U199 37.62 29.26 38.38 30.66 )
( execution_unit_0/register_file_0/U200 26.98 12.46 27.93 13.86 )
( execution_unit_0/register_file_0/U201 30.78 13.86 31.73 15.26 )
( execution_unit_0/register_file_0/U202 44.65 13.86 45.6 15.26 )
( execution_unit_0/register_file_0/U203 28.88 12.46 29.83 13.86 )
( execution_unit_0/register_file_0/U204 28.88 13.86 29.83 15.26 )
( execution_unit_0/register_file_0/U205 36.67 29.26 37.62 30.66 )
( execution_unit_0/register_file_0/U206 33.25 29.26 34.01 30.66 )
( execution_unit_0/register_file_0/U207 31.35 29.26 32.3 30.66 )
( execution_unit_0/register_file_0/U208 31.54 27.86 32.49 29.26 )
( execution_unit_0/register_file_0/U209 42.18 27.86 43.13 29.26 )
( execution_unit_0/register_file_0/U210 42.94 29.26 43.7 30.66 )
( execution_unit_0/register_file_0/U211 27.93 16.66 28.88 18.06 )
( execution_unit_0/register_file_0/U212 38.0 16.66 38.95 18.06 )
( execution_unit_0/register_file_0/U213 55.29 16.66 56.24 18.06 )
( execution_unit_0/register_file_0/U214 32.68 16.66 33.63 18.06 )
( execution_unit_0/register_file_0/U215 40.28 16.66 41.23 18.06 )
( execution_unit_0/register_file_0/U216 41.99 29.26 42.94 30.66 )
( execution_unit_0/register_file_0/U217 32.11 30.66 32.87 32.06 )
( execution_unit_0/register_file_0/U228 40.66 26.46 41.61 27.86 )
( execution_unit_0/register_file_0/U229 27.74 27.86 28.69 29.26 )
( execution_unit_0/register_file_0/U230 38.19 25.06 38.95 26.46 )
( execution_unit_0/register_file_0/U231 30.78 20.86 31.73 22.26 )
( execution_unit_0/register_file_0/U232 30.59 27.86 31.54 29.26 )
( execution_unit_0/register_file_0/U233 32.68 20.86 33.63 22.26 )
( execution_unit_0/register_file_0/U234 29.83 19.46 30.78 20.86 )
( execution_unit_0/register_file_0/U235 30.59 23.66 31.54 25.06 )
( execution_unit_0/register_file_0/U236 33.06 27.86 34.01 29.26 )
( execution_unit_0/register_file_0/U237 41.23 27.86 42.18 29.26 )
( execution_unit_0/register_file_0/U238 49.59 64.26 49.97 65.66 )
( execution_unit_0/register_file_0/U239 53.58 15.26 54.15 16.66 )
( execution_unit_0/register_file_0/U240 58.71 13.86 59.09 15.26 )
( execution_unit_0/register_file_0/U241 57.95 15.26 58.52 16.66 )
( execution_unit_0/register_file_0/U242 55.29 13.86 56.05 15.26 )
( execution_unit_0/register_file_0/U243 50.35 37.66 51.11 39.06 )
( execution_unit_0/register_file_0/U244 48.64 34.86 49.21 36.26 )
( execution_unit_0/register_file_0/U245 54.91 5.46 55.29 6.86 )
( execution_unit_0/register_file_0/U247 54.72 16.66 55.29 18.06 )
( execution_unit_0/register_file_0/U248 50.35 5.46 50.73 6.86 )
( execution_unit_0/register_file_0/U249 47.5 36.26 48.26 37.66 )
( execution_unit_0/register_file_0/U250 52.44 19.46 53.2 20.86 )
( execution_unit_0/register_file_0/U251 53.01 15.26 53.58 16.66 )
( execution_unit_0/register_file_0/U252 48.64 15.26 49.4 16.66 )
( execution_unit_0/register_file_0/U253 42.18 9.66 42.75 11.06 )
( execution_unit_0/register_file_0/U254 46.93 15.26 47.69 16.66 )
( execution_unit_0/register_file_0/U255 24.13 11.06 24.7 12.46 )
( execution_unit_0/register_file_0/U256 20.14 15.26 20.9 16.66 )
( execution_unit_0/register_file_0/U257 11.02 18.06 11.59 19.46 )
( execution_unit_0/register_file_0/U258 19.38 23.66 20.14 25.06 )
( execution_unit_0/register_file_0/U259 38.38 13.86 38.95 15.26 )
( execution_unit_0/register_file_0/U260 38.38 15.26 39.14 16.66 )
( execution_unit_0/register_file_0/U261 20.9 15.26 21.47 16.66 )
( execution_unit_0/register_file_0/U262 20.52 12.46 21.28 13.86 )
( execution_unit_0/register_file_0/U263 37.43 19.46 38.0 20.86 )
( execution_unit_0/register_file_0/U264 45.6 20.86 46.36 22.26 )
( execution_unit_0/register_file_0/U265 19.19 39.06 19.76 40.46 )
( execution_unit_0/register_file_0/U266 22.04 34.86 22.8 36.26 )
( execution_unit_0/register_file_0/U267 16.91 39.06 17.48 40.46 )
( execution_unit_0/register_file_0/U268 21.85 36.26 22.61 37.66 )
( execution_unit_0/register_file_0/U269 25.08 41.86 25.65 43.26 )
( execution_unit_0/register_file_0/U270 30.02 39.06 30.78 40.46 )
( execution_unit_0/register_file_0/U271 17.86 33.46 18.43 34.86 )
( execution_unit_0/register_file_0/U272 21.28 32.06 22.04 33.46 )
( execution_unit_0/register_file_0/U273 23.37 40.46 23.94 41.86 )
( execution_unit_0/register_file_0/U274 21.66 39.06 22.42 40.46 )
( execution_unit_0/register_file_0/U275 39.9 16.66 40.28 18.06 )
( execution_unit_0/register_file_0/U276 34.58 22.26 35.53 23.66 )
( execution_unit_0/register_file_0/U277 44.65 12.46 45.03 13.86 )
( execution_unit_0/register_file_0/U278 47.31 16.66 48.26 18.06 )
( execution_unit_0/register_file_0/U279 45.6 16.66 46.36 18.06 )
( execution_unit_0/register_file_0/U280 26.98 22.26 27.93 23.66 )
( execution_unit_0/register_file_0/U281 26.22 18.06 27.17 19.46 )
( execution_unit_0/register_file_0/U282 27.74 23.66 28.69 25.06 )
( execution_unit_0/register_file_0/U283 26.79 32.06 27.74 33.46 )
( execution_unit_0/register_file_0/U284 26.98 20.86 27.93 22.26 )
( execution_unit_0/register_file_0/U285 33.63 19.46 34.58 20.86 )
( execution_unit_0/register_file_0/U286 34.58 20.86 35.53 22.26 )
( execution_unit_0/register_file_0/U287 36.29 25.06 37.24 26.46 )
( execution_unit_0/register_file_0/U288 48.26 16.66 49.21 18.06 )
( execution_unit_0/register_file_0/U289 45.22 18.06 45.98 19.46 )
( execution_unit_0/register_file_0/U290 25.08 26.46 26.03 27.86 )
( execution_unit_0/register_file_0/U291 24.32 18.06 25.27 19.46 )
( execution_unit_0/register_file_0/U292 26.79 27.86 27.74 29.26 )
( execution_unit_0/register_file_0/U293 25.08 27.86 26.03 29.26 )
( execution_unit_0/register_file_0/U294 26.03 26.46 26.98 27.86 )
( execution_unit_0/register_file_0/U295 31.73 20.86 32.68 22.26 )
( execution_unit_0/register_file_0/U296 35.34 25.06 36.29 26.46 )
( execution_unit_0/register_file_0/U297 36.48 20.86 37.43 22.26 )
( execution_unit_0/register_file_0/U298 41.8 12.46 42.75 13.86 )
( execution_unit_0/register_file_0/U299 42.75 15.26 43.51 16.66 )
( execution_unit_0/register_file_0/U300 25.08 20.86 26.03 22.26 )
( execution_unit_0/register_file_0/U301 25.08 13.86 26.03 15.26 )
( execution_unit_0/register_file_0/U302 26.79 23.66 27.74 25.06 )
( execution_unit_0/register_file_0/U303 26.98 33.46 27.93 34.86 )
( execution_unit_0/register_file_0/U304 25.84 23.66 26.79 25.06 )
( execution_unit_0/register_file_0/U305 34.58 19.46 35.53 20.86 )
( execution_unit_0/register_file_0/U306 35.53 20.86 36.48 22.26 )
( execution_unit_0/register_file_0/U307 37.24 23.66 38.19 25.06 )
( execution_unit_0/register_file_0/U308 45.22 15.26 46.17 16.66 )
( execution_unit_0/register_file_0/U309 42.94 20.86 43.7 22.26 )
( execution_unit_0/register_file_0/U310 25.08 22.26 26.03 23.66 )
( execution_unit_0/register_file_0/U311 24.13 19.46 25.08 20.86 )
( execution_unit_0/register_file_0/U312 26.79 25.06 27.74 26.46 )
( execution_unit_0/register_file_0/U313 24.51 34.86 25.46 36.26 )
( execution_unit_0/register_file_0/U314 24.13 22.26 25.08 23.66 )
( execution_unit_0/register_file_0/U315 31.73 22.26 32.68 23.66 )
( execution_unit_0/register_file_0/U316 36.48 22.26 37.43 23.66 )
( execution_unit_0/register_file_0/U317 36.29 23.66 37.24 25.06 )
( execution_unit_0/register_file_0/U318 43.89 16.66 44.84 18.06 )
( execution_unit_0/register_file_0/U319 44.84 16.66 45.6 18.06 )
( execution_unit_0/register_file_0/U320 24.13 20.86 25.08 22.26 )
( execution_unit_0/register_file_0/U321 26.22 15.26 27.17 16.66 )
( execution_unit_0/register_file_0/U322 25.84 25.06 26.79 26.46 )
( execution_unit_0/register_file_0/U323 24.89 30.66 25.84 32.06 )
( execution_unit_0/register_file_0/U324 26.03 20.86 26.98 22.26 )
( execution_unit_0/register_file_0/U325 29.07 18.06 30.02 19.46 )
( execution_unit_0/register_file_0/U326 35.34 23.66 36.29 25.06 )
( execution_unit_0/register_file_0/U327 38.38 22.26 39.33 23.66 )
( execution_unit_0/register_file_0/U328 42.75 13.86 43.7 15.26 )
( execution_unit_0/register_file_0/U329 43.51 15.26 44.27 16.66 )
( execution_unit_0/register_file_0/U330 21.28 20.86 22.23 22.26 )
( execution_unit_0/register_file_0/U331 23.37 18.06 24.32 19.46 )
( execution_unit_0/register_file_0/U332 24.13 26.46 25.08 27.86 )
( execution_unit_0/register_file_0/U333 22.99 32.06 23.94 33.46 )
( execution_unit_0/register_file_0/U334 23.18 20.86 24.13 22.26 )
( execution_unit_0/register_file_0/U335 38.57 18.06 39.52 19.46 )
( execution_unit_0/register_file_0/U336 38.38 20.86 39.33 22.26 )
( execution_unit_0/register_file_0/U337 38.95 25.06 39.9 26.46 )
( execution_unit_0/register_file_0/U338 41.8 13.86 42.75 15.26 )
( execution_unit_0/register_file_0/U339 42.18 16.66 42.94 18.06 )
( execution_unit_0/register_file_0/U340 20.33 20.86 21.28 22.26 )
( execution_unit_0/register_file_0/U341 22.23 19.46 23.18 20.86 )
( execution_unit_0/register_file_0/U342 23.18 26.46 24.13 27.86 )
( execution_unit_0/register_file_0/U343 22.8 34.86 23.75 36.26 )
( execution_unit_0/register_file_0/U344 22.23 20.86 23.18 22.26 )
( execution_unit_0/register_file_0/U345 36.48 19.46 37.43 20.86 )
( execution_unit_0/register_file_0/U346 38.76 26.46 39.71 27.86 )
( execution_unit_0/register_file_0/U347 56.24 16.66 57.19 18.06 )
( execution_unit_0/register_file_0/U348 43.13 27.86 44.08 29.26 )
( execution_unit_0/register_file_0/U349 36.67 16.66 37.05 18.06 )
( execution_unit_0/register_file_0/U350 36.86 26.46 37.81 27.86 )
( execution_unit_0/register_file_0/U351 36.67 27.86 37.43 29.26 )
( execution_unit_0/register_file_0/U352 29.83 16.66 30.78 18.06 )
( execution_unit_0/register_file_0/U353 28.88 16.66 29.83 18.06 )
( execution_unit_0/register_file_0/U354 29.64 27.86 30.59 29.26 )
( execution_unit_0/register_file_0/U355 28.69 25.06 29.64 26.46 )
( execution_unit_0/register_file_0/U356 29.64 25.06 30.59 26.46 )
( execution_unit_0/register_file_0/U357 34.01 27.86 34.96 29.26 )
( execution_unit_0/register_file_0/U358 44.08 27.86 44.84 29.26 )
( execution_unit_0/register_file_0/U359 43.7 13.86 44.65 15.26 )
( execution_unit_0/register_file_0/U360 38.38 27.86 39.33 29.26 )
( execution_unit_0/register_file_0/U361 33.44 25.06 34.39 26.46 )
( execution_unit_0/register_file_0/U362 35.34 26.46 36.1 27.86 )
( execution_unit_0/register_file_0/U363 26.03 13.86 26.98 15.26 )
( execution_unit_0/register_file_0/U364 27.93 13.86 28.88 15.26 )
( execution_unit_0/register_file_0/U365 28.5 29.26 29.45 30.66 )
( execution_unit_0/register_file_0/U366 26.98 26.46 27.93 27.86 )
( execution_unit_0/register_file_0/U367 27.74 25.06 28.69 26.46 )
( execution_unit_0/register_file_0/U368 27.93 26.46 28.88 27.86 )
( execution_unit_0/register_file_0/U369 34.96 27.86 35.72 29.26 )
( execution_unit_0/register_file_0/U370 50.92 16.66 51.87 18.06 )
( execution_unit_0/register_file_0/U371 38.19 30.66 39.14 32.06 )
( execution_unit_0/register_file_0/U372 35.53 30.66 36.48 32.06 )
( execution_unit_0/register_file_0/U373 34.2 32.06 34.96 33.46 )
( execution_unit_0/register_file_0/U374 31.73 16.66 32.68 18.06 )
( execution_unit_0/register_file_0/U375 32.87 15.26 33.82 16.66 )
( execution_unit_0/register_file_0/U376 32.68 33.46 33.63 34.86 )
( execution_unit_0/register_file_0/U377 30.78 26.46 31.73 27.86 )
( execution_unit_0/register_file_0/U378 32.68 26.46 33.63 27.86 )
( execution_unit_0/register_file_0/U379 34.58 30.66 35.53 32.06 )
( execution_unit_0/register_file_0/U380 35.91 37.66 36.67 39.06 )
( execution_unit_0/register_file_0/U381 49.21 16.66 50.16 18.06 )
( execution_unit_0/register_file_0/U382 46.93 29.26 47.88 30.66 )
( execution_unit_0/register_file_0/U383 35.72 27.86 36.67 29.26 )
( execution_unit_0/register_file_0/U384 36.1 26.46 36.86 27.86 )
( execution_unit_0/register_file_0/U385 30.02 15.26 30.97 16.66 )
( execution_unit_0/register_file_0/U386 29.07 15.26 30.02 16.66 )
( execution_unit_0/register_file_0/U387 29.45 29.26 30.4 30.66 )
( execution_unit_0/register_file_0/U388 27.93 22.26 28.88 23.66 )
( execution_unit_0/register_file_0/U389 29.64 23.66 30.59 25.06 )
( execution_unit_0/register_file_0/U390 34.77 29.26 35.72 30.66 )
( execution_unit_0/register_file_0/U391 46.17 29.26 46.93 30.66 )
( execution_unit_0/register_file_0/U392 45.6 13.86 46.55 15.26 )
( execution_unit_0/register_file_0/U393 42.75 30.66 43.7 32.06 )
( execution_unit_0/register_file_0/U394 33.63 33.46 34.58 34.86 )
( execution_unit_0/register_file_0/U395 34.2 34.86 34.96 36.26 )
( execution_unit_0/register_file_0/U396 31.92 15.26 32.87 16.66 )
( execution_unit_0/register_file_0/U397 31.73 12.46 32.68 13.86 )
( execution_unit_0/register_file_0/U398 29.83 33.46 30.78 34.86 )
( execution_unit_0/register_file_0/U399 30.59 25.06 31.54 26.46 )
( execution_unit_0/register_file_0/U400 31.54 25.06 32.49 26.46 )
( execution_unit_0/register_file_0/U401 31.73 34.86 32.68 36.26 )
( execution_unit_0/register_file_0/U402 43.51 36.26 44.27 37.66 )
( execution_unit_0/register_file_0/U403 52.82 16.66 53.77 18.06 )
( execution_unit_0/register_file_0/U404 41.23 32.06 42.18 33.46 )
( execution_unit_0/register_file_0/U405 35.91 32.06 36.86 33.46 )
( execution_unit_0/register_file_0/U406 36.86 32.06 37.62 33.46 )
( execution_unit_0/register_file_0/U407 30.97 18.06 31.92 19.46 )
( execution_unit_0/register_file_0/U408 32.87 18.06 33.82 19.46 )
( execution_unit_0/register_file_0/U409 30.4 32.06 31.35 33.46 )
( execution_unit_0/register_file_0/U410 29.83 26.46 30.78 27.86 )
( execution_unit_0/register_file_0/U411 31.73 26.46 32.68 27.86 )
( execution_unit_0/register_file_0/U412 34.96 32.06 35.91 33.46 )
( execution_unit_0/register_file_0/U413 40.09 33.46 40.85 34.86 )
( execution_unit_0/register_file_0/U414 51.11 15.26 52.06 16.66 )
( execution_unit_0/register_file_0/U415 40.85 33.46 41.8 34.86 )
( execution_unit_0/register_file_0/U416 35.53 33.46 36.48 34.86 )
( execution_unit_0/register_file_0/U417 35.91 34.86 36.67 36.26 )
( execution_unit_0/register_file_0/U418 29.83 13.86 30.78 15.26 )
( execution_unit_0/register_file_0/U419 29.83 11.06 30.78 12.46 )
( execution_unit_0/register_file_0/U420 27.93 33.46 28.88 34.86 )
( execution_unit_0/register_file_0/U421 28.69 23.66 29.64 25.06 )
( execution_unit_0/register_file_0/U422 29.83 22.26 30.78 23.66 )
( execution_unit_0/register_file_0/U423 34.96 34.86 35.91 36.26 )
( execution_unit_0/register_file_0/U424 40.85 36.26 41.61 37.66 )
( execution_unit_0/register_file_0/U425 49.4 15.26 50.35 16.66 )
( execution_unit_0/register_file_0/U426 41.8 30.66 42.75 32.06 )
( execution_unit_0/register_file_0/U427 37.43 27.86 38.38 29.26 )
( execution_unit_0/register_file_0/U428 37.43 30.66 38.19 32.06 )
( execution_unit_0/register_file_0/U429 28.12 18.06 29.07 19.46 )
( execution_unit_0/register_file_0/U430 27.93 12.46 28.88 13.86 )
( execution_unit_0/register_file_0/U431 29.45 30.66 30.4 32.06 )
( execution_unit_0/register_file_0/U432 26.03 22.26 26.98 23.66 )
( execution_unit_0/register_file_0/U433 28.88 22.26 29.83 23.66 )
( execution_unit_0/register_file_0/U434 35.72 29.26 36.67 30.66 )
( execution_unit_0/register_file_0/U435 44.84 29.26 45.6 30.66 )
( execution_unit_0/register_file_0/U436 37.81 26.46 38.76 27.86 )
( execution_unit_0/register_file_0/U437 33.63 26.46 34.58 27.86 )
( execution_unit_0/register_file_0/U438 34.58 26.46 35.34 27.86 )
( execution_unit_0/register_file_0/U439 28.88 19.46 29.83 20.86 )
( execution_unit_0/register_file_0/U440 41.99 20.86 42.94 22.26 )
( execution_unit_0/register_file_0/U441 28.69 27.86 29.64 29.26 )
( execution_unit_0/register_file_0/U442 27.93 20.86 28.88 22.26 )
( execution_unit_0/register_file_0/U443 28.88 20.86 29.83 22.26 )
( execution_unit_0/register_file_0/U444 28.88 26.46 29.83 27.86 )
( execution_unit_0/register_file_0/U445 39.33 27.86 40.28 29.26 )
( execution_unit_0/register_file_0/U446 55.48 11.06 55.86 12.46 )
( execution_unit_0/register_file_0/U448 56.81 26.46 57.57 27.86 )
( execution_unit_0/register_file_0/U449 56.05 27.86 56.81 29.26 )
( execution_unit_0/register_file_0/U450 57.19 12.46 57.57 13.86 )
( execution_unit_0/register_file_0/U452 55.29 26.46 56.05 27.86 )
( execution_unit_0/register_file_0/U453 54.53 26.46 55.29 27.86 )
( execution_unit_0/register_file_0/U454 58.71 16.66 59.28 18.06 )
( execution_unit_0/register_file_0/U456 57.57 26.46 58.33 27.86 )
( execution_unit_0/register_file_0/U457 57.38 29.26 58.14 30.66 )
( execution_unit_0/register_file_0/U458 56.81 39.06 57.38 40.46 )
( execution_unit_0/register_file_0/U459 50.16 34.86 50.92 36.26 )
( execution_unit_0/register_file_0/U460 48.45 33.46 49.4 34.86 )
( execution_unit_0/register_file_0/U461 47.5 33.46 48.45 34.86 )
( execution_unit_0/register_file_0/U462 50.73 5.46 51.11 6.86 )
( execution_unit_0/register_file_0/U463 48.64 27.86 49.59 29.26 )
( execution_unit_0/register_file_0/U464 58.52 4.06 58.9 5.46 )
( execution_unit_0/register_file_0/U465 47.88 29.26 48.83 30.66 )
( execution_unit_0/register_file_0/U466 52.06 4.06 52.44 5.46 )
( execution_unit_0/register_file_0/U467 48.83 29.26 49.78 30.66 )
( execution_unit_0/register_file_0/U468 58.14 4.06 58.52 5.46 )
( execution_unit_0/register_file_0/U469 67.83 13.86 68.4 15.26 )
( execution_unit_0/register_file_0/U471 56.05 26.46 56.81 27.86 )
( execution_unit_0/register_file_0/U472 55.29 27.86 56.05 29.26 )
( execution_unit_0/register_file_0/U473 12.54 57.26 12.92 58.66 )
( execution_unit_0/register_file_0/U474 53.96 26.46 54.53 27.86 )
( execution_unit_0/register_file_0/U475 50.16 16.66 50.92 18.06 )
( execution_unit_0/register_file_0/U476 16.53 37.66 17.48 39.06 )
( execution_unit_0/register_file_0/U477 45.03 12.46 45.41 13.86 )
( execution_unit_0/register_file_0/U478 36.29 36.26 36.86 37.66 )
( execution_unit_0/register_file_0/U479 19.95 36.26 20.9 37.66 )
( execution_unit_0/register_file_0/U480 34.01 16.66 34.39 18.06 )
( execution_unit_0/register_file_0/U481 30.97 43.26 31.54 44.66 )
( execution_unit_0/register_file_0/U482 13.3 43.26 14.25 44.66 )
( execution_unit_0/register_file_0/U483 33.63 16.66 34.01 18.06 )
( execution_unit_0/register_file_0/U484 31.54 48.86 32.11 50.26 )
( execution_unit_0/register_file_0/U485 11.59 44.66 12.54 46.06 )
( execution_unit_0/register_file_0/U486 34.01 61.46 34.39 62.86 )
( execution_unit_0/register_file_0/U487 33.06 41.86 33.63 43.26 )
( execution_unit_0/register_file_0/U488 17.48 37.66 18.43 39.06 )
( execution_unit_0/register_file_0/U489 35.53 11.06 35.91 12.46 )
( execution_unit_0/register_file_0/U490 36.29 40.46 36.86 41.86 )
( execution_unit_0/register_file_0/U491 13.68 37.66 14.63 39.06 )
( execution_unit_0/register_file_0/U492 35.34 16.66 35.72 18.06 )
( execution_unit_0/register_file_0/U493 28.5 43.26 29.07 44.66 )
( execution_unit_0/register_file_0/U494 19.38 34.86 20.33 36.26 )
( execution_unit_0/register_file_0/U495 30.78 8.26 31.16 9.66 )
( execution_unit_0/register_file_0/U496 32.49 27.86 33.06 29.26 )
( execution_unit_0/register_file_0/U497 14.63 37.66 15.58 39.06 )
( execution_unit_0/register_file_0/U498 32.3 9.66 32.68 11.06 )
( execution_unit_0/register_file_0/U499 31.54 41.86 32.11 43.26 )
( execution_unit_0/register_file_0/U500 12.35 43.26 13.3 44.66 )
( execution_unit_0/register_file_0/U501 66.12 13.86 66.69 15.26 )
( execution_unit_0/register_file_0/U502 31.92 9.66 32.3 11.06 )
( execution_unit_0/register_file_0/U503 31.16 44.66 31.73 46.06 )
( execution_unit_0/register_file_0/U504 7.98 41.86 8.93 43.26 )
( execution_unit_0/register_file_0/U505 68.21 9.66 68.78 11.06 )
( execution_unit_0/register_file_0/U506 31.92 62.86 32.3 64.26 )
( execution_unit_0/register_file_0/U507 28.31 47.46 28.88 48.86 )
( execution_unit_0/register_file_0/U508 15.2 43.26 16.15 44.66 )
( execution_unit_0/register_file_0/U509 64.98 13.86 65.55 15.26 )
( execution_unit_0/register_file_0/U510 28.5 40.46 28.88 41.86 )
( execution_unit_0/register_file_0/U511 27.93 43.26 28.5 44.66 )
( execution_unit_0/register_file_0/U512 8.93 41.86 9.88 43.26 )
( execution_unit_0/register_file_0/U513 67.26 13.86 67.83 15.26 )
( execution_unit_0/register_file_0/U514 27.36 61.46 27.74 62.86 )
( execution_unit_0/register_file_0/U515 27.74 47.46 28.31 48.86 )
( execution_unit_0/register_file_0/U516 10.64 44.66 11.59 46.06 )
( execution_unit_0/register_file_0/U517 64.41 13.86 64.98 15.26 )
( execution_unit_0/register_file_0/U518 28.69 57.26 29.07 58.66 )
( execution_unit_0/register_file_0/U519 28.12 53.06 28.69 54.46 )
( execution_unit_0/register_file_0/U520 14.25 43.26 15.2 44.66 )
( execution_unit_0/register_file_0/U521 65.55 13.86 66.12 15.26 )
( execution_unit_0/register_file_0/U522 31.54 62.86 31.92 64.26 )
( execution_unit_0/register_file_0/U523 28.69 44.66 29.26 46.06 )
( execution_unit_0/register_file_0/U524 19.38 37.66 20.33 39.06 )
( execution_unit_0/register_file_0/U525 68.59 16.66 69.16 18.06 )
( execution_unit_0/register_file_0/U526 9.88 41.86 10.83 43.26 )
( execution_unit_0/register_file_0/U527 12.35 18.06 12.73 19.46 )
( execution_unit_0/register_file_0/U528 9.88 25.06 10.83 26.46 )
( execution_unit_0/register_file_0/U529 13.68 23.66 14.63 25.06 )
( execution_unit_0/register_file_0/U530 15.58 25.06 16.53 26.46 )
( execution_unit_0/register_file_0/U531 9.88 29.26 10.83 30.66 )
( execution_unit_0/register_file_0/U532 10.83 29.26 11.78 30.66 )
( execution_unit_0/register_file_0/U533 4.18 29.26 5.13 30.66 )
( execution_unit_0/register_file_0/U534 12.73 29.26 13.68 30.66 )
( execution_unit_0/register_file_0/U535 15.58 26.46 16.53 27.86 )
( execution_unit_0/register_file_0/U536 11.78 29.26 12.73 30.66 )
( execution_unit_0/register_file_0/U537 11.78 22.26 12.73 23.66 )
( execution_unit_0/register_file_0/U538 5.13 23.66 6.08 25.06 )
( execution_unit_0/register_file_0/U539 4.18 23.66 5.13 25.06 )
( execution_unit_0/register_file_0/U540 7.98 25.06 8.93 26.46 )
( execution_unit_0/register_file_0/U541 11.78 20.86 12.73 22.26 )
( execution_unit_0/register_file_0/U542 5.13 29.26 6.08 30.66 )
( execution_unit_0/register_file_0/U543 8.93 25.06 9.88 26.46 )
( execution_unit_0/register_file_0/U544 20.71 61.46 21.09 62.86 )
( execution_unit_0/register_file_0/U545 20.9 36.26 21.85 37.66 )
( execution_unit_0/register_file_0/U546 24.51 36.26 25.46 37.66 )
( execution_unit_0/register_file_0/U547 19.95 43.26 20.9 44.66 )
( execution_unit_0/register_file_0/U548 18.43 41.86 19.38 43.26 )
( execution_unit_0/register_file_0/U549 30.02 34.86 30.97 36.26 )
( execution_unit_0/register_file_0/U550 25.46 36.26 26.41 37.66 )
( execution_unit_0/register_file_0/U551 29.07 34.86 30.02 36.26 )
( execution_unit_0/register_file_0/U552 22.61 36.26 23.56 37.66 )
( execution_unit_0/register_file_0/U553 18.05 43.26 19.0 44.66 )
( execution_unit_0/register_file_0/U554 18.24 39.06 19.19 40.46 )
( execution_unit_0/register_file_0/U555 17.1 43.26 18.05 44.66 )
( execution_unit_0/register_file_0/U556 19.0 43.26 19.95 44.66 )
( execution_unit_0/register_file_0/U557 16.15 43.26 17.1 44.66 )
( execution_unit_0/register_file_0/U558 24.51 44.66 25.46 46.06 )
( execution_unit_0/register_file_0/U559 23.56 36.26 24.51 37.66 )
( execution_unit_0/register_file_0/U560 23.18 41.86 24.13 43.26 )
( execution_unit_0/register_file_0/U561 12.54 58.66 12.92 60.06 )
( execution_unit_0/register_file_0/U562 9.88 34.86 10.83 36.26 )
( execution_unit_0/register_file_0/U563 15.58 32.06 16.53 33.46 )
( execution_unit_0/register_file_0/U564 15.58 37.66 16.53 39.06 )
( execution_unit_0/register_file_0/U565 7.03 41.86 7.98 43.26 )
( execution_unit_0/register_file_0/U566 10.83 34.86 11.78 36.26 )
( execution_unit_0/register_file_0/U567 4.18 34.86 5.13 36.26 )
( execution_unit_0/register_file_0/U568 15.2 36.26 16.15 37.66 )
( execution_unit_0/register_file_0/U569 8.36 36.26 9.31 37.66 )
( execution_unit_0/register_file_0/U570 12.54 30.66 13.49 32.06 )
( execution_unit_0/register_file_0/U571 7.98 37.66 8.93 39.06 )
( execution_unit_0/register_file_0/U572 4.18 41.86 5.13 43.26 )
( execution_unit_0/register_file_0/U573 5.13 41.86 6.08 43.26 )
( execution_unit_0/register_file_0/U574 6.08 41.86 7.03 43.26 )
( execution_unit_0/register_file_0/U575 8.93 37.66 9.88 39.06 )
( execution_unit_0/register_file_0/U576 13.49 30.66 14.44 32.06 )
( execution_unit_0/register_file_0/U577 8.93 34.86 9.88 36.26 )
( execution_unit_0/register_file_0/U578 17.29 18.06 17.67 19.46 )
( execution_unit_0/register_file_0/U579 21.28 26.46 22.23 27.86 )
( execution_unit_0/register_file_0/U580 19.19 29.26 20.14 30.66 )
( execution_unit_0/register_file_0/U581 18.43 37.66 19.38 39.06 )
( execution_unit_0/register_file_0/U582 22.04 32.06 22.99 33.46 )
( execution_unit_0/register_file_0/U583 16.53 32.06 17.48 33.46 )
( execution_unit_0/register_file_0/U584 19.38 27.86 20.33 29.26 )
( execution_unit_0/register_file_0/U585 18.43 33.46 19.38 34.86 )
( execution_unit_0/register_file_0/U586 23.94 29.26 24.89 30.66 )
( execution_unit_0/register_file_0/U587 14.44 29.26 15.39 30.66 )
( execution_unit_0/register_file_0/U588 20.33 26.46 21.28 27.86 )
( execution_unit_0/register_file_0/U589 16.53 25.06 17.48 26.46 )
( execution_unit_0/register_file_0/U590 22.23 26.46 23.18 27.86 )
( execution_unit_0/register_file_0/U591 20.14 23.66 21.09 25.06 )
( execution_unit_0/register_file_0/U592 14.63 23.66 15.58 25.06 )
( execution_unit_0/register_file_0/U593 14.63 25.06 15.58 26.46 )
( execution_unit_0/register_file_0/U594 21.09 23.66 22.04 25.06 )
( execution_unit_0/register_file_0/U595 50.54 12.46 50.92 13.86 )
( execution_unit_0/register_file_0/U596 49.21 26.46 50.16 27.86 )
( execution_unit_0/register_file_0/U597 46.93 18.06 47.88 19.46 )
( execution_unit_0/register_file_0/U598 52.25 26.46 53.2 27.86 )
( execution_unit_0/register_file_0/U599 48.83 22.26 49.78 23.66 )
( execution_unit_0/register_file_0/U600 40.28 27.86 41.23 29.26 )
( execution_unit_0/register_file_0/U601 41.23 16.66 42.18 18.06 )
( execution_unit_0/register_file_0/U602 38.0 19.46 38.95 20.86 )
( execution_unit_0/register_file_0/U603 51.68 18.06 52.63 19.46 )
( execution_unit_0/register_file_0/U604 46.55 19.46 47.5 20.86 )
( execution_unit_0/register_file_0/U605 48.45 25.06 49.4 26.46 )
( execution_unit_0/register_file_0/U606 40.28 20.86 41.23 22.26 )
( execution_unit_0/register_file_0/U607 40.28 22.26 41.23 23.66 )
( execution_unit_0/register_file_0/U608 47.5 25.06 48.45 26.46 )
( execution_unit_0/register_file_0/U609 47.12 20.86 48.07 22.26 )
( execution_unit_0/register_file_0/U610 39.71 26.46 40.66 27.86 )
( execution_unit_0/register_file_0/U611 49.78 22.26 50.73 23.66 )
( execution_unit_0/register_file_0/U612 10.26 6.86 10.64 8.26 )
( execution_unit_0/register_file_0/U613 19.95 11.06 20.9 12.46 )
( execution_unit_0/register_file_0/U614 19.57 6.86 20.52 8.26 )
( execution_unit_0/register_file_0/U615 18.62 6.86 19.57 8.26 )
( execution_unit_0/register_file_0/U616 20.9 11.06 21.85 12.46 )
( execution_unit_0/register_file_0/U617 15.39 6.86 16.34 8.26 )
( execution_unit_0/register_file_0/U618 5.51 6.86 6.46 8.26 )
( execution_unit_0/register_file_0/U619 14.63 9.66 15.58 11.06 )
( execution_unit_0/register_file_0/U620 4.18 5.46 5.13 6.86 )
( execution_unit_0/register_file_0/U621 13.68 8.26 14.63 9.66 )
( execution_unit_0/register_file_0/U622 12.73 8.26 13.68 9.66 )
( execution_unit_0/register_file_0/U623 7.98 9.66 8.93 11.06 )
( execution_unit_0/register_file_0/U624 17.67 6.86 18.62 8.26 )
( execution_unit_0/register_file_0/U625 16.34 6.86 17.29 8.26 )
( execution_unit_0/register_file_0/U626 14.44 6.86 15.39 8.26 )
( execution_unit_0/register_file_0/U627 4.18 6.86 5.13 8.26 )
( execution_unit_0/register_file_0/U628 11.78 8.26 12.73 9.66 )
( execution_unit_0/register_file_0/U629 25.08 5.46 25.46 6.86 )
( execution_unit_0/register_file_0/U630 25.08 12.46 26.03 13.86 )
( execution_unit_0/register_file_0/U631 24.7 11.06 25.65 12.46 )
( execution_unit_0/register_file_0/U632 25.27 6.86 26.22 8.26 )
( execution_unit_0/register_file_0/U633 30.78 11.06 31.73 12.46 )
( execution_unit_0/register_file_0/U634 31.16 8.26 32.11 9.66 )
( execution_unit_0/register_file_0/U635 26.22 6.86 27.17 8.26 )
( execution_unit_0/register_file_0/U636 30.78 4.06 31.73 5.46 )
( execution_unit_0/register_file_0/U637 27.17 6.86 28.12 8.26 )
( execution_unit_0/register_file_0/U638 22.23 8.26 23.18 9.66 )
( execution_unit_0/register_file_0/U639 32.11 8.26 33.06 9.66 )
( execution_unit_0/register_file_0/U640 37.43 13.86 38.38 15.26 )
( execution_unit_0/register_file_0/U641 20.33 5.46 21.28 6.86 )
( execution_unit_0/register_file_0/U642 29.26 5.46 30.21 6.86 )
( execution_unit_0/register_file_0/U643 30.97 5.46 31.92 6.86 )
( execution_unit_0/register_file_0/U644 24.32 6.86 25.27 8.26 )
( execution_unit_0/register_file_0/U645 31.92 5.46 32.87 6.86 )
( execution_unit_0/register_file_0/U646 5.13 6.86 5.51 8.26 )
( execution_unit_0/register_file_0/U647 11.78 13.86 12.73 15.26 )
( execution_unit_0/register_file_0/U648 13.68 9.66 14.63 11.06 )
( execution_unit_0/register_file_0/U649 12.73 9.66 13.68 11.06 )
( execution_unit_0/register_file_0/U650 10.07 18.06 11.02 19.46 )
( execution_unit_0/register_file_0/U651 10.83 11.06 11.78 12.46 )
( execution_unit_0/register_file_0/U652 4.37 12.46 5.32 13.86 )
( execution_unit_0/register_file_0/U653 12.73 13.86 13.68 15.26 )
( execution_unit_0/register_file_0/U654 4.18 11.06 5.13 12.46 )
( execution_unit_0/register_file_0/U655 13.49 18.06 14.44 19.46 )
( execution_unit_0/register_file_0/U656 7.98 16.66 8.93 18.06 )
( execution_unit_0/register_file_0/U657 8.93 15.26 9.88 16.66 )
( execution_unit_0/register_file_0/U658 7.98 15.26 8.93 16.66 )
( execution_unit_0/register_file_0/U659 8.93 19.46 9.88 20.86 )
( execution_unit_0/register_file_0/U660 8.93 11.06 9.88 12.46 )
( execution_unit_0/register_file_0/U661 4.18 19.46 5.13 20.86 )
( execution_unit_0/register_file_0/U662 9.88 11.06 10.83 12.46 )
( execution_unit_0/register_file_0/U663 17.29 6.86 17.67 8.26 )
( execution_unit_0/register_file_0/U664 13.68 19.46 14.63 20.86 )
( execution_unit_0/register_file_0/U665 22.8 11.06 23.75 12.46 )
( execution_unit_0/register_file_0/U666 17.1 11.06 18.05 12.46 )
( execution_unit_0/register_file_0/U667 21.28 16.66 22.23 18.06 )
( execution_unit_0/register_file_0/U668 13.68 13.86 14.63 15.26 )
( execution_unit_0/register_file_0/U669 19.38 13.86 20.33 15.26 )
( execution_unit_0/register_file_0/U670 21.85 11.06 22.8 12.46 )
( execution_unit_0/register_file_0/U671 14.63 13.86 15.58 15.26 )
( execution_unit_0/register_file_0/U672 13.68 15.26 14.63 16.66 )
( execution_unit_0/register_file_0/U673 22.42 18.06 23.37 19.46 )
( execution_unit_0/register_file_0/U674 22.23 16.66 23.18 18.06 )
( execution_unit_0/register_file_0/U675 24.13 13.86 25.08 15.26 )
( execution_unit_0/register_file_0/U676 17.67 18.06 18.62 19.46 )
( execution_unit_0/register_file_0/U677 19.19 15.26 20.14 16.66 )
( execution_unit_0/register_file_0/U678 14.44 18.06 15.39 19.46 )
( execution_unit_0/register_file_0/U679 20.33 16.66 21.28 18.06 )
( execution_unit_0/register_file_0/U680 40.28 4.06 40.66 5.46 )
( execution_unit_0/register_file_0/U681 47.5 13.86 48.45 15.26 )
( execution_unit_0/register_file_0/U682 38.19 8.26 39.14 9.66 )
( execution_unit_0/register_file_0/U683 41.42 6.86 42.37 8.26 )
( execution_unit_0/register_file_0/U684 36.48 9.66 37.43 11.06 )
( execution_unit_0/register_file_0/U685 41.23 9.66 42.18 11.06 )
( execution_unit_0/register_file_0/U686 36.86 8.26 37.81 9.66 )
( execution_unit_0/register_file_0/U687 39.52 6.86 40.47 8.26 )
( execution_unit_0/register_file_0/U688 35.53 4.06 36.48 5.46 )
( execution_unit_0/register_file_0/U689 43.32 6.86 44.27 8.26 )
( execution_unit_0/register_file_0/U690 42.37 6.86 43.32 8.26 )
( execution_unit_0/register_file_0/U691 43.13 11.06 44.08 12.46 )
( execution_unit_0/register_file_0/U692 40.47 6.86 41.42 8.26 )
( execution_unit_0/register_file_0/U693 44.27 6.86 45.22 8.26 )
( execution_unit_0/register_file_0/U694 45.22 6.86 46.17 8.26 )
( execution_unit_0/register_file_0/U695 47.12 8.26 48.07 9.66 )
( execution_unit_0/register_file_0/U696 44.65 5.46 45.6 6.86 )
( execution_unit_0/register_file_0/U697 54.72 6.86 55.1 8.26 )
( execution_unit_0/register_file_0/U698 46.55 13.86 47.5 15.26 )
( execution_unit_0/register_file_0/U699 52.82 8.26 53.77 9.66 )
( execution_unit_0/register_file_0/U700 51.87 6.86 52.82 8.26 )
( execution_unit_0/register_file_0/U701 55.29 12.46 56.24 13.86 )
( execution_unit_0/register_file_0/U702 46.17 6.86 47.12 8.26 )
( execution_unit_0/register_file_0/U703 50.35 9.66 51.3 11.06 )
( execution_unit_0/register_file_0/U704 52.82 6.86 53.77 8.26 )
( execution_unit_0/register_file_0/U705 51.87 8.26 52.82 9.66 )
( execution_unit_0/register_file_0/U706 55.48 9.66 56.43 11.06 )
( execution_unit_0/register_file_0/U707 53.77 6.86 54.72 8.26 )
( execution_unit_0/register_file_0/U708 56.24 12.46 57.19 13.86 )
( execution_unit_0/register_file_0/U709 57.57 8.26 58.52 9.66 )
( execution_unit_0/register_file_0/U710 52.06 15.26 53.01 16.66 )
( execution_unit_0/register_file_0/U711 53.01 13.86 53.96 15.26 )
( execution_unit_0/register_file_0/U712 47.12 6.86 48.07 8.26 )
( execution_unit_0/register_file_0/U713 49.4 5.46 50.35 6.86 )
( execution_unit_0/register_file_0/U714 57.76 4.06 58.14 5.46 )
( execution_unit_0/register_file_0/U715 58.52 15.26 59.28 16.66 )
( execution_unit_0/register_file_0/U716 63.08 19.46 64.03 20.86 )
( execution_unit_0/register_file_0/U717 56.43 18.06 57.19 19.46 )
( execution_unit_0/register_file_0/U718 63.27 20.86 64.22 22.26 )
( execution_unit_0/register_file_0/U719 57.19 16.66 57.95 18.06 )
( execution_unit_0/register_file_0/U720 64.22 20.86 65.17 22.26 )
( execution_unit_0/register_file_0/U721 63.84 16.66 64.6 18.06 )
( execution_unit_0/register_file_0/U722 64.79 19.46 65.74 20.86 )
( execution_unit_0/register_file_0/U723 59.47 13.86 60.23 15.26 )
( execution_unit_0/register_file_0/U724 59.66 19.46 60.61 20.86 )
( execution_unit_0/register_file_0/U725 57.95 16.66 58.71 18.06 )
( execution_unit_0/register_file_0/U726 68.02 18.06 68.97 19.46 )
( execution_unit_0/register_file_0/U727 59.66 6.86 60.42 8.26 )
( execution_unit_0/register_file_0/U728 66.5 18.06 67.45 19.46 )
( execution_unit_0/register_file_0/U729 64.6 16.66 65.36 18.06 )
( execution_unit_0/register_file_0/U730 57.0 4.06 57.38 5.46 )
( execution_unit_0/register_file_0/U731 65.55 18.06 66.5 19.46 )
( execution_unit_0/register_file_0/U732 65.36 16.66 66.12 18.06 )
( execution_unit_0/register_file_0/U733 58.52 8.26 58.9 9.66 )
( execution_unit_0/register_file_0/U734 67.26 9.66 68.21 11.06 )
( execution_unit_0/register_file_0/U735 64.98 9.66 65.74 11.06 )
( execution_unit_0/register_file_0/U736 61.37 12.46 61.75 13.86 )
( execution_unit_0/register_file_0/U737 67.64 11.06 68.59 12.46 )
( execution_unit_0/register_file_0/U738 58.9 8.26 59.66 9.66 )
( execution_unit_0/register_file_0/U739 63.27 5.46 63.65 6.86 )
( execution_unit_0/register_file_0/U740 66.12 16.66 67.07 18.06 )
( execution_unit_0/register_file_0/U741 59.28 16.66 60.04 18.06 )
( execution_unit_0/register_file_0/U742 63.46 4.06 63.84 5.46 )
( execution_unit_0/register_file_0/U743 60.23 9.66 61.18 11.06 )
( execution_unit_0/register_file_0/U744 58.9 6.86 59.66 8.26 )
( execution_unit_0/register_file_0/U745 63.46 11.06 63.84 12.46 )
( execution_unit_0/register_file_0/U746 69.35 9.66 70.3 11.06 )
( execution_unit_0/register_file_0/U747 65.74 9.66 66.5 11.06 )
( execution_unit_0/register_file_0/U748 66.5 9.66 66.88 11.06 )
( execution_unit_0/register_file_0/U749 68.59 11.06 69.54 12.46 )
( execution_unit_0/register_file_0/U750 59.66 8.26 60.42 9.66 )
( execution_unit_0/register_file_0/U751 70.49 11.06 70.87 12.46 )
( execution_unit_0/register_file_0/U752 69.54 11.06 70.49 12.46 )
( execution_unit_0/register_file_0/U753 64.6 6.86 65.36 8.26 )
( mem_backbone_0/dma_ready_dly_reg 93.48 61.46 97.28 62.86 )
( mem_backbone_0/per_dout_val_reg_15_ 55.1 71.26 58.9 72.66 )
( mem_backbone_0/per_dout_val_reg_14_ 53.01 69.86 56.81 71.26 )
( mem_backbone_0/per_dout_val_reg_13_ 62.51 64.26 66.31 65.66 )
( mem_backbone_0/per_dout_val_reg_12_ 65.93 67.06 69.73 68.46 )
( mem_backbone_0/per_dout_val_reg_11_ 66.12 65.66 69.92 67.06 )
( mem_backbone_0/per_dout_val_reg_10_ 58.71 64.26 62.51 65.66 )
( mem_backbone_0/per_dout_val_reg_9_ 55.67 68.46 59.47 69.86 )
( mem_backbone_0/per_dout_val_reg_8_ 56.05 67.06 59.85 68.46 )
( mem_backbone_0/per_dout_val_reg_7_ 59.28 71.26 63.08 72.66 )
( mem_backbone_0/per_dout_val_reg_6_ 57.19 69.86 60.99 71.26 )
( mem_backbone_0/per_dout_val_reg_5_ 61.94 65.66 65.74 67.06 )
( mem_backbone_0/per_dout_val_reg_4_ 70.3 68.46 74.1 69.86 )
( mem_backbone_0/per_dout_val_reg_3_ 60.23 68.46 64.03 69.86 )
( mem_backbone_0/per_dout_val_reg_2_ 67.45 64.26 71.25 65.66 )
( mem_backbone_0/per_dout_val_reg_1_ 59.85 67.06 63.65 68.46 )
( mem_backbone_0/per_dout_val_reg_0_ 69.73 67.06 73.53 68.46 )
( mem_backbone_0/pmem_dout_bckup_reg_15_ 44.46 72.66 48.26 74.06 )
( mem_backbone_0/pmem_dout_bckup_reg_14_ 48.26 72.66 52.06 74.06 )
( mem_backbone_0/pmem_dout_bckup_reg_13_ 38.38 71.26 42.18 72.66 )
( mem_backbone_0/pmem_dout_bckup_reg_12_ 48.45 69.86 52.25 71.26 )
( mem_backbone_0/pmem_dout_bckup_reg_11_ 44.46 74.06 48.26 75.46 )
( mem_backbone_0/pmem_dout_bckup_reg_10_ 43.7 69.86 47.5 71.26 )
( mem_backbone_0/pmem_dout_bckup_reg_9_ 45.98 71.26 49.78 72.66 )
( mem_backbone_0/pmem_dout_bckup_reg_8_ 48.26 74.06 52.06 75.46 )
( mem_backbone_0/pmem_dout_bckup_reg_7_ 40.66 74.06 44.46 75.46 )
( mem_backbone_0/pmem_dout_bckup_reg_6_ 39.9 69.86 43.7 71.26 )
( mem_backbone_0/pmem_dout_bckup_reg_5_ 34.96 75.46 38.76 76.86 )
( mem_backbone_0/pmem_dout_bckup_reg_4_ 38.76 75.46 42.56 76.86 )
( mem_backbone_0/pmem_dout_bckup_reg_3_ 38.0 72.66 41.8 74.06 )
( mem_backbone_0/pmem_dout_bckup_reg_2_ 42.18 71.26 45.98 72.66 )
( mem_backbone_0/pmem_dout_bckup_reg_1_ 49.78 71.26 53.58 72.66 )
( mem_backbone_0/pmem_dout_bckup_reg_0_ 36.48 74.06 40.28 75.46 )
( mem_backbone_0/eu_mdb_in_sel_reg_1_ 58.14 65.66 61.94 67.06 )
( mem_backbone_0/eu_mdb_in_sel_reg_0_ 70.87 62.86 74.67 64.26 )
( mem_backbone_0/pmem_dout_bckup_sel_reg 63.08 71.26 66.88 72.66 )
( mem_backbone_0/ext_mem_din_sel_reg_0_ 74.67 62.86 78.47 64.26 )
( mem_backbone_0/fe_pmem_en_dly_reg 66.5 68.46 70.3 69.86 )
( mem_backbone_0/ext_mem_din_sel_reg_1_ 54.91 64.26 58.71 65.66 )
( mem_backbone_0/U4 79.8 51.66 80.75 53.06 )
( mem_backbone_0/U5 89.3 43.26 90.25 44.66 )
( mem_backbone_0/U7 88.73 40.46 90.44 41.86 )
( mem_backbone_0/U8 95.19 47.46 95.76 48.86 )
( mem_backbone_0/U9 72.39 27.86 73.53 29.26 )
( mem_backbone_0/U10 71.82 36.26 72.39 37.66 )
( mem_backbone_0/U11 71.25 64.26 71.63 65.66 )
( mem_backbone_0/U12 77.71 4.06 78.09 5.46 )
( mem_backbone_0/U13 73.34 12.46 74.29 13.86 )
( mem_backbone_0/U14 78.85 36.26 79.8 37.66 )
( mem_backbone_0/U15 77.71 53.06 78.28 54.46 )
( mem_backbone_0/U16 8.36 68.46 8.74 69.86 )
( mem_backbone_0/U17 8.17 53.06 9.12 54.46 )
( mem_backbone_0/U19 5.13 53.06 6.08 54.46 )
( mem_backbone_0/U21 7.22 53.06 8.17 54.46 )
( mem_backbone_0/U22 4.18 53.06 5.13 54.46 )
( mem_backbone_0/U23 6.08 53.06 7.22 54.46 )
( mem_backbone_0/U24 75.81 53.06 76.76 54.46 )
( mem_backbone_0/U25 69.54 4.06 69.92 5.46 )
( mem_backbone_0/U26 69.73 12.46 70.68 13.86 )
( mem_backbone_0/U27 68.78 9.66 69.35 11.06 )
( mem_backbone_0/U28 68.4 13.86 68.97 15.26 )
( mem_backbone_0/U29 77.33 32.06 78.66 33.46 )
( mem_backbone_0/U30 4.18 54.46 4.56 55.86 )
( mem_backbone_0/U31 12.73 51.66 13.3 53.06 )
( mem_backbone_0/U32 11.97 51.66 12.73 53.06 )
( mem_backbone_0/U33 76.76 75.46 77.14 76.86 )
( mem_backbone_0/U34 4.18 67.06 4.56 68.46 )
( mem_backbone_0/U35 13.3 50.26 13.87 51.66 )
( mem_backbone_0/U36 12.54 50.26 13.3 51.66 )
( mem_backbone_0/U37 75.81 64.26 76.19 65.66 )
( mem_backbone_0/U38 79.42 50.26 79.99 51.66 )
( mem_backbone_0/U39 5.51 51.66 6.46 53.06 )
( mem_backbone_0/U40 6.46 51.66 8.17 53.06 )
( mem_backbone_0/U41 4.18 51.66 4.94 53.06 )
( mem_backbone_0/U42 4.94 51.66 5.51 53.06 )
( mem_backbone_0/U45 28.5 58.66 29.83 60.06 )
( mem_backbone_0/U46 91.77 46.06 92.72 47.46 )
( mem_backbone_0/U47 92.72 47.46 93.1 48.86 )
( mem_backbone_0/U48 25.84 58.66 27.17 60.06 )
( mem_backbone_0/U49 94.24 46.06 95.19 47.46 )
( mem_backbone_0/U50 94.81 47.46 95.19 48.86 )
( mem_backbone_0/U51 20.71 62.86 21.09 64.26 )
( mem_backbone_0/U52 21.66 48.86 22.23 50.26 )
( mem_backbone_0/U53 20.9 48.86 21.66 50.26 )
( mem_backbone_0/U54 94.43 41.86 94.81 43.26 )
( mem_backbone_0/U55 89.68 22.26 90.06 23.66 )
( mem_backbone_0/U56 4.18 36.26 4.56 37.66 )
( mem_backbone_0/U57 19.76 48.86 20.33 50.26 )
( mem_backbone_0/U58 19.0 48.86 19.76 50.26 )
( mem_backbone_0/U59 91.96 44.66 92.34 46.06 )
( mem_backbone_0/U60 91.2 44.66 91.58 46.06 )
( mem_backbone_0/U61 12.16 54.46 12.54 55.86 )
( mem_backbone_0/U62 22.99 48.86 23.56 50.26 )
( mem_backbone_0/U63 22.23 48.86 22.99 50.26 )
( mem_backbone_0/U64 90.82 44.66 91.2 46.06 )
( mem_backbone_0/U65 91.01 43.26 91.39 44.66 )
( mem_backbone_0/U66 90.44 40.46 91.39 41.86 )
( mem_backbone_0/U69 45.03 68.46 46.36 69.86 )
( mem_backbone_0/U70 40.66 68.46 41.99 69.86 )
( mem_backbone_0/U71 41.8 72.66 43.13 74.06 )
( mem_backbone_0/U72 48.07 68.46 49.4 69.86 )
( mem_backbone_0/U73 46.74 68.46 48.07 69.86 )
( mem_backbone_0/U74 83.03 30.66 83.6 32.06 )
( mem_backbone_0/U75 79.99 32.06 80.94 33.46 )
( mem_backbone_0/U76 78.47 54.46 78.85 55.86 )
( mem_backbone_0/U77 75.81 51.66 76.95 53.06 )
( mem_backbone_0/U78 76.95 51.66 77.52 53.06 )
( mem_backbone_0/U79 77.52 51.66 78.09 53.06 )
( mem_backbone_0/U80 88.54 30.66 89.11 32.06 )
( mem_backbone_0/U81 86.07 33.46 86.83 34.86 )
( mem_backbone_0/U82 91.58 25.06 91.96 26.46 )
( mem_backbone_0/U83 95.95 37.66 97.28 39.06 )
( mem_backbone_0/U84 91.96 33.46 93.29 34.86 )
( mem_backbone_0/U85 90.63 33.46 91.96 34.86 )
( mem_backbone_0/U86 14.63 50.26 15.01 51.66 )
( mem_backbone_0/U87 20.33 48.86 20.9 50.26 )
( mem_backbone_0/U88 19.76 50.26 20.52 51.66 )
( mem_backbone_0/U89 95.38 39.06 96.71 40.46 )
( mem_backbone_0/U90 4.18 57.26 4.56 58.66 )
( mem_backbone_0/U91 19.19 50.26 19.76 51.66 )
( mem_backbone_0/U92 18.43 50.26 19.19 51.66 )
( mem_backbone_0/U93 94.62 33.46 95.95 34.86 )
( mem_backbone_0/U94 4.18 55.86 4.56 57.26 )
( mem_backbone_0/U95 17.86 50.26 18.43 51.66 )
( mem_backbone_0/U96 17.1 50.26 17.86 51.66 )
( mem_backbone_0/U97 94.43 34.86 95.76 36.26 )
( mem_backbone_0/U98 12.16 57.26 12.54 58.66 )
( mem_backbone_0/U99 16.53 50.26 17.1 51.66 )
( mem_backbone_0/U100 15.2 50.26 16.53 51.66 )
( mem_backbone_0/U101 93.29 33.46 94.62 34.86 )
( mem_backbone_0/U102 11.02 61.46 11.4 62.86 )
( mem_backbone_0/U103 17.29 55.86 17.86 57.26 )
( mem_backbone_0/U104 13.87 50.26 14.63 51.66 )
( mem_backbone_0/U105 95.95 33.46 97.28 34.86 )
( mem_backbone_0/U106 36.1 68.46 36.86 69.86 )
( mem_backbone_0/U107 47.5 69.86 47.88 71.26 )
( mem_backbone_0/U108 96.52 47.46 97.09 48.86 )
( mem_backbone_0/U109 91.2 57.26 91.96 58.66 )
( mem_backbone_0/U110 76.95 50.26 77.71 51.66 )
( mem_backbone_0/U111 76.76 53.06 77.71 54.46 )
( mem_backbone_0/U112 91.96 57.26 92.72 58.66 )
( mem_backbone_0/U113 96.9 62.86 97.28 64.26 )
( mem_backbone_0/U114 34.01 68.46 34.39 69.86 )
( mem_backbone_0/U115 56.05 62.86 56.81 64.26 )
( mem_backbone_0/U116 57.38 62.86 57.95 64.26 )
( mem_backbone_0/U117 35.91 67.06 36.86 68.46 )
( mem_backbone_0/U118 35.15 67.06 35.91 68.46 )
( mem_backbone_0/U119 96.52 58.66 97.28 60.06 )
( mem_backbone_0/U120 34.01 67.06 34.39 68.46 )
( mem_backbone_0/U121 35.34 65.66 36.29 67.06 )
( mem_backbone_0/U122 33.63 65.66 34.39 67.06 )
( mem_backbone_0/U123 95.0 57.26 95.76 58.66 )
( mem_backbone_0/U124 39.52 65.66 39.9 67.06 )
( mem_backbone_0/U125 40.28 64.26 41.23 65.66 )
( mem_backbone_0/U126 40.09 62.86 40.85 64.26 )
( mem_backbone_0/U127 94.24 58.66 95.0 60.06 )
( mem_backbone_0/U128 43.7 67.06 44.08 68.46 )
( mem_backbone_0/U129 44.84 67.06 45.79 68.46 )
( mem_backbone_0/U130 44.65 65.66 45.41 67.06 )
( mem_backbone_0/U131 95.76 58.66 96.52 60.06 )
( mem_backbone_0/U132 37.24 68.46 37.62 69.86 )
( mem_backbone_0/U133 38.57 65.66 39.52 67.06 )
( mem_backbone_0/U134 37.81 65.66 38.57 67.06 )
( mem_backbone_0/U135 94.24 57.26 95.0 58.66 )
( mem_backbone_0/U136 44.65 68.46 45.03 69.86 )
( mem_backbone_0/U137 43.51 64.26 44.46 65.66 )
( mem_backbone_0/U138 44.46 64.26 45.22 65.66 )
( mem_backbone_0/U139 93.48 57.26 94.24 58.66 )
( mem_backbone_0/U140 48.64 75.46 49.02 76.86 )
( mem_backbone_0/U141 50.16 65.66 51.11 67.06 )
( mem_backbone_0/U142 49.4 65.66 50.16 67.06 )
( mem_backbone_0/U143 96.52 57.26 97.28 58.66 )
( mem_backbone_0/U144 49.02 75.46 49.4 76.86 )
( mem_backbone_0/U145 56.62 65.66 57.57 67.06 )
( mem_backbone_0/U146 55.48 65.66 56.24 67.06 )
( mem_backbone_0/U147 95.76 57.26 96.52 58.66 )
( mem_backbone_0/U148 36.86 68.46 37.24 69.86 )
( mem_backbone_0/U149 35.72 64.26 36.67 65.66 )
( mem_backbone_0/U150 36.48 62.86 37.24 64.26 )
( mem_backbone_0/U151 92.72 58.66 93.48 60.06 )
( mem_backbone_0/U152 38.19 64.26 38.57 65.66 )
( mem_backbone_0/U153 43.32 62.86 44.27 64.26 )
( mem_backbone_0/U154 40.85 62.86 41.61 64.26 )
( mem_backbone_0/U155 93.48 58.66 94.24 60.06 )
( mem_backbone_0/U156 37.81 64.26 38.19 65.66 )
( mem_backbone_0/U157 42.18 64.26 43.13 65.66 )
( mem_backbone_0/U158 41.61 62.86 42.37 64.26 )
( mem_backbone_0/U159 93.48 60.06 94.24 61.46 )
( mem_backbone_0/U160 40.28 74.06 40.66 75.46 )
( mem_backbone_0/U161 40.47 67.06 41.42 68.46 )
( mem_backbone_0/U162 39.9 65.66 40.66 67.06 )
( mem_backbone_0/U163 94.24 60.06 95.0 61.46 )
( mem_backbone_0/U164 39.52 68.46 39.9 69.86 )
( mem_backbone_0/U165 39.52 67.06 40.47 68.46 )
( mem_backbone_0/U166 39.9 68.46 40.66 69.86 )
( mem_backbone_0/U167 95.0 58.66 95.76 60.06 )
( mem_backbone_0/U168 46.36 68.46 46.74 69.86 )
( mem_backbone_0/U169 47.31 64.26 48.26 65.66 )
( mem_backbone_0/U170 46.55 64.26 47.31 65.66 )
( mem_backbone_0/U171 95.76 60.06 96.52 61.46 )
( mem_backbone_0/U172 49.59 78.26 49.97 79.66 )
( mem_backbone_0/U173 51.49 65.66 52.44 67.06 )
( mem_backbone_0/U174 50.73 64.26 51.49 65.66 )
( mem_backbone_0/U175 96.52 60.06 97.28 61.46 )
( mem_backbone_0/U176 40.66 65.66 41.04 67.06 )
( mem_backbone_0/U177 47.31 65.66 48.26 67.06 )
( mem_backbone_0/U178 46.55 65.66 47.31 67.06 )
( mem_backbone_0/U179 95.0 60.06 95.76 61.46 )
( mem_backbone_0/U180 83.6 58.66 84.17 60.06 )
( mem_backbone_0/U181 79.8 44.66 80.75 46.06 )
( mem_backbone_0/U182 79.04 44.66 79.8 46.06 )
( mem_backbone_0/U183 71.63 57.26 72.39 58.66 )
( mem_backbone_0/U184 87.59 40.46 88.35 41.86 )
( mem_backbone_0/U185 52.44 64.26 53.2 65.66 )
( mem_backbone_0/U186 57.57 65.66 58.14 67.06 )
( mem_backbone_0/U187 47.5 67.06 48.45 68.46 )
( mem_backbone_0/U188 45.79 65.66 46.55 67.06 )
( mem_backbone_0/U189 51.49 64.26 52.44 65.66 )
( mem_backbone_0/U190 49.97 64.26 50.73 65.66 )
( mem_backbone_0/U191 46.74 62.86 47.69 64.26 )
( mem_backbone_0/U192 45.98 62.86 46.74 64.26 )
( mem_backbone_0/U193 38.57 67.06 39.52 68.46 )
( mem_backbone_0/U194 37.81 67.06 38.57 68.46 )
( mem_backbone_0/U195 41.42 67.06 42.37 68.46 )
( mem_backbone_0/U196 41.04 65.66 41.8 67.06 )
( mem_backbone_0/U197 41.23 64.26 42.18 65.66 )
( mem_backbone_0/U198 39.71 61.46 40.47 62.86 )
( mem_backbone_0/U199 42.37 62.86 43.32 64.26 )
( mem_backbone_0/U200 38.57 64.26 39.33 65.66 )
( mem_backbone_0/U201 38.0 62.86 38.95 64.26 )
( mem_backbone_0/U202 37.24 62.86 38.0 64.26 )
( mem_backbone_0/U203 52.44 65.66 53.39 67.06 )
( mem_backbone_0/U204 53.39 65.66 54.15 67.06 )
( mem_backbone_0/U205 48.83 67.06 49.78 68.46 )
( mem_backbone_0/U206 48.64 65.66 49.4 67.06 )
( mem_backbone_0/U207 45.03 62.86 45.98 64.26 )
( mem_backbone_0/U208 44.27 62.86 45.03 64.26 )
( mem_backbone_0/U209 36.86 65.66 37.81 67.06 )
( mem_backbone_0/U210 37.05 64.26 37.81 65.66 )
( mem_backbone_0/U211 45.79 67.06 46.74 68.46 )
( mem_backbone_0/U212 44.08 67.06 44.84 68.46 )
( mem_backbone_0/U213 39.33 64.26 40.28 65.66 )
( mem_backbone_0/U214 39.33 62.86 40.09 64.26 )
( mem_backbone_0/U215 34.39 65.66 35.34 67.06 )
( mem_backbone_0/U216 32.87 65.66 33.63 67.06 )
( mem_backbone_0/U217 36.86 67.06 37.81 68.46 )
( mem_backbone_0/U218 34.39 67.06 35.15 68.46 )
( mem_backbone_0/U219 96.9 44.66 97.28 46.06 )
( mem_backbone_0/U220 80.94 37.66 81.89 39.06 )
( mem_backbone_0/U221 94.43 37.66 95.19 39.06 )
( mem_backbone_0/U222 84.17 37.66 85.12 39.06 )
( mem_backbone_0/U223 92.72 37.66 93.48 39.06 )
( mem_backbone_0/U224 82.84 36.26 83.79 37.66 )
( mem_backbone_0/U225 91.39 36.26 92.15 37.66 )
( mem_backbone_0/U226 94.62 40.46 95.0 41.86 )
( mem_backbone_0/U227 83.22 37.66 84.17 39.06 )
( mem_backbone_0/U228 95.19 37.66 95.95 39.06 )
( mem_backbone_0/U229 94.81 44.66 95.19 46.06 )
( mem_backbone_0/U230 81.89 36.26 82.84 37.66 )
( mem_backbone_0/U231 94.05 36.26 94.81 37.66 )
( mem_backbone_0/U232 95.0 39.06 95.38 40.46 )
( mem_backbone_0/U233 79.23 34.86 80.18 36.26 )
( mem_backbone_0/U234 96.52 34.86 97.28 36.26 )
( mem_backbone_0/U235 93.86 46.06 94.24 47.46 )
( mem_backbone_0/U236 83.41 33.46 84.36 34.86 )
( mem_backbone_0/U237 93.67 34.86 94.43 36.26 )
( mem_backbone_0/U238 95.76 47.46 96.14 48.86 )
( mem_backbone_0/U239 84.36 33.46 85.31 34.86 )
( mem_backbone_0/U240 95.76 34.86 96.52 36.26 )
( mem_backbone_0/U241 82.27 32.06 83.22 33.46 )
( mem_backbone_0/U242 85.31 33.46 86.07 34.86 )
( mem_backbone_0/U243 78.47 30.66 79.42 32.06 )
( mem_backbone_0/U244 81.32 33.46 82.08 34.86 )
( mem_backbone_0/U245 77.52 30.66 78.47 32.06 )
( mem_backbone_0/U246 80.18 34.86 80.94 36.26 )
( mem_backbone_0/U247 30.21 53.06 31.54 54.46 )
( mem_backbone_0/U248 95.57 54.46 95.95 55.86 )
( mem_backbone_0/U249 94.05 48.86 94.43 50.26 )
( mem_backbone_0/U250 96.33 55.86 97.28 57.26 )
( mem_backbone_0/U251 30.59 54.46 31.92 55.86 )
( mem_backbone_0/U252 90.25 54.46 90.63 55.86 )
( mem_backbone_0/U253 89.87 51.66 90.25 53.06 )
( mem_backbone_0/U254 90.63 55.86 91.58 57.26 )
( mem_backbone_0/U255 33.44 51.66 34.77 53.06 )
( mem_backbone_0/U256 94.24 51.66 94.62 53.06 )
( mem_backbone_0/U257 93.48 47.46 93.86 48.86 )
( mem_backbone_0/U258 94.62 54.46 95.57 55.86 )
( mem_backbone_0/U259 27.36 51.66 28.69 53.06 )
( mem_backbone_0/U260 90.63 51.66 91.01 53.06 )
( mem_backbone_0/U261 90.06 50.26 90.44 51.66 )
( mem_backbone_0/U262 90.63 53.06 91.58 54.46 )
( mem_backbone_0/U263 31.92 54.46 33.25 55.86 )
( mem_backbone_0/U264 92.72 57.26 93.1 58.66 )
( mem_backbone_0/U265 90.25 51.66 90.63 53.06 )
( mem_backbone_0/U266 92.34 54.46 93.29 55.86 )
( mem_backbone_0/U267 26.79 54.46 28.12 55.86 )
( mem_backbone_0/U268 92.53 51.66 92.91 53.06 )
( mem_backbone_0/U269 91.58 53.06 91.96 54.46 )
( mem_backbone_0/U270 92.91 53.06 93.86 54.46 )
( mem_backbone_0/U271 26.22 53.06 27.55 54.46 )
( mem_backbone_0/U272 94.81 53.06 95.19 54.46 )
( mem_backbone_0/U273 93.86 47.46 94.24 48.86 )
( mem_backbone_0/U274 95.19 53.06 96.14 54.46 )
( mem_backbone_0/U275 28.69 54.46 30.02 55.86 )
( mem_backbone_0/U276 90.44 50.26 90.82 51.66 )
( mem_backbone_0/U277 91.77 50.26 92.15 51.66 )
( mem_backbone_0/U278 92.15 50.26 93.1 51.66 )
( mem_backbone_0/U279 26.03 51.66 27.36 53.06 )
( mem_backbone_0/U280 96.9 54.46 97.28 55.86 )
( mem_backbone_0/U281 95.0 50.26 95.38 51.66 )
( mem_backbone_0/U282 96.14 53.06 97.09 54.46 )
( mem_backbone_0/U283 26.98 55.86 28.31 57.26 )
( mem_backbone_0/U284 93.29 54.46 93.67 55.86 )
( mem_backbone_0/U285 91.01 51.66 91.39 53.06 )
( mem_backbone_0/U286 94.43 55.86 95.38 57.26 )
( mem_backbone_0/U287 28.69 51.66 30.02 53.06 )
( mem_backbone_0/U288 95.95 51.66 96.33 53.06 )
( mem_backbone_0/U289 93.67 48.86 94.05 50.26 )
( mem_backbone_0/U290 96.33 51.66 97.28 53.06 )
( mem_backbone_0/U291 24.7 51.66 26.03 53.06 )
( mem_backbone_0/U292 92.91 51.66 93.29 53.06 )
( mem_backbone_0/U293 91.01 47.46 91.39 48.86 )
( mem_backbone_0/U294 93.29 51.66 94.24 53.06 )
( mem_backbone_0/U295 29.83 58.66 31.16 60.06 )
( mem_backbone_0/U296 93.1 57.26 93.48 58.66 )
( mem_backbone_0/U297 90.44 57.26 90.82 58.66 )
( mem_backbone_0/U298 92.53 55.86 93.48 57.26 )
( mem_backbone_0/U299 20.52 50.26 21.85 51.66 )
( mem_backbone_0/U300 94.43 48.86 94.81 50.26 )
( mem_backbone_0/U301 93.1 47.46 93.48 48.86 )
( mem_backbone_0/U302 94.05 50.26 95.0 51.66 )
( mem_backbone_0/U303 21.85 50.26 23.18 51.66 )
( mem_backbone_0/U304 96.14 47.46 96.52 48.86 )
( mem_backbone_0/U305 94.43 44.66 94.81 46.06 )
( mem_backbone_0/U306 96.33 48.86 97.28 50.26 )
( mem_backbone_0/U307 27.17 58.66 28.5 60.06 )
( mem_backbone_0/U308 95.57 51.66 95.95 53.06 )
( mem_backbone_0/U309 94.81 48.86 95.19 50.26 )
( mem_backbone_0/U310 96.33 50.26 97.28 51.66 )
( mem_backbone_0/U311 95.76 46.06 96.71 47.46 )
( mem_backbone_0/U312 92.72 46.06 93.67 47.46 )
( mem_backbone_0/U313 95.38 55.86 96.33 57.26 )
( mem_backbone_0/U314 89.68 55.86 90.63 57.26 )
( mem_backbone_0/U315 93.67 54.46 94.62 55.86 )
( mem_backbone_0/U316 89.68 53.06 90.63 54.46 )
( mem_backbone_0/U317 90.63 54.46 92.34 55.86 )
( mem_backbone_0/U318 91.96 53.06 92.91 54.46 )
( mem_backbone_0/U319 93.86 53.06 94.81 54.46 )
( mem_backbone_0/U320 90.63 48.86 92.34 50.26 )
( mem_backbone_0/U321 95.95 54.46 96.9 55.86 )
( mem_backbone_0/U322 93.48 55.86 94.43 57.26 )
( mem_backbone_0/U323 94.62 51.66 95.57 53.06 )
( mem_backbone_0/U324 91.58 51.66 92.53 53.06 )
( mem_backbone_0/U325 91.58 55.86 92.53 57.26 )
( mem_backbone_0/U326 93.1 50.26 94.05 51.66 )
( mem_backbone_0/U327 95.19 48.86 96.14 50.26 )
( mem_backbone_0/U328 95.38 50.26 96.33 51.66 )
( mem_backbone_0/U329 95.95 40.46 96.33 41.86 )
( mem_backbone_0/U330 95.0 40.46 95.95 41.86 )
( mem_backbone_0/U331 92.34 22.26 92.72 23.66 )
( mem_backbone_0/U332 93.48 37.66 94.43 39.06 )
( mem_backbone_0/U333 95.76 36.26 96.14 37.66 )
( mem_backbone_0/U334 96.14 36.26 97.09 37.66 )
( mem_backbone_0/U335 91.96 22.26 92.34 23.66 )
( mem_backbone_0/U336 93.1 36.26 94.05 37.66 )
( mem_backbone_0/U337 96.71 39.06 97.09 40.46 )
( mem_backbone_0/U338 94.81 36.26 95.76 37.66 )
( mem_backbone_0/U339 53.77 71.26 55.1 72.66 )
( mem_backbone_0/U340 43.13 72.66 44.46 74.06 )
( mem_backbone_0/U341 34.58 74.06 35.91 75.46 )
( mem_backbone_0/U342 41.99 68.46 43.32 69.86 )
( mem_backbone_0/U343 43.32 68.46 44.65 69.86 )
( mem_backbone_0/U344 50.73 68.46 52.06 69.86 )
( mem_backbone_0/U345 49.4 68.46 50.73 69.86 )
( mem_backbone_0/U346 54.34 68.46 55.67 69.86 )
( mem_backbone_0/U347 42.37 67.06 43.7 68.46 )
( mem_backbone_0/U348 51.49 67.06 52.82 68.46 )
( mem_backbone_0/U349 49.78 67.06 51.11 68.46 )
( mem_backbone_0/U350 96.71 46.06 97.28 47.46 )
( mem_backbone_0/U351 95.19 46.06 95.76 47.46 )
( mem_backbone_0/U352 64.98 68.46 65.74 69.86 )
( mem_backbone_0/U353 65.74 68.46 66.5 69.86 )
( mem_backbone_0/U354 65.74 69.86 66.12 71.26 )
( mem_backbone_0/U355 66.12 69.86 66.88 71.26 )
( watchdog_0/FE_DBTC1_wdt_rst 91.01 25.06 91.58 26.46 )
( watchdog_0/sync_reset_por/TIE_CELL_LTIELO 91.58 22.26 91.96 23.66 )
( watchdog_0/sync_reset_por/data_sync_reg_0_ 85.88 20.86 89.68 22.26 )
( watchdog_0/sync_reset_por/data_sync_reg_1_ 89.3 23.66 93.1 25.06 )
( watchdog_0/scan_mux_wdt_rst/U1 92.15 32.06 93.48 33.46 )
( watchdog_0/sync_cell_wdtcnt_clr/data_sync_reg_0_ 93.1 22.26 96.9 23.66 )
( watchdog_0/sync_cell_wdtcnt_clr/data_sync_reg_1_ 93.48 23.66 97.28 25.06 )
( watchdog_0/sync_cell_wdtcnt_incr/data_sync_reg_0_ 85.5 23.66 89.3 25.06 )
( watchdog_0/sync_cell_wdtcnt_incr/data_sync_reg_1_ 89.68 20.86 93.48 22.26 )
( watchdog_0/sync_cell_wdt_evt/data_sync_reg_0_ 93.48 72.66 97.28 74.06 )
( watchdog_0/sync_cell_wdt_evt/data_sync_reg_1_ 92.34 74.06 96.14 75.46 )
( watchdog_0/wakeup_cell_wdog/TIE_CELL_LTIEHI 85.5 76.86 85.88 78.26 )
( watchdog_0/wakeup_cell_wdog/scan_mux_rst/U1 90.06 68.46 91.39 69.86 )
( watchdog_0/wakeup_cell_wdog/wkup_out_reg 84.74 68.46 88.54 69.86 )
( watchdog_0/wakeup_cell_wdog/U4 87.4 71.26 87.78 72.66 )
( watchdog_0/and_wdt_wkup/U1 86.64 71.26 87.4 72.66 )
( watchdog_0/wdtcnt_clr_sync_dly_reg 93.48 20.86 97.28 22.26 )
( watchdog_0/wdtisx_ss_reg_0_ 89.11 15.26 92.91 16.66 )
( watchdog_0/wdtisx_s_reg_1_ 86.07 13.86 89.87 15.26 )
( watchdog_0/wdtisx_s_reg_0_ 90.44 16.66 94.24 18.06 )
( watchdog_0/wdtisx_ss_reg_1_ 89.3 12.46 93.1 13.86 )
( watchdog_0/wdtcnt_reg_0_ 84.74 4.06 88.54 5.46 )
( watchdog_0/wdtcnt_reg_1_ 83.41 5.46 87.21 6.86 )
( watchdog_0/wdtcnt_reg_2_ 82.08 6.86 85.88 8.26 )
( watchdog_0/wdtcnt_reg_3_ 86.64 6.86 90.44 8.26 )
( watchdog_0/wdtcnt_reg_4_ 82.84 9.66 86.64 11.06 )
( watchdog_0/wdtcnt_reg_5_ 87.59 9.66 91.39 11.06 )
( watchdog_0/wdtcnt_reg_6_ 91.39 9.66 95.19 11.06 )
( watchdog_0/wdtcnt_reg_7_ 89.11 4.06 92.91 5.46 )
( watchdog_0/wdtcnt_reg_8_ 89.87 5.46 93.67 6.86 )
( watchdog_0/wdtcnt_reg_9_ 88.73 8.26 92.53 9.66 )
( watchdog_0/wdtcnt_reg_10_ 93.48 4.06 97.28 5.46 )
( watchdog_0/wdtcnt_reg_11_ 93.48 6.86 97.28 8.26 )
( watchdog_0/wdtcnt_reg_12_ 93.48 8.26 97.28 9.66 )
( watchdog_0/wdtcnt_reg_13_ 93.48 11.06 97.28 12.46 )
( watchdog_0/wdtcnt_reg_14_ 92.91 15.26 96.71 16.66 )
( watchdog_0/wdtcnt_reg_15_ 92.34 13.86 96.14 15.26 )
( watchdog_0/wdt_evt_toggle_reg 92.15 19.46 95.95 20.86 )
( watchdog_0/wdt_evt_toggle_sync_dly_reg 93.48 71.26 97.28 72.66 )
( watchdog_0/wdtqn_edge_reg_reg 92.34 18.06 96.14 19.46 )
( watchdog_0/wdt_wkup_en_reg 82.84 71.26 86.64 72.66 )
( watchdog_0/wdtifg_reg 92.91 65.66 96.71 67.06 )
( watchdog_0/wdt_reset_reg 92.53 62.86 96.33 64.26 )
( watchdog_0/wdtcnt_clr_toggle_reg 92.34 64.26 96.14 65.66 )
( watchdog_0/wdtifg_clr_reg_reg 91.39 68.46 95.19 69.86 )
( watchdog_0/wdtctl_reg_0_ 80.37 67.06 84.17 68.46 )
( watchdog_0/wdtctl_reg_6_ 74.48 71.26 78.28 72.66 )
( watchdog_0/wdtctl_reg_7_ 78.28 71.26 82.08 72.66 )
( watchdog_0/wdtctl_reg_1_ 76.57 67.06 80.37 68.46 )
( watchdog_0/wdtctl_reg_4_ 76.76 69.86 80.56 71.26 )
( watchdog_0/U6 91.77 64.26 92.34 65.66 )
( watchdog_0/U7 92.15 62.86 92.53 64.26 )
( watchdog_0/U8 93.67 40.46 94.62 41.86 )
( watchdog_0/U9 92.72 41.86 93.29 43.26 )
( watchdog_0/U10 91.96 41.86 92.72 43.26 )
( watchdog_0/U11 91.2 41.86 91.96 43.26 )
( watchdog_0/U12 91.2 64.26 91.77 65.66 )
( watchdog_0/U17 85.88 6.86 86.64 8.26 )
( watchdog_0/U18 86.83 8.26 87.4 9.66 )
( watchdog_0/U19 86.45 11.06 87.02 12.46 )
( watchdog_0/U20 89.3 11.06 89.68 12.46 )
( watchdog_0/U21 90.63 11.06 91.2 12.46 )
( watchdog_0/U22 92.34 11.06 93.48 12.46 )
( watchdog_0/U23 91.2 11.06 91.77 12.46 )
( watchdog_0/U24 89.3 5.46 89.87 6.86 )
( watchdog_0/U25 92.15 6.86 92.72 8.26 )
( watchdog_0/U26 91.58 6.86 92.15 8.26 )
( watchdog_0/U27 95.0 5.46 95.57 6.86 )
( watchdog_0/U28 96.52 5.46 97.09 6.86 )
( watchdog_0/U29 96.52 9.66 97.09 11.06 )
( watchdog_0/U30 95.57 12.46 96.71 13.86 )
( watchdog_0/U31 93.1 12.46 94.05 13.86 )
( watchdog_0/U32 94.05 12.46 94.43 13.86 )
( watchdog_0/U33 90.44 6.86 91.58 8.26 )
( watchdog_0/U34 96.71 12.46 97.28 13.86 )
( watchdog_0/U35 96.71 15.26 97.28 16.66 )
( watchdog_0/U36 96.14 13.86 97.28 15.26 )
( watchdog_0/U37 89.87 13.86 90.25 15.26 )
( watchdog_0/U38 90.25 13.86 91.39 15.26 )
( watchdog_0/U39 91.77 19.46 92.15 20.86 )
( watchdog_0/U40 91.39 13.86 92.34 15.26 )
( watchdog_0/U41 76.0 69.86 76.76 71.26 )
( watchdog_0/U42 64.6 69.86 65.36 71.26 )
( watchdog_0/U43 78.66 68.46 79.42 69.86 )
( watchdog_0/U44 74.67 67.06 75.43 68.46 )
( watchdog_0/U45 80.56 68.46 81.32 69.86 )
( watchdog_0/U46 88.73 69.86 89.3 71.26 )
( watchdog_0/U47 96.14 18.06 97.28 19.46 )
( watchdog_0/U48 94.24 16.66 94.81 18.06 )
( watchdog_0/U49 86.64 69.86 87.02 71.26 )
( watchdog_0/U50 82.08 71.26 82.84 72.66 )
( watchdog_0/U51 83.79 65.66 84.74 67.06 )
( watchdog_0/U52 91.58 62.86 92.15 64.26 )
( watchdog_0/U53 95.38 69.86 95.76 71.26 )
( watchdog_0/U54 94.24 69.86 95.38 71.26 )
( watchdog_0/U55 95.19 68.46 96.14 69.86 )
( watchdog_0/U56 96.14 68.46 97.28 69.86 )
( watchdog_0/U57 95.76 67.06 96.52 68.46 )
( watchdog_0/U58 92.15 65.66 92.91 67.06 )
( watchdog_0/U59 95.95 16.66 96.33 18.06 )
( watchdog_0/U60 95.38 16.66 95.95 18.06 )
( watchdog_0/U61 88.54 4.06 89.11 5.46 )
( watchdog_0/U62 87.21 5.46 88.35 6.86 )
( watchdog_0/U63 86.26 8.26 86.83 9.66 )
( watchdog_0/U64 85.31 8.26 86.26 9.66 )
( watchdog_0/U65 87.4 8.26 88.16 9.66 )
( watchdog_0/U66 88.16 8.26 88.73 9.66 )
( watchdog_0/U67 86.64 9.66 87.59 11.06 )
( watchdog_0/U68 89.68 11.06 90.63 12.46 )
( watchdog_0/U69 91.77 11.06 92.34 12.46 )
( watchdog_0/U70 88.35 5.46 89.3 6.86 )
( watchdog_0/U71 92.72 6.86 93.48 8.26 )
( watchdog_0/U72 92.91 4.06 93.48 5.46 )
( watchdog_0/U73 92.53 8.26 92.91 9.66 )
( watchdog_0/U74 92.91 8.26 93.48 9.66 )
( watchdog_0/U75 94.24 5.46 95.0 6.86 )
( watchdog_0/U76 93.67 5.46 94.24 6.86 )
( watchdog_0/U77 95.57 5.46 96.52 6.86 )
( watchdog_0/U78 95.76 9.66 96.52 11.06 )
( watchdog_0/U79 95.19 9.66 95.76 11.06 )
( watchdog_0/U80 94.43 12.46 95.0 13.86 )
( watchdog_0/U81 96.33 16.66 97.09 18.06 )
( watchdog_0/U82 94.81 16.66 95.38 18.06 )
( watchdog_0/U83 95.0 12.46 95.57 13.86 )
( watchdog_0/U84 95.95 19.46 97.09 20.86 )
( watchdog_0/U85 91.96 67.06 92.72 68.46 )
( watchdog_0/U86 93.48 69.86 93.86 71.26 )
( watchdog_0/U87 94.81 67.06 95.76 68.46 )
( watchdog_0/U88 93.86 69.86 94.24 71.26 )
( watchdog_0/U89 96.33 62.86 96.9 64.26 )
( watchdog_0/U90 96.14 64.26 97.28 65.66 )
( dbg_0/dbg_uart_0/uart_state_reg_0_ 13.49 89.46 17.29 90.86 )
( dbg_0/dbg_uart_0/uart_state_reg_1_ 18.43 85.26 22.23 86.66 )
( dbg_0/dbg_uart_0/uart_state_reg_2_ 15.96 88.06 19.76 89.46 )
( dbg_0/mem_state_reg_0_ 32.87 81.06 36.67 82.46 )
( dbg_0/mem_state_reg_1_ 30.4 82.46 34.2 83.86 )
