Total exposed area across net assets: 1557.72
Max exposure [%] across net assets: 100
Avg exposure [%] across net assets: 43.4892

#NetName TotalAreaNet PercentageExposedAreaNet
pc_sw_wr 6.5758 37.8536
e_state[3] 3.23785 20.8279
e_state[2] 3.27075 47.8277
e_state[1] 2.9645 38.1607
e_state[0] 6.08492 28.8188
pc[15] 5.7743 58.0464
pc[14] 4.6256 61.3347
pc[13] 4.7677 60.4684
pc[12] 5.579 65.2949
pc[11] 4.5451 63.1565
pc[10] 4.2805 50.2657
pc[9] 1.8144 20.1775
pc[8] 4.19195 67.2163
pc[7] 4.66515 71.0931
pc[6] 4.4289 66.5306
pc[5] 1.8004 54.0047
pc[4] 5.1639 64.1046
pc[3] 5.24667 62.8898
pc[2] 5.1121 63.0866
pc[1] 4.42015 56.2634
pc[0] 3.6057 68.9672
pc_nxt[0] 1.2173 44.2208
pc_sw[15] 3.283 77.0149
pc_sw[14] 3.02435 41.9859
pc_sw[13] 2.2575 44.4341
pc_sw[12] 2.7363 24.2015
pc_sw[11] 3.0331 90.4339
pc_sw[10] 1.8991 41.6605
pc_sw[9] 3.7814 65.7812
pc_sw[8] 4.3239 56.5728
pc_sw[7] 3.90565 30.2331
pc_sw[6] 13.0284 54.4167
pc_sw[5] 8.7906 72.6591
pc_sw[4] 11.7292 79.295
pc_sw[3] 8.4455 60.5906
pc_sw[2] 6.6332 54.9098
pc_sw[1] 6.4785 64.0465
pc_sw[0] 5.2297 38.4018
frontend_0/pc_en 0.2002 42.8322
frontend_0/mclk_pc 5.5538 47.9708
frontend_0/i_state[2] 0.43015 28.6005
frontend_0/i_state[1] 0.2793 44.8622
frontend_0/i_state[0] 1.1683 35.2927
frontend_0/i_state_nxt[2] 0.34475 30.6599
frontend_0/i_state_nxt[1] 0.2275 40
frontend_0/i_state_nxt[0] 0.4921 24.5733
frontend_0/e_state_nxt[3] 0.3437 20.3157
frontend_0/e_state_nxt[2] 0.42315 53.598
frontend_0/e_state_nxt[1] 0.5831 44.5678
frontend_0/e_state_nxt[0] 1.2565 23.9554
execution_unit_0/reg_pc_call 3.878 81.8321
execution_unit_0/register_file_0/r1_en 0.0742 38.6792
execution_unit_0/register_file_0/mclk_r1 4.8706 44.6249
execution_unit_0/register_file_0/r2_en 0.7658 12.1899
execution_unit_0/register_file_0/mclk_r2 2.8672 31.8115
execution_unit_0/register_file_0/N71 0.4697 52.5335
execution_unit_0/register_file_0/N72 0.7588 43.5886
execution_unit_0/register_file_0/N73 0.4487 38.7285
execution_unit_0/register_file_0/N74 0.2044 41.6096
execution_unit_0/register_file_0/N75 0.196 1.96429
execution_unit_0/register_file_0/N76 0.287 59.878
execution_unit_0/register_file_0/N77 0.4088 57.4914
execution_unit_0/register_file_0/N78 0.1337 35.6021
execution_unit_0/register_file_0/N79 0.196 15.3571
execution_unit_0/register_file_0/r3_wr 0.0133 0
execution_unit_0/register_file_0/mclk_r3 4.67915 40.8023
execution_unit_0/register_file_0/r4_en 0.1372 3.57143
execution_unit_0/register_file_0/mclk_r4 4.424 30.269
execution_unit_0/register_file_0/N81 0.1001 4.54545
execution_unit_0/register_file_0/N82 0.2254 10.2484
execution_unit_0/register_file_0/N83 0.2737 55.7545
execution_unit_0/register_file_0/N84 0.18305 28.1071
execution_unit_0/register_file_0/N85 0.294 52.381
execution_unit_0/register_file_0/N86 0.1897 47.048
execution_unit_0/register_file_0/N87 0.2373 64.8968
execution_unit_0/register_file_0/N88 0.287 52.8049
execution_unit_0/register_file_0/N89 0.2387 3.95894
execution_unit_0/register_file_0/N90 0.2625 17.1048
execution_unit_0/register_file_0/N91 0.2373 41.8142
execution_unit_0/register_file_0/N92 0.3521 40.9046
execution_unit_0/register_file_0/N93 0.2037 4.63918
execution_unit_0/register_file_0/N94 0.23345 46.027
execution_unit_0/register_file_0/N95 0.2156 46.0227
execution_unit_0/register_file_0/N96 0.17185 43.1772
execution_unit_0/register_file_0/r5_en 0.0987 24.4681
execution_unit_0/register_file_0/mclk_r5 4.5836 60.9843
execution_unit_0/register_file_0/N98 0.2212 15.9019
execution_unit_0/register_file_0/N99 0.3899 66.7864
execution_unit_0/register_file_0/N100 0.525 73.4667
execution_unit_0/register_file_0/N101 0.4438 38.6435
execution_unit_0/register_file_0/N102 0.2723 73.6504
execution_unit_0/register_file_0/N103 0.3584 32.2266
execution_unit_0/register_file_0/N104 0.2737 1.79028
execution_unit_0/register_file_0/N105 0.2513 16.5738
execution_unit_0/register_file_0/N106 0.2079 16.2458
execution_unit_0/register_file_0/N107 0.2961 4.96454
execution_unit_0/register_file_0/N108 0.091 43.8462
execution_unit_0/register_file_0/N109 0.385 62
execution_unit_0/register_file_0/N110 0.357 71.1765
execution_unit_0/register_file_0/N111 0.5264 62.8989
execution_unit_0/register_file_0/N112 0.1491 35.9155
execution_unit_0/register_file_0/N113 0.3269 45.6103
execution_unit_0/register_file_0/r6_en 0.1127 31.677
execution_unit_0/register_file_0/mclk_r6 5.4733 42.3775
execution_unit_0/register_file_0/N115 0.1477 47.3934
execution_unit_0/register_file_0/N116 0.1925 21
execution_unit_0/register_file_0/N117 0.1078 12.013
execution_unit_0/register_file_0/N118 0.30275 32.3699
execution_unit_0/register_file_0/N119 0.476 55.9559
execution_unit_0/register_file_0/N120 0.0959 28.4672
execution_unit_0/register_file_0/N121 0.3521 38.6183
execution_unit_0/register_file_0/N122 0.1995 37.6316
execution_unit_0/register_file_0/N123 0.119 59.2647
execution_unit_0/register_file_0/N124 0.5901 47.3098
execution_unit_0/register_file_0/N125 0.4718 36.276
execution_unit_0/register_file_0/N126 0.2359 14.5401
execution_unit_0/register_file_0/N127 0.2828 6.43564
execution_unit_0/register_file_0/N128 0.3437 7.84114
execution_unit_0/register_file_0/N129 0.5068 46.0734
execution_unit_0/register_file_0/N130 0.3003 49.7669
execution_unit_0/register_file_0/r7_en 0.2177 62.0579
execution_unit_0/register_file_0/mclk_r7 4.9994 44.3678
execution_unit_0/register_file_0/N132 0.59465 52.9723
execution_unit_0/register_file_0/N133 0.3388 67.6653
execution_unit_0/register_file_0/N134 0.1316 55.4521
execution_unit_0/register_file_0/N135 0.3241 34.4492
execution_unit_0/register_file_0/N136 0.5901 63.879
execution_unit_0/register_file_0/N137 0.1659 64.7679
execution_unit_0/register_file_0/N138 0.3171 17.8808
execution_unit_0/register_file_0/N139 0.2114 8.9404
execution_unit_0/register_file_0/N140 0.161 47.1739
execution_unit_0/register_file_0/N141 0.31885 43.2492
execution_unit_0/register_file_0/N142 0.0868 57.6613
execution_unit_0/register_file_0/N143 0.3248 52.5862
execution_unit_0/register_file_0/N144 0.287 0
execution_unit_0/register_file_0/N145 0.2639 51.3926
execution_unit_0/register_file_0/N146 0.1673 14.0167
execution_unit_0/register_file_0/N147 0.4382 50.9585
execution_unit_0/register_file_0/r8_en 0.29225 19.521
execution_unit_0/register_file_0/mclk_r8 5.5552 54.9458
execution_unit_0/register_file_0/N149 0.4466 22.0611
execution_unit_0/register_file_0/N150 0.1715 19.7959
execution_unit_0/register_file_0/N151 0.3472 34.9798
execution_unit_0/register_file_0/N152 0.1435 23.6585
execution_unit_0/register_file_0/N153 0.2779 69.1436
execution_unit_0/register_file_0/N154 0.2961 29.2553
execution_unit_0/register_file_0/N155 0.2737 91.9437
execution_unit_0/register_file_0/N156 0.0784 36.6071
execution_unit_0/register_file_0/N157 0.1288 49.4565
execution_unit_0/register_file_0/N158 0.1757 49.3028
execution_unit_0/register_file_0/N159 0.2772 59.2172
execution_unit_0/register_file_0/N160 0.119 0
execution_unit_0/register_file_0/N161 0.2968 30.8962
execution_unit_0/register_file_0/N162 0.2506 54.8883
execution_unit_0/register_file_0/N163 0.2723 71.2082
execution_unit_0/register_file_0/N164 0.1358 46.9072
execution_unit_0/register_file_0/r9_en 0.3675 38.0476
execution_unit_0/register_file_0/mclk_r9 4.21085 61.6075
execution_unit_0/register_file_0/N166 0.2695 30
execution_unit_0/register_file_0/N167 0.2373 29.6355
execution_unit_0/register_file_0/N168 0.2653 62.6649
execution_unit_0/register_file_0/N169 0.1715 17.3469
execution_unit_0/register_file_0/N170 0.4585 2.51908
execution_unit_0/register_file_0/N171 0.119 6.02941
execution_unit_0/register_file_0/N172 0.119 13.3824
execution_unit_0/register_file_0/N173 0.119 62.0588
execution_unit_0/register_file_0/N174 0.1946 54.5863
execution_unit_0/register_file_0/N175 0.2114 69.5364
execution_unit_0/register_file_0/N176 0.1295 66.2162
execution_unit_0/register_file_0/N177 0.3535 34.9505
execution_unit_0/register_file_0/N178 0.3654 74.1379
execution_unit_0/register_file_0/N179 0.5355 72.6797
execution_unit_0/register_file_0/N180 0.2226 85.0629
execution_unit_0/register_file_0/N181 0.532 58.0921
execution_unit_0/register_file_0/r10_en 0.0707 50.495
execution_unit_0/register_file_0/mclk_r10 4.1034 13.2378
execution_unit_0/register_file_0/N183 0.287 29.5122
execution_unit_0/register_file_0/N184 0.1267 7.18232
execution_unit_0/register_file_0/N185 0.31605 31.7829
execution_unit_0/register_file_0/N186 0.189 45.3704
execution_unit_0/register_file_0/N187 0.1848 40.3409
execution_unit_0/register_file_0/N188 0.2254 38.1988
execution_unit_0/register_file_0/N189 0.1106 1.89873
execution_unit_0/register_file_0/N190 0.287 8.71951
execution_unit_0/register_file_0/N191 0.3101 53.3296
execution_unit_0/register_file_0/N192 0.4025 61.1304
execution_unit_0/register_file_0/N193 0.1631 23.176
execution_unit_0/register_file_0/N194 0.1211 26.3006
execution_unit_0/register_file_0/N195 0.3227 54.3384
execution_unit_0/register_file_0/N196 0.2163 48.5437
execution_unit_0/register_file_0/N197 0.1211 22.2543
execution_unit_0/register_file_0/N198 0.175 21.5
execution_unit_0/register_file_0/r11_en 0.1568 34.2634
execution_unit_0/register_file_0/mclk_r11 4.76245 48.9821
execution_unit_0/register_file_0/N200 0.1267 18.3702
execution_unit_0/register_file_0/N201 0.2695 38.1818
execution_unit_0/register_file_0/N202 0.5411 7.27222
execution_unit_0/register_file_0/N203 0.2506 34.7765
execution_unit_0/register_file_0/N204 0.3493 45.4337
execution_unit_0/register_file_0/N205 0.2688 29.6875
execution_unit_0/register_file_0/N206 0.1855 11.0377
execution_unit_0/register_file_0/N207 0.3066 37.6712
execution_unit_0/register_file_0/N208 0.0994 40.8451
execution_unit_0/register_file_0/N209 0.2639 45.0928
execution_unit_0/register_file_0/N210 0.1267 18.7845
execution_unit_0/register_file_0/N211 0.1589 35.9031
execution_unit_0/register_file_0/N212 0.1526 38.9908
execution_unit_0/register_file_0/N213 0.2772 7.07071
execution_unit_0/register_file_0/N214 0.2772 31.5657
execution_unit_0/register_file_0/N215 0.1057 47.5166
execution_unit_0/register_file_0/r12_en 0.9086 47.3806
execution_unit_0/register_file_0/mclk_r12 4.3386 30.0391
execution_unit_0/register_file_0/N217 0.1659 55.2743
execution_unit_0/register_file_0/N218 0.3101 51.2415
execution_unit_0/register_file_0/N219 0.5544 44.6023
execution_unit_0/register_file_0/N220 0.5516 65.6091
execution_unit_0/register_file_0/N221 0.42 61
execution_unit_0/register_file_0/N222 0.1078 0.0463822
execution_unit_0/register_file_0/N223 0.1134 15.1235
execution_unit_0/register_file_0/N224 0.5635 40.7986
execution_unit_0/register_file_0/N225 0.4382 51.0383
execution_unit_0/register_file_0/N226 0.31885 54.1164
execution_unit_0/register_file_0/N227 0.15995 29.7593
execution_unit_0/register_file_0/N228 0.2961 75.8865
execution_unit_0/register_file_0/N229 0.30345 58.5928
execution_unit_0/register_file_0/N230 0.119 22.6471
execution_unit_0/register_file_0/N231 0.7168 56.6406
execution_unit_0/register_file_0/N232 0.1855 25.3908
execution_unit_0/register_file_0/r13_en 0.0707 6.93069
execution_unit_0/register_file_0/mclk_r13 4.8027 40.3549
execution_unit_0/register_file_0/N234 0.1491 23.0047
execution_unit_0/register_file_0/N235 0.3451 34.2799
execution_unit_0/register_file_0/N236 0.2394 51.6082
execution_unit_0/register_file_0/N237 0.1862 30.0752
execution_unit_0/register_file_0/N238 0.532 39.9342
execution_unit_0/register_file_0/N239 0.1211 4.76879
execution_unit_0/register_file_0/N240 0.6804 52.0576
execution_unit_0/register_file_0/N241 0.2107 10.4651
execution_unit_0/register_file_0/N242 0.4389 43.0223
execution_unit_0/register_file_0/N243 0.3136 36.942
execution_unit_0/register_file_0/N244 0.31185 52.862
execution_unit_0/register_file_0/N245 0.1617 9.30736
execution_unit_0/register_file_0/N246 0.1001 36.8881
execution_unit_0/register_file_0/N247 0.1225 0
execution_unit_0/register_file_0/N248 0.2324 35.241
execution_unit_0/register_file_0/N249 0.2506 49.162
execution_unit_0/register_file_0/r14_en 0.4305 10.813
execution_unit_0/register_file_0/mclk_r14 3.66695 37.883
execution_unit_0/register_file_0/N251 0.3745 53.4112
execution_unit_0/register_file_0/N252 0.37975 16.8664
execution_unit_0/register_file_0/N253 0.3388 6.19835
execution_unit_0/register_file_0/N254 0.3066 19.1781
execution_unit_0/register_file_0/N255 0.3318 68.6709
execution_unit_0/register_file_0/N256 0.1078 0.649351
execution_unit_0/register_file_0/N257 0.1757 25.1992
execution_unit_0/register_file_0/N258 0.3899 45.9605
execution_unit_0/register_file_0/N259 0.4732 25.4438
execution_unit_0/register_file_0/N260 0.5383 25.4226
execution_unit_0/register_file_0/N261 0.0994 60.2113
execution_unit_0/register_file_0/N262 0.2226 73.5849
execution_unit_0/register_file_0/N263 0.2723 53.856
execution_unit_0/register_file_0/N264 0.1533 21.5753
execution_unit_0/register_file_0/N265 0.2639 41.7772
execution_unit_0/register_file_0/N266 0.2443 65.616
execution_unit_0/register_file_0/r15_en 0.1729 41.3968
execution_unit_0/register_file_0/mclk_r15 5.64095 53.2264
execution_unit_0/register_file_0/N268 0.3444 52.3374
execution_unit_0/register_file_0/N269 1.0437 56.4051
execution_unit_0/register_file_0/N270 0.2919 32.2542
execution_unit_0/register_file_0/N271 0.3171 34.4765
execution_unit_0/register_file_0/N272 0.3241 49.2441
execution_unit_0/register_file_0/N273 0.5418 28.8114
execution_unit_0/register_file_0/N274 0.2961 36.7612
execution_unit_0/register_file_0/N275 1.1963 60.7958
execution_unit_0/register_file_0/N276 0.2345 27.1642
execution_unit_0/register_file_0/N277 0.1757 33.1673
execution_unit_0/register_file_0/N278 0.3108 20.9459
execution_unit_0/register_file_0/N279 0.3451 41.9878
execution_unit_0/register_file_0/N280 0.5278 25.5305
execution_unit_0/register_file_0/N281 0.4571 49.65
execution_unit_0/register_file_0/N282 0.5985 41.6082
execution_unit_0/register_file_0/N283 0.2296 54.7256
execution_unit_0/register_file_0/n715 0.1365 30.5128
execution_unit_0/register_file_0/n716 0.3563 48.8703
execution_unit_0/register_file_0/n717 0.1813 66.4093
execution_unit_0/register_file_0/n718 0.259 73.5135
execution_unit_0/register_file_0/n719 0.2989 34.3091
execution_unit_0/register_file_0/n720 0.2016 57.2917
execution_unit_0/register_file_0/n721 0.3262 40.9335
execution_unit_0/register_file_0/n722 0.3241 49.622
execution_unit_0/register_file_0/n723 0.8414 52.2047
execution_unit_0/register_file_0/n724 0.1309 60.5615
execution_unit_0/register_file_0/n725 0.2443 37.9656
execution_unit_0/register_file_0/n726 0.3087 52.8345
execution_unit_0/register_file_0/n727 0.0882 54.3651
execution_unit_0/register_file_0/n728 0.3472 16.2802
execution_unit_0/register_file_0/n729 1.8648 89.6959
execution_unit_0/register_file_0/n1 0.4207 20.5907
execution_unit_0/register_file_0/n2 1.8319 57.7297
execution_unit_0/register_file_0/n3 1.17215 21.917
execution_unit_0/register_file_0/n4 0.8057 1.73762
execution_unit_0/register_file_0/n5 0.0693 0.541126
execution_unit_0/register_file_0/n6 0.9394 13.5246
execution_unit_0/register_file_0/n7 0.9723 17.6386
execution_unit_0/register_file_0/n8 2.1672 57.1544
execution_unit_0/register_file_0/n9 0.6783 7.37874
execution_unit_0/register_file_0/n10 0.4067 50.3442
execution_unit_0/register_file_0/n11 0.3087 62.9252
execution_unit_0/register_file_0/n12 1.337 57.9581
execution_unit_0/register_file_0/n13 1.0913 49.4708
execution_unit_0/register_file_0/n14 0.3094 0.339367
execution_unit_0/register_file_0/n15 1.0612 54.3536
execution_unit_0/register_file_0/n16 0.4452 51.4937
execution_unit_0/register_file_0/n17 1.4021 26.0609
execution_unit_0/register_file_0/n18 0.13265 15.0396
execution_unit_0/register_file_0/n19 0.1582 40.4867
execution_unit_0/register_file_0/n20 1.9012 58.275
execution_unit_0/register_file_0/n21 0.54215 28.1795
execution_unit_0/register_file_0/n22 0.95935 29.9474
execution_unit_0/register_file_0/n23 0.29365 24.6722
execution_unit_0/register_file_0/n24 0.2128 4.93421
execution_unit_0/register_file_0/n25 0.6678 9.1195
execution_unit_0/register_file_0/n26 9.0139 89.5317
execution_unit_0/register_file_0/n27 0.3297 41.6136
execution_unit_0/register_file_0/n28 0.2023 0.865052
execution_unit_0/register_file_0/n29 0.4648 54.0232
execution_unit_0/register_file_0/n30 3.479 62.9829
execution_unit_0/register_file_0/n31 0.1813 44.112
execution_unit_0/register_file_0/n32 0.25095 7.3421
execution_unit_0/register_file_0/n33 0.3857 19.2377
execution_unit_0/register_file_0/n34 0.52605 35.3959
execution_unit_0/register_file_0/n35 2.4234 63.3304
execution_unit_0/register_file_0/n36 0.287 31.9512
execution_unit_0/register_file_0/n37 0.1414 18.5644
execution_unit_0/register_file_0/n38 0.8799 6.6428
execution_unit_0/register_file_0/n39 0.7077 43.0267
execution_unit_0/register_file_0/n40 0.9254 6.95915
execution_unit_0/register_file_0/n41 0.23485 42.623
execution_unit_0/register_file_0/n42 0.9751 10.5887
execution_unit_0/register_file_0/n43 0.9324 51.4264
execution_unit_0/register_file_0/n44 2.6852 68.6131
execution_unit_0/register_file_0/n45 0.4802 36.7711
execution_unit_0/register_file_0/n46 0.2163 36.4078
execution_unit_0/register_file_0/n47 0.5117 53.6252
execution_unit_0/register_file_0/n48 0.9919 42.1136
execution_unit_0/register_file_0/n49 0.5019 14.0665
execution_unit_0/register_file_0/n50 0.126 58.6111
execution_unit_0/register_file_0/n51 0.7777 63.7264
execution_unit_0/register_file_0/n52 0.4802 39.3222
execution_unit_0/register_file_0/n53 1.5694 54.3934
execution_unit_0/register_file_0/n54 0.091 5.38462
execution_unit_0/register_file_0/n55 0.1309 11.8984
execution_unit_0/register_file_0/n56 0.4396 51.672
execution_unit_0/register_file_0/n57 3.70195 63.501
execution_unit_0/register_file_0/n58 0.32165 26.1153
execution_unit_0/register_file_0/n59 0.3003 50.641
execution_unit_0/register_file_0/n60 0.801675 17.1578
execution_unit_0/register_file_0/n61 0.4004 20.979
execution_unit_0/register_file_0/n62 0.8155 39.721
execution_unit_0/register_file_0/n63 0.1624 63.7931
execution_unit_0/register_file_0/n64 0.1029 28.4014
execution_unit_0/register_file_0/n65 0.0693 9.09091
execution_unit_0/register_file_0/n66 0.75565 19.7314
execution_unit_0/register_file_0/n67 0.8617 48.4565
execution_unit_0/register_file_0/n68 0.6566 62.6866
execution_unit_0/register_file_0/n69 1.15623 39.9122
execution_unit_0/register_file_0/n70 2.29215 0.30539
execution_unit_0/register_file_0/n71 0.0707 65.3465
execution_unit_0/register_file_0/n72 0.5628 29.4154
execution_unit_0/register_file_0/n73 0.3927 50.1783
execution_unit_0/register_file_0/n74 0.0875 31.4
execution_unit_0/register_file_0/n75 0.1624 9.54433
execution_unit_0/register_file_0/n76 0.45955 8.492
execution_unit_0/register_file_0/n77 1.1942 49.5164
execution_unit_0/register_file_0/n78 0.091 47.5
execution_unit_0/register_file_0/n79 0.8876 14.6293
execution_unit_0/register_file_0/n80 2.7846 94.8467
execution_unit_0/register_file_0/n81 0.2527 2.44361
execution_unit_0/register_file_0/n82 0.8253 28.8804
execution_unit_0/register_file_0/n83 0.7791 12.3893
execution_unit_0/register_file_0/n84 0.4683 20.3982
execution_unit_0/register_file_0/n85 0.0693 50.5051
execution_unit_0/register_file_0/n86 0.189 49.6296
execution_unit_0/register_file_0/n87 1.3111 32.3812
execution_unit_0/register_file_0/n88 0.1694 8.26446
execution_unit_0/register_file_0/n89 0.4599 17.8843
execution_unit_0/register_file_0/n90 1.967 6.37011
execution_unit_0/register_file_0/n91 0.1904 57.3529
execution_unit_0/register_file_0/n92 0.5285 34.1722
execution_unit_0/register_file_0/n93 0.5691 10.8549
execution_unit_0/register_file_0/n94 0.2926 27.8708
execution_unit_0/register_file_0/n95 0.1624 0
execution_unit_0/register_file_0/n96 0.217 0
execution_unit_0/register_file_0/n97 0.9618 4.98544
execution_unit_0/register_file_0/n98 0.1449 38.4058
execution_unit_0/register_file_0/n99 0.336 41.4583
execution_unit_0/register_file_0/n100 5.2192 81.4344
execution_unit_0/register_file_0/n101 0.266 35.7237
execution_unit_0/register_file_0/n102 0.1876 11.194
execution_unit_0/register_file_0/n103 0.4907 73.6091
execution_unit_0/register_file_0/n104 0.294 2.5
execution_unit_0/register_file_0/n105 0.07805 0.192184
execution_unit_0/register_file_0/n106 0.2506 27.6536
execution_unit_0/register_file_0/n107 0.84735 23.2755
execution_unit_0/register_file_0/n108 0.0903 35.2713
execution_unit_0/register_file_0/n109 0.5915 49.7633
execution_unit_0/register_file_0/n110 3.8192 73.0938
execution_unit_0/register_file_0/n111 0.0707 8.66337
execution_unit_0/register_file_0/n112 0.4081 10.2916
execution_unit_0/register_file_0/n113 0.5047 52.4965
execution_unit_0/register_file_0/n114 0.1358 0
execution_unit_0/register_file_0/n115 0.0784 7.36607
execution_unit_0/register_file_0/n116 0.112 10.9375
execution_unit_0/register_file_0/n117 1.2299 50.0285
execution_unit_0/register_file_0/n118 0.1127 0
execution_unit_0/register_file_0/n119 0.2961 2.12766
execution_unit_0/register_file_0/n120 2.3233 72.1302
execution_unit_0/register_file_0/n121 0.3521 22.6143
execution_unit_0/register_file_0/n122 0.1904 47.7941
execution_unit_0/register_file_0/n123 0.0959 35.7664
execution_unit_0/register_file_0/n124 0.1442 22.2087
execution_unit_0/register_file_0/n125 0.1036 22.8041
execution_unit_0/register_file_0/n126 0.0903 6.78295
execution_unit_0/register_file_0/n127 1.8046 71.1404
execution_unit_0/register_file_0/n128 0.1673 51.2552
execution_unit_0/register_file_0/n129 0.2254 21.8944
execution_unit_0/register_file_0/n130 3.78997 75.2413
execution_unit_0/register_file_0/n131 0.1519 39.8618
execution_unit_0/register_file_0/n132 0.2835 41.358
execution_unit_0/register_file_0/n133 0.4851 58.5137
execution_unit_0/register_file_0/n134 0.2289 65.9021
execution_unit_0/register_file_0/n135 3.52345 27.4014
execution_unit_0/register_file_0/n136 0.1162 42.0181
execution_unit_0/register_file_0/n137 0.5978 52.8689
execution_unit_0/register_file_0/n138 1.1354 2.5894
execution_unit_0/register_file_0/n139 0.2849 61.5479
execution_unit_0/register_file_0/n140 4.90385 37.285
execution_unit_0/register_file_0/n141 1.0283 15.7226
execution_unit_0/register_file_0/n142 0.1085 32.5806
execution_unit_0/register_file_0/n143 0.8757 29.6163
execution_unit_0/register_file_0/n144 0.2807 22.6933
execution_unit_0/register_file_0/n145 0.1183 31.9527
execution_unit_0/register_file_0/n146 7.18865 55.1348
execution_unit_0/register_file_0/n147 5.08235 43.1119
execution_unit_0/register_file_0/n148 14.0852 77.5023
execution_unit_0/register_file_0/n149 5.0463 67.0863
execution_unit_0/register_file_0/n150 0.945 43.3704
execution_unit_0/register_file_0/n151 6.0235 42.638
execution_unit_0/register_file_0/n152 3.53815 32.7459
execution_unit_0/register_file_0/n153 3.96515 27.7077
execution_unit_0/register_file_0/n154 6.33762 59.0943
execution_unit_0/register_file_0/n155 4.8202 64.015
execution_unit_0/register_file_0/n156 5.65127 61.1915
execution_unit_0/register_file_0/n157 4.6361 74.0563
execution_unit_0/register_file_0/n158 2.4773 30.1659
execution_unit_0/register_file_0/n159 3.22525 28.2575
execution_unit_0/register_file_0/n160 0.5649 7.86865
execution_unit_0/register_file_0/n161 0.3458 27.3279
execution_unit_0/register_file_0/n162 0.2863 28.0562
execution_unit_0/register_file_0/n163 0.2891 22.9419
execution_unit_0/register_file_0/n164 0.75775 84.5727
execution_unit_0/register_file_0/n165 0.7308 21.6954
execution_unit_0/register_file_0/n166 7.97825 71.4643
execution_unit_0/register_file_0/n167 0.602 9.7093
execution_unit_0/register_file_0/n168 0.0952 12.6838
execution_unit_0/register_file_0/n169 2.6187 25.8325
execution_unit_0/register_file_0/n170 1.743 52.008
execution_unit_0/register_file_0/n171 2.8056 71.3573
execution_unit_0/register_file_0/n172 6.0193 66.2955
execution_unit_0/register_file_0/n173 3.72925 59.1084
execution_unit_0/register_file_0/n174 6.3273 70.6798
execution_unit_0/register_file_0/n175 6.7319 52.8959
execution_unit_0/register_file_0/n176 4.07295 84.734
execution_unit_0/register_file_0/n177 10.6614 84.9348
execution_unit_0/register_file_0/n178 2.1028 41.7443
execution_unit_0/register_file_0/n179 9.49515 87.061
execution_unit_0/register_file_0/n180 19.3008 95.5688
execution_unit_0/register_file_0/n181 6.2132 88.9703
execution_unit_0/register_file_0/n182 10.0744 77.9009
execution_unit_0/register_file_0/n183 17.7632 75.933
execution_unit_0/register_file_0/n184 20.4498 95.6938
execution_unit_0/register_file_0/n185 0.126 49.4444
execution_unit_0/register_file_0/n186 1.99815 19.0226
execution_unit_0/register_file_0/n187 0.2723 20.3085
execution_unit_0/register_file_0/n188 0.4256 44.2434
execution_unit_0/register_file_0/n189 0.1638 36.9658
execution_unit_0/register_file_0/n190 0.532 43.4211
execution_unit_0/register_file_0/n191 1.085 35.7627
execution_unit_0/register_file_0/n192 0.1561 15.6951
execution_unit_0/register_file_0/n193 0.0819 17.9487
execution_unit_0/register_file_0/n194 0.3255 46.0215
execution_unit_0/register_file_0/n195 0.1617 36.3636
execution_unit_0/register_file_0/n196 0.0987 7.44681
execution_unit_0/register_file_0/n197 1.4637 36.9919
execution_unit_0/register_file_0/n198 0.06055 0
execution_unit_0/register_file_0/n199 1.01185 44.5521
execution_unit_0/register_file_0/n200 1.8893 42.2934
execution_unit_0/register_file_0/n201 0.5271 28.5857
execution_unit_0/register_file_0/n202 0.2562 15.847
execution_unit_0/register_file_0/n203 0.21875 17.36
execution_unit_0/register_file_0/n204 1.6093 11.244
execution_unit_0/register_file_0/n205 0.0777 18.9189
execution_unit_0/register_file_0/n206 1.5743 17.3966
execution_unit_0/register_file_0/n207 0.2345 28.4328
execution_unit_0/register_file_0/n208 1.1438 57.7264
execution_unit_0/register_file_0/n209 1.2222 20.3322
execution_unit_0/register_file_0/n210 0.1925 43.3636
execution_unit_0/register_file_0/n211 0.0777 0
execution_unit_0/register_file_0/n212 0.5285 30.1325
execution_unit_0/register_file_0/n213 2.6985 2.61997
execution_unit_0/register_file_0/n214 0.3591 0.438596
execution_unit_0/register_file_0/n215 0.2793 27.0677
execution_unit_0/register_file_0/n216 0.1127 0
execution_unit_0/register_file_0/n217 0.581 55.9639
execution_unit_0/register_file_0/n218 0.9016 39.8098
execution_unit_0/register_file_0/n219 0.3234 38.2035
execution_unit_0/register_file_0/n220 0.2037 14.433
execution_unit_0/register_file_0/n221 0.1008 45.3125
execution_unit_0/register_file_0/n222 1.9621 36.4609
execution_unit_0/register_file_0/n223 0.2814 5.6592
execution_unit_0/register_file_0/n224 1.2733 77.5701
execution_unit_0/register_file_0/n225 0.1939 2.52708
execution_unit_0/register_file_0/n226 0.4578 33.8467
execution_unit_0/register_file_0/n227 1.2292 26.0393
execution_unit_0/register_file_0/n228 1.33385 68.6696
execution_unit_0/register_file_0/n229 0.1778 0
execution_unit_0/register_file_0/n230 0.1491 19.2488
execution_unit_0/register_file_0/n231 0.87395 31.0773
execution_unit_0/register_file_0/n232 0.4172 32.2987
execution_unit_0/register_file_0/n233 0.1946 11.9604
execution_unit_0/register_file_0/n234 0.1617 48.0519
execution_unit_0/register_file_0/n235 2.6061 53.4247
execution_unit_0/register_file_0/n236 0.87535 43.8425
execution_unit_0/register_file_0/n237 0.6902 23.6815
execution_unit_0/register_file_0/n238 0.0819 12.3932
execution_unit_0/register_file_0/n239 0.2093 33.6957
execution_unit_0/register_file_0/n240 1.54385 48.8778
execution_unit_0/register_file_0/n241 4.004 49.9913
execution_unit_0/register_file_0/n242 0.4536 64.1975
execution_unit_0/register_file_0/n243 0.1162 17.3193
execution_unit_0/register_file_0/n244 0.1274 67.8571
execution_unit_0/register_file_0/n245 2.0342 65.554
execution_unit_0/register_file_0/n246 0.59605 8.82476
execution_unit_0/register_file_0/n247 0.9478 10.8567
execution_unit_0/register_file_0/n248 0.1442 14.0777
execution_unit_0/register_file_0/n249 0.0784 1.78571
execution_unit_0/register_file_0/n250 0.0511 54.7945
execution_unit_0/register_file_0/n251 0.21455 19.4127
execution_unit_0/register_file_0/n252 1.2194 38.8203
execution_unit_0/register_file_0/n253 1.02043 25.8348
execution_unit_0/register_file_0/n254 0.4921 15.6117
execution_unit_0/register_file_0/n255 0.1659 55.0633
execution_unit_0/register_file_0/n256 0.777 53.0631
execution_unit_0/register_file_0/n257 0.0777 28.6036
execution_unit_0/register_file_0/n258 1.66215 45.4411
execution_unit_0/register_file_0/n259 0.2604 7.66129
execution_unit_0/register_file_0/n260 0.1743 56.7269
execution_unit_0/register_file_0/n261 0.67305 6.13625
execution_unit_0/register_file_0/n262 1.5974 87.1166
execution_unit_0/register_file_0/n263 2.4472 73.5841
execution_unit_0/register_file_0/n264 0.1015 13.7931
execution_unit_0/register_file_0/n265 0.52885 36.9954
execution_unit_0/register_file_0/n266 0.5467 21.4789
execution_unit_0/register_file_0/n267 0.2688 52.6042
execution_unit_0/register_file_0/n268 3.1794 48.0295
execution_unit_0/register_file_0/n269 0.1841 47.9087
execution_unit_0/register_file_0/n270 0.126 47.2222
execution_unit_0/register_file_0/n271 0.87115 58.3769
execution_unit_0/register_file_0/n272 1.5575 85.191
execution_unit_0/register_file_0/n273 1.5596 14.6656
execution_unit_0/register_file_0/n274 0.427 7.09016
execution_unit_0/register_file_0/n275 0.39655 17.2992
execution_unit_0/register_file_0/n276 0.85785 54.0188
execution_unit_0/register_file_0/n277 1.1004 65.1081
execution_unit_0/register_file_0/n278 4.8307 89.5233
execution_unit_0/register_file_0/n279 0.1134 5.09259
execution_unit_0/register_file_0/n280 0.1974 22.3404
execution_unit_0/register_file_0/n281 0.61425 10.0855
execution_unit_0/register_file_0/n282 1.88055 63.8191
execution_unit_0/register_file_0/n283 1.2957 54.241
execution_unit_0/register_file_0/n284 1.1494 75.3806
execution_unit_0/register_file_0/n285 0.3633 27.3603
execution_unit_0/register_file_0/n286 0.8239 54.418
execution_unit_0/register_file_0/n287 0.1582 35.8407
execution_unit_0/register_file_0/n288 1.1508 32.7859
execution_unit_0/register_file_0/n289 0.14175 0.917108
execution_unit_0/register_file_0/n290 0.0644 47.5543
execution_unit_0/register_file_0/n291 1.2159 15.8895
execution_unit_0/register_file_0/n292 1.7458 95.9302
execution_unit_0/register_file_0/n293 1.9677 75.4536
execution_unit_0/register_file_0/n294 1.3118 32.8175
execution_unit_0/register_file_0/n295 0.2191 53.6741
execution_unit_0/register_file_0/n296 0.8764 17.492
execution_unit_0/register_file_0/n297 0.812 57.2845
execution_unit_0/register_file_0/n298 2.9701 30.6564
execution_unit_0/register_file_0/n299 0.0693 6.81818
execution_unit_0/register_file_0/n300 0.1442 56.3107
execution_unit_0/register_file_0/n301 0.4767 16.7401
execution_unit_0/register_file_0/n302 1.15605 29.67
execution_unit_0/register_file_0/n303 1.1774 8.59096
execution_unit_0/register_file_0/n304 0.8743 64.8519
execution_unit_0/register_file_0/n305 0.126 49.1667
execution_unit_0/register_file_0/n306 0.4039 41.9844
execution_unit_0/register_file_0/n307 0.1617 24.2424
execution_unit_0/register_file_0/n308 2.9855 50.7503
execution_unit_0/register_file_0/n309 0.1624 19.7968
execution_unit_0/register_file_0/n310 0.2107 54.9003
execution_unit_0/register_file_0/n311 2.4122 62.928
execution_unit_0/register_file_0/n312 1.75385 90.5209
execution_unit_0/register_file_0/n313 1.1781 17.6173
execution_unit_0/register_file_0/n314 2.3261 88.0379
execution_unit_0/register_file_0/n315 0.0707 22.5248
execution_unit_0/register_file_0/n316 0.4571 56.5084
execution_unit_0/register_file_0/n317 0.651 80.5914
execution_unit_0/register_file_0/n318 4.29835 87.6639
execution_unit_0/register_file_0/n319 0.224 3.51562
execution_unit_0/register_file_0/n320 0.2786 25.6281
execution_unit_0/register_file_0/n321 1.1585 96.6767
execution_unit_0/register_file_0/n322 2.2036 79.074
execution_unit_0/register_file_0/n323 0.48265 61.4731
execution_unit_0/register_file_0/n324 1.8816 77.6786
execution_unit_0/register_file_0/n325 0.168 61.0417
execution_unit_0/register_file_0/n326 0.6692 38.5983
execution_unit_0/register_file_0/n327 0.2828 7.5495
execution_unit_0/register_file_0/n328 2.2155 5.6872
execution_unit_0/register_file_0/n329 0.0693 36.8687
execution_unit_0/register_file_0/n330 3.99805 57.0691
execution_unit_0/register_file_0/n331 0.0595 45.5882
execution_unit_0/register_file_0/n332 1.13715 88.2118
execution_unit_0/register_file_0/n333 1.95685 57.217
execution_unit_0/register_file_0/n334 0.1491 23.0047
execution_unit_0/register_file_0/n335 0.5887 50.2973
execution_unit_0/register_file_0/n336 0.4564 54.5245
execution_unit_0/register_file_0/n337 0.9352 37.0135
execution_unit_0/register_file_0/n338 0.18375 29.0476
execution_unit_0/register_file_0/n339 1.94005 22.578
execution_unit_0/register_file_0/n340 0.1148 29.2683
execution_unit_0/register_file_0/n342 0.1008 4.51389
execution_unit_0/register_file_0/n344 0.196 0.357143
execution_unit_0/register_file_0/n346 0.5068 15.6768
execution_unit_0/register_file_0/n347 1.05525 26.6003
execution_unit_0/register_file_0/n348 4.83035 73.8285
execution_unit_0/register_file_0/n349 5.1394 34.953
execution_unit_0/register_file_0/n350 0.1246 18.5393
execution_unit_0/register_file_0/n352 3.25885 18.2311
execution_unit_0/register_file_0/n353 5.45335 36.4322
execution_unit_0/register_file_0/n354 0.2422 21.9653
execution_unit_0/register_file_0/n355 4.7733 58.0809
execution_unit_0/register_file_0/n356 4.7775 86.359
execution_unit_0/register_file_0/n357 2.97955 93.6156
execution_unit_0/register_file_0/n358 4.15205 84.0808
execution_unit_0/register_file_0/n359 6.8838 69.4097
execution_unit_0/register_file_0/n360 5.95245 87.3258
execution_unit_0/register_file_0/n361 3.12007 86.4266
execution_unit_0/register_file_0/n362 3.13635 74.3109
execution_unit_0/register_file_0/n363 9.3163 76.1627
execution_unit_0/register_file_0/n364 3.8395 90.3236
execution_unit_0/register_file_0/n365 3.3922 90.3941
execution_unit_0/register_file_0/n366 10.599 82.2078
execution_unit_0/register_file_0/n367 6.2223 87.1358
execution_unit_0/register_file_0/n368 4.1244 66.1745
execution_unit_0/register_file_0/n369 3.9669 57.6672
execution_unit_0/register_file_0/n370 10.1962 84.263
execution_unit_0/register_file_0/n371 10.0019 77.4014
execution_unit_0/register_file_0/n372 5.97135 87.2809
execution_unit_0/register_file_0/n373 3.53185 92.1613
execution_unit_0/register_file_0/n374 3.6659 52.7688
execution_unit_0/register_file_0/n375 0.8162 2.14408
execution_unit_0/register_file_0/n376 0.5362 35.5091
execution_unit_0/register_file_0/n377 3.9991 69.1581
execution_unit_0/register_file_0/n378 2.1693 43.1187
execution_unit_0/register_file_0/n379 2.296 41.2957
execution_unit_0/register_file_0/n380 1.62505 48.977
execution_unit_0/register_file_0/n381 3.2956 64.3343
execution_unit_0/register_file_0/n382 3.3558 70.1919
execution_unit_0/register_file_0/n383 3.5777 47.1874
execution_unit_0/register_file_0/n384 0.5033 37.4131
execution_unit_0/register_file_0/n385 4.57485 41.8216
execution_unit_0/register_file_0/n386 4.2287 43.0061
execution_unit_0/register_file_0/n387 4.0075 30.4498
execution_unit_0/register_file_0/n388 3.1248 43.246
execution_unit_0/register_file_0/n389 6.28075 40.209
execution_unit_0/register_file_0/n390 5.4383 27.259
execution_unit_0/register_file_0/n391 7.36225 41.7722
execution_unit_0/register_file_0/n392 5.7253 63.6626
execution_unit_0/register_file_0/n393 7.9863 56.4717
execution_unit_0/register_file_0/n394 3.79505 36.1293
execution_unit_0/register_file_0/n395 5.37425 44.83
execution_unit_0/register_file_0/n396 5.4383 31.713
execution_unit_0/register_file_0/n397 2.90745 52.2632
execution_unit_0/register_file_0/n398 2.4465 52.7825
execution_unit_0/register_file_0/n399 3.829 45.2514
execution_unit_0/register_file_0/n400 3.143 50.5735
execution_unit_0/register_file_0/n401 4.7593 52.7951
execution_unit_0/register_file_0/n402 3.54305 33.807
execution_unit_0/register_file_0/n403 3.4237 32.8307
execution_unit_0/register_file_0/n404 3.4559 41.3821
execution_unit_0/register_file_0/n405 3.40865 46.9042
execution_unit_0/register_file_0/n406 3.3621 48.7984
execution_unit_0/register_file_0/n407 1.379 13.2741
execution_unit_0/register_file_0/n408 1.92605 14.1923
execution_unit_0/register_file_0/n409 1.239 39.0113
execution_unit_0/register_file_0/n410 14.5309 75.8412
execution_unit_0/register_file_0/n411 19.2523 72.3833
execution_unit_0/register_file_0/n412 14.8242 57.6318
execution_unit_0/register_file_0/n413 14.7731 68.5434
execution_unit_0/register_file_0/n414 13.5184 45.2339
execution_unit_0/register_file_0/n415 18.0974 68.1546
execution_unit_0/register_file_0/n416 3.10135 31.3001
execution_unit_0/register_file_0/n417 3.5469 41.341
execution_unit_0/register_file_0/n418 0.97545 25.9778
execution_unit_0/register_file_0/n419 0.4781 34.8463
execution_unit_0/register_file_0/n420 0.5355 4.68721
execution_unit_0/register_file_0/n421 1.2957 40.0999
execution_unit_0/register_file_0/n422 0.7077 47.725
execution_unit_0/register_file_0/n423 2.492 23.736
execution_unit_0/register_file_0/n424 0.9597 47.3742
execution_unit_0/register_file_0/n425 15.975 71.7153
execution_unit_0/register_file_0/n426 0.7462 42.2608
execution_unit_0/register_file_0/n427 2.5564 34.6865
execution_unit_0/register_file_0/n428 0.3024 25.2315
execution_unit_0/register_file_0/n429 19.349 53.1831
execution_unit_0/register_file_0/n430 2.1448 86.9941
execution_unit_0/register_file_0/n431 9.2729 29.632
execution_unit_0/register_file_0/n432 0.224 34.0625
execution_unit_0/register_file_0/n433 15.5424 33.3787
execution_unit_0/register_file_0/n434 11.4842 53.6727
execution_unit_0/register_file_0/n435 0.1225 40
execution_unit_0/register_file_0/n436 17.0445 48.0657
execution_unit_0/register_file_0/n437 18.5906 72.8754
execution_unit_0/register_file_0/n438 0.1806 71.124
execution_unit_0/register_file_0/n439 16.9347 46.5441
execution_unit_0/register_file_0/n440 1.155 53.1818
execution_unit_0/register_file_0/n441 0.8092 52.2924
execution_unit_0/register_file_0/n442 15.0582 53.9009
execution_unit_0/register_file_0/n443 20.2366 62.2486
execution_unit_0/register_file_0/n444 0.5061 24.4467
execution_unit_0/register_file_0/n445 0.0133 81.5789
execution_unit_0/register_file_0/n446 22.4206 76.2508
execution_unit_0/register_file_0/n447 0.2919 26.4388
execution_unit_0/register_file_0/n448 15.4553 46.6558
execution_unit_0/register_file_0/n449 16.5249 47.3658
execution_unit_0/register_file_0/n450 0.2786 52.5126
execution_unit_0/register_file_0/n451 0.17535 26.5469
execution_unit_0/register_file_0/n452 16.2984 67.6897
execution_unit_0/register_file_0/n453 0.8855 54.6245
execution_unit_0/register_file_0/n454 11.6084 86.7609
execution_unit_0/register_file_0/n455 17.787 56.6131
execution_unit_0/register_file_0/n456 2.9218 45.3162
execution_unit_0/register_file_0/n457 3.64385 24.236
execution_unit_0/register_file_0/n458 0.8505 51.893
execution_unit_0/register_file_0/n459 2.76815 37.1096
execution_unit_0/register_file_0/n460 0.21 41.0833
execution_unit_0/register_file_0/n469 1.36465 33.6588
execution_unit_0/register_file_0/n470 2.0391 24.6015
execution_unit_0/register_file_0/n471 2.69045 57.7468
execution_unit_0/register_file_0/n472 1.35415 29.8527
execution_unit_0/register_file_0/n473 2.6334 54.9375
execution_unit_0/register_file_0/n474 1.6877 7.40357
execution_unit_0/register_file_0/n475 1.5106 42.6784
execution_unit_0/register_file_0/n476 1.0717 54.7028
execution_unit_0/register_file_0/n477 3.0324 58.9566
execution_unit_0/register_file_0/n478 2.5578 47.8311
execution_unit_0/register_file_0/n479 4.2308 50.029
execution_unit_0/register_file_0/n480 1.8844 32.2065
execution_unit_0/register_file_0/n481 3.52992 53.6336
execution_unit_0/register_file_0/n482 3.6071 59.6449
execution_unit_0/register_file_0/n483 2.3058 15.8318
execution_unit_0/register_file_0/n484 2.34605 41.1756
execution_unit_0/register_file_0/n485 1.5253 47.7283
execution_unit_0/register_file_0/n486 3.4552 51.4276
execution_unit_0/register_file_0/n487 3.60955 61.0589
execution_unit_0/register_file_0/n488 3.9095 66.3563
execution_unit_0/register_file_0/n489 2.34185 31.3331
execution_unit_0/register_file_0/n490 1.7346 52.381
execution_unit_0/register_file_0/n491 2.8567 65.5232
execution_unit_0/register_file_0/n492 3.3159 22.3137
execution_unit_0/register_file_0/r1[15] 3.6883 63.8926
execution_unit_0/register_file_0/r1[14] 2.7979 27.8512
execution_unit_0/register_file_0/r1[13] 4.4072 75.6274
execution_unit_0/register_file_0/r1[12] 3.1913 70.6295
execution_unit_0/register_file_0/r1[11] 3.11325 63.6537
execution_unit_0/register_file_0/r1[10] 3.8374 72.7563
execution_unit_0/register_file_0/r1[9] 3.955 76.3717
execution_unit_0/register_file_0/r1[8] 1.2845 21.1172
execution_unit_0/register_file_0/r1[7] 1.9131 50.8507
execution_unit_0/register_file_0/r1[6] 2.40625 65.3091
execution_unit_0/register_file_0/r1[5] 1.3167 48.4716
execution_unit_0/register_file_0/r1[4] 1.6387 42.4818
execution_unit_0/register_file_0/r1[3] 1.21485 23.0049
execution_unit_0/register_file_0/r1[2] 0.9443 43.6805
execution_unit_0/register_file_0/r1[1] 1.4448 21.0998
execution_unit_0/register_file_0/r3[8] 1.5064 30.2045
execution_unit_0/register_file_0/r3[7] 2.7097 18.3544
execution_unit_0/register_file_0/r3[6] 2.1651 56.0944
execution_unit_0/register_file_0/r3[5] 1.624 34.7845
execution_unit_0/register_file_0/r3[4] 3.115 53.764
execution_unit_0/register_file_0/r3[3] 2.5592 42.0268
execution_unit_0/register_file_0/r3[2] 3.1122 50.9334
execution_unit_0/register_file_0/r3[1] 2.3807 36.9009
execution_unit_0/register_file_0/r4[8] 0.9604 0.510204
execution_unit_0/register_file_0/r4[7] 1.2243 63.036
execution_unit_0/register_file_0/r4[6] 1.8011 29.8096
execution_unit_0/register_file_0/r4[5] 3.01 57.9535
execution_unit_0/register_file_0/r4[4] 0.8043 18.8207
execution_unit_0/register_file_0/r4[3] 0.8687 19.0169
execution_unit_0/register_file_0/r4[2] 0.644 31.1413
execution_unit_0/register_file_0/r4[1] 0.8211 34.3137
execution_unit_0/register_file_0/r4[0] 3.2459 37.8801
execution_unit_0/register_file_0/r5[15] 1.0829 80.6399
execution_unit_0/register_file_0/r5[14] 1.0066 32.5452
execution_unit_0/register_file_0/r5[13] 1.06015 66.6557
execution_unit_0/register_file_0/r5[12] 0.76475 30.7094
execution_unit_0/register_file_0/r5[11] 1.2551 14.0268
execution_unit_0/register_file_0/r5[10] 0.6314 18.5698
execution_unit_0/register_file_0/r5[9] 0.6279 27.2297
execution_unit_0/register_file_0/r5[8] 3.19917 78.9946
execution_unit_0/register_file_0/r5[7] 1.5841 51.6571
execution_unit_0/register_file_0/r5[6] 1.56135 45.64
execution_unit_0/register_file_0/r5[5] 1.07205 14.1038
execution_unit_0/register_file_0/r5[4] 0.92295 49.2416
execution_unit_0/register_file_0/r5[3] 1.44935 85.6073
execution_unit_0/register_file_0/r5[2] 1.2936 56.48
execution_unit_0/register_file_0/r5[1] 0.9149 49.1584
execution_unit_0/register_file_0/r5[0] 2.3849 41.0992
execution_unit_0/register_file_0/r6[15] 0.6636 40.8755
execution_unit_0/register_file_0/r6[14] 1.1809 19.9932
execution_unit_0/register_file_0/r6[13] 0.6062 37.1247
execution_unit_0/register_file_0/r6[12] 0.5425 6.56682
execution_unit_0/register_file_0/r6[11] 0.1162 26.3554
execution_unit_0/register_file_0/r6[10] 0.3829 44.385
execution_unit_0/register_file_0/r6[9] 0.4326 50.89
execution_unit_0/register_file_0/r6[8] 1.1431 40.5695
execution_unit_0/register_file_0/r6[7] 1.0297 48.6574
execution_unit_0/register_file_0/r6[6] 0.78365 35.4623
execution_unit_0/register_file_0/r6[5] 0.85785 40.9221
execution_unit_0/register_file_0/r6[4] 4.16728 23.105
execution_unit_0/register_file_0/r6[3] 1.5246 66.4371
execution_unit_0/register_file_0/r6[2] 1.9873 52.4179
execution_unit_0/register_file_0/r6[1] 1.67633 54.3585
execution_unit_0/register_file_0/r6[0] 1.1683 56.5908
execution_unit_0/register_file_0/r7[15] 2.5298 29.4529
execution_unit_0/register_file_0/r7[14] 2.0783 52.5598
execution_unit_0/register_file_0/r7[13] 2.18085 23.2065
execution_unit_0/register_file_0/r7[12] 2.8028 64.5408
execution_unit_0/register_file_0/r7[11] 2.2372 14.3304
execution_unit_0/register_file_0/r7[10] 1.5029 38.3342
execution_unit_0/register_file_0/r7[9] 1.4693 50.798
execution_unit_0/register_file_0/r7[8] 1.99045 49.3406
execution_unit_0/register_file_0/r7[7] 5.3704 74.3613
execution_unit_0/register_file_0/r7[6] 4.7355 77.6644
execution_unit_0/register_file_0/r7[5] 3.5483 75.1726
execution_unit_0/register_file_0/r7[4] 8.1067 75.4598
execution_unit_0/register_file_0/r7[3] 4.55525 68.0144
execution_unit_0/register_file_0/r7[2] 2.8637 34.912
execution_unit_0/register_file_0/r7[1] 2.5095 27.8801
execution_unit_0/register_file_0/r7[0] 4.865 72.5432
execution_unit_0/register_file_0/r8[15] 1.5393 30.1598
execution_unit_0/register_file_0/r8[14] 2.66595 28.8631
execution_unit_0/register_file_0/r8[13] 1.40455 19.2375
execution_unit_0/register_file_0/r8[12] 2.422 6.15607
execution_unit_0/register_file_0/r8[11] 2.2484 53.9384
execution_unit_0/register_file_0/r8[10] 1.37095 32.3134
execution_unit_0/register_file_0/r8[9] 1.9082 12.3349
execution_unit_0/register_file_0/r8[8] 1.0976 20.169
execution_unit_0/register_file_0/r8[7] 1.0962 38.6175
execution_unit_0/register_file_0/r8[6] 1.14765 42.1317
execution_unit_0/register_file_0/r8[5] 0.42455 25.4328
execution_unit_0/register_file_0/r8[4] 0.5586 32.0175
execution_unit_0/register_file_0/r8[3] 1.2747 48.682
execution_unit_0/register_file_0/r8[2] 1.624 64.4073
execution_unit_0/register_file_0/r8[1] 0.2989 12.7049
execution_unit_0/register_file_0/r8[0] 1.6051 42.9132
execution_unit_0/register_file_0/r9[15] 3.46885 69.5591
execution_unit_0/register_file_0/r9[14] 3.7541 72.8883
execution_unit_0/register_file_0/r9[13] 2.7587 43.3773
execution_unit_0/register_file_0/r9[12] 3.0247 48.0271
execution_unit_0/register_file_0/r9[11] 2.3667 75.3919
execution_unit_0/register_file_0/r9[10] 8.6926 81.5469
execution_unit_0/register_file_0/r9[9] 4.22555 74.2318
execution_unit_0/register_file_0/r9[8] 3.3026 61.9436
execution_unit_0/register_file_0/r9[7] 3.33515 36.7405
execution_unit_0/register_file_0/r9[6] 2.9701 47.761
execution_unit_0/register_file_0/r9[5] 4.2588 72.6126
execution_unit_0/register_file_0/r9[4] 3.6099 45.9618
execution_unit_0/register_file_0/r9[3] 4.08223 45.4458
execution_unit_0/register_file_0/r9[2] 2.54397 67.765
execution_unit_0/register_file_0/r9[1] 3.91003 57.1767
execution_unit_0/register_file_0/r9[0] 2.3317 55.0736
execution_unit_0/register_file_0/r10[15] 1.3895 49.9244
execution_unit_0/register_file_0/r10[14] 0.9807 34.0471
execution_unit_0/register_file_0/r10[13] 1.2775 42.5753
execution_unit_0/register_file_0/r10[12] 1.75175 58.4116
execution_unit_0/register_file_0/r10[11] 0.8099 29.0406
execution_unit_0/register_file_0/r10[10] 0.5243 38.6849
execution_unit_0/register_file_0/r10[9] 1.0136 32.1133
execution_unit_0/register_file_0/r10[8] 2.5116 15.8893
execution_unit_0/register_file_0/r10[7] 4.9469 71.5933
execution_unit_0/register_file_0/r10[6] 3.14265 54.0825
execution_unit_0/register_file_0/r10[5] 2.4808 28.8022
execution_unit_0/register_file_0/r10[4] 5.01725 77.6421
execution_unit_0/register_file_0/r10[3] 3.96795 74.0559
execution_unit_0/register_file_0/r10[2] 5.6049 69.3206
execution_unit_0/register_file_0/r10[1] 2.5711 22.4816
execution_unit_0/register_file_0/r10[0] 3.0457 63.3533
execution_unit_0/register_file_0/r11[15] 0.6587 41.0999
execution_unit_0/register_file_0/r11[14] 9.4654 90.3269
execution_unit_0/register_file_0/r11[13] 1.8249 55.4469
execution_unit_0/register_file_0/r11[12] 0.9625 36.8727
execution_unit_0/register_file_0/r11[11] 0.6013 34.0512
execution_unit_0/register_file_0/r11[10] 8.90155 72.4059
execution_unit_0/register_file_0/r11[9] 0.8771 53.2921
execution_unit_0/register_file_0/r11[8] 2.1896 32.7605
execution_unit_0/register_file_0/r11[7] 1.5883 54.0436
execution_unit_0/register_file_0/r11[6] 1.27085 27.94
execution_unit_0/register_file_0/r11[5] 1.4742 22.056
execution_unit_0/register_file_0/r11[4] 1.41575 47.2806
execution_unit_0/register_file_0/r11[3] 1.0164 28.6501
execution_unit_0/register_file_0/r11[2] 0.8071 13.6724
execution_unit_0/register_file_0/r11[1] 11.8975 80.2562
execution_unit_0/register_file_0/r11[0] 1.9845 47.1781
execution_unit_0/register_file_0/r12[15] 1.302 48.3065
execution_unit_0/register_file_0/r12[14] 1.4924 34.2402
execution_unit_0/register_file_0/r12[13] 2.6607 60.7866
execution_unit_0/register_file_0/r12[12] 2.9449 70.3173
execution_unit_0/register_file_0/r12[11] 2.443 42.7221
execution_unit_0/register_file_0/r12[10] 3.3215 43.9831
execution_unit_0/register_file_0/r12[9] 1.6674 54.3031
execution_unit_0/register_file_0/r12[8] 1.848 26.875
execution_unit_0/register_file_0/r12[7] 1.7787 52.9319
execution_unit_0/register_file_0/r12[6] 1.21135 3.37227
execution_unit_0/register_file_0/r12[5] 3.7688 65.9686
execution_unit_0/register_file_0/r12[4] 2.71145 63.3766
execution_unit_0/register_file_0/r12[3] 3.71 69.5189
execution_unit_0/register_file_0/r12[2] 1.7724 31.3981
execution_unit_0/register_file_0/r12[1] 1.2124 47.8926
execution_unit_0/register_file_0/r12[0] 3.46535 61.6503
execution_unit_0/register_file_0/r13[15] 3.2354 89.4743
execution_unit_0/register_file_0/r13[14] 1.3664 16.9826
execution_unit_0/register_file_0/r13[13] 4.94795 85.6688
execution_unit_0/register_file_0/r13[12] 3.01105 64.6867
execution_unit_0/register_file_0/r13[11] 2.7741 59.7779
execution_unit_0/register_file_0/r13[10] 3.6127 65.7237
execution_unit_0/register_file_0/r13[9] 2.1931 15.3766
execution_unit_0/register_file_0/r13[8] 4.3309 86.4878
execution_unit_0/register_file_0/r13[7] 2.09317 27.5395
execution_unit_0/register_file_0/r13[6] 1.0871 22.1185
execution_unit_0/register_file_0/r13[5] 1.5568 53.9568
execution_unit_0/register_file_0/r13[4] 0.79275 17.4393
execution_unit_0/register_file_0/r13[3] 1.7479 22.8274
execution_unit_0/register_file_0/r13[2] 2.17035 43.7188
execution_unit_0/register_file_0/r13[1] 2.2414 38.7258
execution_unit_0/register_file_0/r13[0] 2.1147 43.9838
execution_unit_0/register_file_0/r14[15] 3.04255 31.117
execution_unit_0/register_file_0/r14[14] 1.5001 36.6426
execution_unit_0/register_file_0/r14[13] 3.6204 38.4377
execution_unit_0/register_file_0/r14[12] 4.6823 38.7262
execution_unit_0/register_file_0/r14[11] 3.2949 31.0761
execution_unit_0/register_file_0/r14[10] 3.0352 16.3169
execution_unit_0/register_file_0/r14[9] 4.12405 63.7698
execution_unit_0/register_file_0/r14[8] 2.6936 58.2445
execution_unit_0/register_file_0/r14[7] 1.4399 52.3578
execution_unit_0/register_file_0/r14[6] 2.4346 44.1058
execution_unit_0/register_file_0/r14[5] 4.8314 80.2811
execution_unit_0/register_file_0/r14[4] 4.0971 65.1717
execution_unit_0/register_file_0/r14[3] 7.30275 78.2315
execution_unit_0/register_file_0/r14[2] 2.6439 13.9793
execution_unit_0/register_file_0/r14[1] 2.68905 36.5027
execution_unit_0/register_file_0/r14[0] 1.3937 52.662
execution_unit_0/register_file_0/r15[15] 1.91625 45.4155
execution_unit_0/register_file_0/r15[14] 2.33905 13.7064
execution_unit_0/register_file_0/r15[13] 2.6089 62.2619
execution_unit_0/register_file_0/r15[12] 2.975 6.66975
execution_unit_0/register_file_0/r15[11] 3.56685 51.3443
execution_unit_0/register_file_0/r15[10] 2.2008 88.7723
execution_unit_0/register_file_0/r15[9] 1.9026 19.4247
execution_unit_0/register_file_0/r15[8] 9.20168 89.7434
execution_unit_0/register_file_0/r15[7] 4.6557 41.4073
execution_unit_0/register_file_0/r15[6] 3.7457 65.1794
execution_unit_0/register_file_0/r15[5] 6.76445 88.6247
execution_unit_0/register_file_0/r15[4] 2.268 49.537
execution_unit_0/register_file_0/r15[3] 7.62055 83.448
execution_unit_0/register_file_0/r15[2] 4.8062 75.2289
execution_unit_0/register_file_0/r15[1] 5.2325 56.4615
execution_unit_0/register_file_0/r15[0] 4.172 74.396
mem_backbone_0/ext_pmem_en 0.3556 72.3425
mem_backbone_0/dma_ready_dly 1.4063 15.443
mem_backbone_0/eu_pmem_en 0.301 25.5814
mem_backbone_0/fe_pmem_en 1.8984 36.5755
mem_backbone_0/eu_per_en 5.7505 62.3981
mem_backbone_0/fe_pmem_en_dly 0.42735 54.8731
mem_backbone_0/fe_pmem_save 1.0255 57.5597
mem_backbone_0/mclk_bckup_gated 5.1366 53.0526
mem_backbone_0/pmem_dout_bckup_sel 3.94765 40.141
mem_backbone_0/n155 0.2877 52.6764
mem_backbone_0/n2 0.6482 45.7343
mem_backbone_0/n3 4.3099 69.3844
mem_backbone_0/n4 6.69795 74.437
mem_backbone_0/n5 1.218 83.8218
mem_backbone_0/n6 0.494375 34.3717
mem_backbone_0/n7 0.1631 26.824
mem_backbone_0/n8 0.0609 24.4253
mem_backbone_0/n9 0.7133 7.21295
mem_backbone_0/n10 0.0707 6.93069
mem_backbone_0/n11 2.9876 65.0422
mem_backbone_0/n12 0.2226 26.022
mem_backbone_0/n13 0.19985 53.9405
mem_backbone_0/n14 0.462 25.6818
mem_backbone_0/n15 0.25655 23.9427
mem_backbone_0/n16 0.1022 0
mem_backbone_0/n17 0.0133 73.6842
mem_backbone_0/n18 0.1827 45.5939
mem_backbone_0/n19 0.1379 18.7817
mem_backbone_0/n20 0.1281 37.9781
mem_backbone_0/n21 0.0476 23.5294
mem_backbone_0/n22 2.0251 2.2394
mem_backbone_0/n23 1.8683 81.4631
mem_backbone_0/n24 0.0476 0
mem_backbone_0/n25 2.7538 51.2201
mem_backbone_0/n26 0.1813 0
mem_backbone_0/n27 0.0476 54.4118
mem_backbone_0/n28 1.4462 34.1723
mem_backbone_0/n29 0.1981 9.09894
mem_backbone_0/n30 7.67375 51.8107
mem_backbone_0/n31 0.2793 49.2481
mem_backbone_0/n32 17.7363 88.9245
mem_backbone_0/n33 19.4086 84.7596
mem_backbone_0/n34 19.403 93.5188
mem_backbone_0/n35 0.0133 0
mem_backbone_0/n36 0.301 33.1395
mem_backbone_0/n37 0.0623 17.6966
mem_backbone_0/n38 0.1792 49.6094
mem_backbone_0/n39 0.3325 69.7368
mem_backbone_0/n40 1.6037 69.2492
mem_backbone_0/n41 17.6071 78.7332
mem_backbone_0/n42 18.5423 84.7074
mem_backbone_0/n43 17.0184 44.5111
mem_backbone_0/n44 0.1841 52.4715
mem_backbone_0/n45 0.3752 53.5448
mem_backbone_0/n46 0.0476 33.0882
mem_backbone_0/n47 1.8809 32.3037
mem_backbone_0/n48 0.0707 9.90099
mem_backbone_0/n49 1.3027 40.4621
mem_backbone_0/n50 0.0707 16.3366
mem_backbone_0/n51 0.8596 16.5309
mem_backbone_0/n53 0.6062 17.4076
mem_backbone_0/n54 1.5043 11.5868
mem_backbone_0/n55 0.8743 61.4892
mem_backbone_0/n56 0.3871 25.8137
mem_backbone_0/n57 0.2016 50.3472
mem_backbone_0/n58 20.2496 93.546
mem_backbone_0/n59 20.7876 91.6228
mem_backbone_0/n60 0.0133 0
mem_backbone_0/n61 2.1217 46.1729
mem_backbone_0/n62 0.0595 0
mem_backbone_0/n63 0.1456 5.76923
mem_backbone_0/n64 0.0784 43.75
mem_backbone_0/n65 0.0784 62.5
mem_backbone_0/n66 0.0889 25.5906
mem_backbone_0/n67 0.0994 3.59658
mem_backbone_0/n68 0.0826 0
mem_backbone_0/n69 0.0959 65.5109
mem_backbone_0/n70 0.1001 34.1908
mem_backbone_0/n71 0.2422 44.9422
mem_backbone_0/n72 0.105 45.6667
mem_backbone_0/n73 0.1547 56.5611
mem_backbone_0/n74 0.1344 44.401
mem_backbone_0/n75 0.084 5.625
mem_backbone_0/n76 0.1708 30.7231
mem_backbone_0/n77 1.4413 31.8619
mem_backbone_0/n78 3.10835 39.1896
mem_backbone_0/n79 0.0595 78.2353
mem_backbone_0/n80 3.7177 85.6901
mem_backbone_0/n81 0.1897 19.8339
mem_backbone_0/n82 0.4431 6.04265
mem_backbone_0/n83 0.1127 7.91925
mem_backbone_0/n84 1.16795 40.3206
mem_backbone_0/n85 0.0693 19.4444
mem_backbone_0/n86 0.4123 37.4606
mem_backbone_0/n87 0.0693 1.76768
mem_backbone_0/n88 0.252 64.7222
mem_backbone_0/n89 0.0868 74.5968
mem_backbone_0/n90 0.8036 50.5444
mem_backbone_0/n91 0.46235 65.1346
mem_backbone_0/n92 0.696325 36.251
mem_backbone_0/n93 0.3262 33.3844
mem_backbone_0/n94 0.3899 33.4829
mem_backbone_0/n95 0.1729 9.61538
mem_backbone_0/n96 0.59745 55.5653
mem_backbone_0/n97 0.0693 40.6566
mem_backbone_0/n98 1.8648 32.6577
mem_backbone_0/n99 0.0784 0
mem_backbone_0/n100 1.729 70.7692
mem_backbone_0/n101 0.0693 14.899
mem_backbone_0/n102 0.55335 19.3051
mem_backbone_0/n103 0.1358 24.6318
mem_backbone_0/n104 0.5628 8.95522
mem_backbone_0/n105 0.1407 69.1542
mem_backbone_0/n106 0.1757 30.2789
mem_backbone_0/n107 0.0868 39.5161
mem_backbone_0/n108 0.2373 14.4543
mem_backbone_0/n109 0.1904 50.7353
mem_backbone_0/n110 0.17675 51.7822
mem_backbone_0/n111 1.3706 31.7671
mem_backbone_0/n112 2.9673 32.2246
mem_backbone_0/n113 0.19985 51.8389
mem_backbone_0/n114 0.17185 22.8106
mem_backbone_0/n115 0.9373 58.1404
mem_backbone_0/n116 1.1816 71.1789
mem_backbone_0/n117 0.6454 54.5011
mem_backbone_0/n118 1.3048 60.2468
mem_backbone_0/n119 0.6454 7.37527
mem_backbone_0/n120 0.7028 5.47809
mem_backbone_0/n121 9.5641 60.6602
mem_backbone_0/n122 0.8813 55.004
mem_backbone_0/n123 10.262 77.1112
mem_backbone_0/n124 0.8456 59.5199
mem_backbone_0/n125 18.9889 87.0194
mem_backbone_0/n126 1.46195 13.8668
mem_backbone_0/n127 21.1949 57.0818
mem_backbone_0/n128 0.7959 2.02287
mem_backbone_0/n129 18.6896 87.9979
mem_backbone_0/n130 0.87815 50.0199
mem_backbone_0/n131 0.2695 49.1558
mem_backbone_0/n132 7.5145 66.0689
mem_backbone_0/n133 0.3934 55.2491
mem_backbone_0/n134 4.3911 15.483
mem_backbone_0/n135 2.492 25.932
mem_backbone_0/n136 0.45255 38.5538
mem_backbone_0/n137 2.9764 42.8681
mem_backbone_0/n138 17.486 89.6527
mem_backbone_0/n140 8.11615 50.1303
mem_backbone_0/n141 4.0768 34.9312
mem_backbone_0/n142 1.3398 63.8454
mem_backbone_0/n143 0.22785 52.6882
mem_backbone_0/n144 0.6713 79.9791
mem_backbone_0/n145 0.25025 35.7343
mem_backbone_0/n146 1.1599 49.2154
mem_backbone_0/n147 0.33635 11.3424
mem_backbone_0/n148 0.3633 56.1657
mem_backbone_0/n149 0.1631 50.1073
mem_backbone_0/n150 0.357 49.0196
mem_backbone_0/n151 0.3808 6.25
mem_backbone_0/n152 8.21625 27.7636
mem_backbone_0/n153 0.1589 14.3172
mem_backbone_0/n154 0.0868 16.9355
mem_backbone_0/n156 1.6331 65.9666
mem_backbone_0/n157 0.084 0
mem_backbone_0/n158 0.4907 73.5989
mem_backbone_0/n159 0.8617 20.7323
mem_backbone_0/n160 0.4984 10.6039
mem_backbone_0/n161 0.1015 2.75862
mem_backbone_0/n162 0.8246 18.9728
mem_backbone_0/n163 0.1498 20.5607
mem_backbone_0/n164 0.7504 45.6856
mem_backbone_0/n165 0.3276 21.5812
mem_backbone_0/n166 3.6736 56.936
mem_backbone_0/n167 0.13055 9.91957
mem_backbone_0/n168 0.2933 21.1814
mem_backbone_0/n169 0.17185 23.0143
mem_backbone_0/n170 2.9526 51.9085
mem_backbone_0/n171 0.38395 11.4403
mem_backbone_0/n172 0.5873 15.3244
mem_backbone_0/n173 0.2107 42.1452
mem_backbone_0/n175 0.43435 0
mem_backbone_0/n176 0.34965 41.4915
mem_backbone_0/n177 0.0693 68.1818
mem_backbone_0/n178 0.3269 36.0814
mem_backbone_0/n179 2.1035 32.579
mem_backbone_0/n180 1.1753 9.14235
mem_backbone_0/n181 0.056 56.25
mem_backbone_0/n182 0.4662 37.7252
mem_backbone_0/n183 1.8144 4.80324
mem_backbone_0/n184 1.6513 57.6304
mem_backbone_0/n185 6.46275 45.1166
mem_backbone_0/n186 0.35 43.3
mem_backbone_0/n187 2.0391 78.0467
mem_backbone_0/n188 11.0597 72.7523
mem_backbone_0/n189 10.1399 60.5468
mem_backbone_0/n190 5.5965 84.4206
mem_backbone_0/n191 0.0875 58
mem_backbone_0/n192 0.30345 52.1915
mem_backbone_0/n193 4.5549 34.5167
mem_backbone_0/n194 0.3402 59.9794
mem_backbone_0/n195 3.73205 38.6001
mem_backbone_0/per_dout_val[15] 2.3009 66.9912
mem_backbone_0/per_dout_val[14] 2.13798 66.784
mem_backbone_0/per_dout_val[13] 3.69705 60.3731
mem_backbone_0/per_dout_val[12] 1.96245 39.201
mem_backbone_0/per_dout_val[11] 4.8244 73.6579
mem_backbone_0/per_dout_val[10] 3.94135 50.9635
mem_backbone_0/per_dout_val[9] 0.9121 46.7767
mem_backbone_0/per_dout_val[8] 0.5999 2.45041
mem_backbone_0/per_dout_val[7] 2.8924 59.6313
mem_backbone_0/per_dout_val[6] 2.29197 34.1834
mem_backbone_0/per_dout_val[5] 3.67115 74.7123
mem_backbone_0/per_dout_val[4] 4.6249 76.7217
mem_backbone_0/per_dout_val[3] 3.2676 79.0167
mem_backbone_0/per_dout_val[2] 2.18925 32.3124
mem_backbone_0/per_dout_val[1] 1.02095 27.6483
mem_backbone_0/per_dout_val[0] 3.58925 75.2901
mem_backbone_0/pmem_dout_bckup[15] 0.5915 22.1302
mem_backbone_0/pmem_dout_bckup[14] 0.4088 26.4127
mem_backbone_0/pmem_dout_bckup[13] 0.3591 15.7895
mem_backbone_0/pmem_dout_bckup[12] 0.301 4.18605
mem_backbone_0/pmem_dout_bckup[11] 0.4256 43.9145
mem_backbone_0/pmem_dout_bckup[10] 0.0917 32.6336
mem_backbone_0/pmem_dout_bckup[9] 0.2744 23.5969
mem_backbone_0/pmem_dout_bckup[8] 0.4186 26.7977
mem_backbone_0/pmem_dout_bckup[7] 0.4053 59.2401
mem_backbone_0/pmem_dout_bckup[6] 0.161 19.8913
mem_backbone_0/pmem_dout_bckup[5] 0.3675 62.7619
mem_backbone_0/pmem_dout_bckup[4] 0.2926 38.4569
mem_backbone_0/pmem_dout_bckup[3] 0.2877 30.7178
mem_backbone_0/pmem_dout_bckup[2] 0.1715 65.7143
mem_backbone_0/pmem_dout_bckup[1] 0.1043 33.3893
mem_backbone_0/pmem_dout_bckup[0] 0.266 65
mem_backbone_0/eu_mdb_in_sel[1] 0.3101 45.8239
mem_backbone_0/eu_mdb_in_sel[0] 2.1175 51.5136
mem_backbone_0/ext_mem_din_sel[1] 0.1659 28.7975
mem_backbone_0/ext_mem_din_sel[0] 1.9922 46.9406
watchdog_0/FE_DBTN1_wdt_rst 5.3396 63.8817
watchdog_0/reg_wr_0_ 1.94793 51.5048
watchdog_0/mclk_wdtctl 1.5694 66.1686
watchdog_0/wdtctl_7 1.1424 28.0484
watchdog_0/wdt_rst_noscan 0.6692 20.2406
watchdog_0/wdt_rst 0.600075 73.4617
watchdog_0/wdtcnt_clr_toggle 6.083 95.771
watchdog_0/wdtcnt_clr_sync 0.5852 75
watchdog_0/wdtcnt_clr_sync_dly 0.2226 74.5283
watchdog_0/wdtqn_edge 0.83755 43.8362
watchdog_0/wdtcnt_incr 0.2058 43.5374
watchdog_0/n_0_net_ 6.6871 97.9797
watchdog_0/wdtcnt_en 0.2478 68.9266
watchdog_0/wdt_clk_cnt 6.6339 23.9196
watchdog_0/N9 0.2541 77.7056
watchdog_0/N10 0.3087 80.4989
watchdog_0/N11 0.29365 68.7128
watchdog_0/N12 0.1582 70.7965
watchdog_0/N13 0.3031 66.2818
watchdog_0/N14 0.21385 36.8249
watchdog_0/N15 0.0784 100
watchdog_0/N16 0.14 52.8214
watchdog_0/N17 0.2891 21.7918
watchdog_0/N18 0.2856 67.402
watchdog_0/N19 0.0917 59.1603
watchdog_0/N20 0.2324 67.6205
watchdog_0/N21 0.1974 50.1773
watchdog_0/N22 0.1365 69.4872
watchdog_0/N23 0.22155 69.8262
watchdog_0/N24 0.238 36.9118
watchdog_0/wdt_evt_toggle 8.2054 73.3054
watchdog_0/wdt_evt_toggle_sync 0.61635 38.5009
watchdog_0/wdt_evt_toggle_sync_dly 0.2527 67.1745
watchdog_0/wdtifg_clr_reg 0.3766 55.1115
watchdog_0/wdtifg_clr 0.4991 54.6283
watchdog_0/wdtqn_edge_reg 8.5008 95.6933
watchdog_0/wdt_wkup_pre 0.3185 15.0549
watchdog_0/wdt_wkup_en 0.08995 6.61479
watchdog_0/N34 0.1435 42.439
watchdog_0/N40 0.2247 37.6947
watchdog_0/n26 0.2751 46.8739
watchdog_0/n27 0.8981 34.9961
watchdog_0/n29 0.21805 0.642055
watchdog_0/n30 0.3101 52.2735
watchdog_0/n1 0.1365 27.8205
watchdog_0/n2 0.0609 55.1724
watchdog_0/n3 0.0133 0
watchdog_0/n4 0.1778 5.34308
watchdog_0/n6 0.0693 76.7677
watchdog_0/n7 0.0609 67.8161
watchdog_0/n8 0.0693 50.5051
watchdog_0/n9 0.2541 68.7328
watchdog_0/n10 0.5831 53.8115
watchdog_0/n11 0.574 49.0244
watchdog_0/n12 3.71245 85.69
watchdog_0/n13 0.0868 37.5
watchdog_0/n14 0.0609 12.069
watchdog_0/n15 0.1862 50.7519
watchdog_0/n16 0.1148 44.8171
watchdog_0/n17 0.2926 75.8373
watchdog_0/n18 0.0133 0
watchdog_0/n19 0.09625 89.8182
watchdog_0/n20 0.2044 74.4863
watchdog_0/n21 0.0742 0
watchdog_0/n22 0.3087 57.2562
watchdog_0/n23 0.2947 66.3302
watchdog_0/n24 0.2135 66.8852
watchdog_0/n25 0.1946 47.8417
watchdog_0/n31 0.19635 32.1747
watchdog_0/n32 0.59185 64.3406
watchdog_0/n33 0.2079 72.138
watchdog_0/n34 0.4564 74.9233
watchdog_0/n35 0.1764 1.19048
watchdog_0/n36 1.14485 80.0061
watchdog_0/n37 0.0133 0
watchdog_0/n38 0.3304 69.0678
watchdog_0/n39 0.0707 31.1881
watchdog_0/n40 0.2492 66.6433
watchdog_0/n41 0.3871 93.1284
watchdog_0/n42 0.4585 91.5649
watchdog_0/n43 0.0707 87.8713
watchdog_0/n44 0.18935 54.159
watchdog_0/n45 0.2142 99.6732
watchdog_0/n46 0.3535 100
watchdog_0/n47 0.1127 60.2484
watchdog_0/n48 3.63965 62.9168
watchdog_0/n49 0.5796 51.1775
watchdog_0/n50 0.2709 1.55039
watchdog_0/n51 0.45325 41.6216
watchdog_0/n52 0.4802 34.5481
watchdog_0/n53 0.0868 57.6613
watchdog_0/n58 0.357 69.0196
watchdog_0/n59 0.35245 84.7071
watchdog_0/n60 0.1379 58.6294
watchdog_0/n61 0.16485 79.087
watchdog_0/n62 0.1757 51.494
watchdog_0/n63 0.2023 72.6644
watchdog_0/n64 0.36085 78.0795
watchdog_0/n65 0.14175 92.0988
watchdog_0/n66 0.17815 74.0668
watchdog_0/n67 0.2121 30.8581
watchdog_0/n68 0.3038 73.9631
watchdog_0/n69 0.26845 51.369
watchdog_0/wdtctl[4] 1.77345 38.5633
watchdog_0/wdtctl[1] 9.0027 94.1801
watchdog_0/wdtctl[0] 8.95965 85.4799
watchdog_0/wdtcnt[15] 0.0546 66.0256
watchdog_0/wdtcnt[14] 0.1393 85.9296
watchdog_0/wdtcnt[12] 0.2107 90.6977
watchdog_0/wdtcnt[10] 0.3416 57.0697
watchdog_0/wdtcnt[8] 0.2037 81.4433
watchdog_0/wdtcnt[6] 0.3521 64.3141
watchdog_0/wdtcnt[3] 0.35 77.6
watchdog_0/wdtcnt[1] 0.2163 77.3463
watchdog_0/wdtcnt[0] 0.6153 71.4733
watchdog_0/wdtisx_ss[1] 0.3185 52.3626
watchdog_0/wdtisx_ss[0] 0.26285 76.032
watchdog_0/wdtisx_s[1] 0.0966 53.8043
watchdog_0/wdtisx_s[0] 0.3941 73.7123
watchdog_0/sync_reset_por/TIE_CELL_LTIELO_NET 0.49 18.7143
watchdog_0/sync_reset_por/data_sync_0_ 0.2555 65.0685
watchdog_0/sync_cell_wdtcnt_clr/data_sync_0_ 0.30625 46.0571
watchdog_0/sync_cell_wdtcnt_incr/data_sync_0_ 0.2807 80.1746
watchdog_0/sync_cell_wdt_evt/data_sync_0_ 0.3857 53.9927
watchdog_0/wakeup_cell_wdog/TIE_CELL_LTIEHI_NET 0.623 29.1011
watchdog_0/wakeup_cell_wdog/wkup_rst 0.45115 18.3863
watchdog_0/wakeup_cell_wdog/wkup_clk 0.3094 60.8597
watchdog_0/wakeup_cell_wdog/n4 0.2751 18.257
dbg_0/mem_state[1] 1.58795 54.9986
dbg_0/mem_state[0] 0.7553 61.2373
dbg_0/mem_state_nxt[1] 0.259 80.4054
dbg_0/mem_state_nxt[0] 0.1281 65.5738
dbg_0/dbg_uart_0/uart_state[2] 0.623 70.5618
dbg_0/dbg_uart_0/uart_state[1] 0.7259 71.0704
dbg_0/dbg_uart_0/uart_state[0] 1.0318 42.8087
