Weights:
	des_issues:		0.25
	des_perf:		0.25
	ti_fts_total:		0.5
	des_perf_setup_FEP:		(1/6)
	fsp_fi_ea_c_total:		0.5
	ti_fts:		0.5
	des_p_total:		0.25
	des_perf_setup_WNS:		(1/3)
	fsp_fi_ea_c_avg:		(1/6)
	fsp_fi_ea_c_max:		(1/3)
	des_perf_setup_TNS:		0.5
	fsp_fi_ea_n_avg:		(1/6)
	ti_sts_max:		(1/3)
	des_area:		0.25
	ti_fts_avg:		(1/6)
	fsp_fi_ea_n:		0.5
	fsp_fi_ea_n_total:		0.5
	ti_sts:		0.5
	fsp_fi_ea_n_max:		(1/3)
	fsp_fi_ea_c:		0.5
	ti_sts_avg:		(1/6)
	ti_sts_total:		0.5
	ti_fts_max:		(1/3)

Constraints:
	des_issues:		2
	des_perf:		20
	des_p_total:		10
	des_area:		3

Baseline metrics:
	des_issues:		730
	ti_fts_total:		90833
	des_perf_setup_FEP:		0
	fsp_fi_ea_c_total:		1505.88
	des_p_total:		0.37582809
	des_perf_setup_WNS:		0.000
	fsp_fi_ea_c_avg:		44.9221
	fsp_fi_ea_c_max:		85.0282
	des_perf_setup_TNS:		0.000
	fsp_fi_ea_n_avg:		65.3638
	ti_sts_max:		957
	des_area:		19395.2304
	ti_fts_avg:		254.43
	fsp_fi_ea_n_total:		1693.41
	fsp_fi_ea_n_max:		100
	ti_sts_avg:		119.96
	ti_sts_total:		42828
	ti_fts_max:		829

Submission metrics:
	des_issues:		0
	ti_fts_total:		96
	des_perf_setup_FEP:		0
	fsp_fi_ea_c_total:		791.622
	des_p_total:		0.41338205
	des_perf_setup_WNS:		0.000
	fsp_fi_ea_c_avg:		22.9897
	fsp_fi_ea_c_max:		78.515
	des_perf_setup_TNS:		0.000
	fsp_fi_ea_n_avg:		43.4892
	ti_sts_max:		24
	des_area:		10340.8032
	ti_fts_avg:		96.00
	fsp_fi_ea_n_total:		1557.72
	fsp_fi_ea_n_max:		100
	ti_sts_avg:		24.00
	ti_sts_total:		24
	ti_fts_max:		96

Base scores (non-weighted):
	des_issues:		0
	ti_fts_total:		.00105
	des_perf_setup_FEP:		0
	fsp_fi_ea_c_total:		.52568
	des_p_total:		1.09992
	des_perf_setup_WNS:		0
	fsp_fi_ea_c_avg:		.51176
	fsp_fi_ea_c_max:		.92339
	des_perf_setup_TNS:		0
	fsp_fi_ea_n_avg:		.66534
	ti_sts_max:		.02507
	des_area:		.53316
	ti_fts_avg:		.37731
	fsp_fi_ea_n_total:		.91987
	fsp_fi_ea_n_max:		1.00000
	ti_sts_avg:		.20006
	ti_sts_total:		.00056
	ti_fts_max:		.11580

Scores (weighted):
	des_issues:		0.00000
	OVERALL:		0.17393
	des_perf:		0.00001
	ti_fts:		0.10200
	fsp_fi:		0.78003
	des_p_total:		1.09992
	des:		0.40828
	des_area:		0.53316
	fsp_fi_ea_n:		0.90414
	ti_sts:		0.04197
	fsp_fi_ea_c:		0.65592
	ti:		0.07199

Constraints checks:
Check for score component "des_issues" passed.
Check for score component "des_perf" passed.
Check for score component "des_p_total" passed.
Check for score component "des_area" passed.

