Weights:
	des_issues:		0.25
	des_perf:		0.25
	ti_fts_total:		0.5
	des_perf_setup_FEP:		(1/6)
	fsp_fi_ea_c_total:		0.5
	ti_fts:		0.5
	des_p_total:		0.25
	des_perf_setup_WNS:		(1/3)
	fsp_fi_ea_c_avg:		(1/6)
	fsp_fi_ea_c_max:		(1/3)
	des_perf_setup_TNS:		0.5
	fsp_fi_ea_n_avg:		(1/6)
	ti_sts_max:		(1/3)
	des_area:		0.25
	ti_fts_avg:		(1/6)
	fsp_fi_ea_n:		0.5
	fsp_fi_ea_n_total:		0.5
	ti_sts:		0.5
	fsp_fi_ea_n_max:		(1/3)
	fsp_fi_ea_c:		0.5
	ti_sts_avg:		(1/6)
	ti_sts_total:		0.5
	ti_fts_max:		(1/3)

Constraints:
	des_issues:		2
	des_perf:		20
	des_p_total:		10
	des_area:		3

Baseline metrics:
	des_issues:		143
	ti_fts_total:		307450
	des_perf_setup_FEP:		0
	fsp_fi_ea_c_total:		305.761
	des_p_total:		2.25221634
	des_perf_setup_WNS:		2.215
	fsp_fi_ea_c_avg:		52.8253
	fsp_fi_ea_c_max:		75.9697
	des_perf_setup_TNS:		0.000
	fsp_fi_ea_n_avg:		56.2777
	ti_sts_max:		3152
	des_area:		39604.74
	ti_fts_avg:		346.61
	fsp_fi_ea_n_total:		282.278
	fsp_fi_ea_n_max:		100
	ti_sts_avg:		341.49
	ti_sts_total:		302906
	ti_fts_max:		1589

Submission metrics:
	des_issues:		0
	ti_fts_total:		1729
	des_perf_setup_FEP:		0
	fsp_fi_ea_c_total:		165.852
	des_p_total:		2.47568635
	des_perf_setup_WNS:		1.155
	fsp_fi_ea_c_avg:		28.6536
	fsp_fi_ea_c_max:		52.1523
	des_perf_setup_TNS:		0.000
	fsp_fi_ea_n_avg:		48.1756
	ti_sts_max:		395
	des_area:		20558.1321
	ti_fts_avg:		172.90
	fsp_fi_ea_n_total:		408.717
	fsp_fi_ea_n_max:		100
	ti_sts_avg:		75.30
	ti_sts_total:		753
	ti_fts_max:		466

Base scores (non-weighted):
	des_issues:		0
	ti_fts_total:		.00562
	des_perf_setup_FEP:		0
	fsp_fi_ea_c_total:		.54242
	des_p_total:		1.09922
	des_perf_setup_WNS:		0
	fsp_fi_ea_c_avg:		.54242
	fsp_fi_ea_c_max:		.68648
	des_perf_setup_TNS:		0
	fsp_fi_ea_n_avg:		.85603
	ti_sts_max:		.12531
	des_area:		.51908
	ti_fts_avg:		.49883
	fsp_fi_ea_n_total:		1.44792
	fsp_fi_ea_n_max:		1.00000
	ti_sts_avg:		.22050
	ti_sts_total:		.00248
	ti_fts_max:		.29326

Scores (weighted):
	des_issues:		0.00000
	OVERALL:		0.20773
	des_perf:		0.00001
	ti_fts:		0.18369
	fsp_fi:		0.89519
	des_p_total:		1.09922
	des:		0.40458
	des_area:		0.51908
	fsp_fi_ea_n:		1.19996
	ti_sts:		0.07974
	fsp_fi_ea_c:		0.59042
	ti:		0.13172

Constraints checks:
Check for score component "des_issues" passed.
Check for score component "des_perf" passed.
Check for score component "des_p_total" passed.
Check for score component "des_area" passed.

