Weights:
	des_issues:		0.25
	des_perf:		0.25
	ti_fts_total:		0.5
	des_perf_setup_FEP:		(1/6)
	fsp_fi_ea_c_total:		0.5
	ti_fts:		0.5
	des_p_total:		0.25
	des_perf_setup_WNS:		(1/3)
	fsp_fi_ea_c_avg:		(1/6)
	fsp_fi_ea_c_max:		(1/3)
	des_perf_setup_TNS:		0.5
	fsp_fi_ea_n_avg:		(1/6)
	ti_sts_max:		(1/3)
	des_area:		0.25
	ti_fts_avg:		(1/6)
	fsp_fi_ea_n:		0.5
	fsp_fi_ea_n_total:		0.5
	ti_sts:		0.5
	fsp_fi_ea_n_max:		(1/3)
	fsp_fi_ea_c:		0.5
	ti_sts_avg:		(1/6)
	ti_sts_total:		0.5
	ti_fts_max:		(1/3)

Constraints:
	des_issues:		2
	des_perf:		20
	des_p_total:		10
	des_area:		3

Baseline metrics:
	des_issues:		143
	ti_fts_total:		307450
	des_perf_setup_FEP:		0
	fsp_fi_ea_c_total:		305.761
	des_p_total:		2.25221634
	des_perf_setup_WNS:		2.215
	fsp_fi_ea_c_avg:		52.8253
	fsp_fi_ea_c_max:		75.9697
	des_perf_setup_TNS:		0.000
	fsp_fi_ea_n_avg:		56.2777
	ti_sts_max:		3152
	des_area:		39604.74
	ti_fts_avg:		346.61
	fsp_fi_ea_n_total:		282.278
	fsp_fi_ea_n_max:		100
	ti_sts_avg:		341.49
	ti_sts_total:		302906
	ti_fts_max:		1589

Submission metrics:
	des_issues:		0
	ti_fts_total:		1779
	des_perf_setup_FEP:		0
	fsp_fi_ea_c_total:		165.772
	des_p_total:		2.47184944
	des_perf_setup_WNS:		1.118
	fsp_fi_ea_c_avg:		28.6399
	fsp_fi_ea_c_max:		52.788
	des_perf_setup_TNS:		0.000
	fsp_fi_ea_n_avg:		48.1119
	ti_sts_max:		397
	des_area:		20558.1321
	ti_fts_avg:		197.66
	fsp_fi_ea_n_total:		383.469
	fsp_fi_ea_n_max:		100
	ti_sts_avg:		87.77
	ti_sts_total:		790
	ti_fts_max:		466

Base scores (non-weighted):
	des_issues:		0
	ti_fts_total:		.00578
	des_perf_setup_FEP:		0
	fsp_fi_ea_c_total:		.54216
	des_p_total:		1.09751
	des_perf_setup_WNS:		0
	fsp_fi_ea_c_avg:		.54216
	fsp_fi_ea_c_max:		.69485
	des_perf_setup_TNS:		0
	fsp_fi_ea_n_avg:		.85490
	ti_sts_max:		.12595
	des_area:		.51908
	ti_fts_avg:		.57026
	fsp_fi_ea_n_total:		1.35847
	fsp_fi_ea_n_max:		1.00000
	ti_sts_avg:		.25702
	ti_sts_total:		.00260
	ti_fts_max:		.29326

Scores (weighted):
	des_issues:		0.00000
	OVERALL:		0.20509
	des_perf:		0.00001
	ti_fts:		0.19567
	fsp_fi:		0.87404
	des_p_total:		1.09751
	des:		0.40415
	des_area:		0.51908
	fsp_fi_ea_n:		1.15504
	ti_sts:		0.08611
	fsp_fi_ea_c:		0.59305
	ti:		0.14090

Constraints checks:
Check for score component "des_issues" passed.
Check for score component "des_perf" passed.
Check for score component "des_p_total" passed.
Check for score component "des_area" passed.

