Weights:
	des_issues:		0.25
	des_perf:		0.25
	ti_fts_total:		0.5
	des_perf_setup_FEP:		(1/6)
	fsp_fi_ea_c_total:		0.5
	ti_fts:		0.5
	des_p_total:		0.25
	des_perf_setup_WNS:		(1/3)
	fsp_fi_ea_c_avg:		(1/6)
	fsp_fi_ea_c_max:		(1/3)
	des_perf_setup_TNS:		0.5
	fsp_fi_ea_n_avg:		(1/6)
	ti_sts_max:		(1/3)
	des_area:		0.25
	ti_fts_avg:		(1/6)
	fsp_fi_ea_n:		0.5
	fsp_fi_ea_n_total:		0.5
	ti_sts:		0.5
	fsp_fi_ea_n_max:		(1/3)
	fsp_fi_ea_c:		0.5
	ti_sts_avg:		(1/6)
	ti_sts_total:		0.5
	ti_fts_max:		(1/3)

Constraints:
	des_issues:		2
	des_perf:		20
	des_p_total:		10
	des_area:		3

Baseline metrics:
	des_issues:		169
	ti_fts_total:		1444
	des_perf_setup_FEP:		0
	fsp_fi_ea_c_total:		407.757
	des_p_total:		1.48222147
	des_perf_setup_WNS:		0.110
	fsp_fi_ea_c_avg:		53.6737
	fsp_fi_ea_c_max:		75.5882
	des_perf_setup_TNS:		0.000
	fsp_fi_ea_n_avg:		71.7035
	ti_sts_max:		29
	des_area:		5442.626
	ti_fts_avg:		144.40
	fsp_fi_ea_n_total:		180.984
	fsp_fi_ea_n_max:		100
	ti_sts_avg:		25.00
	ti_sts_total:		250
	ti_fts_max:		198

Submission metrics:
	des_issues:		0
	ti_fts_total:		609
	des_perf_setup_FEP:		0
	fsp_fi_ea_c_total:		226.075
	des_p_total:		1.16525778
	des_perf_setup_WNS:		0.011
	fsp_fi_ea_c_avg:		29.7586
	fsp_fi_ea_c_max:		64.6523
	des_perf_setup_TNS:		0.000
	fsp_fi_ea_n_avg:		62.0275
	ti_sts_max:		25
	des_area:		4821.8352
	ti_fts_avg:		152.25
	fsp_fi_ea_n_total:		603.27
	fsp_fi_ea_n_max:		95.6291
	ti_sts_avg:		23.75
	ti_sts_total:		95
	ti_fts_max:		207

Base scores (non-weighted):
	des_issues:		0
	ti_fts_total:		.42174
	des_perf_setup_FEP:		0
	fsp_fi_ea_c_total:		.55443
	des_p_total:		.78615
	des_perf_setup_WNS:		0
	fsp_fi_ea_c_avg:		.55443
	fsp_fi_ea_c_max:		.85532
	des_perf_setup_TNS:		0
	fsp_fi_ea_n_avg:		.86505
	ti_sts_max:		.86206
	des_area:		.88593
	ti_fts_avg:		1.05436
	fsp_fi_ea_n_total:		3.33327
	fsp_fi_ea_n_max:		.95629
	ti_sts_avg:		.95000
	ti_sts_total:		.38000
	ti_fts_max:		1.04545

Scores (weighted):
	des_issues:		0.00000
	OVERALL:		0.43422
	des_perf:		0.00001
	ti_fts:		0.73506
	fsp_fi:		1.39214
	des_p_total:		0.78615
	des:		0.41802
	des_area:		0.88593
	fsp_fi_ea_n:		2.12955
	ti_sts:		0.63567
	fsp_fi_ea_c:		0.65472
	ti:		0.68537

Constraints checks:
Check for score component "des_issues" passed.
Check for score component "des_perf" passed.
Check for score component "des_p_total" passed.
Check for score component "des_area" passed.

