Weights:
	des_issues:		0.25
	des_perf:		0.25
	ti_fts_total:		0.5
	des_perf_setup_FEP:		(1/6)
	fsp_fi_ea_c_total:		0.5
	ti_fts:		0.5
	des_p_total:		0.25
	des_perf_setup_WNS:		(1/3)
	fsp_fi_ea_c_avg:		(1/6)
	fsp_fi_ea_c_max:		(1/3)
	des_perf_setup_TNS:		0.5
	fsp_fi_ea_n_avg:		(1/6)
	ti_sts_max:		(1/3)
	des_area:		0.25
	ti_fts_avg:		(1/6)
	fsp_fi_ea_n:		0.5
	fsp_fi_ea_n_total:		0.5
	ti_sts:		0.5
	fsp_fi_ea_n_max:		(1/3)
	fsp_fi_ea_c:		0.5
	ti_sts_avg:		(1/6)
	ti_sts_total:		0.5
	ti_fts_max:		(1/3)

Constraints:
	des_issues:		2
	des_perf:		20
	des_p_total:		10
	des_area:		3

Baseline metrics:
	des_issues:		143
	ti_fts_total:		307450
	des_perf_setup_FEP:		0
	fsp_fi_ea_c_total:		305.761
	des_p_total:		2.25221634
	des_perf_setup_WNS:		2.215
	fsp_fi_ea_c_avg:		52.8253
	fsp_fi_ea_c_max:		75.9697
	des_perf_setup_TNS:		0.000
	fsp_fi_ea_n_avg:		56.2777
	ti_sts_max:		3152
	des_area:		39604.74
	ti_fts_avg:		346.61
	fsp_fi_ea_n_total:		282.278
	fsp_fi_ea_n_max:		100
	ti_sts_avg:		341.49
	ti_sts_total:		302906
	ti_fts_max:		1589

Submission metrics:
	des_issues:		0
	ti_fts_total:		7077
	des_perf_setup_FEP:		0
	fsp_fi_ea_c_total:		149.373
	des_p_total:		4.10484894
	des_perf_setup_WNS:		1.389
	fsp_fi_ea_c_avg:		25.8067
	fsp_fi_ea_c_max:		43.9103
	des_perf_setup_TNS:		0.000
	fsp_fi_ea_n_avg:		47.4797
	ti_sts_max:		197
	des_area:		20558.1321
	ti_fts_avg:		117.95
	fsp_fi_ea_n_total:		298.213
	fsp_fi_ea_n_max:		100
	ti_sts_avg:		38.55
	ti_sts_total:		2313
	ti_fts_max:		476

Base scores (non-weighted):
	des_issues:		0
	ti_fts_total:		.02301
	des_perf_setup_FEP:		0
	fsp_fi_ea_c_total:		.48852
	des_p_total:		1.82258
	des_perf_setup_WNS:		0
	fsp_fi_ea_c_avg:		.48852
	fsp_fi_ea_c_max:		.57799
	des_perf_setup_TNS:		0
	fsp_fi_ea_n_avg:		.84366
	ti_sts_max:		.06250
	des_area:		.51908
	ti_fts_avg:		.34029
	fsp_fi_ea_n_total:		1.05645
	fsp_fi_ea_n_max:		1.00000
	ti_sts_avg:		.11288
	ti_sts_total:		.00763
	ti_fts_max:		.29955

Scores (weighted):
	des_issues:		0.00000
	OVERALL:		0.25349
	des_perf:		0.00001
	ti_fts:		0.16806
	fsp_fi:		0.76025
	des_p_total:		1.82258
	des:		0.58542
	des_area:		0.51908
	fsp_fi_ea_n:		1.00215
	ti_sts:		0.04346
	fsp_fi_ea_c:		0.51833
	ti:		0.10576

Constraints checks:
Check for score component "des_issues" passed.
Check for score component "des_perf" passed.
Check for score component "des_p_total" passed.
Check for score component "des_area" passed.

