Weights:
	des_issues:		0.25
	des_perf:		0.25
	ti_fts_total:		0.5
	des_perf_setup_FEP:		(1/6)
	fsp_fi_ea_c_total:		0.5
	ti_fts:		0.5
	des_p_total:		0.25
	des_perf_setup_WNS:		(1/3)
	fsp_fi_ea_c_avg:		(1/6)
	fsp_fi_ea_c_max:		(1/3)
	des_perf_setup_TNS:		0.5
	fsp_fi_ea_n_avg:		(1/6)
	ti_sts_max:		(1/3)
	des_area:		0.25
	ti_fts_avg:		(1/6)
	fsp_fi_ea_n:		0.5
	fsp_fi_ea_n_total:		0.5
	ti_sts:		0.5
	fsp_fi_ea_n_max:		(1/3)
	fsp_fi_ea_c:		0.5
	ti_sts_avg:		(1/6)
	ti_sts_total:		0.5
	ti_fts_max:		(1/3)

Constraints:
	des_issues:		2
	des_perf:		20
	des_p_total:		10
	des_area:		3

Baseline metrics:
	des_issues:		169
	ti_fts_total:		1444
	des_perf_setup_FEP:		0
	fsp_fi_ea_c_total:		407.757
	des_p_total:		1.48222147
	des_perf_setup_WNS:		0.110
	fsp_fi_ea_c_avg:		53.6737
	fsp_fi_ea_c_max:		75.5882
	des_perf_setup_TNS:		0.000
	fsp_fi_ea_n_avg:		71.7035
	ti_sts_max:		29
	des_area:		5442.626
	ti_fts_avg:		144.40
	fsp_fi_ea_n_total:		180.984
	fsp_fi_ea_n_max:		100
	ti_sts_avg:		25.00
	ti_sts_total:		250
	ti_fts_max:		198

Submission metrics:
	des_issues:		0
	ti_fts_total:		322
	des_perf_setup_FEP:		0
	fsp_fi_ea_c_total:		260.316
	des_p_total:		1.17754000
	des_perf_setup_WNS:		0.011
	fsp_fi_ea_c_avg:		34.2658
	fsp_fi_ea_c_max:		72.5243
	des_perf_setup_TNS:		0.000
	fsp_fi_ea_n_avg:		54.3141
	ti_sts_max:		188
	des_area:		4821.8352
	ti_fts_avg:		322.00
	fsp_fi_ea_n_total:		389.227
	fsp_fi_ea_n_max:		94.6615
	ti_sts_avg:		188.00
	ti_sts_total:		188
	ti_fts_max:		322

Base scores (non-weighted):
	des_issues:		0
	ti_fts_total:		.22299
	des_perf_setup_FEP:		0
	fsp_fi_ea_c_total:		.63840
	des_p_total:		.79444
	des_perf_setup_WNS:		0
	fsp_fi_ea_c_avg:		.63840
	fsp_fi_ea_c_max:		.95946
	des_perf_setup_TNS:		0
	fsp_fi_ea_n_avg:		.75748
	ti_sts_max:		6.48275
	des_area:		.88593
	ti_fts_avg:		2.22991
	fsp_fi_ea_n_total:		2.15061
	fsp_fi_ea_n_max:		.94661
	ti_sts_avg:		7.52000
	ti_sts_total:		.75200
	ti_fts_max:		1.62626

Scores (weighted):
	des_issues:		0.00000
	OVERALL:		0.74335
	des_perf:		0.00001
	ti_fts:		1.02520
	fsp_fi:		1.13124
	des_p_total:		0.79444
	des:		0.42010
	des_area:		0.88593
	fsp_fi_ea_n:		1.51707
	ti_sts:		3.79018
	fsp_fi_ea_c:		0.74540
	ti:		2.40769

Constraints checks:
Check for score component "des_issues" passed.
Check for score component "des_perf" passed.
Check for score component "des_p_total" passed.
Check for score component "des_area" passed.

