

// Path 1
Endpoint:      krg2_reg_11_/D
Beginpoint:    key2[42]
Analysis View: generic_view
Hold Slack:    -34.0ps

Node: krg2_reg_11_/D
Net:  n1421
  Setup Slack:   2428.0ps
  Analysis View: generic_view
  Failed Reason:
Node: u2667/ZN
Net:  n1421
  Setup Slack:   2428.0ps
  Analysis View: generic_view
  Failed Reason:
Node: u2667/A
Net:  n2361
  Setup Slack:   2428.0ps
  Analysis View: generic_view
  Failed Reason:
Node: u2666/ZN
Net:  n2361
  Setup Slack:   2428.0ps
  Analysis View: generic_view
  Failed Reason:
Node: u2666/A1
Net:  key2[42]
  Setup Slack:   3391.5ps
  Analysis View: generic_view
  Failed Reason:
Node: key2[42]
Net:  key2[42]
  Setup Slack:   3391.5ps
  Analysis View: generic_view
  Failed Reason:


// Path 2
Endpoint:      krg2_reg_10_/D
Beginpoint:    key2[50]
Analysis View: generic_view
Hold Slack:    -33.1ps

Node: krg2_reg_10_/D
Net:  n1420
  Setup Slack:   2437.0ps
  Analysis View: generic_view
  Failed Reason:
Node: u2669/ZN
Net:  n1420
  Setup Slack:   2437.0ps
  Analysis View: generic_view
  Failed Reason:
Node: u2669/A
Net:  n2363
  Setup Slack:   2437.0ps
  Analysis View: generic_view
  Failed Reason:
Node: u2668/ZN
Net:  n2363
  Setup Slack:   2437.0ps
  Analysis View: generic_view
  Failed Reason:
Node: u2668/A1
Net:  key2[50]
  Setup Slack:   3392.6ps
  Analysis View: generic_view
  Failed Reason:
Node: key2[50]
Net:  key2[50]
  Setup Slack:   3392.6ps
  Analysis View: generic_view
  Failed Reason:


// Path 3
Endpoint:      krg2_reg_12_/D
Beginpoint:    key2[34]
Analysis View: generic_view
Hold Slack:    -31.8ps

Node: krg2_reg_12_/D
Net:  n1422
  Setup Slack:   2430.2ps
  Analysis View: generic_view
  Failed Reason:
Node: u2665/ZN
Net:  n1422
  Setup Slack:   2430.2ps
  Analysis View: generic_view
  Failed Reason:
Node: u2665/A
Net:  n2359
  Setup Slack:   2430.2ps
  Analysis View: generic_view
  Failed Reason:
Node: u2664/ZN
Net:  n2359
  Setup Slack:   2430.2ps
  Analysis View: generic_view
  Failed Reason:
Node: u2664/A1
Net:  key2[34]
  Setup Slack:   3384.9ps
  Analysis View: generic_view
  Failed Reason:
Node: key2[34]
Net:  key2[34]
  Setup Slack:   3384.9ps
  Analysis View: generic_view
  Failed Reason:


// Path 4
Endpoint:      drg_reg_24_/D
Beginpoint:    din[6]
Analysis View: generic_view
Hold Slack:    -27.8ps

Node: drg_reg_24_/D
Net:  n1314
  Setup Slack:   61.6ps
  Analysis View: generic_view
  Failed Reason:
Node: u3000/ZN
Net:  n1314
  Setup Slack:   61.6ps
  Analysis View: generic_view
  Failed Reason:
Node: u3000/B
Net:  n2645
  Setup Slack:   1883.0ps
  Analysis View: generic_view
  Failed Reason:
Node: u2999/ZN
Net:  n2645
  Setup Slack:   1883.0ps
  Analysis View: generic_view
  Failed Reason:
Node: u2999/A2
Net:  din[6]
  Setup Slack:   3439.5ps
  Analysis View: generic_view
  Failed Reason:
Node: din[6]
Net:  din[6]
  Setup Slack:   3439.5ps
  Analysis View: generic_view
  Failed Reason:


// Path 5
Endpoint:      krg2_reg_8_/D
Beginpoint:    key2[1]
Analysis View: generic_view
Hold Slack:    -27.6ps

Node: krg2_reg_8_/D
Net:  n1418
  Setup Slack:   2390.8ps
  Analysis View: generic_view
  Failed Reason:
Node: u2675/ZN
Net:  n1418
  Setup Slack:   2390.8ps
  Analysis View: generic_view
  Failed Reason:
Node: u2675/A
Net:  n2371
  Setup Slack:   2390.8ps
  Analysis View: generic_view
  Failed Reason:
Node: u2674/ZN
Net:  n2371
  Setup Slack:   2390.8ps
  Analysis View: generic_view
  Failed Reason:
Node: u2674/A1
Net:  key2[1]
  Setup Slack:   3372.5ps
  Analysis View: generic_view
  Failed Reason:
Node: key2[1]
Net:  key2[1]
  Setup Slack:   3372.5ps
  Analysis View: generic_view
  Failed Reason:


// Path 6
Endpoint:      drg_reg_39_/D
Beginpoint:    din[9]
Analysis View: generic_view
Hold Slack:    -26.5ps

Node: drg_reg_39_/D
Net:  n1329
  Setup Slack:   298.1ps
  Analysis View: generic_view
  Failed Reason:
Node: u2955/ZN
Net:  n1329
  Setup Slack:   298.1ps
  Analysis View: generic_view
  Failed Reason:
Node: u2955/A
Net:  n2611
  Setup Slack:   1751.5ps
  Analysis View: generic_view
  Failed Reason:
Node: u2954/ZN
Net:  n2611
  Setup Slack:   1751.5ps
  Analysis View: generic_view
  Failed Reason:
Node: u2954/B2
Net:  din[9]
  Setup Slack:   3350.6ps
  Analysis View: generic_view
  Failed Reason:
Node: din[9]
Net:  din[9]
  Setup Slack:   3350.6ps
  Analysis View: generic_view
  Failed Reason:


// Path 7
Endpoint:      drg_reg_43_/D
Beginpoint:    din[43]
Analysis View: generic_view
Hold Slack:    -26.0ps

Node: drg_reg_43_/D
Net:  n1333
  Setup Slack:   180.9ps
  Analysis View: generic_view
  Failed Reason:
Node: u2943/ZN
Net:  n1333
  Setup Slack:   180.9ps
  Analysis View: generic_view
  Failed Reason:
Node: u2943/A
Net:  n2607
  Setup Slack:   1750.6ps
  Analysis View: generic_view
  Failed Reason:
Node: u2942/ZN
Net:  n2607
  Setup Slack:   1750.6ps
  Analysis View: generic_view
  Failed Reason:
Node: u2942/B2
Net:  din[43]
  Setup Slack:   3350.5ps
  Analysis View: generic_view
  Failed Reason:
Node: din[43]
Net:  din[43]
  Setup Slack:   3350.5ps
  Analysis View: generic_view
  Failed Reason:


// Path 8
Endpoint:      drg_reg_1_/D
Beginpoint:    din[58]
Analysis View: generic_view
Hold Slack:    -24.8ps

Node: drg_reg_1_/D
Net:  n1291
  Setup Slack:   58.1ps
  Analysis View: generic_view
  Failed Reason:
Node: u3069/ZN
Net:  n1291
  Setup Slack:   58.1ps
  Analysis View: generic_view
  Failed Reason:
Node: u3069/B
Net:  n2719
  Setup Slack:   1870.0ps
  Analysis View: generic_view
  Failed Reason:
Node: u3068/ZN
Net:  n2719
  Setup Slack:   1870.0ps
  Analysis View: generic_view
  Failed Reason:
Node: u3068/A2
Net:  din[58]
  Setup Slack:   3432.3ps
  Analysis View: generic_view
  Failed Reason:
Node: din[58]
Net:  din[58]
  Setup Slack:   3432.3ps
  Analysis View: generic_view
  Failed Reason:


// Path 9
Endpoint:      drg_reg_26_/D
Beginpoint:    din[56]
Analysis View: generic_view
Hold Slack:    -24.8ps

Node: drg_reg_26_/D
Net:  n1316
  Setup Slack:   125.0ps
  Analysis View: generic_view
  Failed Reason:
Node: u2994/ZN
Net:  n1316
  Setup Slack:   125.0ps
  Analysis View: generic_view
  Failed Reason:
Node: u2994/B
Net:  n2639
  Setup Slack:   1867.8ps
  Analysis View: generic_view
  Failed Reason:
Node: u2993/ZN
Net:  n2639
  Setup Slack:   1867.8ps
  Analysis View: generic_view
  Failed Reason:
Node: u2993/A2
Net:  din[56]
  Setup Slack:   3432.2ps
  Analysis View: generic_view
  Failed Reason:
Node: din[56]
Net:  din[56]
  Setup Slack:   3432.2ps
  Analysis View: generic_view
  Failed Reason:


// Path 10
Endpoint:      drg_reg_34_/D
Beginpoint:    din[49]
Analysis View: generic_view
Hold Slack:    -24.3ps

Node: drg_reg_34_/D
Net:  n1324
  Setup Slack:   227.6ps
  Analysis View: generic_view
  Failed Reason:
Node: u2970/ZN
Net:  n1324
  Setup Slack:   227.6ps
  Analysis View: generic_view
  Failed Reason:
Node: u2970/A
Net:  n2616
  Setup Slack:   1742.3ps
  Analysis View: generic_view
  Failed Reason:
Node: u2969/ZN
Net:  n2616
  Setup Slack:   1742.3ps
  Analysis View: generic_view
  Failed Reason:
Node: u2969/B2
Net:  din[49]
  Setup Slack:   3335.8ps
  Analysis View: generic_view
  Failed Reason:
Node: din[49]
Net:  din[49]
  Setup Slack:   3335.8ps
  Analysis View: generic_view
  Failed Reason:


// Path 11
Endpoint:      drg_reg_38_/D
Beginpoint:    din[17]
Analysis View: generic_view
Hold Slack:    -24.0ps

Node: drg_reg_38_/D
Net:  n1328
  Setup Slack:   71.1ps
  Analysis View: generic_view
  Failed Reason:
Node: u2958/ZN
Net:  n1328
  Setup Slack:   71.1ps
  Analysis View: generic_view
  Failed Reason:
Node: u2958/A
Net:  n2612
  Setup Slack:   1740.6ps
  Analysis View: generic_view
  Failed Reason:
Node: u2957/ZN
Net:  n2612
  Setup Slack:   1740.6ps
  Analysis View: generic_view
  Failed Reason:
Node: u2957/B2
Net:  din[17]
  Setup Slack:   3339.2ps
  Analysis View: generic_view
  Failed Reason:
Node: din[17]
Net:  din[17]
  Setup Slack:   3339.2ps
  Analysis View: generic_view
  Failed Reason:


// Path 12
Endpoint:      drg_reg_45_/D
Beginpoint:    din[27]
Analysis View: generic_view
Hold Slack:    -23.6ps

Node: drg_reg_45_/D
Net:  n1335
  Setup Slack:   159.6ps
  Analysis View: generic_view
  Failed Reason:
Node: u2937/ZN
Net:  n1335
  Setup Slack:   159.6ps
  Analysis View: generic_view
  Failed Reason:
Node: u2937/A
Net:  n2605
  Setup Slack:   1739.3ps
  Analysis View: generic_view
  Failed Reason:
Node: u2936/ZN
Net:  n2605
  Setup Slack:   1739.3ps
  Analysis View: generic_view
  Failed Reason:
Node: u2936/B2
Net:  din[27]
  Setup Slack:   3339.1ps
  Analysis View: generic_view
  Failed Reason:
Node: din[27]
Net:  din[27]
  Setup Slack:   3339.1ps
  Analysis View: generic_view
  Failed Reason:


// Path 13
Endpoint:      drg_reg_42_/D
Beginpoint:    din[51]
Analysis View: generic_view
Hold Slack:    -23.2ps

Node: drg_reg_42_/D
Net:  n1332
  Setup Slack:   60.1ps
  Analysis View: generic_view
  Failed Reason:
Node: u2946/ZN
Net:  n1332
  Setup Slack:   60.1ps
  Analysis View: generic_view
  Failed Reason:
Node: u2946/A
Net:  n2608
  Setup Slack:   1742.7ps
  Analysis View: generic_view
  Failed Reason:
Node: u2945/ZN
Net:  n2608
  Setup Slack:   1742.7ps
  Analysis View: generic_view
  Failed Reason:
Node: u2945/B2
Net:  din[51]
  Setup Slack:   3340.5ps
  Analysis View: generic_view
  Failed Reason:
Node: din[51]
Net:  din[51]
  Setup Slack:   3340.5ps
  Analysis View: generic_view
  Failed Reason:


// Path 14
Endpoint:      drg_reg_35_/D
Beginpoint:    din[41]
Analysis View: generic_view
Hold Slack:    -23.2ps

Node: drg_reg_35_/D
Net:  n1325
  Setup Slack:   350.5ps
  Analysis View: generic_view
  Failed Reason:
Node: u2967/ZN
Net:  n1325
  Setup Slack:   350.5ps
  Analysis View: generic_view
  Failed Reason:
Node: u2967/A
Net:  n2615
  Setup Slack:   1741.8ps
  Analysis View: generic_view
  Failed Reason:
Node: u2966/ZN
Net:  n2615
  Setup Slack:   1741.8ps
  Analysis View: generic_view
  Failed Reason:
Node: u2966/B2
Net:  din[41]
  Setup Slack:   3339.1ps
  Analysis View: generic_view
  Failed Reason:
Node: din[41]
Net:  din[41]
  Setup Slack:   3339.1ps
  Analysis View: generic_view
  Failed Reason:


// Path 15
Endpoint:      drg_reg_50_/D
Beginpoint:    din[53]
Analysis View: generic_view
Hold Slack:    -22.8ps

Node: drg_reg_50_/D
Net:  n1340
  Setup Slack:   214.8ps
  Analysis View: generic_view
  Failed Reason:
Node: u2922/ZN
Net:  n1340
  Setup Slack:   214.8ps
  Analysis View: generic_view
  Failed Reason:
Node: u2922/A
Net:  n2600
  Setup Slack:   1743.2ps
  Analysis View: generic_view
  Failed Reason:
Node: u2921/ZN
Net:  n2600
  Setup Slack:   1743.2ps
  Analysis View: generic_view
  Failed Reason:
Node: u2921/B2
Net:  din[53]
  Setup Slack:   3337.0ps
  Analysis View: generic_view
  Failed Reason:
Node: din[53]
Net:  din[53]
  Setup Slack:   3337.0ps
  Analysis View: generic_view
  Failed Reason:


// Path 16
Endpoint:      drg_reg_49_/D
Beginpoint:    din[61]
Analysis View: generic_view
Hold Slack:    -22.6ps

Node: drg_reg_49_/D
Net:  n1339
  Setup Slack:   77.2ps
  Analysis View: generic_view
  Failed Reason:
Node: u2925/ZN
Net:  n1339
  Setup Slack:   77.2ps
  Analysis View: generic_view
  Failed Reason:
Node: u2925/A
Net:  n2601
  Setup Slack:   1743.7ps
  Analysis View: generic_view
  Failed Reason:
Node: u2924/ZN
Net:  n2601
  Setup Slack:   1743.7ps
  Analysis View: generic_view
  Failed Reason:
Node: u2924/B2
Net:  din[61]
  Setup Slack:   3339.6ps
  Analysis View: generic_view
  Failed Reason:
Node: din[61]
Net:  din[61]
  Setup Slack:   3339.6ps
  Analysis View: generic_view
  Failed Reason:


// Path 17
Endpoint:      drg_reg_37_/D
Beginpoint:    din[25]
Analysis View: generic_view
Hold Slack:    -22.5ps

Node: drg_reg_37_/D
Net:  n1327
  Setup Slack:   256.9ps
  Analysis View: generic_view
  Failed Reason:
Node: u2961/ZN
Net:  n1327
  Setup Slack:   256.9ps
  Analysis View: generic_view
  Failed Reason:
Node: u2961/A
Net:  n2613
  Setup Slack:   1746.8ps
  Analysis View: generic_view
  Failed Reason:
Node: u2960/ZN
Net:  n2613
  Setup Slack:   1746.8ps
  Analysis View: generic_view
  Failed Reason:
Node: u2960/B2
Net:  din[25]
  Setup Slack:   3346.3ps
  Analysis View: generic_view
  Failed Reason:
Node: din[25]
Net:  din[25]
  Setup Slack:   3346.3ps
  Analysis View: generic_view
  Failed Reason:


// Path 18
Endpoint:      drg_reg_62_/D
Beginpoint:    din[23]
Analysis View: generic_view
Hold Slack:    -22.5ps

Node: drg_reg_62_/D
Net:  n1352
  Setup Slack:   133.5ps
  Analysis View: generic_view
  Failed Reason:
Node: u2886/ZN
Net:  n1352
  Setup Slack:   133.5ps
  Analysis View: generic_view
  Failed Reason:
Node: u2886/A
Net:  n2588
  Setup Slack:   1740.9ps
  Analysis View: generic_view
  Failed Reason:
Node: u2885/ZN
Net:  n2588
  Setup Slack:   1740.9ps
  Analysis View: generic_view
  Failed Reason:
Node: u2885/B2
Net:  din[23]
  Setup Slack:   3338.3ps
  Analysis View: generic_view
  Failed Reason:
Node: din[23]
Net:  din[23]
  Setup Slack:   3338.3ps
  Analysis View: generic_view
  Failed Reason:


// Path 19
Endpoint:      drg_reg_63_/D
Beginpoint:    din[15]
Analysis View: generic_view
Hold Slack:    -22.4ps

Node: drg_reg_63_/D
Net:  n1353
  Setup Slack:   31.5ps
  Analysis View: generic_view
  Failed Reason:
Node: u2883/ZN
Net:  n1353
  Setup Slack:   31.5ps
  Analysis View: generic_view
  Failed Reason:
Node: u2883/A
Net:  n2587
  Setup Slack:   1747.3ps
  Analysis View: generic_view
  Failed Reason:
Node: u2882/ZN
Net:  n2587
  Setup Slack:   1747.3ps
  Analysis View: generic_view
  Failed Reason:
Node: u2882/B2
Net:  din[15]
  Setup Slack:   3335.6ps
  Analysis View: generic_view
  Failed Reason:
Node: din[15]
Net:  din[15]
  Setup Slack:   3335.6ps
  Analysis View: generic_view
  Failed Reason:


// Path 20
Endpoint:      drg_reg_29_/D
Beginpoint:    din[32]
Analysis View: generic_view
Hold Slack:    -22.0ps

Node: drg_reg_29_/D
Net:  n1319
  Setup Slack:   135.2ps
  Analysis View: generic_view
  Failed Reason:
Node: u2985/ZN
Net:  n1319
  Setup Slack:   135.2ps
  Analysis View: generic_view
  Failed Reason:
Node: u2985/B
Net:  n2630
  Setup Slack:   1845.9ps
  Analysis View: generic_view
  Failed Reason:
Node: u2984/ZN
Net:  n2630
  Setup Slack:   1845.9ps
  Analysis View: generic_view
  Failed Reason:
Node: u2984/A2
Net:  din[32]
  Setup Slack:   3420.1ps
  Analysis View: generic_view
  Failed Reason:
Node: din[32]
Net:  din[32]
  Setup Slack:   3420.1ps
  Analysis View: generic_view
  Failed Reason:


// Path 21
Endpoint:      drg_reg_59_/D
Beginpoint:    din[47]
Analysis View: generic_view
Hold Slack:    -21.3ps

Node: drg_reg_59_/D
Net:  n1349
  Setup Slack:   236.0ps
  Analysis View: generic_view
  Failed Reason:
Node: u2895/ZN
Net:  n1349
  Setup Slack:   236.0ps
  Analysis View: generic_view
  Failed Reason:
Node: u2895/A
Net:  n2591
  Setup Slack:   1820.7ps
  Analysis View: generic_view
  Failed Reason:
Node: u2894/ZN
Net:  n2591
  Setup Slack:   1820.7ps
  Analysis View: generic_view
  Failed Reason:
Node: u2894/B2
Net:  din[47]
  Setup Slack:   3335.8ps
  Analysis View: generic_view
  Failed Reason:
Node: din[47]
Net:  din[47]
  Setup Slack:   3335.8ps
  Analysis View: generic_view
  Failed Reason:


// Path 22
Endpoint:      drg_reg_55_/D
Beginpoint:    din[13]
Analysis View: generic_view
Hold Slack:    -21.1ps

Node: drg_reg_55_/D
Net:  n1345
  Setup Slack:   4.5ps
  Analysis View: generic_view
  Failed Reason:
Node: u2907/ZN
Net:  n1345
  Setup Slack:   4.5ps
  Analysis View: generic_view
  Failed Reason:
Node: u2907/A
Net:  n2595
  Setup Slack:   1743.3ps
  Analysis View: generic_view
  Failed Reason:
Node: u2906/ZN
Net:  n2595
  Setup Slack:   1743.3ps
  Analysis View: generic_view
  Failed Reason:
Node: u2906/B2
Net:  din[13]
  Setup Slack:   3331.3ps
  Analysis View: generic_view
  Failed Reason:
Node: din[13]
Net:  din[13]
  Setup Slack:   3331.3ps
  Analysis View: generic_view
  Failed Reason:


// Path 23
Endpoint:      drg_reg_20_/D
Beginpoint:    din[38]
Analysis View: generic_view
Hold Slack:    -20.9ps

Node: drg_reg_20_/D
Net:  n1310
  Setup Slack:   213.4ps
  Analysis View: generic_view
  Failed Reason:
Node: u3012/ZN
Net:  n1310
  Setup Slack:   213.4ps
  Analysis View: generic_view
  Failed Reason:
Node: u3012/B
Net:  n2659
  Setup Slack:   1853.0ps
  Analysis View: generic_view
  Failed Reason:
Node: u3011/ZN
Net:  n2659
  Setup Slack:   1853.0ps
  Analysis View: generic_view
  Failed Reason:
Node: u3011/A2
Net:  din[38]
  Setup Slack:   3426.8ps
  Analysis View: generic_view
  Failed Reason:
Node: din[38]
Net:  din[38]
  Setup Slack:   3426.8ps
  Analysis View: generic_view
  Failed Reason:


// Path 24
Endpoint:      drg_reg_58_/D
Beginpoint:    din[55]
Analysis View: generic_view
Hold Slack:    -20.7ps

Node: drg_reg_58_/D
Net:  n1348
  Setup Slack:   146.0ps
  Analysis View: generic_view
  Failed Reason:
Node: u2898/ZN
Net:  n1348
  Setup Slack:   146.0ps
  Analysis View: generic_view
  Failed Reason:
Node: u2898/A
Net:  n2592
  Setup Slack:   1819.4ps
  Analysis View: generic_view
  Failed Reason:
Node: u2897/ZN
Net:  n2592
  Setup Slack:   1819.4ps
  Analysis View: generic_view
  Failed Reason:
Node: u2897/B2
Net:  din[55]
  Setup Slack:   3335.6ps
  Analysis View: generic_view
  Failed Reason:
Node: din[55]
Net:  din[55]
  Setup Slack:   3335.6ps
  Analysis View: generic_view
  Failed Reason:


// Path 25
Endpoint:      drg_reg_33_/D
Beginpoint:    din[57]
Analysis View: generic_view
Hold Slack:    -20.6ps

Node: drg_reg_33_/D
Net:  n1323
  Setup Slack:   77.0ps
  Analysis View: generic_view
  Failed Reason:
Node: u2973/ZN
Net:  n1323
  Setup Slack:   77.0ps
  Analysis View: generic_view
  Failed Reason:
Node: u2973/A
Net:  n2619
  Setup Slack:   1732.2ps
  Analysis View: generic_view
  Failed Reason:
Node: u2972/ZN
Net:  n2619
  Setup Slack:   1732.2ps
  Analysis View: generic_view
  Failed Reason:
Node: u2972/B2
Net:  din[57]
  Setup Slack:   3333.1ps
  Analysis View: generic_view
  Failed Reason:
Node: din[57]
Net:  din[57]
  Setup Slack:   3333.1ps
  Analysis View: generic_view
  Failed Reason:


// Path 26
Endpoint:      drg_reg_11_/D
Beginpoint:    din[44]
Analysis View: generic_view
Hold Slack:    -20.6ps

Node: drg_reg_11_/D
Net:  n1301
  Setup Slack:   146.4ps
  Analysis View: generic_view
  Failed Reason:
Node: u3039/ZN
Net:  n1301
  Setup Slack:   146.4ps
  Analysis View: generic_view
  Failed Reason:
Node: u3039/B
Net:  n2686
  Setup Slack:   1850.9ps
  Analysis View: generic_view
  Failed Reason:
Node: u3038/ZN
Net:  n2686
  Setup Slack:   1850.9ps
  Analysis View: generic_view
  Failed Reason:
Node: u3038/A2
Net:  din[44]
  Setup Slack:   3421.2ps
  Analysis View: generic_view
  Failed Reason:
Node: din[44]
Net:  din[44]
  Setup Slack:   3421.2ps
  Analysis View: generic_view
  Failed Reason:


// Path 27
Endpoint:      drg_reg_6_/D
Beginpoint:    din[18]
Analysis View: generic_view
Hold Slack:    -20.1ps

Node: drg_reg_6_/D
Net:  n1296
  Setup Slack:   45.8ps
  Analysis View: generic_view
  Failed Reason:
Node: u3054/ZN
Net:  n1296
  Setup Slack:   45.8ps
  Analysis View: generic_view
  Failed Reason:
Node: u3054/B
Net:  n2701
  Setup Slack:   1847.9ps
  Analysis View: generic_view
  Failed Reason:
Node: u3053/ZN
Net:  n2701
  Setup Slack:   1847.9ps
  Analysis View: generic_view
  Failed Reason:
Node: u3053/A2
Net:  din[18]
  Setup Slack:   3424.6ps
  Analysis View: generic_view
  Failed Reason:
Node: din[18]
Net:  din[18]
  Setup Slack:   3424.6ps
  Analysis View: generic_view
  Failed Reason:


// Path 28
Endpoint:      drg_reg_10_/D
Beginpoint:    din[52]
Analysis View: generic_view
Hold Slack:    -19.5ps

Node: drg_reg_10_/D
Net:  n1300
  Setup Slack:   28.8ps
  Analysis View: generic_view
  Failed Reason:
Node: u3042/ZN
Net:  n1300
  Setup Slack:   28.8ps
  Analysis View: generic_view
  Failed Reason:
Node: u3042/B
Net:  n2689
  Setup Slack:   1843.2ps
  Analysis View: generic_view
  Failed Reason:
Node: u3041/ZN
Net:  n2689
  Setup Slack:   1843.2ps
  Analysis View: generic_view
  Failed Reason:
Node: u3041/A2
Net:  din[52]
  Setup Slack:   3422.8ps
  Analysis View: generic_view
  Failed Reason:
Node: din[52]
Net:  din[52]
  Setup Slack:   3422.8ps
  Analysis View: generic_view
  Failed Reason:


// Path 29
Endpoint:      drg_reg_40_/D
Beginpoint:    din[1]
Analysis View: generic_view
Hold Slack:    -19.4ps

Node: drg_reg_40_/D
Net:  n1330
  Setup Slack:   334.1ps
  Analysis View: generic_view
  Failed Reason:
Node: u2952/ZN
Net:  n1330
  Setup Slack:   334.1ps
  Analysis View: generic_view
  Failed Reason:
Node: u2952/A
Net:  n2610
  Setup Slack:   1737.9ps
  Analysis View: generic_view
  Failed Reason:
Node: u2951/ZN
Net:  n2610
  Setup Slack:   1737.9ps
  Analysis View: generic_view
  Failed Reason:
Node: u2951/B2
Net:  din[1]
  Setup Slack:   3338.5ps
  Analysis View: generic_view
  Failed Reason:
Node: din[1]
Net:  din[1]
  Setup Slack:   3338.5ps
  Analysis View: generic_view
  Failed Reason:


// Path 30
Endpoint:      krg1_reg_55_/D
Beginpoint:    key1[12]
Analysis View: generic_view
Hold Slack:    -18.7ps

Node: krg1_reg_55_/D
Net:  n1409
  Setup Slack:   1577.5ps
  Analysis View: generic_view
  Failed Reason:
Node: u2696/ZN
Net:  n1409
  Setup Slack:   1577.5ps
  Analysis View: generic_view
  Failed Reason:
Node: u2696/A2
Net:  n2393
  Setup Slack:   1577.5ps
  Analysis View: generic_view
  Failed Reason:
Node: u2695/ZN
Net:  n2393
  Setup Slack:   1577.5ps
  Analysis View: generic_view
  Failed Reason:
Node: u2695/A1
Net:  key1[12]
  Setup Slack:   3292.8ps
  Analysis View: generic_view
  Failed Reason:
Node: key1[12]
Net:  key1[12]
  Setup Slack:   3035.4ps
  Analysis View: generic_view
  Failed Reason:


// Path 31
Endpoint:      drg_reg_28_/D
Beginpoint:    din[40]
Analysis View: generic_view
Hold Slack:    -18.7ps

Node: drg_reg_28_/D
Net:  n1318
  Setup Slack:   214.0ps
  Analysis View: generic_view
  Failed Reason:
Node: u2988/ZN
Net:  n1318
  Setup Slack:   214.0ps
  Analysis View: generic_view
  Failed Reason:
Node: u2988/B
Net:  n2633
  Setup Slack:   1851.3ps
  Analysis View: generic_view
  Failed Reason:
Node: u2987/ZN
Net:  n2633
  Setup Slack:   1851.3ps
  Analysis View: generic_view
  Failed Reason:
Node: u2987/A2
Net:  din[40]
  Setup Slack:   3423.1ps
  Analysis View: generic_view
  Failed Reason:
Node: din[40]
Net:  din[40]
  Setup Slack:   3423.1ps
  Analysis View: generic_view
  Failed Reason:


// Path 32
Endpoint:      drg_reg_16_/D
Beginpoint:    din[4]
Analysis View: generic_view
Hold Slack:    -18.4ps

Node: drg_reg_16_/D
Net:  n1306
  Setup Slack:   37.1ps
  Analysis View: generic_view
  Failed Reason:
Node: u3024/ZN
Net:  n1306
  Setup Slack:   37.1ps
  Analysis View: generic_view
  Failed Reason:
Node: u3024/B
Net:  n2671
  Setup Slack:   1852.5ps
  Analysis View: generic_view
  Failed Reason:
Node: u3023/ZN
Net:  n2671
  Setup Slack:   1852.5ps
  Analysis View: generic_view
  Failed Reason:
Node: u3023/A2
Net:  din[4]
  Setup Slack:   3427.2ps
  Analysis View: generic_view
  Failed Reason:
Node: din[4]
Net:  din[4]
  Setup Slack:   3427.2ps
  Analysis View: generic_view
  Failed Reason:


// Path 33
Endpoint:      drg_reg_2_/D
Beginpoint:    din[50]
Analysis View: generic_view
Hold Slack:    -18.4ps

Node: drg_reg_2_/D
Net:  n1292
  Setup Slack:   200.7ps
  Analysis View: generic_view
  Failed Reason:
Node: u3066/ZN
Net:  n1292
  Setup Slack:   200.7ps
  Analysis View: generic_view
  Failed Reason:
Node: u3066/B
Net:  n2713
  Setup Slack:   1842.8ps
  Analysis View: generic_view
  Failed Reason:
Node: u3065/ZN
Net:  n2713
  Setup Slack:   1842.8ps
  Analysis View: generic_view
  Failed Reason:
Node: u3065/A2
Net:  din[50]
  Setup Slack:   3419.9ps
  Analysis View: generic_view
  Failed Reason:
Node: din[50]
Net:  din[50]
  Setup Slack:   3419.9ps
  Analysis View: generic_view
  Failed Reason:


// Path 34
Endpoint:      drg_reg_47_/D
Beginpoint:    din[11]
Analysis View: generic_view
Hold Slack:    -17.8ps

Node: drg_reg_47_/D
Net:  n1337
  Setup Slack:   142.0ps
  Analysis View: generic_view
  Failed Reason:
Node: u2931/ZN
Net:  n1337
  Setup Slack:   142.0ps
  Analysis View: generic_view
  Failed Reason:
Node: u2931/A
Net:  n2603
  Setup Slack:   1733.2ps
  Analysis View: generic_view
  Failed Reason:
Node: u2930/ZN
Net:  n2603
  Setup Slack:   1733.2ps
  Analysis View: generic_view
  Failed Reason:
Node: u2930/B2
Net:  din[11]
  Setup Slack:   3330.2ps
  Analysis View: generic_view
  Failed Reason:
Node: din[11]
Net:  din[11]
  Setup Slack:   3330.2ps
  Analysis View: generic_view
  Failed Reason:


// Path 35
Endpoint:      drg_reg_41_/D
Beginpoint:    din[59]
Analysis View: generic_view
Hold Slack:    -16.7ps

Node: drg_reg_41_/D
Net:  n1331
  Setup Slack:   -3.3ps
  Analysis View: generic_view
  Failed Reason:
Node: u2949/ZN
Net:  n1331
  Setup Slack:   -3.3ps
  Analysis View: generic_view
  Failed Reason:
Node: u2949/A
Net:  n2609
  Setup Slack:   1735.0ps
  Analysis View: generic_view
  Failed Reason:
Node: u2948/ZN
Net:  n2609
  Setup Slack:   1735.0ps
  Analysis View: generic_view
  Failed Reason:
Node: u2948/B2
Net:  din[59]
  Setup Slack:   3321.5ps
  Analysis View: generic_view
  Failed Reason:
Node: din[59]
Net:  din[59]
  Setup Slack:   3321.5ps
  Analysis View: generic_view
  Failed Reason:


// Path 36
Endpoint:      drg_reg_18_/D
Beginpoint:    din[54]
Analysis View: generic_view
Hold Slack:    -16.3ps

Node: drg_reg_18_/D
Net:  n1308
  Setup Slack:   185.2ps
  Analysis View: generic_view
  Failed Reason:
Node: u3018/ZN
Net:  n1308
  Setup Slack:   185.2ps
  Analysis View: generic_view
  Failed Reason:
Node: u3018/B
Net:  n2665
  Setup Slack:   1837.7ps
  Analysis View: generic_view
  Failed Reason:
Node: u3017/ZN
Net:  n2665
  Setup Slack:   1837.7ps
  Analysis View: generic_view
  Failed Reason:
Node: u3017/A2
Net:  din[54]
  Setup Slack:   3418.3ps
  Analysis View: generic_view
  Failed Reason:
Node: din[54]
Net:  din[54]
  Setup Slack:   3418.3ps
  Analysis View: generic_view
  Failed Reason:


// Path 37
Endpoint:      drg_reg_60_/D
Beginpoint:    din[39]
Analysis View: generic_view
Hold Slack:    -16.2ps

Node: drg_reg_60_/D
Net:  n1350
  Setup Slack:   240.9ps
  Analysis View: generic_view
  Failed Reason:
Node: u2892/ZN
Net:  n1350
  Setup Slack:   240.9ps
  Analysis View: generic_view
  Failed Reason:
Node: u2892/A
Net:  n2590
  Setup Slack:   1811.3ps
  Analysis View: generic_view
  Failed Reason:
Node: u2891/ZN
Net:  n2590
  Setup Slack:   1811.3ps
  Analysis View: generic_view
  Failed Reason:
Node: u2891/B2
Net:  din[39]
  Setup Slack:   3327.3ps
  Analysis View: generic_view
  Failed Reason:
Node: din[39]
Net:  din[39]
  Setup Slack:   3327.3ps
  Analysis View: generic_view
  Failed Reason:


// Path 38
Endpoint:      krg3_reg_31_/D
Beginpoint:    key1[47]
Analysis View: generic_view
Hold Slack:    -16.1ps

Node: krg3_reg_31_/D
Net:  n1496
  Setup Slack:   1116.1ps
  Analysis View: generic_view
  Failed Reason:
Node: u2464/ZN
Net:  n1496
  Setup Slack:   1116.1ps
  Analysis View: generic_view
  Failed Reason:
Node: u2464/A2
Net:  n2158
  Setup Slack:   1116.1ps
  Analysis View: generic_view
  Failed Reason:
Node: u2463/ZN
Net:  n2158
  Setup Slack:   1116.1ps
  Analysis View: generic_view
  Failed Reason:
Node: u2463/A2
Net:  key1[47]
  Setup Slack:   3154.6ps
  Analysis View: generic_view
  Failed Reason:
Node: key1[47]
Net:  key1[47]
  Setup Slack:   3070.5ps
  Analysis View: generic_view
  Failed Reason:


// Path 39
Endpoint:      krg1_reg_56_/D
Beginpoint:    key1[4]
Analysis View: generic_view
Hold Slack:    -16.0ps

Node: krg1_reg_56_/D
Net:  n1410
  Setup Slack:   1493.3ps
  Analysis View: generic_view
  Failed Reason:
Node: u2693/ZN
Net:  n1410
  Setup Slack:   1493.3ps
  Analysis View: generic_view
  Failed Reason:
Node: u2693/A2
Net:  n2390
  Setup Slack:   1493.3ps
  Analysis View: generic_view
  Failed Reason:
Node: u2692/ZN
Net:  n2390
  Setup Slack:   1493.3ps
  Analysis View: generic_view
  Failed Reason:
Node: u2692/A1
Net:  key1[4]
  Setup Slack:   3043.2ps
  Analysis View: generic_view
  Failed Reason:
Node: key1[4]
Net:  key1[4]
  Setup Slack:   2701.1ps
  Analysis View: generic_view
  Failed Reason:


// Path 40
Endpoint:      krg1_reg_2_/D
Beginpoint:    key1[49]
Analysis View: generic_view
Hold Slack:    -15.9ps

Node: krg1_reg_2_/D
Net:  n1356
  Setup Slack:   1175.0ps
  Analysis View: generic_view
  Failed Reason:
Node: u2871/ZN
Net:  n1356
  Setup Slack:   1175.0ps
  Analysis View: generic_view
  Failed Reason:
Node: u2871/A2
Net:  n2576
  Setup Slack:   1175.0ps
  Analysis View: generic_view
  Failed Reason:
Node: u2870/ZN
Net:  n2576
  Setup Slack:   1175.0ps
  Analysis View: generic_view
  Failed Reason:
Node: u2870/A1
Net:  key1[49]
  Setup Slack:   3248.8ps
  Analysis View: generic_view
  Failed Reason:
Node: key1[49]
Net:  key1[49]
  Setup Slack:   3187.5ps
  Analysis View: generic_view
  Failed Reason:


// Path 41
Endpoint:      drg_reg_7_/D
Beginpoint:    din[10]
Analysis View: generic_view
Hold Slack:    -15.0ps

Node: drg_reg_7_/D
Net:  n1297
  Setup Slack:   271.5ps
  Analysis View: generic_view
  Failed Reason:
Node: u3051/ZN
Net:  n1297
  Setup Slack:   271.5ps
  Analysis View: generic_view
  Failed Reason:
Node: u3051/B
Net:  n2698
  Setup Slack:   1839.9ps
  Analysis View: generic_view
  Failed Reason:
Node: u3050/ZN
Net:  n2698
  Setup Slack:   1839.9ps
  Analysis View: generic_view
  Failed Reason:
Node: u3050/A2
Net:  din[10]
  Setup Slack:   3415.6ps
  Analysis View: generic_view
  Failed Reason:
Node: din[10]
Net:  din[10]
  Setup Slack:   3415.6ps
  Analysis View: generic_view
  Failed Reason:


// Path 42
Endpoint:      drg_reg_13_/D
Beginpoint:    din[28]
Analysis View: generic_view
Hold Slack:    -14.6ps

Node: drg_reg_13_/D
Net:  n1303
  Setup Slack:   142.0ps
  Analysis View: generic_view
  Failed Reason:
Node: u3033/ZN
Net:  n1303
  Setup Slack:   142.0ps
  Analysis View: generic_view
  Failed Reason:
Node: u3033/B
Net:  n2680
  Setup Slack:   1835.4ps
  Analysis View: generic_view
  Failed Reason:
Node: u3032/ZN
Net:  n2680
  Setup Slack:   1835.4ps
  Analysis View: generic_view
  Failed Reason:
Node: u3032/A2
Net:  din[28]
  Setup Slack:   3409.9ps
  Analysis View: generic_view
  Failed Reason:
Node: din[28]
Net:  din[28]
  Setup Slack:   3409.9ps
  Analysis View: generic_view
  Failed Reason:


// Path 43
Endpoint:      drg_reg_9_/D
Beginpoint:    din[60]
Analysis View: generic_view
Hold Slack:    -14.4ps

Node: drg_reg_9_/D
Net:  n1299
  Setup Slack:   -25.0ps
  Analysis View: generic_view
  Failed Reason:
Node: u3045/ZN
Net:  n1299
  Setup Slack:   -25.0ps
  Analysis View: generic_view
  Failed Reason:
Node: u3045/B
Net:  n2692
  Setup Slack:   1832.2ps
  Analysis View: generic_view
  Failed Reason:
Node: u3044/ZN
Net:  n2692
  Setup Slack:   1832.2ps
  Analysis View: generic_view
  Failed Reason:
Node: u3044/A2
Net:  din[60]
  Setup Slack:   3411.9ps
  Analysis View: generic_view
  Failed Reason:
Node: din[60]
Net:  din[60]
  Setup Slack:   3411.9ps
  Analysis View: generic_view
  Failed Reason:


// Path 44
Endpoint:      krg1_reg_9_/D
Beginpoint:    key1[58]
Analysis View: generic_view
Hold Slack:    -12.5ps

Node: krg1_reg_9_/D
Net:  n1363
  Setup Slack:   1144.3ps
  Analysis View: generic_view
  Failed Reason:
Node: u2850/ZN
Net:  n1363
  Setup Slack:   1144.3ps
  Analysis View: generic_view
  Failed Reason:
Node: u2850/A
Net:  n2552
  Setup Slack:   1144.3ps
  Analysis View: generic_view
  Failed Reason:
Node: u2846/ZN
Net:  n2552
  Setup Slack:   1144.3ps
  Analysis View: generic_view
  Failed Reason:
Node: u2846/A1
Net:  key1[58]
  Setup Slack:   3192.5ps
  Analysis View: generic_view
  Failed Reason:
Node: key1[58]
Net:  key1[58]
  Setup Slack:   3033.9ps
  Analysis View: generic_view
  Failed Reason:


// Path 45
Endpoint:      krg3_reg_2_/D
Beginpoint:    key1[49]
Analysis View: generic_view
Hold Slack:    -11.9ps

Node: krg3_reg_2_/D
Net:  n1467
  Setup Slack:   1114.8ps
  Analysis View: generic_view
  Failed Reason:
Node: u2560/ZN
Net:  n1467
  Setup Slack:   1114.8ps
  Analysis View: generic_view
  Failed Reason:
Node: u2560/A2
Net:  n2253
  Setup Slack:   1114.8ps
  Analysis View: generic_view
  Failed Reason:
Node: u2559/ZN
Net:  n2253
  Setup Slack:   1114.8ps
  Analysis View: generic_view
  Failed Reason:
Node: u2559/A2
Net:  key1[49]
  Setup Slack:   3187.5ps
  Analysis View: generic_view
  Failed Reason:
Node: key1[49]
Net:  key1[49]
  Setup Slack:   3187.5ps
  Analysis View: generic_view
  Failed Reason:


// Path 46
Endpoint:      drg_reg_17_/D
Beginpoint:    din[62]
Analysis View: generic_view
Hold Slack:    -11.9ps

Node: drg_reg_17_/D
Net:  n1307
  Setup Slack:   45.3ps
  Analysis View: generic_view
  Failed Reason:
Node: u3021/ZN
Net:  n1307
  Setup Slack:   45.3ps
  Analysis View: generic_view
  Failed Reason:
Node: u3021/B
Net:  n2668
  Setup Slack:   1825.9ps
  Analysis View: generic_view
  Failed Reason:
Node: u3020/ZN
Net:  n2668
  Setup Slack:   1825.9ps
  Analysis View: generic_view
  Failed Reason:
Node: u3020/A2
Net:  din[62]
  Setup Slack:   3412.9ps
  Analysis View: generic_view
  Failed Reason:
Node: din[62]
Net:  din[62]
  Setup Slack:   3412.9ps
  Analysis View: generic_view
  Failed Reason:


// Path 47
Endpoint:      krg1_reg_29_/D
Beginpoint:    key1[63]
Analysis View: generic_view
Hold Slack:    -11.1ps

Node: krg1_reg_29_/D
Net:  n1383
  Setup Slack:   1520.6ps
  Analysis View: generic_view
  Failed Reason:
Node: u2782/ZN
Net:  n1383
  Setup Slack:   1520.6ps
  Analysis View: generic_view
  Failed Reason:
Node: u2782/A2
Net:  n2477
  Setup Slack:   1520.6ps
  Analysis View: generic_view
  Failed Reason:
Node: u2781/ZN
Net:  n2477
  Setup Slack:   1520.6ps
  Analysis View: generic_view
  Failed Reason:
Node: u2781/A1
Net:  key1[63]
  Setup Slack:   3094.7ps
  Analysis View: generic_view
  Failed Reason:
Node: key1[63]
Net:  key1[63]
  Setup Slack:   2961.3ps
  Analysis View: generic_view
  Failed Reason:


// Path 48
Endpoint:      drg_reg_56_/D
Beginpoint:    din[5]
Analysis View: generic_view
Hold Slack:    -10.6ps

Node: drg_reg_56_/D
Net:  n1346
  Setup Slack:   82.8ps
  Analysis View: generic_view
  Failed Reason:
Node: u2904/ZN
Net:  n1346
  Setup Slack:   82.8ps
  Analysis View: generic_view
  Failed Reason:
Node: u2904/A
Net:  n2594
  Setup Slack:   1737.7ps
  Analysis View: generic_view
  Failed Reason:
Node: u2903/ZN
Net:  n2594
  Setup Slack:   1737.7ps
  Analysis View: generic_view
  Failed Reason:
Node: u2903/B2
Net:  din[5]
  Setup Slack:   3186.5ps
  Analysis View: generic_view
  Failed Reason:
Node: din[5]
Net:  din[5]
  Setup Slack:   3186.5ps
  Analysis View: generic_view
  Failed Reason:


// Path 49
Endpoint:      drg_reg_3_/D
Beginpoint:    din[42]
Analysis View: generic_view
Hold Slack:    -10.6ps

Node: drg_reg_3_/D
Net:  n1293
  Setup Slack:   330.5ps
  Analysis View: generic_view
  Failed Reason:
Node: u3063/ZN
Net:  n1293
  Setup Slack:   330.5ps
  Analysis View: generic_view
  Failed Reason:
Node: u3063/B
Net:  n2710
  Setup Slack:   1785.7ps
  Analysis View: generic_view
  Failed Reason:
Node: u3062/ZN
Net:  n2710
  Setup Slack:   1785.7ps
  Analysis View: generic_view
  Failed Reason:
Node: u3062/A2
Net:  din[42]
  Setup Slack:   3384.3ps
  Analysis View: generic_view
  Failed Reason:
Node: din[42]
Net:  din[42]
  Setup Slack:   3384.3ps
  Analysis View: generic_view
  Failed Reason:


// Path 50
Endpoint:      drg_reg_52_/D
Beginpoint:    din[37]
Analysis View: generic_view
Hold Slack:    -10.4ps

Node: drg_reg_52_/D
Net:  n1342
  Setup Slack:   231.7ps
  Analysis View: generic_view
  Failed Reason:
Node: u2916/ZN
Net:  n1342
  Setup Slack:   231.7ps
  Analysis View: generic_view
  Failed Reason:
Node: u2916/A
Net:  n2598
  Setup Slack:   1795.0ps
  Analysis View: generic_view
  Failed Reason:
Node: u2915/ZN
Net:  n2598
  Setup Slack:   1795.0ps
  Analysis View: generic_view
  Failed Reason:
Node: u2915/B2
Net:  din[37]
  Setup Slack:   3301.9ps
  Analysis View: generic_view
  Failed Reason:
Node: din[37]
Net:  din[37]
  Setup Slack:   3301.9ps
  Analysis View: generic_view
  Failed Reason:
