#Checking placement violation...
Begin checking placement ... (start mem=657.4M, init mem=657.4M)
*info: Placed = 4690           (Fixed = 66)
*info: Unplaced = 0           
Placement Density:50.46%(8663/17168)
Placement Density (including fixed std cells):50.46%(8663/17168)
Finished check_place (total: cpu=0:00:00.2, real=0:00:00.0; vio checks: cpu=0:00:00.1, real=0:00:00.0; mem=657.4M)
#cpu time = 00:00:00, elapsed time = 00:00:00, memory = 467.72 (MB), peak = 472.11 (MB)
#Checking wire integrity...
#cpu time = 00:00:00, elapsed time = 00:00:00, memory = 467.72 (MB), peak = 472.11 (MB)
Multithreaded Timing Analysis is initialized with 8 threads

#Checking unplaced instance...
#cpu time = 00:00:00, elapsed time = 00:00:00, memory = 475.54 (MB), peak = 741.32 (MB)
#Checking track...
#cpu time = 00:00:00, elapsed time = 00:00:00, memory = 475.54 (MB), peak = 741.32 (MB)
#Checking blocked track...
#cpu time = 00:00:00, elapsed time = 00:00:00, memory = 475.54 (MB), peak = 741.32 (MB)
#Checking 3rd-party violation...
#cpu time = 00:00:00, elapsed time = 00:00:00, memory = 475.54 (MB), peak = 741.32 (MB)
#Checking ECO route violation...
#cpu time = 00:00:00, elapsed time = 00:00:00, memory = 475.54 (MB), peak = 741.32 (MB)
#Checking unplaced I/O pin...
#cpu time = 00:00:00, elapsed time = 00:00:00, memory = 475.54 (MB), peak = 741.32 (MB)
#Checking same-cell violation...
#cpu time = 00:00:00, elapsed time = 00:00:00, memory = 475.55 (MB), peak = 741.32 (MB)
#Checking pin layer escape...
#cpu time = 00:00:00, elapsed time = 00:00:00, memory = 475.55 (MB), peak = 741.32 (MB)
*** Message Summary: 0 warning(s), 0 error(s)

