Total exposed area across net assets: 1693.41
Max exposure [%] across net assets: 100
Avg exposure [%] across net assets: 65.3638

#NetName TotalAreaNet PercentageExposedAreaNet
pc_sw_wr 14.0028 72.16
e_state[3] 5.76205 88.1674
e_state[2] 5.4271 91.1002
e_state[1] 5.70115 75.1239
e_state[0] 6.81625 88.6316
pc[15] 2.8497 84.0825
pc[14] 2.85005 73.1733
pc[13] 2.212 70.443
pc[12] 2.3107 79.5365
pc[11] 1.3839 73.5964
pc[10] 2.9666 82.067
pc[9] 2.0489 75.726
pc[8] 1.78605 55.3008
pc[7] 1.1431 67.1923
pc[6] 2.73105 84.3137
pc[5] 1.4105 70.9553
pc[4] 2.8777 81.9265
pc[3] 3.1409 76.8721
pc[2] 3.80625 46.0782
pc[1] 8.5057 90.0029
pc[0] 3.4685 88.2341
pc_nxt[0] 5.75645 94.54
pc_sw[15] 0.4627 58.3585
pc_sw[14] 0.7819 68.308
pc_sw[13] 0.6713 72.1585
pc_sw[12] 0.7294 44.0739
pc_sw[11] 0.66675 60.1575
pc_sw[10] 0.5292 54.7619
pc_sw[9] 0.4823 40.4987
pc_sw[8] 0.6923 59.0748
pc_sw[7] 6.4162 80.7717
pc_sw[6] 3.1339 58.8117
pc_sw[5] 2.58195 66.4401
pc_sw[4] 5.2108 77.005
pc_sw[3] 4.15905 65.099
pc_sw[2] 7.4788 78.6012
pc_sw[1] 8.5428 77.6604
pc_sw[0] 9.77725 85.0904
frontend_0/pc_en 0.203 52.931
frontend_0/mclk_pc 8.4826 63.678
frontend_0/i_state[2] 0.8981 50.3702
frontend_0/i_state[1] 0.2177 81.9936
frontend_0/i_state[0] 0.7763 76.1497
frontend_0/i_state_nxt[2] 0.7119 58.4984
frontend_0/i_state_nxt[1] 0.3318 70.8861
frontend_0/i_state_nxt[0] 0.6811 82.0144
frontend_0/e_state_nxt[3] 0.9044 92.9567
frontend_0/e_state_nxt[2] 0.476 93.8235
frontend_0/e_state_nxt[1] 0.3304 70.339
frontend_0/e_state_nxt[0] 0.4977 97.0464
execution_unit_0/reg_pc_call 1.0542 48.4728
execution_unit_0/register_file_0/FE_OFN106_n397 12.026 77.6102
execution_unit_0/register_file_0/FE_OFN101_n416 5.60105 72.477
execution_unit_0/register_file_0/FE_OFN100_n405 14.5149 68.3278
execution_unit_0/register_file_0/FE_OFN99_n403 15.9127 85.7102
execution_unit_0/register_file_0/FE_OFN98_n401 12.688 78.9457
execution_unit_0/register_file_0/FE_OFN97_n399 9.88365 73.4691
execution_unit_0/register_file_0/FE_OFN96_n395 7.4375 67.7576
execution_unit_0/register_file_0/FE_OFN95_n393 12.2265 64.5554
execution_unit_0/register_file_0/FE_OFN94_n391 18.6455 85.1561
execution_unit_0/register_file_0/FE_OFN89_inst_dest_9 14.2002 78.9267
execution_unit_0/register_file_0/FE_OFN84_inst_dest_1 10.7902 77.6947
execution_unit_0/register_file_0/FE_OFN83_inst_dest_6 12.6242 76.9761
execution_unit_0/register_file_0/FE_OFN82_inst_dest_11 16.967 85.5375
execution_unit_0/register_file_0/FE_OFN81_inst_dest_12 14.3374 79.8623
execution_unit_0/register_file_0/FE_OFN63_inst_dest_7 13.195 82.5172
execution_unit_0/register_file_0/FE_OFN62_inst_dest_8 11.8853 76.5016
execution_unit_0/register_file_0/FE_OFN61_inst_dest_13 15.2446 82.4761
execution_unit_0/register_file_0/FE_OFN46_inst_dest_0 11.4895 76.1264
execution_unit_0/register_file_0/FE_OFN45_inst_dest_3 5.90275 73.9134
execution_unit_0/register_file_0/FE_OFN44_inst_dest_5 16.3678 85.0757
execution_unit_0/register_file_0/FE_OFN43_inst_dest_10 9.25435 66.3088
execution_unit_0/register_file_0/FE_OFN42_inst_dest_15 13.6784 70.8634
execution_unit_0/register_file_0/FE_OFN41_FE_DBTN9_puc_rst 14.9824 79.2451
execution_unit_0/register_file_0/FE_OFN40_FE_DBTN9_puc_rst 21.8158 75.2424
execution_unit_0/register_file_0/FE_OFN38_FE_DBTN9_puc_rst 14.0165 59.2597
execution_unit_0/register_file_0/FE_OFN6_inst_dest_4 6.70285 65.5449
execution_unit_0/register_file_0/FE_OFN5_inst_dest_14 13.4022 83.1035
execution_unit_0/register_file_0/r1_en 0.1148 25
execution_unit_0/register_file_0/mclk_r1 6.7214 83.6701
execution_unit_0/register_file_0/r2_en 0.0595 68.8235
execution_unit_0/register_file_0/mclk_r2 5.80685 70.6829
execution_unit_0/register_file_0/N71 0.14 55.5
execution_unit_0/register_file_0/N72 0.1001 52.4476
execution_unit_0/register_file_0/N73 0.1001 72.028
execution_unit_0/register_file_0/N74 0.2142 72.549
execution_unit_0/register_file_0/N75 0.392 84.375
execution_unit_0/register_file_0/N76 0.2177 22.508
execution_unit_0/register_file_0/N77 0.1295 75.9459
execution_unit_0/register_file_0/N78 0.2443 32.7364
execution_unit_0/register_file_0/N79 0.1694 59.7107
execution_unit_0/register_file_0/r3_wr 0.0532 79.6053
execution_unit_0/register_file_0/mclk_r3 5.36585 24.3363
execution_unit_0/register_file_0/r4_en 0.1211 64.1618
execution_unit_0/register_file_0/mclk_r4 6.9517 86.0588
execution_unit_0/register_file_0/N81 0.4585 71.7557
execution_unit_0/register_file_0/N82 0.2807 77.3067
execution_unit_0/register_file_0/N83 0.3535 69.0099
execution_unit_0/register_file_0/N84 0.252 84.4444
execution_unit_0/register_file_0/N85 0.3234 88.3117
execution_unit_0/register_file_0/N86 0.3136 96.4286
execution_unit_0/register_file_0/N87 0.3234 94.0476
execution_unit_0/register_file_0/N88 0.3108 88.964
execution_unit_0/register_file_0/N89 0.28105 54.5455
execution_unit_0/register_file_0/N90 0.2723 35.09
execution_unit_0/register_file_0/N91 0.1624 30.6034
execution_unit_0/register_file_0/N92 0.39095 84.9597
execution_unit_0/register_file_0/N93 0.14525 40.4819
execution_unit_0/register_file_0/N94 0.1477 75.3555
execution_unit_0/register_file_0/N95 0.2786 69.9749
execution_unit_0/register_file_0/N96 0.392 53.2143
execution_unit_0/register_file_0/r5_en 0.1449 26.9151
execution_unit_0/register_file_0/mclk_r5 12.4551 60.1276
execution_unit_0/register_file_0/N98 0.1358 44.0722
execution_unit_0/register_file_0/N99 0.336 77.5595
execution_unit_0/register_file_0/N100 0.2254 77.1739
execution_unit_0/register_file_0/N101 0.2212 16.1392
execution_unit_0/register_file_0/N102 0.3234 95.4545
execution_unit_0/register_file_0/N103 0.3094 91.4027
execution_unit_0/register_file_0/N104 0.1855 63.9623
execution_unit_0/register_file_0/N105 0.1757 51.6932
execution_unit_0/register_file_0/N106 0.189 46.8519
execution_unit_0/register_file_0/N107 0.1344 1.17188
execution_unit_0/register_file_0/N108 0.1183 27.8107
execution_unit_0/register_file_0/N109 0.1001 55.2448
execution_unit_0/register_file_0/N110 0.19495 63.7343
execution_unit_0/register_file_0/N111 0.14 31
execution_unit_0/register_file_0/N112 0.2919 76.4988
execution_unit_0/register_file_0/N113 0.2212 64.8508
execution_unit_0/register_file_0/r6_en 0.5068 33.2873
execution_unit_0/register_file_0/mclk_r6 15.0896 87.4353
execution_unit_0/register_file_0/N115 0.4123 25.2183
execution_unit_0/register_file_0/N116 0.3591 71.7349
execution_unit_0/register_file_0/N117 0.1358 58.5052
execution_unit_0/register_file_0/N118 0.2429 27.6657
execution_unit_0/register_file_0/N119 0.1477 20.8531
execution_unit_0/register_file_0/N120 0.3241 82.3974
execution_unit_0/register_file_0/N121 0.1477 79.8578
execution_unit_0/register_file_0/N122 0.2373 97.9351
execution_unit_0/register_file_0/N123 0.4046 9.68858
execution_unit_0/register_file_0/N124 0.2107 93.0233
execution_unit_0/register_file_0/N125 0.2744 91.0714
execution_unit_0/register_file_0/N126 0.2506 68.0168
execution_unit_0/register_file_0/N127 0.1477 43.0095
execution_unit_0/register_file_0/N128 0.2772 65.7828
execution_unit_0/register_file_0/N129 0.3801 73.7569
execution_unit_0/register_file_0/N130 0.4865 91.9424
execution_unit_0/register_file_0/r7_en 0.3395 27.6289
execution_unit_0/register_file_0/mclk_r7 14.168 82.5198
execution_unit_0/register_file_0/N132 0.2639 83.9523
execution_unit_0/register_file_0/N133 0.4249 81.3839
execution_unit_0/register_file_0/N134 0.2506 46.648
execution_unit_0/register_file_0/N135 0.1624 76.8011
execution_unit_0/register_file_0/N136 0.1897 34.0011
execution_unit_0/register_file_0/N137 0.2079 82.9966
execution_unit_0/register_file_0/N138 0.1533 95.2055
execution_unit_0/register_file_0/N139 0.2695 88.0519
execution_unit_0/register_file_0/N140 0.2093 51.9231
execution_unit_0/register_file_0/N141 0.0952 82.7206
execution_unit_0/register_file_0/N142 0.1533 87.4429
execution_unit_0/register_file_0/N143 0.3094 73.7557
execution_unit_0/register_file_0/N144 0.4123 47.9808
execution_unit_0/register_file_0/N145 0.1463 0
execution_unit_0/register_file_0/N146 0.3255 90.9677
execution_unit_0/register_file_0/N147 0.3108 93.6937
execution_unit_0/register_file_0/r8_en 0.3094 93.6652
execution_unit_0/register_file_0/mclk_r8 10.9326 71.9776
execution_unit_0/register_file_0/N149 0.4165 79.6639
execution_unit_0/register_file_0/N150 0.2387 33.4206
execution_unit_0/register_file_0/N151 0.1533 24.0868
execution_unit_0/register_file_0/N152 0.252 85.6944
execution_unit_0/register_file_0/N153 0.2079 50.7576
execution_unit_0/register_file_0/N154 0.1946 89.9281
execution_unit_0/register_file_0/N155 0.0868 67.7419
execution_unit_0/register_file_0/N156 0.14 80
execution_unit_0/register_file_0/N157 0.2352 40.625
execution_unit_0/register_file_0/N158 0.4333 63.4087
execution_unit_0/register_file_0/N159 0.1855 67.2642
execution_unit_0/register_file_0/N160 0.3836 59.1241
execution_unit_0/register_file_0/N161 0.203 71.0345
execution_unit_0/register_file_0/N162 0.4102 79.6928
execution_unit_0/register_file_0/N163 0.4823 58.7186
execution_unit_0/register_file_0/N164 0.5761 64.8108
execution_unit_0/register_file_0/r9_en 0.28875 93.7576
execution_unit_0/register_file_0/mclk_r9 11.9255 84.5097
execution_unit_0/register_file_0/N166 0.2387 73.3138
execution_unit_0/register_file_0/N167 0.1134 42.9012
execution_unit_0/register_file_0/N168 0.413 67.7119
execution_unit_0/register_file_0/N169 0.1358 61.2482
execution_unit_0/register_file_0/N170 0.2772 54.4192
execution_unit_0/register_file_0/N171 0.3451 50.5071
execution_unit_0/register_file_0/N172 0.3269 59.8501
execution_unit_0/register_file_0/N173 0.2429 53.8905
execution_unit_0/register_file_0/N174 0.2443 57.0917
execution_unit_0/register_file_0/N175 0.2744 64.0306
execution_unit_0/register_file_0/N176 0.2478 0
execution_unit_0/register_file_0/N177 0.1533 83.3333
execution_unit_0/register_file_0/N178 0.2919 0.950668
execution_unit_0/register_file_0/N179 0.2856 51.2255
execution_unit_0/register_file_0/N180 0.4221 61.1111
execution_unit_0/register_file_0/N181 0.2905 64.0964
execution_unit_0/register_file_0/r10_en 0.1183 76.3314
execution_unit_0/register_file_0/mclk_r10 7.49385 71.0383
execution_unit_0/register_file_0/N183 0.4984 80.3371
execution_unit_0/register_file_0/N184 0.3689 72.4858
execution_unit_0/register_file_0/N185 0.1358 55.1546
execution_unit_0/register_file_0/N186 0.203 69.3103
execution_unit_0/register_file_0/N187 0.2387 40.9091
execution_unit_0/register_file_0/N188 0.3332 97.0588
execution_unit_0/register_file_0/N189 0.3682 96.673
execution_unit_0/register_file_0/N190 0.1722 88.6179
execution_unit_0/register_file_0/N191 0.0868 83.0645
execution_unit_0/register_file_0/N192 0.1757 77.6892
execution_unit_0/register_file_0/N193 0.4249 69.687
execution_unit_0/register_file_0/N194 0.1631 45.7082
execution_unit_0/register_file_0/N195 0.2387 83.5777
execution_unit_0/register_file_0/N196 0.1631 73.8197
execution_unit_0/register_file_0/N197 0.34825 46.0302
execution_unit_0/register_file_0/N198 0.1995 66.3158
execution_unit_0/register_file_0/r11_en 0.2779 81.4861
execution_unit_0/register_file_0/mclk_r11 14.3878 80.0988
execution_unit_0/register_file_0/N200 0.2093 67.893
execution_unit_0/register_file_0/N201 0.2912 84.0144
execution_unit_0/register_file_0/N202 0.1267 40.7459
execution_unit_0/register_file_0/N203 0.1554 79.0541
execution_unit_0/register_file_0/N204 0.3199 96.9365
execution_unit_0/register_file_0/N205 0.3283 96.2687
execution_unit_0/register_file_0/N206 0.1624 12.8233
execution_unit_0/register_file_0/N207 0.4865 52.2302
execution_unit_0/register_file_0/N208 0.2212 45.6487
execution_unit_0/register_file_0/N209 0.2275 78.4615
execution_unit_0/register_file_0/N210 0.1211 81.2139
execution_unit_0/register_file_0/N211 0.1533 7.27332
execution_unit_0/register_file_0/N212 0.2639 47.4801
execution_unit_0/register_file_0/N213 0.2212 62.5
execution_unit_0/register_file_0/N214 0.14 32.5
execution_unit_0/register_file_0/N215 0.1722 54.2683
execution_unit_0/register_file_0/r12_en 0.2121 82.7558
execution_unit_0/register_file_0/mclk_r12 15.0021 85.099
execution_unit_0/register_file_0/N217 0.3108 76.8018
execution_unit_0/register_file_0/N218 0.3066 61.3014
execution_unit_0/register_file_0/N219 0.1631 46.9957
execution_unit_0/register_file_0/N220 0.1477 69.6682
execution_unit_0/register_file_0/N221 0.2373 34.2499
execution_unit_0/register_file_0/N222 0.1393 62.0603
execution_unit_0/register_file_0/N223 0.2919 80.3357
execution_unit_0/register_file_0/N224 0.1358 54.1237
execution_unit_0/register_file_0/N225 0.1981 76.6784
execution_unit_0/register_file_0/N226 0.1183 91.716
execution_unit_0/register_file_0/N227 0.091 0.384615
execution_unit_0/register_file_0/N228 0.1001 55.9441
execution_unit_0/register_file_0/N229 0.2975 47.7647
execution_unit_0/register_file_0/N230 0.0868 85.8871
execution_unit_0/register_file_0/N231 0.2842 88.4236
execution_unit_0/register_file_0/N232 0.1001 88.986
execution_unit_0/register_file_0/r13_en 0.2163 80.0971
execution_unit_0/register_file_0/mclk_r13 14.8054 84.5725
execution_unit_0/register_file_0/N234 0.1848 43.75
execution_unit_0/register_file_0/N235 0.1757 42.2026
execution_unit_0/register_file_0/N236 0.1589 58.5903
execution_unit_0/register_file_0/N237 0.3269 44.2643
execution_unit_0/register_file_0/N238 0.224 48.7612
execution_unit_0/register_file_0/N239 0.2527 83.518
execution_unit_0/register_file_0/N240 0.1358 92.7835
execution_unit_0/register_file_0/N241 0.1134 93.5185
execution_unit_0/register_file_0/N242 0.1358 44.8454
execution_unit_0/register_file_0/N243 0.1134 62.3457
execution_unit_0/register_file_0/N244 0.3052 32.1101
execution_unit_0/register_file_0/N245 0.1939 74.278
execution_unit_0/register_file_0/N246 0.3115 63.8202
execution_unit_0/register_file_0/N247 0.1225 45.7143
execution_unit_0/register_file_0/N248 0.1862 68.4211
execution_unit_0/register_file_0/N249 0.1757 72.1116
execution_unit_0/register_file_0/r14_en 0.2114 91.3907
execution_unit_0/register_file_0/mclk_r14 15.9548 87.1252
execution_unit_0/register_file_0/N251 0.5138 42.5749
execution_unit_0/register_file_0/N252 0.2912 82.4519
execution_unit_0/register_file_0/N253 0.1001 8.04196
execution_unit_0/register_file_0/N254 0.1708 71.9262
execution_unit_0/register_file_0/N255 0.1848 84.8485
execution_unit_0/register_file_0/N256 0.1533 96.8037
execution_unit_0/register_file_0/N257 0.1358 52.4485
execution_unit_0/register_file_0/N258 0.2121 87.7888
execution_unit_0/register_file_0/N259 0.189 14.8148
execution_unit_0/register_file_0/N260 0.1624 29.5259
execution_unit_0/register_file_0/N261 0.189 87.037
execution_unit_0/register_file_0/N262 0.189 89.6296
execution_unit_0/register_file_0/N263 0.1001 14.5105
execution_unit_0/register_file_0/N264 0.2212 68.6709
execution_unit_0/register_file_0/N265 0.2429 72.3343
execution_unit_0/register_file_0/N266 0.2093 72.5753
execution_unit_0/register_file_0/r15_en 0.0882 88.8889
execution_unit_0/register_file_0/mclk_r15 17.6232 86.2667
execution_unit_0/register_file_0/N268 0.5348 75.0654
execution_unit_0/register_file_0/N269 0.1001 67.1329
execution_unit_0/register_file_0/N270 0.1134 38.8889
execution_unit_0/register_file_0/N271 0.2121 80.198
execution_unit_0/register_file_0/N272 0.4116 86.0544
execution_unit_0/register_file_0/N273 0.4032 90.7118
execution_unit_0/register_file_0/N274 0.3934 90.0356
execution_unit_0/register_file_0/N275 0.1134 25.6173
execution_unit_0/register_file_0/N276 0.252 80.5556
execution_unit_0/register_file_0/N277 0.2212 77.3734
execution_unit_0/register_file_0/N278 0.2982 88.4977
execution_unit_0/register_file_0/N279 0.2702 83.0311
execution_unit_0/register_file_0/N280 0.3059 66.0183
execution_unit_0/register_file_0/N281 0.2639 90.7162
execution_unit_0/register_file_0/N282 0.224 93.4375
execution_unit_0/register_file_0/N283 0.1211 69.0751
execution_unit_0/register_file_0/n715 0.1274 100
execution_unit_0/register_file_0/n716 0.0966 60.8696
execution_unit_0/register_file_0/n717 0.1232 59.6591
execution_unit_0/register_file_0/n718 0.1365 60.3846
execution_unit_0/register_file_0/n719 0.2359 85.4599
execution_unit_0/register_file_0/n720 0.1631 73.8197
execution_unit_0/register_file_0/n721 0.1281 84.6995
execution_unit_0/register_file_0/n722 0.0882 61.1111
execution_unit_0/register_file_0/n723 0.1414 55.4455
execution_unit_0/register_file_0/n724 0.2625 69.1333
execution_unit_0/register_file_0/n725 0.1281 33.4699
execution_unit_0/register_file_0/n726 0.0966 50.7246
execution_unit_0/register_file_0/n727 0.1764 68.4524
execution_unit_0/register_file_0/n728 0.1498 59.6295
execution_unit_0/register_file_0/n729 0.1498 71.4953
execution_unit_0/register_file_0/n1 0.119 75
execution_unit_0/register_file_0/n2 1.8711 96.315
execution_unit_0/register_file_0/n3 1.6947 94.176
execution_unit_0/register_file_0/n4 0.1393 81.407
execution_unit_0/register_file_0/n5 0.95795 79.2474
execution_unit_0/register_file_0/n6 2.08845 86.0734
execution_unit_0/register_file_0/n7 0.1428 10.5392
execution_unit_0/register_file_0/n8 3.4811 95.2242
execution_unit_0/register_file_0/n9 0.4571 75.268
execution_unit_0/register_file_0/n10 0.0595 70.2941
execution_unit_0/register_file_0/n11 1.9481 73.41
execution_unit_0/register_file_0/n12 0.686 62.6531
execution_unit_0/register_file_0/n13 0.1225 7
execution_unit_0/register_file_0/n14 0.0952 24.6324
execution_unit_0/register_file_0/n15 1.4938 67.3852
execution_unit_0/register_file_0/n16 0.2142 82.2712
execution_unit_0/register_file_0/n17 1.0101 56.6701
execution_unit_0/register_file_0/n18 1.8312 89.6216
execution_unit_0/register_file_0/n19 0.4284 58.9461
execution_unit_0/register_file_0/n20 2.9932 97.7315
execution_unit_0/register_file_0/n21 0.6797 59.5594
execution_unit_0/register_file_0/n22 0.1841 73.5741
execution_unit_0/register_file_0/n23 0.1491 86.8545
execution_unit_0/register_file_0/n24 0.9905 51.9283
execution_unit_0/register_file_0/n25 0.2177 27.8135
execution_unit_0/register_file_0/n26 1.81055 74.5892
execution_unit_0/register_file_0/n27 1.68035 78.9731
execution_unit_0/register_file_0/n28 0.658 30.7979
execution_unit_0/register_file_0/n29 0.6181 71.1212
execution_unit_0/register_file_0/n30 0.36855 56.0304
execution_unit_0/register_file_0/n31 0.1876 84.3284
execution_unit_0/register_file_0/n32 1.07135 74.1914
execution_unit_0/register_file_0/n33 0.399 55.5451
execution_unit_0/register_file_0/n34 0.2394 55.848
execution_unit_0/register_file_0/n35 0.1288 55.9783
execution_unit_0/register_file_0/n36 1.6212 66.3212
execution_unit_0/register_file_0/n37 0.4837 40.4745
execution_unit_0/register_file_0/n38 2.05975 83.2795
execution_unit_0/register_file_0/n39 0.8309 71.904
execution_unit_0/register_file_0/n40 0.2471 86.119
execution_unit_0/register_file_0/n41 0.2723 65.5527
execution_unit_0/register_file_0/n42 1.4413 64.3638
execution_unit_0/register_file_0/n43 0.1162 95.7831
execution_unit_0/register_file_0/n44 3.0289 89.6332
execution_unit_0/register_file_0/n45 0.5418 52.1964
execution_unit_0/register_file_0/n46 0.2191 61.9808
execution_unit_0/register_file_0/n47 1.2579 38.0793
execution_unit_0/register_file_0/n48 1.1494 55.9836
execution_unit_0/register_file_0/n49 0.1442 75.9709
execution_unit_0/register_file_0/n50 0.0784 43.75
execution_unit_0/register_file_0/n51 1.4168 60.5608
execution_unit_0/register_file_0/n52 0.1995 74.2105
execution_unit_0/register_file_0/n53 2.81155 35.829
execution_unit_0/register_file_0/n54 0.6027 57.4332
execution_unit_0/register_file_0/n55 0.2562 78.9617
execution_unit_0/register_file_0/n56 1.3545 60.5648
execution_unit_0/register_file_0/n57 0.651 56.1828
execution_unit_0/register_file_0/n58 0.1393 78.8945
execution_unit_0/register_file_0/n59 0.336 64.3229
execution_unit_0/register_file_0/n60 1.064 54.4408
execution_unit_0/register_file_0/n61 0.1862 76.3158
execution_unit_0/register_file_0/n62 3.4265 85.9551
execution_unit_0/register_file_0/n63 0.7896 74.7562
execution_unit_0/register_file_0/n64 0.231 53.7879
execution_unit_0/register_file_0/n65 0.1708 51.2295
execution_unit_0/register_file_0/n66 0.2324 55.0452
execution_unit_0/register_file_0/n67 2.6614 88.7954
execution_unit_0/register_file_0/n68 0.3724 70.9586
execution_unit_0/register_file_0/n69 0.175 71.8
execution_unit_0/register_file_0/n70 1.1746 58.969
execution_unit_0/register_file_0/n71 0.2128 83.8816
execution_unit_0/register_file_0/n72 0.1246 55.0562
execution_unit_0/register_file_0/n73 0.2191 49.361
execution_unit_0/register_file_0/n74 0.7658 63.0713
execution_unit_0/register_file_0/n75 0.0868 62.0968
execution_unit_0/register_file_0/n76 0.3262 53.2189
execution_unit_0/register_file_0/n77 1.73915 87.2208
execution_unit_0/register_file_0/n78 0.0854 79.918
execution_unit_0/register_file_0/n79 0.4452 66.9418
execution_unit_0/register_file_0/n80 0.7294 54.7505
execution_unit_0/register_file_0/n81 0.3857 68.8748
execution_unit_0/register_file_0/n82 0.1113 80.1887
execution_unit_0/register_file_0/n83 0.4137 83.1641
execution_unit_0/register_file_0/n84 0.3409 57.0329
execution_unit_0/register_file_0/n85 0.1477 28.91
execution_unit_0/register_file_0/n86 0.4319 52.4311
execution_unit_0/register_file_0/n87 1.8774 46.3647
execution_unit_0/register_file_0/n88 0.2191 71.885
execution_unit_0/register_file_0/n89 0.4018 89.0244
execution_unit_0/register_file_0/n90 1.7479 89.7277
execution_unit_0/register_file_0/n91 0.1582 73.0088
execution_unit_0/register_file_0/n92 0.1029 80.9524
execution_unit_0/register_file_0/n93 0.0952 83.8235
execution_unit_0/register_file_0/n94 0.2674 71.2042
execution_unit_0/register_file_0/n95 0.1862 84.2105
execution_unit_0/register_file_0/n96 0.2128 68.75
execution_unit_0/register_file_0/n97 2.45805 94.3614
execution_unit_0/register_file_0/n98 0.1358 78.3505
execution_unit_0/register_file_0/n99 0.4004 62.5
execution_unit_0/register_file_0/n100 1.6247 85.265
execution_unit_0/register_file_0/n101 0.1638 82.0513
execution_unit_0/register_file_0/n102 0.2121 69.637
execution_unit_0/register_file_0/n103 0.5635 63.9752
execution_unit_0/register_file_0/n104 1.20575 81.3643
execution_unit_0/register_file_0/n105 0.2891 30.2663
execution_unit_0/register_file_0/n106 0.6664 54.4118
execution_unit_0/register_file_0/n107 2.5193 90.6919
execution_unit_0/register_file_0/n108 0.126 92.2222
execution_unit_0/register_file_0/n109 0.98 65.1071
execution_unit_0/register_file_0/n110 1.596 88.3913
execution_unit_0/register_file_0/n111 0.1582 84.9558
execution_unit_0/register_file_0/n112 0.1288 53.8043
execution_unit_0/register_file_0/n113 0.4235 80.3306
execution_unit_0/register_file_0/n114 0.3801 26.6114
execution_unit_0/register_file_0/n115 0.5859 86.9773
execution_unit_0/register_file_0/n116 0.6678 79.0094
execution_unit_0/register_file_0/n117 2.0279 93.5105
execution_unit_0/register_file_0/n118 0.2989 83.3724
execution_unit_0/register_file_0/n119 1.8732 92.9746
execution_unit_0/register_file_0/n120 1.14975 89.4064
execution_unit_0/register_file_0/n121 0.21385 63.1751
execution_unit_0/register_file_0/n122 0.3115 76.4045
execution_unit_0/register_file_0/n123 0.74865 75.93
execution_unit_0/register_file_0/n124 0.455 65.3077
execution_unit_0/register_file_0/n125 0.10185 36.7698
execution_unit_0/register_file_0/n126 1.2761 25.672
execution_unit_0/register_file_0/n127 2.5102 92.3592
execution_unit_0/register_file_0/n128 0.1855 75.4717
execution_unit_0/register_file_0/n129 0.8974 70.434
execution_unit_0/register_file_0/n130 1.2404 52.991
execution_unit_0/register_file_0/n131 0.1848 28.4091
execution_unit_0/register_file_0/n132 0.1456 76.2019
execution_unit_0/register_file_0/n133 0.2471 76.204
execution_unit_0/register_file_0/n134 0.3535 59.4059
execution_unit_0/register_file_0/n135 3.6897 79.3825
execution_unit_0/register_file_0/n136 0.1442 77.0631
execution_unit_0/register_file_0/n137 0.077 50.9091
execution_unit_0/register_file_0/n138 2.8217 88.9606
execution_unit_0/register_file_0/n139 0.1127 100
execution_unit_0/register_file_0/n140 0.4207 17.1381
execution_unit_0/register_file_0/n141 1.9334 85.735
execution_unit_0/register_file_0/n142 0.1365 18.9744
execution_unit_0/register_file_0/n143 0.1113 68.8679
execution_unit_0/register_file_0/n144 0.2044 65.5822
execution_unit_0/register_file_0/n145 0.3178 63.8767
execution_unit_0/register_file_0/n146 14.0802 66.3409
execution_unit_0/register_file_0/n147 6.76585 79.2509
execution_unit_0/register_file_0/n148 13.2321 77.111
execution_unit_0/register_file_0/n149 15.2058 75.2026
execution_unit_0/register_file_0/n150 0.3654 79.4061
execution_unit_0/register_file_0/n151 5.18875 80.9376
execution_unit_0/register_file_0/n152 8.22535 72.1796
execution_unit_0/register_file_0/n153 7.6307 77.6534
execution_unit_0/register_file_0/n154 9.4997 66.9558
execution_unit_0/register_file_0/n155 13.4901 78.0351
execution_unit_0/register_file_0/n156 14.3301 83.6016
execution_unit_0/register_file_0/n157 7.7805 81.8511
execution_unit_0/register_file_0/n158 11.5437 83.1484
execution_unit_0/register_file_0/n159 7.40635 71.1217
execution_unit_0/register_file_0/n160 0.3969 93.8272
execution_unit_0/register_file_0/n161 0.2681 82.6371
execution_unit_0/register_file_0/n162 0.3437 56.4155
execution_unit_0/register_file_0/n163 0.2912 66.8269
execution_unit_0/register_file_0/n164 0.8708 84.365
execution_unit_0/register_file_0/n165 0.1764 63.4921
execution_unit_0/register_file_0/n166 15.6894 93.3522
execution_unit_0/register_file_0/n167 0.2786 49.6231
execution_unit_0/register_file_0/n168 0.2121 76.4026
execution_unit_0/register_file_0/n169 7.60935 85.4767
execution_unit_0/register_file_0/n170 0.2296 67.9878
execution_unit_0/register_file_0/n171 0.1092 31.0897
execution_unit_0/register_file_0/n172 4.26055 74.8131
execution_unit_0/register_file_0/n173 0.2674 86.2565
execution_unit_0/register_file_0/n174 2.07725 86.8239
execution_unit_0/register_file_0/n175 1.5736 81.8569
execution_unit_0/register_file_0/n176 1.316 91.0904
execution_unit_0/register_file_0/n177 1.3923 76.0396
execution_unit_0/register_file_0/n178 0.90335 82.6811
execution_unit_0/register_file_0/n179 0.5376 63.5603
execution_unit_0/register_file_0/n180 1.183 77.3669
execution_unit_0/register_file_0/n181 0.7952 79.0053
execution_unit_0/register_file_0/n182 1.16515 80.024
execution_unit_0/register_file_0/n183 6.17925 84.9007
execution_unit_0/register_file_0/n184 0.36715 91.6111
execution_unit_0/register_file_0/n185 0.175 68.8
execution_unit_0/register_file_0/n186 0.1925 70.9091
execution_unit_0/register_file_0/n187 0.2849 77.7641
execution_unit_0/register_file_0/n188 0.2457 88.0342
execution_unit_0/register_file_0/n189 0.1757 46.1155
execution_unit_0/register_file_0/n190 1.0668 52.9223
execution_unit_0/register_file_0/n191 2.0195 79.5531
execution_unit_0/register_file_0/n192 2.68135 97.2197
execution_unit_0/register_file_0/n193 0.1197 70.1754
execution_unit_0/register_file_0/n194 0.1351 80.5699
execution_unit_0/register_file_0/n195 0.259 85.2703
execution_unit_0/register_file_0/n196 0.3752 61.2873
execution_unit_0/register_file_0/n197 0.2457 84.0456
execution_unit_0/register_file_0/n198 0.1085 57.4194
execution_unit_0/register_file_0/n199 1.2999 68.1283
execution_unit_0/register_file_0/n200 0.8792 62.4374
execution_unit_0/register_file_0/n201 1.3692 65.2735
execution_unit_0/register_file_0/n202 0.1001 25.1748
execution_unit_0/register_file_0/n203 0.1428 0.490196
execution_unit_0/register_file_0/n204 0.1344 91.1458
execution_unit_0/register_file_0/n205 0.1386 76.2626
execution_unit_0/register_file_0/n206 0.1659 94.0928
execution_unit_0/register_file_0/n207 0.2758 74.3655
execution_unit_0/register_file_0/n208 1.0339 71.385
execution_unit_0/register_file_0/n209 1.2593 66.0923
execution_unit_0/register_file_0/n210 2.1105 79.9005
execution_unit_0/register_file_0/n211 0.1575 0
execution_unit_0/register_file_0/n212 0.2254 54.1925
execution_unit_0/register_file_0/n213 0.1043 31.3758
execution_unit_0/register_file_0/n214 0.3752 55.1306
execution_unit_0/register_file_0/n215 0.3031 34.8152
execution_unit_0/register_file_0/n216 0.4802 55.1385
execution_unit_0/register_file_0/n217 0.4256 74.1365
execution_unit_0/register_file_0/n218 0.2093 36.0368
execution_unit_0/register_file_0/n219 0.4949 54.9505
execution_unit_0/register_file_0/n220 0.3122 78.0269
execution_unit_0/register_file_0/n221 0.0994 43.662
execution_unit_0/register_file_0/n222 0.1358 85.567
execution_unit_0/register_file_0/n223 0.3479 57.5453
execution_unit_0/register_file_0/n224 0.3185 76.4835
execution_unit_0/register_file_0/n225 0.2828 51.8564
execution_unit_0/register_file_0/n226 0.7448 47.3684
execution_unit_0/register_file_0/n227 1.1046 68.7896
execution_unit_0/register_file_0/n228 2.27885 87.5595
execution_unit_0/register_file_0/n229 0.0735 73.3333
execution_unit_0/register_file_0/n230 0.1575 23.8889
execution_unit_0/register_file_0/n231 0.2016 73.9583
execution_unit_0/register_file_0/n232 0.1932 68.4783
execution_unit_0/register_file_0/n233 0.259 86.7568
execution_unit_0/register_file_0/n234 0.336 79.5833
execution_unit_0/register_file_0/n235 1.76435 71.8508
execution_unit_0/register_file_0/n236 1.1844 43.2772
execution_unit_0/register_file_0/n237 2.34395 99.791
execution_unit_0/register_file_0/n238 0.1484 73.5849
execution_unit_0/register_file_0/n239 0.1078 66.2338
execution_unit_0/register_file_0/n240 3.1976 72.9805
execution_unit_0/register_file_0/n241 0.1078 86.3636
execution_unit_0/register_file_0/n242 0.4326 62.0955
execution_unit_0/register_file_0/n243 0.0721 4.36893
execution_unit_0/register_file_0/n244 0.1974 75.8865
execution_unit_0/register_file_0/n245 1.1263 46.766
execution_unit_0/register_file_0/n246 1.9894 74.9472
execution_unit_0/register_file_0/n247 2.5711 94.1873
execution_unit_0/register_file_0/n248 0.2044 64.5548
execution_unit_0/register_file_0/n249 0.3668 65.1513
execution_unit_0/register_file_0/n250 0.0812 52.5862
execution_unit_0/register_file_0/n251 0.7063 54.8563
execution_unit_0/register_file_0/n252 0.1309 63.6364
execution_unit_0/register_file_0/n253 0.22645 85.9351
execution_unit_0/register_file_0/n254 2.0727 88.4667
execution_unit_0/register_file_0/n255 0.1337 81.6754
execution_unit_0/register_file_0/n256 0.8309 67.0177
execution_unit_0/register_file_0/n257 0.3164 80.0885
execution_unit_0/register_file_0/n258 0.2121 66.6667
execution_unit_0/register_file_0/n259 0.32795 68.6233
execution_unit_0/register_file_0/n260 0.329 46.8085
execution_unit_0/register_file_0/n261 2.7888 81.2877
execution_unit_0/register_file_0/n262 0.2058 60.7143
execution_unit_0/register_file_0/n263 0.2226 88.9937
execution_unit_0/register_file_0/n264 1.7185 57.1996
execution_unit_0/register_file_0/n265 0.09835 27.758
execution_unit_0/register_file_0/n266 0.64575 83.5772
execution_unit_0/register_file_0/n267 0.0735 73.3333
execution_unit_0/register_file_0/n268 0.1323 77.5132
execution_unit_0/register_file_0/n269 0.3227 39.0456
execution_unit_0/register_file_0/n270 0.4312 79.8295
execution_unit_0/register_file_0/n271 1.26945 88.7786
execution_unit_0/register_file_0/n272 0.1813 1.1583
execution_unit_0/register_file_0/n273 0.2373 42.2566
execution_unit_0/register_file_0/n274 0.8127 65.2055
execution_unit_0/register_file_0/n275 0.973 77.0863
execution_unit_0/register_file_0/n276 1.9173 91.3472
execution_unit_0/register_file_0/n277 0.1092 91.0256
execution_unit_0/register_file_0/n278 0.1323 92.5926
execution_unit_0/register_file_0/n279 0.3045 58.7931
execution_unit_0/register_file_0/n280 0.3234 90.0433
execution_unit_0/register_file_0/n281 3.066 92.9909
execution_unit_0/register_file_0/n282 0.2478 67.6554
execution_unit_0/register_file_0/n283 0.3843 23.224
execution_unit_0/register_file_0/n284 3.0163 87.7002
execution_unit_0/register_file_0/n285 0.2541 71.7631
execution_unit_0/register_file_0/n286 0.623 43.2865
execution_unit_0/register_file_0/n287 0.1218 49.1379
execution_unit_0/register_file_0/n288 0.3122 90.583
execution_unit_0/register_file_0/n289 0.2695 59.6753
execution_unit_0/register_file_0/n290 0.3052 90.367
execution_unit_0/register_file_0/n291 0.9191 56.4547
execution_unit_0/register_file_0/n292 0.1694 88.4298
execution_unit_0/register_file_0/n293 0.29645 75.2066
execution_unit_0/register_file_0/n294 1.5302 86.407
execution_unit_0/register_file_0/n295 0.287 74.2683
execution_unit_0/register_file_0/n296 1.6723 97.8443
execution_unit_0/register_file_0/n297 0.1491 100
execution_unit_0/register_file_0/n298 0.1393 84.6734
execution_unit_0/register_file_0/n299 0.2373 44.5428
execution_unit_0/register_file_0/n300 0.1743 39.5582
execution_unit_0/register_file_0/n301 0.6279 49.1639
execution_unit_0/register_file_0/n302 0.1295 75.6757
execution_unit_0/register_file_0/n303 0.0861 44.7154
execution_unit_0/register_file_0/n304 1.5015 80.6993
execution_unit_0/register_file_0/n305 0.0882 86.5079
execution_unit_0/register_file_0/n306 0.7231 61.181
execution_unit_0/register_file_0/n307 0.315 61.5556
execution_unit_0/register_file_0/n308 0.1393 62.3116
execution_unit_0/register_file_0/n309 0.3227 34.4205
execution_unit_0/register_file_0/n310 0.2121 48.5149
execution_unit_0/register_file_0/n311 0.4319 69.611
execution_unit_0/register_file_0/n312 0.3255 78.9247
execution_unit_0/register_file_0/n313 0.455 44.7308
execution_unit_0/register_file_0/n314 1.8179 89.8344
execution_unit_0/register_file_0/n315 0.1183 45.5621
execution_unit_0/register_file_0/n316 0.8008 53.7806
execution_unit_0/register_file_0/n317 0.119 66.7647
execution_unit_0/register_file_0/n318 0.1974 55.6738
execution_unit_0/register_file_0/n319 0.30205 55.0074
execution_unit_0/register_file_0/n320 0.1169 33.5329
execution_unit_0/register_file_0/n321 0.53725 67.5244
execution_unit_0/register_file_0/n322 0.2947 49.2874
execution_unit_0/register_file_0/n323 0.2828 74.1337
execution_unit_0/register_file_0/n324 0.9324 44.9324
execution_unit_0/register_file_0/n325 0.17815 82.3183
execution_unit_0/register_file_0/n326 0.6776 63.8946
execution_unit_0/register_file_0/n327 0.126 86.3889
execution_unit_0/register_file_0/n328 0.0994 12.3239
execution_unit_0/register_file_0/n329 0.5817 67.9904
execution_unit_0/register_file_0/n330 5.77185 61.7597
execution_unit_0/register_file_0/n331 0.6216 77.027
execution_unit_0/register_file_0/n332 0.2856 84.5588
execution_unit_0/register_file_0/n333 0.5481 62.3837
execution_unit_0/register_file_0/n334 0.9485 57.9151
execution_unit_0/register_file_0/n335 0.5313 83.3992
execution_unit_0/register_file_0/n336 0.0924 48.8636
execution_unit_0/register_file_0/n337 0.4354 51.2058
execution_unit_0/register_file_0/n338 0.0868 67.7419
execution_unit_0/register_file_0/n339 3.7436 71.2182
execution_unit_0/register_file_0/n340 0.1603 73.5808
execution_unit_0/register_file_0/n342 0.1099 46.6561
execution_unit_0/register_file_0/n344 0.2093 56.1873
execution_unit_0/register_file_0/n346 8.1676 96.7861
execution_unit_0/register_file_0/n347 8.61595 89.7159
execution_unit_0/register_file_0/n348 7.66955 90.9916
execution_unit_0/register_file_0/n349 6.9636 83.5204
execution_unit_0/register_file_0/n350 0.1498 29.4393
execution_unit_0/register_file_0/n352 1.3524 75.3364
execution_unit_0/register_file_0/n353 10.4793 78.3317
execution_unit_0/register_file_0/n354 0.3941 73.4458
execution_unit_0/register_file_0/n355 0.231 74.2424
execution_unit_0/register_file_0/n356 0.42875 46.9854
execution_unit_0/register_file_0/n357 0.63035 69.2948
execution_unit_0/register_file_0/n358 0.777 53.4009
execution_unit_0/register_file_0/n359 1.44025 84.5322
execution_unit_0/register_file_0/n360 0.2723 30.527
execution_unit_0/register_file_0/n361 0.2275 40.6154
execution_unit_0/register_file_0/n362 0.1078 65.9091
execution_unit_0/register_file_0/n363 0.1575 87.5556
execution_unit_0/register_file_0/n364 0.2163 63.4304
execution_unit_0/register_file_0/n365 0.2499 52.521
execution_unit_0/register_file_0/n366 0.30485 51.2055
execution_unit_0/register_file_0/n367 0.69475 73.0982
execution_unit_0/register_file_0/n368 0.4277 86.0065
execution_unit_0/register_file_0/n369 0.182 66.5385
execution_unit_0/register_file_0/n370 1.6401 77.8062
execution_unit_0/register_file_0/n371 0.7098 83.8264
execution_unit_0/register_file_0/n372 0.3339 46.2264
execution_unit_0/register_file_0/n373 0.1428 57.8431
execution_unit_0/register_file_0/n374 0.3157 33.9246
execution_unit_0/register_file_0/n375 0.1813 38.9961
execution_unit_0/register_file_0/n376 0.259 84.8649
execution_unit_0/register_file_0/n377 0.6874 48.8289
execution_unit_0/register_file_0/n378 0.2667 28.4777
execution_unit_0/register_file_0/n379 0.2289 62.3089
execution_unit_0/register_file_0/n380 0.5509 62.3888
execution_unit_0/register_file_0/n381 0.8281 63.6095
execution_unit_0/register_file_0/n382 0.3388 68.3884
execution_unit_0/register_file_0/n383 3.2865 67.0211
execution_unit_0/register_file_0/n384 0.5236 72.0588
execution_unit_0/register_file_0/n385 16.2543 77.6232
execution_unit_0/register_file_0/n386 15.2667 85.6129
execution_unit_0/register_file_0/n387 16.3618 84.4036
execution_unit_0/register_file_0/n388 14.0746 85.8541
execution_unit_0/register_file_0/n389 12.5566 68.3963
execution_unit_0/register_file_0/n390 10.4223 71.4991
execution_unit_0/register_file_0/n391 0.1848 97.3485
execution_unit_0/register_file_0/n392 15.3164 73.3301
execution_unit_0/register_file_0/n393 0.0966 76.087
execution_unit_0/register_file_0/n394 11.6379 75.7977
execution_unit_0/register_file_0/n395 0.0707 41.5842
execution_unit_0/register_file_0/n396 6.7095 73.7428
execution_unit_0/register_file_0/n397 0.2296 84.1463
execution_unit_0/register_file_0/n398 10.9547 72.8492
execution_unit_0/register_file_0/n399 0.3542 90.3162
execution_unit_0/register_file_0/n400 8.73915 68.3427
execution_unit_0/register_file_0/n401 0.0882 100
execution_unit_0/register_file_0/n402 10.429 65.061
execution_unit_0/register_file_0/n403 0.0952 66.1765
execution_unit_0/register_file_0/n404 14.6037 86.6947
execution_unit_0/register_file_0/n405 0.1988 82.7465
execution_unit_0/register_file_0/n406 11.2875 69.674
execution_unit_0/register_file_0/n407 4.33475 68.448
execution_unit_0/register_file_0/n408 6.1439 66.9648
execution_unit_0/register_file_0/n409 5.7071 59.207
execution_unit_0/register_file_0/n410 6.4638 64.3925
execution_unit_0/register_file_0/n411 4.23815 56.4875
execution_unit_0/register_file_0/n412 7.59815 69.7624
execution_unit_0/register_file_0/n413 6.30665 77.557
execution_unit_0/register_file_0/n414 7.3136 75.6673
execution_unit_0/register_file_0/n415 6.5688 82.7765
execution_unit_0/register_file_0/n416 0.1624 74.4612
execution_unit_0/register_file_0/n417 5.39455 75.4169
execution_unit_0/register_file_0/n418 0.29015 49.7932
execution_unit_0/register_file_0/n419 0.4354 73.6334
execution_unit_0/register_file_0/n420 4.06245 97.0793
execution_unit_0/register_file_0/n421 5.1254 57.3594
execution_unit_0/register_file_0/n422 1.3937 73.0035
execution_unit_0/register_file_0/n423 4.32985 71.3362
execution_unit_0/register_file_0/n424 0.6748 16.9087
execution_unit_0/register_file_0/n425 4.1118 59.5378
execution_unit_0/register_file_0/n426 0.2093 76.2542
execution_unit_0/register_file_0/n427 6.80785 77.4496
execution_unit_0/register_file_0/n428 0.40425 35.7576
execution_unit_0/register_file_0/n429 6.62725 80.301
execution_unit_0/register_file_0/n430 0.1946 59.1727
execution_unit_0/register_file_0/n431 7.83755 80.4225
execution_unit_0/register_file_0/n432 0.3934 61.6548
execution_unit_0/register_file_0/n433 4.93885 72.8079
execution_unit_0/register_file_0/n434 5.55555 70.0057
execution_unit_0/register_file_0/n435 0.2744 0.710641
execution_unit_0/register_file_0/n436 4.03515 59.2902
execution_unit_0/register_file_0/n437 7.7966 78.8045
execution_unit_0/register_file_0/n438 0.336 52.1429
execution_unit_0/register_file_0/n439 6.97655 79.8858
execution_unit_0/register_file_0/n440 5.6686 74.3177
execution_unit_0/register_file_0/n441 0.3094 48.6425
execution_unit_0/register_file_0/n442 6.7879 82.492
execution_unit_0/register_file_0/n443 4.7845 62.1747
execution_unit_0/register_file_0/n444 0.1862 56.7669
execution_unit_0/register_file_0/n445 6.2419 79.8311
execution_unit_0/register_file_0/n446 5.33855 64.2782
execution_unit_0/register_file_0/n447 0.4018 49.7885
execution_unit_0/register_file_0/n448 3.9221 49.1777
execution_unit_0/register_file_0/n449 7.3206 72.2485
execution_unit_0/register_file_0/n450 0.4466 36.4644
execution_unit_0/register_file_0/n451 7.27755 76.1115
execution_unit_0/register_file_0/n452 7.60235 81.3012
execution_unit_0/register_file_0/n453 0.4452 51.1905
execution_unit_0/register_file_0/n454 5.3354 61.211
execution_unit_0/register_file_0/n455 7.01995 75.0935
execution_unit_0/register_file_0/n456 5.48345 75.6207
execution_unit_0/register_file_0/n457 5.45405 70.3748
execution_unit_0/register_file_0/n458 0.4921 74.7511
execution_unit_0/register_file_0/n459 5.55818 77.2961
execution_unit_0/register_file_0/n460 7.50995 80.8454
execution_unit_0/register_file_0/n469 2.1994 84.6595
execution_unit_0/register_file_0/n470 2.3156 63.0765
execution_unit_0/register_file_0/n471 3.4643 85.5065
execution_unit_0/register_file_0/n472 2.07305 81.1317
execution_unit_0/register_file_0/n473 2.5326 83.7203
execution_unit_0/register_file_0/n474 1.897 78.0074
execution_unit_0/register_file_0/n475 3.0751 87.7142
execution_unit_0/register_file_0/n476 3.3915 86.5944
execution_unit_0/register_file_0/n477 0.4739 50.4062
execution_unit_0/register_file_0/n478 0.3822 66.2088
execution_unit_0/register_file_0/n479 0.5838 64.1487
execution_unit_0/register_file_0/n480 0.8568 68.0351
execution_unit_0/register_file_0/n481 0.74515 59.5115
execution_unit_0/register_file_0/n482 0.7875 45.4222
execution_unit_0/register_file_0/n483 0.92575 72.0227
execution_unit_0/register_file_0/n484 0.9681 76.6811
execution_unit_0/register_file_0/n485 2.26065 88.2799
execution_unit_0/register_file_0/n486 0.8057 40.4865
execution_unit_0/register_file_0/n487 1.0507 54.0973
execution_unit_0/register_file_0/n488 0.94605 64.3359
execution_unit_0/register_file_0/n489 0.5397 44.2931
execution_unit_0/register_file_0/n490 0.5166 77.8455
execution_unit_0/register_file_0/n491 0.83055 84.4079
execution_unit_0/register_file_0/n492 0.8022 79.7557
execution_unit_0/register_file_0/r1[15] 1.0927 66.2396
execution_unit_0/register_file_0/r1[14] 0.96425 49.6189
execution_unit_0/register_file_0/r1[13] 1.39055 95.2681
execution_unit_0/register_file_0/r1[12] 0.7126 58.7426
execution_unit_0/register_file_0/r1[11] 0.9884 58.2861
execution_unit_0/register_file_0/r1[10] 0.8708 65.213
execution_unit_0/register_file_0/r1[9] 1.3748 82.7393
execution_unit_0/register_file_0/r1[8] 0.539 61.6558
execution_unit_0/register_file_0/r1[7] 0.3325 12.4211
execution_unit_0/register_file_0/r1[6] 0.3808 81.7096
execution_unit_0/register_file_0/r1[5] 0.40635 35.8312
execution_unit_0/register_file_0/r1[4] 0.3038 75.3456
execution_unit_0/register_file_0/r1[3] 0.5845 42.994
execution_unit_0/register_file_0/r1[2] 0.70875 65.4074
execution_unit_0/register_file_0/r1[1] 0.5894 67.3397
execution_unit_0/register_file_0/r3[8] 0.9422 57.5302
execution_unit_0/register_file_0/r3[7] 0.7259 64.513
execution_unit_0/register_file_0/r3[6] 0.6496 72.7371
execution_unit_0/register_file_0/r3[5] 0.8358 69.7236
execution_unit_0/register_file_0/r3[4] 0.7658 72.2578
execution_unit_0/register_file_0/r3[3] 1.0388 64.9499
execution_unit_0/register_file_0/r3[2] 1.1025 70.7937
execution_unit_0/register_file_0/r3[1] 0.8288 69.7424
execution_unit_0/register_file_0/r4[8] 0.6524 55.3648
execution_unit_0/register_file_0/r4[7] 0.2751 57.888
execution_unit_0/register_file_0/r4[6] 0.5026 66.3649
execution_unit_0/register_file_0/r4[5] 0.5257 74.8336
execution_unit_0/register_file_0/r4[4] 0.6874 81.5173
execution_unit_0/register_file_0/r4[3] 0.2324 61.747
execution_unit_0/register_file_0/r4[2] 0.3346 59.205
execution_unit_0/register_file_0/r4[1] 0.3304 42.5847
execution_unit_0/register_file_0/r4[0] 1.22045 71.1787
execution_unit_0/register_file_0/r5[15] 0.2527 73.4072
execution_unit_0/register_file_0/r5[14] 0.3556 70.0787
execution_unit_0/register_file_0/r5[13] 0.38745 38.6372
execution_unit_0/register_file_0/r5[12] 0.3339 73.4801
execution_unit_0/register_file_0/r5[11] 0.32935 34.9628
execution_unit_0/register_file_0/r5[10] 0.3157 57.618
execution_unit_0/register_file_0/r5[9] 0.3451 46.146
execution_unit_0/register_file_0/r5[8] 0.42 70.3333
execution_unit_0/register_file_0/r5[7] 0.1925 64.3636
execution_unit_0/register_file_0/r5[6] 1.1179 71.688
execution_unit_0/register_file_0/r5[5] 0.5544 67.298
execution_unit_0/register_file_0/r5[4] 0.7056 81.6468
execution_unit_0/register_file_0/r5[3] 0.2877 73.601
execution_unit_0/register_file_0/r5[2] 0.4018 63.7631
execution_unit_0/register_file_0/r5[1] 0.41895 58.1454
execution_unit_0/register_file_0/r5[0] 0.4004 65.1224
execution_unit_0/register_file_0/r6[15] 0.4249 80.7249
execution_unit_0/register_file_0/r6[14] 0.5152 73.913
execution_unit_0/register_file_0/r6[13] 0.7028 75.996
execution_unit_0/register_file_0/r6[12] 0.35875 37.9024
execution_unit_0/register_file_0/r6[11] 0.9023 75.3685
execution_unit_0/register_file_0/r6[10] 0.87115 85.3757
execution_unit_0/register_file_0/r6[9] 1.16935 73.8551
execution_unit_0/register_file_0/r6[8] 0.378 24.4444
execution_unit_0/register_file_0/r6[7] 1.4665 76.2291
execution_unit_0/register_file_0/r6[6] 1.6877 84.6433
execution_unit_0/register_file_0/r6[5] 0.8421 86.8662
execution_unit_0/register_file_0/r6[4] 0.3437 74.6436
execution_unit_0/register_file_0/r6[3] 0.2653 52.3747
execution_unit_0/register_file_0/r6[2] 0.3738 76.3577
execution_unit_0/register_file_0/r6[1] 0.3087 40.9297
execution_unit_0/register_file_0/r6[0] 0.37415 74.4621
execution_unit_0/register_file_0/r7[15] 0.6216 92.1171
execution_unit_0/register_file_0/r7[14] 0.301 95.9302
execution_unit_0/register_file_0/r7[13] 0.3647 61.7083
execution_unit_0/register_file_0/r7[12] 1.05577 70.4293
execution_unit_0/register_file_0/r7[11] 0.4781 68.8141
execution_unit_0/register_file_0/r7[10] 0.4725 89.9259
execution_unit_0/register_file_0/r7[9] 0.5152 58.0163
execution_unit_0/register_file_0/r7[8] 0.7875 59.2444
execution_unit_0/register_file_0/r7[7] 0.5684 58.7438
execution_unit_0/register_file_0/r7[6] 1.0997 74.7613
execution_unit_0/register_file_0/r7[5] 1.3118 72.2519
execution_unit_0/register_file_0/r7[4] 0.4732 66.2563
execution_unit_0/register_file_0/r7[3] 0.651 49.8387
execution_unit_0/register_file_0/r7[2] 0.6216 54.4482
execution_unit_0/register_file_0/r7[1] 0.7343 58.2936
execution_unit_0/register_file_0/r7[0] 0.6139 79.3615
execution_unit_0/register_file_0/r8[15] 0.3941 55.8615
execution_unit_0/register_file_0/r8[14] 0.5432 63.4343
execution_unit_0/register_file_0/r8[13] 0.7189 40.3811
execution_unit_0/register_file_0/r8[12] 1.8501 12.7034
execution_unit_0/register_file_0/r8[11] 0.2807 45.2618
execution_unit_0/register_file_0/r8[10] 0.4382 55.9105
execution_unit_0/register_file_0/r8[9] 0.68495 55.6464
execution_unit_0/register_file_0/r8[8] 0.4956 56.6082
execution_unit_0/register_file_0/r8[7] 0.6069 70.3576
execution_unit_0/register_file_0/r8[6] 0.6468 80.303
execution_unit_0/register_file_0/r8[5] 0.9268 71.4502
execution_unit_0/register_file_0/r8[4] 0.3192 68.9693
execution_unit_0/register_file_0/r8[3] 0.1715 85.7143
execution_unit_0/register_file_0/r8[2] 0.8106 37.5432
execution_unit_0/register_file_0/r8[1] 0.6363 63.991
execution_unit_0/register_file_0/r8[0] 0.6685 70.7479
execution_unit_0/register_file_0/r9[15] 0.9156 77.5994
execution_unit_0/register_file_0/r9[14] 1.3531 65.8432
execution_unit_0/register_file_0/r9[13] 1.52565 78.596
execution_unit_0/register_file_0/r9[12] 0.9534 81.0573
execution_unit_0/register_file_0/r9[11] 1.36255 58.3667
execution_unit_0/register_file_0/r9[10] 2.4906 85.1251
execution_unit_0/register_file_0/r9[9] 0.9863 73.9532
execution_unit_0/register_file_0/r9[8] 0.8491 48.0214
execution_unit_0/register_file_0/r9[7] 1.22955 34.6407
execution_unit_0/register_file_0/r9[6] 1.7129 73.8047
execution_unit_0/register_file_0/r9[5] 2.4486 90.7233
execution_unit_0/register_file_0/r9[4] 1.6338 74.1645
execution_unit_0/register_file_0/r9[3] 0.6566 60.2231
execution_unit_0/register_file_0/r9[2] 0.693 60.5556
execution_unit_0/register_file_0/r9[1] 1.0409 67.3888
execution_unit_0/register_file_0/r9[0] 0.7294 71.5691
execution_unit_0/register_file_0/r10[15] 2.5571 75.9239
execution_unit_0/register_file_0/r10[14] 1.0843 62.6695
execution_unit_0/register_file_0/r10[13] 1.1326 41.5791
execution_unit_0/register_file_0/r10[12] 0.8407 67.6936
execution_unit_0/register_file_0/r10[11] 1.4098 57.8451
execution_unit_0/register_file_0/r10[10] 1.11475 59.2375
execution_unit_0/register_file_0/r10[9] 1.4014 47.1118
execution_unit_0/register_file_0/r10[8] 1.0437 64.4031
execution_unit_0/register_file_0/r10[7] 0.9303 54.1196
execution_unit_0/register_file_0/r10[6] 0.8015 76.2009
execution_unit_0/register_file_0/r10[5] 1.1221 73.1129
execution_unit_0/register_file_0/r10[4] 0.69195 67.3748
execution_unit_0/register_file_0/r10[3] 1.1305 64.0557
execution_unit_0/register_file_0/r10[2] 0.8533 66.1608
execution_unit_0/register_file_0/r10[1] 0.5278 61.3727
execution_unit_0/register_file_0/r10[0] 0.7035 80
execution_unit_0/register_file_0/r11[15] 0.9499 72.2181
execution_unit_0/register_file_0/r11[14] 1.2271 66.4005
execution_unit_0/register_file_0/r11[13] 1.33105 53.4972
execution_unit_0/register_file_0/r11[12] 0.2674 76.178
execution_unit_0/register_file_0/r11[11] 1.0752 92.513
execution_unit_0/register_file_0/r11[10] 1.4077 49.5365
execution_unit_0/register_file_0/r11[9] 1.0241 59.6719
execution_unit_0/register_file_0/r11[8] 0.2702 43.5233
execution_unit_0/register_file_0/r11[7] 0.18025 6.01942
execution_unit_0/register_file_0/r11[6] 0.52885 52.1509
execution_unit_0/register_file_0/r11[5] 1.0066 68.2446
execution_unit_0/register_file_0/r11[4] 0.756 65.2315
execution_unit_0/register_file_0/r11[3] 0.3906 57.6165
execution_unit_0/register_file_0/r11[2] 0.4018 71.777
execution_unit_0/register_file_0/r11[1] 0.154 58.1818
execution_unit_0/register_file_0/r11[0] 0.9996 81.4076
execution_unit_0/register_file_0/r12[15] 0.7112 69.3898
execution_unit_0/register_file_0/r12[14] 0.86625 64.4242
execution_unit_0/register_file_0/r12[13] 0.5649 70.5081
execution_unit_0/register_file_0/r12[12] 0.5047 1.45631
execution_unit_0/register_file_0/r12[11] 0.4634 73.4139
execution_unit_0/register_file_0/r12[10] 0.2506 70.1117
execution_unit_0/register_file_0/r12[9] 0.7875 85.6889
execution_unit_0/register_file_0/r12[8] 0.2212 63.6076
execution_unit_0/register_file_0/r12[7] 0.4032 55.1215
execution_unit_0/register_file_0/r12[6] 1.2096 73.4375
execution_unit_0/register_file_0/r12[5] 1.0521 74.318
execution_unit_0/register_file_0/r12[4] 0.57855 38.4928
execution_unit_0/register_file_0/r12[3] 0.3773 51.8818
execution_unit_0/register_file_0/r12[2] 0.3745 64.0654
execution_unit_0/register_file_0/r12[1] 0.2989 49.9415
execution_unit_0/register_file_0/r12[0] 0.308 69.2045
execution_unit_0/register_file_0/r13[15] 0.2604 71.2366
execution_unit_0/register_file_0/r13[14] 0.2926 40.9091
execution_unit_0/register_file_0/r13[13] 0.1876 77.0522
execution_unit_0/register_file_0/r13[12] 0.2758 50.2538
execution_unit_0/register_file_0/r13[11] 0.273 70.2564
execution_unit_0/register_file_0/r13[10] 0.37975 67.5576
execution_unit_0/register_file_0/r13[9] 0.3507 59.1816
execution_unit_0/register_file_0/r13[8] 0.41895 36.675
execution_unit_0/register_file_0/r13[7] 0.1939 64.0794
execution_unit_0/register_file_0/r13[6] 0.22015 73.6884
execution_unit_0/register_file_0/r13[5] 0.413 36.1441
execution_unit_0/register_file_0/r13[4] 0.2996 34.7547
execution_unit_0/register_file_0/r13[3] 0.2604 58.4005
execution_unit_0/register_file_0/r13[2] 0.4564 58.8957
execution_unit_0/register_file_0/r13[1] 0.3311 65.743
execution_unit_0/register_file_0/r13[0] 0.2429 13.1844
execution_unit_0/register_file_0/r14[15] 0.9254 61.4599
execution_unit_0/register_file_0/r14[14] 0.2639 81.565
execution_unit_0/register_file_0/r14[13] 0.37065 81.8697
execution_unit_0/register_file_0/r14[12] 0.5383 66.645
execution_unit_0/register_file_0/r14[11] 0.8323 69.1337
execution_unit_0/register_file_0/r14[10] 0.68845 77.6817
execution_unit_0/register_file_0/r14[9] 0.7777 78.7804
execution_unit_0/register_file_0/r14[8] 1.1179 51.1897
execution_unit_0/register_file_0/r14[7] 3.89515 97.8704
execution_unit_0/register_file_0/r14[6] 1.8389 74.5908
execution_unit_0/register_file_0/r14[5] 4.1489 92.6565
execution_unit_0/register_file_0/r14[4] 1.00135 74.6592
execution_unit_0/register_file_0/r14[3] 1.5449 87.2678
execution_unit_0/register_file_0/r14[2] 1.533 20.4795
execution_unit_0/register_file_0/r14[1] 0.9919 43.7015
execution_unit_0/register_file_0/r14[0] 0.8918 71.7425
execution_unit_0/register_file_0/r15[15] 0.7392 82.1023
execution_unit_0/register_file_0/r15[14] 0.8638 77.188
execution_unit_0/register_file_0/r15[13] 0.89845 71.1726
execution_unit_0/register_file_0/r15[12] 0.3682 50.808
execution_unit_0/register_file_0/r15[11] 0.5985 67.3392
execution_unit_0/register_file_0/r15[10] 0.49 80.75
execution_unit_0/register_file_0/r15[9] 0.3857 60.98
execution_unit_0/register_file_0/r15[8] 0.7532 49.6283
execution_unit_0/register_file_0/r15[7] 0.6615 53.7037
execution_unit_0/register_file_0/r15[6] 2.1707 85.2467
execution_unit_0/register_file_0/r15[5] 1.0311 68.1942
execution_unit_0/register_file_0/r15[4] 1.7213 88.4303
execution_unit_0/register_file_0/r15[3] 0.735 67.6905
execution_unit_0/register_file_0/r15[2] 0.7959 54.7054
execution_unit_0/register_file_0/r15[1] 0.7574 49.7458
execution_unit_0/register_file_0/r15[0] 0.5747 62.6675
execution_unit_0/alu_0/FE_OFN47_pc_sw_7 0.1113 67.2956
mem_backbone_0/FE_OFN108_n140 0.1344 68.75
mem_backbone_0/FE_OFN102_ext_pmem_en 5.03545 79.1131
mem_backbone_0/FE_OFN86_eu_pmem_en 8.09445 66.7244
mem_backbone_0/FE_OFN55_n152 12.7837 58.8425
mem_backbone_0/FE_OFN25_n111 3.0268 58.7741
mem_backbone_0/FE_OFN23_n77 2.74785 53.5601
mem_backbone_0/FE_OFN22_pmem_dout_bckup_sel 4.71065 71.9439
mem_backbone_0/ext_pmem_en 0.4704 58.5193
mem_backbone_0/dma_ready_dly 5.49115 86.0699
mem_backbone_0/eu_pmem_en 0.1582 23.4513
mem_backbone_0/fe_pmem_en 3.1332 60.0034
mem_backbone_0/eu_per_en 6.944 78.0091
mem_backbone_0/fe_pmem_en_dly 0.1176 18.75
mem_backbone_0/fe_pmem_save 0.13965 53.8847
mem_backbone_0/mclk_bckup_gated 5.46385 82.1344
mem_backbone_0/pmem_dout_bckup_sel 0.105 61.6667
mem_backbone_0/n155 0.0882 72.2222
mem_backbone_0/n2 0.5866 81.6229
mem_backbone_0/n3 0.6951 53.424
mem_backbone_0/n4 0.336 36.6667
mem_backbone_0/n5 0.0609 1.14943
mem_backbone_0/n6 0.09835 9.96441
mem_backbone_0/n7 1.0304 49.0319
mem_backbone_0/n8 3.26025 83.3172
mem_backbone_0/n9 1.2348 44.0618
mem_backbone_0/n10 0.4697 38.4501
mem_backbone_0/n11 2.3695 86.322
mem_backbone_0/n12 0.4235 91.5702
mem_backbone_0/n13 0.3451 92.1907
mem_backbone_0/n14 0.2275 91.3846
mem_backbone_0/n15 0.3402 92.0855
mem_backbone_0/n16 0.1449 57.0048
mem_backbone_0/n17 0.2478 88.1356
mem_backbone_0/n18 0.091 68.0769
mem_backbone_0/n19 0.2128 35.6908
mem_backbone_0/n20 0.3598 82.2957
mem_backbone_0/n21 0.3871 88.0651
mem_backbone_0/n22 0.315 73.1111
mem_backbone_0/n23 0.1085 59.0323
mem_backbone_0/n24 0.6013 95.1106
mem_backbone_0/n25 0.3871 73.9602
mem_backbone_0/n26 0.07525 83.7209
mem_backbone_0/n27 0.1127 38.1988
mem_backbone_0/n28 0.1827 91.1877
mem_backbone_0/n29 0.1393 92.9648
mem_backbone_0/n30 0.7007 76.4236
mem_backbone_0/n31 0.0917 42.7481
mem_backbone_0/n32 8.876 95.7492
mem_backbone_0/n33 3.4811 74.9246
mem_backbone_0/n34 3.4223 95.4183
mem_backbone_0/n35 0.1316 51.4628
mem_backbone_0/n36 0.4494 35.0857
mem_backbone_0/n37 0.0826 27.9661
mem_backbone_0/n38 2.9883 34.6978
mem_backbone_0/n39 0.14 1.625
mem_backbone_0/n40 3.6946 73.6453
mem_backbone_0/n41 0.1561 60.8744
mem_backbone_0/n42 0.2478 60.6638
mem_backbone_0/n43 0.224 46.875
mem_backbone_0/n44 0.763 62.2739
mem_backbone_0/n45 0.1449 83.0918
mem_backbone_0/n46 2.11575 80.4467
mem_backbone_0/n47 0.0399 39.4737
mem_backbone_0/n48 3.262 79.147
mem_backbone_0/n49 0.0532 0
mem_backbone_0/n50 7.25585 99.098
mem_backbone_0/n51 0.3192 53.7281
mem_backbone_0/n53 6.4932 62.9882
mem_backbone_0/n54 3.38065 80.9918
mem_backbone_0/n55 0.9555 72.1612
mem_backbone_0/n56 0.2723 0
mem_backbone_0/n57 1.414 41.8989
mem_backbone_0/n58 9.1301 91.0699
mem_backbone_0/n59 6.7284 83.871
mem_backbone_0/n60 5.3284 83.8019
mem_backbone_0/n61 3.0184 17.9151
mem_backbone_0/n62 0.1988 83.2746
mem_backbone_0/n63 0.0994 85.9155
mem_backbone_0/n64 0.168 76.6667
mem_backbone_0/n65 0.175 52.6
mem_backbone_0/n66 0.2296 67.378
mem_backbone_0/n67 0.5068 54.2127
mem_backbone_0/n68 0.2191 82.7476
mem_backbone_0/n69 0.2373 53.9086
mem_backbone_0/n70 0.0784 56.25
mem_backbone_0/n71 0.2429 59.9424
mem_backbone_0/n72 0.0917 41.9847
mem_backbone_0/n73 0.2149 80.1303
mem_backbone_0/n74 0.2212 54.9051
mem_backbone_0/n75 0.357 53.4804
mem_backbone_0/n76 0.2828 81.3119
mem_backbone_0/n77 0.1666 36.5546
mem_backbone_0/n78 2.73315 68.8372
mem_backbone_0/n79 0.196 0.714286
mem_backbone_0/n80 2.90745 70.6633
mem_backbone_0/n81 0.126 66.1111
mem_backbone_0/n82 2.4577 76.8737
mem_backbone_0/n83 0.1442 47.8155
mem_backbone_0/n84 3.1654 78.3503
mem_backbone_0/n85 0.3696 3.2197
mem_backbone_0/n86 2.1812 32.2609
mem_backbone_0/n87 0.1848 84.0909
mem_backbone_0/n88 1.6254 41.4944
mem_backbone_0/n89 0.154 80
mem_backbone_0/n90 1.9999 72.8211
mem_backbone_0/n91 0.0952 56.6176
mem_backbone_0/n92 2.1742 53.4771
mem_backbone_0/n93 0.1344 77.0833
mem_backbone_0/n94 2.9379 59.6021
mem_backbone_0/n95 0.1225 1.71429
mem_backbone_0/n96 1.6912 59.7401
mem_backbone_0/n97 0.126 72.7579
mem_backbone_0/n98 2.541 77.6584
mem_backbone_0/n99 0.0868 26.2097
mem_backbone_0/n100 1.9691 74.6712
mem_backbone_0/n101 0.5992 46.3952
mem_backbone_0/n102 1.2341 59.7561
mem_backbone_0/n103 0.1309 29.6791
mem_backbone_0/n104 2.4444 73.9548
mem_backbone_0/n105 0.1491 2.58216
mem_backbone_0/n106 1.9467 44.1658
mem_backbone_0/n107 0.1078 17.6252
mem_backbone_0/n108 2.7916 68.4052
mem_backbone_0/n109 0.0994 32.7465
mem_backbone_0/n110 4.58045 87.3997
mem_backbone_0/n111 0.1946 16.0072
mem_backbone_0/n112 3.4475 56.6686
mem_backbone_0/n113 0.0868 53.629
mem_backbone_0/n114 3.26585 73.856
mem_backbone_0/n115 0.1708 65.1639
mem_backbone_0/n116 1.4098 75.3972
mem_backbone_0/n117 0.2856 50.1225
mem_backbone_0/n118 0.8533 81.6653
mem_backbone_0/n119 0.9751 87.9756
mem_backbone_0/n120 0.2709 35.5297
mem_backbone_0/n121 0.43155 65.9367
mem_backbone_0/n122 0.8498 90.1977
mem_backbone_0/n123 0.469 25.597
mem_backbone_0/n124 1.0633 87.0309
mem_backbone_0/n125 0.6664 69.7479
mem_backbone_0/n126 1.37935 83.1007
mem_backbone_0/n127 0.29225 37.8443
mem_backbone_0/n128 0.196 28.75
mem_backbone_0/n129 0.27125 38.3226
mem_backbone_0/n130 0.1078 0
mem_backbone_0/n131 0.1211 59.5376
mem_backbone_0/n132 6.8628 76.377
mem_backbone_0/n133 0.2674 78.0105
mem_backbone_0/n134 5.26155 95.2504
mem_backbone_0/n135 3.7702 55.1615
mem_backbone_0/n136 0.8652 72.0065
mem_backbone_0/n137 5.4733 49.2518
mem_backbone_0/n138 9.2071 98.7683
mem_backbone_0/n140 15.9824 77.2647
mem_backbone_0/n141 6.79875 65.6146
mem_backbone_0/n142 5.77255 98.4721
mem_backbone_0/n143 0.2961 69.1489
mem_backbone_0/n144 2.6117 66.6711
mem_backbone_0/n145 1.12385 59.9502
mem_backbone_0/n146 5.0498 95.1345
mem_backbone_0/n147 0.4606 64.492
mem_backbone_0/n148 1.785 73.9216
mem_backbone_0/n149 0.5222 52.0777
mem_backbone_0/n150 2.4759 69.0981
mem_backbone_0/n151 0.3857 32.8494
mem_backbone_0/n152 0.1092 67.6282
mem_backbone_0/n153 2.2274 77.2156
mem_backbone_0/n154 0.1575 0
mem_backbone_0/n156 2.3058 82.6655
mem_backbone_0/n157 0.7448 52.8195
mem_backbone_0/n158 1.2348 54.3651
mem_backbone_0/n159 0.3843 52.9144
mem_backbone_0/n160 0.5089 91.3343
mem_backbone_0/n161 0.4781 26.7936
mem_backbone_0/n162 2.2995 79.2085
mem_backbone_0/n163 0.32725 55.2941
mem_backbone_0/n164 4.96825 96.0831
mem_backbone_0/n165 0.8288 37.9434
mem_backbone_0/n166 2.3807 54.4546
mem_backbone_0/n167 0.2618 38.369
mem_backbone_0/n168 2.7552 61.7632
mem_backbone_0/n169 0.4774 47.8372
mem_backbone_0/n170 4.07295 90.049
mem_backbone_0/n171 0.357 37.7451
mem_backbone_0/n172 1.624 60.9052
mem_backbone_0/n173 0.2093 29.2642
mem_backbone_0/n175 3.7835 97.0028
mem_backbone_0/n176 0.3395 55.8763
mem_backbone_0/n177 0.1484 15.566
mem_backbone_0/n178 0.3906 77.2401
mem_backbone_0/n179 0.0966 53.2609
mem_backbone_0/n180 0.2331 44.1441
mem_backbone_0/n181 0.1316 85.1064
mem_backbone_0/n182 0.4634 70.0906
mem_backbone_0/n183 0.427 71.7213
mem_backbone_0/n184 1.38355 67.7966
mem_backbone_0/n185 7.7616 63.3999
mem_backbone_0/n186 0.1078 84.0909
mem_backbone_0/n187 3.0198 75.904
mem_backbone_0/n188 0.3773 65.0278
mem_backbone_0/n189 0.3108 64.527
mem_backbone_0/n190 6.2587 71.2756
mem_backbone_0/n191 0.0532 0
mem_backbone_0/n192 0.0966 100
mem_backbone_0/n193 3.9774 63.2279
mem_backbone_0/n194 0.1015 90.3448
mem_backbone_0/n195 3.16295 60.9771
mem_backbone_0/n198 13.3791 75.8627
mem_backbone_0/per_dout_val[15] 1.8494 60.8819
mem_backbone_0/per_dout_val[14] 1.7486 69.3755
mem_backbone_0/per_dout_val[13] 2.04575 12.2571
mem_backbone_0/per_dout_val[12] 1.24495 40.9775
mem_backbone_0/per_dout_val[11] 1.8291 42.9679
mem_backbone_0/per_dout_val[10] 2.0069 48.1514
mem_backbone_0/per_dout_val[9] 2.77935 65.9876
mem_backbone_0/per_dout_val[8] 5.1821 86.7795
mem_backbone_0/per_dout_val[7] 2.6691 71.4136
mem_backbone_0/per_dout_val[6] 1.5393 63.5971
mem_backbone_0/per_dout_val[5] 2.3177 67.9251
mem_backbone_0/per_dout_val[4] 1.2012 54.1084
mem_backbone_0/per_dout_val[3] 1.3062 52.8805
mem_backbone_0/per_dout_val[2] 2.10875 28.1363
mem_backbone_0/per_dout_val[1] 3.3922 64.2209
mem_backbone_0/per_dout_val[0] 6.5254 85.9687
mem_backbone_0/pmem_dout_bckup[15] 0.4088 80.2226
mem_backbone_0/pmem_dout_bckup[14] 0.2891 88.6199
mem_backbone_0/pmem_dout_bckup[13] 0.3073 13.2118
mem_backbone_0/pmem_dout_bckup[12] 0.3024 77.3148
mem_backbone_0/pmem_dout_bckup[11] 0.2128 80.4276
mem_backbone_0/pmem_dout_bckup[10] 0.3675 76
mem_backbone_0/pmem_dout_bckup[9] 0.4207 24.376
mem_backbone_0/pmem_dout_bckup[8] 0.2723 97.3008
mem_backbone_0/pmem_dout_bckup[7] 0.1995 91.4035
mem_backbone_0/pmem_dout_bckup[6] 0.105 60.6667
mem_backbone_0/pmem_dout_bckup[5] 0.329 58.0699
mem_backbone_0/pmem_dout_bckup[4] 0.0784 46.875
mem_backbone_0/pmem_dout_bckup[3] 0.2359 79.2285
mem_backbone_0/pmem_dout_bckup[2] 0.1946 17.6259
mem_backbone_0/pmem_dout_bckup[1] 0.1932 100
mem_backbone_0/pmem_dout_bckup[0] 0.301 93.4884
mem_backbone_0/eu_mdb_in_sel[1] 0.0133 0
mem_backbone_0/eu_mdb_in_sel[0] 0.2625 33
mem_backbone_0/ext_mem_din_sel[1] 0.1848 1.13636
mem_backbone_0/ext_mem_din_sel[0] 0.70875 33.7284
watchdog_0/FE_DBTN7_puc_rst 3.8101 55.6081
watchdog_0/FE_DBTN1_wdt_rst 6.34235 78.0724
watchdog_0/reg_wr_0_ 0.2723 45.2442
watchdog_0/mclk_wdtctl 1.08745 64.2098
watchdog_0/wdtctl_7 2.0559 73.0678
watchdog_0/wdt_rst_noscan 0.1561 74.8879
watchdog_0/wdt_rst 0.0882 61.1111
watchdog_0/wdtcnt_clr_toggle 0.4802 67.0554
watchdog_0/wdtcnt_clr_sync 0.35 41.2
watchdog_0/wdtcnt_clr_sync_dly 0.2779 91.1839
watchdog_0/wdtqn_edge 0.90475 65.5126
watchdog_0/wdtcnt_incr 0.231 41.9697
watchdog_0/n_0_net_ 0.1365 81.2821
watchdog_0/wdtcnt_en 0.1855 85.6604
watchdog_0/wdt_clk_cnt 9.51545 88.98
watchdog_0/N9 0.1498 51.4019
watchdog_0/N10 0.2919 53.8369
watchdog_0/N11 0.2219 73.9748
watchdog_0/N12 0.238 14.8529
watchdog_0/N13 0.2611 78.3033
watchdog_0/N14 0.294 96.6667
watchdog_0/N15 0.1631 95.9227
watchdog_0/N16 0.3857 96.1887
watchdog_0/N17 0.1897 82.2878
watchdog_0/N18 0.1449 76.3285
watchdog_0/N19 0.1848 64.7727
watchdog_0/N20 0.1533 50.2283
watchdog_0/N21 0.3269 81.3704
watchdog_0/N22 0.0917 35.1145
watchdog_0/N23 0.1449 69.5652
watchdog_0/N24 0.1099 70.7006
watchdog_0/wdt_evt_toggle 0.392 61.875
watchdog_0/wdt_evt_toggle_sync 0.50855 47.0062
watchdog_0/wdt_evt_toggle_sync_dly 0.329 45.6383
watchdog_0/wdtifg_clr_reg 0.4529 30.6801
watchdog_0/wdtifg_clr 0.6489 81.3376
watchdog_0/wdtqn_edge_reg 1.9635 76.0428
watchdog_0/wdt_wkup_pre 0.2079 43.9394
watchdog_0/wdt_wkup_en 0.2177 63.0225
watchdog_0/N34 0.3766 6.50558
watchdog_0/N40 0.399 60.7895
watchdog_0/n26 0.1547 90.4977
watchdog_0/n27 0.3248 44.9892
watchdog_0/n29 0.1491 44.3662
watchdog_0/n30 0.1064 67.7632
watchdog_0/n1 0.1715 61.0204
watchdog_0/n2 0.1449 74.6377
watchdog_0/n3 0.1162 66.2651
watchdog_0/n4 0.1057 69.8675
watchdog_0/n6 0.1197 65.2047
watchdog_0/n7 0.2149 67.5896
watchdog_0/n8 0.2541 92.2865
watchdog_0/n9 0.3969 69.224
watchdog_0/n10 0.3829 75.3199
watchdog_0/n11 0.2828 61.7574
watchdog_0/n12 0.18025 14.1748
watchdog_0/n13 0.2835 3.13933
watchdog_0/n14 0.0665 0
watchdog_0/n15 0.2016 11.4583
watchdog_0/n16 0.1351 17.0984
watchdog_0/n17 0.5817 67.2082
watchdog_0/n18 0.1204 75.5814
watchdog_0/n19 0.2723 18.8762
watchdog_0/n20 0.497 52.8622
watchdog_0/n21 0.1323 80.291
watchdog_0/n22 0.4865 64.5015
watchdog_0/n23 0.43505 22.6813
watchdog_0/n24 0.44065 71.7633
watchdog_0/n25 0.35735 95.8864
watchdog_0/n31 0.8491 90.7255
watchdog_0/n32 0.2037 35.3952
watchdog_0/n33 1.218 85.3736
watchdog_0/n34 0.4634 95.7704
watchdog_0/n35 0.09835 85.0534
watchdog_0/n36 0.1897 92.9889
watchdog_0/n37 0.0882 83.3333
watchdog_0/n38 0.31115 54.3307
watchdog_0/n39 0.154 9.54545
watchdog_0/n40 0.59045 78.0083
watchdog_0/n41 0.41125 63.1489
watchdog_0/n42 0.3829 65.1737
watchdog_0/n43 0.1932 63.4058
watchdog_0/n44 0.41615 60.6392
watchdog_0/n45 0.24465 95.9943
watchdog_0/n46 0.23415 100
watchdog_0/n47 0.0882 100
watchdog_0/n48 4.85345 85.4485
watchdog_0/n49 0.4662 78.1532
watchdog_0/n50 0.0784 93.75
watchdog_0/n51 1.13225 62.1329
watchdog_0/n52 0.3843 79.5993
watchdog_0/n53 1.0948 43.7272
watchdog_0/n58 0.3311 50.1586
watchdog_0/n59 0.4963 85.3315
watchdog_0/n60 0.1995 51.4912
watchdog_0/n61 0.3178 40.7253
watchdog_0/n62 0.2513 59.4708
watchdog_0/n63 0.3717 93.4087
watchdog_0/n64 0.25305 88.3817
watchdog_0/n65 0.29505 96.6785
watchdog_0/n66 0.4746 89.6755
watchdog_0/n67 0.2555 86.5753
watchdog_0/n68 0.6139 51.5964
watchdog_0/n69 0.2674 55.7592
watchdog_0/wdtctl[4] 0.9212 70.4027
watchdog_0/wdtctl[1] 1.6884 55.6992
watchdog_0/wdtctl[0] 2.5536 79.1255
watchdog_0/wdtcnt[15] 0.3241 88.3369
watchdog_0/wdtcnt[14] 0.3192 93.0921
watchdog_0/wdtcnt[12] 0.2163 25.4045
watchdog_0/wdtcnt[10] 0.231 65.1515
watchdog_0/wdtcnt[8] 0.4438 84.858
watchdog_0/wdtcnt[6] 0.2639 76.3926
watchdog_0/wdtcnt[3] 0.4039 81.5796
watchdog_0/wdtcnt[1] 0.4053 89.5509
watchdog_0/wdtcnt[0] 0.79695 83.0479
watchdog_0/wdtisx_ss[1] 0.588 65.0595
watchdog_0/wdtisx_ss[0] 0.4452 85.6918
watchdog_0/wdtisx_s[1] 0.1526 87.156
watchdog_0/wdtisx_s[0] 0.1526 93.578
watchdog_0/sync_reset_por/TIE_CELL_LTIELO_NET 0.14 58.25
watchdog_0/sync_reset_por/data_sync_0_ 0.1407 72.1393
watchdog_0/sync_cell_wdtcnt_clr/data_sync_0_ 0.1393 39.0704
watchdog_0/sync_cell_wdtcnt_incr/data_sync_0_ 0.1498 86.9159
watchdog_0/sync_cell_wdt_evt/data_sync_0_ 0.1596 69.2982
watchdog_0/wakeup_cell_wdog/TIE_CELL_LTIEHI_NET 0.0882 28.9683
watchdog_0/wakeup_cell_wdog/wkup_rst 0.0399 0
watchdog_0/wakeup_cell_wdog/wkup_clk 2.7475 36.434
watchdog_0/wakeup_cell_wdog/n4 0.1834 1.33588
dbg_0/mem_state[1] 1.9852 50.0403
dbg_0/mem_state[0] 0.3486 75.2008
dbg_0/mem_state_nxt[1] 0.3325 19.7293
dbg_0/mem_state_nxt[0] 0.2961 41.9115
dbg_0/dbg_uart_0/uart_state[2] 0.3717 64.8776
dbg_0/dbg_uart_0/uart_state[1] 0.448 44.0625
dbg_0/dbg_uart_0/uart_state[0] 0.27055 87.3221
