#Checking placement violation...
Begin checking placement ... (start mem=882.1M, init mem=703.7M)
*info: Placed = 41344         
*info: Unplaced = 0           
Placement Density:100.00%(47456/47456)
Placement Density (including fixed std cells):100.00%(47456/47456)
Finished check_place (total: cpu=0:00:01.0, real=0:00:01.0; vio checks: cpu=0:00:00.5, real=0:00:01.0; mem=703.7M)
#cpu time = 00:00:01, elapsed time = 00:00:01, memory = 493.40 (MB), peak = 699.70 (MB)
#Checking wire integrity...
#cpu time = 00:00:00, elapsed time = 00:00:00, memory = 493.40 (MB), peak = 699.70 (MB)
Multithreaded Timing Analysis is initialized with 8 threads

#Checking unplaced instance...
#cpu time = 00:00:00, elapsed time = 00:00:00, memory = 578.81 (MB), peak = 843.65 (MB)
#Checking track...
#cpu time = 00:00:00, elapsed time = 00:00:00, memory = 578.81 (MB), peak = 843.65 (MB)
#Checking blocked track...
#cpu time = 00:00:00, elapsed time = 00:00:00, memory = 578.81 (MB), peak = 843.65 (MB)
#Checking 3rd-party violation...
#cpu time = 00:00:00, elapsed time = 00:00:00, memory = 578.81 (MB), peak = 843.65 (MB)
#Checking ECO route violation...
#cpu time = 00:00:00, elapsed time = 00:00:00, memory = 578.81 (MB), peak = 843.65 (MB)
#Checking unplaced I/O pin...
#cpu time = 00:00:00, elapsed time = 00:00:00, memory = 578.81 (MB), peak = 843.65 (MB)
#Checking same-cell violation...
#cpu time = 00:00:00, elapsed time = 00:00:00, memory = 578.82 (MB), peak = 843.65 (MB)
#Checking pin layer escape...
#cpu time = 00:00:00, elapsed time = 00:00:00, memory = 578.82 (MB), peak = 843.65 (MB)
*** Message Summary: 0 warning(s), 0 error(s)

