Total exposed area across net assets: 3524.54
Max exposure [%] across net assets: 100
Avg exposure [%] across net assets: 48.4382

#NetName TotalAreaNet PercentageExposedAreaNet
FE_OCPN118743_core_round_key_53 6.2902 17.935
FE_OCPN118738_FE_OFN118009_core_round_key_62 7.67725 46.3389
FE_OCPN118732_core_new_sboxw_18 79.3156 93.034
FE_OCPN118723_core_round_key_122 2.4052 24.3046
FE_OCPN118708_core_round_key_14 2.1175 38.8335
FE_OCPN118702_core_new_sboxw_27 0.3717 55.5556
FE_OCPN118701_core_new_sboxw_27 2.9715 12.8445
FE_OCPN118699_core_new_sboxw_17 5.4187 70.564
FE_OCPN118698_core_new_sboxw_6 77.8596 69.3149
FE_OCPN118688_core_new_sboxw_15 3.1633 48.3917
FE_OCPN118687_core_new_sboxw_27 1.3489 15.5219
FE_OCPN118685_core_new_sboxw_28 18.2707 60.6559
FE_OCPN118680_core_new_sboxw_11 11.9077 24.123
FE_OCPN2133_core_new_sboxw_12 3.4993 40.9082
FE_OCPN2035_core_new_sboxw_3 0.1078 62.987
FE_OCPN118612_core_new_sboxw_26 4.38235 41.686
FE_OCPN118591_core_new_sboxw_24 71.9975 76.419
FE_OCPN118590_core_new_sboxw_2 86.7356 76.7379
FE_OCPN118583_core_new_sboxw_18 8.3671 56.6624
FE_OCPN118574_core_new_sboxw_13 9.28795 44.6143
FE_OCPN118509_FE_OFN118074_core_round_key_104 22.1599 71.5403
FE_OCPN118476_core_new_sboxw_11 0.2086 6.87919
FE_OCPN118399_core_new_sboxw_25 0.2394 31.5058
FE_OCPN118398_core_new_sboxw_24 0.0532 62.5
FE_OCPN118397_core_new_sboxw_1 1.4336 38.7155
FE_OCPN118385_core_new_sboxw_27 5.5265 65.499
FE_OCPN118379_core_new_sboxw_8 24.4085 57.9205
FE_OFN118294_core_new_sboxw_3 0.5117 0
FE_OFN118274_core_round_key_45 20.7634 53.2631
FE_OFN118248_core_round_key_11 25.1433 43.6491
FE_OFN118181_core_round_key_75 50.3595 79.4847
FE_OFN118071_core_round_key_82 20.1824 65.9344
FE_OFN118058_core_round_key_97 18.9771 64.4672
FE_OFN118040_core_round_key_61 10.6411 39.9378
FE_OFN118031_core_round_key_125 6.9419 31.1658
FE_OFN118028_core_round_key_69 61.4037 83.8411
FE_OFN118023_core_round_key_15 6.8495 40.5303
FE_OFN118021_core_round_key_126 6.5163 2.32034
FE_OFN118020_core_round_key_83 17.1878 60.4141
FE_OFN118016_core_round_key_56 16.5399 52.2124
FE_OFN118009_core_round_key_62 61.5472 64.1357
FE_OFN118001_core_round_key_112 23.1567 64.3521
FE_OFN117999_core_new_sboxw_27 0.07175 48.2927
FE_OFN117995_core_round_key_80 20.3245 62.9284
FE_OFN117991_core_round_key_6 22.4756 55.2573
FE_OFN117982_core_round_key_70 73.547 83.0761
FE_OFN117976_core_round_key_16 25.773 54.9168
FE_OFN117970_core_round_key_39 32.4906 65.8054
FE_OFN117966_core_round_key_103 0.41895 0
FE_OFN117817_core_new_sboxw_28 54.6315 46.2712
FE_OFN117799_core_new_sboxw_26 2.7167 23.0003
FE_OFN117791_core_new_sboxw_10 1.407 16.9741
FE_OFN117783_core_new_sboxw_4 0.2359 0.296736
FE_OFN117781_core_new_sboxw_9 0.4991 13.885
FE_OFN117771_core_new_sboxw_8 3.1612 50.0443
FE_OFN117770_core_new_sboxw_30 2.4724 14.5314
FE_OFN117758_core_new_sboxw_0 0.80115 20.6235
core_new_sboxw[31] 64.2713 78.3596
core_new_sboxw[30] 0.08505 20.9877
core_new_sboxw[29] 229.361 98.6996
core_new_sboxw[28] 0.1162 21.3855
core_new_sboxw[27] 166.883 96.9765
core_new_sboxw[26] 176.664 97.7207
core_new_sboxw[25] 101.634 78.6572
core_new_sboxw[24] 57.1123 92.5462
core_new_sboxw[23] 14.3157 55.3735
core_new_sboxw[22] 14.1698 46.883
core_new_sboxw[21] 12.9314 26.5488
core_new_sboxw[20] 24.0954 50.3184
core_new_sboxw[19] 15.6093 61.5969
core_new_sboxw[18] 0.0133 100
core_new_sboxw[17] 36.833 74.5433
core_new_sboxw[16] 127.331 94.7588
core_new_sboxw[15] 1.4238 34.7925
core_new_sboxw[14] 4.7537 18.6655
core_new_sboxw[13] 19.5181 47.0582
core_new_sboxw[12] 28.4869 73.7795
core_new_sboxw[11] 43.1491 38.6422
core_new_sboxw[10] 0.0133 55.2632
core_new_sboxw[9] 1.4847 41.2945
core_new_sboxw[8] 6.4106 52.9767
core_new_sboxw[7] 33.2802 66.0678
core_new_sboxw[6] 0.1015 77.931
core_new_sboxw[5] 73.3038 77.4915
core_new_sboxw[4] 1.8704 80.7581
core_new_sboxw[3] 158.067 95.8634
core_new_sboxw[2] 0.147 39.8639
core_new_sboxw[1] 167.283 98.4656
core_new_sboxw[0] 0.35175 40.995
core_keymem_sboxw[31] 0.5047 31.7614
core_keymem_sboxw[30] 5.26015 47.222
core_keymem_sboxw[29] 0.38325 28.3105
core_keymem_sboxw[28] 16.7909 48.1011
core_keymem_sboxw[27] 16.584 47.3464
core_keymem_sboxw[26] 0.161 40.854
core_keymem_sboxw[25] 0.2884 43.932
core_keymem_sboxw[24] 6.97935 32.4285
core_keymem_sboxw[23] 2.3002 42.2257
core_keymem_sboxw[22] 2.3296 50.4958
core_keymem_sboxw[21] 0.1183 34.9112
core_keymem_sboxw[20] 11.0439 62.3894
core_keymem_sboxw[19] 0.5152 17.1002
core_keymem_sboxw[18] 0.3402 34.1711
core_keymem_sboxw[17] 0.5194 36.7588
core_keymem_sboxw[16] 15.5491 36.7578
core_keymem_sboxw[15] 4.3449 51.8706
core_keymem_sboxw[14] 0.5845 8.50299
core_keymem_sboxw[13] 10.3946 67.0999
core_keymem_sboxw[12] 0.5873 28.6651
core_keymem_sboxw[11] 13.5632 60.7401
core_keymem_sboxw[10] 13.1684 69.3585
core_keymem_sboxw[9] 0.2702 61.7876
core_keymem_sboxw[8] 13.0421 76.8853
core_keymem_sboxw[7] 13.0067 67.3059
core_keymem_sboxw[6] 13.23 48.9575
core_keymem_sboxw[5] 16.772 45.3202
core_keymem_sboxw[4] 0.63665 47.1688
core_keymem_sboxw[3] 0.9597 39.3847
core_keymem_sboxw[2] 4.9959 68.6353
core_keymem_sboxw[1] 5.46035 64.7046
core_keymem_sboxw[0] 10.4937 75.7521
core_aes_core_ctrl_reg[1] 0.27965 55.0063
key_reg[0][31] 1.4224 54.3307
key_reg[0][30] 2.23545 43.6377
key_reg[0][29] 3.41005 31.8881
key_reg[0][28] 2.28305 54.3768
key_reg[0][27] 2.212 34.4338
key_reg[0][26] 2.00795 24.7865
key_reg[0][25] 1.9768 31.613
key_reg[0][24] 0.71785 57.5817
key_reg[0][23] 2.37405 58.1748
key_reg[0][22] 1.5526 48.8117
key_reg[0][21] 3.24835 62.063
key_reg[0][20] 1.16445 34.8061
key_reg[0][19] 2.70235 44.4761
key_reg[0][18] 4.1006 71.1018
key_reg[0][17] 3.1486 47.6664
key_reg[0][16] 2.59105 54.201
key_reg[0][15] 2.0314 48.3337
key_reg[0][14] 0.588 20.9439
key_reg[0][13] 1.0416 46.5678
key_reg[0][12] 1.3853 33.4133
key_reg[0][11] 1.2327 44.6905
key_reg[0][10] 1.5043 26.047
key_reg[0][9] 1.54175 35.1532
key_reg[0][8] 4.10795 55.2271
key_reg[0][7] 2.27395 53.3873
key_reg[0][6] 1.0073 48.7045
key_reg[0][5] 2.74995 58.9356
key_reg[0][4] 2.0517 48.5646
key_reg[0][3] 1.7311 9.15025
key_reg[0][2] 2.1021 45.4629
key_reg[0][1] 1.5813 23.8965
key_reg[0][0] 1.35625 60.9806
key_reg[1][31] 1.6555 27.469
key_reg[1][30] 1.4651 8.6001
key_reg[1][29] 1.5246 28.1352
key_reg[1][28] 2.6607 47.2113
key_reg[1][27] 3.087 49.9757
key_reg[1][26] 0.8351 1.06873
key_reg[1][25] 2.12345 34.1637
key_reg[1][24] 5.7204 71.5842
key_reg[1][23] 1.88475 15.0418
key_reg[1][22] 1.2593 35.1306
key_reg[1][21] 2.0048 30.5168
key_reg[1][20] 2.93475 57.8473
key_reg[1][19] 2.8959 14.7381
key_reg[1][18] 2.5403 57.8534
key_reg[1][17] 1.309 37.4389
key_reg[1][16] 1.77205 61.6856
key_reg[1][15] 1.05525 50.4478
key_reg[1][14] 1.421 49.9085
key_reg[1][13] 1.3517 46.5451
key_reg[1][12] 1.9348 9.63278
key_reg[1][11] 1.2467 52.9197
key_reg[1][10] 1.6702 51.8441
key_reg[1][9] 0.8554 18.4124
key_reg[1][8] 1.8893 53.3465
key_reg[1][7] 2.2365 67.457
key_reg[1][6] 4.3575 60.6598
key_reg[1][5] 1.7563 51.1046
key_reg[1][4] 2.24105 45.4497
key_reg[1][3] 2.3142 46.3249
key_reg[1][2] 2.5984 43.6288
key_reg[1][1] 2.8189 43.9214
key_reg[1][0] 2.80105 74.6176
key_reg[2][31] 0.973 21.4568
key_reg[2][30] 0.84735 11.4416
key_reg[2][29] 1.6947 38.2811
key_reg[2][28] 2.25295 69.4745
key_reg[2][27] 3.40725 60.2773
key_reg[2][26] 0.7294 35.2207
key_reg[2][25] 1.7402 45.8309
key_reg[2][24] 0.5719 29.8785
key_reg[2][23] 1.7871 60.9059
key_reg[2][22] 1.6576 43.5177
key_reg[2][21] 2.3961 58.4638
key_reg[2][20] 1.4133 31.4937
key_reg[2][19] 1.7129 64.0843
key_reg[2][18] 2.3639 65.0831
key_reg[2][17] 1.3524 18.1492
key_reg[2][16] 2.1553 43.9428
key_reg[2][15] 0.8015 52.9102
key_reg[2][14] 1.42905 47.5876
key_reg[2][13] 2.86545 66.8246
key_reg[2][12] 1.6177 30.9993
key_reg[2][11] 0.9744 5.90363
key_reg[2][10] 1.2488 48.6907
key_reg[2][9] 1.5029 52.7563
key_reg[2][8] 2.18085 60.1062
key_reg[2][7] 3.7408 75.5754
key_reg[2][6] 2.15215 68.7591
key_reg[2][5] 2.52437 65.8718
key_reg[2][4] 1.9453 44.5767
key_reg[2][3] 1.2971 52.1317
key_reg[2][2] 1.42485 18.895
key_reg[2][1] 2.2652 60.2982
key_reg[2][0] 1.1921 58.6696
key_reg[3][31] 1.05035 35.6167
key_reg[3][30] 0.9443 31.383
key_reg[3][29] 0.8974 17.9658
key_reg[3][28] 1.5351 50.7215
key_reg[3][27] 1.27575 38.5087
key_reg[3][26] 2.7244 48.5446
key_reg[3][25] 0.96005 55.2706
key_reg[3][24] 1.1158 31.4595
key_reg[3][23] 2.6166 33.7872
key_reg[3][22] 3.63895 30.0279
key_reg[3][21] 2.4591 61.3293
key_reg[3][20] 1.23585 32.4999
key_reg[3][19] 1.0745 45.5793
key_reg[3][18] 1.1277 29.4538
key_reg[3][17] 0.9772 46.1113
key_reg[3][16] 1.8865 21.2801
key_reg[3][15] 1.5414 39.975
key_reg[3][14] 1.7234 47.0451
key_reg[3][13] 0.83405 11.5251
key_reg[3][12] 2.5585 30.0547
key_reg[3][11] 1.3111 45.5953
key_reg[3][10] 2.0482 71.7447
key_reg[3][9] 1.67265 56.9979
key_reg[3][8] 1.344 55.651
key_reg[3][7] 1.6569 43.3762
key_reg[3][6] 2.6782 73.2199
key_reg[3][5] 0.9849 33.7775
key_reg[3][4] 1.60685 40.318
key_reg[3][3] 2.1385 30.1637
key_reg[3][2] 1.1963 54.725
key_reg[3][1] 2.2015 53.618
key_reg[3][0] 2.1224 54.098
key_reg[4][31] 0.3983 10.7206
key_reg[4][30] 0.35 42.7
key_reg[4][29] 0.4277 44.8445
key_reg[4][28] 0.5327 59.4894
key_reg[4][27] 0.4998 31.8627
key_reg[4][26] 0.3885 44.5946
key_reg[4][25] 0.4851 17.6665
key_reg[4][24] 0.4067 36.6609
key_reg[4][23] 0.3913 39.4454
key_reg[4][22] 0.4543 15.4303
key_reg[4][21] 0.39095 31.2572
key_reg[4][20] 0.6041 43.6848
key_reg[4][19] 0.8449 45.8397
key_reg[4][18] 0.4662 70.6456
key_reg[4][17] 0.4053 22.3476
key_reg[4][16] 0.84035 52.734
key_reg[4][15] 0.497 25
key_reg[4][14] 0.462 46.4394
key_reg[4][13] 0.6405 28.6417
key_reg[4][12] 0.42385 42.114
key_reg[4][11] 0.53795 64.0859
key_reg[4][10] 0.5698 49.3243
key_reg[4][9] 0.5264 12.9749
key_reg[4][8] 0.41545 67.0598
key_reg[4][7] 0.8218 26.7735
key_reg[4][6] 0.5397 14.8647
key_reg[4][5] 0.4004 54.4143
key_reg[4][4] 0.4529 31.9938
key_reg[4][3] 0.4081 62.9931
key_reg[4][2] 0.6244 5.38917
key_reg[4][1] 0.6503 46.0326
key_reg[4][0] 0.54635 53.7476
key_reg[5][31] 0.3913 8.31843
key_reg[5][30] 0.4669 52.7736
key_reg[5][29] 0.3871 44.11
key_reg[5][28] 0.4928 67.71
key_reg[5][27] 0.4333 70.1131
key_reg[5][26] 0.5509 54.2567
key_reg[5][25] 0.48895 42.5197
key_reg[5][24] 0.5313 64.0316
key_reg[5][23] 0.3584 67.6758
key_reg[5][22] 0.3871 51.0075
key_reg[5][21] 0.37555 58.5275
key_reg[5][20] 0.5642 47.0223
key_reg[5][19] 0.43505 34.9558
key_reg[5][18] 0.4998 27.6611
key_reg[5][17] 0.4298 63.1107
key_reg[5][16] 0.4473 5.00782
key_reg[5][15] 0.6902 46.5517
key_reg[5][14] 0.67305 52.3141
key_reg[5][13] 0.4004 37.8497
key_reg[5][12] 0.427 56.0656
key_reg[5][11] 0.3934 51.3345
key_reg[5][10] 0.4508 54.6972
key_reg[5][9] 0.48895 34.4309
key_reg[5][8] 0.7378 59.2505
key_reg[5][7] 0.4333 52.504
key_reg[5][6] 0.6552 13.6523
key_reg[5][5] 0.3864 39.4475
key_reg[5][4] 0.3885 0.36036
key_reg[5][3] 0.4067 51.7703
key_reg[5][2] 0.4711 60.1783
key_reg[5][1] 0.4081 50.7719
key_reg[5][0] 0.9016 57.4562
key_reg[6][31] 0.4543 61.3251
key_reg[6][30] 0.35 60.4
key_reg[6][29] 0.3934 40.5694
key_reg[6][28] 0.4053 69.8618
key_reg[6][27] 0.41545 63.6057
key_reg[6][26] 0.4585 30.3817
key_reg[6][25] 0.4375 57.28
key_reg[6][24] 0.3738 41.0112
key_reg[6][23] 0.5971 38.0422
key_reg[6][22] 0.4417 11.6482
key_reg[6][21] 0.4795 61.3139
key_reg[6][20] 0.43015 43.1361
key_reg[6][19] 0.4053 58.8206
key_reg[6][18] 0.3934 61.8327
key_reg[6][17] 0.4781 51.6837
key_reg[6][16] 0.5712 22.6803
key_reg[6][15] 0.4025 65.5652
key_reg[6][14] 0.38745 32.7462
key_reg[6][13] 0.40075 63.6245
key_reg[6][12] 0.4865 60.5036
key_reg[6][11] 0.50575 75.5709
key_reg[6][10] 0.6286 46.6075
key_reg[6][9] 0.6118 47.0987
key_reg[6][8] 0.4515 62.3256
key_reg[6][7] 0.5194 37.3315
key_reg[6][6] 0.4592 7.64917
key_reg[6][5] 0.4004 0
key_reg[6][4] 0.4697 49.1803
key_reg[6][3] 0.43995 41.2661
key_reg[6][2] 0.4165 51.5546
key_reg[6][1] 0.3899 66.5171
key_reg[6][0] 0.6692 60.5649
key_reg[7][31] 0.5341 11.7534
key_reg[7][30] 0.5033 16.8289
key_reg[7][29] 0.4935 46.0284
key_reg[7][28] 0.3766 60.7342
key_reg[7][27] 0.5313 67.0619
key_reg[7][26] 0.6909 54.856
key_reg[7][25] 0.4914 45.467
key_reg[7][24] 0.49385 27.8678
key_reg[7][23] 0.392 56.4286
key_reg[7][22] 0.3962 0
key_reg[7][21] 0.4298 68.6482
key_reg[7][20] 0.511 60.2397
key_reg[7][19] 0.4669 43.6282
key_reg[7][18] 0.3787 63.586
key_reg[7][17] 0.3969 60.9347
key_reg[7][16] 0.4473 34.2723
key_reg[7][15] 0.3738 39.4864
key_reg[7][14] 0.4179 55.9464
key_reg[7][13] 0.4263 28.5714
key_reg[7][12] 0.4102 56.8259
key_reg[7][11] 0.3899 44.3447
key_reg[7][10] 0.4165 48.3073
key_reg[7][9] 0.4263 55.0375
key_reg[7][8] 0.35 60.5
key_reg[7][7] 0.57645 69.7025
key_reg[7][6] 0.5663 16.5019
key_reg[7][5] 0.5159 42.7069
key_reg[7][4] 0.40075 23.0817
key_reg[7][3] 0.62335 35.8948
key_reg[7][2] 0.3983 24.8933
key_reg[7][1] 0.5082 63.9118
key_reg[7][0] 0.66115 68.1313
core_round_key[126] 1.5519 50.9585
core_round_key[125] 0.4746 0
core_round_key[124] 50.4666 66.8455
core_round_key[122] 10.8497 45.7494
core_round_key[116] 21.1894 52.8305
core_round_key[115] 18.3155 53.9663
core_round_key[114] 30.9173 74.4874
core_round_key[113] 18.2343 62.9045
core_round_key[112] 0.1414 14.8868
core_round_key[111] 10.6836 48.2538
core_round_key[108] 10.7688 43.9738
core_round_key[106] 15.9303 64.7485
core_round_key[104] 0.6314 79.9335
core_round_key[103] 40.1097 59.3682
core_round_key[102] 32.4174 76.8252
core_round_key[100] 15.1403 11.2769
core_round_key[99] 23.316 76.8072
core_round_key[98] 10.0471 16.6528
core_round_key[97] 0.5999 31.797
core_round_key[96] 17.3411 71.5528
core_round_key[91] 59.4206 82.7554
core_round_key[89] 23.3955 59.8739
core_round_key[88] 55.4285 80.9136
core_round_key[84] 25.4142 57.3264
core_round_key[83] 0.6384 43.3427
core_round_key[82] 0.2163 67.9612
core_round_key[81] 15.3083 53.6885
core_round_key[80] 2.0055 61.6405
core_round_key[79] 20.1975 49.28
core_round_key[78] 25.9486 38.5314
core_round_key[77] 18.5633 57.7869
core_round_key[76] 22.3076 45.931
core_round_key[75] 0.5166 65.1084
core_round_key[73] 14.4809 67.7372
core_round_key[72] 22.9569 59.7302
core_round_key[71] 21.3462 64.7489
core_round_key[70] 0.5019 63.3692
core_round_key[69] 0.4319 20.6182
core_round_key[68] 12.0888 44.1978
core_round_key[67] 7.7476 52.1445
core_round_key[66] 12.1153 60.7245
core_round_key[65] 14.2587 61.6926
core_round_key[64] 29.6041 78.0606
core_round_key[62] 0.9989 58.9699
core_round_key[61] 4.522 60.4799
core_round_key[60] 32.3054 59.794
core_round_key[59] 58.1263 77.3836
core_round_key[58] 46.5399 82.4113
core_round_key[57] 10.3603 44.4688
core_round_key[56] 5.9353 58.5152
core_round_key[54] 13.1691 40.6117
core_round_key[53] 23.8833 48.5987
core_round_key[52] 21.7028 52.0062
core_round_key[51] 38.1799 82.3295
core_round_key[50] 82.0516 90.785
core_round_key[49] 25.0289 68.9081
core_round_key[48] 28.4074 64.5454
core_round_key[45] 1.4539 52.3351
core_round_key[44] 21.5183 57.7321
core_round_key[43] 29.2306 41.1415
core_round_key[41] 34.6963 78.3778
core_round_key[39] 0.0952 44.8529
core_round_key[37] 53.436 85.8235
core_round_key[36] 12.5787 46.4211
core_round_key[35] 11.5178 56.4717
core_round_key[34] 19.6735 67.3372
core_round_key[28] 54.9599 74.1276
core_round_key[26] 46.5578 80.7904
core_round_key[25] 11.2179 29.6329
core_round_key[24] 10.5497 47.2412
core_round_key[23] 32.744 67.8009
core_round_key[21] 43.2327 70.3009
core_round_key[19] 13.3137 55.2465
core_round_key[18] 24.6219 67.3897
core_round_key[17] 18.7404 55.9105
core_round_key[16] 0.9023 42.303
core_round_key[15] 0.8036 12.7738
core_round_key[14] 36.1127 73.9176
core_round_key[13] 16.9278 55.6276
core_round_key[12] 32.7184 82.679
core_round_key[11] 1.1368 54.4181
core_round_key[10] 21.3105 71.1279
core_round_key[7] 31.7846 63.9857
core_round_key[6] 4.2917 64.0679
core_round_key[4] 14.5593 47.3149
core_round_key[3] 11.8563 48.9615
core_round_key[2] 21.2881 81.7246
core_round_key[0] 31.0783 73.3414
core_keymem_key_mem_ctrl_reg[1] 0.38955 14.1894
core_keymem_key_mem_ctrl_reg[0] 0.6146 21.4855
