
Power Net Detected:
    Voltage	    Name
    0.00V	    VSS
    1.10V	    VDD
Using Power View: generic_view.
Load RC corner of view generic_view

Begin Power Analysis

    0.00V	    VSS
    1.10V	    VDD

Begin Processing Timing Library for Power Calculation

Begin Processing Timing Library for Power Calculation



Begin Processing Power Net/Grid for Power Calculation

Ended Processing Power Net/Grid for Power Calculation: (cpu=0:00:00, real=0:00:00, mem(process/total/peak)=864.14MB/1824.11MB/864.16MB)

Begin Processing Timing Window Data for Power Calculation

VCLK(1000MHz) CK: assigning clock VCLK to net clk
Ended Processing Timing Window Data for Power Calculation: (cpu=0:00:00, real=0:00:00, mem(process/total/peak)=868.68MB/1826.11MB/868.69MB)

Begin Processing User Attributes

Ended Processing User Attributes: (cpu=0:00:00, real=0:00:00, mem(process/total/peak)=868.74MB/1826.11MB/868.74MB)

Begin Processing Signal Activity


Starting Levelizing
2022-Mar-12 16:17:32 (2022-Mar-12 21:17:32 GMT)
2022-Mar-12 16:17:32 (2022-Mar-12 21:17:32 GMT): 10%
2022-Mar-12 16:17:32 (2022-Mar-12 21:17:32 GMT): 20%
2022-Mar-12 16:17:32 (2022-Mar-12 21:17:32 GMT): 30%
2022-Mar-12 16:17:32 (2022-Mar-12 21:17:32 GMT): 40%
2022-Mar-12 16:17:32 (2022-Mar-12 21:17:32 GMT): 50%
2022-Mar-12 16:17:32 (2022-Mar-12 21:17:32 GMT): 60%
2022-Mar-12 16:17:33 (2022-Mar-12 21:17:33 GMT): 70%
2022-Mar-12 16:17:33 (2022-Mar-12 21:17:33 GMT): 80%
2022-Mar-12 16:17:33 (2022-Mar-12 21:17:33 GMT): 90%

Finished Levelizing
2022-Mar-12 16:17:33 (2022-Mar-12 21:17:33 GMT)

Starting Activity Propagation
2022-Mar-12 16:17:33 (2022-Mar-12 21:17:33 GMT)
** INFO:  (VOLTUS_POWR-1356): No default input activity has been set. Defaulting to 0.2.
Use 'set_default_switching_activity -input_activity' command to change the default activity value.

2022-Mar-12 16:17:33 (2022-Mar-12 21:17:33 GMT): 10%
2022-Mar-12 16:17:33 (2022-Mar-12 21:17:33 GMT): 20%
2022-Mar-12 16:17:34 (2022-Mar-12 21:17:34 GMT): 30%
2022-Mar-12 16:17:34 (2022-Mar-12 21:17:34 GMT): 40%
2022-Mar-12 16:17:34 (2022-Mar-12 21:17:34 GMT): 50%
2022-Mar-12 16:17:34 (2022-Mar-12 21:17:34 GMT): 60%
2022-Mar-12 16:17:34 (2022-Mar-12 21:17:34 GMT): 70%
2022-Mar-12 16:17:34 (2022-Mar-12 21:17:34 GMT): 80%
2022-Mar-12 16:17:34 (2022-Mar-12 21:17:34 GMT): 90%

Finished Activity Propagation
2022-Mar-12 16:17:34 (2022-Mar-12 21:17:34 GMT)
Ended Processing Signal Activity: (cpu=0:00:02, real=0:00:02, mem(process/total/peak)=873.18MB/1830.11MB/873.18MB)

Begin Power Computation

      ----------------------------------------------------------
      # of cell(s) missing both power/leakage table: 0
      # of cell(s) missing power table: 0
      # of cell(s) missing leakage table: 0
      # of MSMV cell(s) missing power_level: 0
      ----------------------------------------------------------



Starting Calculating power
2022-Mar-12 16:17:34 (2022-Mar-12 21:17:34 GMT)
2022-Mar-12 16:17:36 (2022-Mar-12 21:17:36 GMT): 10%
2022-Mar-12 16:17:36 (2022-Mar-12 21:17:36 GMT): 20%
2022-Mar-12 16:17:36 (2022-Mar-12 21:17:36 GMT): 30%
2022-Mar-12 16:17:36 (2022-Mar-12 21:17:36 GMT): 40%
2022-Mar-12 16:17:37 (2022-Mar-12 21:17:37 GMT): 50%
2022-Mar-12 16:17:37 (2022-Mar-12 21:17:37 GMT): 60%
2022-Mar-12 16:17:37 (2022-Mar-12 21:17:37 GMT): 70%
2022-Mar-12 16:17:37 (2022-Mar-12 21:17:37 GMT): 80%
2022-Mar-12 16:17:37 (2022-Mar-12 21:17:37 GMT): 90%

Finished Calculating power
2022-Mar-12 16:17:37 (2022-Mar-12 21:17:37 GMT)
Ended Power Computation: (cpu=0:00:04, real=0:00:02, mem(process/total/peak)=882.72MB/1845.70MB/882.72MB)

Begin Processing User Attributes

Ended Processing User Attributes: (cpu=0:00:00, real=0:00:00, mem(process/total/peak)=882.75MB/1845.70MB/882.77MB)

Ended Power Analysis: (cpu=0:00:07, real=0:00:05, mem(process/total/peak)=882.77MB/1845.70MB/882.78MB)

Begin Boundary Leakage Calculation
Ended Boundary Leakage Calculation: (cpu=0:00:00, real=0:00:00,
mem(process/total/peak)=882.78MB/1845.70MB/882.78MB)
Begin Static Power Report Generation
*----------------------------------------------------------------------------------------
*	Innovus 18.13-s088_1 (64bit) 03/05/2019 11:30 (Linux 2.6.18-194.el5)
*	
*
* 	Date & Time:	2022-Mar-12 16:17:37 (2022-Mar-12 21:17:37 GMT)
*
*----------------------------------------------------------------------------------------
*
*	Design: aes
*
*	Liberty Libraries used:
*	        generic_view: NangateOpenCellLibrary.lib
*
*	Parasitic Files used:
*
*       Power View : generic_view
*
*       User-Defined Activity : N.A.
*
*       Activity File: N.A.
*
*       Hierarchical Global Activity: N.A.
*
*       Global Activity: N.A.
*
*       Sequential Element Activity: N.A.
*
*       Primary Input Activity: 0.200000
*
*       Default icg ratio: N.A.
*
*       Global Comb ClockGate Ratio: N.A.
*
*	Power Units = 1mW
*
*	Time Units = 1e-09 secs
*
*       report_power
*
-----------------------------------------------------------------------------------------
*



Total Power
-----------------------------------------------------------------------------------------
Total Internal Power:       35.74307329 	   53.6139%
Total Switching Power:      30.15743091 	   45.2355%
Total Leakage Power:         0.76706792 	    1.1506%
Total Power:                66.66757215
-----------------------------------------------------------------------------------------


Group                           Internal   Switching     Leakage       Total  Percentage 
                                Power      Power         Power         Power  (%)        
-----------------------------------------------------------------------------------------
Sequential                         19.37       2.959       0.293       22.62       33.93
Macro                                  0           0           0           0           0
IO                                     0           0           0           0           0
Combinational                      15.82        21.9      0.4726       38.19       57.28
Clock (Combinational)             0.5573       5.297    0.001467       5.856       8.784
Clock (Sequential)                     0           0           0           0           0
-----------------------------------------------------------------------------------------
Total                              35.74       30.16      0.7671       66.67         100
-----------------------------------------------------------------------------------------


Rail                  Voltage   Internal   Switching     Leakage       Total  Percentage 
                                Power      Power         Power         Power  (%)        
-----------------------------------------------------------------------------------------
VDD                       1.1      35.74       30.16      0.7671       66.67         100


Clock                           Internal   Switching     Leakage       Total  Percentage 
                                Power      Power         Power         Power  (%)        
-----------------------------------------------------------------------------------------
VCLK                              0.5573       5.297    0.001467       5.856       8.784
-----------------------------------------------------------------------------------------
Total                             0.5573       5.297    0.001467       5.856       8.784
-----------------------------------------------------------------------------------------
Clock: VCLK
Clock Period: 0.001000 usec 
Clock Toggle Rate:  2000.0000 Mhz 
Clock Static Probability:  0.5000
  
 
 
-----------------------------------------------------------------------------------------
*	Power Distribution Summary: 
*              Highest Average Power:       CTS_ccl_a_buf_00212 (CLKBUF_X3):           0.1333
*              Highest Leakage Power: FE_OCPC2211_core_keymem_n_97327 (BUF_X16):        0.0003745
*                Total Cap:      1.26533e-10 F
*                Total instances in design: 16509
*                Total instances in design with no power:     0
*                Total instances in design with no activty:     0

*                Total Fillers and Decap:     0
-----------------------------------------------------------------------------------------
 
Ended Static Power Report Generation: (cpu=0:00:00, real=0:00:00,
mem(process/total/peak)=888.85MB/1852.95MB/888.86MB)

