Weights:
	des_issues:		0.25
	fsp_fi_ea_c_avg:		(1/6)
	fsp_fi_ea_c_max:		(1/3)
	des_perf_setup_TNS:		0.5
	fsp_fi_ea_n_avg:		(1/6)
	ti_sts_max:		(1/3)
	des_perf:		0.25
	ti_fts_total:		0.5
	des_area:		0.25
	ti_fts_avg:		(1/6)
	fsp_fi_ea_n:		0.5
	fsp_fi_ea_n_total:		0.5
	ti_sts:		0.5
	fsp_fi_ea_n_max:		(1/3)
	des_perf_setup_FEP:		(1/6)
	fsp_fi_ea_c_total:		0.5
	fsp_fi_ea_c:		0.5
	ti_sts_avg:		(1/6)
	ti_fts:		0.5
	ti_sts_total:		0.5
	ti_fts_max:		(1/3)
	des_p_total:		0.25
	des_perf_setup_WNS:		(1/3)

Baseline metrics:
	des_issues:		2626
	fsp_fi_ea_c_avg:		26.8058
	fsp_fi_ea_c_max:		60.7143
	des_perf_setup_TNS:		-0.999
	fsp_fi_ea_n_avg:		48.4382
	ti_sts_max:		896
	ti_fts_total:		101975
	des_area:		51113.496
	ti_fts_avg:		271.93
	fsp_fi_ea_n_total:		3524.54
	fsp_fi_ea_n_max:		100
	des_perf_setup_FEP:		20
	fsp_fi_ea_c_total:		505.857
	ti_sts_avg:		88.78
	ti_sts_total:		33295
	ti_fts_max:		989
	des_p_total:		66.66757215
	des_perf_setup_WNS:		-0.117

Submission metrics:
	des_issues:		2626
	fsp_fi_ea_c_avg:		26.8058
	fsp_fi_ea_c_max:		60.7143
	des_perf_setup_TNS:		-0.999
	fsp_fi_ea_n_avg:		48.4382
	ti_sts_max:		896
	ti_fts_total:		101975
	des_area:		51113.496
	ti_fts_avg:		271.93
	fsp_fi_ea_n_total:		3524.54
	fsp_fi_ea_n_max:		100
	des_perf_setup_FEP:		20
	fsp_fi_ea_c_total:		505.857
	ti_sts_avg:		88.78
	ti_sts_total:		33295
	ti_fts_max:		989
	des_p_total:		66.66757215
	des_perf_setup_WNS:		-0.117

Base scores (non-weighted):
	des_issues:		1.000000
	fsp_fi_ea_c_avg:		1.000000
	fsp_fi_ea_c_max:		1.000000
	des_perf_setup_TNS:		1.000000
	fsp_fi_ea_n_avg:		1.000000
	ti_sts_max:		1.000000
	ti_fts_total:		1.000000
	des_area:		1.000000
	ti_fts_avg:		1.000000
	fsp_fi_ea_n_total:		1.000000
	fsp_fi_ea_n_max:		1.000000
	des_perf_setup_FEP:		1.000000
	fsp_fi_ea_c_total:		1.000000
	ti_sts_avg:		1.000000
	ti_sts_total:		1.000000
	ti_fts_max:		1.000000
	des_p_total:		1.000000
	des_perf_setup_WNS:		1.000000

Scores (weighted):
	des_issues:		1.000000
	OVERALL:		1.000000
	des_perf:		1.000000
	des:		1.000000
	des_area:		1.000000
	fsp_fi_ea_n:		1.000000
	ti_sts:		1.000000
	fsp_fi_ea_c:		1.000000
	ti_fts:		1.000000
	fsp_fi:		1.000000
	ti:		1.000000
	des_p_total:		1.000000

