Total exposed area across net assets: 1376.57
Max exposure [%] across net assets: 100
Avg exposure [%] across net assets: 45.6346

#NetName TotalAreaNet PercentageExposedAreaNet
key_sched/G2/n16 0.4088 70.0342
key_sched/G2/n15 0.19495 52.7828
key_sched/G2/n14 0.3976 67.2535
key_sched/G2/n13 0.3458 64.5749
key_sched/G2/n12 0.1393 35.6784
key_sched/G2/n11 0.3136 23.4216
key_sched/G2/n10 0.2345 70
key_sched/G2/n9 0.3045 72.6437
key_sched/G2/n8 0.3115 15.618
key_sched/G2/n7 0.17325 88.6869
key_sched/G2/n6 0.18445 65.4649
key_sched/G2/n5 0.18935 59.0309
key_sched/G2/n4 0.3899 55.0718
key_sched/G2/n3 0.18025 69.7087
key_sched/G2/n2 0.43435 88.7188
key_sched/G2/n1 0.1848 61.6477
key_sched/G2/sbox_a/n448 4.004 85.507
key_sched/G2/sbox_a/n446 0.34825 19.3683
key_sched/G2/sbox_a/n445 0.9884 33.0382
key_sched/G2/sbox_a/n444 0.0658 85.1064
key_sched/G2/sbox_a/n443 0.2303 72.4924
key_sched/G2/sbox_a/n434 0.1008 44.0972
key_sched/G2/sbox_a/n433 0.2443 31.0172
key_sched/G2/sbox_a/n432 0.3717 46.1394
key_sched/G2/sbox_a/n431 0.6643 53.1085
key_sched/G2/sbox_a/n430 0.2975 42.7647
key_sched/G2/sbox_a/n429 1.3734 57.5561
key_sched/G2/sbox_a/n428 0.23275 15.5639
key_sched/G2/sbox_a/n427 0.736575 69.3514
key_sched/G2/sbox_a/n426 5.26715 76.0914
key_sched/G2/sbox_a/n425 0.60655 34.5355
key_sched/G2/sbox_a/n424 0.04515 61.2403
key_sched/G2/sbox_a/n423 0.3661 54.4933
key_sched/G2/sbox_a/n422 5.3494 86.7537
key_sched/G2/sbox_a/n421 0.9625 35.6909
key_sched/G2/sbox_a/n420 2.7062 42.434
key_sched/G2/sbox_a/n419 2.33975 58.3321
key_sched/G2/sbox_a/n418 2.87665 51.9771
key_sched/G2/sbox_a/n417 0.3416 49.3852
key_sched/G2/sbox_a/n416 0.9275 45.3396
key_sched/G2/sbox_a/n415 1.04965 40.9803
key_sched/G2/sbox_a/n414 1.4182 33.6871
key_sched/G2/sbox_a/n413 1.12245 91.5809
key_sched/G2/sbox_a/n412 1.44935 42.7433
key_sched/G2/sbox_a/n411 0.14035 63.591
key_sched/G2/sbox_a/n410 0.0266 0
key_sched/G2/sbox_a/n409 0.5628 31.0323
key_sched/G2/sbox_a/n408 0.21525 24.065
key_sched/G2/sbox_a/n407 0.6006 34.4406
key_sched/G2/sbox_a/n406 0.5691 13.9914
key_sched/G2/sbox_a/n405 1.04755 81.156
key_sched/G2/sbox_a/n404 0.4424 66.8117
key_sched/G2/sbox_a/n403 1.19175 44.5815
key_sched/G2/sbox_a/n402 0.8008 89.9476
key_sched/G2/sbox_a/n401 0.4515 46.5116
key_sched/G2/sbox_a/n400 0.8029 51.0244
key_sched/G2/sbox_a/n399 0.126 54.1667
key_sched/G2/sbox_a/n398 0.4018 49.6516
key_sched/G2/sbox_a/n397 0.08155 65.6652
key_sched/G2/sbox_a/n396 1.05 50.6833
key_sched/G2/sbox_a/n395 0.0133 0
key_sched/G2/sbox_a/n394 2.0174 29.7623
key_sched/G2/sbox_a/n393 4.7481 74.3218
key_sched/G2/sbox_a/n392 0.28875 32.4242
key_sched/G2/sbox_a/n391 2.0636 66.791
key_sched/G2/sbox_a/n390 0.3164 8.07522
key_sched/G2/sbox_a/n389 0.24115 17.7794
key_sched/G2/sbox_a/n388 0.1358 0
key_sched/G2/sbox_a/n387 0.0882 19.6429
key_sched/G2/sbox_a/n386 3.99787 66.2815
key_sched/G2/sbox_a/n385 1.92745 67.8228
key_sched/G2/sbox_a/n384 2.10035 61.5576
key_sched/G2/sbox_a/n383 0.343 27.398
key_sched/G2/sbox_a/n382 2.11908 29.7193
key_sched/G2/sbox_a/n381 0.38255 19.7621
key_sched/G2/sbox_a/n380 0.44135 38.065
key_sched/G2/sbox_a/n379 1.8277 77.0203
key_sched/G2/sbox_a/n378 0.3976 25.4401
key_sched/G2/sbox_a/n377 0.2744 61.0969
key_sched/G2/sbox_a/n376 0.1547 42.3077
key_sched/G2/sbox_a/n375 0.1015 12.069
key_sched/G2/sbox_a/n374 1.2299 80.8196
key_sched/G2/sbox_a/n373 0.55335 53.2574
key_sched/G2/sbox_a/n372 1.14205 53.7695
key_sched/G2/sbox_a/n371 1.52845 32.4855
key_sched/G2/sbox_a/n370 4.5276 78.7106
key_sched/G2/sbox_a/n369 1.9362 56.6199
key_sched/G2/sbox_a/n368 0.4102 36.3908
key_sched/G2/sbox_a/n367 0.1358 77.0619
key_sched/G2/sbox_a/n366 0.1792 76.3672
key_sched/G2/sbox_a/n365 0.2121 62.0462
key_sched/G2/sbox_a/n364 0.2793 51.3784
key_sched/G2/sbox_a/n363 1.89805 72.7088
key_sched/G2/sbox_a/n362 0.08155 30.0429
key_sched/G2/sbox_a/n361 0.2282 41.5644
key_sched/G2/sbox_a/n360 4.95092 63.5326
key_sched/G2/sbox_a/n359 2.79615 62.2356
key_sched/G2/sbox_a/n358 0.0882 4.36508
key_sched/G2/sbox_a/n357 0.10675 46.8852
key_sched/G2/sbox_a/n356 0.8344 11.703
key_sched/G2/sbox_a/n355 5.1121 76.9547
key_sched/G2/sbox_a/n354 2.18645 9.20442
key_sched/G2/sbox_a/n353 0.0595 58.8235
key_sched/G2/sbox_a/n352 2.44685 54.3055
key_sched/G2/sbox_a/n351 1.3573 5.52936
key_sched/G2/sbox_a/n350 0.4417 18.859
key_sched/G2/sbox_a/n349 0.1197 15.4971
key_sched/G2/sbox_a/n348 3.2599 71.5428
key_sched/G2/sbox_a/n347 0.5516 38.2297
key_sched/G2/sbox_a/n346 2.5613 68.4067
key_sched/G2/sbox_a/n345 3.0191 66.0561
key_sched/G2/sbox_a/n344 1.3867 57.7739
key_sched/G2/sbox_a/n343 2.3121 8.93884
key_sched/G2/sbox_a/n342 5.0281 83.2869
key_sched/G2/sbox_a/n341 2.3261 49.0822
key_sched/G2/sbox_a/n340 1.3881 40.6077
key_sched/G2/sbox_a/n339 0.1799 51.6537
key_sched/G2/sbox_a/n338 0.2779 59.9496
key_sched/G2/sbox_a/n337 2.33905 70.0135
key_sched/G2/sbox_a/n336 0.22855 0
key_sched/G2/sbox_a/n335 0.6622 43.6839
key_sched/G2/sbox_a/n334 3.2193 64.1009
key_sched/G2/sbox_a/n333 0.3003 62.0047
key_sched/G2/sbox_a/n332 2.0167 38.8233
key_sched/G2/sbox_a/n331 1.2299 87.6494
key_sched/G2/sbox_a/n330 0.1372 63.7755
key_sched/G2/sbox_a/n329 2.01285 46.1659
key_sched/G2/sbox_a/n328 7.02152 89.7515
key_sched/G2/sbox_a/n327 0.0812 60.3448
key_sched/G2/sbox_a/n326 0.1449 9.90338
key_sched/G2/sbox_a/n325 0.2065 38.6441
key_sched/G2/sbox_a/n324 1.07835 36.222
key_sched/G2/sbox_a/n323 0.0784 87.5
key_sched/G2/sbox_a/n322 0.756 42.2917
key_sched/G2/sbox_a/n321 1.8844 70.8024
key_sched/G2/sbox_a/n320 1.97225 58.8237
key_sched/G2/sbox_a/n319 0.3192 53.8377
key_sched/G2/sbox_a/n318 3.4643 54.0766
key_sched/G2/sbox_a/n317 0.32095 63.2497
key_sched/G2/sbox_a/n316 0.3374 36.9295
key_sched/G2/sbox_a/n315 0.27895 8.53199
key_sched/G2/sbox_a/n314 0.7133 67.4681
key_sched/G2/sbox_a/n313 0.1176 70.8333
key_sched/G2/sbox_a/n312 0.2156 68.9935
key_sched/G2/sbox_a/n311 0.203 13.2759
key_sched/G2/sbox_a/n310 0.4137 41.5398
key_sched/G2/sbox_a/n309 0.056 26.25
key_sched/G2/sbox_a/n308 1.0689 35.2489
key_sched/G2/sbox_a/n307 0.1911 28.2051
key_sched/G2/sbox_a/n306 2.4997 42.005
key_sched/G2/sbox_a/n305 0.22435 7.25429
key_sched/G2/sbox_a/n304 3.19235 68.0353
key_sched/G2/sbox_a/n303 4.2595 80.7642
key_sched/G2/sbox_a/n302 0.1183 62.7219
key_sched/G2/sbox_a/n301 0.1855 73.2075
key_sched/G2/sbox_a/n300 2.29985 91.2342
key_sched/G2/sbox_a/n299 0.1946 48.8309
key_sched/G2/sbox_a/n298 0.07175 6.82927
key_sched/G2/sbox_a/n297 1.47525 22.9656
key_sched/G2/sbox_a/n296 1.4427 31.441
key_sched/G2/sbox_a/n295 2.9708 29.1235
key_sched/G2/sbox_a/n294 3.9774 88.0896
key_sched/G2/sbox_a/n293 0.7063 15.1635
key_sched/G2/sbox_a/n292 0.0952 27.9412
key_sched/G2/sbox_a/n291 0.49945 26.4891
key_sched/G2/sbox_a/n290 0.0917 55.916
key_sched/G2/sbox_a/n289 2.69535 35.8785
key_sched/G2/sbox_a/n288 0.1407 66.2935
key_sched/G2/sbox_a/n287 2.47345 65.6007
key_sched/G2/sbox_a/n286 0.2527 19.3906
key_sched/G2/sbox_a/n285 0.28735 42.3873
key_sched/G2/sbox_a/n284 1.4672 54.4132
key_sched/G2/sbox_a/n283 2.394 61.7471
key_sched/G2/sbox_a/n282 0.791 12.2819
key_sched/G2/sbox_a/n281 2.0139 12.513
key_sched/G2/sbox_a/n280 0.79765 1.09697
key_sched/G2/sbox_a/n279 1.5757 61.3283
key_sched/G2/sbox_a/n278 1.3006 37.2443
key_sched/G2/sbox_a/n277 0.5026 74.0947
key_sched/G2/sbox_a/n276 0.6972 83.6094
key_sched/G2/sbox_a/n275 0.7588 5.81181
key_sched/G2/sbox_a/n274 0.05845 34.4311
key_sched/G2/sbox_a/n273 0.0546 59.6154
key_sched/G2/sbox_a/n272 0.4858 56.6282
key_sched/G2/sbox_a/n271 6.16595 67.0006
key_sched/G2/sbox_a/n270 1.84415 72.063
key_sched/G2/sbox_a/n269 0.1204 64.5349
key_sched/G2/sbox_a/n268 0.8351 52.6404
key_sched/G2/sbox_a/n267 0.0994 58.4507
key_sched/G2/sbox_a/n266 0.2254 37.1118
key_sched/G2/sbox_a/n265 0.93065 1.05303
key_sched/G2/sbox_a/n264 4.5325 72.9807
key_sched/G2/sbox_a/n263 2.0391 60.7878
key_sched/G2/sbox_a/n262 0.8575 66.2449
key_sched/G2/sbox_a/n261 0.3409 68.7885
key_sched/G2/sbox_a/n260 0.1386 82.3232
key_sched/G2/sbox_a/n259 2.667 84.0289
key_sched/G2/sbox_a/n258 1.7808 40.173
key_sched/G2/sbox_a/n257 0.71155 78.1604
key_sched/G2/sbox_a/n256 0.1722 28.8618
key_sched/G2/sbox_a/n255 0.3472 49.3952
key_sched/G2/sbox_a/n254 2.2071 29.225
key_sched/G2/sbox_a/n253 4.1454 70.2888
key_sched/G2/sbox_a/n252 0.30415 58.5731
key_sched/G2/sbox_a/n251 0.25095 55.9972
key_sched/G2/sbox_a/n250 1.23917 31.182
key_sched/G2/sbox_a/n249 0.4102 47.1843
key_sched/G2/sbox_a/n248 1.0409 64.8621
key_sched/G2/sbox_a/n247 0.98105 55.3871
key_sched/G2/sbox_a/n246 0.78505 77.8645
key_sched/G2/sbox_a/n245 0.29575 51.8343
key_sched/G2/sbox_a/n243 0.21245 30.972
key_sched/G2/sbox_a/n242 0.3255 57.2043
key_sched/G2/sbox_a/n241 0.26075 24.8993
key_sched/G2/sbox_a/n240 0.7588 41.19
key_sched/G2/sbox_a/n239 0.0826 14.8305
key_sched/G2/sbox_a/n238 2.5172 74.8749
key_sched/G2/sbox_a/n237 0.87115 58.2362
key_sched/G2/sbox_a/n236 0.4417 60.7765
key_sched/G2/sbox_a/n235 0.23625 35.4815
key_sched/G2/sbox_a/n234 2.4353 33.4579
key_sched/G2/sbox_a/n233 1.7829 27.7385
key_sched/G2/sbox_a/n232 0.5558 36.7713
key_sched/G2/sbox_a/n231 0.322 48.1522
key_sched/G2/sbox_a/n230 0.17325 27.3737
key_sched/G2/sbox_a/n229 0.6139 34.5781
key_sched/G2/sbox_a/n228 1.24425 49.5077
key_sched/G2/sbox_a/n227 0.61915 36.8287
key_sched/G2/sbox_a/n226 3.7464 81.8946
key_sched/G2/sbox_a/n225 1.2026 89.5518
key_sched/G2/sbox_a/n224 0.217 36.6129
key_sched/G2/sbox_a/n223 0.4844 71.2428
key_sched/G2/sbox_a/n222 0.0966 46.9203
key_sched/G2/sbox_a/n221 1.5071 88.8743
key_sched/G2/sbox_a/n220 0.4907 60.0927
key_sched/G2/sbox_a/n219 1.85815 65.0028
key_sched/G2/sbox_a/n218 1.0773 76.1533
key_sched/G2/sbox_a/n217 1.0192 36.7788
key_sched/G2/sbox_a/n216 0.63525 54.9311
key_sched/G2/sbox_a/n215 1.49975 75.1342
key_sched/G2/sbox_a/n214 0.55545 77.1267
key_sched/G2/sbox_a/n213 0.42525 65.5144
key_sched/G2/sbox_a/n212 0.7945 16.7401
key_sched/G2/sbox_a/n211 0.189 32.4074
key_sched/G2/sbox_a/n210 0.3241 34.5572
key_sched/G2/sbox_a/n209 0.6279 35.0056
key_sched/G2/sbox_a/n208 0.60305 61.1143
key_sched/G2/sbox_a/n207 2.30877 37.2059
key_sched/G2/sbox_a/n206 1.94425 40.5645
key_sched/G2/sbox_a/n205 0.35105 33.471
key_sched/G2/sbox_a/n204 0.6979 72.317
key_sched/G2/sbox_a/n203 0.0882 66.6667
key_sched/G2/sbox_a/n202 2.1616 48.8018
key_sched/G2/sbox_a/n201 1.5456 89.8098
key_sched/G2/sbox_a/n200 0.2485 71.831
key_sched/G2/sbox_a/n199 0.3955 41.1504
key_sched/G2/sbox_a/n198 0.16345 26.3383
key_sched/G2/sbox_a/n197 0.1421 65.7635
key_sched/G2/sbox_a/n196 1.9019 33.3272
key_sched/G2/sbox_a/n195 1.0514 66.012
key_sched/G2/sbox_a/n194 2.5305 37.4343
key_sched/G2/sbox_a/n193 1.7031 23.9519
key_sched/G2/sbox_a/n192 0.623 24.2697
key_sched/G2/sbox_a/n191 0.3647 12.6679
key_sched/G2/sbox_a/n190 1.8375 29.4857
key_sched/G2/sbox_a/n189 2.79405 30.4835
key_sched/G2/sbox_a/n188 0.1015 57.2414
key_sched/G2/sbox_a/n187 1.5085 77.4992
key_sched/G2/sbox_a/n186 0.95025 86.6483
key_sched/G2/sbox_a/n185 0.3493 57.1142
key_sched/G2/sbox_a/n184 0.0784 14.2857
key_sched/G2/sbox_a/n183 1.86165 41.1544
key_sched/G2/sbox_a/n182 0.3976 28.081
key_sched/G2/sbox_a/n181 2.0902 43.0258
key_sched/G2/sbox_a/n180 1.05665 39.7814
key_sched/G2/sbox_a/n179 0.5677 22.688
key_sched/G2/sbox_a/n178 0.1323 0.377929
key_sched/G2/sbox_a/n177 1.5085 18.3875
key_sched/G2/sbox_a/n176 3.2767 40.6751
key_sched/G2/sbox_a/n175 0.8554 77.5777
key_sched/G2/sbox_a/n174 0.2226 47.956
key_sched/G2/sbox_a/n173 0.79485 6.67107
key_sched/G2/sbox_a/n172 0.9415 33.3271
key_sched/G2/sbox_a/n171 0.2128 11.0197
key_sched/G2/sbox_a/n170 0.2359 46.7359
key_sched/G2/sbox_a/n169 0.0735 84.2857
key_sched/G2/sbox_a/n168 0.3325 62.1579
key_sched/G2/sbox_a/n167 1.2831 84.6972
key_sched/G2/sbox_a/n166 0.07175 0
key_sched/G2/sbox_a/n165 0.252 17.5
key_sched/G2/sbox_a/n164 2.3779 56.9473
key_sched/G2/sbox_a/n163 0.2464 30.4687
key_sched/G2/sbox_a/n162 0.5747 27.0706
key_sched/G2/sbox_a/n161 0.8932 46.5713
key_sched/G2/sbox_a/n160 0.2226 38.2075
key_sched/G2/sbox_a/n159 1.4777 52.7712
key_sched/G2/sbox_a/n158 1.5183 38.3011
key_sched/G2/sbox_a/n157 1.1788 74.1686
key_sched/G2/sbox_a/n156 0.1484 43.8679
key_sched/G2/sbox_a/n155 0.9653 14.5033
key_sched/G2/sbox_a/n154 0.52465 83.5223
key_sched/G2/sbox_a/n153 1.5652 95.5948
key_sched/G2/sbox_a/n152 0.0693 0
key_sched/G2/sbox_a/n151 1.9985 56.0245
key_sched/G2/sbox_a/n150 1.526 36.1009
key_sched/G2/sbox_a/n149 0.1855 50.1887
key_sched/G2/sbox_a/n148 2.0426 62.3286
key_sched/G2/sbox_a/n147 0.5285 29.1391
key_sched/G2/sbox_a/n146 0.1715 62.449
key_sched/G2/sbox_a/n145 0.0889 52.3622
key_sched/G2/sbox_a/n144 0.6013 11.0552
key_sched/G2/sbox_a/n143 0.6027 75.813
key_sched/G2/sbox_a/n142 0.2975 37.0588
key_sched/G2/sbox_a/n141 0.57855 38.3848
key_sched/G2/sbox_a/n140 0.1757 83.2669
key_sched/G2/sbox_a/n139 0.15015 53.6131
key_sched/G2/sbox_a/n138 2.6509 44.5867
key_sched/G2/sbox_a/n137 1.2005 20.2207
key_sched/G2/sbox_a/n136 0.3731 15.5856
key_sched/G2/sbox_a/n135 0.05845 0
key_sched/G2/sbox_a/n134 0.2688 20.6008
key_sched/G2/sbox_a/n133 0.1337 62.8272
key_sched/G2/sbox_a/n132 0.0658 0.797872
key_sched/G2/sbox_a/n131 1.6436 51.7888
key_sched/G2/sbox_a/n130 0.2912 51.3221
key_sched/G2/sbox_a/n129 2.80805 76.1062
key_sched/G2/sbox_a/n128 0.0833 52.9412
key_sched/G2/sbox_a/n127 4.84155 81.7254
key_sched/G2/sbox_a/n126 0.6034 13.2541
key_sched/G2/sbox_a/n125 2.2813 59.8957
key_sched/G2/sbox_a/n124 2.7398 60.5218
key_sched/G2/sbox_a/n123 0.7469 62.9335
key_sched/G2/sbox_a/n122 0.1253 50.2793
key_sched/G2/sbox_a/n121 0.12145 37.0317
key_sched/G2/sbox_a/n120 0.1218 26.7241
key_sched/G2/sbox_a/n119 0.4585 13.5878
key_sched/G2/sbox_a/n118 0.7588 36.1426
key_sched/G2/sbox_a/n117 0.19985 69.5271
key_sched/G2/sbox_a/n116 0.329 81.383
key_sched/G2/sbox_a/n115 0.1414 77.9703
key_sched/G2/sbox_a/n114 0.203 44.6552
key_sched/G2/sbox_a/n113 0.0784 62.5
key_sched/G2/sbox_a/n110 0.1015 42.069
key_sched/G2/sbox_a/n109 0.5047 49.0688
key_sched/G2/sbox_a/n108 4.2707 70.218
key_sched/G2/sbox_a/n107 0.5187 33.8731
key_sched/G2/sbox_a/n106 2.0664 16.7683
key_sched/G2/sbox_a/n105 0.5264 61.4362
key_sched/G2/sbox_a/n104 0.3339 41.4046
key_sched/G2/sbox_a/n103 0.08505 36.4198
key_sched/G2/sbox_a/n102 1.30095 32.0958
key_sched/G2/sbox_a/n101 0.0882 47.619
key_sched/G2/sbox_a/n100 0.82845 60.9421
key_sched/G2/sbox_a/n99 0.9443 43.0689
key_sched/G2/sbox_a/n98 0.0994 57.0423
key_sched/G2/sbox_a/n97 0.0917 69.4656
key_sched/G2/sbox_a/n95 0.2723 44.6015
key_sched/G2/sbox_a/n94 2.4808 66.1823
key_sched/G2/sbox_a/n93 1.7633 39.8571
key_sched/G2/sbox_a/n92 2.32768 70.8969
key_sched/G2/sbox_a/n91 0.0133 0
key_sched/G2/sbox_a/n90 0.2324 71.0843
key_sched/G2/sbox_a/n89 2.5382 76.048
key_sched/G2/sbox_a/n88 1.5561 15.036
key_sched/G2/sbox_a/n87 0.5628 32.7736
key_sched/G2/sbox_a/n86 0.32165 53.5365
key_sched/G2/sbox_a/n85 0.3059 37.4142
key_sched/G2/sbox_a/n84 0.4144 62.5
key_sched/G2/sbox_a/n83 0.56315 70.665
key_sched/G2/sbox_a/n82 0.0644 15.2174
key_sched/G2/sbox_a/n81 0.27755 18.5372
key_sched/G2/sbox_a/n80 0.1764 61.1111
key_sched/G2/sbox_a/n79 1.1242 72.0268
key_sched/G2/sbox_a/n78 0.4382 49.6006
key_sched/G2/sbox_a/n77 0.0882 83.3333
key_sched/G2/sbox_a/n76 0.05845 22.7545
key_sched/G2/sbox_a/n75 1.0458 35.743
key_sched/G2/sbox_a/n74 0.0917 24.0458
key_sched/G2/sbox_a/n73 4.5976 73.1882
key_sched/G2/sbox_a/n72 3.6442 79.2355
key_sched/G2/sbox_a/n71 0.4893 37.6967
key_sched/G2/sbox_a/n67 0.11305 60.0619
key_sched/G2/sbox_a/n66 0.3318 73.4177
key_sched/G2/sbox_a/n65 0.4221 33.3333
key_sched/G2/sbox_a/n64 0.0133 0
key_sched/G2/sbox_a/n63 0.09345 69.4757
key_sched/G2/sbox_a/n62 2.4157 98.9858
key_sched/G2/sbox_a/n61 0.105 11.6667
key_sched/G2/sbox_a/n60 0.10185 0
key_sched/G2/sbox_a/n59 0.05845 22.7545
key_sched/G2/sbox_a/n58 2.66945 74.5313
key_sched/G2/sbox_a/n57 0.2114 30.1325
key_sched/G2/sbox_a/n56 1.9726 91.9269
key_sched/G2/sbox_a/n55 0.5817 16.6667
key_sched/G2/sbox_a/n54 1.624 60.528
key_sched/G2/sbox_a/n53 0.26145 17.6037
key_sched/G2/sbox_a/n52 0.161 25.1087
key_sched/G2/sbox_a/n51 1.20085 63.9901
key_sched/G2/sbox_a/n50 0.6125 44.2857
key_sched/G2/sbox_a/n49 2.6838 72.4048
key_sched/G2/sbox_a/n48 0.05845 10.479
key_sched/G2/sbox_a/n47 0.1274 3.70879
key_sched/G2/sbox_a/n44 0.11375 32.1758
key_sched/G2/sbox_a/n43 0.20685 12.0981
key_sched/G2/sbox_a/n42 0.0952 2.75735
key_sched/G2/sbox_a/n41 0.2142 46.732
key_sched/G2/sbox_a/n40 0.32445 57.1737
key_sched/G2/sbox_a/n39 3.2648 83.9891
key_sched/G2/sbox_a/n38 0.0987 34.0426
key_sched/G2/sbox_a/n37 0.2079 53.8721
key_sched/G2/sbox_a/n36 0.0882 0
key_sched/G2/sbox_a/n35 0.2296 51.4482
key_sched/G2/sbox_a/n34 0.0791 21.6814
key_sched/G2/sbox_a/n33 2.5165 33.6668
key_sched/G2/sbox_a/n32 0.1638 5.34188
key_sched/G2/sbox_a/n30 0.05215 14.094
key_sched/G2/sbox_a/n29 0.09485 20.2952
key_sched/G2/sbox_a/n28 0.57995 44.2064
key_sched/G2/sbox_a/n27 0.1897 33.1181
key_sched/G2/sbox_a/n26 0.0917 10.4962
key_sched/G2/sbox_a/n24 0.4816 45.7849
key_sched/G2/sbox_a/n23 0.0133 100
key_sched/G2/sbox_a/n22 0.1757 78.2869
key_sched/G2/sbox_a/n21 1.56975 93.1327
key_sched/G2/sbox_a/n20 2.1693 44.95
key_sched/G2/sbox_a/n19 0.105 51.3333
key_sched/G2/sbox_a/n17 0.0917 39.8855
key_sched/G2/sbox_a/n16 0.2205 42.8571
key_sched/G2/sbox_a/n13 0.0784 81.25
key_sched/G2/sbox_a/n12 0.0826 45.7627
key_sched/G2/sbox_a/n11 1.74195 60.4179
key_sched/G2/sbox_a/n10 0.1309 77.5401
key_sched/G2/sbox_a/n9 0.1841 80.7985
key_sched/G2/sbox_a/n8 0.1512 54.1667
key_sched/G2/sbox_a/n7 0.1225 63.4286
key_sched/G2/sbox_a/n6 0.1015 95.1724
key_sched/G2/sbox_a/n5 0.11585 86.4048
key_sched/G2/sbox_a/n4 0.1708 26.5369
key_sched/G2/sbox_a/n3 0.05845 8.38323
key_sched/G2/sbox_b/n396 0.7896 1.77305
key_sched/G2/sbox_b/n395 1.4658 84.6466
key_sched/G2/sbox_b/n394 0.1897 53.1365
key_sched/G2/sbox_b/n393 0.4179 72.4456
key_sched/G2/sbox_b/n392 2.35795 51.1801
key_sched/G2/sbox_b/n391 0.58765 56.9684
key_sched/G2/sbox_b/n390 0.4284 30.8824
key_sched/G2/sbox_b/n389 0.85645 54.5157
key_sched/G2/sbox_b/n388 2.91935 39.7135
key_sched/G2/sbox_b/n387 0.3262 20.3863
key_sched/G2/sbox_b/n386 0.05845 60.1796
key_sched/G2/sbox_b/n385 1.72725 43.7791
key_sched/G2/sbox_b/n384 0.1407 72.3881
key_sched/G2/sbox_b/n383 0.5873 35.1609
key_sched/G2/sbox_b/n382 0.3353 37.3695
key_sched/G2/sbox_b/n381 3.39115 90.8453
key_sched/G2/sbox_b/n380 0.08645 66.1943
key_sched/G2/sbox_b/n379 6.27095 83.1529
key_sched/G2/sbox_b/n378 0.1463 55.0239
key_sched/G2/sbox_b/n377 1.60615 68.9148
key_sched/G2/sbox_b/n376 2.55255 64.9664
key_sched/G2/sbox_b/n375 1.06855 46.3315
key_sched/G2/sbox_b/n374 1.3685 89.1304
key_sched/G2/sbox_b/n373 0.8701 62.0101
key_sched/G2/sbox_b/n372 0.5145 51.7687
key_sched/G2/sbox_b/n371 0.4718 27.2997
key_sched/G2/sbox_b/n370 1.1781 16.637
key_sched/G2/sbox_b/n369 1.47035 54.1776
key_sched/G2/sbox_b/n368 6.40045 81.6427
key_sched/G2/sbox_b/n367 1.0311 92.7359
key_sched/G2/sbox_b/n366 0.17675 8.61386
key_sched/G2/sbox_b/n365 0.3458 27.6316
key_sched/G2/sbox_b/n364 0.119 40.8824
key_sched/G2/sbox_b/n363 1.372 10.02
key_sched/G2/sbox_b/n362 0.1085 0
key_sched/G2/sbox_b/n361 0.0819 10.4701
key_sched/G2/sbox_b/n360 0.7497 53.7448
key_sched/G2/sbox_b/n359 1.6352 23.0522
key_sched/G2/sbox_b/n358 2.36985 47.1053
key_sched/G2/sbox_b/n357 0.3451 51.7241
key_sched/G2/sbox_b/n356 0.7574 54.6211
key_sched/G2/sbox_b/n355 0.056 12.5
key_sched/G2/sbox_b/n354 0.2562 39.4126
key_sched/G2/sbox_b/n353 2.28725 91.293
key_sched/G2/sbox_b/n352 3.07878 69.6698
key_sched/G2/sbox_b/n351 0.0819 31.1966
key_sched/G2/sbox_b/n350 4.18285 66.4625
key_sched/G2/sbox_b/n349 1.9586 44.5854
key_sched/G2/sbox_b/n348 2.2029 18.4541
key_sched/G2/sbox_b/n347 0.3843 49.2714
key_sched/G2/sbox_b/n346 1.44235 48.5319
key_sched/G2/sbox_b/n345 0.98245 35.0552
key_sched/G2/sbox_b/n344 1.72795 84.0114
key_sched/G2/sbox_b/n343 0.5019 26.1158
key_sched/G2/sbox_b/n342 0.1281 52.3614
key_sched/G2/sbox_b/n341 3.4958 80.1726
key_sched/G2/sbox_b/n340 0.1316 37.367
key_sched/G2/sbox_b/n339 2.4213 43.9433
key_sched/G2/sbox_b/n338 5.4768 75.2365
key_sched/G2/sbox_b/n337 0.4599 23.2877
key_sched/G2/sbox_b/n336 0.301 79.4186
key_sched/G2/sbox_b/n335 1.25545 80.3178
key_sched/G2/sbox_b/n334 0.0959 67.1533
key_sched/G2/sbox_b/n333 0.0658 43.3511
key_sched/G2/sbox_b/n332 1.05595 11.5015
key_sched/G2/sbox_b/n331 0.94605 57.7506
key_sched/G2/sbox_b/n330 0.8092 20.4152
key_sched/G2/sbox_b/n329 0.9387 13.05
key_sched/G2/sbox_b/n328 2.54345 52.2361
key_sched/G2/sbox_b/n327 1.6835 17.8274
key_sched/G2/sbox_b/n326 0.41125 45.9149
key_sched/G2/sbox_b/n325 0.2891 58.2324
key_sched/G2/sbox_b/n324 2.3849 82.0223
key_sched/G2/sbox_b/n323 0.8911 21.524
key_sched/G2/sbox_b/n322 0.59185 43.7611
key_sched/G2/sbox_b/n321 0.4333 7.18901
key_sched/G2/sbox_b/n320 0.04865 0
key_sched/G2/sbox_b/n319 1.3846 40.6218
key_sched/G2/sbox_b/n318 1.3552 60.124
key_sched/G2/sbox_b/n317 0.7924 42.6458
key_sched/G2/sbox_b/n316 0.38605 33.3636
key_sched/G2/sbox_b/n315 0.1015 53.7931
key_sched/G2/sbox_b/n314 0.3283 50.7463
key_sched/G2/sbox_b/n313 2.1014 45.7278
key_sched/G2/sbox_b/n312 0.1638 51.9231
key_sched/G2/sbox_b/n311 1.1046 64.3219
key_sched/G2/sbox_b/n310 0.9429 34.3356
key_sched/G2/sbox_b/n309 1.1844 4.60993
key_sched/G2/sbox_b/n308 0.5971 36.5182
key_sched/G2/sbox_b/n307 0.518 42.7703
key_sched/G2/sbox_b/n306 0.16695 17.6101
key_sched/G2/sbox_b/n305 1.2145 52.4578
key_sched/G2/sbox_b/n304 1.55155 25.1748
key_sched/G2/sbox_b/n303 0.8848 25.3758
key_sched/G2/sbox_b/n302 3.63685 78.0098
key_sched/G2/sbox_b/n301 3.1948 89.3295
key_sched/G2/sbox_b/n300 0.2037 16.1512
key_sched/G2/sbox_b/n299 0.1351 26.2953
key_sched/G2/sbox_b/n298 0.2037 46.5636
key_sched/G2/sbox_b/n297 0.54705 42.8343
key_sched/G2/sbox_b/n296 0.87185 46.2264
key_sched/G2/sbox_b/n295 2.8714 82.1855
key_sched/G2/sbox_b/n294 1.8438 23.0028
key_sched/G2/sbox_b/n293 1.58655 39.9294
key_sched/G2/sbox_b/n292 1.20155 89.0475
key_sched/G2/sbox_b/n291 0.2254 58.6957
key_sched/G2/sbox_b/n290 1.05665 14.5081
key_sched/G2/sbox_b/n289 0.056 30.625
key_sched/G2/sbox_b/n288 0.1323 23.2804
key_sched/G2/sbox_b/n287 0.1106 16.4557
key_sched/G2/sbox_b/n286 0.13545 32.2997
key_sched/G2/sbox_b/n285 0.63175 23.9889
key_sched/G2/sbox_b/n284 1.5988 22.0665
key_sched/G2/sbox_b/n283 2.8231 69.9975
key_sched/G2/sbox_b/n282 1.45075 19.5537
key_sched/G2/sbox_b/n281 2.7167 57.0794
key_sched/G2/sbox_b/n280 2.32295 42.1372
key_sched/G2/sbox_b/n279 0.8183 49.1232
key_sched/G2/sbox_b/n278 0.1456 46.875
key_sched/G2/sbox_b/n277 1.40945 59.7095
key_sched/G2/sbox_b/n276 0.2457 73.2194
key_sched/G2/sbox_b/n275 4.4037 71.4831
key_sched/G2/sbox_b/n274 0.1148 42.8354
key_sched/G2/sbox_b/n273 1.5071 55.2485
key_sched/G2/sbox_b/n272 0.6314 35.0808
key_sched/G2/sbox_b/n271 1.9054 85.7274
key_sched/G2/sbox_b/n270 0.89565 51.1333
key_sched/G2/sbox_b/n269 0.2877 44.6472
key_sched/G2/sbox_b/n268 1.0087 57.5642
key_sched/G2/sbox_b/n267 1.0129 49.067
key_sched/G2/sbox_b/n266 4.99065 74.3861
key_sched/G2/sbox_b/n265 0.454125 75.2601
key_sched/G2/sbox_b/n264 5.2283 86.8791
key_sched/G2/sbox_b/n263 1.2012 48.5431
key_sched/G2/sbox_b/n262 0.63 51
key_sched/G2/sbox_b/n261 3.8717 79.9449
key_sched/G2/sbox_b/n260 0.1127 92.236
key_sched/G2/sbox_b/n259 3.99035 63.4581
key_sched/G2/sbox_b/n258 1.68315 74.8388
key_sched/G2/sbox_b/n257 0.31955 3.83352
key_sched/G2/sbox_b/n256 0.07175 28.1533
key_sched/G2/sbox_b/n255 0.4123 37.4181
key_sched/G2/sbox_b/n254 0.7889 53.3274
key_sched/G2/sbox_b/n253 2.1392 79.8792
key_sched/G2/sbox_b/n252 0.1414 25.1238
key_sched/G2/sbox_b/n251 2.08915 12.4895
key_sched/G2/sbox_b/n250 2.0069 31.3394
key_sched/G2/sbox_b/n249 1.0731 28.3268
key_sched/G2/sbox_b/n248 0.4592 22.1037
key_sched/G2/sbox_b/n247 1.393 19.9623
key_sched/G2/sbox_b/n246 0.14385 23.3577
key_sched/G2/sbox_b/n245 2.90185 51.1579
key_sched/G2/sbox_b/n244 0.0644 0
key_sched/G2/sbox_b/n243 0.27615 43.9163
key_sched/G2/sbox_b/n242 2.34605 53.5123
key_sched/G2/sbox_b/n241 0.5383 15.5397
key_sched/G2/sbox_b/n240 2.16125 20.7773
key_sched/G2/sbox_b/n239 1.6366 57.8486
key_sched/G2/sbox_b/n238 2.5081 41.4248
key_sched/G2/sbox_b/n237 2.31455 63.8213
key_sched/G2/sbox_b/n236 2.4822 24.5417
key_sched/G2/sbox_b/n235 0.1015 3.7931
key_sched/G2/sbox_b/n234 1.32825 16.6798
key_sched/G2/sbox_b/n233 1.33945 57.5908
key_sched/G2/sbox_b/n232 3.40112 66.4831
key_sched/G2/sbox_b/n231 0.59185 32.7025
key_sched/G2/sbox_b/n230 0.27685 7.16995
key_sched/G2/sbox_b/n229 0.12495 68.0672
key_sched/G2/sbox_b/n228 0.6545 70.2406
key_sched/G2/sbox_b/n227 1.6464 48.7883
key_sched/G2/sbox_b/n226 0.1876 22.1082
key_sched/G2/sbox_b/n225 4.31917 76.5001
key_sched/G2/sbox_b/n224 0.2877 0.912409
key_sched/G2/sbox_b/n223 0.1526 38.3028
key_sched/G2/sbox_b/n222 0.52815 5.83168
key_sched/G2/sbox_b/n221 0.13615 8.22622
key_sched/G2/sbox_b/n220 0.4879 47.1306
key_sched/G2/sbox_b/n219 1.73005 55.4016
key_sched/G2/sbox_b/n218 0.26915 17.6203
key_sched/G2/sbox_b/n217 0.7476 42.603
key_sched/G2/sbox_b/n216 2.49305 43.6854
key_sched/G2/sbox_b/n215 4.4583 80.0148
key_sched/G2/sbox_b/n214 0.48615 17.3146
key_sched/G2/sbox_b/n213 0.2604 45.2285
key_sched/G2/sbox_b/n212 0.4984 55.6882
key_sched/G2/sbox_b/n211 0.364 12.7473
key_sched/G2/sbox_b/n210 2.55815 61.649
key_sched/G2/sbox_b/n209 0.26915 60.143
key_sched/G2/sbox_b/n208 2.2701 21.3085
key_sched/G2/sbox_b/n207 0.9149 41.7942
key_sched/G2/sbox_b/n206 0.8337 31.0873
key_sched/G2/sbox_b/n205 0.203 28.5345
key_sched/G2/sbox_b/n204 0.3024 35.5324
key_sched/G2/sbox_b/n203 1.1571 43.1337
key_sched/G2/sbox_b/n202 0.1491 44.8357
key_sched/G2/sbox_b/n201 0.1358 0
key_sched/G2/sbox_b/n200 1.4735 65.6295
key_sched/G2/sbox_b/n199 1.1865 54.0855
key_sched/G2/sbox_b/n198 0.44695 22.9836
key_sched/G2/sbox_b/n197 0.0952 21.875
key_sched/G2/sbox_b/n196 1.1977 9.38048
key_sched/G2/sbox_b/n195 1.93725 20.9485
key_sched/G2/sbox_b/n194 2.5305 52.6833
key_sched/G2/sbox_b/n193 0.0882 11.9048
key_sched/G2/sbox_b/n192 1.2285 81.8661
key_sched/G2/sbox_b/n191 0.6958 56.8159
key_sched/G2/sbox_b/n190 1.4378 67.6241
key_sched/G2/sbox_b/n189 0.1505 39.186
key_sched/G2/sbox_b/n188 0.3808 27.8033
key_sched/G2/sbox_b/n187 0.11445 18.8073
key_sched/G2/sbox_b/n186 0.1015 48.1034
key_sched/G2/sbox_b/n185 4.28715 55.9923
key_sched/G2/sbox_b/n184 0.3353 59.8643
key_sched/G2/sbox_b/n183 0.08435 68.8797
key_sched/G2/sbox_b/n182 0.2114 17.3013
key_sched/G2/sbox_b/n181 0.9919 33.2745
key_sched/G2/sbox_b/n180 0.301 16.686
key_sched/G2/sbox_b/n179 1.4077 15.813
key_sched/G2/sbox_b/n178 0.2184 14.8237
key_sched/G2/sbox_b/n177 2.8427 67.9987
key_sched/G2/sbox_b/n176 5.3648 61.8476
key_sched/G2/sbox_b/n175 1.11965 48.8278
key_sched/G2/sbox_b/n174 0.23765 36.377
key_sched/G2/sbox_b/n173 0.105 25.6667
key_sched/G2/sbox_b/n172 2.0258 82.8093
key_sched/G2/sbox_b/n171 0.8673 26.9169
key_sched/G2/sbox_b/n170 0.1897 12.6384
key_sched/G2/sbox_b/n169 0.1106 29.7468
key_sched/G2/sbox_b/n168 0.3087 23.0159
key_sched/G2/sbox_b/n167 0.7 43.15
key_sched/G2/sbox_b/n166 0.15925 62.3077
key_sched/G2/sbox_b/n165 1.00905 84.9636
key_sched/G2/sbox_b/n164 2.90885 27.8968
key_sched/G2/sbox_b/n163 1.10495 4.05448
key_sched/G2/sbox_b/n162 1.603 41.5939
key_sched/G2/sbox_b/n161 0.58975 27.9525
key_sched/G2/sbox_b/n160 0.9933 14.623
key_sched/G2/sbox_b/n159 1.5463 88.7958
key_sched/G2/sbox_b/n158 0.3948 6.4273
key_sched/G2/sbox_b/n157 1.1466 31.2424
key_sched/G2/sbox_b/n156 0.18795 2.04842
key_sched/G2/sbox_b/n155 2.65002 54.7212
key_sched/G2/sbox_b/n154 0.2702 33.3087
key_sched/G2/sbox_b/n153 2.5277 71.6422
key_sched/G2/sbox_b/n152 0.8547 23.1163
key_sched/G2/sbox_b/n151 0.0875 34.8
key_sched/G2/sbox_b/n150 0.16835 34.9272
key_sched/G2/sbox_b/n149 0.4319 72.7715
key_sched/G2/sbox_b/n148 0.4599 9.39878
key_sched/G2/sbox_b/n147 0.9492 35.5642
key_sched/G2/sbox_b/n146 0.1841 43.251
key_sched/G2/sbox_b/n145 1.56835 34.2781
key_sched/G2/sbox_b/n144 1.3895 82.5441
key_sched/G2/sbox_b/n143 0.3367 8.93971
key_sched/G2/sbox_b/n142 0.1281 7.51366
key_sched/G2/sbox_b/n141 1.3993 56.028
key_sched/G2/sbox_b/n140 0.30065 37.1944
key_sched/G2/sbox_b/n139 0.812 91.1207
key_sched/G2/sbox_b/n138 0.1085 68.2258
key_sched/G2/sbox_b/n137 0.5075 70.5517
key_sched/G2/sbox_b/n136 0.5901 100
key_sched/G2/sbox_b/n135 0.3906 27.3746
key_sched/G2/sbox_b/n134 1.05682 78.3621
key_sched/G2/sbox_b/n133 0.0693 66.6667
key_sched/G2/sbox_b/n132 0.3507 50.499
key_sched/G2/sbox_b/n131 0.0791 24.115
key_sched/G2/sbox_b/n130 2.83815 57.2327
key_sched/G2/sbox_b/n129 0.105 39.3333
key_sched/G2/sbox_b/n128 0.7273 69.5861
key_sched/G2/sbox_b/n127 0.882 64.1071
key_sched/G2/sbox_b/n126 0.29785 18.9777
key_sched/G2/sbox_b/n125 3.9893 76.3599
key_sched/G2/sbox_b/n124 2.3093 75.1364
key_sched/G2/sbox_b/n123 1.7486 12.2798
key_sched/G2/sbox_b/n122 0.1148 9.90854
key_sched/G2/sbox_b/n121 0.23135 35.6278
key_sched/G2/sbox_b/n120 0.80325 44.7463
key_sched/G2/sbox_b/n119 0.056 8.4375
key_sched/G2/sbox_b/n118 1.8634 83.0525
key_sched/G2/sbox_b/n117 0.57365 46.2477
key_sched/G2/sbox_b/n116 0.5285 34.2384
key_sched/G2/sbox_b/n115 0.0525 60.6667
key_sched/G2/sbox_b/n114 0.2954 23.3412
key_sched/G2/sbox_b/n113 0.1225 40.8571
key_sched/G2/sbox_b/n112 1.7108 41.862
key_sched/G2/sbox_b/n111 5.47015 59.2936
key_sched/G2/sbox_b/n110 0.4781 16.6545
key_sched/G2/sbox_b/n109 1.4889 60.2022
key_sched/G2/sbox_b/n108 0.9653 12.6722
key_sched/G2/sbox_b/n107 1.9845 73.2716
key_sched/G2/sbox_b/n106 0.50365 48.7144
key_sched/G2/sbox_b/n105 5.8303 86.3369
key_sched/G2/sbox_b/n104 0.65485 45.7509
key_sched/G2/sbox_b/n103 3.8759 69.9205
key_sched/G2/sbox_b/n102 1.7374 44.3795
key_sched/G2/sbox_b/n101 0.1218 26.4368
key_sched/G2/sbox_b/n100 1.74265 32.0747
key_sched/G2/sbox_b/n99 1.5162 90.0277
key_sched/G2/sbox_b/n98 0.2023 75.7785
key_sched/G2/sbox_b/n97 0.6461 21.6685
key_sched/G2/sbox_b/n96 0.6531 51.5005
key_sched/G2/sbox_b/n95 0.8162 39.5583
key_sched/G2/sbox_b/n94 0.31185 53.7598
key_sched/G2/sbox_b/n93 0.2471 44.1926
key_sched/G2/sbox_b/n92 0.3878 41.2455
key_sched/G2/sbox_b/n91 6.1859 72.8698
key_sched/G2/sbox_b/n90 0.2296 85.8232
key_sched/G2/sbox_b/n89 0.7231 17.304
key_sched/G2/sbox_b/n88 3.07965 87.4133
key_sched/G2/sbox_b/n87 2.75765 52.1069
key_sched/G2/sbox_b/n86 3.3957 78.0664
key_sched/G2/sbox_b/n85 0.3388 28.874
key_sched/G2/sbox_b/n84 0.6384 39.6656
key_sched/G2/sbox_b/n83 0.54775 84.7923
key_sched/G2/sbox_b/n82 0.4753 44.1826
key_sched/G2/sbox_b/n81 0.105 2.33333
key_sched/G2/sbox_b/n80 1.29535 26.3037
key_sched/G2/sbox_b/n79 1.54875 64.9266
key_sched/G2/sbox_b/n78 0.5026 79.805
key_sched/G2/sbox_b/n77 3.51365 87.5087
key_sched/G2/sbox_b/n76 0.49105 44.9751
key_sched/G2/sbox_b/n75 4.3771 67.7555
key_sched/G2/sbox_b/n74 3.92105 81.7689
key_sched/G2/sbox_b/n73 0.1183 14.7929
key_sched/G2/sbox_b/n72 0.2212 37.9747
key_sched/G2/sbox_b/n71 0.21665 18.9015
key_sched/G2/sbox_b/n70 0.0819 3.84615
key_sched/G2/sbox_b/n69 0.8015 18.2533
key_sched/G2/sbox_b/n68 1.3251 31.775
key_sched/G2/sbox_b/n67 1.7801 68.895
key_sched/G2/sbox_b/n66 0.252 3.33333
key_sched/G2/sbox_b/n65 0.2191 66.7732
key_sched/G2/sbox_b/n64 0.98105 72.2797
key_sched/G2/sbox_b/n63 0.13545 50.646
key_sched/G2/sbox_b/n62 1.7913 35.47
key_sched/G2/sbox_b/n61 0.4403 57.2734
key_sched/G2/sbox_b/n60 0.20125 68
key_sched/G2/sbox_b/n59 0.056 8.75
key_sched/G2/sbox_b/n58 0.1015 44.8276
key_sched/G2/sbox_b/n57 1.46475 59.1876
key_sched/G2/sbox_b/n56 3.91405 80.4569
key_sched/G2/sbox_b/n55 2.65825 87.9921
key_sched/G2/sbox_b/n54 3.86085 82.9215
key_sched/G2/sbox_b/n53 0.59325 58.7316
key_sched/G2/sbox_b/n52 2.2771 58.3846
key_sched/G2/sbox_b/n51 0.43645 61.668
key_sched/G2/sbox_b/n50 0.14175 45.1852
key_sched/G2/sbox_b/n49 1.4266 62.8557
key_sched/G2/sbox_b/n48 0.1582 58.2965
key_sched/G2/sbox_b/n47 0.1239 63.8418
key_sched/G2/sbox_b/n46 0.5047 64.5631
key_sched/G2/sbox_b/n45 1.1179 84.5335
key_sched/G2/sbox_b/n44 0.08855 19.3676
key_sched/G2/sbox_b/n43 0.1344 57.8125
key_sched/G2/sbox_b/n42 0.6727 43.7565
key_sched/G2/sbox_b/n41 0.315 21.9048
key_sched/G2/sbox_b/n40 0.0756 29.6296
key_sched/G2/sbox_b/n39 0.1414 26.9802
key_sched/G2/sbox_b/n38 0.65345 72.6031
key_sched/G2/sbox_b/n37 0.21 39.6667
key_sched/G2/sbox_b/n36 0.1645 26.7933
key_sched/G2/sbox_b/n35 0.6146 47.3235
key_sched/G2/sbox_b/n34 0.0882 38.8889
key_sched/G2/sbox_b/n33 0.7504 58.5821
key_sched/G2/sbox_b/n32 4.52165 77.626
key_sched/G2/sbox_b/n31 1.6737 14.0527
key_sched/G2/sbox_b/n30 0.6349 68.3572
key_sched/G2/sbox_b/n29 0.5649 29.4919
key_sched/G2/sbox_b/n28 1.22797 21.7187
key_sched/G2/sbox_b/n27 0.1351 5.44041
key_sched/G2/sbox_b/n26 0.04515 12.7907
key_sched/G2/sbox_b/n25 2.67855 92.9701
key_sched/G2/sbox_b/n24 0.15645 55.5928
key_sched/G2/sbox_b/n23 1.2908 73.346
key_sched/G2/sbox_b/n22 0.0917 0
key_sched/G2/sbox_b/n21 0.259 81.0811
key_sched/G2/sbox_b/n20 0.10185 7.21649
key_sched/G2/sbox_b/n19 0.32305 43.8787
key_sched/G2/sbox_b/n18 2.01145 84.2092
key_sched/G2/sbox_b/n17 0.4823 28.447
key_sched/G2/sbox_b/n16 4.4583 75.1452
key_sched/G2/sbox_b/n15 0.32655 36.0665
key_sched/G2/sbox_b/n14 0.056 65
key_sched/G2/sbox_b/n13 1.18405 65.7426
key_sched/G2/sbox_b/n12 4.8328 81.9416
key_sched/G2/sbox_b/n11 0.1246 24.5787
key_sched/G2/sbox_b/n10 0.3766 17.5385
key_sched/G2/sbox_b/n9 0.4074 44.7595
key_sched/G2/sbox_b/n8 0.2261 11.3003
key_sched/G2/sbox_b/n7 0.4522 56.8885
key_sched/G2/sbox_b/n6 0.2037 83.3333
key_sched/G2/sbox_b/n5 0.5327 96.3206
key_sched/G2/sbox_b/n4 0.35245 87.1897
key_sched/G2/sbox_b/n3 0.2275 18
key_sched/G2/sbox_b/n2 0.3983 95.0791
key_sched/G2/sbox_b/n1 0.0133 63.1579
key_sched/G2/sbox_c/n390 0.2625 41.5333
key_sched/G2/sbox_c/n389 1.1088 68.3396
key_sched/G2/sbox_c/n388 0.2142 67.9739
key_sched/G2/sbox_c/n387 0.1232 27.8409
key_sched/G2/sbox_c/n386 1.3622 34.7636
key_sched/G2/sbox_c/n385 0.7161 24.3402
key_sched/G2/sbox_c/n384 1.74265 74.3021
key_sched/G2/sbox_c/n383 0.5502 41.6258
key_sched/G2/sbox_c/n382 0.8533 17.4792
key_sched/G2/sbox_c/n381 3.423 51.4315
key_sched/G2/sbox_c/n380 0.3815 22.4705
key_sched/G2/sbox_c/n379 1.5561 52.2524
key_sched/G2/sbox_c/n378 0.31115 37.8515
key_sched/G2/sbox_c/n377 0.5215 35.4362
key_sched/G2/sbox_c/n376 4.05335 82.5188
key_sched/G2/sbox_c/n375 0.98875 54.6549
key_sched/G2/sbox_c/n374 1.95405 94.9848
key_sched/G2/sbox_c/n373 1.9026 75.4875
key_sched/G2/sbox_c/n372 0.4249 71.911
key_sched/G2/sbox_c/n371 1.4973 56.0225
key_sched/G2/sbox_c/n370 0.105 2.33333
key_sched/G2/sbox_c/n369 0.0658 18.617
key_sched/G2/sbox_c/n368 4.52445 79.2527
key_sched/G2/sbox_c/n367 6.42915 70.4638
key_sched/G2/sbox_c/n366 0.1092 29.1667
key_sched/G2/sbox_c/n365 2.67558 12.5253
key_sched/G2/sbox_c/n364 3.3369 71.4286
key_sched/G2/sbox_c/n363 0.2541 17.4931
key_sched/G2/sbox_c/n362 2.22495 29.2591
key_sched/G2/sbox_c/n361 1.2922 59.5341
key_sched/G2/sbox_c/n360 0.3374 33.9212
key_sched/G2/sbox_c/n359 0.1393 51.5075
key_sched/G2/sbox_c/n358 0.2709 41.6667
key_sched/G2/sbox_c/n357 0.35 4.6
key_sched/G2/sbox_c/n356 3.2942 78.3855
key_sched/G2/sbox_c/n355 2.26765 65.0056
key_sched/G2/sbox_c/n354 0.06195 0.564972
key_sched/G2/sbox_c/n353 1.69435 82.483
key_sched/G2/sbox_c/n352 0.9548 65.9457
key_sched/G2/sbox_c/n351 0.483 47.8261
key_sched/G2/sbox_c/n350 0.1022 1.5411
key_sched/G2/sbox_c/n349 1.28905 38.4469
key_sched/G2/sbox_c/n348 0.05845 2.99401
key_sched/G2/sbox_c/n347 0.1015 31.5517
key_sched/G2/sbox_c/n346 3.91895 71.4343
key_sched/G2/sbox_c/n345 5.4726 86.7997
key_sched/G2/sbox_c/n344 3.3509 54.5988
key_sched/G2/sbox_c/n343 3.4587 75.9158
key_sched/G2/sbox_c/n342 4.6018 62.8156
key_sched/G2/sbox_c/n341 1.1578 8.26784
key_sched/G2/sbox_c/n340 2.5284 64.4934
key_sched/G2/sbox_c/n339 1.7262 38.2502
key_sched/G2/sbox_c/n338 0.50925 79.1065
key_sched/G2/sbox_c/n337 1.5113 41.5123
key_sched/G2/sbox_c/n336 0.3409 31.9302
key_sched/G2/sbox_c/n335 0.3997 83.6252
key_sched/G2/sbox_c/n334 0.56 65.6875
key_sched/G2/sbox_c/n333 0.05845 46.1078
key_sched/G2/sbox_c/n332 0.0959 52.3723
key_sched/G2/sbox_c/n331 0.2597 27.5606
key_sched/G2/sbox_c/n330 2.88365 49.5058
key_sched/G2/sbox_c/n329 2.31595 27.1573
key_sched/G2/sbox_c/n328 0.5726 18.0318
key_sched/G2/sbox_c/n327 0.9968 3.01966
key_sched/G2/sbox_c/n326 2.83622 76.541
key_sched/G2/sbox_c/n325 0.35385 29.2285
key_sched/G2/sbox_c/n324 3.2669 61.0234
key_sched/G2/sbox_c/n323 0.5376 43.3594
key_sched/G2/sbox_c/n322 7.1806 67.5278
key_sched/G2/sbox_c/n321 1.5785 26.3335
key_sched/G2/sbox_c/n320 1.1102 23.9912
key_sched/G2/sbox_c/n319 0.0133 0
key_sched/G2/sbox_c/n318 0.85715 39.2201
key_sched/G2/sbox_c/n317 1.7136 57.6593
key_sched/G2/sbox_c/n316 0.1015 36.3793
key_sched/G2/sbox_c/n315 0.1379 26.3959
key_sched/G2/sbox_c/n314 1.26735 47.0036
key_sched/G2/sbox_c/n313 2.11085 42.1821
key_sched/G2/sbox_c/n312 0.2436 17.5287
key_sched/G2/sbox_c/n311 0.6405 41.1475
key_sched/G2/sbox_c/n310 0.6356 39.7852
key_sched/G2/sbox_c/n309 0.6349 24.8346
key_sched/G2/sbox_c/n308 1.92045 41.1974
key_sched/G2/sbox_c/n307 2.6012 69.7524
key_sched/G2/sbox_c/n306 0.8197 60.1623
key_sched/G2/sbox_c/n305 1.4112 37.9836
key_sched/G2/sbox_c/n304 7.33425 83.6776
key_sched/G2/sbox_c/n303 2.6747 48.3185
key_sched/G2/sbox_c/n302 0.4683 47.0852
key_sched/G2/sbox_c/n301 3.09085 77.4884
key_sched/G2/sbox_c/n300 0.31395 30.379
key_sched/G2/sbox_c/n299 0.3171 13.2293
key_sched/G2/sbox_c/n298 0.51415 60.0068
key_sched/G2/sbox_c/n297 2.1182 34.6993
key_sched/G2/sbox_c/n296 3.9039 61.6384
key_sched/G2/sbox_c/n295 0.4697 32.8348
key_sched/G2/sbox_c/n294 0.1708 50.6148
key_sched/G2/sbox_c/n293 0.2485 41.2676
key_sched/G2/sbox_c/n292 0.31605 8.80399
key_sched/G2/sbox_c/n291 2.18855 81.1211
key_sched/G2/sbox_c/n290 0.19215 53.5519
key_sched/G2/sbox_c/n289 0.7749 86.5402
key_sched/G2/sbox_c/n288 0.1981 55.477
key_sched/G2/sbox_c/n287 0.4886 50.1433
key_sched/G2/sbox_c/n286 0.1148 60.8232
key_sched/G2/sbox_c/n285 1.1641 3.84847
key_sched/G2/sbox_c/n284 0.05845 8.38323
key_sched/G2/sbox_c/n283 0.0994 58.4507
key_sched/G2/sbox_c/n282 3.74255 38.3709
key_sched/G2/sbox_c/n281 0.64855 44.7113
key_sched/G2/sbox_c/n280 3.4881 86.3787
key_sched/G2/sbox_c/n279 0.0868 31.4516
key_sched/G2/sbox_c/n278 1.62015 76.9821
key_sched/G2/sbox_c/n277 0.4186 42.9766
key_sched/G2/sbox_c/n276 0.3052 43.3486
key_sched/G2/sbox_c/n275 0.9884 32.5071
key_sched/G2/sbox_c/n274 0.9555 83.8462
key_sched/G2/sbox_c/n273 3.16715 78.1965
key_sched/G2/sbox_c/n272 0.1624 57.4353
key_sched/G2/sbox_c/n271 1.6359 73.8768
key_sched/G2/sbox_c/n270 0.2254 35.4037
key_sched/G2/sbox_c/n269 0.3731 57.5047
key_sched/G2/sbox_c/n268 1.0381 8.59744
key_sched/G2/sbox_c/n267 1.10985 72.7846
key_sched/G2/sbox_c/n266 0.0819 11.7521
key_sched/G2/sbox_c/n265 0.9457 8.58623
key_sched/G2/sbox_c/n264 0.2527 49.8615
key_sched/G2/sbox_c/n263 0.385 25.8182
key_sched/G2/sbox_c/n262 0.1148 51.2195
key_sched/G2/sbox_c/n261 3.6925 63.5748
key_sched/G2/sbox_c/n260 4.62805 61.3514
key_sched/G2/sbox_c/n259 4.20175 52.5489
key_sched/G2/sbox_c/n258 3.65785 66.3477
key_sched/G2/sbox_c/n257 2.37755 40.2105
key_sched/G2/sbox_c/n256 1.11895 57.335
key_sched/G2/sbox_c/n255 1.0871 20.0258
key_sched/G2/sbox_c/n254 0.4452 51.1792
key_sched/G2/sbox_c/n253 5.95595 81.9504
key_sched/G2/sbox_c/n252 0.4053 40.1554
key_sched/G2/sbox_c/n251 0.5047 11.6505
key_sched/G2/sbox_c/n250 0.0917 5.34351
key_sched/G2/sbox_c/n249 0.1057 11.4238
key_sched/G2/sbox_c/n248 1.3972 32.7781
key_sched/G2/sbox_c/n247 1.41225 33.4449
key_sched/G2/sbox_c/n246 0.812 18.0603
key_sched/G2/sbox_c/n245 1.09235 18.8287
key_sched/G2/sbox_c/n244 0.35 8.9
key_sched/G2/sbox_c/n243 4.4835 68.993
key_sched/G2/sbox_c/n242 1.4693 52.1201
key_sched/G2/sbox_c/n241 5.1569 81.5223
key_sched/G2/sbox_c/n240 0.51415 27.0592
key_sched/G2/sbox_c/n239 1.8536 63.6896
key_sched/G2/sbox_c/n238 5.1177 41.9847
key_sched/G2/sbox_c/n237 0.7546 18.2746
key_sched/G2/sbox_c/n236 0.0952 19.4853
key_sched/G2/sbox_c/n235 1.8298 47.773
key_sched/G2/sbox_c/n234 0.8022 50.9599
key_sched/G2/sbox_c/n233 0.54005 13.7672
key_sched/G2/sbox_c/n232 1.0374 72.1323
key_sched/G2/sbox_c/n231 0.2016 52.0833
key_sched/G2/sbox_c/n230 0.9121 62.855
key_sched/G2/sbox_c/n229 0.0917 83.9695
key_sched/G2/sbox_c/n228 1.1802 63.0486
key_sched/G2/sbox_c/n227 0.3178 50.5507
key_sched/G2/sbox_c/n226 0.8932 4.15361
key_sched/G2/sbox_c/n225 1.4532 43.6777
key_sched/G2/sbox_c/n224 0.11515 0
key_sched/G2/sbox_c/n223 5.8905 77.6946
key_sched/G2/sbox_c/n222 0.58695 10.9123
key_sched/G2/sbox_c/n221 0.78085 13.4693
key_sched/G2/sbox_c/n220 1.0948 43.798
key_sched/G2/sbox_c/n219 0.5929 47.8749
key_sched/G2/sbox_c/n218 1.7045 9.40452
key_sched/G2/sbox_c/n217 1.9145 16.2888
key_sched/G2/sbox_c/n216 0.1456 76.4423
key_sched/G2/sbox_c/n215 0.399 48.5088
key_sched/G2/sbox_c/n214 0.0917 44.2748
key_sched/G2/sbox_c/n213 0.3738 41.3858
key_sched/G2/sbox_c/n212 2.34325 38.3634
key_sched/G2/sbox_c/n211 3.5028 71.3229
key_sched/G2/sbox_c/n210 0.0959 63.5036
key_sched/G2/sbox_c/n209 0.08505 2.46914
key_sched/G2/sbox_c/n208 0.105 10.6667
key_sched/G2/sbox_c/n207 4.38113 77.12
key_sched/G2/sbox_c/n206 2.77865 66.1544
key_sched/G2/sbox_c/n205 0.1323 44.3122
key_sched/G2/sbox_c/n204 0.75145 23.987
key_sched/G2/sbox_c/n203 2.82117 65.3247
key_sched/G2/sbox_c/n202 4.40405 57.983
key_sched/G2/sbox_c/n201 0.07175 30.7317
key_sched/G2/sbox_c/n200 0.7343 54.0276
key_sched/G2/sbox_c/n199 3.955 81.2478
key_sched/G2/sbox_c/n198 1.87985 51.9456
key_sched/G2/sbox_c/n197 0.88795 24.0244
key_sched/G2/sbox_c/n196 1.8417 53.2972
key_sched/G2/sbox_c/n195 0.7042 40.5567
key_sched/G2/sbox_c/n194 3.28895 44.5036
key_sched/G2/sbox_c/n193 0.7301 71.6683
key_sched/G2/sbox_c/n192 0.0133 0
key_sched/G2/sbox_c/n191 0.3738 35.0187
key_sched/G2/sbox_c/n190 0.05845 48.503
key_sched/G2/sbox_c/n189 0.1449 41.7874
key_sched/G2/sbox_c/n188 0.52675 31.6279
key_sched/G2/sbox_c/n187 1.9796 59.6358
key_sched/G2/sbox_c/n186 0.1085 0
key_sched/G2/sbox_c/n185 0.3206 41.8746
key_sched/G2/sbox_c/n184 0.2415 30
key_sched/G2/sbox_c/n183 0.931 3.7218
key_sched/G2/sbox_c/n182 4.6214 69.7592
key_sched/G2/sbox_c/n181 0.7469 21.6261
key_sched/G2/sbox_c/n180 1.80845 42.2682
key_sched/G2/sbox_c/n179 0.2688 88.2813
key_sched/G2/sbox_c/n178 0.2324 61.2952
key_sched/G2/sbox_c/n177 0.3241 6.74946
key_sched/G2/sbox_c/n176 1.1319 70.724
key_sched/G2/sbox_c/n175 0.0525 28
key_sched/G2/sbox_c/n174 3.29455 73.9297
key_sched/G2/sbox_c/n173 0.34125 74.1538
key_sched/G2/sbox_c/n172 1.1487 63.6807
key_sched/G2/sbox_c/n171 0.861 8.98374
key_sched/G2/sbox_c/n170 0.91805 48.1891
key_sched/G2/sbox_c/n169 0.2177 36.8167
key_sched/G2/sbox_c/n168 0.2856 40.5025
key_sched/G2/sbox_c/n167 3.7177 77.9191
key_sched/G2/sbox_c/n166 0.0791 0
key_sched/G2/sbox_c/n165 0.60865 21.9379
key_sched/G2/sbox_c/n164 0.62475 82.8571
key_sched/G2/sbox_c/n163 1.5337 14.8562
key_sched/G2/sbox_c/n162 2.19275 17.6457
key_sched/G2/sbox_c/n161 0.056 17.5
key_sched/G2/sbox_c/n160 1.45705 15.0613
key_sched/G2/sbox_c/n159 3.20285 80.9802
key_sched/G2/sbox_c/n158 0.273 34.7436
key_sched/G2/sbox_c/n157 2.5704 85.3214
key_sched/G2/sbox_c/n156 0.1134 19.1358
key_sched/G2/sbox_c/n155 0.0952 28.3088
key_sched/G2/sbox_c/n154 0.6699 67.7638
key_sched/G2/sbox_c/n153 0.2891 46.6534
key_sched/G2/sbox_c/n152 0.3822 48.9927
key_sched/G2/sbox_c/n151 0.77665 29.6562
key_sched/G2/sbox_c/n150 0.6118 43.9523
key_sched/G2/sbox_c/n149 0.4389 3.82775
key_sched/G2/sbox_c/n148 0.5551 27.2293
key_sched/G2/sbox_c/n147 0.4144 3.71622
key_sched/G2/sbox_c/n146 1.1907 19.1946
key_sched/G2/sbox_c/n145 3.15105 52.6586
key_sched/G2/sbox_c/n144 2.8126 69.1282
key_sched/G2/sbox_c/n143 0.4144 42.8632
key_sched/G2/sbox_c/n142 2.01915 74.3815
key_sched/G2/sbox_c/n141 0.1281 25
key_sched/G2/sbox_c/n140 1.2789 15.4977
key_sched/G2/sbox_c/n139 1.806 56.7829
key_sched/G2/sbox_c/n138 0.8239 22.5149
key_sched/G2/sbox_c/n137 0.189 52.7778
key_sched/G2/sbox_c/n136 0.0735 46.6667
key_sched/G2/sbox_c/n135 0.6419 49.2912
key_sched/G2/sbox_c/n134 1.1627 70.6201
key_sched/G2/sbox_c/n133 0.5838 73.1415
key_sched/G2/sbox_c/n132 0.78225 17.4465
key_sched/G2/sbox_c/n131 0.1106 62.6582
key_sched/G2/sbox_c/n130 2.05625 37.7009
key_sched/G2/sbox_c/n129 0.2373 33.1858
key_sched/G2/sbox_c/n128 0.2219 52.5237
key_sched/G2/sbox_c/n127 0.80955 56.4635
key_sched/G2/sbox_c/n126 0.4788 13.5234
key_sched/G2/sbox_c/n125 0.6468 42.6407
key_sched/G2/sbox_c/n124 0.86625 40.1616
key_sched/G2/sbox_c/n123 1.4826 42.8234
key_sched/G2/sbox_c/n122 0.5761 30.4852
key_sched/G2/sbox_c/n121 1.57535 19.4068
key_sched/G2/sbox_c/n120 0.2744 39.7959
key_sched/G2/sbox_c/n119 0.31955 41.7853
key_sched/G2/sbox_c/n118 4.36765 81.4448
key_sched/G2/sbox_c/n117 0.33285 73.081
key_sched/G2/sbox_c/n116 1.61 35.7081
key_sched/G2/sbox_c/n115 0.126 63.8889
key_sched/G2/sbox_c/n114 0.4676 32.5599
key_sched/G2/sbox_c/n113 0.7329 84.1452
key_sched/G2/sbox_c/n112 3.4888 65.1535
key_sched/G2/sbox_c/n111 2.0657 70.0356
key_sched/G2/sbox_c/n110 0.1183 41.4201
key_sched/G2/sbox_c/n109 0.2436 45.1149
key_sched/G2/sbox_c/n108 0.08155 6.00858
key_sched/G2/sbox_c/n107 0.0952 29.7794
key_sched/G2/sbox_c/n106 1.8851 44.4022
key_sched/G2/sbox_c/n105 0.24675 36.2411
key_sched/G2/sbox_c/n104 0.2604 45.2957
key_sched/G2/sbox_c/n103 0.1148 14.4817
key_sched/G2/sbox_c/n102 2.0314 46.4249
key_sched/G2/sbox_c/n101 1.6303 10.1975
key_sched/G2/sbox_c/n100 0.04515 8.52713
key_sched/G2/sbox_c/n99 0.1337 57.8534
key_sched/G2/sbox_c/n98 5.2801 77.3465
key_sched/G2/sbox_c/n97 0.05845 21.8563
key_sched/G2/sbox_c/n96 0.5831 25.8103
key_sched/G2/sbox_c/n95 0.2856 18.076
key_sched/G2/sbox_c/n94 0.2261 11.9969
key_sched/G2/sbox_c/n93 0.54775 63.0032
key_sched/G2/sbox_c/n92 0.0917 85.1145
key_sched/G2/sbox_c/n91 0.3178 0
key_sched/G2/sbox_c/n90 0.9709 85.1118
key_sched/G2/sbox_c/n89 0.6713 40.2763
key_sched/G2/sbox_c/n88 0.59465 29.8117
key_sched/G2/sbox_c/n87 0.9891 44.5152
key_sched/G2/sbox_c/n86 0.4984 43.5393
key_sched/G2/sbox_c/n85 0.3549 50
key_sched/G2/sbox_c/n84 0.0413 64.4068
key_sched/G2/sbox_c/n83 0.17675 41.7115
key_sched/G2/sbox_c/n82 2.36705 66.1245
key_sched/G2/sbox_c/n81 1.45005 47.3329
key_sched/G2/sbox_c/n80 1.89175 96.0037
key_sched/G2/sbox_c/n79 0.90825 83.1407
key_sched/G2/sbox_c/n78 0.1092 40.0641
key_sched/G2/sbox_c/n77 0.1148 35.6054
key_sched/G2/sbox_c/n76 0.2023 54.4983
key_sched/G2/sbox_c/n75 0.0819 0
key_sched/G2/sbox_c/n74 0.3108 44.4257
key_sched/G2/sbox_c/n73 0.08855 3.95257
key_sched/G2/sbox_c/n72 0.7693 40.6961
key_sched/G2/sbox_c/n71 1.87215 52.9725
key_sched/G2/sbox_c/n70 0.2919 40.2878
key_sched/G2/sbox_c/n69 0.4718 56.6766
key_sched/G2/sbox_c/n68 0.42245 49.2958
key_sched/G2/sbox_c/n67 0.77805 63.2704
key_sched/G2/sbox_c/n66 0.1652 38.9831
key_sched/G2/sbox_c/n65 2.92145 71.0897
key_sched/G2/sbox_c/n64 2.82345 50.9049
key_sched/G2/sbox_c/n63 0.8288 60.8953
key_sched/G2/sbox_c/n62 1.0388 69.3396
key_sched/G2/sbox_c/n61 0.5782 51.9976
key_sched/G2/sbox_c/n60 0.32935 32.1315
key_sched/G2/sbox_c/n59 0.7868 49.0658
key_sched/G2/sbox_c/n58 1.13925 49.7081
key_sched/G2/sbox_c/n57 4.11565 48.6011
key_sched/G2/sbox_c/n56 2.6068 60.5397
key_sched/G2/sbox_c/n55 0.1274 3.84615
key_sched/G2/sbox_c/n54 0.13125 14.9333
key_sched/G2/sbox_c/n53 2.55115 79.0918
key_sched/G2/sbox_c/n52 0.42805 29.8446
key_sched/G2/sbox_c/n51 0.1792 57.6172
key_sched/G2/sbox_c/n50 0.0952 5.88235
key_sched/G2/sbox_c/n49 0.19635 55.615
key_sched/G2/sbox_c/n48 0.88305 39.1994
key_sched/G2/sbox_c/n47 0.567 91.0494
key_sched/G2/sbox_c/n46 0.0777 45.2703
key_sched/G2/sbox_c/n45 0.105 74.5
key_sched/G2/sbox_c/n44 1.7689 79.6399
key_sched/G2/sbox_c/n43 0.1449 84.2995
key_sched/G2/sbox_c/n42 0.10255 49.1468
key_sched/G2/sbox_c/n41 0.756 63.8426
key_sched/G2/sbox_c/n40 1.11195 24.457
key_sched/G2/sbox_c/n39 1.51445 67.5757
key_sched/G2/sbox_c/n38 0.1148 15.8537
key_sched/G2/sbox_c/n37 0.2877 46.2287
key_sched/G2/sbox_c/n36 1.2936 94.5346
key_sched/G2/sbox_c/n35 0.59465 90.1118
key_sched/G2/sbox_c/n34 3.6722 77.3399
key_sched/G2/sbox_c/n33 0.5859 34.9761
key_sched/G2/sbox_c/n32 0.1015 66.2069
key_sched/G2/sbox_c/n31 0.0784 50
key_sched/G2/sbox_c/n30 0.05845 55.988
key_sched/G2/sbox_c/n29 0.4116 15.9439
key_sched/G2/sbox_c/n28 0.1834 18.8931
key_sched/G2/sbox_c/n27 0.62615 38.2895
key_sched/G2/sbox_c/n26 0.5565 46.7296
key_sched/G2/sbox_c/n25 0.2919 61.211
key_sched/G2/sbox_c/n24 0.4354 25.3388
key_sched/G2/sbox_c/n23 2.8476 46.5892
key_sched/G2/sbox_c/n22 0.1085 11.2903
key_sched/G2/sbox_c/n21 0.6706 19.6242
key_sched/G2/sbox_c/n20 1.3741 51.0443
key_sched/G2/sbox_c/n19 1.5477 47.0375
key_sched/G2/sbox_c/n18 0.1008 75.6944
key_sched/G2/sbox_c/n17 0.1148 55.6402
key_sched/G2/sbox_c/n16 0.2107 34.9668
key_sched/G2/sbox_c/n15 0.4998 54.0966
key_sched/G2/sbox_c/n14 0.14945 52.6932
key_sched/G2/sbox_c/n13 2.2176 53.6616
key_sched/G2/sbox_c/n12 0.0826 58.4746
key_sched/G2/sbox_c/n11 0.0959 76.4599
key_sched/G2/sbox_c/n10 1.9166 90.431
key_sched/G2/sbox_c/n9 0.0546 35.8974
key_sched/G2/sbox_c/n8 0.0987 19.1489
key_sched/G2/sbox_c/n7 0.08505 47.9424
key_sched/G2/sbox_c/n6 0.80325 17.3203
key_sched/G2/sbox_c/n5 0.6433 35.3645
key_sched/G2/sbox_c/n4 0.27475 58.4076
key_sched/G2/sbox_c/n3 0.36155 54.8887
key_sched/G2/sbox_c/n2 0.21 64.9167
key_sched/G2/sbox_c/n1 0.0812 100
key_sched/G2/sbox_d/n396 0.9268 67.7492
key_sched/G2/sbox_d/n395 1.54945 28.5521
key_sched/G2/sbox_d/n394 0.0595 20.5882
key_sched/G2/sbox_d/n393 0.6335 80.4972
key_sched/G2/sbox_d/n392 3.29 69.617
key_sched/G2/sbox_d/n391 2.0664 91.3957
key_sched/G2/sbox_d/n390 0.7952 52.1787
key_sched/G2/sbox_d/n389 0.51205 33.0534
key_sched/G2/sbox_d/n388 0.62335 30.9938
key_sched/G2/sbox_d/n387 0.2793 16.2549
key_sched/G2/sbox_d/n386 0.0784 38.3929
key_sched/G2/sbox_d/n385 0.9044 19.7949
key_sched/G2/sbox_d/n384 0.4571 26.7447
key_sched/G2/sbox_d/n383 0.2884 54.1869
key_sched/G2/sbox_d/n382 0.1064 29.6053
key_sched/G2/sbox_d/n381 0.62615 64.9245
key_sched/G2/sbox_d/n380 0.2737 50.0639
key_sched/G2/sbox_d/n379 7.616 60.2895
key_sched/G2/sbox_d/n378 0.1498 10.0467
key_sched/G2/sbox_d/n377 0.69615 55.1533
key_sched/G2/sbox_d/n376 2.345 59.8358
key_sched/G2/sbox_d/n375 1.1494 54.5219
key_sched/G2/sbox_d/n374 0.7427 29.8068
key_sched/G2/sbox_d/n373 0.8939 26.8207
key_sched/G2/sbox_d/n372 1.3629 42.1161
key_sched/G2/sbox_d/n371 1.7682 53.6817
key_sched/G2/sbox_d/n370 0.08365 2.92887
key_sched/G2/sbox_d/n369 1.9866 17.7149
key_sched/G2/sbox_d/n368 4.02255 71.6828
key_sched/G2/sbox_d/n367 0.60515 20.0116
key_sched/G2/sbox_d/n366 0.9282 68.8725
key_sched/G2/sbox_d/n365 0.22785 37.009
key_sched/G2/sbox_d/n364 0.6566 17.7239
key_sched/G2/sbox_d/n363 1.1613 41.5612
key_sched/G2/sbox_d/n362 0.2926 22.1292
key_sched/G2/sbox_d/n361 0.0595 51.7647
key_sched/G2/sbox_d/n360 1.5491 73.2264
key_sched/G2/sbox_d/n359 2.60558 54.5436
key_sched/G2/sbox_d/n358 2.05625 31.7666
key_sched/G2/sbox_d/n357 1.2992 63.949
key_sched/G2/sbox_d/n356 0.50575 31.8339
key_sched/G2/sbox_d/n355 0.12635 28.2548
key_sched/G2/sbox_d/n354 0.59745 24.4288
key_sched/G2/sbox_d/n353 0.39865 37.7524
key_sched/G2/sbox_d/n352 3.8185 72.5848
key_sched/G2/sbox_d/n351 0.056 0
key_sched/G2/sbox_d/n350 3.5861 50.815
key_sched/G2/sbox_d/n349 2.70865 17.4607
key_sched/G2/sbox_d/n348 1.21275 17.0274
key_sched/G2/sbox_d/n347 0.72835 35.1479
key_sched/G2/sbox_d/n346 10.0832 85.2147
key_sched/G2/sbox_d/n345 2.03857 29.8456
key_sched/G2/sbox_d/n344 4.0705 42.7902
key_sched/G2/sbox_d/n343 0.79485 66.4025
key_sched/G2/sbox_d/n342 1.876 94.403
key_sched/G2/sbox_d/n341 0.67375 36.6753
key_sched/G2/sbox_d/n340 0.1148 52.5915
key_sched/G2/sbox_d/n339 3.2158 39.5788
key_sched/G2/sbox_d/n338 8.27505 67.3383
key_sched/G2/sbox_d/n337 0.2639 56.2997
key_sched/G2/sbox_d/n336 0.88025 70.0199
key_sched/G2/sbox_d/n335 0.85085 52.6738
key_sched/G2/sbox_d/n334 0.1582 11.7257
key_sched/G2/sbox_d/n333 0.133 47.8947
key_sched/G2/sbox_d/n332 1.06085 50.9403
key_sched/G2/sbox_d/n331 1.4252 49.3615
key_sched/G2/sbox_d/n330 0.2289 19.0039
key_sched/G2/sbox_d/n329 0.64295 5.76639
key_sched/G2/sbox_d/n328 0.75355 30.1573
key_sched/G2/sbox_d/n327 3.62163 64.2937
key_sched/G2/sbox_d/n326 1.19367 39.9648
key_sched/G2/sbox_d/n325 0.19075 39.0826
key_sched/G2/sbox_d/n324 0.2961 23.7589
key_sched/G2/sbox_d/n323 1.58935 50.991
key_sched/G2/sbox_d/n322 0.056 73.75
key_sched/G2/sbox_d/n321 0.29295 19.7133
key_sched/G2/sbox_d/n320 2.2526 83.7244
key_sched/G2/sbox_d/n319 0.25585 40.4925
key_sched/G2/sbox_d/n318 0.5481 53.2567
key_sched/G2/sbox_d/n317 0.1624 8.18966
key_sched/G2/sbox_d/n316 0.2534 46.1326
key_sched/G2/sbox_d/n315 0.0791 7.9646
key_sched/G2/sbox_d/n314 0.2394 6.43275
key_sched/G2/sbox_d/n313 0.3759 34.3575
key_sched/G2/sbox_d/n312 0.4102 8.02048
key_sched/G2/sbox_d/n311 0.41545 7.40763
key_sched/G2/sbox_d/n310 1.3188 58.1608
key_sched/G2/sbox_d/n309 0.68565 25.3701
key_sched/G2/sbox_d/n308 0.3164 31.5265
key_sched/G2/sbox_d/n307 0.3801 2.57827
key_sched/G2/sbox_d/n306 0.6244 19.0303
key_sched/G2/sbox_d/n305 1.9264 27.5981
key_sched/G2/sbox_d/n304 0.2793 19.7189
key_sched/G2/sbox_d/n303 1.5876 8.31129
key_sched/G2/sbox_d/n302 2.6796 64.629
key_sched/G2/sbox_d/n301 1.83295 8.56406
key_sched/G2/sbox_d/n300 0.1337 16.7539
key_sched/G2/sbox_d/n299 0.3038 19.7581
key_sched/G2/sbox_d/n298 1.04335 43.2741
key_sched/G2/sbox_d/n297 2.0433 42.2748
key_sched/G2/sbox_d/n296 0.87255 10.6298
key_sched/G2/sbox_d/n295 1.8816 15.2995
key_sched/G2/sbox_d/n294 0.879725 29.7195
key_sched/G2/sbox_d/n293 1.022 41.1644
key_sched/G2/sbox_d/n292 1.379 42.2843
key_sched/G2/sbox_d/n291 1.0913 58.467
key_sched/G2/sbox_d/n290 0.0819 30.7692
key_sched/G2/sbox_d/n289 0.0791 52.2124
key_sched/G2/sbox_d/n288 0.99505 39.993
key_sched/G2/sbox_d/n287 0.203 15.6897
key_sched/G2/sbox_d/n286 0.9604 10.6778
key_sched/G2/sbox_d/n285 0.3976 39.3926
key_sched/G2/sbox_d/n284 0.55825 10.8464
key_sched/G2/sbox_d/n283 1.81895 29.1363
key_sched/G2/sbox_d/n282 4.08065 78.1414
key_sched/G2/sbox_d/n281 0.8736 16.9872
key_sched/G2/sbox_d/n280 0.9345 29.9813
key_sched/G2/sbox_d/n279 1.28957 34.6451
key_sched/G2/sbox_d/n278 0.55055 42.5938
key_sched/G2/sbox_d/n277 1.4455 6.39052
key_sched/G2/sbox_d/n276 0.3374 51.2448
key_sched/G2/sbox_d/n275 0.35525 9.89444
key_sched/G2/sbox_d/n274 2.34868 86.618
key_sched/G2/sbox_d/n273 2.04855 73.0395
key_sched/G2/sbox_d/n272 0.707 73.6634
key_sched/G2/sbox_d/n271 0.9065 46.8147
key_sched/G2/sbox_d/n270 0.1253 5.58659
key_sched/G2/sbox_d/n269 0.0952 19.8529
key_sched/G2/sbox_d/n268 0.9653 23.3995
key_sched/G2/sbox_d/n267 0.67585 51.3723
key_sched/G2/sbox_d/n266 2.48745 56.3529
key_sched/G2/sbox_d/n265 1.19805 27.3006
key_sched/G2/sbox_d/n264 8.6695 73.1752
key_sched/G2/sbox_d/n263 5.3746 67.9799
key_sched/G2/sbox_d/n262 2.34605 46.0465
key_sched/G2/sbox_d/n261 1.76435 19.272
key_sched/G2/sbox_d/n260 0.72625 23.6386
key_sched/G2/sbox_d/n259 3.30505 63.4279
key_sched/G2/sbox_d/n258 2.0755 48.4654
key_sched/G2/sbox_d/n257 0.32795 2.98826
key_sched/G2/sbox_d/n256 1.2432 45.1717
key_sched/G2/sbox_d/n255 0.04515 5.03876
key_sched/G2/sbox_d/n254 1.49765 13.0755
key_sched/G2/sbox_d/n253 0.2373 43.6578
key_sched/G2/sbox_d/n252 1.3006 33.1808
key_sched/G2/sbox_d/n251 2.78495 55.6015
key_sched/G2/sbox_d/n250 0.8218 64.3952
key_sched/G2/sbox_d/n249 0.09905 18.5008
key_sched/G2/sbox_d/n248 0.2786 10.9296
key_sched/G2/sbox_d/n247 4.60775 67.7858
key_sched/G2/sbox_d/n246 4.0201 65.606
key_sched/G2/sbox_d/n245 1.49905 35.6342
key_sched/G2/sbox_d/n244 2.3282 37.0189
key_sched/G2/sbox_d/n243 0.1337 45.8115
key_sched/G2/sbox_d/n242 3.3621 44.9615
key_sched/G2/sbox_d/n241 1.54175 76.6969
key_sched/G2/sbox_d/n240 1.8683 75.4964
key_sched/G2/sbox_d/n239 0.4893 13.5193
key_sched/G2/sbox_d/n238 0.4228 45.1573
key_sched/G2/sbox_d/n237 1.96945 29.6073
key_sched/G2/sbox_d/n236 1.15535 73.2051
key_sched/G2/sbox_d/n235 0.4046 56.1419
key_sched/G2/sbox_d/n234 0.4053 2.41796
key_sched/G2/sbox_d/n233 0.0791 12.3894
key_sched/G2/sbox_d/n232 2.4353 63.3659
key_sched/G2/sbox_d/n231 1.26297 1.73202
key_sched/G2/sbox_d/n230 2.7839 40.9614
key_sched/G2/sbox_d/n229 0.2912 16.4063
key_sched/G2/sbox_d/n228 0.1757 58.7649
key_sched/G2/sbox_d/n227 2.6271 43.41
key_sched/G2/sbox_d/n226 2.4549 64.8316
key_sched/G2/sbox_d/n225 0.42 19.2083
key_sched/G2/sbox_d/n224 2.00498 37.4007
key_sched/G2/sbox_d/n223 0.94535 39.1945
key_sched/G2/sbox_d/n222 0.52605 3.83519
key_sched/G2/sbox_d/n221 1.19245 32.7854
key_sched/G2/sbox_d/n220 0.7357 66.1751
key_sched/G2/sbox_d/n219 1.70205 83.94
key_sched/G2/sbox_d/n218 0.11165 4.70219
key_sched/G2/sbox_d/n217 0.3094 38.009
key_sched/G2/sbox_d/n216 0.13895 10.0756
key_sched/G2/sbox_d/n215 4.40195 65.6118
key_sched/G2/sbox_d/n214 1.11615 20.5394
key_sched/G2/sbox_d/n213 1.1914 68.1404
key_sched/G2/sbox_d/n212 1.47385 57.1581
key_sched/G2/sbox_d/n211 0.0868 16.9355
key_sched/G2/sbox_d/n210 1.6793 30.8045
key_sched/G2/sbox_d/n209 0.8652 39.4013
key_sched/G2/sbox_d/n208 2.7349 44.0747
key_sched/G2/sbox_d/n207 1.69085 47.4806
key_sched/G2/sbox_d/n206 1.2649 23.2429
key_sched/G2/sbox_d/n205 0.7714 22.7087
key_sched/G2/sbox_d/n204 4.5003 55.9535
key_sched/G2/sbox_d/n203 0.6909 17.7305
key_sched/G2/sbox_d/n202 0.11655 21.021
key_sched/G2/sbox_d/n201 1.1907 47.6044
key_sched/G2/sbox_d/n200 0.50995 18.5999
key_sched/G2/sbox_d/n199 1.66845 26.7359
key_sched/G2/sbox_d/n198 4.09867 46.5596
key_sched/G2/sbox_d/n197 0.1008 22.3958
key_sched/G2/sbox_d/n196 5.89505 62.1059
key_sched/G2/sbox_d/n195 0.0266 0
key_sched/G2/sbox_d/n194 0.9072 64.8562
key_sched/G2/sbox_d/n193 1.7486 33.0279
key_sched/G2/sbox_d/n192 0.5908 17.0616
key_sched/G2/sbox_d/n191 1.87845 14.3842
key_sched/G2/sbox_d/n190 2.5249 42.0571
key_sched/G2/sbox_d/n189 0.7742 46.0443
key_sched/G2/sbox_d/n188 0.4886 18.1232
key_sched/G2/sbox_d/n187 0.105 14.3333
key_sched/G2/sbox_d/n186 1.68455 54.8203
key_sched/G2/sbox_d/n185 2.40345 16.9912
key_sched/G2/sbox_d/n184 3.6715 74.0705
key_sched/G2/sbox_d/n183 0.5201 20.8614
key_sched/G2/sbox_d/n182 0.3598 27.8488
key_sched/G2/sbox_d/n181 1.1011 34.8061
key_sched/G2/sbox_d/n180 3.3551 78.4164
key_sched/G2/sbox_d/n179 0.1386 3.53535
key_sched/G2/sbox_d/n178 0.3689 34.5351
key_sched/G2/sbox_d/n177 0.1323 8.99471
key_sched/G2/sbox_d/n176 0.1855 60.3774
key_sched/G2/sbox_d/n175 0.4907 36.4479
key_sched/G2/sbox_d/n174 1.5498 25.2033
key_sched/G2/sbox_d/n173 0.0882 28.373
key_sched/G2/sbox_d/n172 0.4767 31.4978
key_sched/G2/sbox_d/n171 2.48657 34.449
key_sched/G2/sbox_d/n170 2.03245 67.5478
key_sched/G2/sbox_d/n169 0.1498 49.2991
key_sched/G2/sbox_d/n168 1.35275 53.1048
key_sched/G2/sbox_d/n167 0.6118 65.295
key_sched/G2/sbox_d/n166 0.1351 22.5389
key_sched/G2/sbox_d/n165 1.7514 47.3721
key_sched/G2/sbox_d/n164 1.2355 50.0283
key_sched/G2/sbox_d/n163 1.60125 66.6557
key_sched/G2/sbox_d/n162 1.21765 11.5263
key_sched/G2/sbox_d/n161 0.3311 8.61522
key_sched/G2/sbox_d/n160 0.6433 20.9739
key_sched/G2/sbox_d/n159 0.9177 30.2822
key_sched/G2/sbox_d/n158 1.52075 60.7825
key_sched/G2/sbox_d/n157 1.26665 29.7596
key_sched/G2/sbox_d/n156 0.2282 56.5951
key_sched/G2/sbox_d/n155 0.3577 55.9198
key_sched/G2/sbox_d/n154 0.2653 28.9578
key_sched/G2/sbox_d/n153 0.13615 50.1285
key_sched/G2/sbox_d/n152 2.8252 33.6472
key_sched/G2/sbox_d/n151 2.3646 47.2617
key_sched/G2/sbox_d/n150 0.2233 21.0031
key_sched/G2/sbox_d/n149 0.43855 29.3296
key_sched/G2/sbox_d/n148 0.09765 29.0323
key_sched/G2/sbox_d/n147 0.161 7.82609
key_sched/G2/sbox_d/n146 0.25165 17.5243
key_sched/G2/sbox_d/n145 0.7945 29.5374
key_sched/G2/sbox_d/n144 0.112 31.5625
key_sched/G2/sbox_d/n143 0.0889 32.2835
key_sched/G2/sbox_d/n142 0.4991 53.7868
key_sched/G2/sbox_d/n141 1.86358 33.7966
key_sched/G2/sbox_d/n140 0.2037 67.5258
key_sched/G2/sbox_d/n139 2.67435 40.4463
key_sched/G2/sbox_d/n138 4.9091 66.3589
key_sched/G2/sbox_d/n137 0.105 17.5
key_sched/G2/sbox_d/n136 2.2526 81.1995
key_sched/G2/sbox_d/n135 0.07525 9.76744
key_sched/G2/sbox_d/n134 0.0917 39.6947
key_sched/G2/sbox_d/n133 0.1722 40.8537
key_sched/G2/sbox_d/n132 0.2597 34.097
key_sched/G2/sbox_d/n131 2.646 64.8148
key_sched/G2/sbox_d/n130 0.27125 22.5161
key_sched/G2/sbox_d/n129 3.05235 66.416
key_sched/G2/sbox_d/n128 1.54105 11.5814
key_sched/G2/sbox_d/n127 5.45825 58.4679
key_sched/G2/sbox_d/n126 7.82635 68.1857
key_sched/G2/sbox_d/n125 2.99845 60.0093
key_sched/G2/sbox_d/n124 0.8225 28.0638
key_sched/G2/sbox_d/n123 1.30445 37.1613
key_sched/G2/sbox_d/n122 0.42595 20.2958
key_sched/G2/sbox_d/n121 1.2348 8.46088
key_sched/G2/sbox_d/n120 1.4532 12.4037
key_sched/G2/sbox_d/n119 2.5326 76.2438
key_sched/G2/sbox_d/n118 0.6671 42.6285
key_sched/G2/sbox_d/n117 0.04865 46.7626
key_sched/G2/sbox_d/n116 1.2551 18.1559
key_sched/G2/sbox_d/n115 1.3335 59.3307
key_sched/G2/sbox_d/n114 1.42205 51.6367
key_sched/G2/sbox_d/n113 3.29665 45.136
key_sched/G2/sbox_d/n112 3.19725 63.6344
key_sched/G2/sbox_d/n111 0.1414 11.7574
key_sched/G2/sbox_d/n110 0.70315 60.1045
key_sched/G2/sbox_d/n109 0.18235 7.77351
key_sched/G2/sbox_d/n108 2.23737 59.2804
key_sched/G2/sbox_d/n107 0.392 29.8214
key_sched/G2/sbox_d/n106 1.4049 22.2347
key_sched/G2/sbox_d/n105 0.5124 15.9836
key_sched/G2/sbox_d/n104 0.1015 2.58621
key_sched/G2/sbox_d/n103 0.1757 2.78884
key_sched/G2/sbox_d/n102 0.287 42.3171
key_sched/G2/sbox_d/n101 1.0521 28.6427
key_sched/G2/sbox_d/n100 0.8708 64.992
key_sched/G2/sbox_d/n99 0.25515 45.8162
key_sched/G2/sbox_d/n98 1.10145 52.6215
key_sched/G2/sbox_d/n97 2.12905 46.8519
key_sched/G2/sbox_d/n96 0.2779 52.7078
key_sched/G2/sbox_d/n95 0.04515 30.2326
key_sched/G2/sbox_d/n94 0.0924 15.9091
key_sched/G2/sbox_d/n93 0.6601 24.7614
key_sched/G2/sbox_d/n92 1.4679 33.226
key_sched/G2/sbox_d/n91 0.17045 9.09358
key_sched/G2/sbox_d/n90 0.67375 17.0649
key_sched/G2/sbox_d/n89 4.04985 73.4725
key_sched/G2/sbox_d/n88 0.6678 80.3459
key_sched/G2/sbox_d/n87 1.28888 69.9117
key_sched/G2/sbox_d/n86 0.95655 46.3227
key_sched/G2/sbox_d/n85 0.5187 21.9636
key_sched/G2/sbox_d/n84 1.3181 25.1992
key_sched/G2/sbox_d/n83 0.1113 32.8616
key_sched/G2/sbox_d/n82 0.4256 48.2319
key_sched/G2/sbox_d/n81 0.0644 17.663
key_sched/G2/sbox_d/n80 1.3279 5.0738
key_sched/G2/sbox_d/n79 0.5684 56.3732
key_sched/G2/sbox_d/n78 0.0791 1.99115
key_sched/G2/sbox_d/n77 2.09895 65.5161
key_sched/G2/sbox_d/n76 0.88095 25.2284
key_sched/G2/sbox_d/n75 0.1253 11.5922
key_sched/G2/sbox_d/n74 1.52355 48.8858
key_sched/G2/sbox_d/n73 0.78085 37.6737
key_sched/G2/sbox_d/n72 0.18235 28.4069
key_sched/G2/sbox_d/n71 1.35415 48.3717
key_sched/G2/sbox_d/n70 3.2522 66.4604
key_sched/G2/sbox_d/n69 0.08015 12.6326
key_sched/G2/sbox_d/n68 0.05845 9.88024
key_sched/G2/sbox_d/n67 0.3794 28.8745
key_sched/G2/sbox_d/n66 2.5487 45.2417
key_sched/G2/sbox_d/n65 0.25935 50.3374
key_sched/G2/sbox_d/n64 0.3465 26.5657
key_sched/G2/sbox_d/n63 2.6467 67.7599
key_sched/G2/sbox_d/n62 0.056 33.75
key_sched/G2/sbox_d/n61 1.70853 35.737
key_sched/G2/sbox_d/n60 0.126 0
key_sched/G2/sbox_d/n59 3.9081 74.8791
key_sched/G2/sbox_d/n58 0.441 49.8413
key_sched/G2/sbox_d/n57 0.2975 38.9412
key_sched/G2/sbox_d/n56 0.1064 1.97368
key_sched/G2/sbox_d/n55 0.1246 30.1966
key_sched/G2/sbox_d/n54 0.7329 61.4613
key_sched/G2/sbox_d/n53 0.4795 50.5474
key_sched/G2/sbox_d/n52 0.12495 9.2437
key_sched/G2/sbox_d/n51 0.0868 18.1452
key_sched/G2/sbox_d/n50 0.48265 26.7948
key_sched/G2/sbox_d/n49 0.1365 25.1282
key_sched/G2/sbox_d/n48 1.07765 25.609
key_sched/G2/sbox_d/n47 0.0133 76.3158
key_sched/G2/sbox_d/n46 1.42485 10.931
key_sched/G2/sbox_d/n45 1.1851 24.9262
key_sched/G2/sbox_d/n44 1.88265 26.4268
key_sched/G2/sbox_d/n43 0.3458 37.7024
key_sched/G2/sbox_d/n42 1.98065 51.5285
key_sched/G2/sbox_d/n41 0.1176 53.2738
key_sched/G2/sbox_d/n40 0.78505 67.8556
key_sched/G2/sbox_d/n39 0.1092 47.4359
key_sched/G2/sbox_d/n38 0.6762 70.0828
key_sched/G2/sbox_d/n37 0.2975 13.1765
key_sched/G2/sbox_d/n36 2.5585 65.1505
key_sched/G2/sbox_d/n35 0.86415 6.23734
key_sched/G2/sbox_d/n34 0.8421 8.60349
key_sched/G2/sbox_d/n33 0.5565 3.96226
key_sched/G2/sbox_d/n32 2.12835 44.8693
key_sched/G2/sbox_d/n31 1.7857 67.6597
key_sched/G2/sbox_d/n30 1.53475 60.1254
key_sched/G2/sbox_d/n29 2.53015 50.1937
key_sched/G2/sbox_d/n28 1.00905 34.6935
key_sched/G2/sbox_d/n27 0.22225 20.7874
key_sched/G2/sbox_d/n26 1.05805 13.3642
key_sched/G2/sbox_d/n25 0.08855 28.8538
key_sched/G2/sbox_d/n24 2.1483 74.7149
key_sched/G2/sbox_d/n23 0.1183 0
key_sched/G2/sbox_d/n22 0.05845 36.5269
key_sched/G2/sbox_d/n21 0.3241 47.4622
key_sched/G2/sbox_d/n20 0.0924 21.2121
key_sched/G2/sbox_d/n19 3.4629 39.2965
key_sched/G2/sbox_d/n18 0.5992 42.878
key_sched/G2/sbox_d/n17 1.04195 40.6281
key_sched/G2/sbox_d/n16 0.4116 47.3214
key_sched/G2/sbox_d/n15 0.2877 36.618
key_sched/G2/sbox_d/n14 0.37695 48.9322
key_sched/G2/sbox_d/n13 0.2793 28.1328
key_sched/G2/sbox_d/n12 0.056 3.4375
key_sched/G2/sbox_d/n11 1.45145 15.9031
key_sched/G2/sbox_d/n10 0.2254 0.266193
key_sched/G2/sbox_d/n9 0.38745 4.24571
key_sched/G2/sbox_d/n8 0.3276 29.9145
key_sched/G2/sbox_d/n7 0.05845 3.59281
key_sched/G2/sbox_d/n6 0.43505 47.0233
key_sched/G2/sbox_d/n5 0.42455 66.5293
key_sched/G2/sbox_d/n4 0.4312 53.1656
key_sched/G2/sbox_d/n3 0.4781 16.142
key_sched/G2/sbox_d/n2 0.3773 87.384
key_sched/G2/sbox_d/n1 0.0924 94.697
subkey[63] 2.9631 6.29577
subkey[62] 3.5315 91.8137
subkey[61] 0.95725 21.6741
subkey[60] 0.4886 77.2206
subkey[59] 0.4256 82.7303
subkey[58] 0.2562 92.3497
subkey[57] 0.81655 42.4346
subkey[56] 0.7427 76.9086
subkey[55] 5.0694 70.3052
subkey[54] 1.4308 69.6918
subkey[53] 1.7787 33.4809
subkey[52] 0.84315 30.3445
subkey[51] 0.6202 77.5395
subkey[50] 4.2245 88.9727
subkey[49] 4.66235 95.9237
subkey[48] 2.4395 65.5093
subkey[47] 2.8742 25.6941
subkey[46] 5.76485 90.1706
subkey[45] 0.4438 67.2713
subkey[44] 2.0181 61.6198
subkey[43] 0.3717 81.3559
subkey[42] 2.2225 34.0945
subkey[41] 0.7896 16.0018
subkey[40] 1.7171 7.50102
subkey[39] 7.5677 87.1797
subkey[38] 8.3545 86.3972
subkey[37] 4.99555 81.7698
subkey[36] 9.09475 90.8717
subkey[35] 6.4134 85.2216
subkey[34] 6.251 84.9048
subkey[33] 8.0983 79.5142
subkey[32] 2.9099 31.5672
subkey[31] 0.392 73.75
subkey[30] 1.1333 69.6109
subkey[29] 0.17325 12.6263
subkey[28] 0.371 29.6698
subkey[27] 0.3577 58.7084
subkey[26] 0.2828 26.8564
subkey[25] 0.1743 71.8876
subkey[24] 0.2527 55.1247
subkey[23] 0.0546 55.1282
subkey[22] 1.1501 72.3372
subkey[21] 0.6209 34.5829
subkey[20] 0.91 2.11538
subkey[19] 0.2989 32.7869
subkey[18] 0.8351 77.1165
subkey[17] 1.4224 57.468
subkey[16] 0.5292 68.7169
subkey[15] 0.14 10.5
subkey[14] 0.6678 70.7023
subkey[13] 0.8106 73.3592
subkey[12] 0.1694 30.5785
subkey[11] 0.4319 64.8298
subkey[10] 0.4032 43.75
subkey[9] 0.22995 86.9102
subkey[8] 0.0959 33.5766
subkey[7] 1.799 24.2315
subkey[6] 0.9506 57.0876
subkey[5] 0.2723 0
subkey[4] 0.75775 12.8406
subkey[3] 1.2138 20.8395
subkey[2] 4.389 71.2446
subkey[1] 1.2544 27.7623
subkey[0] 1.00695 66.8405
key_sched/key_reg[127] 0.7686 27.3679
key_sched/key_reg[126] 0.74165 29.2355
key_sched/key_reg[125] 0.735 43.6905
key_sched/key_reg[124] 1.36325 72.2465
key_sched/key_reg[123] 1.37725 27.3443
key_sched/key_reg[122] 0.90195 25.844
key_sched/key_reg[121] 2.2883 55.9039
key_sched/key_reg[120] 1.1711 26.4922
key_sched/key_reg[119] 1.0353 10.2096
key_sched/key_reg[118] 1.0934 46.3668
key_sched/key_reg[117] 1.1347 49.5682
key_sched/key_reg[116] 1.46685 13.0518
key_sched/key_reg[115] 0.64925 56.5229
key_sched/key_reg[114] 0.6321 45.5941
key_sched/key_reg[113] 0.4382 35.7827
key_sched/key_reg[112] 0.2128 56.5789
key_sched/key_reg[111] 1.3867 60.525
key_sched/key_reg[110] 1.372 51.8622
key_sched/key_reg[109] 2.1378 63.0812
key_sched/key_reg[108] 2.00165 24.235
key_sched/key_reg[107] 0.99435 22.0169
key_sched/key_reg[106] 1.6093 63.6037
key_sched/key_reg[105] 0.4984 15.8357
key_sched/key_reg[104] 0.34895 53.3099
key_sched/key_reg[103] 2.1287 49.3259
key_sched/key_reg[102] 3.3817 11.0174
key_sched/key_reg[101] 3.79173 43.3655
key_sched/key_reg[100] 5.93845 61.7994
key_sched/key_reg[99] 2.254 37.205
key_sched/key_reg[98] 2.8854 6.67152
key_sched/key_reg[97] 1.8837 50.576
key_sched/key_reg[96] 1.82945 37.4976
key_sched/key_reg[95] 1.6919 31.8163
key_sched/key_reg[94] 0.92645 21.6094
key_sched/key_reg[93] 2.0342 23.3827
key_sched/key_reg[92] 2.9911 32.9628
key_sched/key_reg[91] 1.3286 23.8672
key_sched/key_reg[90] 2.1301 52.0457
key_sched/key_reg[89] 2.99635 32.2042
key_sched/key_reg[88] 1.7248 7.76177
key_sched/key_reg[87] 1.0402 35.969
key_sched/key_reg[86] 0.76335 23.7506
key_sched/key_reg[85] 1.39615 28.6663
key_sched/key_reg[84] 5.2759 89.6113
key_sched/key_reg[83] 1.2327 46.5928
key_sched/key_reg[82] 4.01485 85.7292
key_sched/key_reg[81] 0.9723 21.7783
key_sched/key_reg[80] 1.099 32.3567
key_sched/key_reg[79] 2.0377 41.3861
key_sched/key_reg[78] 1.90225 26.5501
key_sched/key_reg[77] 2.9813 56.6448
key_sched/key_reg[76] 5.3214 68.3603
key_sched/key_reg[75] 2.3646 57.4748
key_sched/key_reg[74] 2.7895 38.4003
key_sched/key_reg[73] 1.7255 21.785
key_sched/key_reg[72] 1.21065 41.6594
key_sched/key_reg[71] 5.1723 71.8906
key_sched/key_reg[70] 5.306 52.8995
key_sched/key_reg[69] 3.164 37.5
key_sched/key_reg[68] 6.846 72.554
key_sched/key_reg[67] 2.247 28.6615
key_sched/key_reg[66] 1.7409 44.1998
key_sched/key_reg[65] 1.2439 30.0667
key_sched/key_reg[64] 1.5162 41.1934
key_sched/key_reg[63] 1.62785 9.36358
key_sched/key_reg[62] 3.21685 48.9936
key_sched/key_reg[61] 5.7547 72.7892
key_sched/key_reg[60] 5.01305 47.2357
key_sched/key_reg[59] 3.0114 35.2328
key_sched/key_reg[58] 2.0027 40.7587
key_sched/key_reg[57] 2.8497 51.5598
key_sched/key_reg[56] 1.6961 23.4803
key_sched/key_reg[55] 0.80115 6.3128
key_sched/key_reg[54] 1.41295 39.5715
key_sched/key_reg[53] 3.2858 57.3498
key_sched/key_reg[52] 2.11995 46.4504
key_sched/key_reg[51] 2.0482 51.7601
key_sched/key_reg[50] 1.4574 7.52024
key_sched/key_reg[49] 1.02515 56.7771
key_sched/key_reg[48] 1.3006 54.4537
key_sched/key_reg[47] 0.61495 21.457
key_sched/key_reg[46] 1.1095 12.3975
key_sched/key_reg[45] 2.4255 45.1948
key_sched/key_reg[44] 2.90535 49.3314
key_sched/key_reg[43] 1.95475 27.4178
key_sched/key_reg[42] 2.26135 56.736
key_sched/key_reg[41] 1.53475 42.9435
key_sched/key_reg[40] 1.44935 14.767
key_sched/key_reg[39] 0.67235 33.3941
key_sched/key_reg[38] 2.00375 45.4498
key_sched/key_reg[37] 1.4553 48.557
key_sched/key_reg[36] 1.0682 39.4168
key_sched/key_reg[35] 1.9838 59.4654
key_sched/key_reg[34] 1.5862 50.8605
key_sched/key_reg[33] 0.7721 55.8024
key_sched/key_reg[32] 1.65305 42.2189
key_sched/key_reg[31] 3.16365 53.4904
key_sched/key_reg[30] 1.45635 21.5333
key_sched/key_reg[29] 0.7042 39.3141
key_sched/key_reg[28] 0.931 79.4361
key_sched/key_reg[27] 1.1767 54.5551
key_sched/key_reg[26] 1.5351 50.57
key_sched/key_reg[25] 0.95095 34.3025
key_sched/key_reg[24] 0.7973 15.0132
key_sched/key_reg[23] 2.6068 44.6026
key_sched/key_reg[22] 0.65205 19.8604
key_sched/key_reg[21] 1.0066 25.4172
key_sched/key_reg[20] 1.8424 48.1288
key_sched/key_reg[19] 0.7924 34.5848
key_sched/key_reg[18] 1.56345 68.1554
key_sched/key_reg[17] 1.0248 44.7404
key_sched/key_reg[16] 0.99645 54.1974
key_sched/key_reg[15] 0.57575 43.8906
key_sched/key_reg[14] 0.5502 24.9364
key_sched/key_reg[13] 0.6944 42.9435
key_sched/key_reg[12] 0.7273 38.3061
key_sched/key_reg[11] 0.95865 40.7448
key_sched/key_reg[10] 1.62855 36.8441
key_sched/key_reg[9] 0.6062 30.3448
key_sched/key_reg[8] 0.74165 32.2322
key_sched/key_reg[7] 0.644 34.4022
key_sched/key_reg[6] 1.1494 43.8946
key_sched/key_reg[5] 1.38967 12.807
key_sched/key_reg[4] 1.70625 86.1333
key_sched/key_reg[3] 1.6989 46.0445
key_sched/key_reg[2] 3.1836 41.2379
key_sched/key_reg[1] 1.17145 7.48858
key_sched/key_reg[0] 1.75105 42.0448
key_sched/G2_out[31] 0.2345 55.7783
key_sched/G2_out[30] 0.266 38.2895
key_sched/G2_out[29] 0.1141 62.5767
key_sched/G2_out[28] 0.6097 52.1363
key_sched/G2_out[27] 0.119 58.9706
key_sched/G2_out[26] 0.1722 26.4228
key_sched/G2_out[25] 0.3458 33.8418
key_sched/G2_out[24] 0.1099 23.0892
key_sched/G2_out[23] 0.0399 0
key_sched/G2_out[22] 0.2926 68.4211
key_sched/G2_out[21] 0.2261 54.1796
key_sched/G2_out[20] 0.4123 33.107
key_sched/G2_out[19] 0.8127 71.3794
key_sched/G2_out[18] 0.1862 84.2105
key_sched/G2_out[17] 0.364 54.4712
key_sched/G2_out[16] 0.3409 54.0628
key_sched/G2_out[15] 0.68635 78.4039
key_sched/G2_out[14] 1.0934 45.0064
key_sched/G2_out[13] 0.2709 60.5297
key_sched/G2_out[12] 1.4224 83.7229
key_sched/G2_out[11] 0.0966 59.6014
key_sched/G2_out[10] 0.4557 81.1828
key_sched/G2_out[9] 0.329 51.2766
key_sched/G2_out[8] 0.0966 9.05797
key_sched/G2_out[7] 0.4081 1.80103
key_sched/G2_out[6] 0.6083 22.2094
key_sched/G2_out[5] 0.2709 47.8036
key_sched/G2_out[4] 1.1039 71.116
key_sched/G2_out[3] 0.85645 72.1291
key_sched/G2_out[2] 0.3724 84.2105
key_sched/G2_out[1] 0.4305 51.3821
key_sched/G2_out[0] 0.2842 23.0032
key_sched/G2_in[31] 2.3632 74.9408
key_sched/G2_in[30] 2.037 91.8041
key_sched/G2_in[29] 7.54985 91.2753
key_sched/G2_in[28] 5.01655 70.7842
key_sched/G2_in[27] 2.89905 60.6423
key_sched/G2_in[26] 7.15662 89.9059
key_sched/G2_in[25] 3.26445 89.064
key_sched/G2_in[24] 3.7541 78.3796
key_sched/G2_in[23] 3.213 85.5065
key_sched/G2_in[22] 2.23965 51.008
key_sched/G2_in[21] 0.8596 84.2834
key_sched/G2_in[20] 0.6951 58.8872
key_sched/G2_in[19] 0.96215 56.857
key_sched/G2_in[18] 0.41685 94.1226
key_sched/G2_in[17] 0.23555 89.5988
key_sched/G2_in[16] 1.12735 84.1509
key_sched/G2_in[15] 4.41105 69.7311
key_sched/G2_in[14] 3.5357 92.0115
key_sched/G2_in[13] 5.8324 97.3116
key_sched/G2_in[12] 4.6207 95.5992
key_sched/G2_in[11] 3.8486 95.9024
key_sched/G2_in[10] 6.41375 96.2892
key_sched/G2_in[9] 3.843 84.5719
key_sched/G2_in[8] 6.3896 96.5107
key_sched/G2_in[7] 0.511 78.9041
key_sched/G2_in[6] 0.6076 64.8329
key_sched/G2_in[5] 1.60685 77.9351
key_sched/G2_in[4] 1.96035 78.4146
key_sched/G2_in[3] 1.37113 73.2902
key_sched/G2_in[2] 1.22885 35.9727
key_sched/G2_in[1] 0.55685 50.3457
key_sched/G2_in[0] 1.01885 63.449
key_sched/G2/sbox_d_out[7] 0.8834 26.8253
key_sched/G2/sbox_d_out[6] 0.29225 64.491
key_sched/G2/sbox_d_out[5] 0.5782 3.38983
key_sched/G2/sbox_d_out[4] 0.3157 67.9601
key_sched/G2/sbox_d_out[3] 0.7469 61.7887
key_sched/G2/sbox_d_out[2] 1.1879 63.4355
key_sched/G2/sbox_d_out[1] 0.9023 69.8991
key_sched/G2/sbox_d_out[0] 1.302 68.8441
key_sched/G2/sbox_c_out[7] 3.2095 97.7278
key_sched/G2/sbox_c_out[6] 3.0345 97.2203
key_sched/G2/sbox_c_out[5] 3.28895 88.0144
key_sched/G2/sbox_c_out[4] 2.59 74.4459
key_sched/G2/sbox_c_out[3] 2.8028 74.4693
key_sched/G2/sbox_c_out[2] 2.8357 98.272
key_sched/G2/sbox_c_out[1] 2.9337 97.769
key_sched/G2/sbox_c_out[0] 3.30575 96.6967
key_sched/G2/sbox_b_out[7] 6.6801 86.2962
key_sched/G2/sbox_b_out[6] 3.409 94.5087
key_sched/G2/sbox_b_out[5] 5.1737 97.2669
key_sched/G2/sbox_b_out[4] 3.3971 84.5456
key_sched/G2/sbox_b_out[3] 4.7474 91.9935
key_sched/G2/sbox_b_out[2] 6.5723 94.6001
key_sched/G2/sbox_b_out[1] 5.1387 89.7562
key_sched/G2/sbox_b_out[0] 5.4978 90.2552
key_sched/G2/sbox_a_out[7] 6.5429 87.1357
key_sched/G2/sbox_a_out[6] 5.02145 77.4239
key_sched/G2/sbox_a_out[5] 5.11245 69.853
key_sched/G2/sbox_a_out[4] 6.6318 74.0791
key_sched/G2/sbox_a_out[3] 4.893 85.2933
key_sched/G2/sbox_a_out[2] 8.2936 93.8555
key_sched/G2/sbox_a_out[1] 6.4498 90.6881
key_sched/G2/sbox_a_out[0] 8.7122 75.9119
