Weights:
	des_issues:		0.25
	des_perf:		0.25
	ti_fts_total:		0.5
	des_perf_setup_FEP:		(1/6)
	fsp_fi_ea_c_total:		0.5
	ti_fts:		0.5
	des_p_total:		0.25
	des_perf_setup_WNS:		(1/3)
	fsp_fi_ea_c_avg:		(1/6)
	fsp_fi_ea_c_max:		(1/3)
	des_perf_setup_TNS:		0.5
	fsp_fi_ea_n_avg:		(1/6)
	ti_sts_max:		(1/3)
	des_area:		0.25
	ti_fts_avg:		(1/6)
	fsp_fi_ea_n:		0.5
	fsp_fi_ea_n_total:		0.5
	ti_sts:		0.5
	fsp_fi_ea_n_max:		(1/3)
	fsp_fi_ea_c:		0.5
	ti_sts_avg:		(1/6)
	ti_sts_total:		0.5
	ti_fts_max:		(1/3)

Constraints:
	des_issues:		2
	des_perf:		20
	des_p_total:		10
	des_area:		3

Baseline metrics:
	des_issues:		174
	ti_fts_total:		109077
	des_perf_setup_FEP:		33
	fsp_fi_ea_c_total:		913.817
	des_p_total:		4.59613585
	des_perf_setup_WNS:		-0.519
	fsp_fi_ea_c_avg:		35.3756
	fsp_fi_ea_c_max:		86.1905
	des_perf_setup_TNS:		-6.693
	fsp_fi_ea_n_avg:		54.5857
	ti_sts_max:		385
	des_area:		30493.9208
	ti_fts_avg:		298.02
	fsp_fi_ea_n_total:		1878.62
	fsp_fi_ea_n_max:		100
	ti_sts_avg:		84.34
	ti_sts_total:		30870
	ti_fts_max:		914

Submission metrics:
	des_issues:		0
	ti_fts_total:		349
	des_perf_setup_FEP:		24
	fsp_fi_ea_c_total:		681.795
	des_p_total:		3.28128959
	des_perf_setup_WNS:		-0.344
	fsp_fi_ea_c_avg:		26.5876
	fsp_fi_ea_c_max:		80.3571
	des_perf_setup_TNS:		-2.726
	fsp_fi_ea_n_avg:		45.6346
	ti_sts_max:		54
	des_area:		16170.8469
	ti_fts_avg:		174.50
	fsp_fi_ea_n_total:		1376.57
	fsp_fi_ea_n_max:		100
	ti_sts_avg:		47.00
	ti_sts_total:		94
	ti_fts_max:		213

Base scores (non-weighted):
	des_issues:		0
	ti_fts_total:		.00319
	des_perf_setup_FEP:		.72727
	fsp_fi_ea_c_total:		.74609
	des_p_total:		.71392
	des_perf_setup_WNS:		.66281
	fsp_fi_ea_c_avg:		.75158
	fsp_fi_ea_c_max:		.93231
	des_perf_setup_TNS:		.40729
	fsp_fi_ea_n_avg:		.83601
	ti_sts_max:		.14025
	des_area:		.53029
	ti_fts_avg:		.58553
	fsp_fi_ea_n_total:		.73275
	fsp_fi_ea_n_max:		1.00000
	ti_sts_avg:		.55726
	ti_sts_total:		.00304
	ti_fts_max:		.23304

Scores (weighted):
	des_issues:		0.00000
	OVERALL:		0.21995
	des_perf:		0.54578
	ti_fts:		0.17685
	fsp_fi:		0.82404
	des_p_total:		0.71392
	des:		0.44750
	des_area:		0.53029
	fsp_fi_ea_n:		0.83903
	ti_sts:		0.14114
	fsp_fi_ea_c:		0.80905
	ti:		0.15899

Constraints checks:
Check for score component "des_issues" passed.
Check for score component "des_perf" passed.
Check for score component "des_p_total" passed.
Check for score component "des_area" passed.

