###############################################################
#  Generated by:      Cadence Innovus 21.16-s078_1
#  OS:                Linux x86_64(Host ID ece004.ece.local.cmu.edu)
#  Generated on:      Mon Jul 29 23:07:27 2024
#  Design:            top
#  Command:           check_connectivity
###############################################################
Verify Connectivity Report is created on Mon Jul 29 23:07:27 2024




Multi-CPU acceleration using 8 CPU


Use pthread

Net VSS: has special routes with opens at (0.000, 0.000) (131.910, 122.590)
Net VSS: has special routes with opens at (2.495, 45.435) (129.415, 46.355)
Net VSS: has special routes with opens at (2.495, 48.235) (129.415, 49.155)
Net VSS: has special routes with opens at (2.495, 51.035) (129.415, 51.955)
Net VSS: has special routes with opens at (2.495, 53.835) (129.415, 54.755)
Net VSS: has special routes with opens at (2.495, 56.635) (129.415, 57.555)
Net VSS: has special routes with opens at (2.495, 59.435) (129.415, 60.355)
Net VSS: has special routes with opens at (2.495, 62.235) (129.415, 63.155)
Net VSS: has special routes with opens at (2.495, 65.035) (129.415, 65.955)
Net VSS: has special routes with opens at (2.495, 67.835) (129.415, 68.755)
Net VSS: has special routes with opens at (2.495, 70.635) (129.415, 71.555)
Net VSS: has special routes with opens at (2.495, 73.435) (129.415, 74.355)
Net VSS: has special routes with opens at (2.495, 76.235) (129.415, 77.155)
Net VSS: has special routes with opens at (2.495, 79.035) (129.415, 79.955)
Net VSS: dangling Wire at (2.495, 3.895) (2.495, 3.895) on layer: metal1
Net VSS: dangling Wire at (2.495, 43.095) (2.495, 43.095) on layer: metal1
Net VSS: dangling Wire at (129.415, 48.695) (129.415, 48.695) on layer: metal1
Net VSS: dangling Wire at (2.495, 62.695) (2.495, 62.695) on layer: metal1
Net VSS: dangling Wire at (2.495, 71.095) (2.495, 71.095) on layer: metal1
Net VSS: dangling Wire at (129.415, 71.095) (129.415, 71.095) on layer: metal1
Net VDD: has special routes with opens at (1.600, 1.600) (130.310, 120.990)
Net VDD: has special routes with opens at (2.495, 2.410) (129.415, 3.185)
Net VDD: has special routes with opens at (2.495, 32.795) (129.415, 33.795)
Net VDD: has special routes with opens at (2.495, 77.595) (129.415, 78.595)
Net VDD: has special routes with opens at (2.495, 108.400) (129.415, 109.390)
Net VDD: has special routes with opens at (2.495, 119.600) (129.415, 120.180)
Net VDD: dangling Wire at (2.495, 2.495) (2.495, 2.495) on layer: metal1
Net VDD: dangling Wire at (129.415, 2.495) (129.415, 2.495) on layer: metal1
Net VDD: dangling Wire at (2.495, 120.095) (2.495, 120.095) on layer: metal1
Net VDD: dangling Wire at (129.415, 120.095) (129.415, 120.095) on layer: metal1

Begin Summary
    20 Problem(s) (IMPVFC-200): Special Wires: Pieces of the net are not connected together.
    10 Problem(s) (IMPVFC-94): The net has dangling wire(s).
    30 total info(s) created.
End Summary
