Weights:
	des_issues:		0.25
	des_perf:		0.25
	ti_fts_total:		0.5
	des_perf_setup_FEP:		(1/6)
	fsp_fi_ea_c_total:		0.5
	ti_fts:		0.5
	des_p_total:		0.25
	des_perf_setup_WNS:		(1/3)
	fsp_fi_ea_c_avg:		(1/6)
	fsp_fi_ea_c_max:		(1/3)
	des_perf_setup_TNS:		0.5
	fsp_fi_ea_n_avg:		(1/6)
	ti_sts_max:		(1/3)
	des_area:		0.25
	ti_fts_avg:		(1/6)
	fsp_fi_ea_n:		0.5
	fsp_fi_ea_n_total:		0.5
	ti_sts:		0.5
	fsp_fi_ea_n_max:		(1/3)
	fsp_fi_ea_c:		0.5
	ti_sts_avg:		(1/6)
	ti_sts_total:		0.5
	ti_fts_max:		(1/3)

Constraints:
	des_issues:		2
	des_perf:		20
	des_p_total:		10
	des_area:		3

Baseline metrics:
	des_issues:		169
	ti_fts_total:		1444
	des_perf_setup_FEP:		0
	fsp_fi_ea_c_total:		407.757
	des_p_total:		1.48222147
	des_perf_setup_WNS:		0.110
	fsp_fi_ea_c_avg:		53.6737
	fsp_fi_ea_c_max:		75.5882
	des_perf_setup_TNS:		0.000
	fsp_fi_ea_n_avg:		71.7035
	ti_sts_max:		29
	des_area:		5442.626
	ti_fts_avg:		144.40
	fsp_fi_ea_n_total:		180.984
	fsp_fi_ea_n_max:		100
	ti_sts_avg:		25.00
	ti_sts_total:		250
	ti_fts_max:		198

Submission metrics:
	des_issues:		0
	ti_fts_total:		585
	des_perf_setup_FEP:		0
	fsp_fi_ea_c_total:		218.468
	des_p_total:		1.17547865
	des_perf_setup_WNS:		0.031
	fsp_fi_ea_c_avg:		28.7573
	fsp_fi_ea_c_max:		57.0483
	des_perf_setup_TNS:		0.000
	fsp_fi_ea_n_avg:		62.6697
	ti_sts_max:		177
	des_area:		4821.8352
	ti_fts_avg:		146.25
	fsp_fi_ea_n_total:		633.565
	fsp_fi_ea_n_max:		95.3905
	ti_sts_avg:		61.75
	ti_sts_total:		247
	ti_fts_max:		301

Base scores (non-weighted):
	des_issues:		0
	ti_fts_total:		.40512
	des_perf_setup_FEP:		0
	fsp_fi_ea_c_total:		.53577
	des_p_total:		.79305
	des_perf_setup_WNS:		0
	fsp_fi_ea_c_avg:		.53578
	fsp_fi_ea_c_max:		.75472
	des_perf_setup_TNS:		0
	fsp_fi_ea_n_avg:		.87401
	ti_sts_max:		6.10344
	des_area:		.88593
	ti_fts_avg:		1.01281
	fsp_fi_ea_n_total:		3.50066
	fsp_fi_ea_n_max:		.95390
	ti_sts_avg:		2.47000
	ti_sts_total:		.98800
	ti_fts_max:		1.52020

Scores (weighted):
	des_issues:		0.00000
	OVERALL:		0.69687
	des_perf:		0.00001
	ti_fts:		0.87808
	fsp_fi:		1.41135
	des_p_total:		0.79305
	des:		0.41975
	des_area:		0.88593
	fsp_fi_ea_n:		2.21395
	ti_sts:		2.94010
	fsp_fi_ea_c:		0.60874
	ti:		1.90909

Constraints checks:
Check for score component "des_issues" passed.
Check for score component "des_perf" passed.
Check for score component "des_p_total" passed.
Check for score component "des_area" passed.

