Weights:
	des_issues:		0.25
	des_perf:		0.25
	ti_fts_total:		0.5
	des_perf_setup_FEP:		(1/6)
	fsp_fi_ea_c_total:		0.5
	ti_fts:		0.5
	des_p_total:		0.25
	des_perf_setup_WNS:		(1/3)
	fsp_fi_ea_c_avg:		(1/6)
	fsp_fi_ea_c_max:		(1/3)
	des_perf_setup_TNS:		0.5
	fsp_fi_ea_n_avg:		(1/6)
	ti_sts_max:		(1/3)
	des_area:		0.25
	ti_fts_avg:		(1/6)
	fsp_fi_ea_n:		0.5
	fsp_fi_ea_n_total:		0.5
	ti_sts:		0.5
	fsp_fi_ea_n_max:		(1/3)
	fsp_fi_ea_c:		0.5
	ti_sts_avg:		(1/6)
	ti_sts_total:		0.5
	ti_fts_max:		(1/3)

Constraints:
	des_issues:		2
	des_perf:		20
	des_p_total:		10
	des_area:		3

Baseline metrics:
	des_issues:		169
	ti_fts_total:		1444
	des_perf_setup_FEP:		0
	fsp_fi_ea_c_total:		407.757
	des_p_total:		1.48222147
	des_perf_setup_WNS:		0.110
	fsp_fi_ea_c_avg:		53.6737
	fsp_fi_ea_c_max:		75.5882
	des_perf_setup_TNS:		0.000
	fsp_fi_ea_n_avg:		71.7035
	ti_sts_max:		29
	des_area:		5442.626
	ti_fts_avg:		144.40
	fsp_fi_ea_n_total:		180.984
	fsp_fi_ea_n_max:		100
	ti_sts_avg:		25.00
	ti_sts_total:		250
	ti_fts_max:		198

Submission metrics:
	des_issues:		0
	ti_fts_total:		585
	des_perf_setup_FEP:		0
	fsp_fi_ea_c_total:		259.734
	des_p_total:		1.17197632
	des_perf_setup_WNS:		0.033
	fsp_fi_ea_c_avg:		34.1892
	fsp_fi_ea_c_max:		64.2935
	des_perf_setup_TNS:		0.000
	fsp_fi_ea_n_avg:		54.6845
	ti_sts_max:		177
	des_area:		4821.8352
	ti_fts_avg:		146.25
	fsp_fi_ea_n_total:		398.632
	fsp_fi_ea_n_max:		93.865
	ti_sts_avg:		61.75
	ti_sts_total:		247
	ti_fts_max:		301

Base scores (non-weighted):
	des_issues:		0
	ti_fts_total:		.40512
	des_perf_setup_FEP:		0
	fsp_fi_ea_c_total:		.63698
	des_p_total:		.79068
	des_perf_setup_WNS:		0
	fsp_fi_ea_c_avg:		.63698
	fsp_fi_ea_c_max:		.85057
	des_perf_setup_TNS:		0
	fsp_fi_ea_n_avg:		.76264
	ti_sts_max:		6.10344
	des_area:		.88593
	ti_fts_avg:		1.01281
	fsp_fi_ea_n_total:		2.20258
	fsp_fi_ea_n_max:		.93865
	ti_sts_avg:		2.47000
	ti_sts_total:		.98800
	ti_fts_max:		1.52020

Scores (weighted):
	des_issues:		0.00000
	OVERALL:		0.63582
	des_perf:		0.00001
	ti_fts:		0.87808
	fsp_fi:		1.12472
	des_p_total:		0.79068
	des:		0.41916
	des_area:		0.88593
	fsp_fi_ea_n:		1.54127
	ti_sts:		2.94010
	fsp_fi_ea_c:		0.70817
	ti:		1.90909

Constraints checks:
Check for score component "des_issues" passed.
Check for score component "des_perf" passed.
Check for score component "des_p_total" passed.
Check for score component "des_area" passed.

