Total exposed area across cell assets: 310.212
Max exposure [%] across cell assets: 66.0537
Avg exposure [%] across cell assets: 25.8871

Instance: sequencer/state_reg_2_ angle: 0 side: N Area_Exposed: 2.56215 Perc_Exposed: 56.6597
Instance: sequencer/state_reg_0_ angle: 0 side: N Area_Exposed: 1.71773 Perc_Exposed: 37.986
Instance: sequencer/round_reg_1_ angle: 0 side: N Area_Exposed: 2.0652 Perc_Exposed: 45.6701
Instance: sequencer/round_reg_2_ angle: 0 side: N Area_Exposed: 2.01045 Perc_Exposed: 44.4593
Instance: sequencer/round_reg_3_ angle: 0 side: N Area_Exposed: 1.5459 Perc_Exposed: 34.1862
Instance: sequencer/round_reg_4_ angle: 0 side: N Area_Exposed: 1.349 Perc_Exposed: 29.8319
Instance: sequencer/round_reg_0_ angle: 0 side: N Area_Exposed: 1.1126 Perc_Exposed: 24.6042
Instance: sequencer/state_reg_3_ angle: 0 side: N Area_Exposed: 2.1055 Perc_Exposed: 46.5613
Instance: sequencer/state_reg_1_ angle: 0 side: N Area_Exposed: 2.04233 Perc_Exposed: 45.1642
Instance: key_scheduler/ka_reg_96_ angle: 0 side: N Area_Exposed: 0.9344 Perc_Exposed: 20.6634
Instance: key_scheduler/ka_reg_17_ angle: 0 side: N Area_Exposed: 1.3503 Perc_Exposed: 29.8607
Instance: key_scheduler/ka_reg_28_ angle: 0 side: N Area_Exposed: 2.63357 Perc_Exposed: 58.2392
Instance: key_scheduler/ka_reg_13_ angle: 0 side: N Area_Exposed: 1.20802 Perc_Exposed: 26.7144
Instance: key_scheduler/ka_reg_15_ angle: 0 side: N Area_Exposed: 1.0354 Perc_Exposed: 22.8969
Instance: key_scheduler/ka_reg_126_ angle: 0 side: N Area_Exposed: 0.915425 Perc_Exposed: 20.2438
Instance: key_scheduler/ka_reg_109_ angle: 0 side: N Area_Exposed: 1.7015 Perc_Exposed: 37.6272
Instance: key_scheduler/ka_reg_124_ angle: 0 side: N Area_Exposed: 2.06062 Perc_Exposed: 45.5689
Instance: key_scheduler/ka_reg_11_ angle: 0 side: N Area_Exposed: 1.4385 Perc_Exposed: 31.8111
Instance: key_scheduler/ka_reg_26_ angle: 0 side: N Area_Exposed: 1.67005 Perc_Exposed: 36.9317
Instance: key_scheduler/ka_reg_9_ angle: 0 side: N Area_Exposed: 2.56752 Perc_Exposed: 56.7785
Instance: key_scheduler/ka_reg_24_ angle: 0 side: N Area_Exposed: 0.5888 Perc_Exposed: 13.0208
Instance: key_scheduler/ka_reg_7_ angle: 0 side: N Area_Exposed: 1.0609 Perc_Exposed: 23.4609
Instance: key_scheduler/ka_reg_22_ angle: 0 side: N Area_Exposed: 2.26943 Perc_Exposed: 50.1863
Instance: key_scheduler/ka_reg_5_ angle: 0 side: N Area_Exposed: 1.38268 Perc_Exposed: 30.5766
Instance: key_scheduler/ka_reg_20_ angle: 0 side: N Area_Exposed: 2.29095 Perc_Exposed: 50.6623
Instance: key_scheduler/ka_reg_3_ angle: 0 side: N Area_Exposed: 1.27552 Perc_Exposed: 28.2071
Instance: key_scheduler/ka_reg_18_ angle: 0 side: N Area_Exposed: 1.0715 Perc_Exposed: 23.6953
Instance: key_scheduler/ka_reg_1_ angle: 0 side: N Area_Exposed: 0.9433 Perc_Exposed: 20.8602
Instance: key_scheduler/ka_reg_16_ angle: 0 side: N Area_Exposed: 0.6686 Perc_Exposed: 14.7855
Instance: key_scheduler/ka_reg_127_ angle: 0 side: N Area_Exposed: 0.9119 Perc_Exposed: 20.1659
Instance: key_scheduler/ka_reg_14_ angle: 0 side: N Area_Exposed: 1.37165 Perc_Exposed: 30.3328
Instance: key_scheduler/ka_reg_29_ angle: 0 side: N Area_Exposed: 1.47813 Perc_Exposed: 32.6874
Instance: key_scheduler/ka_reg_12_ angle: 0 side: N Area_Exposed: 2.98695 Perc_Exposed: 66.0537
Instance: key_scheduler/ka_reg_27_ angle: 0 side: N Area_Exposed: 2.23757 Perc_Exposed: 49.482
Instance: key_scheduler/ka_reg_10_ angle: 0 side: N Area_Exposed: 2.31877 Perc_Exposed: 51.2776
Instance: key_scheduler/ka_reg_25_ angle: 0 side: N Area_Exposed: 1.5755 Perc_Exposed: 34.8408
Instance: key_scheduler/ka_reg_8_ angle: 0 side: N Area_Exposed: 1.00717 Perc_Exposed: 22.2728
Instance: key_scheduler/ka_reg_23_ angle: 0 side: N Area_Exposed: 0.74245 Perc_Exposed: 16.4186
Instance: key_scheduler/ka_reg_6_ angle: 0 side: N Area_Exposed: 0.71265 Perc_Exposed: 15.7596
Instance: key_scheduler/ka_reg_21_ angle: 0 side: N Area_Exposed: 1.3342 Perc_Exposed: 29.5046
Instance: key_scheduler/ka_reg_4_ angle: 0 side: N Area_Exposed: 1.24 Perc_Exposed: 27.4215
Instance: key_scheduler/ka_reg_19_ angle: 0 side: N Area_Exposed: 2.60925 Perc_Exposed: 57.7012
Instance: key_scheduler/ka_reg_2_ angle: 0 side: N Area_Exposed: 0.7875 Perc_Exposed: 17.4149
Instance: key_scheduler/ka_reg_113_ angle: 0 side: N Area_Exposed: 0.709625 Perc_Exposed: 15.6927
Instance: key_scheduler/ka_reg_98_ angle: 0 side: N Area_Exposed: 0.679325 Perc_Exposed: 15.0227
Instance: key_scheduler/ka_reg_115_ angle: 0 side: N Area_Exposed: 1.28612 Perc_Exposed: 28.4415
Instance: key_scheduler/ka_reg_100_ angle: 0 side: N Area_Exposed: 0.7362 Perc_Exposed: 16.2804
Instance: key_scheduler/ka_reg_117_ angle: 0 side: N Area_Exposed: 1.47593 Perc_Exposed: 32.6388
Instance: key_scheduler/ka_reg_102_ angle: 0 side: N Area_Exposed: 1.00593 Perc_Exposed: 22.2451
Instance: key_scheduler/ka_reg_119_ angle: 0 side: N Area_Exposed: 1.28995 Perc_Exposed: 28.5261
Instance: key_scheduler/ka_reg_104_ angle: 0 side: N Area_Exposed: 0.99485 Perc_Exposed: 22.0002
Instance: key_scheduler/ka_reg_121_ angle: 0 side: N Area_Exposed: 1.42485 Perc_Exposed: 31.5093
Instance: key_scheduler/ka_reg_106_ angle: 0 side: N Area_Exposed: 1.31118 Perc_Exposed: 28.9955
Instance: key_scheduler/ka_reg_123_ angle: 0 side: N Area_Exposed: 0.9215 Perc_Exposed: 20.3782
Instance: key_scheduler/ka_reg_108_ angle: 0 side: N Area_Exposed: 1.12288 Perc_Exposed: 24.8314
Instance: key_scheduler/ka_reg_125_ angle: 0 side: N Area_Exposed: 1.06252 Perc_Exposed: 23.4968
Instance: key_scheduler/ka_reg_110_ angle: 0 side: N Area_Exposed: 1.648 Perc_Exposed: 36.4441
Instance: key_scheduler/ka_reg_95_ angle: 0 side: N Area_Exposed: 0.819475 Perc_Exposed: 18.122
Instance: key_scheduler/ka_reg_112_ angle: 0 side: N Area_Exposed: 0.95235 Perc_Exposed: 21.0604
Instance: key_scheduler/ka_reg_97_ angle: 0 side: N Area_Exposed: 0.92575 Perc_Exposed: 20.4721
Instance: key_scheduler/ka_reg_114_ angle: 0 side: N Area_Exposed: 0.75365 Perc_Exposed: 16.6663
Instance: key_scheduler/ka_reg_99_ angle: 0 side: N Area_Exposed: 1.80932 Perc_Exposed: 40.0116
Instance: key_scheduler/ka_reg_116_ angle: 0 side: N Area_Exposed: 1.9798 Perc_Exposed: 43.7815
Instance: key_scheduler/ka_reg_101_ angle: 0 side: N Area_Exposed: 1.97525 Perc_Exposed: 43.6809
Instance: key_scheduler/ka_reg_118_ angle: 0 side: N Area_Exposed: 1.1793 Perc_Exposed: 26.0792
Instance: key_scheduler/ka_reg_103_ angle: 0 side: N Area_Exposed: 1.24075 Perc_Exposed: 27.4381
Instance: key_scheduler/ka_reg_120_ angle: 0 side: N Area_Exposed: 0.646175 Perc_Exposed: 14.2896
Instance: key_scheduler/ka_reg_105_ angle: 0 side: N Area_Exposed: 1.68113 Perc_Exposed: 37.1766
Instance: key_scheduler/ka_reg_122_ angle: 0 side: N Area_Exposed: 2.36095 Perc_Exposed: 52.2103
Instance: key_scheduler/ka_reg_107_ angle: 0 side: N Area_Exposed: 1.8787 Perc_Exposed: 41.5458
Instance: key_scheduler/ka_reg_92_ angle: 0 side: N Area_Exposed: 1.6807 Perc_Exposed: 37.1672
Instance: key_scheduler/ka_reg_75_ angle: 0 side: N Area_Exposed: 1.65065 Perc_Exposed: 36.5027
Instance: key_scheduler/ka_reg_90_ angle: 0 side: N Area_Exposed: 1.871 Perc_Exposed: 41.3755
Instance: key_scheduler/ka_reg_73_ angle: 0 side: N Area_Exposed: 2.9647 Perc_Exposed: 65.5617
Instance: key_scheduler/ka_reg_88_ angle: 0 side: N Area_Exposed: 0.782775 Perc_Exposed: 17.3104
Instance: key_scheduler/ka_reg_71_ angle: 0 side: N Area_Exposed: 1.07395 Perc_Exposed: 23.7494
Instance: key_scheduler/ka_reg_86_ angle: 0 side: N Area_Exposed: 1.8166 Perc_Exposed: 40.1725
Instance: key_scheduler/ka_reg_69_ angle: 0 side: N Area_Exposed: 1.13925 Perc_Exposed: 25.1935
Instance: key_scheduler/ka_reg_84_ angle: 0 side: N Area_Exposed: 1.10308 Perc_Exposed: 24.3935
Instance: key_scheduler/ka_reg_67_ angle: 0 side: N Area_Exposed: 1.06145 Perc_Exposed: 23.473
Instance: key_scheduler/ka_reg_82_ angle: 0 side: N Area_Exposed: 1.11525 Perc_Exposed: 24.6628
Instance: key_scheduler/ka_reg_65_ angle: 0 side: N Area_Exposed: 0.79115 Perc_Exposed: 17.4956
Instance: key_scheduler/ka_reg_80_ angle: 0 side: N Area_Exposed: 0.9177 Perc_Exposed: 20.2941
Instance: key_scheduler/ka_reg_63_ angle: 0 side: N Area_Exposed: 0.8029 Perc_Exposed: 17.7554
Instance: key_scheduler/ka_reg_78_ angle: 0 side: N Area_Exposed: 1.60493 Perc_Exposed: 35.4915
Instance: key_scheduler/ka_reg_93_ angle: 0 side: N Area_Exposed: 1.78505 Perc_Exposed: 39.4748
Instance: key_scheduler/ka_reg_76_ angle: 0 side: N Area_Exposed: 2.1223 Perc_Exposed: 46.9328
Instance: key_scheduler/ka_reg_91_ angle: 0 side: N Area_Exposed: 2.61455 Perc_Exposed: 57.8184
Instance: key_scheduler/ka_reg_74_ angle: 0 side: N Area_Exposed: 1.79395 Perc_Exposed: 39.6716
Instance: key_scheduler/ka_reg_89_ angle: 0 side: N Area_Exposed: 1.37357 Perc_Exposed: 30.3754
Instance: key_scheduler/ka_reg_72_ angle: 0 side: N Area_Exposed: 1.5295 Perc_Exposed: 33.8235
Instance: key_scheduler/ka_reg_87_ angle: 0 side: N Area_Exposed: 1.05383 Perc_Exposed: 23.3044
Instance: key_scheduler/ka_reg_70_ angle: 0 side: N Area_Exposed: 1.28825 Perc_Exposed: 28.4885
Instance: key_scheduler/ka_reg_85_ angle: 0 side: N Area_Exposed: 1.12645 Perc_Exposed: 24.9104
Instance: key_scheduler/ka_reg_68_ angle: 0 side: N Area_Exposed: 1.29322 Perc_Exposed: 28.5985
Instance: key_scheduler/ka_reg_83_ angle: 0 side: N Area_Exposed: 1.46475 Perc_Exposed: 32.3916
Instance: key_scheduler/ka_reg_66_ angle: 0 side: N Area_Exposed: 1.04972 Perc_Exposed: 23.2137
Instance: key_scheduler/ka_reg_81_ angle: 0 side: N Area_Exposed: 0.69215 Perc_Exposed: 15.3063
Instance: key_scheduler/ka_reg_64_ angle: 0 side: N Area_Exposed: 1.01358 Perc_Exposed: 22.4143
Instance: key_scheduler/ka_reg_79_ angle: 0 side: N Area_Exposed: 0.9997 Perc_Exposed: 22.1075
Instance: key_scheduler/ka_reg_62_ angle: 0 side: N Area_Exposed: 1.23905 Perc_Exposed: 27.4005
Instance: key_scheduler/ka_reg_45_ angle: 0 side: N Area_Exposed: 2.13117 Perc_Exposed: 47.129
Instance: key_scheduler/ka_reg_30_ angle: 0 side: N Area_Exposed: 1.5363 Perc_Exposed: 33.9739
Instance: key_scheduler/ka_reg_47_ angle: 0 side: N Area_Exposed: 1.16735 Perc_Exposed: 25.8149
Instance: key_scheduler/ka_reg_32_ angle: 0 side: N Area_Exposed: 0.728975 Perc_Exposed: 16.1206
Instance: key_scheduler/ka_reg_49_ angle: 0 side: N Area_Exposed: 0.47775 Perc_Exposed: 10.565
Instance: key_scheduler/ka_reg_34_ angle: 0 side: N Area_Exposed: 0.934175 Perc_Exposed: 20.6584
Instance: key_scheduler/ka_reg_51_ angle: 0 side: N Area_Exposed: 1.66722 Perc_Exposed: 36.8692
Instance: key_scheduler/ka_reg_36_ angle: 0 side: N Area_Exposed: 0.8677 Perc_Exposed: 19.1884
Instance: key_scheduler/ka_reg_53_ angle: 0 side: N Area_Exposed: 1.69013 Perc_Exposed: 37.3756
Instance: key_scheduler/ka_reg_38_ angle: 0 side: N Area_Exposed: 1.55795 Perc_Exposed: 34.4527
Instance: key_scheduler/ka_reg_55_ angle: 0 side: N Area_Exposed: 0.51475 Perc_Exposed: 11.3832
Instance: key_scheduler/ka_reg_40_ angle: 0 side: N Area_Exposed: 1.17865 Perc_Exposed: 26.0648
Instance: key_scheduler/ka_reg_57_ angle: 0 side: N Area_Exposed: 2.19065 Perc_Exposed: 48.4443
Instance: key_scheduler/ka_reg_42_ angle: 0 side: N Area_Exposed: 2.1905 Perc_Exposed: 48.441
Instance: key_scheduler/ka_reg_59_ angle: 0 side: N Area_Exposed: 1.04905 Perc_Exposed: 23.1988
Instance: key_scheduler/ka_reg_44_ angle: 0 side: N Area_Exposed: 1.71775 Perc_Exposed: 37.9865
Instance: key_scheduler/ka_reg_61_ angle: 0 side: N Area_Exposed: 1.93853 Perc_Exposed: 42.8688
Instance: key_scheduler/ka_reg_46_ angle: 0 side: N Area_Exposed: 1.53935 Perc_Exposed: 34.0414
Instance: key_scheduler/ka_reg_31_ angle: 0 side: N Area_Exposed: 0.6621 Perc_Exposed: 14.6418
Instance: key_scheduler/ka_reg_48_ angle: 0 side: N Area_Exposed: 0.6145 Perc_Exposed: 13.5891
Instance: key_scheduler/ka_reg_33_ angle: 0 side: N Area_Exposed: 1.3658 Perc_Exposed: 30.2034
Instance: key_scheduler/ka_reg_50_ angle: 0 side: N Area_Exposed: 1.53755 Perc_Exposed: 34.0015
Instance: key_scheduler/ka_reg_35_ angle: 0 side: N Area_Exposed: 1.0237 Perc_Exposed: 22.6382
Instance: key_scheduler/ka_reg_52_ angle: 0 side: N Area_Exposed: 1.6072 Perc_Exposed: 35.5418
Instance: key_scheduler/ka_reg_37_ angle: 0 side: N Area_Exposed: 1.79865 Perc_Exposed: 39.7755
Instance: key_scheduler/ka_reg_54_ angle: 0 side: N Area_Exposed: 2.05148 Perc_Exposed: 45.3665
Instance: key_scheduler/ka_reg_39_ angle: 0 side: N Area_Exposed: 2.2652 Perc_Exposed: 50.0929
Instance: key_scheduler/ka_reg_56_ angle: 0 side: N Area_Exposed: 0.740725 Perc_Exposed: 16.3805
Instance: key_scheduler/ka_reg_41_ angle: 0 side: N Area_Exposed: 1.96673 Perc_Exposed: 43.4924
Instance: key_scheduler/ka_reg_58_ angle: 0 side: N Area_Exposed: 1.3743 Perc_Exposed: 30.3914
Instance: key_scheduler/ka_reg_43_ angle: 0 side: N Area_Exposed: 0.874825 Perc_Exposed: 19.346
Instance: key_scheduler/ka_reg_60_ angle: 0 side: N Area_Exposed: 0.99875 Perc_Exposed: 22.0865
Instance: key_scheduler/ka_reg_77_ angle: 0 side: N Area_Exposed: 0.638425 Perc_Exposed: 14.1182
Instance: key_scheduler/ka_reg_94_ angle: 0 side: N Area_Exposed: 1.67885 Perc_Exposed: 37.1263
Instance: key_scheduler/ka_reg_111_ angle: 0 side: N Area_Exposed: 0.931275 Perc_Exposed: 20.5943
Instance: key_scheduler/ka_reg_0_ angle: 0 side: N Area_Exposed: 0.9079 Perc_Exposed: 20.0774
Instance: key_scheduler/kl_reg_113_ angle: 0 side: N Area_Exposed: 1.2682 Perc_Exposed: 28.0451
Instance: key_scheduler/kl_reg_2_ angle: 0 side: N Area_Exposed: 0.989975 Perc_Exposed: 21.8924
Instance: key_scheduler/kl_reg_115_ angle: 0 side: N Area_Exposed: 1.08435 Perc_Exposed: 23.9794
Instance: key_scheduler/kl_reg_100_ angle: 0 side: N Area_Exposed: 0.90065 Perc_Exposed: 19.9171
Instance: key_scheduler/kl_reg_117_ angle: 0 side: N Area_Exposed: 0.702025 Perc_Exposed: 15.5247
Instance: key_scheduler/kl_reg_102_ angle: 0 side: N Area_Exposed: 0.7851 Perc_Exposed: 17.3618
Instance: key_scheduler/kl_reg_119_ angle: 0 side: N Area_Exposed: 0.773775 Perc_Exposed: 17.1113
Instance: key_scheduler/kl_reg_104_ angle: 0 side: N Area_Exposed: 0.941725 Perc_Exposed: 20.8254
Instance: key_scheduler/kl_reg_121_ angle: 0 side: N Area_Exposed: 1.1788 Perc_Exposed: 26.0681
Instance: key_scheduler/kl_reg_106_ angle: 0 side: N Area_Exposed: 1.28573 Perc_Exposed: 28.4327
Instance: key_scheduler/kl_reg_123_ angle: 0 side: N Area_Exposed: 0.7664 Perc_Exposed: 16.9483
Instance: key_scheduler/kl_reg_108_ angle: 0 side: N Area_Exposed: 1.19545 Perc_Exposed: 26.4363
Instance: key_scheduler/kl_reg_125_ angle: 0 side: N Area_Exposed: 0.99325 Perc_Exposed: 21.9648
Instance: key_scheduler/kl_reg_110_ angle: 0 side: N Area_Exposed: 1.74345 Perc_Exposed: 38.5548
Instance: key_scheduler/kl_reg_127_ angle: 0 side: N Area_Exposed: 1.32075 Perc_Exposed: 29.2072
Instance: key_scheduler/kl_reg_112_ angle: 0 side: N Area_Exposed: 0.797 Perc_Exposed: 17.6249
Instance: key_scheduler/kl_reg_1_ angle: 0 side: N Area_Exposed: 1.136 Perc_Exposed: 25.1216
Instance: key_scheduler/kl_reg_114_ angle: 0 side: N Area_Exposed: 1.1753 Perc_Exposed: 25.9907
Instance: key_scheduler/kl_reg_99_ angle: 0 side: N Area_Exposed: 1.02775 Perc_Exposed: 22.7278
Instance: key_scheduler/kl_reg_116_ angle: 0 side: N Area_Exposed: 0.701575 Perc_Exposed: 15.5147
Instance: key_scheduler/kl_reg_101_ angle: 0 side: N Area_Exposed: 0.823025 Perc_Exposed: 18.2005
Instance: key_scheduler/kl_reg_118_ angle: 0 side: N Area_Exposed: 0.795575 Perc_Exposed: 17.5934
Instance: key_scheduler/kl_reg_103_ angle: 0 side: N Area_Exposed: 1.1584 Perc_Exposed: 25.617
Instance: key_scheduler/kl_reg_120_ angle: 0 side: N Area_Exposed: 0.7912 Perc_Exposed: 17.4967
Instance: key_scheduler/kl_reg_105_ angle: 0 side: N Area_Exposed: 1.23165 Perc_Exposed: 27.2368
Instance: key_scheduler/kl_reg_122_ angle: 0 side: N Area_Exposed: 1.3717 Perc_Exposed: 30.3339
Instance: key_scheduler/kl_reg_107_ angle: 0 side: N Area_Exposed: 1.26165 Perc_Exposed: 27.9003
Instance: key_scheduler/kl_reg_124_ angle: 0 side: N Area_Exposed: 1.52345 Perc_Exposed: 33.6897
Instance: key_scheduler/kl_reg_109_ angle: 0 side: N Area_Exposed: 1.5471 Perc_Exposed: 34.2127
Instance: key_scheduler/kl_reg_126_ angle: 0 side: N Area_Exposed: 1.17493 Perc_Exposed: 25.9824
Instance: key_scheduler/kl_reg_111_ angle: 0 side: N Area_Exposed: 1.21965 Perc_Exposed: 26.9715
Instance: key_scheduler/kl_reg_96_ angle: 0 side: N Area_Exposed: 0.932325 Perc_Exposed: 20.6175
Instance: key_scheduler/kl_reg_81_ angle: 0 side: N Area_Exposed: 0.677625 Perc_Exposed: 14.9851
Instance: key_scheduler/kl_reg_98_ angle: 0 side: N Area_Exposed: 1.32778 Perc_Exposed: 29.3626
Instance: key_scheduler/kl_reg_83_ angle: 0 side: N Area_Exposed: 0.632475 Perc_Exposed: 13.9866
Instance: key_scheduler/kl_reg_68_ angle: 0 side: N Area_Exposed: 0.9784 Perc_Exposed: 21.6364
Instance: key_scheduler/kl_reg_85_ angle: 0 side: N Area_Exposed: 1.0157 Perc_Exposed: 22.4613
Instance: key_scheduler/kl_reg_70_ angle: 0 side: N Area_Exposed: 0.76625 Perc_Exposed: 16.9449
Instance: key_scheduler/kl_reg_87_ angle: 0 side: N Area_Exposed: 0.77105 Perc_Exposed: 17.0511
Instance: key_scheduler/kl_reg_72_ angle: 0 side: N Area_Exposed: 0.421925 Perc_Exposed: 9.3305
Instance: key_scheduler/kl_reg_89_ angle: 0 side: N Area_Exposed: 0.635725 Perc_Exposed: 14.0585
Instance: key_scheduler/kl_reg_74_ angle: 0 side: N Area_Exposed: 0.8369 Perc_Exposed: 18.5073
Instance: key_scheduler/kl_reg_91_ angle: 0 side: N Area_Exposed: 1.04387 Perc_Exposed: 23.0844
Instance: key_scheduler/kl_reg_76_ angle: 0 side: N Area_Exposed: 1.14397 Perc_Exposed: 25.298
Instance: key_scheduler/kl_reg_93_ angle: 0 side: N Area_Exposed: 1.09575 Perc_Exposed: 24.2315
Instance: key_scheduler/kl_reg_78_ angle: 0 side: N Area_Exposed: 0.813225 Perc_Exposed: 17.9837
Instance: key_scheduler/kl_reg_95_ angle: 0 side: N Area_Exposed: 1.47808 Perc_Exposed: 32.6863
Instance: key_scheduler/kl_reg_80_ angle: 0 side: N Area_Exposed: 0.86605 Perc_Exposed: 19.1519
Instance: key_scheduler/kl_reg_97_ angle: 0 side: N Area_Exposed: 1.33785 Perc_Exposed: 29.5854
Instance: key_scheduler/kl_reg_82_ angle: 0 side: N Area_Exposed: 0.9268 Perc_Exposed: 20.4954
Instance: key_scheduler/kl_reg_67_ angle: 0 side: N Area_Exposed: 0.714 Perc_Exposed: 15.7895
Instance: key_scheduler/kl_reg_84_ angle: 0 side: N Area_Exposed: 0.725025 Perc_Exposed: 16.0333
Instance: key_scheduler/kl_reg_69_ angle: 0 side: N Area_Exposed: 0.586075 Perc_Exposed: 12.9605
Instance: key_scheduler/kl_reg_86_ angle: 0 side: N Area_Exposed: 1.0469 Perc_Exposed: 23.1513
Instance: key_scheduler/kl_reg_71_ angle: 0 side: N Area_Exposed: 0.826875 Perc_Exposed: 18.2856
Instance: key_scheduler/kl_reg_88_ angle: 0 side: N Area_Exposed: 0.6902 Perc_Exposed: 15.2632
Instance: key_scheduler/kl_reg_73_ angle: 0 side: N Area_Exposed: 0.729975 Perc_Exposed: 16.1427
Instance: key_scheduler/kl_reg_90_ angle: 0 side: N Area_Exposed: 1.29538 Perc_Exposed: 28.6461
Instance: key_scheduler/kl_reg_75_ angle: 0 side: N Area_Exposed: 0.880675 Perc_Exposed: 19.4753
Instance: key_scheduler/kl_reg_92_ angle: 0 side: N Area_Exposed: 0.75055 Perc_Exposed: 16.5977
Instance: key_scheduler/kl_reg_77_ angle: 0 side: N Area_Exposed: 0.880325 Perc_Exposed: 19.4676
Instance: key_scheduler/kl_reg_94_ angle: 0 side: N Area_Exposed: 0.918375 Perc_Exposed: 20.309
Instance: key_scheduler/kl_reg_79_ angle: 0 side: N Area_Exposed: 0.968175 Perc_Exposed: 21.4103
Instance: key_scheduler/kl_reg_64_ angle: 0 side: N Area_Exposed: 0.844025 Perc_Exposed: 18.6649
Instance: key_scheduler/kl_reg_49_ angle: 0 side: N Area_Exposed: 0.916225 Perc_Exposed: 20.2615
Instance: key_scheduler/kl_reg_66_ angle: 0 side: N Area_Exposed: 0.56595 Perc_Exposed: 12.5155
Instance: key_scheduler/kl_reg_51_ angle: 0 side: N Area_Exposed: 1.4034 Perc_Exposed: 31.0349
Instance: key_scheduler/kl_reg_36_ angle: 0 side: N Area_Exposed: 0.810425 Perc_Exposed: 17.9218
Instance: key_scheduler/kl_reg_53_ angle: 0 side: N Area_Exposed: 0.7084 Perc_Exposed: 15.6656
Instance: key_scheduler/kl_reg_38_ angle: 0 side: N Area_Exposed: 0.72555 Perc_Exposed: 16.0449
Instance: key_scheduler/kl_reg_55_ angle: 0 side: N Area_Exposed: 1.10178 Perc_Exposed: 24.3648
Instance: key_scheduler/kl_reg_40_ angle: 0 side: N Area_Exposed: 0.80905 Perc_Exposed: 17.8914
Instance: key_scheduler/kl_reg_57_ angle: 0 side: N Area_Exposed: 0.694 Perc_Exposed: 15.3472
Instance: key_scheduler/kl_reg_42_ angle: 0 side: N Area_Exposed: 0.59115 Perc_Exposed: 13.0728
Instance: key_scheduler/kl_reg_59_ angle: 0 side: N Area_Exposed: 0.712875 Perc_Exposed: 15.7646
Instance: key_scheduler/kl_reg_44_ angle: 0 side: N Area_Exposed: 0.72555 Perc_Exposed: 16.0449
Instance: key_scheduler/kl_reg_61_ angle: 0 side: N Area_Exposed: 1.13143 Perc_Exposed: 25.0205
Instance: key_scheduler/kl_reg_46_ angle: 0 side: N Area_Exposed: 0.804075 Perc_Exposed: 17.7814
Instance: key_scheduler/kl_reg_63_ angle: 0 side: N Area_Exposed: 1.31443 Perc_Exposed: 29.0673
Instance: key_scheduler/kl_reg_48_ angle: 0 side: N Area_Exposed: 0.5801 Perc_Exposed: 12.8284
Instance: key_scheduler/kl_reg_65_ angle: 0 side: N Area_Exposed: 0.80915 Perc_Exposed: 17.8936
Instance: key_scheduler/kl_reg_50_ angle: 0 side: N Area_Exposed: 1.09348 Perc_Exposed: 24.1812
Instance: key_scheduler/kl_reg_35_ angle: 0 side: N Area_Exposed: 1.09732 Perc_Exposed: 24.2664
Instance: key_scheduler/kl_reg_52_ angle: 0 side: N Area_Exposed: 0.571075 Perc_Exposed: 12.6288
Instance: key_scheduler/kl_reg_37_ angle: 0 side: N Area_Exposed: 0.5896 Perc_Exposed: 13.0385
Instance: key_scheduler/kl_reg_54_ angle: 0 side: N Area_Exposed: 0.718575 Perc_Exposed: 15.8906
Instance: key_scheduler/kl_reg_39_ angle: 0 side: N Area_Exposed: 0.786425 Perc_Exposed: 17.3911
Instance: key_scheduler/kl_reg_56_ angle: 0 side: N Area_Exposed: 0.60865 Perc_Exposed: 13.4598
Instance: key_scheduler/kl_reg_41_ angle: 0 side: N Area_Exposed: 0.78715 Perc_Exposed: 17.4071
Instance: key_scheduler/kl_reg_58_ angle: 0 side: N Area_Exposed: 0.577775 Perc_Exposed: 12.777
Instance: key_scheduler/kl_reg_43_ angle: 0 side: N Area_Exposed: 0.531825 Perc_Exposed: 11.7608
Instance: key_scheduler/kl_reg_60_ angle: 0 side: N Area_Exposed: 0.655375 Perc_Exposed: 14.493
Instance: key_scheduler/kl_reg_45_ angle: 0 side: N Area_Exposed: 1.04895 Perc_Exposed: 23.1966
Instance: key_scheduler/kl_reg_62_ angle: 0 side: N Area_Exposed: 0.675025 Perc_Exposed: 14.9276
Instance: key_scheduler/kl_reg_47_ angle: 0 side: N Area_Exposed: 1.1138 Perc_Exposed: 24.6307
Instance: key_scheduler/kl_reg_32_ angle: 0 side: N Area_Exposed: 0.59765 Perc_Exposed: 13.2165
Instance: key_scheduler/kl_reg_17_ angle: 0 side: N Area_Exposed: 0.61355 Perc_Exposed: 13.5681
Instance: key_scheduler/kl_reg_34_ angle: 0 side: N Area_Exposed: 0.8953 Perc_Exposed: 19.7988
Instance: key_scheduler/kl_reg_19_ angle: 0 side: N Area_Exposed: 1.1157 Perc_Exposed: 24.6727
Instance: key_scheduler/kl_reg_4_ angle: 0 side: N Area_Exposed: 1.08557 Perc_Exposed: 24.0065
Instance: key_scheduler/kl_reg_21_ angle: 0 side: N Area_Exposed: 0.95155 Perc_Exposed: 21.0427
Instance: key_scheduler/kl_reg_6_ angle: 0 side: N Area_Exposed: 0.89285 Perc_Exposed: 19.7446
Instance: key_scheduler/kl_reg_23_ angle: 0 side: N Area_Exposed: 1.14987 Perc_Exposed: 25.4285
Instance: key_scheduler/kl_reg_8_ angle: 0 side: N Area_Exposed: 1.03465 Perc_Exposed: 22.8804
Instance: key_scheduler/kl_reg_25_ angle: 0 side: N Area_Exposed: 0.57285 Perc_Exposed: 12.6681
Instance: key_scheduler/kl_reg_10_ angle: 0 side: N Area_Exposed: 0.929225 Perc_Exposed: 20.549
Instance: key_scheduler/kl_reg_27_ angle: 0 side: N Area_Exposed: 1.04095 Perc_Exposed: 23.0197
Instance: key_scheduler/kl_reg_12_ angle: 0 side: N Area_Exposed: 0.98825 Perc_Exposed: 21.8543
Instance: key_scheduler/kl_reg_29_ angle: 0 side: N Area_Exposed: 0.883925 Perc_Exposed: 19.5472
Instance: key_scheduler/kl_reg_14_ angle: 0 side: N Area_Exposed: 0.70145 Perc_Exposed: 15.5119
Instance: key_scheduler/kl_reg_31_ angle: 0 side: N Area_Exposed: 1.07048 Perc_Exposed: 23.6726
Instance: key_scheduler/kl_reg_16_ angle: 0 side: N Area_Exposed: 0.6682 Perc_Exposed: 14.7766
Instance: key_scheduler/kl_reg_33_ angle: 0 side: N Area_Exposed: 1.03618 Perc_Exposed: 22.9141
Instance: key_scheduler/kl_reg_18_ angle: 0 side: N Area_Exposed: 0.8781 Perc_Exposed: 19.4184
Instance: key_scheduler/kl_reg_3_ angle: 0 side: N Area_Exposed: 0.974325 Perc_Exposed: 21.5463
Instance: key_scheduler/kl_reg_20_ angle: 0 side: N Area_Exposed: 0.94725 Perc_Exposed: 20.9476
Instance: key_scheduler/kl_reg_5_ angle: 0 side: N Area_Exposed: 0.882225 Perc_Exposed: 19.5096
Instance: key_scheduler/kl_reg_22_ angle: 0 side: N Area_Exposed: 1.10765 Perc_Exposed: 24.4947
Instance: key_scheduler/kl_reg_7_ angle: 0 side: N Area_Exposed: 0.872325 Perc_Exposed: 19.2907
Instance: key_scheduler/kl_reg_24_ angle: 0 side: N Area_Exposed: 0.801225 Perc_Exposed: 17.7184
Instance: key_scheduler/kl_reg_9_ angle: 0 side: N Area_Exposed: 1.03393 Perc_Exposed: 22.8643
Instance: key_scheduler/kl_reg_26_ angle: 0 side: N Area_Exposed: 1.02528 Perc_Exposed: 22.673
Instance: key_scheduler/kl_reg_11_ angle: 0 side: N Area_Exposed: 0.926425 Perc_Exposed: 20.4871
Instance: key_scheduler/kl_reg_28_ angle: 0 side: N Area_Exposed: 0.709625 Perc_Exposed: 15.6927
Instance: key_scheduler/kl_reg_13_ angle: 0 side: N Area_Exposed: 0.865175 Perc_Exposed: 19.1326
Instance: key_scheduler/kl_reg_30_ angle: 0 side: N Area_Exposed: 0.585275 Perc_Exposed: 12.9428
Instance: key_scheduler/kl_reg_15_ angle: 0 side: N Area_Exposed: 1.33162 Perc_Exposed: 29.4477
Instance: key_scheduler/kl_reg_0_ angle: 0 side: N Area_Exposed: 0.866775 Perc_Exposed: 19.168
