( sequencer/state_reg_2_ 3.635 8.095 6.865 9.495 )
( sequencer/state_reg_0_ 2.495 2.495 5.725 3.895 )
( sequencer/round_reg_1_ 22.255 5.295 25.485 6.695 )
( sequencer/round_reg_2_ 23.015 2.495 26.245 3.895 )
( sequencer/round_reg_3_ 15.985 2.495 19.215 3.895 )
( sequencer/round_reg_4_ 17.695 6.695 20.925 8.095 )
( sequencer/round_reg_0_ 16.745 5.295 19.975 6.695 )
( sequencer/state_reg_3_ 2.495 3.895 5.725 5.295 )
( sequencer/state_reg_1_ 3.065 6.695 6.295 8.095 )
( key_scheduler/ka_reg_96_ 65.955 50.095 69.185 51.495 )
( key_scheduler/ka_reg_17_ 60.065 38.895 63.295 40.295 )
( key_scheduler/ka_reg_28_ 40.115 99.095 43.345 100.495 )
( key_scheduler/ka_reg_13_ 46.955 94.895 50.185 96.295 )
( key_scheduler/ka_reg_15_ 59.685 73.895 62.915 75.295 )
( key_scheduler/ka_reg_126_ 57.405 83.695 60.635 85.095 )
( key_scheduler/ka_reg_109_ 48.285 96.295 51.515 97.695 )
( key_scheduler/ka_reg_124_ 41.445 97.695 44.675 99.095 )
( key_scheduler/ka_reg_11_ 28.525 97.695 31.755 99.095 )
( key_scheduler/ka_reg_26_ 11.045 97.695 14.275 99.095 )
( key_scheduler/ka_reg_9_ 2.875 94.895 6.105 96.295 )
( key_scheduler/ka_reg_24_ 7.435 62.695 10.665 64.095 )
( key_scheduler/ka_reg_7_ 8.955 10.895 12.185 12.295 )
( key_scheduler/ka_reg_22_ 6.865 8.095 10.095 9.495 )
( key_scheduler/ka_reg_5_ 16.555 8.095 19.785 9.495 )
( key_scheduler/ka_reg_20_ 21.305 6.695 24.535 8.095 )
( key_scheduler/ka_reg_3_ 40.305 16.495 43.535 17.895 )
( key_scheduler/ka_reg_18_ 60.445 20.695 63.675 22.095 )
( key_scheduler/ka_reg_1_ 64.625 30.495 67.855 31.895 )
( key_scheduler/ka_reg_16_ 61.015 43.095 64.245 44.495 )
( key_scheduler/ka_reg_127_ 64.435 57.095 67.665 58.495 )
( key_scheduler/ka_reg_14_ 61.585 79.495 64.815 80.895 )
( key_scheduler/ka_reg_29_ 51.515 96.295 54.745 97.695 )
( key_scheduler/ka_reg_12_ 43.345 99.095 46.575 100.495 )
( key_scheduler/ka_reg_27_ 33.655 99.095 36.885 100.495 )
( key_scheduler/ka_reg_10_ 27.195 99.095 30.425 100.495 )
( key_scheduler/ka_reg_25_ 17.505 99.095 20.735 100.495 )
( key_scheduler/ka_reg_8_ 16.175 92.095 19.405 93.495 )
( key_scheduler/ka_reg_23_ 24.345 50.095 27.575 51.495 )
( key_scheduler/ka_reg_6_ 16.555 16.495 19.785 17.895 )
( key_scheduler/ka_reg_21_ 23.205 13.695 26.435 15.095 )
( key_scheduler/ka_reg_4_ 35.555 13.695 38.785 15.095 )
( key_scheduler/ka_reg_19_ 51.895 19.295 55.125 20.695 )
( key_scheduler/ka_reg_2_ 57.975 29.095 61.205 30.495 )
( key_scheduler/ka_reg_113_ 63.865 41.695 67.095 43.095 )
( key_scheduler/ka_reg_98_ 62.915 29.095 66.145 30.495 )
( key_scheduler/ka_reg_115_ 52.845 22.095 56.075 23.495 )
( key_scheduler/ka_reg_100_ 38.215 17.895 41.445 19.295 )
( key_scheduler/ka_reg_117_ 22.065 16.495 25.295 17.895 )
( key_scheduler/ka_reg_102_ 15.985 17.895 19.215 19.295 )
( key_scheduler/ka_reg_119_ 23.395 52.895 26.625 54.295 )
( key_scheduler/ka_reg_104_ 19.215 90.695 22.445 92.095 )
( key_scheduler/ka_reg_121_ 10.475 94.895 13.705 96.295 )
( key_scheduler/ka_reg_106_ 24.725 97.695 27.955 99.095 )
( key_scheduler/ka_reg_123_ 37.075 93.495 40.305 94.895 )
( key_scheduler/ka_reg_108_ 43.345 96.295 46.575 97.695 )
( key_scheduler/ka_reg_125_ 50.185 92.095 53.415 93.495 )
( key_scheduler/ka_reg_110_ 61.395 82.295 64.625 83.695 )
( key_scheduler/ka_reg_95_ 64.815 61.295 68.045 62.695 )
( key_scheduler/ka_reg_112_ 64.625 48.695 67.855 50.095 )
( key_scheduler/ka_reg_97_ 63.485 34.695 66.715 36.095 )
( key_scheduler/ka_reg_114_ 61.015 23.495 64.245 24.895 )
( key_scheduler/ka_reg_99_ 48.475 19.295 51.705 20.695 )
( key_scheduler/ka_reg_116_ 23.015 8.095 26.245 9.495 )
( key_scheduler/ka_reg_101_ 19.785 8.095 23.015 9.495 )
( key_scheduler/ka_reg_118_ 14.085 10.895 17.315 12.295 )
( key_scheduler/ka_reg_103_ 5.725 12.295 8.955 13.695 )
( key_scheduler/ka_reg_120_ 14.845 62.695 18.075 64.095 )
( key_scheduler/ka_reg_105_ 4.965 93.495 8.195 94.895 )
( key_scheduler/ka_reg_122_ 11.045 99.095 14.275 100.495 )
( key_scheduler/ka_reg_107_ 30.425 99.095 33.655 100.495 )
( key_scheduler/ka_reg_92_ 38.025 97.695 41.255 99.095 )
( key_scheduler/ka_reg_75_ 27.955 96.295 31.185 97.695 )
( key_scheduler/ka_reg_90_ 14.845 97.695 18.075 99.095 )
( key_scheduler/ka_reg_73_ 4.585 99.095 7.815 100.495 )
( key_scheduler/ka_reg_88_ 7.435 54.295 10.665 55.695 )
( key_scheduler/ka_reg_71_ 9.905 12.295 13.135 13.695 )
( key_scheduler/ka_reg_86_ 13.325 8.095 16.555 9.495 )
( key_scheduler/ka_reg_69_ 15.795 12.295 19.025 13.695 )
( key_scheduler/ka_reg_84_ 20.355 10.895 23.585 12.295 )
( key_scheduler/ka_reg_67_ 45.625 17.895 48.855 19.295 )
( key_scheduler/ka_reg_82_ 59.305 22.095 62.535 23.495 )
( key_scheduler/ka_reg_65_ 65.765 33.295 68.995 34.695 )
( key_scheduler/ka_reg_80_ 60.445 48.695 63.675 50.095 )
( key_scheduler/ka_reg_63_ 63.105 64.095 66.335 65.495 )
( key_scheduler/ka_reg_78_ 58.355 79.495 61.585 80.895 )
( key_scheduler/ka_reg_93_ 50.185 94.895 53.415 96.295 )
( key_scheduler/ka_reg_76_ 46.575 99.095 49.805 100.495 )
( key_scheduler/ka_reg_91_ 36.885 99.095 40.115 100.495 )
( key_scheduler/ka_reg_74_ 23.965 99.095 27.195 100.495 )
( key_scheduler/ka_reg_89_ 14.465 94.895 17.695 96.295 )
( key_scheduler/ka_reg_72_ 19.215 96.295 22.445 97.695 )
( key_scheduler/ka_reg_87_ 24.345 48.695 27.575 50.095 )
( key_scheduler/ka_reg_70_ 22.065 17.895 25.295 19.295 )
( key_scheduler/ka_reg_85_ 25.105 19.295 28.335 20.695 )
( key_scheduler/ka_reg_68_ 40.115 15.095 43.345 16.495 )
( key_scheduler/ka_reg_83_ 54.555 20.695 57.785 22.095 )
( key_scheduler/ka_reg_66_ 65.575 26.295 68.805 27.695 )
( key_scheduler/ka_reg_81_ 65.955 38.895 69.185 40.295 )
( key_scheduler/ka_reg_64_ 58.925 55.695 62.155 57.095 )
( key_scheduler/ka_reg_79_ 61.015 71.095 64.245 72.495 )
( key_scheduler/ka_reg_62_ 53.415 86.495 56.645 87.895 )
( key_scheduler/ka_reg_45_ 49.805 99.095 53.035 100.495 )
( key_scheduler/ka_reg_30_ 57.595 82.295 60.825 83.695 )
( key_scheduler/ka_reg_47_ 56.455 73.895 59.685 75.295 )
( key_scheduler/ka_reg_32_ 62.725 50.095 65.955 51.495 )
( key_scheduler/ka_reg_49_ 65.005 37.495 68.235 38.895 )
( key_scheduler/ka_reg_34_ 62.155 24.895 65.385 26.295 )
( key_scheduler/ka_reg_51_ 50.945 20.695 54.175 22.095 )
( key_scheduler/ka_reg_36_ 36.695 16.495 39.925 17.895 )
( key_scheduler/ka_reg_53_ 21.685 15.095 24.915 16.495 )
( key_scheduler/ka_reg_38_ 17.315 15.095 20.545 16.495 )
( key_scheduler/ka_reg_55_ 20.355 47.295 23.585 48.695 )
( key_scheduler/ka_reg_40_ 22.065 92.095 25.295 93.495 )
( key_scheduler/ka_reg_57_ 14.275 99.095 17.505 100.495 )
( key_scheduler/ka_reg_42_ 20.735 99.095 23.965 100.495 )
( key_scheduler/ka_reg_59_ 33.655 94.895 36.885 96.295 )
( key_scheduler/ka_reg_44_ 46.575 97.695 49.805 99.095 )
( key_scheduler/ka_reg_61_ 51.515 97.695 54.745 99.095 )
( key_scheduler/ka_reg_46_ 59.495 80.895 62.725 82.295 )
( key_scheduler/ka_reg_31_ 63.675 58.495 66.905 59.895 )
( key_scheduler/ka_reg_48_ 64.815 44.495 68.045 45.895 )
( key_scheduler/ka_reg_33_ 66.145 29.095 69.375 30.495 )
( key_scheduler/ka_reg_50_ 56.075 22.095 59.305 23.495 )
( key_scheduler/ka_reg_35_ 42.395 17.895 45.625 19.295 )
( key_scheduler/ka_reg_52_ 19.975 9.495 23.205 10.895 )
( key_scheduler/ka_reg_37_ 14.275 6.695 17.505 8.095 )
( key_scheduler/ka_reg_54_ 10.095 8.095 13.325 9.495 )
( key_scheduler/ka_reg_39_ 5.915 9.495 9.145 10.895 )
( key_scheduler/ka_reg_56_ 11.615 62.695 14.845 64.095 )
( key_scheduler/ka_reg_41_ 7.055 97.695 10.285 99.095 )
( key_scheduler/ka_reg_58_ 8.955 96.295 12.185 97.695 )
( key_scheduler/ka_reg_43_ 25.105 94.895 28.335 96.295 )
( key_scheduler/ka_reg_60_ 38.405 96.295 41.635 97.695 )
( key_scheduler/ka_reg_77_ 46.005 92.095 49.235 93.495 )
( key_scheduler/ka_reg_94_ 56.455 85.095 59.685 86.495 )
( key_scheduler/ka_reg_111_ 63.295 72.495 66.525 73.895 )
( key_scheduler/ka_reg_0_ 62.155 55.695 65.385 57.095 )
( key_scheduler/kl_reg_113_ 41.635 45.895 44.865 47.295 )
( key_scheduler/kl_reg_2_ 34.035 45.895 37.265 47.295 )
( key_scheduler/kl_reg_115_ 35.175 36.095 38.405 37.495 )
( key_scheduler/kl_reg_100_ 23.015 33.295 26.245 34.695 )
( key_scheduler/kl_reg_117_ 17.125 34.695 20.355 36.095 )
( key_scheduler/kl_reg_102_ 14.085 38.895 17.315 40.295 )
( key_scheduler/kl_reg_119_ 10.095 51.495 13.325 52.895 )
( key_scheduler/kl_reg_104_ 6.295 79.495 9.525 80.895 )
( key_scheduler/kl_reg_121_ 10.855 87.895 14.085 89.295 )
( key_scheduler/kl_reg_106_ 10.475 90.695 13.705 92.095 )
( key_scheduler/kl_reg_123_ 21.115 87.895 24.345 89.295 )
( key_scheduler/kl_reg_108_ 33.085 87.895 36.315 89.295 )
( key_scheduler/kl_reg_125_ 37.835 86.495 41.065 87.895 )
( key_scheduler/kl_reg_110_ 42.395 73.895 45.625 75.295 )
( key_scheduler/kl_reg_127_ 43.155 57.095 46.385 58.495 )
( key_scheduler/kl_reg_112_ 42.015 48.695 45.245 50.095 )
( key_scheduler/kl_reg_1_ 41.255 43.095 44.485 44.495 )
( key_scheduler/kl_reg_114_ 40.305 38.895 43.535 40.295 )
( key_scheduler/kl_reg_99_ 34.415 34.695 37.645 36.095 )
( key_scheduler/kl_reg_116_ 24.535 34.695 27.765 36.095 )
( key_scheduler/kl_reg_101_ 10.095 34.695 13.325 36.095 )
( key_scheduler/kl_reg_118_ 8.955 36.095 12.185 37.495 )
( key_scheduler/kl_reg_103_ 3.635 44.495 6.865 45.895 )
( key_scheduler/kl_reg_120_ 5.535 58.495 8.765 59.895 )
( key_scheduler/kl_reg_105_ 2.495 89.295 5.725 90.695 )
( key_scheduler/kl_reg_122_ 5.725 89.295 8.955 90.695 )
( key_scheduler/kl_reg_107_ 24.345 89.295 27.575 90.695 )
( key_scheduler/kl_reg_124_ 27.765 90.695 30.995 92.095 )
( key_scheduler/kl_reg_109_ 39.355 85.095 42.585 86.495 )
( key_scheduler/kl_reg_126_ 39.925 76.695 43.155 78.095 )
( key_scheduler/kl_reg_111_ 43.535 59.895 46.765 61.295 )
( key_scheduler/kl_reg_96_ 42.015 55.695 45.245 57.095 )
( key_scheduler/kl_reg_81_ 40.875 50.095 44.105 51.495 )
( key_scheduler/kl_reg_98_ 41.635 40.295 44.865 41.695 )
( key_scheduler/kl_reg_83_ 31.755 41.695 34.985 43.095 )
( key_scheduler/kl_reg_68_ 29.285 43.095 32.515 44.495 )
( key_scheduler/kl_reg_85_ 20.355 40.295 23.585 41.695 )
( key_scheduler/kl_reg_70_ 18.835 45.895 22.065 47.295 )
( key_scheduler/kl_reg_87_ 13.135 52.895 16.365 54.295 )
( key_scheduler/kl_reg_72_ 15.605 66.895 18.835 68.295 )
( key_scheduler/kl_reg_89_ 7.625 83.695 10.855 85.095 )
( key_scheduler/kl_reg_74_ 18.645 79.495 21.875 80.895 )
( key_scheduler/kl_reg_91_ 22.445 83.695 25.675 85.095 )
( key_scheduler/kl_reg_76_ 32.705 80.895 35.935 82.295 )
( key_scheduler/kl_reg_93_ 37.645 80.895 40.875 82.295 )
( key_scheduler/kl_reg_78_ 39.735 71.095 42.965 72.495 )
( key_scheduler/kl_reg_95_ 42.205 61.295 45.435 62.695 )
( key_scheduler/kl_reg_80_ 42.395 52.895 45.625 54.295 )
( key_scheduler/kl_reg_97_ 40.495 44.495 43.725 45.895 )
( key_scheduler/kl_reg_82_ 38.785 37.495 42.015 38.895 )
( key_scheduler/kl_reg_67_ 27.765 37.495 30.995 38.895 )
( key_scheduler/kl_reg_84_ 20.355 34.695 23.585 36.095 )
( key_scheduler/kl_reg_69_ 16.365 36.095 19.595 37.495 )
( key_scheduler/kl_reg_86_ 6.295 41.695 9.525 43.095 )
( key_scheduler/kl_reg_71_ 5.915 50.095 9.145 51.495 )
( key_scheduler/kl_reg_88_ 2.495 64.095 5.725 65.495 )
( key_scheduler/kl_reg_73_ 5.725 76.695 8.955 78.095 )
( key_scheduler/kl_reg_90_ 2.495 86.495 5.725 87.895 )
( key_scheduler/kl_reg_75_ 17.125 85.095 20.355 86.495 )
( key_scheduler/kl_reg_92_ 29.665 87.895 32.895 89.295 )
( key_scheduler/kl_reg_77_ 35.175 79.495 38.405 80.895 )
( key_scheduler/kl_reg_94_ 41.825 79.495 45.055 80.895 )
( key_scheduler/kl_reg_79_ 40.115 64.095 43.345 65.495 )
( key_scheduler/kl_reg_64_ 37.835 52.895 41.065 54.295 )
( key_scheduler/kl_reg_49_ 34.035 48.695 37.265 50.095 )
( key_scheduler/kl_reg_66_ 31.375 44.495 34.605 45.895 )
( key_scheduler/kl_reg_51_ 28.525 45.895 31.755 47.295 )
( key_scheduler/kl_reg_36_ 25.485 44.495 28.715 45.895 )
( key_scheduler/kl_reg_53_ 19.595 44.495 22.825 45.895 )
( key_scheduler/kl_reg_38_ 16.365 44.495 19.595 45.895 )
( key_scheduler/kl_reg_55_ 19.025 48.695 22.255 50.095 )
( key_scheduler/kl_reg_40_ 13.705 65.495 16.935 66.895 )
( key_scheduler/kl_reg_57_ 18.835 69.695 22.065 71.095 )
( key_scheduler/kl_reg_42_ 15.795 71.095 19.025 72.495 )
( key_scheduler/kl_reg_59_ 23.585 76.695 26.815 78.095 )
( key_scheduler/kl_reg_44_ 28.905 72.495 32.135 73.895 )
( key_scheduler/kl_reg_61_ 37.265 75.295 40.495 76.695 )
( key_scheduler/kl_reg_46_ 38.025 66.895 41.255 68.295 )
( key_scheduler/kl_reg_63_ 42.395 58.495 45.625 59.895 )
( key_scheduler/kl_reg_48_ 37.075 55.695 40.305 57.095 )
( key_scheduler/kl_reg_65_ 37.645 50.095 40.875 51.495 )
( key_scheduler/kl_reg_50_ 35.365 43.095 38.595 44.495 )
( key_scheduler/kl_reg_35_ 28.715 40.295 31.945 41.695 )
( key_scheduler/kl_reg_52_ 20.355 36.095 23.585 37.495 )
( key_scheduler/kl_reg_37_ 13.135 37.495 16.365 38.895 )
( key_scheduler/kl_reg_54_ 9.905 38.895 13.135 40.295 )
( key_scheduler/kl_reg_39_ 4.205 51.495 7.435 52.895 )
( key_scheduler/kl_reg_56_ 5.725 64.095 8.955 65.495 )
( key_scheduler/kl_reg_41_ 5.155 66.895 8.385 68.295 )
( key_scheduler/kl_reg_58_ 15.795 76.695 19.025 78.095 )
( key_scheduler/kl_reg_43_ 22.255 73.895 25.485 75.295 )
( key_scheduler/kl_reg_60_ 32.515 76.695 35.745 78.095 )
( key_scheduler/kl_reg_45_ 34.795 73.895 38.025 75.295 )
( key_scheduler/kl_reg_62_ 36.505 71.095 39.735 72.495 )
( key_scheduler/kl_reg_47_ 35.365 64.095 38.595 65.495 )
( key_scheduler/kl_reg_32_ 32.135 58.495 35.365 59.895 )
( key_scheduler/kl_reg_17_ 30.995 55.695 34.225 57.095 )
( key_scheduler/kl_reg_34_ 29.285 50.095 32.515 51.495 )
( key_scheduler/kl_reg_19_ 28.145 48.695 31.375 50.095 )
( key_scheduler/kl_reg_4_ 23.585 40.295 26.815 41.695 )
( key_scheduler/kl_reg_21_ 23.015 41.695 26.245 43.095 )
( key_scheduler/kl_reg_6_ 6.865 43.095 10.095 44.495 )
( key_scheduler/kl_reg_23_ 10.095 48.695 13.325 50.095 )
( key_scheduler/kl_reg_8_ 8.955 64.095 12.185 65.495 )
( key_scheduler/kl_reg_25_ 10.475 66.895 13.705 68.295 )
( key_scheduler/kl_reg_10_ 8.005 82.295 11.235 83.695 )
( key_scheduler/kl_reg_27_ 18.835 75.295 22.065 76.695 )
( key_scheduler/kl_reg_12_ 26.815 75.295 30.045 76.695 )
( key_scheduler/kl_reg_29_ 31.565 73.895 34.795 75.295 )
( key_scheduler/kl_reg_14_ 34.605 66.895 37.835 68.295 )
( key_scheduler/kl_reg_31_ 37.075 61.295 40.305 62.695 )
( key_scheduler/kl_reg_16_ 32.515 57.095 35.745 58.495 )
( key_scheduler/kl_reg_33_ 37.265 44.495 40.495 45.895 )
( key_scheduler/kl_reg_18_ 35.555 37.495 38.785 38.895 )
( key_scheduler/kl_reg_3_ 29.475 34.695 32.705 36.095 )
( key_scheduler/kl_reg_20_ 28.525 36.095 31.755 37.495 )
( key_scheduler/kl_reg_5_ 3.065 36.095 6.295 37.495 )
( key_scheduler/kl_reg_22_ 3.065 38.895 6.295 40.295 )
( key_scheduler/kl_reg_7_ 2.495 48.695 5.725 50.095 )
( key_scheduler/kl_reg_24_ 2.495 57.095 5.725 58.495 )
( key_scheduler/kl_reg_9_ 2.495 72.495 5.725 73.895 )
( key_scheduler/kl_reg_26_ 2.495 75.295 5.725 76.695 )
( key_scheduler/kl_reg_11_ 2.495 76.695 5.725 78.095 )
( key_scheduler/kl_reg_28_ 24.155 71.095 27.385 72.495 )
( key_scheduler/kl_reg_13_ 35.745 76.695 38.975 78.095 )
( key_scheduler/kl_reg_30_ 35.555 69.695 38.785 71.095 )
( key_scheduler/kl_reg_15_ 32.895 61.295 36.125 62.695 )
( key_scheduler/kl_reg_0_ 32.895 52.895 36.125 54.295 )
