Total exposed area across net assets: 493.532
Max exposure [%] across net assets: 94.9223
Avg exposure [%] across net assets: 38.023

#NetName TotalAreaNet PercentageExposedAreaNet
kl[127] 0.3017 33.9907
kl[126] 0.8736 1.40224
kl[125] 0.2884 4.36893
kl[124] 0.3808 43.6581
kl[123] 0.1925 55.6364
kl[122] 0.056 15.3125
kl[121] 0.0931 32.1429
kl[120] 0.2842 39.8399
kl[119] 0.43645 10.7458
kl[118] 1.1046 11.1534
kl[117] 0.7112 40.1575
kl[116] 1.2418 20.6877
kl[115] 0.4137 48.1387
kl[114] 0.7056 19.7917
kl[113] 0.2128 42.2697
kl[112] 0.3724 1.50376
kl[111] 0.2821 47.6427
kl[110] 0.5614 47.5062
kl[109] 0.09065 48.6486
kl[108] 0.0595 38.2353
kl[107] 0.0826 41.5254
kl[106] 0.2394 66.8129
kl[105] 0.231 38.1818
kl[104] 0.1393 0
kl[103] 0.1995 47.0175
kl[102] 0.3955 13.6283
kl[101] 1.2943 48.1341
kl[100] 0.1197 5.97327
kl[99] 1.26385 8.9172
kl[98] 0.6118 58.8101
kl[97] 1.7619 35.3
kl[96] 1.4476 34.2843
kl[95] 3.20355 40.2655
kl[94] 3.633 60.5829
kl[93] 1.6366 54.5766
kl[92] 1.5211 26.5877
kl[91] 1.01395 48.6883
kl[90] 0.8169 42.9092
kl[89] 0.90195 19.9651
kl[88] 2.8035 4.59426
kl[87] 3.69845 48.7224
kl[86] 3.1766 78.8012
kl[85] 1.8158 22.7448
kl[84] 3.07545 15.7335
kl[83] 2.15775 39.3674
kl[82] 1.3881 27.0424
kl[81] 2.0944 7.13331
kl[80] 3.2494 19.809
kl[79] 4.4177 28.4662
kl[78] 2.6026 52.3611
kl[77] 1.0899 35.0835
kl[76] 2.1343 56.6825
kl[75] 5.49675 43.4675
kl[74] 1.5323 31.9781
kl[73] 0.94675 17.4756
kl[72] 5.9612 65.2591
kl[71] 3.2319 31.9796
kl[70] 2.7972 31.275
kl[69] 3.3873 53.477
kl[68] 3.5903 13.141
kl[67] 3.3159 35.5183
kl[66] 4.25967 26.1575
kl[65] 2.55955 40.3186
kl[64] 2.43705 45.9141
kl[63] 3.9109 60.4707
kl[62] 1.8459 26.46
kl[61] 1.40315 4.68945
kl[60] 2.65055 41.0009
kl[59] 1.0157 18.6374
kl[58] 2.212 45.5278
kl[57] 1.092 39.0224
kl[56] 2.205 28.9116
kl[55] 2.8434 14.1433
kl[54] 4.32075 31.8023
kl[53] 2.64005 15.9287
kl[52] 1.064 22.0724
kl[51] 2.716 43.7242
kl[50] 3.31432 18.1266
kl[49] 1.74405 34.6679
kl[48] 1.6863 48.1631
kl[47] 2.7279 6.17141
kl[46] 2.3807 55.4543
kl[45] 0.8897 22.679
kl[44] 1.7024 38.3121
kl[43] 0.9289 30.0867
kl[42] 1.31285 31.9915
kl[41] 2.1812 63.2702
kl[40] 3.69075 32.679
kl[39] 1.1886 16.2839
kl[38] 1.8207 42.1953
kl[37] 3.4874 55.4145
kl[36] 2.7958 0
kl[35] 3.67395 23.9021
kl[34] 2.5151 17.9257
kl[33] 4.25845 10.2843
kl[32] 3.81745 52.613
kl[31] 2.0055 27.821
kl[30] 1.8382 24.8327
kl[29] 2.39785 15.7349
kl[28] 0.9604 7.76239
kl[27] 1.49485 29.3608
kl[26] 3.14142 24.9624
kl[25] 1.4889 25.5994
kl[24] 3.09015 55.4083
kl[23] 2.16825 15.5252
kl[22] 3.7016 20.6033
kl[21] 4.3932 20.7736
kl[20] 5.17195 30.5745
kl[19] 4.5241 51.0908
kl[18] 1.2222 43.0126
kl[17] 3.0884 22.3991
kl[16] 4.04635 51.3191
kl[15] 4.37115 24.569
kl[14] 4.74215 53.4657
kl[13] 3.7079 42.7601
kl[12] 4.5864 22.5733
kl[11] 3.0681 11.6986
kl[10] 3.5315 33.4638
kl[9] 2.20675 13.4179
kl[8] 3.5665 15.0736
kl[7] 4.33457 13.856
kl[6] 3.9767 29.4886
kl[5] 5.2297 28.5604
kl[4] 4.9679 28.8361
kl[3] 3.248 25.6789
kl[2] 3.05095 41.6887
kl[1] 1.0192 31.9025
kl[0] 1.95685 26.0776
ka[127] 7.0434 70.5448
ka[126] 3.5959 63.2422
ka[125] 3.9452 63.5069
ka[124] 3.5042 64.8322
ka[123] 2.14095 52.8013
ka[122] 4.14785 41.3335
ka[121] 2.0769 39.5854
ka[120] 13.0165 80.1537
ka[119] 11.5682 88.9144
ka[118] 3.25465 35.0591
ka[117] 2.8714 50.3726
ka[116] 6.4561 61.4496
ka[115] 4.42295 57.1417
ka[114] 6.44 56.5924
ka[113] 7.3003 40.723
ka[112] 6.00425 52.0256
ka[111] 6.7844 50.877
ka[110] 5.2325 32.4047
ka[109] 3.4587 50.8146
ka[108] 2.8273 60.4729
ka[107] 3.3271 51.4728
ka[106] 2.31 43.6688
ka[105] 6.3049 81.0885
ka[104] 7.74865 70.9395
ka[103] 8.043 71.9234
ka[102] 6.5191 67.3927
ka[101] 2.9022 59.5996
ka[100] 4.8713 31.4126
ka[99] 7.2338 63.8886
ka[98] 4.3204 62.7592
ka[97] 3.46605 26.1234
ka[96] 5.33575 35.0443
ka[95] 4.99765 54.5802
ka[94] 5.1002 48.305
ka[93] 4.9021 43.7154
ka[92] 3.81535 35.3454
ka[91] 4.37255 27.1912
ka[90] 4.17655 70.4541
ka[89] 2.21375 40.4766
ka[88] 12.3032 88.8505
ka[87] 11.9105 83.7593
ka[86] 2.67225 54.2605
ka[85] 2.79895 57.3715
ka[84] 4.00575 28.602
ka[83] 6.8754 46.8209
ka[82] 4.0432 45.6674
ka[81] 4.36975 18.5731
ka[80] 5.3683 33.2247
ka[79] 6.78475 50.5236
ka[78] 5.19715 19.3851
ka[77] 3.0954 57.0661
ka[76] 4.2105 44.867
ka[75] 3.3628 34.9329
ka[74] 4.23255 45.8199
ka[73] 7.38745 73.7149
ka[72] 7.9996 69.8935
ka[71] 7.3283 54.5396
ka[70] 5.2248 18.1514
ka[69] 2.29705 24.4477
ka[68] 5.4089 51.8668
ka[67] 6.5002 70.3613
ka[66] 3.34915 10.5131
ka[65] 4.38182 29.2504
ka[64] 6.71632 62.8156
ka[63] 4.65955 29.8162
ka[62] 4.5045 60.4745
ka[61] 5.29603 54.4007
ka[60] 3.87485 51.7343
ka[59] 4.52585 29.2707
ka[58] 3.32255 50.462
ka[57] 4.4485 45.1062
ka[56] 14.0675 90.0438
ka[55] 10.8549 94.9223
ka[54] 4.3127 40.517
ka[53] 2.7678 48.0147
ka[52] 6.75605 51.909
ka[51] 4.1272 25.8353
ka[50] 4.87025 55.8729
ka[49] 7.1302 46.0878
ka[48] 5.5888 33.1131
ka[47] 5.1478 57.6013
ka[46] 5.45265 20.4731
ka[45] 6.24785 54.9661
ka[44] 4.88915 61.4989
ka[43] 7.16415 72.3851
ka[42] 4.27437 16.6592
ka[41] 5.7645 11.8944
ka[40] 7.17745 59.2084
ka[39] 7.92855 60.2702
ka[38] 5.52755 47.1723
ka[37] 2.6894 56.3378
ka[36] 3.5364 38.1808
ka[35] 4.63225 54.167
ka[34] 4.6697 45.0794
ka[33] 4.0201 35.0812
ka[32] 5.68645 27.2235
ka[31] 6.36475 25.2025
ka[30] 5.08025 50.0172
ka[29] 6.2545 45.1287
ka[28] 5.9017 60.3695
ka[27] 5.28255 65.2786
ka[26] 5.4404 35.8981
ka[25] 4.683 41.1584
ka[24] 12.1821 67.3193
ka[23] 13.0718 86.0769
ka[22] 2.758 14.9556
ka[21] 3.32815 49.6642
ka[20] 4.2553 56.8021
ka[19] 4.8923 15.8116
ka[18] 5.2591 64.2653
ka[17] 4.63925 40.0868
ka[16] 4.5808 46.9285
ka[15] 5.92725 73.7467
ka[14] 5.8807 23.297
ka[13] 3.6197 48.8784
ka[12] 6.07215 70.7649
ka[11] 6.1936 51.5766
ka[10] 3.5994 22.1315
ka[9] 6.32625 67.7471
ka[8] 7.2282 84.7784
ka[7] 8.5267 56.1489
ka[6] 6.4225 12.3597
ka[5] 2.65125 66.9043
ka[4] 4.96125 32.7972
ka[3] 7.3122 67.8465
ka[2] 3.52765 51.0219
ka[1] 3.5161 18.1629
ka[0] 6.1789 36.9661
randomize/key_kl_or_ka[127] 0.5726 17.9095
randomize/key_kl_or_ka[126] 1.9663 31.2567
randomize/key_kl_or_ka[125] 0.7413 19.9548
randomize/key_kl_or_ka[124] 1.43815 22.1708
randomize/key_kl_or_ka[123] 0.3052 38.2454
randomize/key_kl_or_ka[122] 4.42715 64.9368
randomize/key_kl_or_ka[121] 1.36395 16.4357
randomize/key_kl_or_ka[120] 0.2394 29.8246
randomize/key_kl_or_ka[119] 0.37975 9.21659
randomize/key_kl_or_ka[118] 0.92085 44.3177
randomize/key_kl_or_ka[117] 0.413 29.661
randomize/key_kl_or_ka[116] 0.3038 19.9885
randomize/key_kl_or_ka[115] 0.73955 26.9522
randomize/key_kl_or_ka[114] 0.72415 20.203
randomize/key_kl_or_ka[113] 0.77735 24.7861
randomize/key_kl_or_ka[112] 0.52815 44.2346
randomize/key_kl_or_ka[111] 0.97125 40.4505
randomize/key_kl_or_ka[110] 1.0997 50.3183
randomize/key_kl_or_ka[109] 1.82245 51.3924
randomize/key_kl_or_ka[108] 1.3048 33.6105
randomize/key_kl_or_ka[107] 0.43365 42.8571
randomize/key_kl_or_ka[106] 1.6331 19.76
randomize/key_kl_or_ka[105] 1.54245 52.8818
randomize/key_kl_or_ka[104] 0.9303 19.1121
randomize/key_kl_or_ka[103] 0.8099 4.62403
randomize/key_kl_or_ka[102] 0.59675 26.6569
randomize/key_kl_or_ka[101] 0.66115 28.0572
randomize/key_kl_or_ka[100] 0.7525 7.13953
randomize/key_kl_or_ka[99] 0.46095 38.4586
randomize/key_kl_or_ka[98] 1.50955 42.9052
randomize/key_kl_or_ka[97] 0.2821 44.1687
randomize/key_kl_or_ka[96] 1.16795 34.9715
randomize/key_kl_or_ka[95] 0.5145 40.1361
randomize/key_kl_or_ka[94] 1.1193 60.2251
randomize/key_kl_or_ka[93] 1.1473 30.5761
randomize/key_kl_or_ka[92] 0.3185 22.967
randomize/key_kl_or_ka[91] 0.29645 23.9079
randomize/key_kl_or_ka[90] 0.4683 50
randomize/key_kl_or_ka[89] 0.3801 25.3749
randomize/key_kl_or_ka[88] 1.18755 40.5099
randomize/key_kl_or_ka[87] 0.5509 25.3812
randomize/key_kl_or_ka[86] 0.5432 59.0851
randomize/key_kl_or_ka[85] 0.29365 16.6865
randomize/key_kl_or_ka[84] 0.3556 50.935
randomize/key_kl_or_ka[83] 0.52535 0.632911
randomize/key_kl_or_ka[82] 0.6713 36.1575
randomize/key_kl_or_ka[81] 0.35735 40.5975
randomize/key_kl_or_ka[80] 0.44905 51.8316
randomize/key_kl_or_ka[79] 0.3605 41.4563
randomize/key_kl_or_ka[78] 0.7077 39.367
randomize/key_kl_or_ka[77] 0.47985 55.9081
randomize/key_kl_or_ka[76] 0.81025 29.2441
randomize/key_kl_or_ka[75] 0.6356 31.9659
randomize/key_kl_or_ka[74] 0.44555 48.3504
randomize/key_kl_or_ka[73] 0.29855 37.163
randomize/key_kl_or_ka[72] 0.7777 15.4365
randomize/key_kl_or_ka[71] 0.5866 45.9129
randomize/key_kl_or_ka[70] 0.2478 22.6695
randomize/key_kl_or_ka[69] 0.37205 29.0216
randomize/key_kl_or_ka[68] 0.3486 37.9016
randomize/key_kl_or_ka[67] 0.6363 34.956
randomize/key_kl_or_ka[66] 0.34055 22.2508
randomize/key_kl_or_ka[65] 0.4431 45.1817
randomize/key_kl_or_ka[64] 0.3934 13.0783
randomize/key_kl_or_ka[63] 0.3766 49.4424
randomize/key_kl_or_ka[62] 0.2086 48.1544
randomize/key_kl_or_ka[61] 0.6461 23.7579
randomize/key_kl_or_ka[60] 0.3521 33.2008
randomize/key_kl_or_ka[59] 0.329 23.7234
randomize/key_kl_or_ka[58] 0.2058 24.4048
randomize/key_kl_or_ka[57] 0.3605 34.466
randomize/key_kl_or_ka[56] 0.189 3.42593
randomize/key_kl_or_ka[55] 0.38395 39.7448
randomize/key_kl_or_ka[54] 0.2485 50.4225
randomize/key_kl_or_ka[53] 0.3115 19.3258
randomize/key_kl_or_ka[52] 0.39725 19.3392
randomize/key_kl_or_ka[51] 0.385 41.2727
randomize/key_kl_or_ka[50] 0.48475 30.3971
randomize/key_kl_or_ka[49] 0.34895 16.5496
randomize/key_kl_or_ka[48] 0.1288 42.7989
randomize/key_kl_or_ka[47] 0.1624 5.81897
randomize/key_kl_or_ka[46] 0.34965 15.4154
randomize/key_kl_or_ka[45] 0.6454 40.6453
randomize/key_kl_or_ka[44] 0.19985 3.94046
randomize/key_kl_or_ka[43] 0.294 19.1071
randomize/key_kl_or_ka[42] 0.1841 49.4297
randomize/key_kl_or_ka[41] 0.4081 10.8491
randomize/key_kl_or_ka[40] 0.6041 30.4585
randomize/key_kl_or_ka[39] 0.35 19.1
randomize/key_kl_or_ka[38] 0.4753 46.7231
randomize/key_kl_or_ka[37] 0.7077 25.1731
randomize/key_kl_or_ka[36] 0.3297 2.70701
randomize/key_kl_or_ka[35] 0.3955 24.2035
randomize/key_kl_or_ka[34] 0.3192 18.1469
randomize/key_kl_or_ka[33] 0.3122 65.4709
randomize/key_kl_or_ka[32] 0.2674 33.7696
randomize/key_kl_or_ka[31] 0.26425 28.2781
randomize/key_kl_or_ka[30] 0.3227 28.9046
randomize/key_kl_or_ka[29] 0.63525 32.6997
randomize/key_kl_or_ka[28] 0.1925 27.0909
randomize/key_kl_or_ka[27] 0.3752 39.319
randomize/key_kl_or_ka[26] 0.6321 45.8749
randomize/key_kl_or_ka[25] 1.1004 42.5413
randomize/key_kl_or_ka[24] 0.9191 29.8172
randomize/key_kl_or_ka[23] 0.57015 40.6077
randomize/key_kl_or_ka[22] 0.5796 52.808
randomize/key_kl_or_ka[21] 0.44275 24.2688
randomize/key_kl_or_ka[20] 0.5012 41.2709
randomize/key_kl_or_ka[19] 0.41825 28.9958
randomize/key_kl_or_ka[18] 0.287 16.9512
randomize/key_kl_or_ka[17] 0.4438 52.6814
randomize/key_kl_or_ka[16] 0.24605 38.7624
randomize/key_kl_or_ka[15] 0.3731 49.283
randomize/key_kl_or_ka[14] 0.5453 40.2439
randomize/key_kl_or_ka[13] 0.2975 33.7647
randomize/key_kl_or_ka[12] 0.30905 37.3726
randomize/key_kl_or_ka[11] 0.3346 14.5921
randomize/key_kl_or_ka[10] 0.2856 57.8431
randomize/key_kl_or_ka[9] 0.9009 44.7552
randomize/key_kl_or_ka[8] 0.5222 21.2323
randomize/key_kl_or_ka[7] 1.11125 39.9528
randomize/key_kl_or_ka[6] 0.2086 42.7852
randomize/key_kl_or_ka[5] 0.2954 9.6564
randomize/key_kl_or_ka[4] 0.3143 52.4499
randomize/key_kl_or_ka[3] 0.8183 19.6108
randomize/key_kl_or_ka[2] 0.455 19.3846
randomize/key_kl_or_ka[1] 0.40565 48.4901
randomize/key_kl_or_ka[0] 0.4676 45.4716
