###############################################################
#  Generated by:      Cadence Innovus 21.16-s078_1
#  OS:                Linux x86_64(Host ID ece004.ece.local.cmu.edu)
#  Generated on:      Sun Jul 28 14:07:40 2024
#  Design:            top
#  Command:           check_connectivity
###############################################################
Verify Connectivity Report is created on Sun Jul 28 14:07:40 2024




Multi-CPU acceleration using 8 CPU


Use pthread

Net VSS: has special routes with opens at (0.000, 0.000) (100.560, 102.990)
Net VSS: has special routes with opens at (2.495, 34.235) (98.065, 35.155)
Net VSS: has special routes with opens at (2.495, 37.035) (98.065, 37.955)
Net VSS: has special routes with opens at (2.495, 39.835) (98.065, 40.755)
Net VSS: has special routes with opens at (2.495, 42.635) (98.065, 43.555)
Net VSS: has special routes with opens at (2.495, 45.435) (98.065, 46.355)
Net VSS: has special routes with opens at (2.495, 48.235) (98.065, 49.155)
Net VSS: has special routes with opens at (2.495, 51.035) (98.065, 51.955)
Net VSS: has special routes with opens at (2.495, 53.835) (98.065, 54.755)
Net VSS: has special routes with opens at (2.495, 56.635) (98.065, 57.555)
Net VSS: has special routes with opens at (2.495, 59.435) (98.065, 60.355)
Net VSS: has special routes with opens at (2.495, 62.235) (98.065, 63.155)
Net VSS: has special routes with opens at (2.495, 65.035) (98.065, 65.955)
Net VSS: has special routes with opens at (2.495, 67.835) (98.065, 68.755)
Net VSS: dangling Wire at (98.065, 45.895) (98.065, 45.895) on layer: metal1
Net VSS: dangling Wire at (98.065, 48.695) (98.065, 48.695) on layer: metal1
Net VSS: dangling Wire at (2.495, 54.295) (2.495, 54.295) on layer: metal1
Net VDD: has special routes with opens at (1.600, 1.600) (98.960, 101.390)
Net VDD: has special routes with opens at (2.495, 2.410) (98.065, 2.995)
Net VDD: has special routes with opens at (2.495, 32.795) (98.065, 33.795)
Net VDD: has special routes with opens at (2.495, 77.595) (98.065, 78.590)
Net VDD: has special routes with opens at (2.495, 99.995) (98.065, 100.580)
Net VDD: dangling Wire at (98.065, 2.495) (98.065, 2.495) on layer: metal1
Net VDD: dangling Wire at (2.495, 100.495) (2.495, 100.495) on layer: metal1
Net VDD: dangling Wire at (98.065, 100.495) (98.065, 100.495) on layer: metal1

Begin Summary
    19 Problem(s) (IMPVFC-200): Special Wires: Pieces of the net are not connected together.
    6 Problem(s) (IMPVFC-94): The net has dangling wire(s).
    25 total info(s) created.
End Summary
