

// Path 1
Endpoint:      key_sched/K_reg_reg_2_/D
Beginpoint:    data_in[2]
Analysis View: generic_view
Hold Slack:    -254.2ps

Node: key_sched/K_reg_reg_2_/D
Net:  key_sched/n1167
  Setup Slack:   7391.6ps
  Analysis View: generic_view
  Failed Reason:
Node: key_sched/U2001/ZN
Net:  key_sched/n1167
  Setup Slack:   7391.6ps
  Analysis View: generic_view
  Failed Reason:
Node: key_sched/U2001/A
Net:  key_sched/n1802
  Setup Slack:   7391.6ps
  Analysis View: generic_view
  Failed Reason:
Node: key_sched/U2000/ZN
Net:  key_sched/n1802
  Setup Slack:   7391.6ps
  Analysis View: generic_view
  Failed Reason:
Node: key_sched/U2000/A1
Net:  data_in[2]
  Setup Slack:   9703.8ps
  Analysis View: generic_view
  Failed Reason:
Node: data_in[2]
Net:  data_in[2]
  Setup Slack:   9571.0ps
  Analysis View: generic_view
  Failed Reason:


// Path 2
Endpoint:      key_sched/K_reg_reg_18_/D
Beginpoint:    data_in[18]
Analysis View: generic_view
Hold Slack:    -253.9ps

Node: key_sched/K_reg_reg_18_/D
Net:  key_sched/n1183
  Setup Slack:   7395.0ps
  Analysis View: generic_view
  Failed Reason:
Node: key_sched/U1987/ZN
Net:  key_sched/n1183
  Setup Slack:   7395.0ps
  Analysis View: generic_view
  Failed Reason:
Node: key_sched/U1987/A
Net:  key_sched/n1795
  Setup Slack:   7395.0ps
  Analysis View: generic_view
  Failed Reason:
Node: key_sched/U1986/ZN
Net:  key_sched/n1795
  Setup Slack:   7395.0ps
  Analysis View: generic_view
  Failed Reason:
Node: key_sched/U1986/A1
Net:  data_in[18]
  Setup Slack:   9706.4ps
  Analysis View: generic_view
  Failed Reason:
Node: data_in[18]
Net:  data_in[18]
  Setup Slack:   9543.9ps
  Analysis View: generic_view
  Failed Reason:


// Path 3
Endpoint:      key_sched/K_reg_reg_5_/D
Beginpoint:    data_in[5]
Analysis View: generic_view
Hold Slack:    -252.2ps

Node: key_sched/K_reg_reg_5_/D
Net:  key_sched/n1170
  Setup Slack:   7389.0ps
  Analysis View: generic_view
  Failed Reason:
Node: key_sched/U1995/ZN
Net:  key_sched/n1170
  Setup Slack:   7389.0ps
  Analysis View: generic_view
  Failed Reason:
Node: key_sched/U1995/A
Net:  key_sched/n1799
  Setup Slack:   7389.0ps
  Analysis View: generic_view
  Failed Reason:
Node: key_sched/U1994/ZN
Net:  key_sched/n1799
  Setup Slack:   7389.0ps
  Analysis View: generic_view
  Failed Reason:
Node: key_sched/U1994/A1
Net:  data_in[5]
  Setup Slack:   9700.7ps
  Analysis View: generic_view
  Failed Reason:
Node: data_in[5]
Net:  data_in[5]
  Setup Slack:   9567.5ps
  Analysis View: generic_view
  Failed Reason:


// Path 4
Endpoint:      key_sched/K_reg_reg_99_/D
Beginpoint:    data_in[99]
Analysis View: generic_view
Hold Slack:    -252.1ps

Node: key_sched/K_reg_reg_99_/D
Net:  key_sched/n1264
  Setup Slack:   7387.5ps
  Analysis View: generic_view
  Failed Reason:
Node: key_sched/U1908/ZN
Net:  key_sched/n1264
  Setup Slack:   7387.5ps
  Analysis View: generic_view
  Failed Reason:
Node: key_sched/U1908/A
Net:  key_sched/n1749
  Setup Slack:   7387.5ps
  Analysis View: generic_view
  Failed Reason:
Node: key_sched/U1907/ZN
Net:  key_sched/n1749
  Setup Slack:   7387.5ps
  Analysis View: generic_view
  Failed Reason:
Node: key_sched/U1907/B2
Net:  data_in[99]
  Setup Slack:   9642.8ps
  Analysis View: generic_view
  Failed Reason:
Node: data_in[99]
Net:  data_in[99]
  Setup Slack:   9642.8ps
  Analysis View: generic_view
  Failed Reason:


// Path 5
Endpoint:      key_sched/K_reg_reg_120_/D
Beginpoint:    data_in[120]
Analysis View: generic_view
Hold Slack:    -251.9ps

Node: key_sched/K_reg_reg_120_/D
Net:  key_sched/n1285
  Setup Slack:   7419.5ps
  Analysis View: generic_view
  Failed Reason:
Node: key_sched/U1395/ZN
Net:  key_sched/n1285
  Setup Slack:   7419.5ps
  Analysis View: generic_view
  Failed Reason:
Node: key_sched/U1395/A
Net:  key_sched/n1139
  Setup Slack:   7419.5ps
  Analysis View: generic_view
  Failed Reason:
Node: key_sched/U1394/ZN
Net:  key_sched/n1139
  Setup Slack:   7419.5ps
  Analysis View: generic_view
  Failed Reason:
Node: key_sched/U1394/A2
Net:  data_in[120]
  Setup Slack:   9663.3ps
  Analysis View: generic_view
  Failed Reason:
Node: data_in[120]
Net:  data_in[120]
  Setup Slack:   9663.3ps
  Analysis View: generic_view
  Failed Reason:


// Path 6
Endpoint:      key_sched/K_reg_reg_19_/D
Beginpoint:    data_in[19]
Analysis View: generic_view
Hold Slack:    -251.1ps

Node: key_sched/K_reg_reg_19_/D
Net:  key_sched/n1184
  Setup Slack:   7388.0ps
  Analysis View: generic_view
  Failed Reason:
Node: key_sched/U1985/ZN
Net:  key_sched/n1184
  Setup Slack:   7388.0ps
  Analysis View: generic_view
  Failed Reason:
Node: key_sched/U1985/A
Net:  key_sched/n1794
  Setup Slack:   7388.0ps
  Analysis View: generic_view
  Failed Reason:
Node: key_sched/U1984/ZN
Net:  key_sched/n1794
  Setup Slack:   7388.0ps
  Analysis View: generic_view
  Failed Reason:
Node: key_sched/U1984/A1
Net:  data_in[19]
  Setup Slack:   9700.8ps
  Analysis View: generic_view
  Failed Reason:
Node: data_in[19]
Net:  data_in[19]
  Setup Slack:   9544.1ps
  Analysis View: generic_view
  Failed Reason:


// Path 7
Endpoint:      key_sched/K_reg_reg_101_/D
Beginpoint:    data_in[101]
Analysis View: generic_view
Hold Slack:    -250.8ps

Node: key_sched/K_reg_reg_101_/D
Net:  key_sched/n1266
  Setup Slack:   7389.1ps
  Analysis View: generic_view
  Failed Reason:
Node: key_sched/U1912/ZN
Net:  key_sched/n1266
  Setup Slack:   7389.1ps
  Analysis View: generic_view
  Failed Reason:
Node: key_sched/U1912/A
Net:  key_sched/n1751
  Setup Slack:   7389.1ps
  Analysis View: generic_view
  Failed Reason:
Node: key_sched/U1911/ZN
Net:  key_sched/n1751
  Setup Slack:   7389.1ps
  Analysis View: generic_view
  Failed Reason:
Node: key_sched/U1911/B2
Net:  data_in[101]
  Setup Slack:   9643.3ps
  Analysis View: generic_view
  Failed Reason:
Node: data_in[101]
Net:  data_in[101]
  Setup Slack:   9643.3ps
  Analysis View: generic_view
  Failed Reason:


// Path 8
Endpoint:      key_sched/K_reg_reg_50_/D
Beginpoint:    data_in[50]
Analysis View: generic_view
Hold Slack:    -250.2ps

Node: key_sched/K_reg_reg_50_/D
Net:  key_sched/n1215
  Setup Slack:   7392.1ps
  Analysis View: generic_view
  Failed Reason:
Node: key_sched/U1973/ZN
Net:  key_sched/n1215
  Setup Slack:   7392.1ps
  Analysis View: generic_view
  Failed Reason:
Node: key_sched/U1973/A
Net:  key_sched/n1788
  Setup Slack:   7392.1ps
  Analysis View: generic_view
  Failed Reason:
Node: key_sched/U1972/ZN
Net:  key_sched/n1788
  Setup Slack:   7392.1ps
  Analysis View: generic_view
  Failed Reason:
Node: key_sched/U1972/A1
Net:  data_in[50]
  Setup Slack:   9703.1ps
  Analysis View: generic_view
  Failed Reason:
Node: data_in[50]
Net:  data_in[50]
  Setup Slack:   9544.3ps
  Analysis View: generic_view
  Failed Reason:


// Path 9
Endpoint:      key_sched/K_reg_reg_3_/D
Beginpoint:    data_in[3]
Analysis View: generic_view
Hold Slack:    -249.7ps

Node: key_sched/K_reg_reg_3_/D
Net:  key_sched/n1168
  Setup Slack:   7386.4ps
  Analysis View: generic_view
  Failed Reason:
Node: key_sched/U1999/ZN
Net:  key_sched/n1168
  Setup Slack:   7386.4ps
  Analysis View: generic_view
  Failed Reason:
Node: key_sched/U1999/A
Net:  key_sched/n1801
  Setup Slack:   7386.4ps
  Analysis View: generic_view
  Failed Reason:
Node: key_sched/U1998/ZN
Net:  key_sched/n1801
  Setup Slack:   7386.4ps
  Analysis View: generic_view
  Failed Reason:
Node: key_sched/U1998/A1
Net:  data_in[3]
  Setup Slack:   9701.1ps
  Analysis View: generic_view
  Failed Reason:
Node: data_in[3]
Net:  data_in[3]
  Setup Slack:   9492.2ps
  Analysis View: generic_view
  Failed Reason:


// Path 10
Endpoint:      key_sched/K_reg_reg_21_/D
Beginpoint:    data_in[21]
Analysis View: generic_view
Hold Slack:    -249.7ps

Node: key_sched/K_reg_reg_21_/D
Net:  key_sched/n1186
  Setup Slack:   7390.3ps
  Analysis View: generic_view
  Failed Reason:
Node: key_sched/U1981/ZN
Net:  key_sched/n1186
  Setup Slack:   7390.3ps
  Analysis View: generic_view
  Failed Reason:
Node: key_sched/U1981/A
Net:  key_sched/n1792
  Setup Slack:   7390.3ps
  Analysis View: generic_view
  Failed Reason:
Node: key_sched/U1980/ZN
Net:  key_sched/n1792
  Setup Slack:   7390.3ps
  Analysis View: generic_view
  Failed Reason:
Node: key_sched/U1980/A1
Net:  data_in[21]
  Setup Slack:   9701.9ps
  Analysis View: generic_view
  Failed Reason:
Node: data_in[21]
Net:  data_in[21]
  Setup Slack:   9476.6ps
  Analysis View: generic_view
  Failed Reason:


// Path 11
Endpoint:      key_sched/K_reg_reg_37_/D
Beginpoint:    data_in[37]
Analysis View: generic_view
Hold Slack:    -249.3ps

Node: key_sched/K_reg_reg_37_/D
Net:  key_sched/n1202
  Setup Slack:   7386.7ps
  Analysis View: generic_view
  Failed Reason:
Node: key_sched/U1898/ZN
Net:  key_sched/n1202
  Setup Slack:   7386.7ps
  Analysis View: generic_view
  Failed Reason:
Node: key_sched/U1898/A
Net:  key_sched/n1744
  Setup Slack:   7386.7ps
  Analysis View: generic_view
  Failed Reason:
Node: key_sched/U1897/ZN
Net:  key_sched/n1744
  Setup Slack:   7386.7ps
  Analysis View: generic_view
  Failed Reason:
Node: key_sched/U1897/B2
Net:  data_in[37]
  Setup Slack:   9640.1ps
  Analysis View: generic_view
  Failed Reason:
Node: data_in[37]
Net:  data_in[37]
  Setup Slack:   9573.1ps
  Analysis View: generic_view
  Failed Reason:


// Path 12
Endpoint:      state_reg_reg_1_/D
Beginpoint:    EncDec
Analysis View: generic_view
Hold Slack:    -249.0ps

Node: state_reg_reg_1_/D
Net:  n34
  Setup Slack:   8366.8ps
  Analysis View: generic_view
  Failed Reason:
Node: U88/ZN
Net:  n34
  Setup Slack:   8366.8ps
  Analysis View: generic_view
  Failed Reason:
Node: U88/A1
Net:  EncDec
  Setup Slack:   9720.1ps
  Analysis View: generic_view
  Failed Reason:
Node: EncDec
Net:  EncDec
  Setup Slack:   -602.6ps
  Analysis View: generic_view
  Failed Reason:


// Path 13
Endpoint:      key_sched/K_reg_reg_24_/D
Beginpoint:    data_in[24]
Analysis View: generic_view
Hold Slack:    -249.0ps

Node: key_sched/K_reg_reg_24_/D
Net:  key_sched/n1189
  Setup Slack:   7425.4ps
  Analysis View: generic_view
  Failed Reason:
Node: key_sched/U1381/ZN
Net:  key_sched/n1189
  Setup Slack:   7425.4ps
  Analysis View: generic_view
  Failed Reason:
Node: key_sched/U1381/A
Net:  key_sched/n1132
  Setup Slack:   7425.4ps
  Analysis View: generic_view
  Failed Reason:
Node: key_sched/U1380/ZN
Net:  key_sched/n1132
  Setup Slack:   7425.4ps
  Analysis View: generic_view
  Failed Reason:
Node: key_sched/U1380/A2
Net:  data_in[24]
  Setup Slack:   9662.7ps
  Analysis View: generic_view
  Failed Reason:
Node: data_in[24]
Net:  data_in[24]
  Setup Slack:   9560.0ps
  Analysis View: generic_view
  Failed Reason:


// Path 14
Endpoint:      key_sched/K_reg_reg_35_/D
Beginpoint:    data_in[35]
Analysis View: generic_view
Hold Slack:    -248.8ps

Node: key_sched/K_reg_reg_35_/D
Net:  key_sched/n1200
  Setup Slack:   7385.8ps
  Analysis View: generic_view
  Failed Reason:
Node: key_sched/U1894/ZN
Net:  key_sched/n1200
  Setup Slack:   7385.8ps
  Analysis View: generic_view
  Failed Reason:
Node: key_sched/U1894/A
Net:  key_sched/n1742
  Setup Slack:   7385.8ps
  Analysis View: generic_view
  Failed Reason:
Node: key_sched/U1893/ZN
Net:  key_sched/n1742
  Setup Slack:   7385.8ps
  Analysis View: generic_view
  Failed Reason:
Node: key_sched/U1893/B2
Net:  data_in[35]
  Setup Slack:   9640.0ps
  Analysis View: generic_view
  Failed Reason:
Node: data_in[35]
Net:  data_in[35]
  Setup Slack:   9474.5ps
  Analysis View: generic_view
  Failed Reason:


// Path 15
Endpoint:      key_sched/K_reg_reg_34_/D
Beginpoint:    data_in[34]
Analysis View: generic_view
Hold Slack:    -248.7ps

Node: key_sched/K_reg_reg_34_/D
Net:  key_sched/n1199
  Setup Slack:   7384.1ps
  Analysis View: generic_view
  Failed Reason:
Node: key_sched/U1892/ZN
Net:  key_sched/n1199
  Setup Slack:   7384.1ps
  Analysis View: generic_view
  Failed Reason:
Node: key_sched/U1892/A
Net:  key_sched/n1741
  Setup Slack:   7384.1ps
  Analysis View: generic_view
  Failed Reason:
Node: key_sched/U1891/ZN
Net:  key_sched/n1741
  Setup Slack:   7384.1ps
  Analysis View: generic_view
  Failed Reason:
Node: key_sched/U1891/B2
Net:  data_in[34]
  Setup Slack:   9638.9ps
  Analysis View: generic_view
  Failed Reason:
Node: data_in[34]
Net:  data_in[34]
  Setup Slack:   9570.9ps
  Analysis View: generic_view
  Failed Reason:


// Path 16
Endpoint:      key_sched/K_reg_reg_53_/D
Beginpoint:    data_in[53]
Analysis View: generic_view
Hold Slack:    -248.3ps

Node: key_sched/K_reg_reg_53_/D
Net:  key_sched/n1218
  Setup Slack:   7393.9ps
  Analysis View: generic_view
  Failed Reason:
Node: key_sched/U1967/ZN
Net:  key_sched/n1218
  Setup Slack:   7393.9ps
  Analysis View: generic_view
  Failed Reason:
Node: key_sched/U1967/A
Net:  key_sched/n1784
  Setup Slack:   7393.9ps
  Analysis View: generic_view
  Failed Reason:
Node: key_sched/U1966/ZN
Net:  key_sched/n1784
  Setup Slack:   7393.9ps
  Analysis View: generic_view
  Failed Reason:
Node: key_sched/U1966/A1
Net:  data_in[53]
  Setup Slack:   9703.4ps
  Analysis View: generic_view
  Failed Reason:
Node: data_in[53]
Net:  data_in[53]
  Setup Slack:   9559.2ps
  Analysis View: generic_view
  Failed Reason:


// Path 17
Endpoint:      key_sched/K_reg_reg_51_/D
Beginpoint:    data_in[51]
Analysis View: generic_view
Hold Slack:    -248.1ps

Node: key_sched/K_reg_reg_51_/D
Net:  key_sched/n1216
  Setup Slack:   7381.7ps
  Analysis View: generic_view
  Failed Reason:
Node: key_sched/U1971/ZN
Net:  key_sched/n1216
  Setup Slack:   7381.7ps
  Analysis View: generic_view
  Failed Reason:
Node: key_sched/U1971/A
Net:  key_sched/n1787
  Setup Slack:   7381.7ps
  Analysis View: generic_view
  Failed Reason:
Node: key_sched/U1970/ZN
Net:  key_sched/n1787
  Setup Slack:   7381.7ps
  Analysis View: generic_view
  Failed Reason:
Node: key_sched/U1970/A1
Net:  data_in[51]
  Setup Slack:   9699.7ps
  Analysis View: generic_view
  Failed Reason:
Node: data_in[51]
Net:  data_in[51]
  Setup Slack:   9542.3ps
  Analysis View: generic_view
  Failed Reason:


// Path 18
Endpoint:      randomize/data_reg_reg_48_/D
Beginpoint:    data_in[48]
Analysis View: generic_view
Hold Slack:    -247.9ps

Node: randomize/data_reg_reg_48_/D
Net:  randomize/n490
  Setup Slack:   610.6ps
  Analysis View: generic_view
  Failed Reason:
Node: randomize/U482/ZN
Net:  randomize/n490
  Setup Slack:   610.6ps
  Analysis View: generic_view
  Failed Reason:
Node: randomize/U482/A
Net:  randomize/n333
  Setup Slack:   8057.4ps
  Analysis View: generic_view
  Failed Reason:
Node: randomize/U156/ZN
Net:  randomize/n333
  Setup Slack:   8057.4ps
  Analysis View: generic_view
  Failed Reason:
Node: randomize/U156/B2
Net:  data_in[48]
  Setup Slack:   9629.2ps
  Analysis View: generic_view
  Failed Reason:
Node: data_in[48]
Net:  data_in[48]
  Setup Slack:   9477.9ps
  Analysis View: generic_view
  Failed Reason:


// Path 19
Endpoint:      key_sched/K_reg_reg_8_/D
Beginpoint:    data_in[8]
Analysis View: generic_view
Hold Slack:    -247.4ps

Node: key_sched/K_reg_reg_8_/D
Net:  key_sched/n1173
  Setup Slack:   7419.8ps
  Analysis View: generic_view
  Failed Reason:
Node: key_sched/U1391/ZN
Net:  key_sched/n1173
  Setup Slack:   7419.8ps
  Analysis View: generic_view
  Failed Reason:
Node: key_sched/U1391/A
Net:  key_sched/n1137
  Setup Slack:   7419.8ps
  Analysis View: generic_view
  Failed Reason:
Node: key_sched/U1390/ZN
Net:  key_sched/n1137
  Setup Slack:   7419.8ps
  Analysis View: generic_view
  Failed Reason:
Node: key_sched/U1390/A2
Net:  data_in[8]
  Setup Slack:   9660.7ps
  Analysis View: generic_view
  Failed Reason:
Node: data_in[8]
Net:  data_in[8]
  Setup Slack:   9551.9ps
  Analysis View: generic_view
  Failed Reason:


// Path 20
Endpoint:      randomize/data_reg_reg_13_/D
Beginpoint:    data_in[13]
Analysis View: generic_view
Hold Slack:    -246.7ps

Node: randomize/data_reg_reg_13_/D
Net:  randomize/n525
  Setup Slack:   418.2ps
  Analysis View: generic_view
  Failed Reason:
Node: randomize/U190/ZN
Net:  randomize/n525
  Setup Slack:   418.2ps
  Analysis View: generic_view
  Failed Reason:
Node: randomize/U190/A2
Net:  randomize/n55
  Setup Slack:   8111.1ps
  Analysis View: generic_view
  Failed Reason:
Node: randomize/U157/ZN
Net:  randomize/n55
  Setup Slack:   8111.1ps
  Analysis View: generic_view
  Failed Reason:
Node: randomize/U157/C1
Net:  data_in[13]
  Setup Slack:   9601.2ps
  Analysis View: generic_view
  Failed Reason:
Node: data_in[13]
Net:  data_in[13]
  Setup Slack:   9601.2ps
  Analysis View: generic_view
  Failed Reason:


// Path 21
Endpoint:      key_sched/K_reg_reg_60_/D
Beginpoint:    data_in[60]
Analysis View: generic_view
Hold Slack:    -246.4ps

Node: key_sched/K_reg_reg_60_/D
Net:  key_sched/n1225
  Setup Slack:   7423.8ps
  Analysis View: generic_view
  Failed Reason:
Node: key_sched/U1467/ZN
Net:  key_sched/n1225
  Setup Slack:   7423.8ps
  Analysis View: generic_view
  Failed Reason:
Node: key_sched/U1467/A
Net:  key_sched/n1442
  Setup Slack:   7423.8ps
  Analysis View: generic_view
  Failed Reason:
Node: key_sched/U1466/ZN
Net:  key_sched/n1442
  Setup Slack:   7423.8ps
  Analysis View: generic_view
  Failed Reason:
Node: key_sched/U1466/A2
Net:  data_in[60]
  Setup Slack:   9658.6ps
  Analysis View: generic_view
  Failed Reason:
Node: data_in[60]
Net:  data_in[60]
  Setup Slack:   9566.6ps
  Analysis View: generic_view
  Failed Reason:


// Path 22
Endpoint:      key_sched/K_reg_reg_88_/D
Beginpoint:    data_in[88]
Analysis View: generic_view
Hold Slack:    -246.4ps

Node: key_sched/K_reg_reg_88_/D
Net:  key_sched/n1253
  Setup Slack:   7413.8ps
  Analysis View: generic_view
  Failed Reason:
Node: key_sched/U1387/ZN
Net:  key_sched/n1253
  Setup Slack:   7413.8ps
  Analysis View: generic_view
  Failed Reason:
Node: key_sched/U1387/A
Net:  key_sched/n1135
  Setup Slack:   7413.8ps
  Analysis View: generic_view
  Failed Reason:
Node: key_sched/U1386/ZN
Net:  key_sched/n1135
  Setup Slack:   7413.8ps
  Analysis View: generic_view
  Failed Reason:
Node: key_sched/U1386/A2
Net:  data_in[88]
  Setup Slack:   9657.0ps
  Analysis View: generic_view
  Failed Reason:
Node: data_in[88]
Net:  data_in[88]
  Setup Slack:   9657.0ps
  Analysis View: generic_view
  Failed Reason:


// Path 23
Endpoint:      key_sched/K_reg_reg_44_/D
Beginpoint:    data_in[44]
Analysis View: generic_view
Hold Slack:    -245.8ps

Node: key_sched/K_reg_reg_44_/D
Net:  key_sched/n1209
  Setup Slack:   7429.1ps
  Analysis View: generic_view
  Failed Reason:
Node: key_sched/U1477/ZN
Net:  key_sched/n1209
  Setup Slack:   7429.1ps
  Analysis View: generic_view
  Failed Reason:
Node: key_sched/U1477/A
Net:  key_sched/n1447
  Setup Slack:   7429.1ps
  Analysis View: generic_view
  Failed Reason:
Node: key_sched/U1476/ZN
Net:  key_sched/n1447
  Setup Slack:   7429.1ps
  Analysis View: generic_view
  Failed Reason:
Node: key_sched/U1476/A2
Net:  data_in[44]
  Setup Slack:   9662.1ps
  Analysis View: generic_view
  Failed Reason:
Node: data_in[44]
Net:  data_in[44]
  Setup Slack:   9529.0ps
  Analysis View: generic_view
  Failed Reason:


// Path 24
Endpoint:      key_sched/K_reg_reg_15_/D
Beginpoint:    data_in[15]
Analysis View: generic_view
Hold Slack:    -245.7ps

Node: key_sched/K_reg_reg_15_/D
Net:  key_sched/n1180
  Setup Slack:   8010.4ps
  Analysis View: generic_view
  Failed Reason:
Node: key_sched/U1536/ZN
Net:  key_sched/n1180
  Setup Slack:   8010.4ps
  Analysis View: generic_view
  Failed Reason:
Node: key_sched/U1536/A
Net:  key_sched/n1485
  Setup Slack:   8010.4ps
  Analysis View: generic_view
  Failed Reason:
Node: key_sched/U1535/ZN
Net:  key_sched/n1485
  Setup Slack:   8010.4ps
  Analysis View: generic_view
  Failed Reason:
Node: key_sched/U1535/A2
Net:  data_in[15]
  Setup Slack:   9661.2ps
  Analysis View: generic_view
  Failed Reason:
Node: data_in[15]
Net:  data_in[15]
  Setup Slack:   9555.9ps
  Analysis View: generic_view
  Failed Reason:


// Path 25
Endpoint:      key_sched/K_reg_reg_56_/D
Beginpoint:    data_in[56]
Analysis View: generic_view
Hold Slack:    -245.7ps

Node: key_sched/K_reg_reg_56_/D
Net:  key_sched/n1221
  Setup Slack:   7415.9ps
  Analysis View: generic_view
  Failed Reason:
Node: key_sched/U1383/ZN
Net:  key_sched/n1221
  Setup Slack:   7415.9ps
  Analysis View: generic_view
  Failed Reason:
Node: key_sched/U1383/A
Net:  key_sched/n1133
  Setup Slack:   7415.9ps
  Analysis View: generic_view
  Failed Reason:
Node: key_sched/U1382/ZN
Net:  key_sched/n1133
  Setup Slack:   7415.9ps
  Analysis View: generic_view
  Failed Reason:
Node: key_sched/U1382/A2
Net:  data_in[56]
  Setup Slack:   9656.6ps
  Analysis View: generic_view
  Failed Reason:
Node: data_in[56]
Net:  data_in[56]
  Setup Slack:   9561.5ps
  Analysis View: generic_view
  Failed Reason:


// Path 26
Endpoint:      key_sched/K_reg_reg_40_/D
Beginpoint:    data_in[40]
Analysis View: generic_view
Hold Slack:    -245.6ps

Node: key_sched/K_reg_reg_40_/D
Net:  key_sched/n1205
  Setup Slack:   7421.3ps
  Analysis View: generic_view
  Failed Reason:
Node: key_sched/U1393/ZN
Net:  key_sched/n1205
  Setup Slack:   7421.3ps
  Analysis View: generic_view
  Failed Reason:
Node: key_sched/U1393/A
Net:  key_sched/n1138
  Setup Slack:   7421.3ps
  Analysis View: generic_view
  Failed Reason:
Node: key_sched/U1392/ZN
Net:  key_sched/n1138
  Setup Slack:   7421.3ps
  Analysis View: generic_view
  Failed Reason:
Node: key_sched/U1392/A2
Net:  data_in[40]
  Setup Slack:   9657.9ps
  Analysis View: generic_view
  Failed Reason:
Node: data_in[40]
Net:  data_in[40]
  Setup Slack:   9535.3ps
  Analysis View: generic_view
  Failed Reason:


// Path 27
Endpoint:      key_sched/K_reg_reg_104_/D
Beginpoint:    data_in[104]
Analysis View: generic_view
Hold Slack:    -245.5ps

Node: key_sched/K_reg_reg_104_/D
Net:  key_sched/n1269
  Setup Slack:   7406.9ps
  Analysis View: generic_view
  Failed Reason:
Node: key_sched/U1389/ZN
Net:  key_sched/n1269
  Setup Slack:   7406.9ps
  Analysis View: generic_view
  Failed Reason:
Node: key_sched/U1389/A
Net:  key_sched/n1136
  Setup Slack:   7406.9ps
  Analysis View: generic_view
  Failed Reason:
Node: key_sched/U1388/ZN
Net:  key_sched/n1136
  Setup Slack:   7406.9ps
  Analysis View: generic_view
  Failed Reason:
Node: key_sched/U1388/A2
Net:  data_in[104]
  Setup Slack:   9650.8ps
  Analysis View: generic_view
  Failed Reason:
Node: data_in[104]
Net:  data_in[104]
  Setup Slack:   9650.8ps
  Analysis View: generic_view
  Failed Reason:


// Path 28
Endpoint:      randomize/data_reg_reg_36_/D
Beginpoint:    data_in[36]
Analysis View: generic_view
Hold Slack:    -245.3ps

Node: randomize/data_reg_reg_36_/D
Net:  randomize/n502
  Setup Slack:   84.2ps
  Analysis View: generic_view
  Failed Reason:
Node: randomize/U595/ZN
Net:  randomize/n502
  Setup Slack:   84.2ps
  Analysis View: generic_view
  Failed Reason:
Node: randomize/U595/A
Net:  randomize/n456
  Setup Slack:   8213.9ps
  Analysis View: generic_view
  Failed Reason:
Node: randomize/U593/ZN
Net:  randomize/n456
  Setup Slack:   8213.9ps
  Analysis View: generic_view
  Failed Reason:
Node: randomize/U593/A2
Net:  data_in[36]
  Setup Slack:   9574.1ps
  Analysis View: generic_view
  Failed Reason:
Node: data_in[36]
Net:  data_in[36]
  Setup Slack:   9574.1ps
  Analysis View: generic_view
  Failed Reason:


// Path 29
Endpoint:      randomize/data_reg_reg_2_/D
Beginpoint:    data_in[2]
Analysis View: generic_view
Hold Slack:    -245.2ps

Node: randomize/data_reg_reg_2_/D
Net:  randomize/n536
  Setup Slack:   311.1ps
  Analysis View: generic_view
  Failed Reason:
Node: randomize/U579/ZN
Net:  randomize/n536
  Setup Slack:   311.1ps
  Analysis View: generic_view
  Failed Reason:
Node: randomize/U579/A
Net:  randomize/n445
  Setup Slack:   8208.2ps
  Analysis View: generic_view
  Failed Reason:
Node: randomize/U577/ZN
Net:  randomize/n445
  Setup Slack:   8208.2ps
  Analysis View: generic_view
  Failed Reason:
Node: randomize/U577/A2
Net:  data_in[2]
  Setup Slack:   9571.0ps
  Analysis View: generic_view
  Failed Reason:
Node: data_in[2]
Net:  data_in[2]
  Setup Slack:   9571.0ps
  Analysis View: generic_view
  Failed Reason:


// Path 30
Endpoint:      key_sched/K_reg_reg_72_/D
Beginpoint:    data_in[72]
Analysis View: generic_view
Hold Slack:    -245.1ps

Node: key_sched/K_reg_reg_72_/D
Net:  key_sched/n1237
  Setup Slack:   7410.2ps
  Analysis View: generic_view
  Failed Reason:
Node: key_sched/U1385/ZN
Net:  key_sched/n1237
  Setup Slack:   7410.2ps
  Analysis View: generic_view
  Failed Reason:
Node: key_sched/U1385/A
Net:  key_sched/n1134
  Setup Slack:   7410.2ps
  Analysis View: generic_view
  Failed Reason:
Node: key_sched/U1384/ZN
Net:  key_sched/n1134
  Setup Slack:   7410.2ps
  Analysis View: generic_view
  Failed Reason:
Node: key_sched/U1384/A2
Net:  data_in[72]
  Setup Slack:   9656.5ps
  Analysis View: generic_view
  Failed Reason:
Node: data_in[72]
Net:  data_in[72]
  Setup Slack:   9656.5ps
  Analysis View: generic_view
  Failed Reason:


// Path 31
Endpoint:      key_sched/K_reg_reg_124_/D
Beginpoint:    data_in[124]
Analysis View: generic_view
Hold Slack:    -245.1ps

Node: key_sched/K_reg_reg_124_/D
Net:  key_sched/n1289
  Setup Slack:   7407.1ps
  Analysis View: generic_view
  Failed Reason:
Node: key_sched/U1479/ZN
Net:  key_sched/n1289
  Setup Slack:   7407.1ps
  Analysis View: generic_view
  Failed Reason:
Node: key_sched/U1479/A
Net:  key_sched/n1448
  Setup Slack:   7407.1ps
  Analysis View: generic_view
  Failed Reason:
Node: key_sched/U1478/ZN
Net:  key_sched/n1448
  Setup Slack:   7407.1ps
  Analysis View: generic_view
  Failed Reason:
Node: key_sched/U1478/A2
Net:  data_in[124]
  Setup Slack:   9649.6ps
  Analysis View: generic_view
  Failed Reason:
Node: data_in[124]
Net:  data_in[124]
  Setup Slack:   9649.6ps
  Analysis View: generic_view
  Failed Reason:


// Path 32
Endpoint:      key_sched/K_reg_reg_31_/D
Beginpoint:    data_in[31]
Analysis View: generic_view
Hold Slack:    -244.8ps

Node: key_sched/K_reg_reg_31_/D
Net:  key_sched/n1196
  Setup Slack:   8010.5ps
  Analysis View: generic_view
  Failed Reason:
Node: key_sched/U1526/ZN
Net:  key_sched/n1196
  Setup Slack:   8010.5ps
  Analysis View: generic_view
  Failed Reason:
Node: key_sched/U1526/A
Net:  key_sched/n1480
  Setup Slack:   8010.5ps
  Analysis View: generic_view
  Failed Reason:
Node: key_sched/U1525/ZN
Net:  key_sched/n1480
  Setup Slack:   8010.5ps
  Analysis View: generic_view
  Failed Reason:
Node: key_sched/U1525/A2
Net:  data_in[31]
  Setup Slack:   9660.5ps
  Analysis View: generic_view
  Failed Reason:
Node: data_in[31]
Net:  data_in[31]
  Setup Slack:   9564.5ps
  Analysis View: generic_view
  Failed Reason:


// Path 33
Endpoint:      key_sched/K_reg_reg_73_/D
Beginpoint:    data_in[73]
Analysis View: generic_view
Hold Slack:    -244.6ps

Node: key_sched/K_reg_reg_73_/D
Net:  key_sched/n1238
  Setup Slack:   7449.1ps
  Analysis View: generic_view
  Failed Reason:
Node: key_sched/U1407/ZN
Net:  key_sched/n1238
  Setup Slack:   7449.1ps
  Analysis View: generic_view
  Failed Reason:
Node: key_sched/U1407/A
Net:  key_sched/n1147
  Setup Slack:   7449.1ps
  Analysis View: generic_view
  Failed Reason:
Node: key_sched/U1406/ZN
Net:  key_sched/n1147
  Setup Slack:   7449.1ps
  Analysis View: generic_view
  Failed Reason:
Node: key_sched/U1406/A2
Net:  data_in[73]
  Setup Slack:   9661.6ps
  Analysis View: generic_view
  Failed Reason:
Node: data_in[73]
Net:  data_in[73]
  Setup Slack:   9661.6ps
  Analysis View: generic_view
  Failed Reason:


// Path 34
Endpoint:      key_sched/K_reg_reg_105_/D
Beginpoint:    data_in[105]
Analysis View: generic_view
Hold Slack:    -244.4ps

Node: key_sched/K_reg_reg_105_/D
Net:  key_sched/n1270
  Setup Slack:   7445.4ps
  Analysis View: generic_view
  Failed Reason:
Node: key_sched/U1411/ZN
Net:  key_sched/n1270
  Setup Slack:   7445.4ps
  Analysis View: generic_view
  Failed Reason:
Node: key_sched/U1411/A
Net:  key_sched/n1149
  Setup Slack:   7445.4ps
  Analysis View: generic_view
  Failed Reason:
Node: key_sched/U1410/ZN
Net:  key_sched/n1149
  Setup Slack:   7445.4ps
  Analysis View: generic_view
  Failed Reason:
Node: key_sched/U1410/A2
Net:  data_in[105]
  Setup Slack:   9660.6ps
  Analysis View: generic_view
  Failed Reason:
Node: data_in[105]
Net:  data_in[105]
  Setup Slack:   9660.6ps
  Analysis View: generic_view
  Failed Reason:


// Path 35
Endpoint:      key_sched/K_reg_reg_42_/D
Beginpoint:    data_in[42]
Analysis View: generic_view
Hold Slack:    -244.3ps

Node: key_sched/K_reg_reg_42_/D
Net:  key_sched/n1207
  Setup Slack:   7453.2ps
  Analysis View: generic_view
  Failed Reason:
Node: key_sched/U1436/ZN
Net:  key_sched/n1207
  Setup Slack:   7453.2ps
  Analysis View: generic_view
  Failed Reason:
Node: key_sched/U1436/A
Net:  key_sched/n1164
  Setup Slack:   7453.2ps
  Analysis View: generic_view
  Failed Reason:
Node: key_sched/U1435/ZN
Net:  key_sched/n1164
  Setup Slack:   7453.2ps
  Analysis View: generic_view
  Failed Reason:
Node: key_sched/U1435/A2
Net:  data_in[42]
  Setup Slack:   9659.7ps
  Analysis View: generic_view
  Failed Reason:
Node: data_in[42]
Net:  data_in[42]
  Setup Slack:   9406.9ps
  Analysis View: generic_view
  Failed Reason:


// Path 36
Endpoint:      key_sched/K_reg_reg_28_/D
Beginpoint:    data_in[28]
Analysis View: generic_view
Hold Slack:    -244.2ps

Node: key_sched/K_reg_reg_28_/D
Net:  key_sched/n1193
  Setup Slack:   7430.0ps
  Analysis View: generic_view
  Failed Reason:
Node: key_sched/U1465/ZN
Net:  key_sched/n1193
  Setup Slack:   7430.0ps
  Analysis View: generic_view
  Failed Reason:
Node: key_sched/U1465/A
Net:  key_sched/n1441
  Setup Slack:   7430.0ps
  Analysis View: generic_view
  Failed Reason:
Node: key_sched/U1464/ZN
Net:  key_sched/n1441
  Setup Slack:   7430.0ps
  Analysis View: generic_view
  Failed Reason:
Node: key_sched/U1464/A2
Net:  data_in[28]
  Setup Slack:   9660.2ps
  Analysis View: generic_view
  Failed Reason:
Node: data_in[28]
Net:  data_in[28]
  Setup Slack:   9557.5ps
  Analysis View: generic_view
  Failed Reason:


// Path 37
Endpoint:      key_sched/K_reg_reg_95_/D
Beginpoint:    data_in[95]
Analysis View: generic_view
Hold Slack:    -244.2ps

Node: key_sched/K_reg_reg_95_/D
Net:  key_sched/n1260
  Setup Slack:   7453.9ps
  Analysis View: generic_view
  Failed Reason:
Node: key_sched/U1532/ZN
Net:  key_sched/n1260
  Setup Slack:   7453.9ps
  Analysis View: generic_view
  Failed Reason:
Node: key_sched/U1532/A
Net:  key_sched/n1483
  Setup Slack:   7453.9ps
  Analysis View: generic_view
  Failed Reason:
Node: key_sched/U1531/ZN
Net:  key_sched/n1483
  Setup Slack:   7453.9ps
  Analysis View: generic_view
  Failed Reason:
Node: key_sched/U1531/A2
Net:  data_in[95]
  Setup Slack:   9660.9ps
  Analysis View: generic_view
  Failed Reason:
Node: data_in[95]
Net:  data_in[95]
  Setup Slack:   9660.9ps
  Analysis View: generic_view
  Failed Reason:


// Path 38
Endpoint:      key_sched/K_reg_reg_106_/D
Beginpoint:    data_in[106]
Analysis View: generic_view
Hold Slack:    -244.2ps

Node: key_sched/K_reg_reg_106_/D
Net:  key_sched/n1271
  Setup Slack:   7450.2ps
  Analysis View: generic_view
  Failed Reason:
Node: key_sched/U1432/ZN
Net:  key_sched/n1271
  Setup Slack:   7450.2ps
  Analysis View: generic_view
  Failed Reason:
Node: key_sched/U1432/A
Net:  key_sched/n1162
  Setup Slack:   7450.2ps
  Analysis View: generic_view
  Failed Reason:
Node: key_sched/U1431/ZN
Net:  key_sched/n1162
  Setup Slack:   7450.2ps
  Analysis View: generic_view
  Failed Reason:
Node: key_sched/U1431/A2
Net:  data_in[106]
  Setup Slack:   9660.9ps
  Analysis View: generic_view
  Failed Reason:
Node: data_in[106]
Net:  data_in[106]
  Setup Slack:   9660.9ps
  Analysis View: generic_view
  Failed Reason:


// Path 39
Endpoint:      key_sched/K_reg_reg_110_/D
Beginpoint:    data_in[110]
Analysis View: generic_view
Hold Slack:    -244.2ps

Node: key_sched/K_reg_reg_110_/D
Net:  key_sched/n1275
  Setup Slack:   7448.0ps
  Analysis View: generic_view
  Failed Reason:
Node: key_sched/U1514/ZN
Net:  key_sched/n1275
  Setup Slack:   7448.0ps
  Analysis View: generic_view
  Failed Reason:
Node: key_sched/U1514/A
Net:  key_sched/n1471
  Setup Slack:   7448.0ps
  Analysis View: generic_view
  Failed Reason:
Node: key_sched/U1513/ZN
Net:  key_sched/n1471
  Setup Slack:   7448.0ps
  Analysis View: generic_view
  Failed Reason:
Node: key_sched/U1513/A2
Net:  data_in[110]
  Setup Slack:   9660.8ps
  Analysis View: generic_view
  Failed Reason:
Node: data_in[110]
Net:  data_in[110]
  Setup Slack:   9660.8ps
  Analysis View: generic_view
  Failed Reason:


// Path 40
Endpoint:      key_sched/K_reg_reg_94_/D
Beginpoint:    data_in[94]
Analysis View: generic_view
Hold Slack:    -244.1ps

Node: key_sched/K_reg_reg_94_/D
Net:  key_sched/n1259
  Setup Slack:   7448.9ps
  Analysis View: generic_view
  Failed Reason:
Node: key_sched/U1512/ZN
Net:  key_sched/n1259
  Setup Slack:   7448.9ps
  Analysis View: generic_view
  Failed Reason:
Node: key_sched/U1512/A
Net:  key_sched/n1470
  Setup Slack:   7448.9ps
  Analysis View: generic_view
  Failed Reason:
Node: key_sched/U1511/ZN
Net:  key_sched/n1470
  Setup Slack:   7448.9ps
  Analysis View: generic_view
  Failed Reason:
Node: key_sched/U1511/A2
Net:  data_in[94]
  Setup Slack:   9660.4ps
  Analysis View: generic_view
  Failed Reason:
Node: data_in[94]
Net:  data_in[94]
  Setup Slack:   9660.4ps
  Analysis View: generic_view
  Failed Reason:


// Path 41
Endpoint:      key_sched/K_reg_reg_89_/D
Beginpoint:    data_in[89]
Analysis View: generic_view
Hold Slack:    -244.0ps

Node: key_sched/K_reg_reg_89_/D
Net:  key_sched/n1254
  Setup Slack:   7444.5ps
  Analysis View: generic_view
  Failed Reason:
Node: key_sched/U1409/ZN
Net:  key_sched/n1254
  Setup Slack:   7444.5ps
  Analysis View: generic_view
  Failed Reason:
Node: key_sched/U1409/A
Net:  key_sched/n1148
  Setup Slack:   7444.5ps
  Analysis View: generic_view
  Failed Reason:
Node: key_sched/U1408/ZN
Net:  key_sched/n1148
  Setup Slack:   7444.5ps
  Analysis View: generic_view
  Failed Reason:
Node: key_sched/U1408/A2
Net:  data_in[89]
  Setup Slack:   9659.4ps
  Analysis View: generic_view
  Failed Reason:
Node: data_in[89]
Net:  data_in[89]
  Setup Slack:   9659.4ps
  Analysis View: generic_view
  Failed Reason:


// Path 42
Endpoint:      key_sched/K_reg_reg_122_/D
Beginpoint:    data_in[122]
Analysis View: generic_view
Hold Slack:    -243.9ps

Node: key_sched/K_reg_reg_122_/D
Net:  key_sched/n1287
  Setup Slack:   7449.8ps
  Analysis View: generic_view
  Failed Reason:
Node: key_sched/U1438/ZN
Net:  key_sched/n1287
  Setup Slack:   7449.8ps
  Analysis View: generic_view
  Failed Reason:
Node: key_sched/U1438/A
Net:  key_sched/n1421
  Setup Slack:   7449.8ps
  Analysis View: generic_view
  Failed Reason:
Node: key_sched/U1437/ZN
Net:  key_sched/n1421
  Setup Slack:   7449.8ps
  Analysis View: generic_view
  Failed Reason:
Node: key_sched/U1437/A2
Net:  data_in[122]
  Setup Slack:   9660.7ps
  Analysis View: generic_view
  Failed Reason:
Node: data_in[122]
Net:  data_in[122]
  Setup Slack:   9660.7ps
  Analysis View: generic_view
  Failed Reason:


// Path 43
Endpoint:      key_sched/K_reg_reg_63_/D
Beginpoint:    data_in[63]
Analysis View: generic_view
Hold Slack:    -243.8ps

Node: key_sched/K_reg_reg_63_/D
Net:  key_sched/n1228
  Setup Slack:   7458.6ps
  Analysis View: generic_view
  Failed Reason:
Node: key_sched/U1528/ZN
Net:  key_sched/n1228
  Setup Slack:   7458.6ps
  Analysis View: generic_view
  Failed Reason:
Node: key_sched/U1528/A
Net:  key_sched/n1481
  Setup Slack:   7458.6ps
  Analysis View: generic_view
  Failed Reason:
Node: key_sched/U1527/ZN
Net:  key_sched/n1481
  Setup Slack:   7458.6ps
  Analysis View: generic_view
  Failed Reason:
Node: key_sched/U1527/A2
Net:  data_in[63]
  Setup Slack:   9658.3ps
  Analysis View: generic_view
  Failed Reason:
Node: data_in[63]
Net:  data_in[63]
  Setup Slack:   9562.1ps
  Analysis View: generic_view
  Failed Reason:


// Path 44
Endpoint:      key_sched/K_reg_reg_41_/D
Beginpoint:    data_in[41]
Analysis View: generic_view
Hold Slack:    -243.8ps

Node: key_sched/K_reg_reg_41_/D
Net:  key_sched/n1206
  Setup Slack:   7444.9ps
  Analysis View: generic_view
  Failed Reason:
Node: key_sched/U1415/ZN
Net:  key_sched/n1206
  Setup Slack:   7444.9ps
  Analysis View: generic_view
  Failed Reason:
Node: key_sched/U1415/A
Net:  key_sched/n1151
  Setup Slack:   7444.9ps
  Analysis View: generic_view
  Failed Reason:
Node: key_sched/U1414/ZN
Net:  key_sched/n1151
  Setup Slack:   7444.9ps
  Analysis View: generic_view
  Failed Reason:
Node: key_sched/U1414/A2
Net:  data_in[41]
  Setup Slack:   9659.1ps
  Analysis View: generic_view
  Failed Reason:
Node: data_in[41]
Net:  data_in[41]
  Setup Slack:   9561.8ps
  Analysis View: generic_view
  Failed Reason:


// Path 45
Endpoint:      key_sched/K_reg_reg_43_/D
Beginpoint:    data_in[43]
Analysis View: generic_view
Hold Slack:    -243.8ps

Node: key_sched/K_reg_reg_43_/D
Net:  key_sched/n1208
  Setup Slack:   7438.6ps
  Analysis View: generic_view
  Failed Reason:
Node: key_sched/U1456/ZN
Net:  key_sched/n1208
  Setup Slack:   7438.6ps
  Analysis View: generic_view
  Failed Reason:
Node: key_sched/U1456/A
Net:  key_sched/n1434
  Setup Slack:   7438.6ps
  Analysis View: generic_view
  Failed Reason:
Node: key_sched/U1455/ZN
Net:  key_sched/n1434
  Setup Slack:   7438.6ps
  Analysis View: generic_view
  Failed Reason:
Node: key_sched/U1455/A2
Net:  data_in[43]
  Setup Slack:   9654.6ps
  Analysis View: generic_view
  Failed Reason:
Node: data_in[43]
Net:  data_in[43]
  Setup Slack:   9552.3ps
  Analysis View: generic_view
  Failed Reason:


// Path 46
Endpoint:      randomize/data_reg_reg_34_/D
Beginpoint:    data_in[34]
Analysis View: generic_view
Hold Slack:    -243.8ps

Node: randomize/data_reg_reg_34_/D
Net:  randomize/n504
  Setup Slack:   299.1ps
  Analysis View: generic_view
  Failed Reason:
Node: randomize/U576/ZN
Net:  randomize/n504
  Setup Slack:   299.1ps
  Analysis View: generic_view
  Failed Reason:
Node: randomize/U576/A
Net:  randomize/n443
  Setup Slack:   8206.1ps
  Analysis View: generic_view
  Failed Reason:
Node: randomize/U574/ZN
Net:  randomize/n443
  Setup Slack:   8206.1ps
  Analysis View: generic_view
  Failed Reason:
Node: randomize/U574/A2
Net:  data_in[34]
  Setup Slack:   9570.9ps
  Analysis View: generic_view
  Failed Reason:
Node: data_in[34]
Net:  data_in[34]
  Setup Slack:   9570.9ps
  Analysis View: generic_view
  Failed Reason:


// Path 47
Endpoint:      key_sched/K_reg_reg_27_/D
Beginpoint:    data_in[27]
Analysis View: generic_view
Hold Slack:    -243.7ps

Node: key_sched/K_reg_reg_27_/D
Net:  key_sched/n1192
  Setup Slack:   7441.9ps
  Analysis View: generic_view
  Failed Reason:
Node: key_sched/U1444/ZN
Net:  key_sched/n1192
  Setup Slack:   7441.9ps
  Analysis View: generic_view
  Failed Reason:
Node: key_sched/U1444/A
Net:  key_sched/n1427
  Setup Slack:   7441.9ps
  Analysis View: generic_view
  Failed Reason:
Node: key_sched/U1443/ZN
Net:  key_sched/n1427
  Setup Slack:   7441.9ps
  Analysis View: generic_view
  Failed Reason:
Node: key_sched/U1443/A2
Net:  data_in[27]
  Setup Slack:   9656.5ps
  Analysis View: generic_view
  Failed Reason:
Node: data_in[27]
Net:  data_in[27]
  Setup Slack:   9557.4ps
  Analysis View: generic_view
  Failed Reason:


// Path 48
Endpoint:      key_sched/K_reg_reg_62_/D
Beginpoint:    data_in[62]
Analysis View: generic_view
Hold Slack:    -243.5ps

Node: key_sched/K_reg_reg_62_/D
Net:  key_sched/n1227
  Setup Slack:   7450.1ps
  Analysis View: generic_view
  Failed Reason:
Node: key_sched/U1508/ZN
Net:  key_sched/n1227
  Setup Slack:   7450.1ps
  Analysis View: generic_view
  Failed Reason:
Node: key_sched/U1508/A
Net:  key_sched/n1468
  Setup Slack:   7450.1ps
  Analysis View: generic_view
  Failed Reason:
Node: key_sched/U1507/ZN
Net:  key_sched/n1468
  Setup Slack:   7450.1ps
  Analysis View: generic_view
  Failed Reason:
Node: key_sched/U1507/A2
Net:  data_in[62]
  Setup Slack:   9660.0ps
  Analysis View: generic_view
  Failed Reason:
Node: data_in[62]
Net:  data_in[62]
  Setup Slack:   9602.7ps
  Analysis View: generic_view
  Failed Reason:


// Path 49
Endpoint:      key_sched/K_reg_reg_78_/D
Beginpoint:    data_in[78]
Analysis View: generic_view
Hold Slack:    -243.5ps

Node: key_sched/K_reg_reg_78_/D
Net:  key_sched/n1243
  Setup Slack:   7447.3ps
  Analysis View: generic_view
  Failed Reason:
Node: key_sched/U1510/ZN
Net:  key_sched/n1243
  Setup Slack:   7447.3ps
  Analysis View: generic_view
  Failed Reason:
Node: key_sched/U1510/A
Net:  key_sched/n1469
  Setup Slack:   7447.3ps
  Analysis View: generic_view
  Failed Reason:
Node: key_sched/U1509/ZN
Net:  key_sched/n1469
  Setup Slack:   7447.3ps
  Analysis View: generic_view
  Failed Reason:
Node: key_sched/U1509/A2
Net:  data_in[78]
  Setup Slack:   9659.4ps
  Analysis View: generic_view
  Failed Reason:
Node: data_in[78]
Net:  data_in[78]
  Setup Slack:   9659.4ps
  Analysis View: generic_view
  Failed Reason:


// Path 50
Endpoint:      key_sched/K_reg_reg_126_/D
Beginpoint:    data_in[126]
Analysis View: generic_view
Hold Slack:    -243.5ps

Node: key_sched/K_reg_reg_126_/D
Net:  key_sched/n1291
  Setup Slack:   7444.7ps
  Analysis View: generic_view
  Failed Reason:
Node: key_sched/U1520/ZN
Net:  key_sched/n1291
  Setup Slack:   7444.7ps
  Analysis View: generic_view
  Failed Reason:
Node: key_sched/U1520/A
Net:  key_sched/n1474
  Setup Slack:   7444.7ps
  Analysis View: generic_view
  Failed Reason:
Node: key_sched/U1519/ZN
Net:  key_sched/n1474
  Setup Slack:   7444.7ps
  Analysis View: generic_view
  Failed Reason:
Node: key_sched/U1519/A2
Net:  data_in[126]
  Setup Slack:   9658.5ps
  Analysis View: generic_view
  Failed Reason:
Node: data_in[126]
Net:  data_in[126]
  Setup Slack:   9658.5ps
  Analysis View: generic_view
  Failed Reason:
