#Checking placement violation...
Begin checking placement ... (start mem=674.7M, init mem=674.7M)
*info: Placed = 9517           (Fixed = 14)
*info: Unplaced = 0           
Placement Density:51.62%(11187/21674)
Placement Density (including fixed std cells):51.62%(11187/21674)
Finished check_place (total: cpu=0:00:00.3, real=0:00:00.0; vio checks: cpu=0:00:00.1, real=0:00:00.0; mem=674.7M)
#cpu time = 00:00:00, elapsed time = 00:00:00, memory = 489.79 (MB), peak = 494.05 (MB)
#Checking wire integrity...
#cpu time = 00:00:00, elapsed time = 00:00:00, memory = 489.79 (MB), peak = 494.05 (MB)
Multithreaded Timing Analysis is initialized with 8 threads

#Checking unplaced instance...
#cpu time = 00:00:00, elapsed time = 00:00:00, memory = 501.33 (MB), peak = 766.25 (MB)
#Checking track...
#cpu time = 00:00:00, elapsed time = 00:00:00, memory = 501.33 (MB), peak = 766.25 (MB)
#Checking blocked track...
#cpu time = 00:00:00, elapsed time = 00:00:00, memory = 501.33 (MB), peak = 766.25 (MB)
#Checking 3rd-party violation...
#cpu time = 00:00:00, elapsed time = 00:00:00, memory = 501.33 (MB), peak = 766.25 (MB)
#Checking ECO route violation...
#cpu time = 00:00:00, elapsed time = 00:00:00, memory = 501.33 (MB), peak = 766.25 (MB)
#Checking unplaced I/O pin...
#cpu time = 00:00:00, elapsed time = 00:00:00, memory = 501.33 (MB), peak = 766.25 (MB)
#Checking same-cell violation...
#cpu time = 00:00:00, elapsed time = 00:00:00, memory = 501.34 (MB), peak = 766.25 (MB)
#Checking pin layer escape...
#cpu time = 00:00:00, elapsed time = 00:00:00, memory = 501.34 (MB), peak = 766.25 (MB)
*** Message Summary: 0 warning(s), 0 error(s)

