###############################################################
#  Generated by:      Cadence Innovus 18.13-s088_1
#  OS:                Linux x86_64(Host ID hansolo.poly.edu)
#  Generated on:      Sat Mar 12 16:23:46 2022
#  Design:            top
#  Command:           check_pin_assignment
###############################################################

Start Checking pins of top cell: [top] 
Summary report for top level: [top] 
	Total Pins                         : 200
	Legally Assigned Pins              : 200
End of Summary report
End Checking pins of top cell: [top] 


===========================================================================================================================
                                                checkPinAssignment Summary
===========================================================================================================================
Partition   | pads  | pins   | legal  | illegal | internal | internal illegal | FT     | FT illegal | constant | unplaced |
===========================================================================================================================
top         |     0 |    200 |    200 |       0 |        0 |                0 |      0 |          0 |        0 |        0 |
===========================================================================================================================
TOTAL       |     0 |    200 |    200 |       0 |        0 |                0 |      0 |          0 |        0 |        0 |
===========================================================================================================================
