Weights:
	des_issues:		0.25
	des_perf:		0.25
	ti_fts_total:		0.5
	des_perf_setup_FEP:		(1/6)
	fsp_fi_ea_c_total:		0.5
	ti_fts:		0.5
	des_p_total:		0.25
	des_perf_setup_WNS:		(1/3)
	fsp_fi_ea_c_avg:		(1/6)
	fsp_fi_ea_c_max:		(1/3)
	des_perf_setup_TNS:		0.5
	fsp_fi_ea_n_avg:		(1/6)
	ti_sts_max:		(1/3)
	des_area:		0.25
	ti_fts_avg:		(1/6)
	fsp_fi_ea_n:		0.5
	fsp_fi_ea_n_total:		0.5
	ti_sts:		0.5
	fsp_fi_ea_n_max:		(1/3)
	fsp_fi_ea_c:		0.5
	ti_sts_avg:		(1/6)
	ti_sts_total:		0.5
	ti_fts_max:		(1/3)

Constraints:
	des_issues:		2
	des_perf:		20
	des_p_total:		10
	des_area:		3

Baseline metrics:
	des_issues:		138
	ti_fts_total:		17168
	des_perf_setup_FEP:		0
	fsp_fi_ea_c_total:		469.822
	des_p_total:		0.37701740
	des_perf_setup_WNS:		6.813
	fsp_fi_ea_c_avg:		58.6375
	fsp_fi_ea_c_max:		82.4023
	des_perf_setup_TNS:		0.000
	fsp_fi_ea_n_avg:		72.1485
	ti_sts_max:		374
	des_area:		4300.5284
	ti_fts_avg:		235.17
	fsp_fi_ea_n_total:		110.907
	fsp_fi_ea_n_max:		99.5131
	ti_sts_avg:		83.79
	ti_sts_total:		6117
	ti_fts_max:		523

Submission metrics:
	des_issues:		0
	ti_fts_total:		0
	des_perf_setup_FEP:		0
	fsp_fi_ea_c_total:		329.616
	des_p_total:		0.22129787
	des_perf_setup_WNS:		7.612
	fsp_fi_ea_c_avg:		42.9855
	fsp_fi_ea_c_max:		78.7434
	des_perf_setup_TNS:		0.000
	fsp_fi_ea_n_avg:		65.2668
	ti_sts_max:		0
	des_area:		2561.6332
	ti_fts_avg:		0
	fsp_fi_ea_n_total:		168.032
	fsp_fi_ea_n_max:		100
	ti_sts_avg:		0
	ti_sts_total:		0
	ti_fts_max:		0

Base scores (non-weighted):
	des_issues:		0
	ti_fts_total:		0
	des_perf_setup_FEP:		0
	fsp_fi_ea_c_total:		.70157
	des_p_total:		.58696
	des_perf_setup_WNS:		0
	fsp_fi_ea_c_avg:		.73307
	fsp_fi_ea_c_max:		.95559
	des_perf_setup_TNS:		0
	fsp_fi_ea_n_avg:		.90461
	ti_sts_max:		0
	des_area:		.59565
	ti_fts_avg:		0
	fsp_fi_ea_n_total:		1.51507
	fsp_fi_ea_n_max:		1.00489
	ti_sts_avg:		0
	ti_sts_total:		0
	ti_fts_max:		0

Scores (weighted):
	des_issues:		0.00000
	OVERALL:		0.15040
	des_perf:		0.00001
	ti_fts:		0.00001
	fsp_fi:		1.01736
	des_p_total:		0.58696
	des:		0.29566
	des_area:		0.59565
	fsp_fi_ea_n:		1.24324
	ti_sts:		0.00001
	fsp_fi_ea_c:		0.79148
	ti:		0.00001

Constraints checks:
Check for score component "des_issues" passed.
Check for score component "des_perf" passed.
Check for score component "des_p_total" passed.
Check for score component "des_area" passed.

