Weights:
	des_issues:		0.25
	des_perf:		0.25
	ti_fts_total:		0.5
	des_perf_setup_FEP:		(1/6)
	fsp_fi_ea_c_total:		0.5
	ti_fts:		0.5
	des_p_total:		0.25
	des_perf_setup_WNS:		(1/3)
	fsp_fi_ea_c_avg:		(1/6)
	fsp_fi_ea_c_max:		(1/3)
	des_perf_setup_TNS:		0.5
	fsp_fi_ea_n_avg:		(1/6)
	ti_sts_max:		(1/3)
	des_area:		0.25
	ti_fts_avg:		(1/6)
	fsp_fi_ea_n:		0.5
	fsp_fi_ea_n_total:		0.5
	ti_sts:		0.5
	fsp_fi_ea_n_max:		(1/3)
	fsp_fi_ea_c:		0.5
	ti_sts_avg:		(1/6)
	ti_sts_total:		0.5
	ti_fts_max:		(1/3)

Constraints:
	des_issues:		2
	des_perf:		20
	des_p_total:		10
	des_area:		3

Baseline metrics:
	des_issues:		138
	ti_fts_total:		17168
	des_perf_setup_FEP:		0
	fsp_fi_ea_c_total:		469.822
	des_p_total:		0.37701740
	des_perf_setup_WNS:		6.813
	fsp_fi_ea_c_avg:		58.6375
	fsp_fi_ea_c_max:		82.4023
	des_perf_setup_TNS:		0.000
	fsp_fi_ea_n_avg:		72.1485
	ti_sts_max:		374
	des_area:		4300.5284
	ti_fts_avg:		235.17
	fsp_fi_ea_n_total:		110.907
	fsp_fi_ea_n_max:		99.5131
	ti_sts_avg:		83.79
	ti_sts_total:		6117
	ti_fts_max:		523

Submission metrics:
	des_issues:		0
	ti_fts_total:		146
	des_perf_setup_FEP:		0
	fsp_fi_ea_c_total:		330.642
	des_p_total:		0.22190944
	des_perf_setup_WNS:		7.558
	fsp_fi_ea_c_avg:		43.1223
	fsp_fi_ea_c_max:		76.8506
	des_perf_setup_TNS:		0.000
	fsp_fi_ea_n_avg:		65.4409
	ti_sts_max:		29
	des_area:		2561.6332
	ti_fts_avg:		146.00
	fsp_fi_ea_n_total:		177.658
	fsp_fi_ea_n_max:		100
	ti_sts_avg:		29.00
	ti_sts_total:		29
	ti_fts_max:		146

Base scores (non-weighted):
	des_issues:		0
	ti_fts_total:		.00850
	des_perf_setup_FEP:		0
	fsp_fi_ea_c_total:		.70376
	des_p_total:		.58859
	des_perf_setup_WNS:		0
	fsp_fi_ea_c_avg:		.73540
	fsp_fi_ea_c_max:		.93262
	des_perf_setup_TNS:		0
	fsp_fi_ea_n_avg:		.90703
	ti_sts_max:		.07754
	des_area:		.59565
	ti_fts_avg:		.62082
	fsp_fi_ea_n_total:		1.60186
	fsp_fi_ea_n_max:		1.00489
	ti_sts_avg:		.34610
	ti_sts_total:		.00474
	ti_fts_max:		.27915

Scores (weighted):
	des_issues:		0.00000
	OVERALL:		0.17460
	des_perf:		0.00001
	ti_fts:		0.20075
	fsp_fi:		1.03618
	des_p_total:		0.58859
	des:		0.29606
	des_area:		0.59565
	fsp_fi_ea_n:		1.28704
	ti_sts:		0.08589
	fsp_fi_ea_c:		0.78531
	ti:		0.14333

Constraints checks:
Check for score component "des_issues" passed.
Check for score component "des_perf" passed.
Check for score component "des_p_total" passed.
Check for score component "des_area" passed.

