Total exposed area across net assets: 1497.75
Max exposure [%] across net assets: 100
Avg exposure [%] across net assets: 43.6257

#NetName TotalAreaNet PercentageExposedAreaNet
pc_sw_wr 6.22265 39.0433
e_state[3] 1.24915 49.5097
e_state[2] 0.5523 39.4804
e_state[1] 1.9971 30.8798
e_state[0] 3.99665 55.215
pc[15] 2.40135 56.4911
pc[14] 3.38415 27.5623
pc[13] 11.4555 90.4705
pc[12] 2.1021 27.1146
pc[11] 6.923 85.9151
pc[10] 5.98885 64.6222
pc[9] 4.7719 59.9111
pc[8] 3.09295 34.6158
pc[7] 3.05707 18.3182
pc[6] 2.66805 68.1668
pc[5] 3.2305 43.5846
pc[4] 2.2547 58.5067
pc[3] 1.2614 13.4434
pc[2] 1.94215 9.27194
pc[1] 2.19765 48.5109
pc[0] 7.1442 64.1387
pc_nxt[0] 1.239 53.3898
pc_sw[15] 4.97735 66.8694
pc_sw[14] 17.1762 72.4541
pc_sw[13] 22.0591 75.8772
pc_sw[12] 13.9741 65.6321
pc_sw[11] 16.9382 77.9078
pc_sw[10] 22.5498 82.4195
pc_sw[9] 17.0509 60.5979
pc_sw[8] 19.2706 75.6486
pc_sw[7] 33.6249 71.1243
pc_sw[6] 27.4904 63.7082
pc_sw[5] 21.4546 53.1689
pc_sw[4] 13.4838 74.3907
pc_sw[3] 25.6242 71.9493
pc_sw[2] 29.918 73.8954
pc_sw[1] 23.9032 67.3644
pc_sw[0] 21.2791 64.2603
frontend_0/pc_en 0.65275 28.2842
frontend_0/mclk_pc 7.0903 49.3928
frontend_0/i_state[2] 0.29925 27.8363
frontend_0/i_state[1] 0.52185 46.8142
frontend_0/i_state[0] 1.96735 22.8696
frontend_0/i_state_nxt[2] 0.4109 24.1908
frontend_0/i_state_nxt[1] 0.1526 42.2018
frontend_0/i_state_nxt[0] 0.55685 45.4745
frontend_0/e_state_nxt[3] 0.7707 36.3306
frontend_0/e_state_nxt[2] 0.2989 45.7845
frontend_0/e_state_nxt[1] 0.168 1.57738
frontend_0/e_state_nxt[0] 0.2919 49.1607
execution_unit_0/reg_pc_call 1.0304 19.4124
execution_unit_0/register_file_0/r1_en 0.3423 45.6033
execution_unit_0/register_file_0/mclk_r1 5.27555 41.3521
execution_unit_0/register_file_0/r2_4 0.1743 7.73092
execution_unit_0/register_file_0/r2_en 0.1757 42.2311
execution_unit_0/register_file_0/mclk_r2 4.2098 70.0698
execution_unit_0/register_file_0/N71 0.1064 63.1579
execution_unit_0/register_file_0/N72 0.35665 8.83219
execution_unit_0/register_file_0/N73 0.1071 41.1765
execution_unit_0/register_file_0/N74 0.2723 7.84062
execution_unit_0/register_file_0/N75 0.5845 28.5158
execution_unit_0/register_file_0/N76 0.29155 18.0072
execution_unit_0/register_file_0/N77 0.2807 37.4065
execution_unit_0/register_file_0/N78 0.1064 49.3421
execution_unit_0/register_file_0/N79 0.0833 58.8235
execution_unit_0/register_file_0/r3_wr 0.38745 6.7299
execution_unit_0/register_file_0/mclk_r3 6.4484 29.9974
execution_unit_0/register_file_0/r4_en 0.2443 63.1805
execution_unit_0/register_file_0/mclk_r4 4.4758 37.8089
execution_unit_0/register_file_0/N81 0.1813 54.6332
execution_unit_0/register_file_0/N82 0.2758 63.9594
execution_unit_0/register_file_0/N83 0.1281 48.6339
execution_unit_0/register_file_0/N84 0.231 70.303
execution_unit_0/register_file_0/N85 0.2604 67.7419
execution_unit_0/register_file_0/N86 0.7546 46.7069
execution_unit_0/register_file_0/N87 0.1708 28.791
execution_unit_0/register_file_0/N88 0.4438 35.3087
execution_unit_0/register_file_0/N89 0.3458 76.3158
execution_unit_0/register_file_0/N90 0.4515 37.1318
execution_unit_0/register_file_0/N91 0.2737 84.399
execution_unit_0/register_file_0/N92 0.1232 26.2784
execution_unit_0/register_file_0/N93 0.3556 55.4134
execution_unit_0/register_file_0/N94 0.3192 53.7281
execution_unit_0/register_file_0/N95 0.3059 51.0297
execution_unit_0/register_file_0/N96 0.2212 51.2658
execution_unit_0/register_file_0/r5_en 0.1876 68.6567
execution_unit_0/register_file_0/mclk_r5 5.2836 49.851
execution_unit_0/register_file_0/N98 0.3437 15.7186
execution_unit_0/register_file_0/N99 0.2261 53.5604
execution_unit_0/register_file_0/N100 0.4473 66.3537
execution_unit_0/register_file_0/N101 0.2128 11.5132
execution_unit_0/register_file_0/N102 0.1771 14.6245
execution_unit_0/register_file_0/N103 0.1526 66.055
execution_unit_0/register_file_0/N104 0.1232 27.8409
execution_unit_0/register_file_0/N105 0.4396 76.5924
execution_unit_0/register_file_0/N106 0.2807 64.4638
execution_unit_0/register_file_0/N107 0.2212 31.0127
execution_unit_0/register_file_0/N108 0.0966 30.4348
execution_unit_0/register_file_0/N109 0.1232 49.4318
execution_unit_0/register_file_0/N110 0.1099 23.2484
execution_unit_0/register_file_0/N111 0.2905 37.2892
execution_unit_0/register_file_0/N112 0.3507 56.3872
execution_unit_0/register_file_0/N113 0.1862 24.3153
execution_unit_0/register_file_0/r6_en 0.0658 34.5745
execution_unit_0/register_file_0/mclk_r6 5.93845 53.8339
execution_unit_0/register_file_0/N115 0.2611 25.3351
execution_unit_0/register_file_0/N116 0.1862 60.5263
execution_unit_0/register_file_0/N117 0.3192 70.1754
execution_unit_0/register_file_0/N118 0.1099 50.9554
execution_unit_0/register_file_0/N119 0.3458 85.83
execution_unit_0/register_file_0/N120 0.364 64.0385
execution_unit_0/register_file_0/N121 0.427 40.9016
execution_unit_0/register_file_0/N122 0.2842 18.7192
execution_unit_0/register_file_0/N123 0.1547 61.5385
execution_unit_0/register_file_0/N124 0.2842 36.2685
execution_unit_0/register_file_0/N125 0.1911 41.3919
execution_unit_0/register_file_0/N126 0.1232 39.7727
execution_unit_0/register_file_0/N127 0.2457 62.8205
execution_unit_0/register_file_0/N128 0.2177 51.6077
execution_unit_0/register_file_0/N129 0.3192 50.4386
execution_unit_0/register_file_0/N130 0.41055 42.9668
execution_unit_0/register_file_0/r7_en 0.09905 39.3993
execution_unit_0/register_file_0/mclk_r7 5.5258 63.3519
execution_unit_0/register_file_0/N132 0.3507 76.5469
execution_unit_0/register_file_0/N133 0.3108 42.9054
execution_unit_0/register_file_0/N134 0.3038 36.8664
execution_unit_0/register_file_0/N135 0.2457 74.7863
execution_unit_0/register_file_0/N136 0.2492 65.7303
execution_unit_0/register_file_0/N137 0.08015 67.9039
execution_unit_0/register_file_0/N138 0.1064 74.1776
execution_unit_0/register_file_0/N139 0.1281 54.918
execution_unit_0/register_file_0/N140 0.1764 25.9921
execution_unit_0/register_file_0/N141 0.1197 47.2222
execution_unit_0/register_file_0/N142 0.1883 69.4238
execution_unit_0/register_file_0/N143 0.8008 41.7177
execution_unit_0/register_file_0/N144 0.2212 62.0253
execution_unit_0/register_file_0/N145 0.364 63.5096
execution_unit_0/register_file_0/N146 0.2604 79.3011
execution_unit_0/register_file_0/N147 0.294 48.5714
execution_unit_0/register_file_0/r8_en 0.1008 3.47222
execution_unit_0/register_file_0/mclk_r8 3.70125 53.2725
execution_unit_0/register_file_0/N149 0.1197 43.1287
execution_unit_0/register_file_0/N150 0.252 10.5556
execution_unit_0/register_file_0/N151 0.1414 65.2228
execution_unit_0/register_file_0/N152 0.0826 55.9322
execution_unit_0/register_file_0/N153 0.09975 89.6491
execution_unit_0/register_file_0/N154 0.1064 46.0526
execution_unit_0/register_file_0/N155 0.0826 59.322
execution_unit_0/register_file_0/N156 0.21735 72.1417
execution_unit_0/register_file_0/N157 0.2541 20.9366
execution_unit_0/register_file_0/N158 0.1596 13.2675
execution_unit_0/register_file_0/N159 0.2674 80.3665
execution_unit_0/register_file_0/N160 0.1099 47.9299
execution_unit_0/register_file_0/N161 0.0826 22.6695
execution_unit_0/register_file_0/N162 0.1232 86.0795
execution_unit_0/register_file_0/N163 0.0826 1.90678
execution_unit_0/register_file_0/N164 0.1603 53.2751
execution_unit_0/register_file_0/r9_en 0.0945 0
execution_unit_0/register_file_0/mclk_r9 6.58665 46.3547
execution_unit_0/register_file_0/N166 0.2793 82.4561
execution_unit_0/register_file_0/N167 0.4207 68.0116
execution_unit_0/register_file_0/N168 0.5327 72.5174
execution_unit_0/register_file_0/N169 0.1197 42.9825
execution_unit_0/register_file_0/N170 0.1561 39.2377
execution_unit_0/register_file_0/N171 0.3059 40.5034
execution_unit_0/register_file_0/N172 0.2044 41.4384
execution_unit_0/register_file_0/N173 0.1281 14.3443
execution_unit_0/register_file_0/N174 0.3626 68.1467
execution_unit_0/register_file_0/N175 0.4179 13.4841
execution_unit_0/register_file_0/N176 0.2177 41.0198
execution_unit_0/register_file_0/N177 0.1442 17.9612
execution_unit_0/register_file_0/N178 0.2261 40.4025
execution_unit_0/register_file_0/N179 0.0931 68.4211
execution_unit_0/register_file_0/N180 0.0966 58.1522
execution_unit_0/register_file_0/N181 0.0917 89.313
execution_unit_0/register_file_0/r10_en 0.1057 38.245
execution_unit_0/register_file_0/mclk_r10 6.50475 32.3352
execution_unit_0/register_file_0/N183 0.2856 54.2892
execution_unit_0/register_file_0/N184 0.259 52.4324
execution_unit_0/register_file_0/N185 0.32165 5.87595
execution_unit_0/register_file_0/N186 0.2394 15.3509
execution_unit_0/register_file_0/N187 0.0833 62.1849
execution_unit_0/register_file_0/N188 0.2604 6.98925
execution_unit_0/register_file_0/N189 0.1099 27.8662
execution_unit_0/register_file_0/N190 0.161 4.56522
execution_unit_0/register_file_0/N191 0.2142 38.8889
execution_unit_0/register_file_0/N192 0.1197 26.462
execution_unit_0/register_file_0/N193 0.1008 50.6944
execution_unit_0/register_file_0/N194 0.1232 0
execution_unit_0/register_file_0/N195 0.1995 56.4912
execution_unit_0/register_file_0/N196 0.1729 75.5061
execution_unit_0/register_file_0/N197 0.2128 62.1711
execution_unit_0/register_file_0/N198 0.2576 40.8967
execution_unit_0/register_file_0/r11_en 0.6167 54.3133
execution_unit_0/register_file_0/mclk_r11 4.5073 34.7725
execution_unit_0/register_file_0/N200 0.2212 46.8354
execution_unit_0/register_file_0/N201 0.29365 65.9118
execution_unit_0/register_file_0/N202 0.5313 55.336
execution_unit_0/register_file_0/N203 0.329 13.2979
execution_unit_0/register_file_0/N204 0.08015 44.9782
execution_unit_0/register_file_0/N205 0.0931 57.8947
execution_unit_0/register_file_0/N206 0.1064 23.6842
execution_unit_0/register_file_0/N207 0.2576 70.1087
execution_unit_0/register_file_0/N208 0.2128 2.96053
execution_unit_0/register_file_0/N209 0.2492 47.4719
execution_unit_0/register_file_0/N210 0.1897 40.4982
execution_unit_0/register_file_0/N211 0.2492 3.37079
execution_unit_0/register_file_0/N212 0.1463 44.378
execution_unit_0/register_file_0/N213 0.35 53.2
execution_unit_0/register_file_0/N214 0.5754 59.1241
execution_unit_0/register_file_0/N215 0.1442 17.7184
execution_unit_0/register_file_0/r12_en 0.105 11.8333
execution_unit_0/register_file_0/mclk_r12 5.21937 42.3101
execution_unit_0/register_file_0/N217 0.1099 25.4777
execution_unit_0/register_file_0/N218 0.1057 2.31788
execution_unit_0/register_file_0/N219 0.0966 50.7246
execution_unit_0/register_file_0/N220 0.3255 60.3226
execution_unit_0/register_file_0/N221 0.2443 69.914
execution_unit_0/register_file_0/N222 0.65345 63.3101
execution_unit_0/register_file_0/N223 0.2226 27.3585
execution_unit_0/register_file_0/N224 0.2611 64.3432
execution_unit_0/register_file_0/N225 0.0882 0
execution_unit_0/register_file_0/N226 0.2079 50.6734
execution_unit_0/register_file_0/N227 0.2793 37.9699
execution_unit_0/register_file_0/N228 0.0931 37.218
execution_unit_0/register_file_0/N229 0.3388 69.3182
execution_unit_0/register_file_0/N230 0.3353 40.501
execution_unit_0/register_file_0/N231 0.1526 64.9083
execution_unit_0/register_file_0/N232 0.2604 67.2043
execution_unit_0/register_file_0/r13_en 1.1095 25.3628
execution_unit_0/register_file_0/mclk_r13 5.85795 39.5561
execution_unit_0/register_file_0/N234 0.1365 39.8718
execution_unit_0/register_file_0/N235 0.2653 28.628
execution_unit_0/register_file_0/N236 0.3654 21.8391
execution_unit_0/register_file_0/N237 0.1596 17.2149
execution_unit_0/register_file_0/N238 0.2702 11.658
execution_unit_0/register_file_0/N239 0.2457 57.265
execution_unit_0/register_file_0/N240 0.0875 88.8
execution_unit_0/register_file_0/N241 0.3241 56.8035
execution_unit_0/register_file_0/N242 0.4662 18.9189
execution_unit_0/register_file_0/N243 0.2226 46.6981
execution_unit_0/register_file_0/N244 0.3787 6.70055
execution_unit_0/register_file_0/N245 0.0966 54.8913
execution_unit_0/register_file_0/N246 0.329 52.234
execution_unit_0/register_file_0/N247 0.2527 34.1413
execution_unit_0/register_file_0/N248 0.3353 46.8163
execution_unit_0/register_file_0/N249 0.1197 42.2515
execution_unit_0/register_file_0/r14_en 0.1323 7.40741
execution_unit_0/register_file_0/mclk_r14 4.97665 59.2447
execution_unit_0/register_file_0/N251 0.3094 64.4796
execution_unit_0/register_file_0/N252 0.1946 76.0791
execution_unit_0/register_file_0/N253 0.1232 50.8523
execution_unit_0/register_file_0/N254 0.2611 34.7185
execution_unit_0/register_file_0/N255 0.3059 73.341
execution_unit_0/register_file_0/N256 0.0826 2.54237
execution_unit_0/register_file_0/N257 0.1365 30.3846
execution_unit_0/register_file_0/N258 0.1281 56.8306
execution_unit_0/register_file_0/N259 0.1463 82.7751
execution_unit_0/register_file_0/N260 0.1463 39.1661
execution_unit_0/register_file_0/N261 0.1778 53.1496
execution_unit_0/register_file_0/N262 1.2355 74.8725
execution_unit_0/register_file_0/N263 0.2226 58.4906
execution_unit_0/register_file_0/N264 0.2058 1.15403
execution_unit_0/register_file_0/N265 0.2226 60.3774
execution_unit_0/register_file_0/N266 0.2926 47.5564
execution_unit_0/register_file_0/r15_en 0.1008 27.7778
execution_unit_0/register_file_0/mclk_r15 5.1674 65.3414
execution_unit_0/register_file_0/N268 0.5334 61.6142
execution_unit_0/register_file_0/N269 0.126 82.7778
execution_unit_0/register_file_0/N270 0.287 57.8049
execution_unit_0/register_file_0/N271 0.2457 77.7778
execution_unit_0/register_file_0/N272 0.0931 68.4211
execution_unit_0/register_file_0/N273 0.2226 72.4843
execution_unit_0/register_file_0/N274 0.1729 74.8988
execution_unit_0/register_file_0/N275 0.2212 61.8671
execution_unit_0/register_file_0/N276 0.2695 36.7532
execution_unit_0/register_file_0/N277 0.2212 11.0759
execution_unit_0/register_file_0/N278 0.3213 64.2702
execution_unit_0/register_file_0/N279 0.3983 28.9104
execution_unit_0/register_file_0/N280 0.2492 72.4719
execution_unit_0/register_file_0/N281 0.3556 32.6772
execution_unit_0/register_file_0/N282 0.4802 62.2449
execution_unit_0/register_file_0/N283 0.3787 66.6359
execution_unit_0/register_file_0/n715 0.1127 53.7267
execution_unit_0/register_file_0/n716 0.2205 2.22222
execution_unit_0/register_file_0/n717 0.0882 38.8889
execution_unit_0/register_file_0/n718 0.1127 0
execution_unit_0/register_file_0/n719 0.2975 55.8319
execution_unit_0/register_file_0/n720 0.1659 0
execution_unit_0/register_file_0/n721 0.4256 39.3327
execution_unit_0/register_file_0/n722 0.4431 16.3902
execution_unit_0/register_file_0/n723 0.1099 30.5732
execution_unit_0/register_file_0/n724 0.1295 20.8108
execution_unit_0/register_file_0/n725 0.0826 17.7966
execution_unit_0/register_file_0/n726 0.2394 54.9708
execution_unit_0/register_file_0/n727 0.1428 0
execution_unit_0/register_file_0/n728 0.1064 23.0263
execution_unit_0/register_file_0/n729 0.0833 10.084
execution_unit_0/register_file_0/n1 0.2975 45.1765
execution_unit_0/register_file_0/n2 0.1057 15.7285
execution_unit_0/register_file_0/n3 0.4221 49.7512
execution_unit_0/register_file_0/n4 1.0668 0.229659
execution_unit_0/register_file_0/n5 0.2163 28.3172
execution_unit_0/register_file_0/n6 0.105 81.3333
execution_unit_0/register_file_0/n7 0.2408 61.6279
execution_unit_0/register_file_0/n9 0.3325 72
execution_unit_0/register_file_0/n10 0.112 65.625
execution_unit_0/register_file_0/n12 0.0609 16.092
execution_unit_0/register_file_0/n13 0.4116 45.7483
execution_unit_0/register_file_0/n14 0.0819 7.69231
execution_unit_0/register_file_0/n15 0.5999 7.35123
execution_unit_0/register_file_0/n16 0.9926 41.3258
execution_unit_0/register_file_0/n17 0.0917 65.2672
execution_unit_0/register_file_0/n18 0.3934 25.7562
execution_unit_0/register_file_0/n19 3.3432 64.0494
execution_unit_0/register_file_0/n20 0.3787 6.0536
execution_unit_0/register_file_0/n21 0.3171 28.6976
execution_unit_0/register_file_0/n22 0.0931 60.9023
execution_unit_0/register_file_0/n26 0.39095 25.8729
execution_unit_0/register_file_0/n27 0.1659 55.2743
execution_unit_0/register_file_0/n28 11.5038 94.5053
execution_unit_0/register_file_0/n29 0.18235 35.4127
execution_unit_0/register_file_0/n30 0.6447 55.4289
execution_unit_0/register_file_0/n31 0.5845 5.98802
execution_unit_0/register_file_0/n32 0.4396 76.5924
execution_unit_0/register_file_0/n33 0.3654 0
execution_unit_0/register_file_0/n34 0.1743 38.5542
execution_unit_0/register_file_0/n35 0.3185 52.8571
execution_unit_0/register_file_0/n36 0.119 54.7059
execution_unit_0/register_file_0/n37 6.3826 74.649
execution_unit_0/register_file_0/n38 0.0882 55.5556
execution_unit_0/register_file_0/n39 2.58825 68.0054
execution_unit_0/register_file_0/n40 0.0133 73.6842
execution_unit_0/register_file_0/n41 0.7147 12.6347
execution_unit_0/register_file_0/n42 0.3122 0
execution_unit_0/register_file_0/n43 0.2618 42.5134
execution_unit_0/register_file_0/n44 0.8785 16.992
execution_unit_0/register_file_0/n45 0.27685 36.5992
execution_unit_0/register_file_0/n46 0.1995 48.4211
execution_unit_0/register_file_0/n47 0.0686 0
execution_unit_0/register_file_0/n48 0.245 35.2857
execution_unit_0/register_file_0/n49 0.0476 34.1912
execution_unit_0/register_file_0/n50 0.0882 61.1111
execution_unit_0/register_file_0/n51 0.0819 41.8803
execution_unit_0/register_file_0/n52 0.7973 70.9394
execution_unit_0/register_file_0/n53 0.2254 3.41615
execution_unit_0/register_file_0/n54 0.3955 2.47788
execution_unit_0/register_file_0/n55 3.437 88.1365
execution_unit_0/register_file_0/n56 0.71015 22.0306
execution_unit_0/register_file_0/n57 0.6762 43.8923
execution_unit_0/register_file_0/n58 0.0924 44.697
execution_unit_0/register_file_0/n59 0.2352 38.5417
execution_unit_0/register_file_0/n60 0.57295 1.74099
execution_unit_0/register_file_0/n61 0.637 10.4003
execution_unit_0/register_file_0/n62 1.1347 62.0472
execution_unit_0/register_file_0/n63 0.1498 34.1956
execution_unit_0/register_file_0/n64 0.31675 20.7735
execution_unit_0/register_file_0/n65 0.1897 36.1624
execution_unit_0/register_file_0/n66 0.1547 62.4434
execution_unit_0/register_file_0/n67 0.1295 37.973
execution_unit_0/register_file_0/n68 0.0735 53.3333
execution_unit_0/register_file_0/n69 0.105 57.1667
execution_unit_0/register_file_0/n70 3.4874 18.7073
execution_unit_0/register_file_0/n71 1.673 68.954
execution_unit_0/register_file_0/n72 0.1085 22.9032
execution_unit_0/register_file_0/n73 5.1261 75.7759
execution_unit_0/register_file_0/n74 0.4606 47.7204
execution_unit_0/register_file_0/n75 9.471 80.0554
execution_unit_0/register_file_0/n76 2.0363 65.3317
execution_unit_0/register_file_0/n77 0.1526 18.922
execution_unit_0/register_file_0/n78 0.4907 4.7687
execution_unit_0/register_file_0/n79 0.1393 0
execution_unit_0/register_file_0/n80 0.2345 27.7612
execution_unit_0/register_file_0/n81 0.1792 0
execution_unit_0/register_file_0/n82 2.6502 64.7847
execution_unit_0/register_file_0/n83 0.0924 47.3485
execution_unit_0/register_file_0/n84 1.0164 54.5455
execution_unit_0/register_file_0/n85 0.0917 28.0534
execution_unit_0/register_file_0/n86 0.93345 3.14961
execution_unit_0/register_file_0/n87 0.0693 0
execution_unit_0/register_file_0/n88 12.3165 99.6618
execution_unit_0/register_file_0/n89 0.2702 31.7358
execution_unit_0/register_file_0/n90 0.1855 0
execution_unit_0/register_file_0/n91 3.2025 58.2404
execution_unit_0/register_file_0/n92 0.126 49.4444
execution_unit_0/register_file_0/n93 0.0994 54.2254
execution_unit_0/register_file_0/n94 0.0686 0
execution_unit_0/register_file_0/n95 0.1127 64.9068
execution_unit_0/register_file_0/n96 0.1001 24.7003
execution_unit_0/register_file_0/n97 0.1589 60.1322
execution_unit_0/register_file_0/n99 2.2953 72.6289
execution_unit_0/register_file_0/n101 0.0462 19.697
execution_unit_0/register_file_0/n102 0.2065 47.7966
execution_unit_0/register_file_0/n103 0.0476 20.2206
execution_unit_0/register_file_0/n104 0.2023 51.9031
execution_unit_0/register_file_0/n105 0.5712 14.1238
execution_unit_0/register_file_0/n106 0.1092 37.1795
execution_unit_0/register_file_0/n107 0.1148 13.4146
execution_unit_0/register_file_0/n108 0.336 17.3437
execution_unit_0/register_file_0/n109 0.2961 43.026
execution_unit_0/register_file_0/n110 0.5516 39.7208
execution_unit_0/register_file_0/n111 0.7245 25.1208
execution_unit_0/register_file_0/n112 0.1344 43.2292
execution_unit_0/register_file_0/n113 6.2356 65.2616
execution_unit_0/register_file_0/n114 0.3304 0
execution_unit_0/register_file_0/n115 0.3388 59.4008
execution_unit_0/register_file_0/n116 7.93065 93.08
execution_unit_0/register_file_0/n117 0.1316 66.4894
execution_unit_0/register_file_0/n118 0.0686 78.5714
execution_unit_0/register_file_0/n119 0.0994 0
execution_unit_0/register_file_0/n120 0.0819 34.8291
execution_unit_0/register_file_0/n121 0.1526 0
execution_unit_0/register_file_0/n122 1.4203 41.2026
execution_unit_0/register_file_0/n123 0.2219 43.6909
execution_unit_0/register_file_0/n124 1.7703 51.2851
execution_unit_0/register_file_0/n125 0.0742 51.8868
execution_unit_0/register_file_0/n126 0.3045 49.0805
execution_unit_0/register_file_0/n127 0.1162 28.7651
execution_unit_0/register_file_0/n128 11.214 98.7047
execution_unit_0/register_file_0/n129 0.1813 44.5946
execution_unit_0/register_file_0/n130 0.30625 65.5429
execution_unit_0/register_file_0/n131 10.325 96.1017
execution_unit_0/register_file_0/n132 0.0833 53.7815
execution_unit_0/register_file_0/n133 0.5936 46.1969
execution_unit_0/register_file_0/n134 0.0861 0
execution_unit_0/register_file_0/n135 0.3178 35.4626
execution_unit_0/register_file_0/n136 0.0658 27.9255
execution_unit_0/register_file_0/n137 1.0871 17.0316
execution_unit_0/register_file_0/n138 0.0133 100
execution_unit_0/register_file_0/n139 4.5703 66.3348
execution_unit_0/register_file_0/n140 0.0133 73.6842
execution_unit_0/register_file_0/n141 1.9537 43.282
execution_unit_0/register_file_0/n142 0.1617 25.7267
execution_unit_0/register_file_0/n143 1.631 27.2532
execution_unit_0/register_file_0/n144 0.3059 16.9336
execution_unit_0/register_file_0/n145 0.1155 11.0606
execution_unit_0/register_file_0/n146 5.8506 80.3251
execution_unit_0/register_file_0/n147 0.1036 21.2838
execution_unit_0/register_file_0/n148 0.2856 56.6176
execution_unit_0/register_file_0/n149 0.0889 54.3307
execution_unit_0/register_file_0/n150 0.1232 70.8807
execution_unit_0/register_file_0/n151 0.0476 49.6324
execution_unit_0/register_file_0/n152 1.9789 2.31694
execution_unit_0/register_file_0/n153 0.0609 0.328407
execution_unit_0/register_file_0/n154 1.4686 58.6511
execution_unit_0/register_file_0/n155 0.0875 3.2
execution_unit_0/register_file_0/n156 0.7007 59.4406
execution_unit_0/register_file_0/n157 0.0693 52.2727
execution_unit_0/register_file_0/n158 0.31605 32.2813
execution_unit_0/register_file_0/n159 0.1925 47.8182
execution_unit_0/register_file_0/n160 0.7476 30.4307
execution_unit_0/register_file_0/n161 0.23835 12.7019
execution_unit_0/register_file_0/n162 0.3059 10.8124
execution_unit_0/register_file_0/n163 0.0777 17.7928
execution_unit_0/register_file_0/n164 0.6678 66.5618
execution_unit_0/register_file_0/n165 0.3724 24.5771
execution_unit_0/register_file_0/n166 0.2359 10.3116
execution_unit_0/register_file_0/n167 0.2821 52.1092
execution_unit_0/register_file_0/n168 0.2898 40.7005
execution_unit_0/register_file_0/n169 1.37847 20.325
execution_unit_0/register_file_0/n170 0.056 13.125
execution_unit_0/register_file_0/n171 0.2989 46.4871
execution_unit_0/register_file_0/n172 0.3724 39.3797
execution_unit_0/register_file_0/n173 0.2954 36.4929
execution_unit_0/register_file_0/n174 0.1456 57.2115
execution_unit_0/register_file_0/n175 0.0756 34.7222
execution_unit_0/register_file_0/n176 0.1715 45.7143
execution_unit_0/register_file_0/n177 0.1162 27.8614
execution_unit_0/register_file_0/n178 0.2037 34.1924
execution_unit_0/register_file_0/n179 0.0133 81.5789
execution_unit_0/register_file_0/n180 3.0786 83.4015
execution_unit_0/register_file_0/n181 0.5852 12.893
execution_unit_0/register_file_0/n182 0.2926 54.5455
execution_unit_0/register_file_0/n183 0.1526 37.6147
execution_unit_0/register_file_0/n184 0.9072 51.5432
execution_unit_0/register_file_0/n185 0.0721 25.2427
execution_unit_0/register_file_0/n186 0.0819 23.3211
execution_unit_0/register_file_0/n187 0.0966 32.6087
execution_unit_0/register_file_0/n188 0.4389 46.6108
execution_unit_0/register_file_0/n189 0.2709 52.9716
execution_unit_0/register_file_0/n190 0.6139 41.8472
execution_unit_0/register_file_0/n191 0.119 37.6471
execution_unit_0/register_file_0/n192 0.2177 14.2283
execution_unit_0/register_file_0/n193 0.1358 49.2268
execution_unit_0/register_file_0/n194 0.1491 53.9906
execution_unit_0/register_file_0/n195 3.724 88.4211
execution_unit_0/register_file_0/n196 1.02795 59.2782
execution_unit_0/register_file_0/n197 0.0952 15.8088
execution_unit_0/register_file_0/n198 4.7033 51.3889
execution_unit_0/register_file_0/n199 0.1176 31.25
execution_unit_0/register_file_0/n200 1.8298 70.4667
execution_unit_0/register_file_0/n201 2.9897 56.79
execution_unit_0/register_file_0/n202 0.0819 40.1709
execution_unit_0/register_file_0/n203 0.7014 49.3513
execution_unit_0/register_file_0/n204 0.2912 48.5577
execution_unit_0/register_file_0/n205 0.0833 58.8235
execution_unit_0/register_file_0/n206 0.0966 32.7899
execution_unit_0/register_file_0/n207 10.6319 95.9443
execution_unit_0/register_file_0/n208 0.0973 25.7194
execution_unit_0/register_file_0/n209 0.8281 53.7737
execution_unit_0/register_file_0/n210 0.1092 0
execution_unit_0/register_file_0/n211 1.0374 7.4224
execution_unit_0/register_file_0/n212 0.399 59.386
execution_unit_0/register_file_0/n213 0.3717 0.753296
execution_unit_0/register_file_0/n214 0.9996 11.4321
execution_unit_0/register_file_0/n215 0.056 20
execution_unit_0/register_file_0/n216 0.231 63.0303
execution_unit_0/register_file_0/n217 0.1092 3.15934
execution_unit_0/register_file_0/n218 0.5936 38.355
execution_unit_0/register_file_0/n219 0.2653 59.3668
execution_unit_0/register_file_0/n220 0.056 30.9375
execution_unit_0/register_file_0/n221 0.0917 53.4351
execution_unit_0/register_file_0/n222 0.4263 31.5271
execution_unit_0/register_file_0/n223 0.2387 36.3636
execution_unit_0/register_file_0/n224 0.0133 0
execution_unit_0/register_file_0/n225 3.2116 91.7502
execution_unit_0/register_file_0/n226 6.56687 51.3422
execution_unit_0/register_file_0/n227 3.1815 40.3355
execution_unit_0/register_file_0/n228 0.4256 28.3717
execution_unit_0/register_file_0/n229 0.2429 44.4524
execution_unit_0/register_file_0/n230 3.5154 58.6918
execution_unit_0/register_file_0/n231 0.1274 3.84615
execution_unit_0/register_file_0/n232 3.6561 36.7721
execution_unit_0/register_file_0/n233 0.2345 39.403
execution_unit_0/register_file_0/n234 0.48615 12.887
execution_unit_0/register_file_0/n235 0.2366 29.2899
execution_unit_0/register_file_0/n236 0.1232 4.11932
execution_unit_0/register_file_0/n237 0.1127 64.5963
execution_unit_0/register_file_0/n238 0.2261 56.9659
execution_unit_0/register_file_0/n239 0.056 58.75
execution_unit_0/register_file_0/n240 0.497 7.92254
execution_unit_0/register_file_0/n242 9.135 93.2605
execution_unit_0/register_file_0/n244 0.1085 14.6774
execution_unit_0/register_file_0/n245 0.1106 45.2532
execution_unit_0/register_file_0/n246 0.08085 0
execution_unit_0/register_file_0/n247 1.7136 52.8799
execution_unit_0/register_file_0/n248 0.2891 50.6053
execution_unit_0/register_file_0/n249 0.733425 23.8607
execution_unit_0/register_file_0/n250 0.2114 19.8675
execution_unit_0/register_file_0/n251 0.2611 37.5335
execution_unit_0/register_file_0/n252 0.2639 36.87
execution_unit_0/register_file_0/n253 1.6877 51.742
execution_unit_0/register_file_0/n254 0.2338 4.79042
execution_unit_0/register_file_0/n255 1.1921 77.0112
execution_unit_0/register_file_0/n256 0.126 25
execution_unit_0/register_file_0/n257 6.4694 78.127
execution_unit_0/register_file_0/n258 0.42595 41.249
execution_unit_0/register_file_0/n259 0.5768 43.2039
execution_unit_0/register_file_0/n260 0.0693 4.54545
execution_unit_0/register_file_0/n261 0.4319 30.9968
execution_unit_0/register_file_0/n262 0.8456 4.13907
execution_unit_0/register_file_0/n263 0.1057 12.5828
execution_unit_0/register_file_0/n264 0.8372 40.4264
execution_unit_0/register_file_0/n265 2.0629 32.304
execution_unit_0/register_file_0/n266 0.0861 0
execution_unit_0/register_file_0/n267 0.861 89.4715
execution_unit_0/register_file_0/n268 3.8206 62.3763
execution_unit_0/register_file_0/n269 0.0861 63.8211
execution_unit_0/register_file_0/n271 1.4896 43.119
execution_unit_0/register_file_0/n272 0.2478 61.4407
execution_unit_0/register_file_0/n273 0.16275 51.3978
execution_unit_0/register_file_0/n274 13.3952 54.4785
execution_unit_0/register_file_0/n275 0.2828 18.0074
execution_unit_0/register_file_0/n276 0.5446 67.2237
execution_unit_0/register_file_0/n277 0.1008 1.04167
execution_unit_0/register_file_0/n278 0.0658 22.3404
execution_unit_0/register_file_0/n279 0.0861 76.8293
execution_unit_0/register_file_0/n280 0.0658 83.2447
execution_unit_0/register_file_0/n281 0.056 17.5
execution_unit_0/register_file_0/n282 0.10325 44.0678
execution_unit_0/register_file_0/n283 0.3654 56.1303
execution_unit_0/register_file_0/n284 0.0658 100
execution_unit_0/register_file_0/n285 0.0952 49.6324
execution_unit_0/register_file_0/n286 0.0875 24.6
execution_unit_0/register_file_0/n287 0.056 82.5
execution_unit_0/register_file_0/n288 0.1057 75.6623
execution_unit_0/register_file_0/n289 0.0658 37.5
execution_unit_0/register_file_0/n290 0.2037 19.5876
execution_unit_0/register_file_0/n291 0.3668 50
execution_unit_0/register_file_0/n292 0.1764 56.1508
execution_unit_0/register_file_0/n293 0.1127 64.5963
execution_unit_0/register_file_0/n294 0.294 49.2857
execution_unit_0/register_file_0/n295 0.0476 0
execution_unit_0/register_file_0/n296 0.3157 51.7738
execution_unit_0/register_file_0/n297 0.0623 44.9438
execution_unit_0/register_file_0/n298 0.0658 39.3617
execution_unit_0/register_file_0/n299 0.0658 3.7234
execution_unit_0/register_file_0/n300 0.168 42.7083
execution_unit_0/register_file_0/n301 0.399 56.1404
execution_unit_0/register_file_0/n302 0.0476 89.7059
execution_unit_0/register_file_0/n303 0.0784 56.25
execution_unit_0/register_file_0/n304 0.0658 39.8936
execution_unit_0/register_file_0/n305 0.0476 44.1176
execution_unit_0/register_file_0/n306 0.3857 51.8149
execution_unit_0/register_file_0/n307 0.0833 20.5882
execution_unit_0/register_file_0/n308 16.9964 71.612
execution_unit_0/register_file_0/n309 0.2961 49.6454
execution_unit_0/register_file_0/n311 0.1281 38.5246
execution_unit_0/register_file_0/n312 0.4123 3.05603
execution_unit_0/register_file_0/n313 0.12285 6.26781
execution_unit_0/register_file_0/n314 0.1652 52.3305
execution_unit_0/register_file_0/n315 0.2121 0
execution_unit_0/register_file_0/n316 3.23505 45.0426
execution_unit_0/register_file_0/n317 0.161 19.0217
execution_unit_0/register_file_0/n318 0.6881 48.4232
execution_unit_0/register_file_0/n319 0.2457 6.26781
execution_unit_0/register_file_0/n320 0.105 27.1667
execution_unit_0/register_file_0/n321 0.0987 35.8156
execution_unit_0/register_file_0/n322 20.03 61.0011
execution_unit_0/register_file_0/n323 4.5059 73.8077
execution_unit_0/register_file_0/n324 0.2079 46.5488
execution_unit_0/register_file_0/n325 0.24745 17.7511
execution_unit_0/register_file_0/n326 0.18025 49.2233
execution_unit_0/register_file_0/n327 0.0476 79.4118
execution_unit_0/register_file_0/n328 0.056 55
execution_unit_0/register_file_0/n329 14.8974 72.5543
execution_unit_0/register_file_0/n330 0.2226 35.5346
execution_unit_0/register_file_0/n331 0.16625 39.5789
execution_unit_0/register_file_0/n332 0.2583 40.3794
execution_unit_0/register_file_0/n333 0.1582 54.8673
execution_unit_0/register_file_0/n334 1.3657 54.5618
execution_unit_0/register_file_0/n335 0.0994 54.2254
execution_unit_0/register_file_0/n336 0.21735 48.6312
execution_unit_0/register_file_0/n337 0.5803 26.2967
execution_unit_0/register_file_0/n338 2.2309 33.1738
execution_unit_0/register_file_0/n339 0.0476 40.4412
execution_unit_0/register_file_0/n340 0.04515 32.5581
execution_unit_0/register_file_0/n341 0.4571 59.1118
execution_unit_0/register_file_0/n342 0.04515 30.2326
execution_unit_0/register_file_0/n343 0.056 91.25
execution_unit_0/register_file_0/n344 0.04515 48.4496
execution_unit_0/register_file_0/n345 0.4375 62.16
execution_unit_0/register_file_0/n346 0.0658 37.766
execution_unit_0/register_file_0/n347 0.0658 18.0851
execution_unit_0/register_file_0/n348 0.1393 25.1256
execution_unit_0/register_file_0/n349 0.0833 70.5882
execution_unit_0/register_file_0/n350 0.2114 73.1906
execution_unit_0/register_file_0/n351 0.0658 0
execution_unit_0/register_file_0/n352 0.2023 7.26644
execution_unit_0/register_file_0/n353 0.86205 44.0897
execution_unit_0/register_file_0/n354 0.0875 4.8
execution_unit_0/register_file_0/n355 0.4158 28.5774
execution_unit_0/register_file_0/n356 0.0133 63.1579
execution_unit_0/register_file_0/n357 0.0658 48.9362
execution_unit_0/register_file_0/n358 5.2619 79.7991
execution_unit_0/register_file_0/n359 0.2114 85.596
execution_unit_0/register_file_0/n360 0.056 50
execution_unit_0/register_file_0/n361 0.0658 62.766
execution_unit_0/register_file_0/n362 0.0658 10.1064
execution_unit_0/register_file_0/n363 0.399 48.8596
execution_unit_0/register_file_0/n364 0.0476 89.7059
execution_unit_0/register_file_0/n365 0.1218 27.1552
execution_unit_0/register_file_0/n366 0.0966 11.2319
execution_unit_0/register_file_0/n367 0.0462 60.6061
execution_unit_0/register_file_0/n368 0.3976 78.257
execution_unit_0/register_file_0/n369 0.0658 52.9255
execution_unit_0/register_file_0/n370 0.0658 12.766
execution_unit_0/register_file_0/n371 0.1057 51.3245
execution_unit_0/register_file_0/n372 0.2555 16.0274
execution_unit_0/register_file_0/n373 0.3731 44.7467
execution_unit_0/register_file_0/n374 0.36645 8.78701
execution_unit_0/register_file_0/n375 0.0735 2.85714
execution_unit_0/register_file_0/n376 0.9093 60.0462
execution_unit_0/register_file_0/n377 0.056 55
execution_unit_0/register_file_0/n378 0.13055 53.3512
execution_unit_0/register_file_0/n379 0.3339 45.9644
execution_unit_0/register_file_0/n380 0.0658 30.5851
execution_unit_0/register_file_0/n381 0.1757 0
execution_unit_0/register_file_0/n382 0.0819 12.8205
execution_unit_0/register_file_0/n383 0.0875 19.2
execution_unit_0/register_file_0/n384 0.056 30.625
execution_unit_0/register_file_0/n385 2.5172 66.1499
execution_unit_0/register_file_0/n386 0.0476 48.5294
execution_unit_0/register_file_0/n387 1.302 75.8065
execution_unit_0/register_file_0/n388 0.1225 25.1429
execution_unit_0/register_file_0/n389 0.896 49.2187
execution_unit_0/register_file_0/n390 0.0952 57.7206
execution_unit_0/register_file_0/n391 1.05805 52.4148
execution_unit_0/register_file_0/n392 0.0791 45.5752
execution_unit_0/register_file_0/n393 2.22705 46.904
execution_unit_0/register_file_0/n394 0.4886 47.5645
execution_unit_0/register_file_0/n395 1.6604 51.6126
execution_unit_0/register_file_0/n396 0.0476 89.7059
execution_unit_0/register_file_0/n397 0.861 66.2398
execution_unit_0/register_file_0/n398 0.1316 71.2766
execution_unit_0/register_file_0/n399 1.4903 18.659
execution_unit_0/register_file_0/n400 0.0966 34.4203
execution_unit_0/register_file_0/n401 1.62155 50.8634
execution_unit_0/register_file_0/n402 0.0462 59.0909
execution_unit_0/register_file_0/n403 1.2593 66.801
execution_unit_0/register_file_0/n404 0.2212 78.8653
execution_unit_0/register_file_0/n405 2.5914 33.8456
execution_unit_0/register_file_0/n406 0.0791 75.2212
execution_unit_0/register_file_0/n407 19.5681 63.9638
execution_unit_0/register_file_0/n408 1.13505 28.708
execution_unit_0/register_file_0/n409 0.5586 49.8747
execution_unit_0/register_file_0/n410 0.2877 33.09
execution_unit_0/register_file_0/n411 0.0917 33.0153
execution_unit_0/register_file_0/n412 0.0735 34.7619
execution_unit_0/register_file_0/n413 0.105 32.6667
execution_unit_0/register_file_0/n414 14.7546 72.045
execution_unit_0/register_file_0/n415 0.22085 28.8431
execution_unit_0/register_file_0/n416 0.0511 21.5753
execution_unit_0/register_file_0/n417 0.1393 0
execution_unit_0/register_file_0/n418 0.434 66.2903
execution_unit_0/register_file_0/n419 12.4873 53.54
execution_unit_0/register_file_0/n420 0.2646 35.2513
execution_unit_0/register_file_0/n421 0.084 24.7917
execution_unit_0/register_file_0/n422 0.1806 45.3488
execution_unit_0/register_file_0/n423 0.0609 16.092
execution_unit_0/register_file_0/n424 14.9811 53.71
execution_unit_0/register_file_0/n425 0.36365 14.1482
execution_unit_0/register_file_0/n426 0.5845 58.7425
execution_unit_0/register_file_0/n427 0.259 1.35135
execution_unit_0/register_file_0/n428 0.4781 63.2504
execution_unit_0/register_file_0/n429 12.6035 55.7373
execution_unit_0/register_file_0/n430 0.12285 10.5413
execution_unit_0/register_file_0/n431 2.4325 36.3022
execution_unit_0/register_file_0/n432 0.1351 2.07254
execution_unit_0/register_file_0/n433 1.29115 42.8436
execution_unit_0/register_file_0/n434 0.0924 15.9091
execution_unit_0/register_file_0/n435 0.1722 59.3496
execution_unit_0/register_file_0/n436 0.0924 10.6061
execution_unit_0/register_file_0/n437 0.2751 4.45293
execution_unit_0/register_file_0/n438 0.5614 45.6983
execution_unit_0/register_file_0/n439 4.96125 49.8765
execution_unit_0/register_file_0/n440 0.5831 46.5786
execution_unit_0/register_file_0/n441 0.1218 57.9023
execution_unit_0/register_file_0/n442 0.1722 56.9106
execution_unit_0/register_file_0/n443 0.1358 56.4433
execution_unit_0/register_file_0/n444 0.119 57.0588
execution_unit_0/register_file_0/n445 11.6928 94.7049
execution_unit_0/register_file_0/n446 0.0819 13.4615
execution_unit_0/register_file_0/n447 2.0454 13.7577
execution_unit_0/register_file_0/n448 0.1904 50.2757
execution_unit_0/register_file_0/n449 6.6857 82.6406
execution_unit_0/register_file_0/n450 2.11715 61.6489
execution_unit_0/register_file_0/n451 0.2793 34.7744
execution_unit_0/register_file_0/n452 0.0924 32.9545
execution_unit_0/register_file_0/n453 0.1659 62.4473
execution_unit_0/register_file_0/n454 6.1957 74.9802
execution_unit_0/register_file_0/n455 0.0973 1.79856
execution_unit_0/register_file_0/n456 0.2975 10.7059
execution_unit_0/register_file_0/n457 0.1414 26.6089
execution_unit_0/register_file_0/n458 0.1708 19.1159
execution_unit_0/register_file_0/n459 0.0791 23.0088
execution_unit_0/register_file_0/n460 6.0095 78.1741
execution_unit_0/register_file_0/n461 0.0686 46.4286
execution_unit_0/register_file_0/n462 2.135 42.3443
execution_unit_0/register_file_0/n463 0.126 51.6667
execution_unit_0/register_file_0/n464 11.7719 92.1047
execution_unit_0/register_file_0/n465 0.4536 46.5664
execution_unit_0/register_file_0/n466 0.1393 55.9045
execution_unit_0/register_file_0/n467 0.1015 48.2759
execution_unit_0/register_file_0/n468 2.6418 33.0551
execution_unit_0/register_file_0/n469 11.9315 96.7058
execution_unit_0/register_file_0/n470 4.9098 69.4183
execution_unit_0/register_file_0/n471 1.932 83.2156
execution_unit_0/register_file_0/n472 0.1729 7.15732
execution_unit_0/register_file_0/n473 0.5978 49.6822
execution_unit_0/register_file_0/n474 13.5478 93.9263
execution_unit_0/register_file_0/n475 0.2527 41.4127
execution_unit_0/register_file_0/n476 0.3976 45.5986
execution_unit_0/register_file_0/n477 1.58375 17.326
execution_unit_0/register_file_0/n478 0.0791 6.19469
execution_unit_0/register_file_0/n479 0.1967 33.0071
execution_unit_0/register_file_0/n480 0.3059 55.6064
execution_unit_0/register_file_0/n481 4.1692 72.0954
execution_unit_0/register_file_0/n482 0.588 50.9524
execution_unit_0/register_file_0/n483 1.4658 16.3563
execution_unit_0/register_file_0/n484 1.323 23.2011
execution_unit_0/register_file_0/n485 0.1232 29.2614
execution_unit_0/register_file_0/n486 0.0609 56.0345
execution_unit_0/register_file_0/n487 2.0629 50.4835
execution_unit_0/register_file_0/n488 0.0952 20.5882
execution_unit_0/register_file_0/n489 0.0861 74.7967
execution_unit_0/register_file_0/n490 12.3032 94.996
execution_unit_0/register_file_0/n491 0.2828 33.2302
execution_unit_0/register_file_0/n492 0.1855 53.5849
execution_unit_0/register_file_0/n493 0.0875 0
execution_unit_0/register_file_0/n494 3.7716 62.5928
execution_unit_0/register_file_0/n495 0.6195 1.9774
execution_unit_0/register_file_0/n496 1.37322 16.9874
execution_unit_0/register_file_0/n497 1.3524 44.1511
execution_unit_0/register_file_0/n498 0.4872 42.9085
execution_unit_0/register_file_0/n499 0.1946 14.4784
execution_unit_0/register_file_0/n500 9.5214 66.3395
execution_unit_0/register_file_0/n501 0.0658 19.4149
execution_unit_0/register_file_0/n502 0.0875 41
execution_unit_0/register_file_0/n503 9.6502 93.653
execution_unit_0/register_file_0/n504 0.4354 26.6077
execution_unit_0/register_file_0/n505 0.0644 11.413
execution_unit_0/register_file_0/n506 0.1085 20.8065
execution_unit_0/register_file_0/n507 3.10765 71.4945
execution_unit_0/register_file_0/n508 1.8291 76.1959
execution_unit_0/register_file_0/n509 8.5533 93.8702
execution_unit_0/register_file_0/n510 1.51585 0.13029
execution_unit_0/register_file_0/n511 0.0609 36.7816
execution_unit_0/register_file_0/n512 0.82285 7.41934
execution_unit_0/register_file_0/n513 0.196 43.75
execution_unit_0/register_file_0/n514 5.3956 77.2959
execution_unit_0/register_file_0/n515 0.5089 21.1142
execution_unit_0/register_file_0/n516 0.0987 2.30496
execution_unit_0/register_file_0/n517 1.1214 17.4135
execution_unit_0/register_file_0/n518 3.61585 72.8148
execution_unit_0/register_file_0/n519 1.7591 96.737
execution_unit_0/register_file_0/n520 1.4168 32.5963
execution_unit_0/register_file_0/n521 0.59535 18.3422
execution_unit_0/register_file_0/n522 0.11585 39.2749
execution_unit_0/register_file_0/n523 0.1085 29.5161
execution_unit_0/register_file_0/n524 0.1491 63.1455
execution_unit_0/register_file_0/n525 0.0462 10.6061
execution_unit_0/register_file_0/n526 3.1794 91.4905
execution_unit_0/register_file_0/n527 0.1113 0
execution_unit_0/register_file_0/n528 0.20545 50.0852
execution_unit_0/register_file_0/n529 2.92705 26.0134
execution_unit_0/register_file_0/n530 1.6037 56.3728
execution_unit_0/register_file_0/n531 1.02165 12.6584
execution_unit_0/register_file_0/n532 0.5278 41.6777
execution_unit_0/register_file_0/n533 2.4402 48.0493
execution_unit_0/register_file_0/n534 0.3808 11.5874
execution_unit_0/register_file_0/n535 0.392 60.1786
execution_unit_0/register_file_0/n536 0.1029 37.415
execution_unit_0/register_file_0/n537 3.1129 68.3157
execution_unit_0/register_file_0/n538 0.091 17.3077
execution_unit_0/register_file_0/n539 0.4221 24.3781
execution_unit_0/register_file_0/n540 4.83 82.2717
execution_unit_0/register_file_0/n541 1.211 27.7168
execution_unit_0/register_file_0/n542 0.6587 80.6589
execution_unit_0/register_file_0/n543 0.9261 57.8231
execution_unit_0/register_file_0/n544 6.244 63.8789
execution_unit_0/register_file_0/n545 0.2044 3.25342
execution_unit_0/register_file_0/n546 0.5404 22.3769
execution_unit_0/register_file_0/n547 0.83405 68.611
execution_unit_0/register_file_0/n548 2.4675 83.5035
execution_unit_0/register_file_0/n549 0.1218 29.3514
execution_unit_0/register_file_0/n550 0.0609 37.6437
execution_unit_0/register_file_0/n551 0.94605 14.9464
execution_unit_0/register_file_0/n552 1.9005 88.7332
execution_unit_0/register_file_0/n553 2.548 82.8434
execution_unit_0/register_file_0/n554 0.1015 21.7241
execution_unit_0/register_file_0/n555 1.0815 3.00971
execution_unit_0/register_file_0/n556 0.0819 35.8974
execution_unit_0/register_file_0/n557 0.3857 56.5336
execution_unit_0/register_file_0/n558 0.2625 29.1333
execution_unit_0/register_file_0/n559 7.2611 84.9272
execution_unit_0/register_file_0/n560 0.2177 18.4887
execution_unit_0/register_file_0/n561 0.5271 9.16335
execution_unit_0/register_file_0/n562 9.30965 63.5325
execution_unit_0/register_file_0/n563 1.6212 47.3014
execution_unit_0/register_file_0/n564 1.78255 15.3839
execution_unit_0/register_file_0/n565 1.022 81.6952
execution_unit_0/register_file_0/n566 1.4196 37.5863
execution_unit_0/register_file_0/n567 0.427 48.3607
execution_unit_0/register_file_0/n568 0.5649 53.4696
execution_unit_0/register_file_0/n569 0.2751 11.8957
execution_unit_0/register_file_0/n570 2.5312 28.925
execution_unit_0/register_file_0/n571 0.119 61.7647
execution_unit_0/register_file_0/n572 0.1722 49.3902
execution_unit_0/register_file_0/n573 0.9989 63.7701
execution_unit_0/register_file_0/n574 0.3444 35.874
execution_unit_0/register_file_0/n575 0.0952 34.7426
execution_unit_0/register_file_0/n576 0.4116 10.2891
execution_unit_0/register_file_0/n577 0.105 33.3333
execution_unit_0/register_file_0/n578 0.1309 57.6203
execution_unit_0/register_file_0/n579 0.301 43.2558
execution_unit_0/register_file_0/n580 0.4249 39.6211
execution_unit_0/register_file_0/n581 1.2481 52.608
execution_unit_0/register_file_0/n582 0.1218 27.5862
execution_unit_0/register_file_0/n583 0.1057 54.9669
execution_unit_0/register_file_0/n584 1.2229 26.3309
execution_unit_0/register_file_0/n585 1.4098 23.7339
execution_unit_0/register_file_0/n586 0.3108 57.4324
execution_unit_0/register_file_0/n587 0.77455 41.3692
execution_unit_0/register_file_0/n588 0.1015 31.3793
execution_unit_0/register_file_0/n589 0.0784 41.0714
execution_unit_0/register_file_0/n590 0.2345 11.4925
execution_unit_0/register_file_0/n591 0.1015 0.492611
execution_unit_0/register_file_0/n592 0.0595 11.6807
execution_unit_0/register_file_0/n593 1.01815 24.0289
execution_unit_0/register_file_0/n594 0.1057 30.4636
execution_unit_0/register_file_0/n595 0.266 12.9605
execution_unit_0/register_file_0/n596 4.5703 40.7725
execution_unit_0/register_file_0/n597 4.2483 54.8072
execution_unit_0/register_file_0/n598 1.484 5.66038
execution_unit_0/register_file_0/n599 17.6901 83.0451
execution_unit_0/register_file_0/n600 4.07435 60.4802
execution_unit_0/register_file_0/n601 0.1127 53.7267
execution_unit_0/register_file_0/n602 5.0981 27.1248
execution_unit_0/register_file_0/n603 3.9543 35.9299
execution_unit_0/register_file_0/n604 1.3615 47.8406
execution_unit_0/register_file_0/n605 12.5279 65.1755
execution_unit_0/register_file_0/n606 3.297 46.5544
execution_unit_0/register_file_0/n607 0.28175 48.9441
execution_unit_0/register_file_0/n608 11.0474 53.6785
execution_unit_0/register_file_0/n609 4.24865 48.1547
execution_unit_0/register_file_0/n610 1.4385 4.08759
execution_unit_0/register_file_0/n611 5.4516 33.7048
execution_unit_0/register_file_0/n612 4.19475 43.3727
execution_unit_0/register_file_0/n613 1.1571 33.9685
execution_unit_0/register_file_0/n614 12.6203 73.298
execution_unit_0/register_file_0/n615 3.19445 49.7699
execution_unit_0/register_file_0/n616 0.1099 13.3758
execution_unit_0/register_file_0/n617 14.3843 49.0924
execution_unit_0/register_file_0/n618 3.63825 53.5793
execution_unit_0/register_file_0/n619 0.2296 43.75
execution_unit_0/register_file_0/n620 5.3711 33.07
execution_unit_0/register_file_0/n621 4.4408 37.9059
execution_unit_0/register_file_0/n622 1.2579 13.1886
execution_unit_0/register_file_0/n623 12.0813 70.33
execution_unit_0/register_file_0/n624 3.91615 35.7896
execution_unit_0/register_file_0/n625 0.1008 52.0833
execution_unit_0/register_file_0/n626 9.63025 41.2837
execution_unit_0/register_file_0/n627 2.4577 33.4785
execution_unit_0/register_file_0/n628 0.2163 35.356
execution_unit_0/register_file_0/n629 10.0541 64.5125
execution_unit_0/register_file_0/n630 3.51365 36.0544
execution_unit_0/register_file_0/n631 0.6916 44.5344
execution_unit_0/register_file_0/n632 1.8039 49.1269
execution_unit_0/register_file_0/n633 0.0133 0
execution_unit_0/register_file_0/n634 1.1417 15.0215
execution_unit_0/register_file_0/n635 7.06423 52.1837
execution_unit_0/register_file_0/n636 0.0826 50.8475
execution_unit_0/register_file_0/n637 0.0133 0
execution_unit_0/register_file_0/n638 15.6055 72.732
execution_unit_0/register_file_0/n649 0.0658 0
execution_unit_0/register_file_0/n650 0.2331 0.900901
execution_unit_0/register_file_0/n651 0.7441 52.0226
execution_unit_0/register_file_0/n652 0.6447 34.962
execution_unit_0/register_file_0/n654 0.1813 32.4324
execution_unit_0/register_file_0/n655 0.1575 3.11111
execution_unit_0/register_file_0/n656 0.0476 52.5735
execution_unit_0/register_file_0/n657 2.3338 54.0342
execution_unit_0/register_file_0/n658 0.0735 40
execution_unit_0/register_file_0/n659 0.0973 30.2158
execution_unit_0/register_file_0/n660 1.0892 20.0996
execution_unit_0/register_file_0/n669 0.9331 9.94534
execution_unit_0/register_file_0/n670 0.1757 20.9163
execution_unit_0/register_file_0/n671 1.3524 19.7981
execution_unit_0/register_file_0/n672 0.7511 40.5405
execution_unit_0/register_file_0/n673 0.392 47.1429
execution_unit_0/register_file_0/n674 0.9758 13.717
execution_unit_0/register_file_0/n675 0.3206 31.2539
execution_unit_0/register_file_0/n676 0.9422 34.6211
execution_unit_0/register_file_0/n677 1.4805 13.1087
execution_unit_0/register_file_0/n678 0.8295 30.4641
execution_unit_0/register_file_0/n679 1.0367 60.0945
execution_unit_0/register_file_0/n680 0.4382 4.47284
execution_unit_0/register_file_0/r1[15] 1.6345 29.5717
execution_unit_0/register_file_0/r1[14] 2.1322 84.7505
execution_unit_0/register_file_0/r1[13] 0.9121 24.0982
execution_unit_0/register_file_0/r1[12] 1.71885 49.4095
execution_unit_0/register_file_0/r1[11] 1.428 16.4076
execution_unit_0/register_file_0/r1[10] 2.2435 65.4914
execution_unit_0/register_file_0/r1[9] 2.128 63.1743
execution_unit_0/register_file_0/r1[8] 2.1833 61.9429
execution_unit_0/register_file_0/r1[7] 2.4255 52.1934
execution_unit_0/register_file_0/r1[6] 1.60965 7.47989
execution_unit_0/register_file_0/r1[5] 2.5375 84.4966
execution_unit_0/register_file_0/r1[4] 0.96985 36.5392
execution_unit_0/register_file_0/r1[3] 1.82175 63.4774
execution_unit_0/register_file_0/r1[2] 2.4171 97.4805
execution_unit_0/register_file_0/r1[1] 1.85465 61.9362
execution_unit_0/register_file_0/r3[15] 0.26075 22.953
execution_unit_0/register_file_0/r3[14] 0.45465 5.61971
execution_unit_0/register_file_0/r3[13] 0.525 0.266667
execution_unit_0/register_file_0/r3[12] 0.27265 26.9576
execution_unit_0/register_file_0/r3[11] 0.2121 40.0047
execution_unit_0/register_file_0/r3[10] 0.2373 41.0029
execution_unit_0/register_file_0/r3[9] 0.392 5.89286
execution_unit_0/register_file_0/r3[8] 2.1049 50.6984
execution_unit_0/register_file_0/r3[7] 0.5544 35.6692
execution_unit_0/register_file_0/r3[6] 0.595 19.6471
execution_unit_0/register_file_0/r3[5] 0.2709 53.1008
execution_unit_0/register_file_0/r3[4] 0.2975 43.6471
execution_unit_0/register_file_0/r3[3] 0.20755 28.7521
execution_unit_0/register_file_0/r3[2] 0.49 28.7143
execution_unit_0/register_file_0/r3[1] 0.4837 27.8944
execution_unit_0/register_file_0/r3[0] 0.3066 16.9602
execution_unit_0/register_file_0/r4[15] 1.66285 21.2587
execution_unit_0/register_file_0/r4[14] 1.47805 7.03291
execution_unit_0/register_file_0/r4[13] 3.4433 57.4202
execution_unit_0/register_file_0/r4[12] 1.8284 68.2496
execution_unit_0/register_file_0/r4[11] 1.17758 20.3745
execution_unit_0/register_file_0/r4[10] 2.4752 65.0735
execution_unit_0/register_file_0/r4[9] 0.847 39.5455
execution_unit_0/register_file_0/r4[8] 7.46585 91.9132
execution_unit_0/register_file_0/r4[7] 2.7895 59.8817
execution_unit_0/register_file_0/r4[6] 1.7416 59.1941
execution_unit_0/register_file_0/r4[5] 5.7974 86.4133
execution_unit_0/register_file_0/r4[4] 2.0314 8.27016
execution_unit_0/register_file_0/r4[3] 1.5071 75.987
execution_unit_0/register_file_0/r4[2] 1.28695 38.2202
execution_unit_0/register_file_0/r4[1] 1.93515 71.3239
execution_unit_0/register_file_0/r4[0] 3.67325 88.6851
execution_unit_0/register_file_0/r5[15] 4.1013 40.2586
execution_unit_0/register_file_0/r5[14] 1.0269 45.5692
execution_unit_0/register_file_0/r5[13] 0.7987 36.4373
execution_unit_0/register_file_0/r5[12] 1.4231 22.5775
execution_unit_0/register_file_0/r5[11] 1.2747 22.57
execution_unit_0/register_file_0/r5[10] 1.3181 64.1529
execution_unit_0/register_file_0/r5[9] 1.351 48.1218
execution_unit_0/register_file_0/r5[8] 1.8802 44.3783
execution_unit_0/register_file_0/r5[7] 1.9999 42.0371
execution_unit_0/register_file_0/r5[6] 1.0766 62.7113
execution_unit_0/register_file_0/r5[5] 0.85435 34.6843
execution_unit_0/register_file_0/r5[4] 1.1823 89.8461
execution_unit_0/register_file_0/r5[3] 1.78815 84.3609
execution_unit_0/register_file_0/r5[2] 2.0391 49.6224
execution_unit_0/register_file_0/r5[1] 1.1326 48.3004
execution_unit_0/register_file_0/r5[0] 7.43785 69.8273
execution_unit_0/register_file_0/r6[15] 4.8048 75.7721
execution_unit_0/register_file_0/r6[14] 2.1203 44.1565
execution_unit_0/register_file_0/r6[13] 4.6655 76.4516
execution_unit_0/register_file_0/r6[12] 5.06555 85.4142
execution_unit_0/register_file_0/r6[11] 3.3012 28.9652
execution_unit_0/register_file_0/r6[10] 5.47505 52.3109
execution_unit_0/register_file_0/r6[9] 10.92 81.2644
execution_unit_0/register_file_0/r6[8] 4.4156 89.0694
execution_unit_0/register_file_0/r6[7] 1.5785 49.4805
execution_unit_0/register_file_0/r6[6] 0.89285 53.9592
execution_unit_0/register_file_0/r6[5] 0.987 60.1773
execution_unit_0/register_file_0/r6[4] 2.28182 15.8831
execution_unit_0/register_file_0/r6[3] 2.3856 40.4783
execution_unit_0/register_file_0/r6[2] 1.9313 58.6884
execution_unit_0/register_file_0/r6[1] 3.4433 72.1183
execution_unit_0/register_file_0/r6[0] 1.94845 49.2661
execution_unit_0/register_file_0/r7[15] 2.7776 24.8992
execution_unit_0/register_file_0/r7[14] 2.1917 46.1354
execution_unit_0/register_file_0/r7[13] 4.081 22.8559
execution_unit_0/register_file_0/r7[12] 2.4682 52.8401
execution_unit_0/register_file_0/r7[11] 1.8802 45.2345
execution_unit_0/register_file_0/r7[10] 3.1675 36.9724
execution_unit_0/register_file_0/r7[9] 1.491 65.7042
execution_unit_0/register_file_0/r7[8] 4.3036 38.236
execution_unit_0/register_file_0/r7[7] 2.1371 47.3305
execution_unit_0/register_file_0/r7[6] 2.6271 67.1996
execution_unit_0/register_file_0/r7[5] 2.4402 65.4332
execution_unit_0/register_file_0/r7[4] 1.722 59.9797
execution_unit_0/register_file_0/r7[3] 1.3433 64.4607
execution_unit_0/register_file_0/r7[2] 2.6341 50.8523
execution_unit_0/register_file_0/r7[1] 3.94485 47.8041
execution_unit_0/register_file_0/r7[0] 2.13325 15.9803
execution_unit_0/register_file_0/r8[15] 3.6771 67.7613
execution_unit_0/register_file_0/r8[14] 2.8931 59.5209
execution_unit_0/register_file_0/r8[13] 1.7332 4.25225
execution_unit_0/register_file_0/r8[12] 2.71705 64.7817
execution_unit_0/register_file_0/r8[11] 1.8669 42.3322
execution_unit_0/register_file_0/r8[10] 2.09335 61.9629
execution_unit_0/register_file_0/r8[9] 1.69715 61.1466
execution_unit_0/register_file_0/r8[8] 2.49795 62.6854
execution_unit_0/register_file_0/r8[7] 1.4238 50.5777
execution_unit_0/register_file_0/r8[6] 4.5829 87.9067
execution_unit_0/register_file_0/r8[5] 1.93795 62.3262
execution_unit_0/register_file_0/r8[4] 1.41855 56.7728
execution_unit_0/register_file_0/r8[3] 1.4616 51.2093
execution_unit_0/register_file_0/r8[2] 2.38875 47.3114
execution_unit_0/register_file_0/r8[1] 1.6107 63.7223
execution_unit_0/register_file_0/r8[0] 1.9551 65.8074
execution_unit_0/register_file_0/r9[15] 3.62075 84.5771
execution_unit_0/register_file_0/r9[14] 3.5994 67.2258
execution_unit_0/register_file_0/r9[13] 1.9803 22.234
execution_unit_0/register_file_0/r9[12] 1.5288 41.9757
execution_unit_0/register_file_0/r9[11] 1.9376 72.2272
execution_unit_0/register_file_0/r9[10] 2.04225 30.2571
execution_unit_0/register_file_0/r9[9] 1.6114 21.0578
execution_unit_0/register_file_0/r9[8] 4.4688 75.7127
execution_unit_0/register_file_0/r9[7] 1.0675 51.4379
execution_unit_0/register_file_0/r9[6] 3.22525 68.5404
execution_unit_0/register_file_0/r9[5] 1.77695 69.8275
execution_unit_0/register_file_0/r9[4] 2.1112 69.6618
execution_unit_0/register_file_0/r9[3] 2.1126 45.0417
execution_unit_0/register_file_0/r9[2] 1.2271 57.0736
execution_unit_0/register_file_0/r9[1] 1.5022 56.5354
execution_unit_0/register_file_0/r9[0] 4.37045 91.9997
execution_unit_0/register_file_0/r10[15] 0.1547 8.82353
execution_unit_0/register_file_0/r10[14] 0.4879 55.9541
execution_unit_0/register_file_0/r10[13] 0.4081 52.4565
execution_unit_0/register_file_0/r10[12] 0.0133 0
execution_unit_0/register_file_0/r10[11] 0.2842 58.6207
execution_unit_0/register_file_0/r10[10] 0.5488 49.7768
execution_unit_0/register_file_0/r10[9] 0.4319 58.3468
execution_unit_0/register_file_0/r10[8] 0.81375 26.172
execution_unit_0/register_file_0/r10[7] 0.36435 15.3561
execution_unit_0/register_file_0/r10[6] 0.9716 10.3386
execution_unit_0/register_file_0/r10[5] 1.5526 47.0694
execution_unit_0/register_file_0/r10[4] 0.6412 4.58515
execution_unit_0/register_file_0/r10[3] 0.8708 12.1383
execution_unit_0/register_file_0/r10[2] 0.763 38.0734
execution_unit_0/register_file_0/r10[1] 0.6377 37.3765
execution_unit_0/register_file_0/r10[0] 1.33245 15.5766
execution_unit_0/register_file_0/r11[15] 1.183 21.1538
execution_unit_0/register_file_0/r11[14] 1.3391 35.3782
execution_unit_0/register_file_0/r11[13] 0.25725 20.8844
execution_unit_0/register_file_0/r11[12] 0.6412 31.8582
execution_unit_0/register_file_0/r11[11] 1.3055 62.9223
execution_unit_0/register_file_0/r11[10] 0.8267 38.7595
execution_unit_0/register_file_0/r11[9] 0.5579 23.7139
execution_unit_0/register_file_0/r11[8] 2.1945 5.80542
execution_unit_0/register_file_0/r11[7] 1.0248 20.9529
execution_unit_0/register_file_0/r11[6] 2.0601 51.2402
execution_unit_0/register_file_0/r11[5] 0.8757 51.5987
execution_unit_0/register_file_0/r11[4] 0.7931 31.9254
execution_unit_0/register_file_0/r11[3] 0.4235 33.5537
execution_unit_0/register_file_0/r11[2] 1.01675 31.9621
execution_unit_0/register_file_0/r11[1] 0.9023 10.2682
execution_unit_0/register_file_0/r11[0] 0.40425 17.8664
execution_unit_0/register_file_0/r12[15] 8.37095 91.529
execution_unit_0/register_file_0/r12[14] 1.2026 55.4133
execution_unit_0/register_file_0/r12[13] 7.8869 83.1775
execution_unit_0/register_file_0/r12[12] 10.1143 86.8088
execution_unit_0/register_file_0/r12[11] 2.163 29.0754
execution_unit_0/register_file_0/r12[10] 3.1395 83.3835
execution_unit_0/register_file_0/r12[9] 4.585 89.8244
execution_unit_0/register_file_0/r12[8] 1.3622 43.5509
execution_unit_0/register_file_0/r12[7] 0.97055 13.2889
execution_unit_0/register_file_0/r12[6] 0.4487 41.3807
execution_unit_0/register_file_0/r12[5] 0.7091 10.9576
execution_unit_0/register_file_0/r12[4] 0.6391 41.621
execution_unit_0/register_file_0/r12[3] 2.0426 70.0822
execution_unit_0/register_file_0/r12[2] 1.8984 54.941
execution_unit_0/register_file_0/r12[1] 2.3282 62.2444
execution_unit_0/register_file_0/r12[0] 1.51935 60.0323
execution_unit_0/register_file_0/r13[15] 0.1925 50.7273
execution_unit_0/register_file_0/r13[14] 0.4473 46.6354
execution_unit_0/register_file_0/r13[13] 0.231 44.1667
execution_unit_0/register_file_0/r13[12] 0.3437 54.3788
execution_unit_0/register_file_0/r13[11] 0.4648 44.8795
execution_unit_0/register_file_0/r13[10] 0.5565 49.434
execution_unit_0/register_file_0/r13[9] 0.3829 49.4059
execution_unit_0/register_file_0/r13[8] 0.4312 63.961
execution_unit_0/register_file_0/r13[7] 0.5551 36.2547
execution_unit_0/register_file_0/r13[6] 0.5362 48.8903
execution_unit_0/register_file_0/r13[5] 0.2891 51.0896
execution_unit_0/register_file_0/r13[4] 0.99225 58.7831
execution_unit_0/register_file_0/r13[3] 0.59535 21.6343
execution_unit_0/register_file_0/r13[2] 0.1876 0
execution_unit_0/register_file_0/r13[1] 0.23345 38.9055
execution_unit_0/register_file_0/r13[0] 0.42 45.8333
execution_unit_0/register_file_0/r14[15] 4.8216 78.5279
execution_unit_0/register_file_0/r14[14] 1.8361 42.0416
execution_unit_0/register_file_0/r14[13] 3.7961 78.1117
execution_unit_0/register_file_0/r14[12] 2.5704 57.8159
execution_unit_0/register_file_0/r14[11] 5.88 69.628
execution_unit_0/register_file_0/r14[10] 6.93 80.0133
execution_unit_0/register_file_0/r14[9] 4.7446 83.1356
execution_unit_0/register_file_0/r14[8] 3.8136 72.6551
execution_unit_0/register_file_0/r14[7] 1.95475 68.1826
execution_unit_0/register_file_0/r14[6] 2.499 25.105
execution_unit_0/register_file_0/r14[5] 1.8494 58.8759
execution_unit_0/register_file_0/r14[4] 2.5284 86.704
execution_unit_0/register_file_0/r14[3] 1.9565 27.2272
execution_unit_0/register_file_0/r14[2] 1.73145 62.5126
execution_unit_0/register_file_0/r14[1] 1.5526 63.1988
execution_unit_0/register_file_0/r14[0] 1.3594 28.8105
execution_unit_0/register_file_0/r15[15] 1.9278 59.1866
execution_unit_0/register_file_0/r15[14] 1.4868 45.5038
execution_unit_0/register_file_0/r15[13] 1.6499 39.1599
execution_unit_0/register_file_0/r15[12] 0.80115 5.72302
execution_unit_0/register_file_0/r15[11] 0.7175 48.2927
execution_unit_0/register_file_0/r15[10] 1.99745 46.1964
execution_unit_0/register_file_0/r15[9] 1.68315 40.0083
execution_unit_0/register_file_0/r15[8] 4.6284 73.3364
execution_unit_0/register_file_0/r15[7] 1.2838 49.373
execution_unit_0/register_file_0/r15[6] 2.6572 26.0537
execution_unit_0/register_file_0/r15[5] 1.50255 60.3075
execution_unit_0/register_file_0/r15[4] 1.81125 6.58937
execution_unit_0/register_file_0/r15[3] 0.7413 59.4665
execution_unit_0/register_file_0/r15[2] 1.85535 10.8659
execution_unit_0/register_file_0/r15[1] 3.00825 73.694
execution_unit_0/register_file_0/r15[0] 2.7062 70.6221
mem_backbone_0/ext_per_en 3.51785 45.7019
mem_backbone_0/dma_ready_dly 2.0846 57.2448
mem_backbone_0/fe_pmem_en_dly 0.46725 62.9588
mem_backbone_0/fe_pmem_save 0.2289 53.9755
mem_backbone_0/mclk_bckup_gated 8.4931 50.6717
mem_backbone_0/pmem_dout_bckup_sel 7.60585 43.6473
mem_backbone_0/n155 0.1015 0
mem_backbone_0/n1 0.0917 29.3893
mem_backbone_0/n2 0.1057 26.4901
mem_backbone_0/n3 0.1099 43.3121
mem_backbone_0/n4 0.3486 73.494
mem_backbone_0/n5 0.077 50.4545
mem_backbone_0/n6 0.1393 17.0854
mem_backbone_0/n9 0.6678 53.3019
mem_backbone_0/n10 0.0791 24.7788
mem_backbone_0/n11 0.0819 31.2271
mem_backbone_0/n12 0.94115 56.9171
mem_backbone_0/n13 0.1015 9.65517
mem_backbone_0/n14 0.0987 70.2128
mem_backbone_0/n15 0.1183 43.787
mem_backbone_0/n16 0.0658 22.7204
mem_backbone_0/n17 0.0819 31.4103
mem_backbone_0/n18 0.1253 14.8045
mem_backbone_0/n19 1.9117 83.5958
mem_backbone_0/n20 4.5227 84.3987
mem_backbone_0/n21 0.0133 0
mem_backbone_0/n22 0.0728 26.4423
mem_backbone_0/n23 0.0644 73.3696
mem_backbone_0/n24 0.2884 54.9757
mem_backbone_0/n25 0.9919 13.4439
mem_backbone_0/n26 2.4164 21.9728
mem_backbone_0/n27 16.6306 75.4399
mem_backbone_0/n28 0.7574 67.1442
mem_backbone_0/n29 0.1666 57.563
mem_backbone_0/n30 0.1491 28.4038
mem_backbone_0/n31 0.2058 0
mem_backbone_0/n32 0.0924 28.5985
mem_backbone_0/n33 0.1477 0
mem_backbone_0/n34 0.4648 71.0843
mem_backbone_0/n35 0.0826 88.1356
mem_backbone_0/n36 0.2247 53.4268
mem_backbone_0/n37 0.8673 1.07229
mem_backbone_0/n38 0.1225 12.2857
mem_backbone_0/n39 0.1106 0
mem_backbone_0/n40 0.6195 13.8418
mem_backbone_0/n41 0.0791 51.3274
mem_backbone_0/n42 0.0658 81.9149
mem_backbone_0/n43 0.1645 54.0426
mem_backbone_0/n44 0.15365 7.25675
mem_backbone_0/n45 0.2037 0
mem_backbone_0/n46 4.5199 88.2531
mem_backbone_0/n47 12.502 84.7704
mem_backbone_0/n48 0.0658 14.8936
mem_backbone_0/n49 1.3426 0.260688
mem_backbone_0/n50 0.1498 11.4486
mem_backbone_0/n51 0.0658 20.2128
mem_backbone_0/n52 0.0595 83.5294
mem_backbone_0/n53 0.0658 25
mem_backbone_0/n54 0.0861 53.6585
mem_backbone_0/n55 0.07665 0
mem_backbone_0/n56 0.0833 53.3613
mem_backbone_0/n57 0.0658 9.30851
mem_backbone_0/n58 0.1484 15.684
mem_backbone_0/n59 0.0924 17.9924
mem_backbone_0/n60 0.056 0
mem_backbone_0/n61 0.0924 5.68182
mem_backbone_0/n62 0.0917 5.99782
mem_backbone_0/n63 0.07665 36.0731
mem_backbone_0/n64 0.0784 30.102
mem_backbone_0/n65 0.07665 37.4429
mem_backbone_0/n66 0.0595 0
mem_backbone_0/n67 0.0924 10.4167
mem_backbone_0/n69 0.2079 33.5017
mem_backbone_0/n70 0.1085 44.0323
mem_backbone_0/n71 0.1519 14.0553
mem_backbone_0/n72 0.04515 58.9147
mem_backbone_0/n73 0.0791 42.4779
mem_backbone_0/n74 0.1218 41.3793
mem_backbone_0/n75 0.056 30.625
mem_backbone_0/n76 0.0462 17.0455
mem_backbone_0/n77 0.0476 30.8824
mem_backbone_0/n78 0.25025 17.5325
mem_backbone_0/n79 0.1267 20.7182
mem_backbone_0/n80 0.1799 65.3696
mem_backbone_0/n81 1.08815 57.43
mem_backbone_0/n82 0.36855 66.9516
mem_backbone_0/n83 3.55162 14.4666
mem_backbone_0/n84 0.1148 40.3963
mem_backbone_0/n85 0.0644 15.7609
mem_backbone_0/n86 0.1134 28.3951
mem_backbone_0/n87 0.2079 37.963
mem_backbone_0/n88 0.2163 16.4239
mem_backbone_0/n89 0.1484 12.5
mem_backbone_0/n90 0.0973 11.6906
mem_backbone_0/n91 0.1449 5.7971
mem_backbone_0/n92 0.1953 30.1971
mem_backbone_0/n93 0.0728 43.75
mem_backbone_0/n94 0.0672 8.85417
mem_backbone_0/n95 1.2712 47.6322
mem_backbone_0/n96 0.21 54
mem_backbone_0/n97 0.0987 11.3475
mem_backbone_0/n98 0.46235 47.702
mem_backbone_0/n99 0.0525 14
mem_backbone_0/n100 0.0609 15.2299
mem_backbone_0/n101 0.0784 9.82143
mem_backbone_0/n102 0.0833 10.5042
mem_backbone_0/n103 18.8265 97.2616
mem_backbone_0/n104 0.1925 32.2727
mem_backbone_0/n105 6.944 79.4758
mem_backbone_0/n106 0.2779 50.3778
mem_backbone_0/n107 0.2289 59.1743
mem_backbone_0/n108 0.0133 0
mem_backbone_0/n109 0.1757 58.1673
mem_backbone_0/n110 3.801 31.2891
mem_backbone_0/n111 0.0658 19.9468
mem_backbone_0/n112 7.1736 87.3634
mem_backbone_0/n113 4.4233 70.0032
mem_backbone_0/n114 0.0658 29.5213
mem_backbone_0/n115 1.8914 59.9186
mem_backbone_0/n116 0.05355 50.9804
mem_backbone_0/n117 3.7975 63.6129
mem_backbone_0/n118 0.1365 53.8462
mem_backbone_0/n119 3.311 64.5243
mem_backbone_0/n120 0.1106 57.5949
mem_backbone_0/n121 3.6631 74.4888
mem_backbone_0/n122 0.0476 40.8088
mem_backbone_0/n123 2.4542 45.634
mem_backbone_0/n124 0.0924 0
mem_backbone_0/n125 1.8347 56.4575
mem_backbone_0/n126 0.0924 45.2652
mem_backbone_0/n127 3.49755 69.0183
mem_backbone_0/n128 0.0476 10.2941
mem_backbone_0/n129 0.0966 55.7971
mem_backbone_0/n130 3.7212 71.1343
mem_backbone_0/n131 0.0476 8.08824
mem_backbone_0/n132 1.6786 62.2185
mem_backbone_0/n133 0.0742 3.06604
mem_backbone_0/n134 1.8858 61.7298
mem_backbone_0/n135 0.2107 38.0399
mem_backbone_0/n136 3.7723 75.5984
mem_backbone_0/n137 0.31465 11.0122
mem_backbone_0/n138 1.512 63.3565
mem_backbone_0/n139 0.0658 18.617
mem_backbone_0/n140 2.807 77.7556
mem_backbone_0/n141 0.0462 68.9394
mem_backbone_0/n142 1.7458 52.496
mem_backbone_0/n143 0.0819 49.1453
mem_backbone_0/n144 1.8879 57.9996
mem_backbone_0/n145 0.74935 70.9715
mem_backbone_0/n146 3.7457 64.0161
mem_backbone_0/n147 0.1806 47.7713
mem_backbone_0/n148 0.0728 57.2115
mem_backbone_0/n149 0.51765 45.7742
mem_backbone_0/n150 0.056 32.1875
mem_backbone_0/n151 0.2527 8.58726
mem_backbone_0/n152 0.1309 25.5348
mem_backbone_0/n153 0.6076 57.2005
mem_backbone_0/n154 0.0462 21.2121
mem_backbone_0/n156 0.686 8.85569
mem_backbone_0/n157 0.0959 33.5766
mem_backbone_0/n158 0.5593 53.1289
mem_backbone_0/n159 0.0462 68.1818
mem_backbone_0/n160 0.49945 37.0708
mem_backbone_0/n161 0.12775 5.61644
mem_backbone_0/n162 0.0882 55.5556
mem_backbone_0/n163 0.1197 22.807
mem_backbone_0/n164 0.4382 69.6486
mem_backbone_0/n165 0.0658 44.6809
mem_backbone_0/n166 0.2562 43.1694
mem_backbone_0/n167 0.2506 27.7235
mem_backbone_0/n168 0.0609 27.8736
mem_backbone_0/n169 0.2156 49.1071
mem_backbone_0/n170 0.2156 41.0714
mem_backbone_0/n171 0.0742 26.4151
mem_backbone_0/n172 0.2653 52.1108
mem_backbone_0/n173 0.2555 0.704501
mem_backbone_0/n174 0.105 14.6667
mem_backbone_0/n175 0.0693 76.7677
mem_backbone_0/n176 0.0791 48.2301
mem_backbone_0/n177 0.0742 16.9811
mem_backbone_0/n178 0.553 29.3038
mem_backbone_0/n179 0.0644 26.6304
mem_backbone_0/n180 0.2576 54.4837
mem_backbone_0/n181 0.0525 81.3333
mem_backbone_0/n182 0.0644 65.7609
mem_backbone_0/n183 4.6809 53.5164
mem_backbone_0/n184 0.6181 29.077
mem_backbone_0/n185 0.0735 33.3333
mem_backbone_0/n186 4.45795 58.9739
mem_backbone_0/n187 0.0609 12.6437
mem_backbone_0/n188 0.3451 59.6856
mem_backbone_0/n189 0.0133 0
mem_backbone_0/n190 0.12215 4.01146
mem_backbone_0/n191 0.7119 47.468
mem_backbone_0/n192 18.2105 81.1051
mem_backbone_0/n193 1.12 72.8125
mem_backbone_0/n194 0.1134 34.5679
mem_backbone_0/n195 0.1995 49.1228
mem_backbone_0/n196 0.0658 34.0426
mem_backbone_0/n197 0.9919 66.8666
mem_backbone_0/n198 0.6636 41.6667
mem_backbone_0/n199 0.1232 57.6705
mem_backbone_0/n200 1.24495 72.9266
mem_backbone_0/n201 0.3738 51.0768
mem_backbone_0/n202 0.1358 61.3402
mem_backbone_0/n203 0.0133 0
mem_backbone_0/n204 0.3724 82.8947
mem_backbone_0/n205 0.2604 48.6559
mem_backbone_0/n206 0.0875 5.6
mem_backbone_0/n207 0.35245 15.4916
mem_backbone_0/n208 0.1764 26.8849
mem_backbone_0/n209 0.59675 76.0704
mem_backbone_0/n210 0.1246 3.93258
mem_backbone_0/n211 1.7598 96.3803
mem_backbone_0/n212 5.3011 84.9663
mem_backbone_0/n213 0.0133 57.8947
mem_backbone_0/n214 0.098 0
mem_backbone_0/n215 0.0728 73.0769
mem_backbone_0/n216 0.0133 0
mem_backbone_0/n217 0.0742 78.5377
mem_backbone_0/n218 0.0133 81.5789
mem_backbone_0/n219 0.9933 62.3679
mem_backbone_0/n220 3.9165 82.958
mem_backbone_0/n221 0.0133 0
mem_backbone_0/n222 0.7077 86.1523
mem_backbone_0/n223 0.3892 97.482
mem_backbone_0/n224 0.87605 62.1654
mem_backbone_0/n225 4.1979 83.4084
mem_backbone_0/n226 0.0875 31
mem_backbone_0/n227 0.3717 63.7476
mem_backbone_0/n228 0.1316 75.7979
mem_backbone_0/n230 1.2985 8.16712
mem_backbone_0/n231 1.8186 55.639
mem_backbone_0/n232 0.1659 19.6203
mem_backbone_0/n233 0.5852 91.4474
mem_backbone_0/n234 0.0133 0
mem_backbone_0/n235 0.0133 0
mem_backbone_0/n236 0.9261 54.0816
mem_backbone_0/n237 0.4186 95.4491
mem_backbone_0/n238 0.0875 33.4
mem_backbone_0/n239 0.4116 61.1395
mem_backbone_0/n240 0.434 84.2742
mem_backbone_0/n241 0.1022 31.3356
mem_backbone_0/n242 6.76393 47.5223
mem_backbone_0/n243 0.4641 88.7632
mem_backbone_0/n244 0.1225 61.4286
mem_backbone_0/n245 4.8342 54.5209
mem_backbone_0/n246 0.1491 59.8592
mem_backbone_0/n247 2.61555 42.968
mem_backbone_0/n248 0.1407 71.6418
mem_backbone_0/n249 0.1008 44.0972
mem_backbone_0/n250 0.105 34.1667
mem_backbone_0/n251 0.0959 50.7299
mem_backbone_0/n252 0.0966 20.8333
mem_backbone_0/n253 0.1092 2.24359
mem_backbone_0/n254 0.0833 0
mem_backbone_0/n255 0.0875 16.8
mem_backbone_0/n256 0.0952 37.5
mem_backbone_0/n257 0.1057 50.6623
mem_backbone_0/n258 4.9252 42.6485
mem_backbone_0/n259 8.95545 76.7186
mem_backbone_0/n260 9.2036 70.9546
mem_backbone_0/n261 8.8564 72.1862
mem_backbone_0/n262 4.7481 73.3083
mem_backbone_0/n263 4.4982 77.451
mem_backbone_0/n264 4.82965 80.0638
mem_backbone_0/n265 4.0376 75.8408
mem_backbone_0/n266 2.0531 39.2772
mem_backbone_0/n267 6.93385 84.8317
mem_backbone_0/n268 0.0917 5.15267
mem_backbone_0/n269 0.0686 0
mem_backbone_0/n270 0.0917 40.8397
mem_backbone_0/n271 0.0686 42.8571
mem_backbone_0/n272 0.126 70.8333
mem_backbone_0/n273 0.0133 57.8947
mem_backbone_0/n274 0.3493 11.2224
mem_backbone_0/n275 0.1379 57.3604
mem_backbone_0/n276 0.1743 17.2691
mem_backbone_0/n277 0.0686 0
mem_backbone_0/n278 0.3108 59.009
mem_backbone_0/n279 0.0133 18.4211
mem_backbone_0/n280 0.0756 30.787
mem_backbone_0/n281 0.0133 0
mem_backbone_0/n282 0.0994 42.6056
mem_backbone_0/n283 0.0133 81.5789
mem_backbone_0/n284 0.0784 17.8571
mem_backbone_0/n285 0.0133 0
mem_backbone_0/n286 0.2212 62.3418
mem_backbone_0/n287 0.0133 0
mem_backbone_0/n288 0.301 50.8887
mem_backbone_0/n289 0.0133 73.6842
mem_backbone_0/n290 0.2079 10.3535
mem_backbone_0/n291 0.0133 0
mem_backbone_0/n292 0.056 22.5
mem_backbone_0/n293 0.0133 0
mem_backbone_0/n294 0.2121 59.4059
mem_backbone_0/n295 0.0133 44.7368
mem_backbone_0/n296 0.3899 64.8115
mem_backbone_0/n297 0.0882 44.4444
mem_backbone_0/n298 0.1659 61.6034
mem_backbone_0/n299 0.0133 0
mem_backbone_0/n300 22.5946 96.3932
mem_backbone_0/n301 5.7575 55.0091
mem_backbone_0/n302 19.4103 80.0813
mem_backbone_0/n303 2.34535 29.9497
mem_backbone_0/n306 0.4039 45.0173
mem_backbone_0/n307 7.34195 51.9058
mem_backbone_0/n308 0.2793 63.1579
mem_backbone_0/n309 0.266 33.2895
mem_backbone_0/n310 0.2457 15.3846
mem_backbone_0/n311 0.3787 40.2033
mem_backbone_0/n312 0.2226 45.6761
mem_backbone_0/n313 0.1232 27.8409
mem_backbone_0/n314 0.0966 31.8841
mem_backbone_0/n315 0.2226 23.394
mem_backbone_0/n316 0.2919 48.3213
mem_backbone_0/n317 2.24665 60.0872
mem_backbone_0/n318 1.3664 49.9744
mem_backbone_0/n319 1.0024 15.1536
mem_backbone_0/n320 1.4217 55.7361
mem_backbone_0/n321 0.2093 51.505
mem_backbone_0/n322 0.3353 49.2693
mem_backbone_0/n323 1.13032 53.739
mem_backbone_0/n324 1.2656 60.26
mem_backbone_0/n334 4.27175 43.7116
mem_backbone_0/per_dout_val[15] 0.8673 26.1905
mem_backbone_0/per_dout_val[14] 0.32235 0
mem_backbone_0/per_dout_val[13] 0.315 6.22222
mem_backbone_0/per_dout_val[12] 0.8932 57.4843
mem_backbone_0/per_dout_val[11] 0.917 56.7939
mem_backbone_0/per_dout_val[10] 0.4249 54.3657
mem_backbone_0/per_dout_val[9] 0.4536 30.3241
mem_backbone_0/per_dout_val[8] 0.3717 64.0301
mem_backbone_0/per_dout_val[7] 1.0171 52.9938
mem_backbone_0/per_dout_val[6] 0.8841 12.1932
mem_backbone_0/per_dout_val[5] 0.9793 18.0843
mem_backbone_0/per_dout_val[4] 1.1214 12.286
mem_backbone_0/per_dout_val[3] 0.6916 56.6549
mem_backbone_0/per_dout_val[2] 0.6573 34.9498
mem_backbone_0/per_dout_val[1] 0.9968 55.6531
mem_backbone_0/per_dout_val[0] 0.82145 54.3247
mem_backbone_0/pmem_dout_bckup[15] 0.1477 27.9621
mem_backbone_0/pmem_dout_bckup[14] 0.0784 68.75
mem_backbone_0/pmem_dout_bckup[13] 0.0133 0
mem_backbone_0/pmem_dout_bckup[12] 0.0133 0
mem_backbone_0/pmem_dout_bckup[11] 0.1645 29.7872
mem_backbone_0/pmem_dout_bckup[10] 0.1813 21.6216
mem_backbone_0/pmem_dout_bckup[9] 0.3556 7.72638
mem_backbone_0/pmem_dout_bckup[8] 0.3024 13.2523
mem_backbone_0/pmem_dout_bckup[7] 0.0133 100
mem_backbone_0/pmem_dout_bckup[6] 0.2009 5.4878
mem_backbone_0/pmem_dout_bckup[5] 0.3143 46.9933
mem_backbone_0/pmem_dout_bckup[4] 0.161 17.3913
mem_backbone_0/pmem_dout_bckup[3] 0.3052 1.14679
mem_backbone_0/pmem_dout_bckup[2] 0.2702 52.3316
mem_backbone_0/pmem_dout_bckup[1] 0.1344 11.7187
mem_backbone_0/pmem_dout_bckup[0] 0.294 39.7619
mem_backbone_0/eu_mdb_in_sel[1] 0.2576 45.788
mem_backbone_0/eu_mdb_in_sel[0] 0.63 41.246
mem_backbone_0/ext_mem_din_sel[1] 0.2709 67.4419
mem_backbone_0/ext_mem_din_sel[0] 0.1183 59.7633
watchdog_0/FE_DBTN2_wdt_rst 5.64935 54.5195
watchdog_0/reg_wr_0_ 1.1361 45.533
watchdog_0/mclk_wdtctl 1.84695 63.7104
watchdog_0/wdtctl_7 2.1266 22.8357
watchdog_0/wdt_rst_noscan 0.3339 19.0776
watchdog_0/wdt_rst 0.0266 36.8421
watchdog_0/wdtcnt_clr_toggle 0.7959 72.0317
watchdog_0/wdtcnt_clr_sync 0.1904 68.6581
watchdog_0/wdtcnt_clr_sync_dly 0.2429 68.4438
watchdog_0/wdtqn_edge 0.79415 32.8559
watchdog_0/wdtcnt_incr 0.1477 71.09
watchdog_0/n_0_net_ 0.2555 80.8219
watchdog_0/wdtcnt_en 0.2191 75.3994
watchdog_0/wdt_clk_cnt 7.10045 74.2323
watchdog_0/N9 0.1827 66.954
watchdog_0/N10 0.3472 35.2823
watchdog_0/N11 0.22995 45.3577
watchdog_0/N12 0.2646 35.3175
watchdog_0/N13 0.1554 70.045
watchdog_0/N14 0.2219 49.5268
watchdog_0/N15 0.0931 78.9474
watchdog_0/N16 0.2716 37.6289
watchdog_0/N17 0.2835 66.9136
watchdog_0/N18 0.1274 69.2308
watchdog_0/N19 0.2394 62.5
watchdog_0/N20 0.0833 94.1176
watchdog_0/N21 0.105 45.1667
watchdog_0/N22 0.1946 71.5827
watchdog_0/N23 0.1414 76.4851
watchdog_0/N24 0.3808 75
watchdog_0/wdt_evt_toggle 0.9149 76.8171
watchdog_0/wdt_evt_toggle_sync 0.44415 36.249
watchdog_0/wdt_evt_toggle_sync_dly 0.3549 62.1302
watchdog_0/wdtifg_clr_reg 0.0756 11.1111
watchdog_0/wdtifg_clr 0.38115 27.4105
watchdog_0/wdtqn_edge_reg 1.309 17.0053
watchdog_0/wdt_wkup_pre 1.0206 59.1221
watchdog_0/wdt_wkup_en 0.2905 4.57831
watchdog_0/N34 0.343 56.3265
watchdog_0/N40 0.2975 9.39496
watchdog_0/n26 0.2975 54
watchdog_0/n27 0.45745 41.6931
watchdog_0/n29 0.28665 52.6252
watchdog_0/n30 0.1197 75.4386
watchdog_0/n1 0.4627 71.9365
watchdog_0/n2 0.1316 42.0213
watchdog_0/n3 0.0525 25
watchdog_0/n4 0.15505 45.3725
watchdog_0/n5 0.98175 83.0303
watchdog_0/n6 0.4508 24.4177
watchdog_0/n7 0.2002 4.8951
watchdog_0/n8 0.1463 37.4402
watchdog_0/n9 0.0882 51.5873
watchdog_0/n10 0.0133 63.1579
watchdog_0/n12 0.0644 79.3478
watchdog_0/n13 0.1183 28.9941
watchdog_0/n14 0.3066 42.3516
watchdog_0/n15 0.0917 42.7481
watchdog_0/n16 0.1386 54.2929
watchdog_0/n17 2.0006 18.1246
watchdog_0/n18 0.056 58.75
watchdog_0/n19 0.5516 12.7538
watchdog_0/n20 0.1323 77.7778
watchdog_0/n21 0.0987 25.8865
watchdog_0/n22 1.35345 35.7642
watchdog_0/n23 0.16415 17.9104
watchdog_0/n24 0.0742 13.2075
watchdog_0/n25 0.23765 39.9116
watchdog_0/n31 0.0133 81.5789
watchdog_0/n32 0.20195 24.9567
watchdog_0/n33 0.1183 38.6095
watchdog_0/n34 0.2079 58.2492
watchdog_0/n35 0.50435 47.2935
watchdog_0/n36 0.0609 36.2069
watchdog_0/n37 0.2065 56.1864
watchdog_0/n38 0.43155 70.3569
watchdog_0/n39 0.7042 53.9513
watchdog_0/n40 0.1645 73.1915
watchdog_0/n41 0.22155 51.8167
watchdog_0/n42 0.3955 51.9469
watchdog_0/n43 0.28385 47.349
watchdog_0/n44 0.5754 18.2482
watchdog_0/n45 0.1582 61.5044
watchdog_0/n46 0.5593 78.9737
watchdog_0/n47 0.0133 0
watchdog_0/n48 0.3157 51.4412
watchdog_0/n49 0.2394 85.0877
watchdog_0/n50 0.3612 28.2946
watchdog_0/n51 0.5775 11.6234
watchdog_0/n52 0.4606 35.9748
watchdog_0/n53 0.05845 4.49102
watchdog_0/n54 0.6384 71.9846
watchdog_0/n55 0.20755 21.9224
watchdog_0/n56 0.14105 12.5133
watchdog_0/n57 0.2044 73.6301
watchdog_0/n58 3.25885 57.3623
watchdog_0/n59 0.24045 64.4105
watchdog_0/n64 0.32235 4.66884
watchdog_0/n65 0.3451 57.0994
watchdog_0/n66 0.1064 13.8158
watchdog_0/n67 0.17395 63.6821
watchdog_0/n68 0.23485 34.1282
watchdog_0/n69 0.13405 84.5953
watchdog_0/n70 0.2156 25
watchdog_0/n71 0.3864 59.7826
watchdog_0/n72 0.20965 80.217
watchdog_0/n73 0.41965 64.6074
watchdog_0/n74 0.2639 66.1804
watchdog_0/n75 0.5299 50.5945
watchdog_0/n76 0.3087 66.3265
watchdog_0/wdtctl[4] 0.96985 20.4439
watchdog_0/wdtctl[1] 2.2799 66.5797
watchdog_0/wdtctl[0] 2.6607 65.9432
watchdog_0/wdtcnt[15] 0.0917 66.4122
watchdog_0/wdtcnt[14] 0.27195 62.2909
watchdog_0/wdtcnt[12] 0.20545 70.8688
watchdog_0/wdtcnt[10] 0.21945 49.2823
watchdog_0/wdtcnt[8] 0.20335 70.9122
watchdog_0/wdtcnt[6] 0.25095 68.3403
watchdog_0/wdtcnt[3] 0.22365 12.989
watchdog_0/wdtcnt[1] 0.3157 55.0443
watchdog_0/wdtcnt[0] 0.4214 60.3821
watchdog_0/wdtisx_ss[1] 0.2366 75.7396
watchdog_0/wdtisx_ss[0] 0.32445 37.3786
watchdog_0/wdtisx_s[1] 0.2737 65.2174
watchdog_0/wdtisx_s[0] 0.08015 73.1441
watchdog_0/sync_reset_por/TIE_CELL_LTIELO_NET 0.1862 60.5263
watchdog_0/sync_reset_por/data_sync_0_ 0.4249 74.4646
watchdog_0/sync_cell_wdtcnt_clr/data_sync_0_ 0.3906 27.5986
watchdog_0/sync_cell_wdtcnt_incr/data_sync_0_ 0.0861 18.2927
watchdog_0/sync_cell_wdt_evt/data_sync_0_ 0.5131 66.1664
watchdog_0/wakeup_cell_wdog/TIE_CELL_LTIEHI_NET 0.2702 68.3938
watchdog_0/wakeup_cell_wdog/wkup_rst 0.2044 40.0685
watchdog_0/wakeup_cell_wdog/wkup_clk 0.20055 65.7941
watchdog_0/wakeup_cell_wdog/n4 0.1687 32.9876
dbg_0/mem_state[1] 2.19205 62.2385
dbg_0/mem_state[0] 0.45885 42.928
dbg_0/mem_state_nxt[1] 0.1827 52.8736
dbg_0/mem_state_nxt[0] 0.2786 51.2563
dbg_0/dbg_uart_0/uart_state[2] 0.3955 63.0973
dbg_0/dbg_uart_0/uart_state[1] 0.79695 70.431
dbg_0/dbg_uart_0/uart_state[0] 0.3416 65.9324
