###############################################################
#  Generated by:      Cadence Innovus 21.16-s078_1
#  OS:                Linux x86_64(Host ID ece004.ece.local.cmu.edu)
#  Generated on:      Tue Jul 30 14:49:30 2024
#  Design:            openMSP430
#  Command:           suspend
###############################################################

Start Checking pins of top cell: [openMSP430] 
Summary report for top level: [openMSP430] 
	Total Pins                         : 260
	Legally Assigned Pins              : 260
End of Summary report
End Checking pins of top cell: [openMSP430] 


============================================================================================================================
                                                 checkPinAssignment Summary
============================================================================================================================
Partition    | pads  | pins   | legal  | illegal | internal | internal illegal | FT     | FT illegal | constant | unplaced |
============================================================================================================================
openMSP430   |     0 |    260 |    260 |       0 |        0 |                0 |      0 |          0 |        0 |        0 |
============================================================================================================================
TOTAL        |     0 |    260 |    260 |       0 |        0 |                0 |      0 |          0 |        0 |        0 |
============================================================================================================================
