###############################################################
#  Generated by:      Cadence Innovus 21.16-s078_1
#  OS:                Linux x86_64(Host ID ece008.ece.local.cmu.edu)
#  Generated on:      Sun Jul 21 16:31:34 2024
#  Design:            openMSP430
#  Command:           suspend
###############################################################
#set_verify_drc_mode -area {0 0 0 0} -check_ndr_spacing auto -check_only default -check_same_via_cell true -disable_rules "" -exclude_pg_net false -ignore_cell_blockage false -ignore_trial_route false -limit 1000 -report openMSP430.drc.rpt -use_min_spacing_on_block_obs auto

SHORT: ( Metal Short ) Special Wire of Net VSS & Blockage of Cell multiplier_0/U830  ( metal1 )
Bounds : ( 93.555, 93.645 ) ( 93.625, 93.695 )


SHORT: ( Metal Short ) Special Wire of Net VSS & Pin of Cell multiplier_0/U831  ( metal1 )
Bounds : ( 93.180, 93.645 ) ( 93.275, 93.695 )


SHORT: ( Metal Short ) Special Wire of Net VSS & Blockage of Cell multiplier_0/reslo_reg_4_  ( metal1 )
Bounds : ( 93.165, 93.295 ) ( 93.235, 93.310 )


SHORT: ( Metal Short ) Special Wire of Net VSS & Blockage of Cell multiplier_0/U828  ( metal1 )
Bounds : ( 92.985, 93.680 ) ( 93.055, 93.695 )


SHORT: ( Metal Short ) Special Wire of Net VSS & Pin of Cell multiplier_0/FE_PDC102_n913  ( metal1 )
Bounds : ( 92.820, 108.470 ) ( 92.890, 108.695 )


SHORT: ( Metal Short ) Special Wire of Net VSS & Pin of Cell multiplier_0/FE_PDC102_n913  ( metal1 )
Bounds : ( 92.640, 108.295 ) ( 92.710, 108.695 )


SHORT: ( Metal Short ) Special Wire of Net VSS & Blockage of Cell multiplier_0/reslo_reg_4_  ( metal1 )
Bounds : ( 92.535, 93.295 ) ( 92.605, 93.310 )


SHORT: ( Metal Short ) Special Wire of Net VSS & Blockage of Cell multiplier_0/FE_PDC102_n913  ( metal1 )
Bounds : ( 92.500, 108.295 ) ( 92.570, 108.385 )


SHORT: ( Metal Short ) Special Wire of Net VSS & Pin of Cell multiplier_0/FE_PDC102_n913  ( metal1 )
Bounds : ( 92.440, 108.535 ) ( 92.510, 108.695 )


SHORT: ( Metal Short ) Special Wire of Net VSS & Blockage of Cell multiplier_0/FE_PDC102_n913  ( metal1 )
Bounds : ( 92.260, 108.315 ) ( 92.330, 108.695 )


SHORT: ( Metal Short ) Special Wire of Net VSS & Blockage of Cell multiplier_0/FE_PDC102_n913  ( metal1 )
Bounds : ( 92.260, 108.315 ) ( 92.570, 108.385 )


SHORT: ( Metal Short ) Special Wire of Net VSS & Blockage of Cell multiplier_0/U828  ( metal1 )
Bounds : ( 92.235, 93.680 ) ( 92.305, 93.695 )


SHORT: ( Metal Short ) Special Wire of Net VSS & Pin of Cell multiplier_0/U817  ( metal1 )
Bounds : ( 92.090, 108.470 ) ( 92.135, 108.695 )


SHORT: ( Metal Short ) Special Wire of Net VSS & Blockage of Cell multiplier_0/U830  ( metal1 )
Bounds : ( 94.100, 93.655 ) ( 94.610, 93.695 )


SHORT: ( Metal Short ) Special Wire of Net VSS & Pin of Cell multiplier_0/reslo_reg_4_  ( metal1 )
Bounds : ( 94.505, 93.295 ) ( 94.585, 93.310 )


SPACING: ( ParallelRunLength Spacing ) Special Wire of Net VSS & Blockage of Cell multiplier_0/U828  ( metal1 )
Bounds : ( 92.235, 93.695 ) ( 93.055, 93.740 )


SHORT: ( Metal Short ) Special Wire of Net VSS & Pin of Cell sfr_0/wdtie_reg  ( metal1 )
Bounds : ( 93.545, 78.295 ) ( 93.615, 78.515 )


SHORT: ( Metal Short ) Special Wire of Net VSS & Blockage of Cell sfr_0/wdtie_reg  ( metal1 )
Bounds : ( 93.435, 78.615 ) ( 94.030, 78.685 )


SHORT: ( Metal Short ) Special Wire of Net VSS & Pin of Cell sfr_0/wdtie_reg  ( metal1 )
Bounds : ( 93.300, 78.295 ) ( 93.370, 78.695 )


SHORT: ( Metal Short ) Special Wire of Net VSS & Blockage of Cell sfr_0/wdtie_reg  ( metal1 )
Bounds : ( 93.165, 78.380 ) ( 93.235, 78.695 )


SHORT: ( Metal Short ) Special Wire of Net VSS & Pin of Cell sfr_0/wdtie_reg  ( metal1 )
Bounds : ( 92.950, 78.295 ) ( 93.020, 78.565 )


SHORT: ( Metal Short ) Special Wire of Net VSS & Pin of Cell sfr_0/wdtie_reg  ( metal1 )
Bounds : ( 92.950, 78.295 ) ( 93.370, 78.315 )


SHORT: ( Metal Short ) Special Wire of Net VSS & Pin of Cell sfr_0/wdtie_reg  ( metal1 )
Bounds : ( 92.795, 78.295 ) ( 92.865, 78.430 )


SHORT: ( Metal Short ) Special Wire of Net VSS & Pin of Cell sfr_0/wdtie_reg  ( metal1 )
Bounds : ( 92.660, 78.495 ) ( 93.020, 78.565 )


SHORT: ( Metal Short ) Special Wire of Net VSS & Pin of Cell sfr_0/wdtie_reg  ( metal1 )
Bounds : ( 92.660, 78.295 ) ( 92.730, 78.565 )


SHORT: ( Metal Short ) Special Wire of Net VSS & Blockage of Cell sfr_0/wdtie_reg  ( metal1 )
Bounds : ( 92.525, 78.535 ) ( 92.595, 78.695 )


SHORT: ( Metal Short ) Special Wire of Net VSS & Blockage of Cell sfr_0/wdtie_reg  ( metal1 )
Bounds : ( 92.340, 78.400 ) ( 92.410, 78.600 )


SHORT: ( Metal Short ) Special Wire of Net VSS & Blockage of Cell sfr_0/wdtie_reg  ( metal1 )
Bounds : ( 92.340, 78.400 ) ( 92.475, 78.470 )


SHORT: ( Metal Short ) Special Wire of Net VSS & Pin of Cell sfr_0/wdtie_reg  ( metal1 )
Bounds : ( 92.340, 78.295 ) ( 92.730, 78.330 )


SHORT: ( Metal Short ) Special Wire of Net VSS & Pin of Cell sfr_0/wdtie_reg  ( metal1 )
Bounds : ( 92.140, 78.295 ) ( 92.275, 78.465 )


SHORT: ( Metal Short ) Special Wire of Net VSS & Blockage of Cell sfr_0/wdtie_reg  ( metal1 )
Bounds : ( 92.090, 78.665 ) ( 93.100, 78.695 )


SHORT: ( Metal Short ) Special Wire of Net VSS & Blockage of Cell sfr_0/wdtie_reg  ( metal1 )
Bounds : ( 92.090, 78.530 ) ( 92.410, 78.600 )


SHORT: ( Metal Short ) Special Wire of Net VSS & Blockage of Cell sfr_0/wdtie_reg  ( metal1 )
Bounds : ( 93.735, 78.295 ) ( 93.805, 78.685 )


SHORT: ( Metal Short ) Special Wire of Net VSS & Pin of Cell sfr_0/wdtie_reg  ( metal1 )
Bounds : ( 93.925, 78.295 ) ( 93.995, 78.430 )


SHORT: ( Metal Short ) Special Wire of Net VSS & Blockage of Cell sfr_0/wdtie_reg  ( metal1 )
Bounds : ( 93.960, 78.615 ) ( 94.030, 78.695 )


SHORT: ( Metal Short ) Special Wire of Net VSS & Pin of Cell sfr_0/wdtie_reg  ( metal1 )
Bounds : ( 94.130, 78.295 ) ( 94.205, 78.695 )


SHORT: ( Metal Short ) Special Wire of Net VSS & Pin of Cell sfr_0/wdtie_reg  ( metal1 )
Bounds : ( 94.310, 78.295 ) ( 94.380, 78.520 )


SHORT: ( Metal Short ) Special Wire of Net VSS & Pin of Cell sfr_0/wdtie_reg  ( metal1 )
Bounds : ( 94.505, 78.295 ) ( 94.585, 78.695 )


SPACING: ( ParallelRunLength Spacing ) Special Wire of Net VSS & Blockage of Cell sfr_0/wdtie_reg  ( metal1 )
Bounds : ( 92.050, 78.370 ) ( 92.090, 78.600 )


SHORT: ( Metal Short ) Special Wire of Net VSS & Pin of Cell execution_unit_0/alu_0/U86  ( metal1 )
Bounds : ( 3.880, 93.645 ) ( 3.975, 93.695 )


SHORT: ( Metal Short ) Special Wire of Net VSS & Pin of Cell execution_unit_0/alu_0/U170  ( metal1 )
Bounds : ( 3.690, 93.295 ) ( 3.785, 93.345 )


SHORT: ( Metal Short ) Special Wire of Net VSS & Pin of Cell execution_unit_0/alu_0/U30  ( metal1 )
Bounds : ( 3.685, 93.645 ) ( 3.755, 93.695 )


SHORT: ( Metal Short ) Special Wire of Net VSS & Pin of Cell execution_unit_0/alu_0/U64  ( metal1 )
Bounds : ( 2.565, 93.295 ) ( 2.635, 93.345 )


SHORT: ( Metal Short ) Special Wire of Net VSS & Pin of Cell execution_unit_0/alu_0/U194  ( metal1 )
Bounds : ( 2.580, 93.645 ) ( 2.650, 93.695 )


SHORT: ( Metal Short ) Special Wire of Net VSS & Pin of Cell execution_unit_0/alu_0/U693  ( metal1 )
Bounds : ( 3.495, 93.295 ) ( 3.565, 93.345 )


SHORT: ( Metal Short ) Special Wire of Net VSS & Pin of Cell execution_unit_0/alu_0/U195  ( metal1 )
Bounds : ( 4.445, 93.295 ) ( 4.515, 93.345 )


SHORT: ( Metal Short ) Special Wire of Net VSS & Pin of Cell execution_unit_0/alu_0/U315  ( metal1 )
Bounds : ( 4.635, 93.645 ) ( 4.705, 93.695 )


SHORT: ( Metal Short ) Special Wire of Net VSS & Blockage of Cell execution_unit_0/alu_0/U684  ( metal1 )
Bounds : ( 4.810, 93.295 ) ( 4.880, 93.345 )


SHORT: ( Metal Short ) Special Wire of Net VSS & Blockage of Cell execution_unit_0/alu_0/U267  ( metal1 )
Bounds : ( 4.290, 78.295 ) ( 4.360, 78.590 )


SHORT: ( Metal Short ) Special Wire of Net VSS & Pin of Cell execution_unit_0/alu_0/U268  ( metal1 )
Bounds : ( 3.705, 78.295 ) ( 3.775, 78.520 )


SHORT: ( Metal Short ) Special Wire of Net VSS & Pin of Cell execution_unit_0/alu_0/U281  ( metal1 )
Bounds : ( 3.510, 78.295 ) ( 3.580, 78.520 )


SHORT: ( Metal Short ) Special Wire of Net VSS & Pin of Cell execution_unit_0/alu_0/U15  ( metal1 )
Bounds : ( 2.550, 78.295 ) ( 2.620, 78.520 )


SHORT: ( Metal Short ) Special Wire of Net VSS & Pin of Cell execution_unit_0/alu_0/U15  ( metal1 )
Bounds : ( 2.745, 78.295 ) ( 2.815, 78.695 )


SHORT: ( Metal Short ) Special Wire of Net VSS & Pin of Cell execution_unit_0/alu_0/U15  ( metal1 )
Bounds : ( 2.925, 78.295 ) ( 2.995, 78.520 )


SHORT: ( Metal Short ) Special Wire of Net VSS & Pin of Cell execution_unit_0/alu_0/U281  ( metal1 )
Bounds : ( 3.135, 78.295 ) ( 3.205, 78.520 )


SHORT: ( Metal Short ) Special Wire of Net VSS & Pin of Cell execution_unit_0/alu_0/U281  ( metal1 )
Bounds : ( 3.315, 78.295 ) ( 3.385, 78.695 )


SHORT: ( Metal Short ) Special Wire of Net VSS & Pin of Cell execution_unit_0/alu_0/U268  ( metal1 )
Bounds : ( 3.885, 78.295 ) ( 3.955, 78.695 )


SHORT: ( Metal Short ) Special Wire of Net VSS & Pin of Cell execution_unit_0/alu_0/U268  ( metal1 )
Bounds : ( 4.080, 78.295 ) ( 4.150, 78.520 )


SHORT: ( Metal Short ) Special Wire of Net VSS & Blockage of Cell execution_unit_0/alu_0/U267  ( metal1 )
Bounds : ( 4.290, 78.295 ) ( 4.730, 78.315 )


SHORT: ( Metal Short ) Special Wire of Net VSS & Pin of Cell execution_unit_0/alu_0/U267  ( metal1 )
Bounds : ( 4.470, 78.380 ) ( 4.540, 78.695 )


SHORT: ( Metal Short ) Special Wire of Net VSS & Blockage of Cell execution_unit_0/alu_0/U267  ( metal1 )
Bounds : ( 4.660, 78.295 ) ( 4.730, 78.590 )


SHORT: ( Metal Short ) Special Wire of Net VSS & Pin of Cell execution_unit_0/alu_0/U267  ( metal1 )
Bounds : ( 4.850, 78.295 ) ( 4.920, 78.590 )


SHORT: ( Metal Short ) Special Wire of Net VSS & Pin of Cell execution_unit_0/alu_0/U270  ( metal1 )
Bounds : ( 5.035, 78.295 ) ( 5.050, 78.520 )


SHORT: ( Metal Short ) Special Wire of Net VSS & Pin of Cell mem_backbone_0/U196  ( metal1 )
Bounds : ( 3.885, 63.295 ) ( 4.010, 63.395 )


SHORT: ( Metal Short ) Special Wire of Net VSS & Pin of Cell mem_backbone_0/U196  ( metal1 )
Bounds : ( 3.880, 63.670 ) ( 3.950, 63.695 )


SHORT: ( Metal Short ) Special Wire of Net VSS & Pin of Cell frontend_0/U676  ( metal1 )
Bounds : ( 2.555, 63.295 ) ( 2.680, 63.395 )


SHORT: ( Metal Short ) Special Wire of Net VSS & Pin of Cell frontend_0/U676  ( metal1 )
Bounds : ( 2.555, 63.670 ) ( 2.625, 63.695 )


SHORT: ( Metal Short ) Special Wire of Net VSS & Pin of Cell frontend_0/U676  ( metal1 )
Bounds : ( 2.745, 63.295 ) ( 2.870, 63.395 )


SHORT: ( Metal Short ) Special Wire of Net VSS & Pin of Cell frontend_0/U676  ( metal1 )
Bounds : ( 2.745, 63.460 ) ( 3.005, 63.530 )


SHORT: ( Metal Short ) Special Wire of Net VSS & Pin of Cell frontend_0/U676  ( metal1 )
Bounds : ( 2.745, 63.460 ) ( 2.815, 63.695 )


SHORT: ( Metal Short ) Special Wire of Net VSS & Pin of Cell frontend_0/U676  ( metal1 )
Bounds : ( 2.935, 63.295 ) ( 3.005, 63.530 )


SHORT: ( Metal Short ) Special Wire of Net VSS & Pin of Cell frontend_0/U676  ( metal1 )
Bounds : ( 3.070, 63.295 ) ( 3.195, 63.395 )


SHORT: ( Metal Short ) Special Wire of Net VSS & Pin of Cell frontend_0/U676  ( metal1 )
Bounds : ( 3.120, 63.670 ) ( 3.190, 63.695 )


SHORT: ( Metal Short ) Special Wire of Net VSS & Pin of Cell mem_backbone_0/U196  ( metal1 )
Bounds : ( 4.075, 63.295 ) ( 4.145, 63.695 )


SHORT: ( Metal Short ) Special Wire of Net VSS & Pin of Cell mem_backbone_0/U196  ( metal1 )
Bounds : ( 4.210, 63.295 ) ( 4.335, 63.395 )


SHORT: ( Metal Short ) Special Wire of Net VSS & Pin of Cell mem_backbone_0/U196  ( metal1 )
Bounds : ( 4.255, 63.670 ) ( 4.325, 63.695 )


SHORT: ( Metal Short ) Special Wire of Net VSS & Blockage of Cell execution_unit_0/FE_PDC25_eu_mab_7  ( metal1 )
Bounds : ( 4.440, 63.525 ) ( 4.750, 63.595 )


SHORT: ( Metal Short ) Special Wire of Net VSS & Blockage of Cell execution_unit_0/FE_PDC25_eu_mab_7  ( metal1 )
Bounds : ( 4.440, 63.525 ) ( 4.510, 63.695 )


SHORT: ( Metal Short ) Special Wire of Net VSS & Pin of Cell execution_unit_0/FE_PDC25_eu_mab_7  ( metal1 )
Bounds : ( 4.455, 63.295 ) ( 4.585, 63.395 )


SHORT: ( Metal Short ) Special Wire of Net VSS & Pin of Cell execution_unit_0/FE_PDC25_eu_mab_7  ( metal1 )
Bounds : ( 4.620, 63.660 ) ( 4.690, 63.695 )


SHORT: ( Metal Short ) Special Wire of Net VSS & Blockage of Cell execution_unit_0/FE_PDC25_eu_mab_7  ( metal1 )
Bounds : ( 4.680, 63.295 ) ( 4.750, 63.595 )


SHORT: ( Metal Short ) Special Wire of Net VSS & Pin of Cell execution_unit_0/FE_PDC25_eu_mab_7  ( metal1 )
Bounds : ( 4.815, 63.295 ) ( 4.905, 63.695 )


SHORT: ( Metal Short ) Regular Wire of Net dma_din[13] & Regular Wire of Net dma_din[14]  ( metal3 )
Bounds : ( 0.000, 63.710 ) ( 0.070, 63.920 )


SHORT: ( Metal Short ) Regular Wire of Net dma_din[14] & Regular Wire of Net dma_din[13]  ( metal3 )
Bounds : ( 0.000, 63.850 ) ( 0.190, 63.920 )


SPACING: ( ParallelRunLength Spacing ) Regular Wire of Net execution_unit_0/FE_PDN248_eu_mab_7 & Special Wire of Net VSS  ( metal1 )
Bounds : ( 4.425, 63.290 ) ( 4.455, 63.295 )


SHORT: ( Metal Short ) Special Wire of Net VSS & Pin of Cell watchdog_0/U73  ( metal1 )
Bounds : ( 92.815, 33.445 ) ( 92.885, 33.695 )


SHORT: ( Metal Short ) Special Wire of Net VSS & Pin of Cell TIE_CELL_LTIELO_1  ( metal1 )
Bounds : ( 92.805, 48.295 ) ( 92.875, 48.545 )


SHORT: ( Metal Short ) Special Wire of Net VSS & Pin of Cell watchdog_0/wdtcnt_reg_0_  ( metal1 )
Bounds : ( 92.605, 33.445 ) ( 92.685, 33.695 )


SHORT: ( Metal Short ) Special Wire of Net VSS & Pin of Cell watchdog_0/wdtcnt_reg_0_  ( metal1 )
Bounds : ( 92.410, 33.295 ) ( 92.480, 33.695 )


SHORT: ( Metal Short ) Special Wire of Net VSS & Pin of Cell frontend_0/U612  ( metal1 )
Bounds : ( 92.235, 48.295 ) ( 92.305, 48.545 )


SHORT: ( Metal Short ) Special Wire of Net VSS & Pin of Cell watchdog_0/wdtcnt_reg_0_  ( metal1 )
Bounds : ( 92.230, 33.445 ) ( 92.305, 33.695 )


SHORT: ( Metal Short ) Special Wire of Net VSS & Pin of Cell watchdog_0/wdtcnt_reg_0_  ( metal1 )
Bounds : ( 92.090, 33.295 ) ( 92.095, 33.630 )


SHORT: ( Metal Short ) Special Wire of Net VSS & Pin of Cell dbg_0/cpu_ctl_reg_5_  ( metal1 )
Bounds : ( 92.090, 33.295 ) ( 94.645, 33.380 )


SHORT: ( Metal Short ) Special Wire of Net VSS & Pin of Cell watchdog_0/U73  ( metal1 )
Bounds : ( 92.815, 33.650 ) ( 93.065, 33.695 )


SHORT: ( Metal Short ) Special Wire of Net VSS & Pin of Cell frontend_0/U619  ( metal1 )
Bounds : ( 93.185, 48.295 ) ( 93.255, 48.545 )


SHORT: ( Metal Short ) Special Wire of Net VSS & Pin of Cell watchdog_0/U73  ( metal1 )
Bounds : ( 93.190, 33.295 ) ( 93.260, 33.695 )


SHORT: ( Metal Short ) Special Wire of Net VSS & Pin of Cell watchdog_0/U25  ( metal1 )
Bounds : ( 93.370, 33.295 ) ( 93.440, 33.695 )


SHORT: ( Metal Short ) Special Wire of Net VSS & Pin of Cell watchdog_0/U25  ( metal1 )
Bounds : ( 93.565, 33.650 ) ( 93.815, 33.695 )


SHORT: ( Metal Short ) Special Wire of Net VSS & Pin of Cell watchdog_0/U25  ( metal1 )
Bounds : ( 93.745, 33.445 ) ( 93.815, 33.695 )


SHORT: ( Metal Short ) Special Wire of Net VSS & Pin of Cell frontend_0/U622  ( metal1 )
Bounds : ( 93.755, 48.295 ) ( 93.825, 48.545 )


SHORT: ( Metal Short ) Special Wire of Net VSS & Pin of Cell watchdog_0/U24  ( metal1 )
Bounds : ( 94.130, 33.445 ) ( 94.225, 33.695 )


SHORT: ( Metal Short ) Special Wire of Net VSS & Pin of Cell frontend_0/U620  ( metal1 )
Bounds : ( 94.325, 48.295 ) ( 94.395, 48.545 )


SHORT: ( Metal Short ) Special Wire of Net VSS & Pin of Cell watchdog_0/U24  ( metal1 )
Bounds : ( 94.345, 33.295 ) ( 94.415, 33.695 )


SHORT: ( Metal Short ) Regular Wire of Net irq_acc[9] & Regular Wire of Net irq_acc[10]  ( metal3 )
Bounds : ( 97.070, 48.030 ) ( 97.140, 48.100 )


SHORT: ( Metal Short ) Regular Wire of Net irq_acc[7] & Regular Wire of Net irq_acc[8]  ( metal3 )
Bounds : ( 97.070, 48.870 ) ( 97.140, 48.940 )


SHORT: ( Metal Short ) Special Wire of Net VSS & Pin of Cell dbg_0/dbg_uart_0/U190  ( metal1 )
Bounds : ( 92.805, 18.420 ) ( 92.915, 18.595 )


SHORT: ( Metal Short ) Special Wire of Net VSS & Pin of Cell dbg_0/dbg_uart_0/U190  ( metal1 )
Bounds : ( 92.790, 18.295 ) ( 93.050, 18.320 )


SHORT: ( Metal Short ) Special Wire of Net VSS & Pin of Cell dbg_0/dbg_uart_0/U190  ( metal1 )
Bounds : ( 92.615, 18.420 ) ( 92.685, 18.665 )


SHORT: ( Metal Short ) Special Wire of Net VSS & Pin of Cell dbg_0/dbg_uart_0/U190  ( metal1 )
Bounds : ( 92.615, 18.420 ) ( 92.740, 18.595 )


SHORT: ( Metal Short ) Special Wire of Net VSS & Pin of Cell dbg_0/dbg_uart_0/U190  ( metal1 )
Bounds : ( 92.980, 18.295 ) ( 93.050, 18.695 )


SHORT: ( Metal Short ) Special Wire of Net VSS & Pin of Cell dbg_0/dbg_uart_0/U190  ( metal1 )
Bounds : ( 93.115, 18.420 ) ( 93.255, 18.595 )


SHORT: ( Metal Short ) Regular Wire of Net dbg_0/dbg_uart_0/n115 & Special Wire of Net VSS  ( metal1 )
Bounds : ( 93.115, 18.420 ) ( 93.185, 18.665 )


SHORT: ( Metal Short ) Special Wire of Net VSS & Pin of Cell dbg_0/dbg_uart_0/U192  ( metal1 )
Bounds : ( 93.755, 18.420 ) ( 93.880, 18.595 )


SHORT: ( Metal Short ) Regular Wire of Net dbg_0/dbg_uart_0/n118 & Special Wire of Net VSS  ( metal1 )
Bounds : ( 93.800, 18.420 ) ( 93.870, 18.665 )


SHORT: ( Metal Short ) Special Wire of Net VSS & Blockage of Cell dbg_0/dbg_uart_0/U192  ( metal1 )
Bounds : ( 93.945, 18.295 ) ( 94.015, 18.320 )


SHORT: ( Metal Short ) Special Wire of Net VSS & Pin of Cell dbg_0/dbg_uart_0/U192  ( metal1 )
Bounds : ( 93.945, 18.420 ) ( 94.070, 18.595 )


SHORT: ( Metal Short ) Special Wire of Net VSS & Pin of Cell dbg_0/dbg_uart_0/U192  ( metal1 )
Bounds : ( 93.945, 18.660 ) ( 94.205, 18.695 )


SHORT: ( Metal Short ) Regular Wire of Net dbg_0/dbg_uart_0/sync_cnt[12] & Special Wire of Net VSS  ( metal1 )
Bounds : ( 93.990, 18.385 ) ( 94.060, 18.595 )


SHORT: ( Metal Short ) Special Wire of Net VSS & Pin of Cell dbg_0/dbg_uart_0/U192  ( metal1 )
Bounds : ( 94.135, 18.295 ) ( 94.205, 18.695 )


SHORT: ( Metal Short ) Special Wire of Net VSS & Pin of Cell dbg_0/dbg_uart_0/U192  ( metal1 )
Bounds : ( 94.270, 18.420 ) ( 94.395, 18.595 )


SHORT: ( Metal Short ) Regular Wire of Net dbg_0/dbg_uart_0/n116 & Special Wire of Net VSS  ( metal1 )
Bounds : ( 94.275, 18.385 ) ( 94.345, 18.595 )


SHORT: ( Metal Short ) Special Wire of Net VSS & Blockage of Cell dbg_0/dbg_uart_0/U192  ( metal1 )
Bounds : ( 94.315, 18.295 ) ( 94.385, 18.320 )


SPACING: ( ParallelRunLength Spacing ) Special Wire of Net VSS & Pin of Cell dbg_0/dbg_uart_0/U190  ( metal1 )
Bounds : ( 92.600, 18.250 ) ( 92.670, 18.295 )


SHORT: ( Metal Short ) Special Wire of Net VSS & Pin of Cell dbg_0/dbg_uart_0/xfer_cnt_reg_1_  ( metal1 )
Bounds : ( 93.940, 3.295 ) ( 94.015, 3.495 )


SHORT: ( Metal Short ) Special Wire of Net VSS & Blockage of Cell dbg_0/dbg_uart_0/xfer_cnt_reg_1_  ( metal1 )
Bounds : ( 92.640, 3.295 ) ( 92.775, 3.410 )


SHORT: ( Metal Short ) Special Wire of Net VSS & Blockage of Cell dbg_0/dbg_uart_0/xfer_cnt_reg_1_  ( metal1 )
Bounds : ( 92.345, 3.475 ) ( 92.415, 3.695 )


SHORT: ( Metal Short ) Special Wire of Net VSS & Blockage of Cell dbg_0/dbg_uart_0/xfer_cnt_reg_1_  ( metal1 )
Bounds : ( 92.345, 3.475 ) ( 92.910, 3.545 )


SHORT: ( Metal Short ) Special Wire of Net VSS & Blockage of Cell dbg_0/dbg_uart_0/xfer_cnt_reg_1_  ( metal1 )
Bounds : ( 92.090, 3.340 ) ( 92.775, 3.410 )


SHORT: ( Metal Short ) Special Wire of Net VSS & Blockage of Cell dbg_0/dbg_uart_0/xfer_cnt_reg_1_  ( metal1 )
Bounds : ( 92.840, 3.295 ) ( 92.910, 3.545 )


SHORT: ( Metal Short ) Special Wire of Net VSS & Blockage of Cell dbg_0/dbg_uart_0/xfer_cnt_reg_1_  ( metal1 )
Bounds : ( 92.975, 3.295 ) ( 93.045, 3.695 )


SHORT: ( Metal Short ) Special Wire of Net VSS & Blockage of Cell dbg_0/dbg_uart_0/xfer_cnt_reg_1_  ( metal1 )
Bounds : ( 92.975, 3.400 ) ( 93.705, 3.470 )


SHORT: ( Metal Short ) Special Wire of Net VSS & Pin of Cell dbg_0/dbg_uart_0/xfer_cnt_reg_1_  ( metal1 )
Bounds : ( 93.110, 3.295 ) ( 93.255, 3.335 )


SHORT: ( Metal Short ) Special Wire of Net VSS & Blockage of Cell dbg_0/dbg_uart_0/xfer_cnt_reg_1_  ( metal1 )
Bounds : ( 93.635, 3.295 ) ( 93.705, 3.470 )


SHORT: ( Metal Short ) Special Wire of Net VSS & Blockage of Cell dbg_0/dbg_uart_0/xfer_cnt_reg_1_  ( metal1 )
Bounds : ( 93.705, 3.560 ) ( 94.250, 3.630 )


SHORT: ( Metal Short ) Special Wire of Net VSS & Blockage of Cell dbg_0/dbg_uart_0/xfer_cnt_reg_1_  ( metal1 )
Bounds : ( 93.770, 3.295 ) ( 93.840, 3.630 )


SHORT: ( Metal Short ) Special Wire of Net VSS & Blockage of Cell dbg_0/dbg_uart_0/xfer_cnt_reg_1_  ( metal1 )
Bounds : ( 94.180, 3.295 ) ( 94.250, 3.630 )


SHORT: ( Metal Short ) Special Wire of Net VSS & Pin of Cell dbg_0/dbg_uart_0/xfer_cnt_reg_1_  ( metal1 )
Bounds : ( 94.315, 3.295 ) ( 94.395, 3.695 )


SPACING: ( ParallelRunLength Spacing ) Special Wire of Net VSS & Blockage of Cell dbg_0/dbg_uart_0/xfer_cnt_reg_1_  ( metal1 )
Bounds : ( 92.090, 3.270 ) ( 92.550, 3.295 )


SPACING: ( ParallelRunLength Spacing ) Special Wire of Net VSS & Pin of Cell dbg_0/dbg_uart_0/xfer_cnt_reg_1_  ( metal1 )
Bounds : ( 93.255, 3.255 ) ( 93.545, 3.295 )


SPACING: ( ParallelRunLength Spacing ) Special Wire of Net VSS & Pin of Cell dbg_0/dbg_uart_0/xfer_cnt_reg_1_  ( metal1 )
Bounds : ( 94.120, 3.695 ) ( 94.190, 3.700 )


SHORT: ( Metal Short ) Special Wire of Net VSS & Blockage of Cell execution_unit_0/register_file_0/r5_reg_6_  ( metal1 )
Bounds : ( 4.780, 48.295 ) ( 4.850, 48.405 )


SHORT: ( Metal Short ) Special Wire of Net VSS & Blockage of Cell execution_unit_0/register_file_0/U625  ( metal1 )
Bounds : ( 3.325, 48.295 ) ( 3.395, 48.475 )


SHORT: ( Metal Short ) Special Wire of Net VSS & Blockage of Cell execution_unit_0/register_file_0/U625  ( metal1 )
Bounds : ( 3.325, 48.295 ) ( 3.610, 48.305 )


SHORT: ( Metal Short ) Special Wire of Net VSS & Blockage of Cell execution_unit_0/register_file_0/U625  ( metal1 )
Bounds : ( 3.075, 48.405 ) ( 3.395, 48.475 )


SHORT: ( Metal Short ) Special Wire of Net VSS & Blockage of Cell execution_unit_0/register_file_0/U625  ( metal1 )
Bounds : ( 2.540, 48.295 ) ( 2.610, 48.505 )


SHORT: ( Metal Short ) Special Wire of Net VSS & Blockage of Cell execution_unit_0/register_file_0/U625  ( metal1 )
Bounds : ( 2.540, 48.295 ) ( 3.250, 48.305 )


SHORT: ( Metal Short ) Special Wire of Net VSS & Pin of Cell execution_unit_0/register_file_0/U625  ( metal1 )
Bounds : ( 3.675, 48.295 ) ( 3.765, 48.505 )


SHORT: ( Metal Short ) Special Wire of Net VSS & Blockage of Cell execution_unit_0/register_file_0/r5_reg_6_  ( metal1 )
Bounds : ( 3.865, 48.295 ) ( 3.935, 48.510 )


SHORT: ( Metal Short ) Special Wire of Net VSS & Blockage of Cell execution_unit_0/register_file_0/r5_reg_6_  ( metal1 )
Bounds : ( 4.245, 48.295 ) ( 4.315, 48.510 )


SHORT: ( Metal Short ) Special Wire of Net VSS & Blockage of Cell execution_unit_0/register_file_0/r5_reg_6_  ( metal1 )
Bounds : ( 4.645, 48.295 ) ( 4.715, 48.545 )


SHORT: ( Metal Short ) Special Wire of Net VSS & Blockage of Cell execution_unit_0/register_file_0/r5_reg_6_  ( metal1 )
Bounds : ( 4.645, 48.475 ) ( 4.985, 48.545 )


SHORT: ( Metal Short ) Special Wire of Net VSS & Blockage of Cell execution_unit_0/register_file_0/r5_reg_6_  ( metal1 )
Bounds : ( 4.915, 48.295 ) ( 4.985, 48.545 )


SHORT: ( Metal Short ) Regular Wire of Net dmem_dout[3] & Regular Wire of Net dmem_dout[4]  ( metal3 )
Bounds : ( 0.000, 48.030 ) ( 0.070, 48.100 )


SHORT: ( Metal Short ) Regular Wire of Net dmem_dout[5] & Regular Wire of Net dmem_dout[6]  ( metal3 )
Bounds : ( 0.000, 48.870 ) ( 0.070, 48.940 )


SPACING: ( ParallelRunLength Spacing ) Regular Wire of Net execution_unit_0/register_file_0/mclk_r5 & Special Wire of Net VSS  ( metal1 )
Bounds : ( 3.970, 48.275 ) ( 4.000, 48.295 )


SPACING: ( ParallelRunLength Spacing ) Regular Wire of Net execution_unit_0/register_file_0/mclk_r5 & Special Wire of Net VSS  ( metal1 )
Bounds : ( 4.000, 48.275 ) ( 4.145, 48.295 )


SPACING: ( ParallelRunLength Spacing ) Special Wire of Net VSS & Blockage of Cell execution_unit_0/register_file_0/r5_reg_6_  ( metal1 )
Bounds : ( 4.245, 48.270 ) ( 4.715, 48.295 )


SHORT: ( Metal Short ) Special Wire of Net VSS & Pin of Cell execution_unit_0/register_file_0/U882  ( metal1 )
Bounds : ( 3.070, 33.295 ) ( 3.140, 33.680 )


SHORT: ( Metal Short ) Special Wire of Net VSS & Blockage of Cell execution_unit_0/register_file_0/r6_reg_11_  ( metal1 )
Bounds : ( 2.915, 33.445 ) ( 2.985, 33.695 )


SHORT: ( Metal Short ) Special Wire of Net VSS & Pin of Cell execution_unit_0/register_file_0/U882  ( metal1 )
Bounds : ( 2.725, 33.295 ) ( 2.795, 33.630 )


SHORT: ( Metal Short ) Special Wire of Net VSS & Blockage of Cell execution_unit_0/register_file_0/r6_reg_11_  ( metal1 )
Bounds : ( 2.535, 33.445 ) ( 2.605, 33.695 )


SHORT: ( Metal Short ) Special Wire of Net VSS & Pin of Cell execution_unit_0/register_file_0/U882  ( metal1 )
Bounds : ( 2.495, 33.295 ) ( 5.050, 33.380 )


SHORT: ( Metal Short ) Special Wire of Net VSS & Blockage of Cell execution_unit_0/register_file_0/r6_reg_11_  ( metal1 )
Bounds : ( 3.450, 33.570 ) ( 3.520, 33.695 )


SHORT: ( Metal Short ) Special Wire of Net VSS & Blockage of Cell execution_unit_0/register_file_0/r6_reg_11_  ( metal1 )
Bounds : ( 3.630, 33.570 ) ( 3.700, 33.695 )


SHORT: ( Metal Short ) Special Wire of Net VSS & Pin of Cell execution_unit_0/register_file_0/U882  ( metal1 )
Bounds : ( 3.790, 33.295 ) ( 3.925, 33.665 )


SHORT: ( Metal Short ) Special Wire of Net VSS & Pin of Cell execution_unit_0/register_file_0/r6_reg_11_  ( metal1 )
Bounds : ( 3.990, 33.460 ) ( 4.380, 33.530 )


SHORT: ( Metal Short ) Special Wire of Net VSS & Blockage of Cell execution_unit_0/register_file_0/r6_reg_11_  ( metal1 )
Bounds : ( 3.990, 33.600 ) ( 4.125, 33.670 )


SHORT: ( Metal Short ) Special Wire of Net VSS & Blockage of Cell execution_unit_0/register_file_0/r6_reg_11_  ( metal1 )
Bounds : ( 3.990, 33.600 ) ( 4.060, 33.695 )


SHORT: ( Metal Short ) Special Wire of Net VSS & Pin of Cell execution_unit_0/register_file_0/r6_reg_11_  ( metal1 )
Bounds : ( 4.310, 33.460 ) ( 4.380, 33.695 )


SHORT: ( Metal Short ) Special Wire of Net VSS & Pin of Cell execution_unit_0/register_file_0/r6_reg_11_  ( metal1 )
Bounds : ( 4.310, 33.695 ) ( 4.670, 33.695 )


SHORT: ( Metal Short ) Special Wire of Net VSS & Pin of Cell execution_unit_0/register_file_0/U882  ( metal1 )
Bounds : ( 4.445, 33.295 ) ( 4.515, 33.630 )


SHORT: ( Metal Short ) Special Wire of Net VSS & Pin of Cell execution_unit_0/register_file_0/r6_reg_11_  ( metal1 )
Bounds : ( 4.600, 33.445 ) ( 5.020, 33.515 )


SHORT: ( Metal Short ) Special Wire of Net VSS & Pin of Cell execution_unit_0/register_file_0/r6_reg_11_  ( metal1 )
Bounds : ( 4.600, 33.445 ) ( 4.670, 33.695 )


SHORT: ( Metal Short ) Special Wire of Net VSS & Blockage of Cell execution_unit_0/register_file_0/r6_reg_11_  ( metal1 )
Bounds : ( 4.815, 33.580 ) ( 4.885, 33.695 )


SHORT: ( Metal Short ) Special Wire of Net VSS & Pin of Cell execution_unit_0/register_file_0/r6_reg_11_  ( metal1 )
Bounds : ( 4.950, 33.445 ) ( 5.020, 33.695 )


SPACING: ( ParallelRunLength Spacing ) Special Wire of Net VSS & Blockage of Cell execution_unit_0/register_file_0/r6_reg_11_  ( metal1 )
Bounds : ( 3.630, 33.695 ) ( 4.060, 33.730 )


SPACING: ( ParallelRunLength Spacing ) Special Wire of Net VSS & Blockage of Cell execution_unit_0/register_file_0/r6_reg_11_  ( metal1 )
Bounds : ( 4.175, 33.695 ) ( 4.245, 33.735 )


SHORT: ( Metal Short ) Special Wire of Net VSS & Blockage of Cell execution_unit_0/register_file_0/r15_reg_9_  ( metal1 )
Bounds : ( 3.450, 18.520 ) ( 4.390, 18.590 )


SHORT: ( Metal Short ) Special Wire of Net VSS & Blockage of Cell execution_unit_0/register_file_0/r15_reg_9_  ( metal1 )
Bounds : ( 3.450, 18.295 ) ( 3.520, 18.695 )


SHORT: ( Metal Short ) Special Wire of Net VSS & Blockage of Cell execution_unit_0/register_file_0/r15_reg_9_  ( metal1 )
Bounds : ( 3.315, 18.295 ) ( 3.385, 18.680 )


SHORT: ( Metal Short ) Special Wire of Net VSS & Pin of Cell execution_unit_0/register_file_0/r15_reg_9_  ( metal1 )
Bounds : ( 3.095, 18.455 ) ( 3.215, 18.640 )


SHORT: ( Metal Short ) Regular Wire of Net execution_unit_0/register_file_0/N277 & Special Wire of Net VSS  ( metal1 )
Bounds : ( 3.080, 18.490 ) ( 3.220, 18.560 )


SHORT: ( Metal Short ) Special Wire of Net VSS & Blockage of Cell execution_unit_0/register_file_0/r15_reg_9_  ( metal1 )
Bounds : ( 2.915, 18.320 ) ( 3.385, 18.390 )


SHORT: ( Metal Short ) Special Wire of Net VSS & Blockage of Cell execution_unit_0/register_file_0/r15_reg_9_  ( metal1 )
Bounds : ( 2.915, 18.295 ) ( 2.985, 18.695 )


SHORT: ( Metal Short ) Regular Wire of Net execution_unit_0/register_file_0/mclk_r15 & Special Wire of Net VSS  ( metal1 )
Bounds : ( 2.670, 18.350 ) ( 2.850, 18.420 )


SHORT: ( Metal Short ) Special Wire of Net VSS & Pin of Cell execution_unit_0/register_file_0/r15_reg_9_  ( metal1 )
Bounds : ( 2.670, 18.315 ) ( 2.815, 18.455 )


SHORT: ( Metal Short ) Special Wire of Net VSS & Blockage of Cell execution_unit_0/register_file_0/r15_reg_9_  ( metal1 )
Bounds : ( 2.535, 18.595 ) ( 2.850, 18.695 )


SHORT: ( Metal Short ) Special Wire of Net VSS & Blockage of Cell execution_unit_0/register_file_0/r15_reg_9_  ( metal1 )
Bounds : ( 2.535, 18.295 ) ( 2.605, 18.695 )


SHORT: ( Metal Short ) Special Wire of Net VSS & Blockage of Cell execution_unit_0/register_file_0/r15_reg_9_  ( metal1 )
Bounds : ( 3.585, 18.295 ) ( 3.655, 18.450 )


SHORT: ( Metal Short ) Special Wire of Net VSS & Blockage of Cell execution_unit_0/register_file_0/r15_reg_9_  ( metal1 )
Bounds : ( 3.585, 18.380 ) ( 4.615, 18.450 )


SHORT: ( Metal Short ) Special Wire of Net VSS & Blockage of Cell execution_unit_0/register_file_0/r15_reg_9_  ( metal1 )
Bounds : ( 3.685, 18.655 ) ( 4.750, 18.695 )


SHORT: ( Metal Short ) Special Wire of Net VSS & Blockage of Cell execution_unit_0/register_file_0/r15_reg_9_  ( metal1 )
Bounds : ( 4.185, 18.295 ) ( 4.750, 18.315 )


SHORT: ( Metal Short ) Special Wire of Net VSS & Blockage of Cell execution_unit_0/register_file_0/r15_reg_9_  ( metal1 )
Bounds : ( 4.480, 18.380 ) ( 4.615, 18.565 )


SHORT: ( Metal Short ) Special Wire of Net VSS & Blockage of Cell execution_unit_0/register_file_0/r15_reg_9_  ( metal1 )
Bounds : ( 4.680, 18.295 ) ( 4.750, 18.695 )


SHORT: ( Metal Short ) Special Wire of Net VSS & Blockage of Cell execution_unit_0/register_file_0/r15_reg_9_  ( metal1 )
Bounds : ( 4.815, 18.295 ) ( 4.885, 18.695 )


SHORT: ( Metal Short ) Special Wire of Net VSS & Blockage of Cell execution_unit_0/register_file_0/r15_reg_9_  ( metal1 )
Bounds : ( 4.815, 18.320 ) ( 5.050, 18.390 )


SHORT: ( Metal Short ) Special Wire of Net VSS & Pin of Cell execution_unit_0/register_file_0/r15_reg_9_  ( metal1 )
Bounds : ( 4.950, 18.455 ) ( 5.050, 18.605 )


SHORT: ( Metal Short ) Special Wire of Net VSS & Pin of Cell execution_unit_0/register_file_0/r15_reg_9_  ( metal1 )
Bounds : ( 4.950, 18.455 ) ( 5.020, 18.695 )


SPACING: ( ParallelRunLength Spacing ) Special Wire of Net VSS & Blockage of Cell execution_unit_0/register_file_0/r15_reg_9_  ( metal1 )
Bounds : ( 5.050, 18.695 ) ( 5.085, 18.705 )


  Total Violations : 199 Viols.
