Weights:
	des_issues:		0.25
	des_perf:		0.25
	ti_fts_total:		0.5
	des_perf_setup_FEP:		(1/6)
	fsp_fi_ea_c_total:		0.5
	ti_fts:		0.5
	des_p_total:		0.25
	des_perf_setup_WNS:		(1/3)
	fsp_fi_ea_c_avg:		(1/6)
	fsp_fi_ea_c_max:		(1/3)
	des_perf_setup_TNS:		0.5
	fsp_fi_ea_n_avg:		(1/6)
	ti_sts_max:		(1/3)
	des_area:		0.25
	ti_fts_avg:		(1/6)
	fsp_fi_ea_n:		0.5
	fsp_fi_ea_n_total:		0.5
	ti_sts:		0.5
	fsp_fi_ea_n_max:		(1/3)
	fsp_fi_ea_c:		0.5
	ti_sts_avg:		(1/6)
	ti_sts_total:		0.5
	ti_fts_max:		(1/3)

Constraints:
	des_issues:		2
	des_perf:		20
	des_p_total:		10
	des_area:		3

Baseline metrics:
	des_issues:		675
	ti_fts_total:		6109
	des_perf_setup_FEP:		10
	fsp_fi_ea_c_total:		1439.04
	des_p_total:		1.16132741
	des_perf_setup_WNS:		-1.668
	fsp_fi_ea_c_avg:		38.5628
	fsp_fi_ea_c_max:		81.8449
	des_perf_setup_TNS:		-12.941
	fsp_fi_ea_n_avg:		54.7673
	ti_sts_max:		147
	des_area:		13787.5248
	ti_fts_avg:		135.75
	fsp_fi_ea_n_total:		1598.13
	fsp_fi_ea_n_max:		100
	ti_sts_avg:		29.06
	ti_sts_total:		1308
	ti_fts_max:		271

Submission metrics:
	des_issues:		0
	ti_fts_total:		1064
	des_perf_setup_FEP:		1
	fsp_fi_ea_c_total:		960.358
	des_p_total:		1.40405142
	des_perf_setup_WNS:		-0.007
	fsp_fi_ea_c_avg:		25.9663
	fsp_fi_ea_c_max:		67.8133
	des_perf_setup_TNS:		-0.007
	fsp_fi_ea_n_avg:		43.6257
	ti_sts_max:		154
	des_area:		12292.7112
	ti_fts_avg:		212.80
	fsp_fi_ea_n_total:		1497.75
	fsp_fi_ea_n_max:		100
	ti_sts_avg:		77.00
	ti_sts_total:		385
	ti_fts_max:		351

Base scores (non-weighted):
	des_issues:		0
	ti_fts_total:		.17416
	des_perf_setup_FEP:		.10000
	fsp_fi_ea_c_total:		.66736
	des_p_total:		1.20900
	des_perf_setup_WNS:		.00419
	fsp_fi_ea_c_avg:		.67335
	fsp_fi_ea_c_max:		.82855
	des_perf_setup_TNS:		.00054
	fsp_fi_ea_n_avg:		.79656
	ti_sts_max:		1.04761
	des_area:		.89158
	ti_fts_avg:		1.56758
	fsp_fi_ea_n_total:		.93718
	fsp_fi_ea_n_max:		1.00000
	ti_sts_avg:		2.64969
	ti_sts_total:		.29434
	ti_fts_max:		1.29520

Scores (weighted):
	des_issues:		0.00000
	OVERALL:		0.44693
	des_perf:		0.01833
	ti_fts:		0.78006
	fsp_fi:		0.82838
	des_p_total:		1.20900
	des:		0.52973
	des_area:		0.89158
	fsp_fi_ea_n:		0.93468
	ti_sts:		0.93795
	fsp_fi_ea_c:		0.72208
	ti:		0.85901

Constraints checks:
Check for score component "des_issues" passed.
Check for score component "des_perf" passed.
Check for score component "des_p_total" passed.
Check for score component "des_area" passed.

