( key_gen/currentKey_reg_95_ 5.345 83.695 8.575 85.095 )
( key_gen/currentKey_reg_94_ 2.685 97.695 5.915 99.095 )
( key_gen/currentKey_reg_93_ 9.335 97.695 12.565 99.095 )
( key_gen/currentKey_reg_92_ 11.425 99.095 14.655 100.495 )
( key_gen/currentKey_reg_91_ 18.075 97.695 21.305 99.095 )
( key_gen/currentKey_reg_90_ 14.275 83.695 17.505 85.095 )
( key_gen/currentKey_reg_89_ 10.665 86.495 13.895 87.895 )
( key_gen/currentKey_reg_88_ 10.285 89.295 13.515 90.695 )
( key_gen/currentKey_reg_87_ 9.715 65.495 12.945 66.895 )
( key_gen/currentKey_reg_86_ 5.155 68.295 8.385 69.695 )
( key_gen/currentKey_reg_85_ 9.145 72.495 12.375 73.895 )
( key_gen/currentKey_reg_84_ 17.695 78.095 20.925 79.495 )
( key_gen/currentKey_reg_83_ 26.625 92.095 29.855 93.495 )
( key_gen/currentKey_reg_82_ 22.255 93.495 25.485 94.895 )
( key_gen/currentKey_reg_81_ 21.685 73.895 24.915 75.295 )
( key_gen/currentKey_reg_80_ 18.455 72.495 21.685 73.895 )
( key_gen/currentKey_reg_79_ 2.495 96.295 5.725 97.695 )
( key_gen/currentKey_reg_78_ 6.675 92.095 9.905 93.495 )
( key_gen/currentKey_reg_77_ 7.625 106.095 10.855 107.495 )
( key_gen/currentKey_reg_76_ 12.945 108.895 16.175 110.295 )
( key_gen/currentKey_reg_75_ 16.365 107.495 19.595 108.895 )
( key_gen/currentKey_reg_74_ 8.765 94.895 11.995 96.295 )
( key_gen/currentKey_reg_73_ 7.055 90.695 10.285 92.095 )
( key_gen/currentKey_reg_72_ 8.955 83.695 12.185 85.095 )
( key_gen/currentKey_reg_71_ 10.855 59.895 14.085 61.295 )
( key_gen/currentKey_reg_70_ 4.965 59.895 8.195 61.295 )
( key_gen/currentKey_reg_69_ 19.025 64.095 22.255 65.495 )
( key_gen/currentKey_reg_68_ 19.025 66.895 22.255 68.295 )
( key_gen/currentKey_reg_67_ 23.585 87.895 26.815 89.295 )
( key_gen/currentKey_reg_66_ 21.305 89.295 24.535 90.695 )
( key_gen/currentKey_reg_65_ 18.455 87.895 21.685 89.295 )
( key_gen/currentKey_reg_64_ 18.075 79.495 21.305 80.895 )
( key_gen/currentKey_reg_127_ 6.105 78.095 9.335 79.495 )
( key_gen/currentKey_reg_31_ 3.065 76.695 6.295 78.095 )
( key_gen/currentKey_reg_63_ 2.495 79.495 5.725 80.895 )
( key_gen/currentKey_reg_126_ 7.625 107.495 10.855 108.895 )
( key_gen/currentKey_reg_30_ 8.385 100.495 11.615 101.895 )
( key_gen/currentKey_reg_62_ 5.345 100.495 8.575 101.895 )
( key_gen/currentKey_reg_125_ 2.495 108.895 5.725 110.295 )
( key_gen/currentKey_reg_29_ 2.495 106.095 5.725 107.495 )
( key_gen/currentKey_reg_61_ 4.965 107.495 8.195 108.895 )
( key_gen/currentKey_reg_124_ 11.235 73.895 14.465 75.295 )
( key_gen/currentKey_reg_28_ 11.615 75.295 14.845 76.695 )
( key_gen/currentKey_reg_60_ 11.045 79.495 14.275 80.895 )
( key_gen/currentKey_reg_123_ 30.045 89.295 33.275 90.695 )
( key_gen/currentKey_reg_27_ 32.895 87.895 36.125 89.295 )
( key_gen/currentKey_reg_59_ 18.265 90.695 21.495 92.095 )
( key_gen/currentKey_reg_122_ 34.225 80.895 37.455 82.295 )
( key_gen/currentKey_reg_26_ 30.615 78.095 33.845 79.495 )
( key_gen/currentKey_reg_58_ 18.075 83.695 21.305 85.095 )
( key_gen/currentKey_reg_121_ 15.605 80.895 18.835 82.295 )
( key_gen/currentKey_reg_25_ 15.225 79.495 18.455 80.895 )
( key_gen/currentKey_reg_57_ 12.755 80.895 15.985 82.295 )
( key_gen/currentKey_reg_120_ 20.165 94.895 23.395 96.295 )
( key_gen/currentKey_reg_24_ 18.835 93.495 22.065 94.895 )
( key_gen/currentKey_reg_56_ 16.175 89.295 19.405 90.695 )
( key_gen/currentKey_reg_119_ 16.555 62.695 19.785 64.095 )
( key_gen/currentKey_reg_23_ 14.655 61.295 17.885 62.695 )
( key_gen/currentKey_reg_55_ 11.995 62.695 15.225 64.095 )
( key_gen/currentKey_reg_118_ 5.155 73.895 8.385 75.295 )
( key_gen/currentKey_reg_22_ 2.495 68.295 5.725 69.695 )
( key_gen/currentKey_reg_54_ 3.255 65.495 6.485 66.895 )
( key_gen/currentKey_reg_117_ 2.495 73.895 5.725 75.295 )
( key_gen/currentKey_reg_21_ 3.255 72.495 6.485 73.895 )
( key_gen/currentKey_reg_53_ 3.065 69.695 6.295 71.095 )
( key_gen/currentKey_reg_116_ 7.245 89.295 10.475 90.695 )
( key_gen/currentKey_reg_20_ 8.765 78.095 11.995 79.495 )
( key_gen/currentKey_reg_52_ 13.325 78.095 16.555 79.495 )
( key_gen/currentKey_reg_115_ 23.015 101.895 26.245 103.295 )
( key_gen/currentKey_reg_19_ 24.535 96.295 27.765 97.695 )
( key_gen/currentKey_reg_51_ 32.705 92.095 35.935 93.495 )
( key_gen/currentKey_reg_114_ 19.975 101.895 23.205 103.295 )
( key_gen/currentKey_reg_18_ 19.785 100.495 23.015 101.895 )
( key_gen/currentKey_reg_50_ 22.065 97.695 25.295 99.095 )
( key_gen/currentKey_reg_113_ 14.655 73.895 17.885 75.295 )
( key_gen/currentKey_reg_17_ 14.085 72.495 17.315 73.895 )
( key_gen/currentKey_reg_49_ 16.555 75.295 19.785 76.695 )
( key_gen/currentKey_reg_112_ 14.275 71.095 17.505 72.495 )
( key_gen/currentKey_reg_16_ 15.985 68.295 19.215 69.695 )
( key_gen/currentKey_reg_48_ 19.405 69.695 22.635 71.095 )
( key_gen/currentKey_reg_15_ 2.495 87.895 5.725 89.295 )
( key_gen/currentKey_reg_47_ 2.495 92.095 5.725 93.495 )
( key_gen/currentKey_reg_14_ 2.685 82.295 5.915 83.695 )
( key_gen/currentKey_reg_46_ 2.875 83.695 6.105 85.095 )
( key_gen/currentKey_reg_13_ 2.495 103.295 5.725 104.695 )
( key_gen/currentKey_reg_45_ 2.495 100.495 5.725 101.895 )
( key_gen/currentKey_reg_12_ 9.715 104.695 12.945 106.095 )
( key_gen/currentKey_reg_44_ 10.665 108.895 13.895 110.295 )
( key_gen/currentKey_reg_11_ 16.745 103.295 19.975 104.695 )
( key_gen/currentKey_reg_43_ 18.835 104.695 22.065 106.095 )
( key_gen/currentKey_reg_10_ 13.515 96.295 16.745 97.695 )
( key_gen/currentKey_reg_42_ 13.135 92.095 16.365 93.495 )
( key_gen/currentKey_reg_9_ 15.225 93.495 18.455 94.895 )
( key_gen/currentKey_reg_41_ 13.705 90.695 16.935 92.095 )
( key_gen/currentKey_reg_8_ 5.535 79.495 8.765 80.895 )
( key_gen/currentKey_reg_40_ 5.345 80.895 8.575 82.295 )
( key_gen/currentKey_reg_7_ 6.485 65.495 9.715 66.895 )
( key_gen/currentKey_reg_39_ 8.005 59.895 11.235 61.295 )
( key_gen/currentKey_reg_6_ 3.445 64.095 6.675 65.495 )
( key_gen/currentKey_reg_38_ 2.495 59.895 5.725 61.295 )
( key_gen/currentKey_reg_5_ 12.755 65.495 15.985 66.895 )
( key_gen/currentKey_reg_37_ 14.845 66.895 18.075 68.295 )
( key_gen/currentKey_reg_4_ 24.535 68.295 27.765 69.695 )
( key_gen/currentKey_reg_36_ 21.495 65.495 24.725 66.895 )
( key_gen/currentKey_reg_3_ 26.245 82.295 29.475 83.695 )
( key_gen/currentKey_reg_35_ 26.815 86.495 30.045 87.895 )
( key_gen/currentKey_reg_2_ 33.655 79.495 36.885 80.895 )
( key_gen/currentKey_reg_34_ 32.705 82.295 35.935 83.695 )
( key_gen/currentKey_reg_1_ 24.725 83.695 27.955 85.095 )
( key_gen/currentKey_reg_33_ 19.975 86.495 23.205 87.895 )
( key_gen/currentKey_reg_0_ 24.535 73.895 27.765 75.295 )
( key_gen/currentKey_reg_32_ 21.115 78.095 24.345 79.495 )
( key_gen/currentKey_reg_111_ 4.205 90.695 7.435 92.095 )
( key_gen/currentKey_reg_110_ 2.685 86.495 5.915 87.895 )
( key_gen/currentKey_reg_109_ 4.585 104.695 7.815 106.095 )
( key_gen/currentKey_reg_108_ 10.095 101.895 13.325 103.295 )
( key_gen/currentKey_reg_107_ 12.945 103.295 16.175 104.695 )
( key_gen/currentKey_reg_106_ 17.695 99.095 20.925 100.495 )
( key_gen/currentKey_reg_105_ 13.895 97.695 17.125 99.095 )
( key_gen/currentKey_reg_104_ 7.625 86.495 10.855 87.895 )
( key_gen/currentKey_reg_103_ 6.675 76.695 9.905 78.095 )
( key_gen/currentKey_reg_102_ 5.725 69.695 8.955 71.095 )
( key_gen/currentKey_reg_101_ 11.425 69.695 14.655 71.095 )
( key_gen/currentKey_reg_100_ 21.875 69.695 25.105 71.095 )
( key_gen/currentKey_reg_99_ 23.205 79.495 26.435 80.895 )
( key_gen/currentKey_reg_98_ 29.665 86.495 32.895 87.895 )
( key_gen/currentKey_reg_97_ 26.245 87.895 29.475 89.295 )
( key_gen/currentKey_reg_96_ 24.915 76.695 28.145 78.095 )
