Total exposed area across net assets: 298.305
Max exposure [%] across net assets: 100
Avg exposure [%] across net assets: 47.4881

#NetName TotalAreaNet PercentageExposedAreaNet
allRoundKeys[2175] 0.9716 65.1837
allRoundKeys[2174] 2.39225 47.0519
allRoundKeys[2173] 3.276 51.7537
allRoundKeys[2172] 0.1379 25.3807
allRoundKeys[2171] 0.18515 63.5431
allRoundKeys[2170] 0.4298 19.2182
allRoundKeys[2169] 0.19705 39.4316
allRoundKeys[2168] 3.20565 99.3886
allRoundKeys[2167] 0.385 42.4545
allRoundKeys[2166] 0.46515 79.4582
allRoundKeys[2165] 0.55265 45.3452
allRoundKeys[2164] 0.14385 27.2506
allRoundKeys[2163] 1.89385 68.8043
allRoundKeys[2162] 1.72445 62.9998
allRoundKeys[2161] 0.4928 38.6364
allRoundKeys[2160] 0.6986 77.9559
allRoundKeys[2159] 4.9833 56.7505
allRoundKeys[2158] 0.6356 25.3815
allRoundKeys[2157] 1.5393 56.0709
allRoundKeys[2156] 3.89515 61.8744
allRoundKeys[2155] 3.4741 89.9859
allRoundKeys[2154] 2.0314 60.5617
allRoundKeys[2153] 4.2462 92.0376
allRoundKeys[2152] 0.9345 47.6592
allRoundKeys[2151] 0.5523 47.3701
allRoundKeys[2150] 0.8764 40.655
allRoundKeys[2149] 0.7462 19.3949
allRoundKeys[2148] 0.5229 38.755
allRoundKeys[2147] 0.4347 51.0064
allRoundKeys[2146] 1.3027 59.5648
allRoundKeys[2145] 3.2725 71.9786
allRoundKeys[2144] 0.5831 48.0792
allRoundKeys[2143] 0.53375 29.3724
allRoundKeys[2142] 3.9172 69.505
allRoundKeys[2141] 2.9785 68.4858
allRoundKeys[2140] 0.5033 36.9263
allRoundKeys[2139] 0.497525 34.948
allRoundKeys[2138] 0.4165 14.5378
allRoundKeys[2137] 0.4158 43.771
allRoundKeys[2136] 2.91795 68.7983
allRoundKeys[2135] 0.3927 27.8075
allRoundKeys[2134] 0.5131 23.2606
allRoundKeys[2133] 0.6454 26.8438
allRoundKeys[2132] 1.0276 63.5899
allRoundKeys[2131] 0.9912 33.4216
allRoundKeys[2130] 1.49835 66.0593
allRoundKeys[2129] 0.47635 26.6716
allRoundKeys[2128] 0.8589 62.6324
allRoundKeys[2127] 1.8053 34.0484
allRoundKeys[2126] 0.6251 54.9272
allRoundKeys[2125] 3.8353 70.4691
allRoundKeys[2124] 4.47755 91.425
allRoundKeys[2123] 2.63795 45.1904
allRoundKeys[2122] 0.7854 51.9831
allRoundKeys[2121] 3.31555 71.6789
allRoundKeys[2120] 0.8967 21.1553
allRoundKeys[2119] 0.4725 66.963
allRoundKeys[2118] 1.2277 4.41883
allRoundKeys[2117] 2.38735 72.7899
allRoundKeys[2116] 0.3871 77.2152
allRoundKeys[2115] 0.36925 42.7962
allRoundKeys[2114] 1.6142 70.902
allRoundKeys[2113] 1.2663 35.3708
allRoundKeys[2112] 0.22295 58.5557
allRoundKeys[2111] 0.196 5.07653
allRoundKeys[2110] 0.231 40.303
allRoundKeys[2109] 0.329 26.7021
allRoundKeys[2108] 0.231 62.4242
allRoundKeys[2107] 0.329 32.766
allRoundKeys[2106] 0.1148 38.4146
allRoundKeys[2105] 0.2744 63.2653
allRoundKeys[2104] 0.0609 39.0805
allRoundKeys[2103] 0.1449 18.599
allRoundKeys[2102] 0.0476 0
allRoundKeys[2101] 0.0476 0
allRoundKeys[2100] 0.2653 3.69393
allRoundKeys[2099] 0.2842 4.86453
allRoundKeys[2098] 0.2177 12.5402
allRoundKeys[2096] 0.3192 6.14035
allRoundKeys[2095] 0.315 50.2222
allRoundKeys[2094] 0.1148 25.1524
allRoundKeys[2093] 0.2954 60.1303
allRoundKeys[2092] 0.17185 17.5153
allRoundKeys[2091] 0.38675 30.1357
allRoundKeys[2090] 0.1778 68.5039
allRoundKeys[2089] 0.3143 8.90869
allRoundKeys[2088] 0.231 0
allRoundKeys[2087] 0.2947 52.019
allRoundKeys[2086] 0.0609 1.14943
allRoundKeys[2085] 0.2982 86.8545
allRoundKeys[2084] 0.2506 92.1788
allRoundKeys[2083] 0.22645 54.2504
allRoundKeys[2082] 0.4004 68.5315
allRoundKeys[2081] 0.0476 20.5882
allRoundKeys[2080] 0.0609 54.023
allRoundKeys[2079] 0.0882 38.8889
allRoundKeys[2078] 0.1148 32.4695
allRoundKeys[2077] 0.1295 21.8919
allRoundKeys[2076] 0.1218 28.4483
allRoundKeys[2075] 0.3325 61.5263
allRoundKeys[2074] 0.1015 0
allRoundKeys[2073] 0.2625 30.1333
allRoundKeys[2072] 0.1015 80.6897
allRoundKeys[2071] 0.168 81.0417
allRoundKeys[2070] 0.17815 22.9862
allRoundKeys[2069] 0.041125 24.8024
allRoundKeys[2068] 0.2415 14.2029
allRoundKeys[2067] 0.3472 20.9677
allRoundKeys[2066] 0.0462 80.303
allRoundKeys[2065] 0.41475 34.4304
allRoundKeys[2064] 0.0952 59.9265
allRoundKeys[2063] 0.041125 11.5502
allRoundKeys[2061] 0.7014 59.0818
allRoundKeys[2060] 0.3185 14.2857
allRoundKeys[2059] 0.76895 14.2012
allRoundKeys[2058] 0.084 24.1667
allRoundKeys[2057] 0.1036 54.3919
allRoundKeys[2056] 0.0924 18.1818
allRoundKeys[2055] 0.1183 20.4142
allRoundKeys[2053] 0.0742 66.5094
allRoundKeys[2052] 0.1036 44.9324
allRoundKeys[2051] 0.0693 69.697
allRoundKeys[2050] 0.084 47.0833
allRoundKeys[2049] 0.1512 31.25
allRoundKeys[2048] 0.2086 74.1611
allRoundKeys[2047] 0.0686 9.18367
allRoundKeys[2046] 0.30975 45.1977
allRoundKeys[2045] 0.222625 49.1971
allRoundKeys[2044] 0.1085 0
allRoundKeys[2043] 0.0392 75
allRoundKeys[2042] 0.1925 32.9091
allRoundKeys[2041] 0.222625 64.5705
allRoundKeys[2040] 0.0952 42.4632
allRoundKeys[2039] 0.2548 9.06593
allRoundKeys[2038] 0.1183 20.7101
allRoundKeys[2037] 0.2212 44.462
allRoundKeys[2036] 0.3626 20.4633
allRoundKeys[2035] 0.2254 7.84161
allRoundKeys[2034] 0.1981 42.0495
allRoundKeys[2033] 0.2163 49.5146
allRoundKeys[2032] 0.2086 0.671141
allRoundKeys[2031] 0.27265 23.8768
allRoundKeys[2030] 0.0889 23.0315
allRoundKeys[2029] 0.2296 38.1098
allRoundKeys[2028] 0.0686 35.7143
allRoundKeys[2027] 0.343 52.6531
allRoundKeys[2026] 0.1645 48.0851
allRoundKeys[2025] 0.2835 29.3827
allRoundKeys[2024] 0.21945 61.4035
allRoundKeys[2023] 0.0854 13.1148
allRoundKeys[2021] 0.2485 80.8451
allRoundKeys[2020] 0.2016 16.7907
allRoundKeys[2019] 0.4074 60.4811
allRoundKeys[2018] 0.2247 54.2056
allRoundKeys[2017] 0.1021 99.1185
allRoundKeys[2016] 0.4389 69.6286
allRoundKeys[2015] 0.19145 55.1449
allRoundKeys[2014] 0.2345 56.7164
allRoundKeys[2013] 0.3136 92.1875
allRoundKeys[2012] 0.3458 54.6559
allRoundKeys[2011] 0.3227 68.2213
allRoundKeys[2010] 0.33775 54.3005
allRoundKeys[2009] 0.34895 58.1244
allRoundKeys[2008] 0.2212 45.434
allRoundKeys[2007] 0.0623 20.2247
allRoundKeys[2006] 0.3584 59.1797
allRoundKeys[2005] 0.0476 75
allRoundKeys[2004] 0.2877 69.2214
allRoundKeys[2003] 0.31325 27.0391
allRoundKeys[2002] 0.3087 64.3991
allRoundKeys[2001] 0.4074 9.7079
allRoundKeys[2000] 0.2828 70.5446
allRoundKeys[1999] 0.1449 74.6377
allRoundKeys[1998] 0.168 23.3333
allRoundKeys[1997] 0.3185 29.011
allRoundKeys[1996] 0.2177 68.9711
allRoundKeys[1995] 0.3115 7.75281
allRoundKeys[1994] 0.0476 0
allRoundKeys[1993] 0.19215 17.8506
allRoundKeys[1992] 0.2569 34.3324
allRoundKeys[1991] 0.3108 51.8581
allRoundKeys[1990] 0.50015 69.979
allRoundKeys[1989] 0.2128 50.3289
allRoundKeys[1988] 0.4921 63.5846
allRoundKeys[1987] 0.31255 85.8903
allRoundKeys[1986] 0.3143 72.8285
allRoundKeys[1985] 0.2786 61.5578
allRoundKeys[1984] 0.1596 55.4825
allRoundKeys[1983] 0.2681 69.9739
allRoundKeys[1982] 0.329 45.3191
allRoundKeys[1981] 0.2527 21.3296
allRoundKeys[1980] 0.35 66.4
allRoundKeys[1979] 0.357 51.0784
allRoundKeys[1978] 0.588 68.5714
allRoundKeys[1977] 0.2821 62.1588
allRoundKeys[1976] 0.2842 58.4975
allRoundKeys[1975] 0.2744 47.3852
allRoundKeys[1974] 0.0756 100
allRoundKeys[1973] 0.2842 42.1182
allRoundKeys[1972] 0.2954 69.4313
allRoundKeys[1971] 0.2919 19.6043
allRoundKeys[1970] 0.3822 41.8498
allRoundKeys[1969] 0.2877 77.0073
allRoundKeys[1968] 0.2478 50.4237
allRoundKeys[1967] 0.25445 30.7821
allRoundKeys[1966] 0.0854 35.2459
allRoundKeys[1965] 0.1015 50.1724
allRoundKeys[1964] 0.3346 73.6402
allRoundKeys[1963] 0.27335 52.1127
allRoundKeys[1961] 0.3157 40.3548
allRoundKeys[1960] 0.3143 10.9131
allRoundKeys[1959] 0.2611 37.8016
allRoundKeys[1958] 0.2814 67.5373
allRoundKeys[1957] 0.35245 22.0457
allRoundKeys[1956] 0.2443 81.9484
allRoundKeys[1955] 0.2478 79.096
allRoundKeys[1954] 0.287 63.2927
allRoundKeys[1953] 0.0658 37.234
allRoundKeys[1952] 0.20265 68.0484
allRoundKeys[1951] 0.2163 92.0712
allRoundKeys[1950] 0.2576 60.8696
allRoundKeys[1949] 0.168 36.25
allRoundKeys[1948] 0.3087 60.8844
allRoundKeys[1947] 0.4074 32.0447
allRoundKeys[1946] 0.413 37.1186
allRoundKeys[1945] 0.3206 52.3082
allRoundKeys[1944] 0.3507 59.0818
allRoundKeys[1943] 0.4256 8.57613
allRoundKeys[1942] 0.3402 59.5679
allRoundKeys[1941] 0.1057 28.6424
allRoundKeys[1940] 0.27195 44.2728
allRoundKeys[1939] 0.364 43.3654
allRoundKeys[1938] 0.1512 32.2917
allRoundKeys[1937] 0.0658 100
allRoundKeys[1936] 0.399 26.4035
allRoundKeys[1935] 0.4004 32.6923
allRoundKeys[1934] 0.0819 52.3199
allRoundKeys[1933] 0.0399 0
allRoundKeys[1932] 0.3276 13.8889
allRoundKeys[1931] 0.3528 41.7659
allRoundKeys[1930] 0.322 46.4829
allRoundKeys[1929] 0.2611 63.2708
allRoundKeys[1928] 0.4221 49.5854
allRoundKeys[1927] 0.4935 72.6241
allRoundKeys[1926] 0.40145 43.6854
allRoundKeys[1925] 0.357 48.6275
allRoundKeys[1924] 0.16415 64.5294
allRoundKeys[1923] 0.0476 40.8088
allRoundKeys[1922] 0.31745 59.2062
allRoundKeys[1921] 0.1946 74.1906
allRoundKeys[1920] 0.3878 72.4085
allRoundKeys[1919] 0.0959 74.8175
allRoundKeys[1918] 0.53445 63.3923
allRoundKeys[1917] 0.112 48.5937
allRoundKeys[1916] 0.2156 2.27273
allRoundKeys[1915] 0.0882 0
allRoundKeys[1914] 0.1645 53.617
allRoundKeys[1913] 0.231 38.4848
allRoundKeys[1912] 0.041125 6.38298
allRoundKeys[1911] 0.191625 2.6484
allRoundKeys[1910] 0.1799 39.6887
allRoundKeys[1908] 0.2758 62.9442
allRoundKeys[1907] 0.24885 40.2954
allRoundKeys[1906] 0.19215 50.4554
allRoundKeys[1905] 0.1379 71.066
allRoundKeys[1904] 0.31955 76.6703
allRoundKeys[1903] 0.0686 11.7347
allRoundKeys[1902] 0.1022 51.3699
allRoundKeys[1901] 0.3528 32.6389
allRoundKeys[1900] 0.2779 54.534
allRoundKeys[1899] 0.2352 33.3333
allRoundKeys[1898] 0.1876 49.4403
allRoundKeys[1897] 0.1015 27.5862
allRoundKeys[1896] 0.0686 12.2449
allRoundKeys[1895] 0.273 67.5641
allRoundKeys[1894] 0.3171 22.8477
allRoundKeys[1893] 0.2492 53.0197
allRoundKeys[1892] 0.1295 84.8649
allRoundKeys[1891] 0.3094 50.3394
allRoundKeys[1890] 0.1239 61.1582
allRoundKeys[1889] 0.1148 41.311
allRoundKeys[1888] 0.0462 48.4848
allRoundKeys[1887] 0.1148 67.6829
allRoundKeys[1886] 0.24185 20.2605
allRoundKeys[1885] 0.2079 9.42761
allRoundKeys[1884] 0.23765 43.5935
allRoundKeys[1883] 0.3465 42.417
allRoundKeys[1882] 0.0476 45.5882
allRoundKeys[1881] 0.2555 69.4521
allRoundKeys[1880] 0.168 7.52976
allRoundKeys[1879] 0.5446 42.545
allRoundKeys[1878] 0.1946 27.6978
allRoundKeys[1877] 0.24085 46.7926
allRoundKeys[1876] 0.0693 68.1818
allRoundKeys[1875] 0.0476 31.25
allRoundKeys[1874] 0.0476 36.7647
allRoundKeys[1873] 0.0427 0.702576
allRoundKeys[1871] 0.1729 74.4939
allRoundKeys[1870] 0.24185 24.7467
allRoundKeys[1869] 0.1414 13.8614
allRoundKeys[1868] 0.3269 61.349
allRoundKeys[1867] 0.0399 0
allRoundKeys[1866] 0.3318 77.1097
allRoundKeys[1865] 0.2149 29.1531
allRoundKeys[1863] 0.13125 49.4095
allRoundKeys[1862] 0.0532 45.3947
allRoundKeys[1861] 0.1463 37.9187
allRoundKeys[1860] 0.2443 24.0688
allRoundKeys[1859] 0.231 27.5216
allRoundKeys[1858] 0.30625 50.6857
allRoundKeys[1857] 0.168 48.5417
allRoundKeys[1856] 0.2653 85.2243
allRoundKeys[1855] 0.1183 37.574
allRoundKeys[1854] 0.203 34.4828
allRoundKeys[1853] 0.28175 20.9317
allRoundKeys[1852] 0.3255 60.9677
allRoundKeys[1851] 0.329 51.0182
allRoundKeys[1850] 0.2044 44.6918
allRoundKeys[1849] 0.1911 39.011
allRoundKeys[1848] 0.0266 0
allRoundKeys[1847] 0.1939 58.8448
allRoundKeys[1846] 0.1372 41.9643
allRoundKeys[1845] 0.0742 47.8774
allRoundKeys[1844] 0.3332 53.834
allRoundKeys[1843] 0.203 57.1552
allRoundKeys[1842] 0.3514 69.9203
allRoundKeys[1841] 0.3241 69.0065
allRoundKeys[1840] 0.3822 57.6007
allRoundKeys[1839] 0.1281 96.1749
allRoundKeys[1838] 0.1085 34.8387
allRoundKeys[1837] 0.1911 84.6154
allRoundKeys[1836] 0.2898 43.6594
allRoundKeys[1835] 0.1414 61.0149
allRoundKeys[1834] 0.2884 41.1408
allRoundKeys[1833] 0.3248 16.3254
allRoundKeys[1832] 0.1729 44.1729
allRoundKeys[1831] 0.0476 13.9706
allRoundKeys[1830] 0.2576 72.2826
allRoundKeys[1829] 0.0728 100
allRoundKeys[1828] 0.3423 42.3313
allRoundKeys[1827] 0.2443 8.02292
allRoundKeys[1826] 0.0938 45.5224
allRoundKeys[1825] 0.2345 68.6567
allRoundKeys[1824] 0.441 85.5556
allRoundKeys[1823] 0.1876 33.7687
allRoundKeys[1822] 0.1939 49.4585
allRoundKeys[1821] 0.0742 60.6132
allRoundKeys[1820] 0.2919 0.61665
allRoundKeys[1819] 0.0133 71.0526
allRoundKeys[1818] 0.322 58.2609
allRoundKeys[1817] 0.4571 0.218771
allRoundKeys[1816] 0.168 76.6667
allRoundKeys[1815] 0.2212 31.4873
allRoundKeys[1814] 0.61565 29.5623
allRoundKeys[1813] 0.20265 65.1123
allRoundKeys[1812] 0.2961 68.6761
allRoundKeys[1811] 0.2044 45.2055
allRoundKeys[1810] 0.168 65.4167
allRoundKeys[1809] 0.3766 79.1822
allRoundKeys[1808] 0.30905 0
allRoundKeys[1807] 0.231 79.0909
allRoundKeys[1806] 0.1813 39.1892
allRoundKeys[1805] 0.1778 68.8976
allRoundKeys[1804] 0.3619 47.8723
allRoundKeys[1803] 0.31325 53.0726
allRoundKeys[1802] 0.4025 24
allRoundKeys[1801] 0.3521 31.9583
allRoundKeys[1800] 0.3171 33.7118
allRoundKeys[1799] 0.29435 69.4411
allRoundKeys[1798] 0.2345 8.95522
allRoundKeys[1797] 0.2786 73.6181
allRoundKeys[1796] 0.3241 57.5594
allRoundKeys[1795] 0.2793 44.9248
allRoundKeys[1794] 0.0476 1.47059
allRoundKeys[1793] 0.35945 45.667
allRoundKeys[1792] 0.3423 78.3231
allRoundKeys[1791] 0.1715 2.2449
allRoundKeys[1790] 0.4102 8.36177
allRoundKeys[1788] 0.3171 58.8852
allRoundKeys[1787] 0.35175 73.4968
allRoundKeys[1786] 0.2842 17.2414
allRoundKeys[1785] 0.33495 53.5528
allRoundKeys[1784] 0.2576 48.2337
allRoundKeys[1783] 0.41755 55.9933
allRoundKeys[1782] 0.22645 68.779
allRoundKeys[1780] 0.2709 13.5659
allRoundKeys[1779] 0.3598 6.76765
allRoundKeys[1778] 0.3423 58.2822
allRoundKeys[1777] 0.1512 80.5556
allRoundKeys[1776] 0.1813 21.6216
allRoundKeys[1775] 0.2443 26.0745
allRoundKeys[1774] 0.2842 45.6369
allRoundKeys[1773] 0.0133 0
allRoundKeys[1772] 0.2443 8.59599
allRoundKeys[1771] 0.0889 26.9685
allRoundKeys[1770] 0.2443 58.1662
allRoundKeys[1769] 0.12775 37.6712
allRoundKeys[1768] 0.2177 37.701
allRoundKeys[1767] 0.3136 12.5
allRoundKeys[1766] 0.25515 43.4156
allRoundKeys[1765] 0.2163 59.2233
allRoundKeys[1764] 0.42525 35.7202
allRoundKeys[1763] 0.3248 63.7931
allRoundKeys[1762] 0.2709 36.1203
allRoundKeys[1761] 0.3297 32.6964
allRoundKeys[1760] 0.1862 65.7895
allRoundKeys[1759] 0.3045 69.1954
allRoundKeys[1758] 0.34475 61.6244
allRoundKeys[1757] 0.1148 15.5488
allRoundKeys[1756] 0.09835 49.1103
allRoundKeys[1755] 0.2177 10.209
allRoundKeys[1754] 0.2786 19.3467
allRoundKeys[1753] 0.3458 62.5506
allRoundKeys[1752] 0.1645 13.617
allRoundKeys[1751] 0.3941 62.167
allRoundKeys[1750] 0.5432 61.5335
allRoundKeys[1749] 0.0266 0
allRoundKeys[1748] 0.2611 68.9008
allRoundKeys[1747] 0.3423 51.227
allRoundKeys[1746] 0.1148 78.6585
allRoundKeys[1745] 0.399 58.7719
allRoundKeys[1744] 0.3458 80.1619
allRoundKeys[1743] 0.3332 69.2227
allRoundKeys[1742] 0.2821 57.4442
allRoundKeys[1741] 0.28525 56.9325
allRoundKeys[1740] 0.3108 0.45045
allRoundKeys[1739] 0.294 58.8095
allRoundKeys[1738] 0.28245 71.0037
allRoundKeys[1737] 0.2905 20.8434
allRoundKeys[1736] 0.231 67.2727
allRoundKeys[1735] 0.1029 71.8173
allRoundKeys[1734] 0.4039 70.7106
allRoundKeys[1733] 0.2478 82.2034
allRoundKeys[1732] 0.105 39.6667
allRoundKeys[1731] 0.3423 3.57873
allRoundKeys[1730] 0.1708 27.6639
allRoundKeys[1729] 0.2429 83.5735
allRoundKeys[1728] 0.4921 66.9986
allRoundKeys[1727] 0.1484 64.5047
allRoundKeys[1726] 0.3024 56.8866
allRoundKeys[1725] 0.0742 6.60377
allRoundKeys[1724] 0.1743 19.4779
allRoundKeys[1723] 0.0462 53.7879
allRoundKeys[1722] 0.2562 28.5519
allRoundKeys[1721] 0.0868 71.371
allRoundKeys[1720] 0.2128 49.0954
allRoundKeys[1719] 0.0819 41.8803
allRoundKeys[1718] 0.1981 39.7527
allRoundKeys[1717] 0.0952 48.5294
allRoundKeys[1716] 0.259 54.3243
allRoundKeys[1715] 0.2821 53.7221
allRoundKeys[1714] 0.0861 88.6179
allRoundKeys[1713] 0.2093 22.5753
allRoundKeys[1712] 0.0882 55.5556
allRoundKeys[1711] 0.2954 27.9621
allRoundKeys[1710] 0.2072 69.0878
allRoundKeys[1709] 0.1911 79.4872
allRoundKeys[1708] 0.1344 83.5938
allRoundKeys[1707] 0.2023 56.9204
allRoundKeys[1706] 0.0854 82.7869
allRoundKeys[1705] 0.2177 52.7331
allRoundKeys[1704] 0.2828 15.0194
allRoundKeys[1703] 0.0686 64.2857
allRoundKeys[1702] 0.1351 50.5181
allRoundKeys[1701] 0.168 48.4375
allRoundKeys[1700] 0.41175 83.5944
allRoundKeys[1699] 0.2422 4.04624
allRoundKeys[1698] 0.224 39.5312
allRoundKeys[1697] 0.1148 69.3598
allRoundKeys[1696] 0.2408 58.4302
allRoundKeys[1695] 0.301 39.4352
allRoundKeys[1694] 0.2443 59.0258
allRoundKeys[1693] 0.26495 76.6182
allRoundKeys[1692] 0.30555 55.2119
allRoundKeys[1691] 0.0476 11.0294
allRoundKeys[1690] 0.2345 60.7463
allRoundKeys[1689] 0.3241 45.3564
allRoundKeys[1688] 0.4137 54.2301
allRoundKeys[1687] 0.34335 22.3242
allRoundKeys[1686] 0.2079 23.2323
allRoundKeys[1685] 0.32235 63.1922
allRoundKeys[1684] 0.2478 49.435
allRoundKeys[1683] 0.33005 80.4878
allRoundKeys[1682] 0.2079 37.8788
allRoundKeys[1681] 0.31185 82.1549
allRoundKeys[1680] 0.3213 68.3007
allRoundKeys[1679] 0.2975 84.4706
allRoundKeys[1678] 0.3472 64.4153
allRoundKeys[1677] 0.2842 31.5271
allRoundKeys[1676] 0.2744 57.398
allRoundKeys[1675] 0.2478 69.4915
allRoundKeys[1674] 0.2758 57.6142
allRoundKeys[1673] 0.115325 28.2246
allRoundKeys[1672] 0.2786 48.6809
allRoundKeys[1671] 0.3143 22.3274
allRoundKeys[1670] 0.3325 33.2331
allRoundKeys[1669] 0.2926 65.6699
allRoundKeys[1668] 0.3192 51.7544
allRoundKeys[1667] 0.0476 0
allRoundKeys[1666] 0.2842 64.6552
allRoundKeys[1665] 0.2611 66.4879
allRoundKeys[1664] 0.37205 46.4185
allRoundKeys[1663] 0.333375 11.4436
allRoundKeys[1662] 0.23695 56.8685
allRoundKeys[1661] 0.3759 27.7002
allRoundKeys[1660] 0.19215 19.9454
allRoundKeys[1659] 0.0819 36.9658
allRoundKeys[1658] 0.0476 30.8824
allRoundKeys[1657] 0.1582 68.1416
allRoundKeys[1656] 0.1015 39.8522
allRoundKeys[1655] 0.1015 45.8621
allRoundKeys[1654] 0.2506 66.2011
allRoundKeys[1653] 0.2891 24.1525
allRoundKeys[1652] 0.1946 36.1511
allRoundKeys[1651] 0.03935 26.1753
allRoundKeys[1650] 0.1743 43.2731
allRoundKeys[1649] 0.0889 1.5748
allRoundKeys[1648] 0.1281 37.1585
allRoundKeys[1647] 0.34545 33.507
allRoundKeys[1646] 0.33845 56.2048
allRoundKeys[1645] 0.066675 14.1732
allRoundKeys[1644] 0.056 52.5
allRoundKeys[1643] 0.07665 8.21918
allRoundKeys[1642] 0.1715 74.2857
allRoundKeys[1641] 0.224 7.1875
allRoundKeys[1640] 0.03675 37.2789
allRoundKeys[1639] 0.3521 31.3121
allRoundKeys[1638] 0.2044 18.4932
allRoundKeys[1637] 0.16905 42.029
allRoundKeys[1636] 0.2954 71.4455
allRoundKeys[1635] 0.1848 26.6098
allRoundKeys[1634] 0.0952 39.3382
allRoundKeys[1633] 0.238 20.063
allRoundKeys[1632] 0.28 56.75
allRoundKeys[1631] 0.0476 6.61765
allRoundKeys[1630] 0.2485 77.7465
allRoundKeys[1629] 0.1911 20.5128
allRoundKeys[1628] 0.23205 59.8793
allRoundKeys[1627] 0.308 58.1818
allRoundKeys[1626] 0.0133 0
allRoundKeys[1625] 0.2079 54.0404
allRoundKeys[1624] 0.3374 11.3071
allRoundKeys[1623] 0.1757 75.0996
allRoundKeys[1622] 0.3437 58.6558
allRoundKeys[1621] 0.2044 69.6918
allRoundKeys[1620] 0.315 63.1111
allRoundKeys[1619] 0.2261 13.0031
allRoundKeys[1618] 0.3948 32.4468
allRoundKeys[1617] 0.518 24.1216
allRoundKeys[1616] 0.3276 79.0598
allRoundKeys[1615] 0.3353 24.0084
allRoundKeys[1614] 0.1547 33.7104
allRoundKeys[1613] 0.24815 54.7955
allRoundKeys[1612] 0.2065 0
allRoundKeys[1611] 0.259 57.027
allRoundKeys[1610] 0.4354 61.9775
allRoundKeys[1609] 0.4046 68.0363
allRoundKeys[1608] 0.3507 48.0539
allRoundKeys[1607] 0.1183 59.7633
allRoundKeys[1606] 0.3654 77.2031
allRoundKeys[1605] 0.38045 43.8822
allRoundKeys[1604] 0.2177 14.4695
allRoundKeys[1603] 0.1085 35.3226
allRoundKeys[1602] 0.20265 39.2055
allRoundKeys[1601] 0.2212 49.0506
allRoundKeys[1600] 0.3234 77.2186
allRoundKeys[1599] 0.2142 68.7092
allRoundKeys[1598] 0.25935 68.074
allRoundKeys[1596] 0.1631 46.2446
allRoundKeys[1595] 0.0525 90.6667
allRoundKeys[1594] 0.1015 38.6207
allRoundKeys[1593] 0.287 79.5122
allRoundKeys[1592] 0.434 24.8387
allRoundKeys[1591] 0.35245 45.5809
allRoundKeys[1590] 0.1274 14.8352
allRoundKeys[1589] 0.1379 56.3452
allRoundKeys[1588] 0.3143 73.4967
allRoundKeys[1587] 0.3717 75.2354
allRoundKeys[1586] 0.3276 66.5598
allRoundKeys[1585] 0.3115 85.8427
allRoundKeys[1584] 0.29715 67.9623
allRoundKeys[1583] 0.1778 80.1181
allRoundKeys[1582] 0.0924 73.4848
allRoundKeys[1581] 0.1498 86.9159
allRoundKeys[1580] 0.2079 23.569
allRoundKeys[1579] 0.4389 33.8915
allRoundKeys[1578] 0.2611 79.4906
allRoundKeys[1577] 0.20265 7.77202
allRoundKeys[1576] 0.08715 8.43373
allRoundKeys[1575] 0.2877 81.2652
allRoundKeys[1574] 0.07665 44.2922
allRoundKeys[1573] 0.308 65.6818
allRoundKeys[1572] 0.3472 19.7581
allRoundKeys[1571] 0.2709 62.0155
allRoundKeys[1570] 0.0133 0
allRoundKeys[1569] 0.0854 7.78689
allRoundKeys[1568] 0.3283 53.3049
allRoundKeys[1567] 0.3241 55.5076
allRoundKeys[1566] 0.2709 13.5659
allRoundKeys[1565] 0.4102 55.7594
allRoundKeys[1564] 0.3374 13.0705
allRoundKeys[1563] 0.3108 6.30631
allRoundKeys[1562] 0.3073 36.5034
allRoundKeys[1561] 0.22925 40.3053
allRoundKeys[1560] 0.1645 73.617
allRoundKeys[1559] 0.3059 59.611
allRoundKeys[1558] 0.3423 67.0757
allRoundKeys[1557] 0.1155 59.697
allRoundKeys[1556] 0.3052 69.0367
allRoundKeys[1555] 0.3465 61.9192
allRoundKeys[1554] 0.2653 63.0607
allRoundKeys[1553] 0.4585 63.2061
allRoundKeys[1552] 0.2877 6.81265
allRoundKeys[1551] 0.3815 81.3761
allRoundKeys[1550] 0.3989 49.7932
allRoundKeys[1549] 0.231 89.3939
allRoundKeys[1548] 0.2226 19.1824
allRoundKeys[1547] 0.3318 76.1603
allRoundKeys[1546] 0.4613 65.8574
allRoundKeys[1545] 0.3367 43.1393
allRoundKeys[1544] 0.3409 48.3573
allRoundKeys[1543] 0.2856 63.9706
allRoundKeys[1542] 0.1946 67.2662
allRoundKeys[1541] 0.3472 76.0081
allRoundKeys[1540] 0.2751 65.2672
allRoundKeys[1539] 0.231 68.3333
allRoundKeys[1538] 0.2842 33.867
allRoundKeys[1537] 0.2709 60.7235
allRoundKeys[1536] 0.3535 61.7751
allRoundKeys[1535] 0.1428 0
allRoundKeys[1534] 0.168 53.0208
allRoundKeys[1533] 0.2807 40.399
allRoundKeys[1532] 0.1743 47.8916
allRoundKeys[1531] 0.22785 33.7942
allRoundKeys[1530] 0.0826 36.8644
allRoundKeys[1529] 0.3241 9.07127
allRoundKeys[1528] 0.2877 79.562
allRoundKeys[1527] 0.3815 67.8899
allRoundKeys[1526] 0.3675 23.9048
allRoundKeys[1525] 0.27405 44.189
allRoundKeys[1524] 0.2744 75
allRoundKeys[1523] 0.29155 44.2377
allRoundKeys[1522] 0.231 51.0606
allRoundKeys[1521] 0.0476 17.6471
allRoundKeys[1520] 0.03885 60.3604
allRoundKeys[1519] 0.4669 60.2324
allRoundKeys[1518] 1.57745 40.426
allRoundKeys[1517] 0.2576 62.3641
allRoundKeys[1516] 0.1757 41.1355
allRoundKeys[1515] 0.0476 0
allRoundKeys[1514] 0.1547 52.4887
allRoundKeys[1513] 0.4536 64.0818
allRoundKeys[1512] 0.27405 23.4355
allRoundKeys[1511] 0.3507 17.1657
allRoundKeys[1510] 0.1029 17.1769
allRoundKeys[1509] 0.2625 57
allRoundKeys[1508] 0.0658 70.2128
allRoundKeys[1507] 0.0133 0
allRoundKeys[1506] 0.357 0.784314
allRoundKeys[1505] 0.231 69.2424
allRoundKeys[1504] 0.1946 64.7482
allRoundKeys[1503] 0.0721 83.9806
allRoundKeys[1502] 0.2485 72.3944
allRoundKeys[1501] 0.2646 87.037
allRoundKeys[1500] 0.2814 39.3035
allRoundKeys[1499] 0.266 75.2632
allRoundKeys[1498] 0.231 36.2121
allRoundKeys[1497] 0.4326 40.979
allRoundKeys[1496] 0.1379 30.203
allRoundKeys[1495] 0.238 43.8235
allRoundKeys[1494] 0.0658 47.8723
allRoundKeys[1493] 0.2562 79.3716
allRoundKeys[1492] 0.2618 61.3636
allRoundKeys[1491] 0.1015 75.8621
allRoundKeys[1490] 0.0658 11.7021
allRoundKeys[1489] 0.1946 33.5432
allRoundKeys[1488] 0.3073 43.508
allRoundKeys[1487] 0.1015 13.4483
allRoundKeys[1486] 0.0686 50.5102
allRoundKeys[1485] 0.1484 26.4151
allRoundKeys[1484] 0.2212 51.4241
allRoundKeys[1483] 0.6594 45.9433
allRoundKeys[1482] 0.1582 7.07965
allRoundKeys[1481] 0.1148 28.6585
allRoundKeys[1480] 0.4088 60.1884
allRoundKeys[1479] 0.2709 51.1628
allRoundKeys[1478] 0.0658 77.6596
allRoundKeys[1477] 0.50085 78.1272
allRoundKeys[1476] 0.0658 11.1702
allRoundKeys[1475] 0.0805 0.434783
allRoundKeys[1474] 0.2709 62.7907
allRoundKeys[1473] 0.4676 74.1018
allRoundKeys[1472] 0.0693 57.5758
allRoundKeys[1471] 0.1365 51.5385
allRoundKeys[1470] 0.1638 64.3162
allRoundKeys[1469] 0.1141 48.773
allRoundKeys[1468] 0.6825 68.1026
allRoundKeys[1467] 0.3017 35.3828
allRoundKeys[1466] 0.5971 4.10317
allRoundKeys[1465] 0.2898 59.058
allRoundKeys[1464] 0.3108 41.1036
allRoundKeys[1463] 0.2485 27.2535
allRoundKeys[1462] 0.182 48.2692
allRoundKeys[1461] 0.0945 60.7407
allRoundKeys[1460] 0.1764 45.0397
allRoundKeys[1459] 0.1071 32.4463
allRoundKeys[1458] 0.553175 53.1477
allRoundKeys[1457] 0.4039 74.6101
allRoundKeys[1456] 0.1932 17.7536
allRoundKeys[1455] 0.0658 9.04255
allRoundKeys[1454] 0.2618 73.7968
allRoundKeys[1453] 0.26495 61.823
allRoundKeys[1452] 0.1743 54.0161
allRoundKeys[1451] 0.1596 54.4956
allRoundKeys[1450] 0.2667 41.9948
allRoundKeys[1449] 0.0882 11.9048
allRoundKeys[1448] 0.2807 16.9576
allRoundKeys[1447] 0.2555 62.6027
allRoundKeys[1445] 0.1582 62.8319
allRoundKeys[1444] 0.14245 48.4029
allRoundKeys[1443] 0.371 10.0943
allRoundKeys[1442] 0.1568 52.1684
allRoundKeys[1441] 0.3738 30.3371
allRoundKeys[1440] 0.2422 38.7283
allRoundKeys[1439] 0.1547 93.6652
allRoundKeys[1438] 0.4319 66.9368
allRoundKeys[1437] 0.3017 44.0835
allRoundKeys[1436] 0.0707 6.43564
allRoundKeys[1435] 0.24255 56.2771
allRoundKeys[1434] 0.3129 39.9888
allRoundKeys[1433] 0.2618 20.445
allRoundKeys[1432] 0.1771 53.0632
allRoundKeys[1431] 0.29785 52.5264
allRoundKeys[1430] 0.0658 76.3298
allRoundKeys[1429] 0.0819 26.9231
allRoundKeys[1428] 0.3024 43.1713
allRoundKeys[1427] 0.098 58.9286
allRoundKeys[1425] 0.2555 3.83562
allRoundKeys[1424] 0.237825 1.28246
allRoundKeys[1423] 0.2443 16.3119
allRoundKeys[1422] 0.1533 39.4977
allRoundKeys[1421] 0.1827 71.1686
allRoundKeys[1420] 0.2569 63.3515
allRoundKeys[1419] 0.4683 49.7758
allRoundKeys[1418] 0.1547 32.3529
allRoundKeys[1417] 0.33705 63.9668
allRoundKeys[1416] 0.2415 13.9959
allRoundKeys[1415] 0.2513 79.6657
allRoundKeys[1414] 0.09415 23.4201
allRoundKeys[1413] 0.5677 72.7057
allRoundKeys[1412] 0.14315 37.8973
allRoundKeys[1411] 0.0686 0
allRoundKeys[1410] 0.2443 50
allRoundKeys[1409] 0.3605 74.5631
allRoundKeys[1408] 0.045675 35.3585
allRoundKeys[1407] 0.1246 7.58427
allRoundKeys[1406] 0.1211 25.4748
allRoundKeys[1405] 0.0819 94.0171
allRoundKeys[1404] 0.308 32.7273
allRoundKeys[1403] 0.1715 77.1429
allRoundKeys[1402] 0.1022 66.4384
allRoundKeys[1401] 0.1911 35.348
allRoundKeys[1400] 0.1743 34.0361
allRoundKeys[1399] 0.2086 78.3557
allRoundKeys[1398] 0.1078 77.2727
allRoundKeys[1397] 0.1603 65.5334
allRoundKeys[1396] 0.1841 31.654
allRoundKeys[1395] 0.1547 31.2217
allRoundKeys[1394] 0.0658 18.617
allRoundKeys[1393] 0.1085 72.9032
allRoundKeys[1392] 0.2821 68.3623
allRoundKeys[1391] 0.1582 28.3186
allRoundKeys[1390] 0.1869 31.8352
allRoundKeys[1389] 0.1218 58.7644
allRoundKeys[1388] 0.0861 88.6179
allRoundKeys[1387] 0.1442 33.2524
allRoundKeys[1386] 0.2821 9.92556
allRoundKeys[1385] 0.1778 22.0472
allRoundKeys[1384] 0.0658 47.8723
allRoundKeys[1383] 0.2835 58.3951
allRoundKeys[1382] 0.1827 68.5824
allRoundKeys[1381] 0.308 81.9318
allRoundKeys[1380] 0.1148 64.0244
allRoundKeys[1378] 0.4074 64.2612
allRoundKeys[1377] 0.24885 65.6821
allRoundKeys[1376] 0.1148 61.2805
allRoundKeys[1375] 0.0742 13.2075
allRoundKeys[1374] 0.2653 79.8153
allRoundKeys[1373] 0.2632 63.2979
allRoundKeys[1372] 0.1911 17.3993
allRoundKeys[1371] 0.09835 21.1998
allRoundKeys[1370] 0.2422 48.2659
allRoundKeys[1369] 0.4144 46.0726
allRoundKeys[1368] 0.1197 30.9942
allRoundKeys[1367] 0.0686 78.5714
allRoundKeys[1366] 0.4004 45.4545
allRoundKeys[1364] 0.259 66.3514
allRoundKeys[1363] 0.1085 45.8065
allRoundKeys[1362] 0.1981 6.5371
allRoundKeys[1361] 0.2352 48.6607
allRoundKeys[1360] 0.252 3.7996
allRoundKeys[1359] 0.274575 50.9424
allRoundKeys[1358] 0.14035 37.6559
allRoundKeys[1357] 0.03675 30.4762
allRoundKeys[1356] 0.2485 55.4728
allRoundKeys[1355] 0.0952 45.2206
allRoundKeys[1354] 0.1379 47.7157
allRoundKeys[1353] 0.24885 9.2827
allRoundKeys[1352] 0.1778 40.3543
allRoundKeys[1351] 0.2303 20.0608
allRoundKeys[1350] 0.1148 36.2805
allRoundKeys[1349] 0.1218 11.2069
allRoundKeys[1348] 0.0427 100
allRoundKeys[1347] 0.175 5
allRoundKeys[1346] 0.2177 22.1061
allRoundKeys[1345] 0.1148 36.2805
allRoundKeys[1344] 0.2247 59.9688
allRoundKeys[1343] 0.126 51.6667
allRoundKeys[1342] 0.1561 68.3857
allRoundKeys[1341] 0.1015 34.4828
allRoundKeys[1340] 0.2009 27.5261
allRoundKeys[1339] 0.24185 79.7395
allRoundKeys[1337] 0.1449 44.2029
allRoundKeys[1336] 0.3339 9.43396
allRoundKeys[1335] 0.3073 58.0866
allRoundKeys[1334] 0.231 71.0606
allRoundKeys[1333] 0.2744 62.5
allRoundKeys[1332] 0.2142 60.1307
allRoundKeys[1331] 0.3073 91.344
allRoundKeys[1330] 0.2114 58.2781
allRoundKeys[1329] 0.2842 43.8424
allRoundKeys[1328] 0.1778 71.2598
allRoundKeys[1327] 0.3591 80.8967
allRoundKeys[1326] 0.2583 53.1843
allRoundKeys[1325] 0.18235 34.5489
allRoundKeys[1324] 0.2044 28.2534
allRoundKeys[1323] 0.2464 72.1591
allRoundKeys[1322] 0.1876 64.9254
allRoundKeys[1321] 0.294 75.9524
allRoundKeys[1320] 0.58905 83.7195
allRoundKeys[1319] 0.1449 75.6039
allRoundKeys[1318] 0.2905 37.9518
allRoundKeys[1317] 0.34335 43.527
allRoundKeys[1316] 0.1463 41.1483
allRoundKeys[1315] 0.3304 78.6017
allRoundKeys[1314] 0.2107 31.2292
allRoundKeys[1313] 0.2247 64.0187
allRoundKeys[1312] 0.3493 35.0701
allRoundKeys[1311] 0.4438 45.2681
allRoundKeys[1310] 0.154 19.0909
allRoundKeys[1309] 0.24675 65.0557
allRoundKeys[1308] 0.2394 60.5994
allRoundKeys[1307] 0.1645 7.02128
allRoundKeys[1306] 0.3724 50.6109
allRoundKeys[1305] 0.2492 49.0169
allRoundKeys[1304] 0.1946 48.0987
allRoundKeys[1303] 0.2751 66.5394
allRoundKeys[1302] 0.4333 66.6397
allRoundKeys[1301] 0.2177 77.0096
allRoundKeys[1300] 0.2478 78.2486
allRoundKeys[1299] 0.357 60.3992
allRoundKeys[1298] 0.2443 61.8911
allRoundKeys[1297] 0.39165 84.4504
allRoundKeys[1296] 0.2926 58.9713
allRoundKeys[1295] 0.3654 40.8046
allRoundKeys[1294] 0.231 61.8182
allRoundKeys[1293] 0.0399 0
allRoundKeys[1292] 0.2744 43.75
allRoundKeys[1291] 0.3325 48.6316
allRoundKeys[1290] 0.2702 32.1244
allRoundKeys[1289] 0.3164 12.3894
allRoundKeys[1288] 0.3094 51.3575
allRoundKeys[1287] 0.1183 24.8521
allRoundKeys[1286] 0.43085 88.1397
allRoundKeys[1285] 0.2611 61.126
allRoundKeys[1284] 0.2345 67.7612
allRoundKeys[1283] 0.25445 78.542
allRoundKeys[1282] 0.2177 57.2347
allRoundKeys[1281] 0.1162 59.3373
allRoundKeys[1280] 0.29505 80.0712
allRoundKeys[1279] 0.1694 10.9504
allRoundKeys[1278] 0.2247 23.3645
allRoundKeys[1277] 0.1484 37.5
allRoundKeys[1276] 0.238 72.7941
allRoundKeys[1275] 0.2352 64.5833
allRoundKeys[1274] 0.2247 9.19003
allRoundKeys[1273] 0.2289 0
allRoundKeys[1272] 0.4263 77.2578
allRoundKeys[1271] 0.07595 25.8065
allRoundKeys[1270] 0.3815 2.56881
allRoundKeys[1269] 0.1645 0
allRoundKeys[1268] 0.273 55.8333
allRoundKeys[1267] 0.3017 57.0766
allRoundKeys[1266] 0.1015 57.931
allRoundKeys[1265] 0.0686 64.2857
allRoundKeys[1264] 0.2597 39.6226
allRoundKeys[1263] 0.42945 46.4955
allRoundKeys[1262] 0.08015 52.8384
allRoundKeys[1261] 0.1715 34.4898
allRoundKeys[1260] 0.238 0
allRoundKeys[1259] 0.28105 36.924
allRoundKeys[1258] 0.3157 55.9313
allRoundKeys[1257] 0.1379 46.066
allRoundKeys[1256] 0.2632 8.7766
allRoundKeys[1255] 0.1547 37.5566
allRoundKeys[1254] 0.0707 29.4554
allRoundKeys[1253] 0.105 59.3333
allRoundKeys[1252] 0.03675 42.7211
allRoundKeys[1251] 0.0868 66.129
allRoundKeys[1250] 0.2422 65.0289
allRoundKeys[1249] 0.4417 47.7813
allRoundKeys[1248] 0.0819 44.8718
allRoundKeys[1247] 0.2422 59.104
allRoundKeys[1246] 0.1778 44.685
allRoundKeys[1245] 0.2576 66.0326
allRoundKeys[1244] 0.2975 14.8235
allRoundKeys[1243] 0.1449 71.256
allRoundKeys[1242] 0.35595 58.6037
allRoundKeys[1241] 0.2821 66.3772
allRoundKeys[1240] 0.1645 46.4894
allRoundKeys[1239] 0.105 67.3333
allRoundKeys[1238] 0.1981 80.212
allRoundKeys[1236] 0.2821 65.8809
allRoundKeys[1235] 0.1064 73.0263
allRoundKeys[1234] 0.0658 70.2128
allRoundKeys[1233] 0.0903 83.7209
allRoundKeys[1232] 0.6125 81.6
allRoundKeys[1231] 0.1484 38.2075
allRoundKeys[1230] 0.3297 45.276
allRoundKeys[1229] 0.2555 66.5753
allRoundKeys[1228] 0.2576 20.3804
allRoundKeys[1227] 0.2107 2.32558
allRoundKeys[1226] 0.1512 11.3426
allRoundKeys[1225] 0.0924 5.30303
allRoundKeys[1224] 0.38045 68.8592
allRoundKeys[1223] 0.2156 86.8506
allRoundKeys[1222] 0.1582 66.1504
allRoundKeys[1221] 0.854 72.2541
allRoundKeys[1220] 0.1981 79.8587
allRoundKeys[1219] 0.168 64.5833
allRoundKeys[1218] 0.2919 55.6355
allRoundKeys[1217] 0.1645 83.8298
allRoundKeys[1216] 0.2863 59.2298
allRoundKeys[1215] 0.24045 71.4702
allRoundKeys[1213] 0.2709 24.6124
allRoundKeys[1212] 0.3178 8.81057
allRoundKeys[1211] 0.231 55.9848
allRoundKeys[1210] 0.105 35.8333
allRoundKeys[1209] 0.231 57.1212
allRoundKeys[1208] 0.3556 37.7953
allRoundKeys[1207] 0.18865 30.7978
allRoundKeys[1206] 0.2443 18.0516
allRoundKeys[1205] 0.1295 0
allRoundKeys[1204] 0.2982 63.1455
allRoundKeys[1203] 0.2919 1.67866
allRoundKeys[1202] 0.308 64.3182
allRoundKeys[1201] 0.2982 63.8498
allRoundKeys[1200] 0.2345 37.6119
allRoundKeys[1199] 0.0826 85.5932
allRoundKeys[1198] 0.1414 27.5813
allRoundKeys[1197] 0.2079 67.0034
allRoundKeys[1196] 0.2604 12.2312
allRoundKeys[1195] 0.3423 56.6462
allRoundKeys[1194] 0.3283 80.597
allRoundKeys[1193] 0.0133 81.5789
allRoundKeys[1192] 0.2702 67.3575
allRoundKeys[1191] 0.0476 25.7353
allRoundKeys[1190] 0.19215 31.8761
allRoundKeys[1189] 0.2261 62.8483
allRoundKeys[1188] 0.2051 76.1092
allRoundKeys[1187] 0.23205 47.0588
allRoundKeys[1185] 0.2527 78.6704
allRoundKeys[1184] 0.3017 66.8213
allRoundKeys[1183] 0.1449 82.6087
allRoundKeys[1182] 0.1057 55.9603
allRoundKeys[1181] 0.2387 80.4566
allRoundKeys[1180] 0.3073 32.574
allRoundKeys[1179] 0.1183 65.0888
allRoundKeys[1178] 0.3801 68.7845
allRoundKeys[1177] 0.2744 45.4082
allRoundKeys[1176] 0.0791 18.3628
allRoundKeys[1175] 0.0462 36.3636
allRoundKeys[1174] 0.84315 10.4578
allRoundKeys[1173] 0.20755 47.5066
allRoundKeys[1172] 0.3976 67.3415
allRoundKeys[1171] 0.44835 33.8798
allRoundKeys[1170] 0.1015 53.1034
allRoundKeys[1169] 0.12425 75.7746
allRoundKeys[1168] 0.0658 53.9894
allRoundKeys[1167] 0.2625 66
allRoundKeys[1166] 0.29715 21.0836
allRoundKeys[1165] 0.1617 10.6061
allRoundKeys[1164] 0.106925 58.4288
allRoundKeys[1163] 0.231 54.2424
allRoundKeys[1162] 0.0924 24.6212
allRoundKeys[1161] 0.3101 45.9932
allRoundKeys[1160] 0.5439 37.9022
allRoundKeys[1159] 0.105 21
allRoundKeys[1158] 0.0952 27.0221
allRoundKeys[1157] 0.2247 50.6231
allRoundKeys[1156] 0.3045 51.1494
allRoundKeys[1155] 0.1582 64.6018
allRoundKeys[1154] 0.4613 64.4158
allRoundKeys[1153] 0.40985 66.8659
allRoundKeys[1152] 0.1785 70.5882
allRoundKeys[1151] 0.2478 72.7401
allRoundKeys[1150] 0.2688 46.4844
allRoundKeys[1149] 0.3458 74.6964
allRoundKeys[1148] 0.1778 44.6991
allRoundKeys[1147] 0.1946 54.1367
allRoundKeys[1146] 0.056 82.5
allRoundKeys[1144] 0.3052 47.3624
allRoundKeys[1143] 0.1778 45.6693
allRoundKeys[1142] 0.1183 45.5621
allRoundKeys[1141] 0.439775 56.8643
allRoundKeys[1140] 0.1344 45.1823
allRoundKeys[1139] 0.1449 16.4251
allRoundKeys[1138] 0.2212 46.9937
allRoundKeys[1137] 0.105 81.3333
allRoundKeys[1136] 0.2149 61.4007
allRoundKeys[1135] 0.3374 23.9627
allRoundKeys[1134] 0.2884 58.2524
allRoundKeys[1133] 0.067725 75.1938
allRoundKeys[1132] 0.2842 0
allRoundKeys[1130] 0.343 73.0612
allRoundKeys[1129] 0.13545 58.4533
allRoundKeys[1128] 0.1281 61.7486
allRoundKeys[1127] 0.2345 83.2836
allRoundKeys[1126] 0.3108 51.5766
allRoundKeys[1125] 0.462 28.6364
allRoundKeys[1124] 0.0994 99.2958
allRoundKeys[1123] 0.2079 15.4882
allRoundKeys[1122] 0.1386 33.8384
allRoundKeys[1121] 0.3059 55.6064
allRoundKeys[1120] 0.3024 64.8148
allRoundKeys[1119] 0.2856 76.2255
allRoundKeys[1118] 0.2625 70.1333
allRoundKeys[1117] 0.2667 23.2283
allRoundKeys[1116] 0.2156 2.11039
allRoundKeys[1115] 0.36575 47.3684
allRoundKeys[1114] 0.24255 1.2987
allRoundKeys[1113] 0.2702 40.285
allRoundKeys[1112] 0.31745 68.0265
allRoundKeys[1111] 0.2751 52.6718
allRoundKeys[1110] 0.2226 53.066
allRoundKeys[1109] 0.1022 76.3699
allRoundKeys[1108] 0.336 32.1875
allRoundKeys[1107] 0.1015 80.6897
allRoundKeys[1106] 0.1827 23.5632
allRoundKeys[1105] 0.2513 61.4206
allRoundKeys[1104] 0.2856 73.0392
allRoundKeys[1103] 0.168 63.4375
allRoundKeys[1102] 0.1792 0
allRoundKeys[1101] 0.2688 1.82292
allRoundKeys[1100] 0.1183 57.2485
allRoundKeys[1099] 0.3038 56.2212
allRoundKeys[1098] 0.1064 58.5526
allRoundKeys[1097] 0.2926 57.0574
allRoundKeys[1096] 0.2023 56.2284
allRoundKeys[1095] 0.1645 86.1702
allRoundKeys[1094] 0.2359 68.2811
allRoundKeys[1093] 0.3444 75.1016
allRoundKeys[1092] 0.1568 69.9936
allRoundKeys[1091] 0.1533 59.3607
allRoundKeys[1090] 0.2422 62.8613
allRoundKeys[1089] 0.33985 49.8455
allRoundKeys[1088] 0.1414 70.6683
allRoundKeys[1087] 0.15715 72.1604
allRoundKeys[1086] 0.05005 27.2727
allRoundKeys[1085] 0.161 48.2609
allRoundKeys[1084] 0.1708 2.86885
allRoundKeys[1083] 0.2352 49.7343
allRoundKeys[1082] 0.2709 16.2791
allRoundKeys[1081] 0.3654 39.4636
allRoundKeys[1080] 0.2058 72.1088
allRoundKeys[1079] 0.7049 60.3561
allRoundKeys[1078] 0.2604 34.7446
allRoundKeys[1077] 0.2282 64.2638
allRoundKeys[1076] 0.2023 73.3564
allRoundKeys[1075] 0.1449 81.6425
allRoundKeys[1074] 0.2352 55.7292
allRoundKeys[1073] 0.217 66.6129
allRoundKeys[1072] 0.2842 28.633
allRoundKeys[1071] 0.2086 74.3289
allRoundKeys[1070] 0.2485 63.662
allRoundKeys[1069] 0.1876 77.6119
allRoundKeys[1068] 0.1183 75.1479
allRoundKeys[1067] 0.2156 59.7403
allRoundKeys[1066] 0.2436 82.9433
allRoundKeys[1065] 0.19355 72.3327
allRoundKeys[1064] 0.1183 57.3964
allRoundKeys[1063] 0.3087 57.4263
allRoundKeys[1062] 0.1148 17.0732
allRoundKeys[1061] 0.2191 0
allRoundKeys[1060] 0.2576 51.4946
allRoundKeys[1059] 0.2401 64.2128
allRoundKeys[1058] 0.1645 40.4255
allRoundKeys[1057] 0.1232 78.4091
allRoundKeys[1056] 0.1561 46.861
allRoundKeys[1055] 0.1337 53.4031
allRoundKeys[1054] 0.2401 31.414
allRoundKeys[1053] 0.2023 4.84429
allRoundKeys[1052] 0.1883 29.8327
allRoundKeys[1051] 0.2044 9.58904
allRoundKeys[1050] 0.2646 62.963
allRoundKeys[1049] 0.3017 76.7981
allRoundKeys[1048] 0.2758 70.8122
allRoundKeys[1047] 0.19565 42.0394
allRoundKeys[1046] 0.1582 81.4159
allRoundKeys[1045] 0.09275 12.0216
allRoundKeys[1044] 0.2961 0
allRoundKeys[1043] 0.2177 56.8328
allRoundKeys[1042] 0.1715 51.0204
allRoundKeys[1041] 0.1085 21.4747
allRoundKeys[1040] 0.3493 37.3747
allRoundKeys[1039] 0.1575 42.4444
allRoundKeys[1038] 0.0735 4.28571
allRoundKeys[1037] 0.2989 85.2459
allRoundKeys[1036] 0.19565 57.424
allRoundKeys[1035] 0.1778 74.4094
allRoundKeys[1034] 0.238175 65.687
allRoundKeys[1033] 0.2359 51.9288
allRoundKeys[1032] 0.3031 26.9053
allRoundKeys[1031] 0.0462 40.9091
allRoundKeys[1030] 0.2023 68.4256
allRoundKeys[1029] 0.0819 34.188
allRoundKeys[1028] 0.2695 57.4026
allRoundKeys[1027] 0.084 45
allRoundKeys[1026] 0.2548 54.6703
allRoundKeys[1025] 0.553 53.1013
allRoundKeys[1024] 0.2901 9.65184
allRoundKeys[1023] 0.34895 92.3771
allRoundKeys[1022] 0.3003 51.7483
allRoundKeys[1021] 0.0476 38.2353
allRoundKeys[1020] 0.1036 26.6409
allRoundKeys[1019] 0.2744 51.2755
allRoundKeys[1018] 0.2653 16.095
allRoundKeys[1017] 0.27615 61.1534
allRoundKeys[1016] 0.2576 57.8804
allRoundKeys[1015] 0.3157 27.4945
allRoundKeys[1014] 0.3927 53.6542
allRoundKeys[1013] 0.2954 61.1374
allRoundKeys[1012] 0.3752 62.5
allRoundKeys[1011] 0.315 59.8889
allRoundKeys[1010] 0.161 75.8696
allRoundKeys[1009] 0.21525 46.0976
allRoundKeys[1008] 0.2821 66.7494
allRoundKeys[1007] 0.66325 12.0844
allRoundKeys[1006] 0.3542 6.62055
allRoundKeys[1005] 0.246225 81.1656
allRoundKeys[1004] 0.0889 58.6614
allRoundKeys[1003] 0.203 22.931
allRoundKeys[1002] 0.3885 66.7568
allRoundKeys[1001] 0.2954 62.7962
allRoundKeys[1000] 0.0875 13.2
allRoundKeys[999] 0.2842 70.936
allRoundKeys[998] 0.4214 30.1495
allRoundKeys[997] 0.2898 68.3575
allRoundKeys[996] 0.2807 54.4888
allRoundKeys[995] 0.0742 35.8491
allRoundKeys[994] 0.2429 47.1902
allRoundKeys[993] 0.1498 75.1168
allRoundKeys[992] 0.21525 31.3473
allRoundKeys[991] 0.4844 63.4393
allRoundKeys[990] 0.1547 14.0271
allRoundKeys[989] 0.0826 42.3123
allRoundKeys[988] 0.2842 66.7488
allRoundKeys[987] 0.2485 32.1127
allRoundKeys[986] 0.3577 1.66341
allRoundKeys[985] 0.3507 10.8782
allRoundKeys[984] 0.70735 71.7007
allRoundKeys[983] 0.1981 10.2473
allRoundKeys[982] 0.2282 50.9202
allRoundKeys[981] 0.3829 19.1956
allRoundKeys[980] 0.30835 52.0431
allRoundKeys[979] 0.23205 50.9804
allRoundKeys[978] 0.3171 43.6534
allRoundKeys[977] 0.3815 70.6422
allRoundKeys[976] 0.3507 67.6647
allRoundKeys[975] 0.23415 58.4454
allRoundKeys[974] 0.31535 70.3266
allRoundKeys[973] 0.2457 48.0769
allRoundKeys[972] 0.4354 6.339
allRoundKeys[970] 0.3542 50.9881
allRoundKeys[969] 0.231 56.8182
allRoundKeys[968] 0.868 68.7097
allRoundKeys[967] 0.3633 24.3256
allRoundKeys[966] 0.1995 29.0351
allRoundKeys[965] 0.56735 71.4991
allRoundKeys[964] 0.0427 26.6393
allRoundKeys[963] 0.2835 72.3457
allRoundKeys[962] 0.2443 56.1605
allRoundKeys[961] 0.3059 68.4211
allRoundKeys[960] 0.0826 44.0678
allRoundKeys[959] 0.37345 66.0731
allRoundKeys[958] 0.4452 19.4969
allRoundKeys[957] 0.37765 1.99259
allRoundKeys[956] 0.3087 56.0091
allRoundKeys[954] 0.2359 45.1039
allRoundKeys[953] 0.1211 2.60116
allRoundKeys[952] 0.0756 61.5741
allRoundKeys[951] 0.3283 79.1045
allRoundKeys[950] 0.3633 76.2042
allRoundKeys[949] 0.1778 19.2913
allRoundKeys[948] 0.4984 91.1517
allRoundKeys[947] 0.2933 7.93556
allRoundKeys[946] 0.3143 84.4098
allRoundKeys[945] 0.5082 61.0193
allRoundKeys[944] 0.1414 6.55941
allRoundKeys[943] 0.3738 14.0583
allRoundKeys[942] 0.301 39.0698
allRoundKeys[941] 0.2786 53.8945
allRoundKeys[940] 0.1596 57.8947
allRoundKeys[939] 0.1449 71.4976
allRoundKeys[938] 0.2079 67.0034
allRoundKeys[937] 0.3472 61.996
allRoundKeys[936] 0.1624 40.5172
allRoundKeys[935] 0.2576 30.7745
allRoundKeys[934] 0.3997 68.9142
allRoundKeys[933] 0.4088 62.7997
allRoundKeys[932] 0.3738 55.618
allRoundKeys[931] 0.2541 55.6474
allRoundKeys[930] 0.16275 61.0753
allRoundKeys[929] 0.1148 31.5549
allRoundKeys[928] 0.3108 31.5315
allRoundKeys[927] 0.231 72.1212
allRoundKeys[926] 0.04725 27.4074
allRoundKeys[925] 0.2212 8.86076
allRoundKeys[924] 0.1547 25.7919
allRoundKeys[923] 0.2212 66.2975
allRoundKeys[921] 0.2212 75.6329
allRoundKeys[920] 0.2443 49.0688
allRoundKeys[919] 0.3542 62.6482
allRoundKeys[918] 0.0854 77.0492
allRoundKeys[917] 0.36015 8.37845
allRoundKeys[916] 0.3017 65.8933
allRoundKeys[915] 0.3787 42.4214
allRoundKeys[914] 0.24185 39.3632
allRoundKeys[913] 0.308 84.2045
allRoundKeys[912] 0.2688 74.8698
allRoundKeys[911] 0.16695 53.4292
allRoundKeys[910] 0.0721 43.6893
allRoundKeys[909] 0.24535 52.9244
allRoundKeys[908] 0.2345 38.9552
allRoundKeys[907] 0.2443 44.6991
allRoundKeys[906] 0.4144 75.7601
allRoundKeys[905] 0.23205 66.5158
allRoundKeys[904] 0.2443 63.6103
allRoundKeys[903] 0.2919 87.0504
allRoundKeys[902] 0.2576 73.3696
allRoundKeys[901] 0.133 62.3684
allRoundKeys[900] 0.21595 73.6629
allRoundKeys[899] 0.2212 68.9873
allRoundKeys[898] 0.2149 73.2899
allRoundKeys[897] 0.2814 34.5771
allRoundKeys[896] 0.3332 63.6555
allRoundKeys[895] 0.2856 55.5147
allRoundKeys[894] 0.2219 51.1041
allRoundKeys[893] 0.3675 60.7619
allRoundKeys[892] 0.1085 22.0968
allRoundKeys[891] 0.0819 64.7436
allRoundKeys[890] 0.36015 27.5024
allRoundKeys[889] 0.3304 1.27119
allRoundKeys[888] 0.3661 66.1568
allRoundKeys[887] 0.2968 71.4623
allRoundKeys[886] 0.2313 1.37268
allRoundKeys[885] 0.1911 41.6667
allRoundKeys[884] 0.238 0.588235
allRoundKeys[883] 0.056 59.375
allRoundKeys[882] 0.2345 49.7015
allRoundKeys[881] 0.3178 3.0837
allRoundKeys[880] 0.2058 53.5714
allRoundKeys[879] 0.3486 21.8373
allRoundKeys[878] 0.1155 37.8788
allRoundKeys[877] 0.1582 24.7788
allRoundKeys[876] 0.105 32.3333
allRoundKeys[875] 0.1127 29.3478
allRoundKeys[874] 0.08015 6.11354
allRoundKeys[873] 0.231 48.7879
allRoundKeys[872] 0.21595 1.70178
allRoundKeys[871] 0.03675 35.102
allRoundKeys[870] 0.2128 51.727
allRoundKeys[869] 0.2156 73.539
allRoundKeys[868] 0.1533 68.0365
allRoundKeys[867] 0.1246 36.236
allRoundKeys[866] 0.2471 66.8555
allRoundKeys[865] 0.0707 49.2574
allRoundKeys[864] 0.3941 56.3055
allRoundKeys[863] 0.3024 39.7569
allRoundKeys[862] 0.2688 74.6094
allRoundKeys[861] 0.2821 93.0521
allRoundKeys[860] 0.26425 57.0861
allRoundKeys[859] 0.29785 64.5123
allRoundKeys[858] 0.2975 6.35294
allRoundKeys[857] 0.3381 58.4886
allRoundKeys[856] 0.2919 75.8993
allRoundKeys[855] 0.1778 66.9291
allRoundKeys[854] 0.2982 63.9671
allRoundKeys[853] 0.2688 62.3698
allRoundKeys[852] 0.3542 63.1423
allRoundKeys[851] 0.35 47.9
allRoundKeys[850] 0.2569 18.8011
allRoundKeys[849] 0.2751 60.8142
allRoundKeys[848] 0.28455 73.1242
allRoundKeys[847] 0.308 10.9091
allRoundKeys[846] 0.3066 34.4749
allRoundKeys[845] 0.3213 8.7146
allRoundKeys[844] 0.1911 25.0916
allRoundKeys[843] 0.4347 43.9614
allRoundKeys[842] 0.22855 55.2833
allRoundKeys[841] 0.3416 68.4426
allRoundKeys[840] 0.4263 42.775
allRoundKeys[839] 0.1414 54.5792
allRoundKeys[838] 0.3871 38.3363
allRoundKeys[837] 0.3115 76.4045
allRoundKeys[836] 0.3325 68.8421
allRoundKeys[835] 0.231 51.0606
allRoundKeys[834] 0.25515 54.5953
allRoundKeys[833] 0.364 69.4231
allRoundKeys[831] 0.2387 53.2258
allRoundKeys[830] 0.3276 82.5855
allRoundKeys[829] 0.1743 74.498
allRoundKeys[828] 0.2604 32.5269
allRoundKeys[827] 0.0882 83.3333
allRoundKeys[826] 0.301 62.093
allRoundKeys[825] 0.2709 59.0439
allRoundKeys[824] 0.3108 92.1171
allRoundKeys[823] 0.3115 66.0674
allRoundKeys[822] 0.26845 27.9009
allRoundKeys[821] 0.25445 5.77717
allRoundKeys[820] 0.1764 58.3333
allRoundKeys[819] 0.3108 14.1892
allRoundKeys[818] 0.3423 68.9162
allRoundKeys[817] 0.1148 49.8476
allRoundKeys[816] 0.3283 73.5608
allRoundKeys[815] 0.23835 58.7372
allRoundKeys[814] 0.2212 56.0127
allRoundKeys[813] 0.2786 10.804
allRoundKeys[812] 0.2604 79.3011
allRoundKeys[811] 0.0476 36.7647
allRoundKeys[810] 0.301 78.8372
allRoundKeys[809] 0.28945 5.66592
allRoundKeys[808] 0.3143 48.9978
allRoundKeys[807] 0.2842 58.1105
allRoundKeys[806] 0.2079 59.0909
allRoundKeys[805] 0.32585 69.71
allRoundKeys[804] 0.24465 37.9113
allRoundKeys[803] 0.2177 37.8617
allRoundKeys[802] 0.3675 58.6667
allRoundKeys[801] 0.14665 65.837
allRoundKeys[800] 0.2975 0
allRoundKeys[799] 0.2205 56.9048
allRoundKeys[798] 0.1449 60.7488
allRoundKeys[797] 0.0609 32.1839
allRoundKeys[796] 0.35385 17.2107
allRoundKeys[795] 0.2212 37.5
allRoundKeys[794] 0.399 48.4211
allRoundKeys[793] 0.3507 51.0978
allRoundKeys[792] 0.2919 66.9065
allRoundKeys[791] 0.1442 35.7316
allRoundKeys[790] 0.5439 75.1609
allRoundKeys[789] 0.3157 40.2439
allRoundKeys[788] 0.2975 63.8824
allRoundKeys[787] 0.3108 57.3198
allRoundKeys[786] 0.2891 53.2688
allRoundKeys[785] 0.1981 75.265
allRoundKeys[784] 0.4438 63.9196
allRoundKeys[783] 0.308 20.9091
allRoundKeys[782] 0.2786 0
allRoundKeys[781] 0.19775 64.9558
allRoundKeys[780] 0.2786 55.5815
allRoundKeys[779] 0.3087 61.7914
allRoundKeys[778] 0.36645 51.4804
allRoundKeys[777] 0.315 67.6667
allRoundKeys[776] 0.0399 69.2982
allRoundKeys[775] 0.3255 28.4946
allRoundKeys[774] 0.18865 67.6252
allRoundKeys[773] 0.301 17.907
allRoundKeys[772] 0.3437 68.6354
allRoundKeys[771] 0.2793 48.1203
allRoundKeys[770] 0.3339 14.8847
allRoundKeys[769] 0.2688 63.8021
allRoundKeys[768] 0.47915 80.5698
allRoundKeys[767] 0.2961 68.6761
allRoundKeys[766] 0.0777 74.3243
allRoundKeys[765] 0.3038 45.3917
allRoundKeys[764] 0.3941 59.325
allRoundKeys[763] 0.0476 4.04412
allRoundKeys[762] 0.2968 63.0896
allRoundKeys[761] 0.26775 3.52941
allRoundKeys[760] 0.0266 0
allRoundKeys[759] 0.2177 68.9711
allRoundKeys[758] 0.2611 57.3727
allRoundKeys[757] 0.2744 12.5
allRoundKeys[756] 0.07105 28.0788
allRoundKeys[755] 0.31675 47.5138
allRoundKeys[754] 0.2723 33.5476
allRoundKeys[753] 0.1449 51.6908
allRoundKeys[752] 0.4571 65.7734
allRoundKeys[751] 0.2842 54.4335
allRoundKeys[750] 0.15925 42.1978
allRoundKeys[749] 0.17535 42.7146
allRoundKeys[748] 0.3759 6.89013
allRoundKeys[747] 0.1813 29.7297
allRoundKeys[746] 0.4067 1.72117
allRoundKeys[744] 0.3738 62.6404
allRoundKeys[743] 0.3157 29.9889
allRoundKeys[742] 0.3941 19.1385
allRoundKeys[741] 0.5075 79.2414
allRoundKeys[740] 0.2709 64.0827
allRoundKeys[739] 0.27615 14.0051
allRoundKeys[738] 0.2919 43.1655
allRoundKeys[737] 0.2744 55.9949
allRoundKeys[736] 0.2072 20.6081
allRoundKeys[735] 0.1778 64.1732
allRoundKeys[734] 0.3318 34.5992
allRoundKeys[733] 0.0476 69.1176
allRoundKeys[732] 0.231 52.6515
allRoundKeys[731] 0.28385 21.0234
allRoundKeys[730] 0.0609 42.8161
allRoundKeys[729] 0.33495 49.0596
allRoundKeys[728] 0.3115 54.382
allRoundKeys[727] 0.25585 47.1272
allRoundKeys[726] 0.30485 43.8002
allRoundKeys[725] 0.2079 9.96873
allRoundKeys[724] 0.2954 56.1019
allRoundKeys[723] 0.12635 30.4709
allRoundKeys[722] 0.2821 59.3052
allRoundKeys[721] 0.3542 77.8656
allRoundKeys[720] 0.2177 61.3689
allRoundKeys[719] 0.10675 8.68852
allRoundKeys[718] 0.38745 59.0786
allRoundKeys[717] 0.4886 52.149
allRoundKeys[716] 0.168 10.2083
allRoundKeys[715] 0.546 2.62821
allRoundKeys[714] 0.399 42.0614
allRoundKeys[713] 0.1547 14.9321
allRoundKeys[712] 0.2709 65.6331
allRoundKeys[711] 0.2177 49.1961
allRoundKeys[710] 0.13965 11.1887
allRoundKeys[709] 0.0266 63.1579
allRoundKeys[708] 0.4249 61.944
allRoundKeys[707] 0.0133 0
allRoundKeys[706] 0.3598 46.4008
allRoundKeys[705] 0.3283 70.2559
allRoundKeys[704] 0.2009 48.7805
allRoundKeys[703] 0.2814 72.7612
allRoundKeys[702] 0.1729 52.834
allRoundKeys[701] 0.1617 24.2424
allRoundKeys[700] 0.23695 27.1049
allRoundKeys[699] 0.1078 62.1753
allRoundKeys[698] 0.0693 1.0101
allRoundKeys[697] 0.1981 56.7138
allRoundKeys[696] 0.3409 70.4825
allRoundKeys[695] 0.2156 61.3636
allRoundKeys[694] 0.1743 64.257
allRoundKeys[693] 0.2219 88.959
allRoundKeys[692] 0.1631 44.6352
allRoundKeys[691] 0.1582 72.1239
allRoundKeys[690] 0.1589 59.9119
allRoundKeys[689] 0.1778 27.5591
allRoundKeys[688] 0.2044 47.089
allRoundKeys[687] 0.1848 60.2273
allRoundKeys[686] 0.1568 37.2768
allRoundKeys[685] 0.2919 70.2638
allRoundKeys[684] 0.2128 38.8158
allRoundKeys[683] 0.2695 44.8052
allRoundKeys[682] 0.0861 100
allRoundKeys[681] 0.1379 50.5076
allRoundKeys[680] 0.1533 37.4429
allRoundKeys[679] 0.07315 50.7177
allRoundKeys[678] 0.252 82.7778
allRoundKeys[677] 0.24535 68.3106
allRoundKeys[676] 0.0882 72.2222
allRoundKeys[675] 0.1638 3.02198
allRoundKeys[674] 0.1099 0
allRoundKeys[673] 0.0742 54.2453
allRoundKeys[672] 0.2667 69.5538
allRoundKeys[671] 0.1449 15.942
allRoundKeys[670] 0.3479 71.831
allRoundKeys[669] 0.1778 0
allRoundKeys[668] 0.231 60.9091
allRoundKeys[667] 0.3689 35.6262
allRoundKeys[666] 0.4438 22.5552
allRoundKeys[665] 0.4732 66.4835
allRoundKeys[664] 0.1414 13.7376
allRoundKeys[663] 0.1813 44.4015
allRoundKeys[662] 0.0791 18.5841
allRoundKeys[661] 0.4522 63.0031
allRoundKeys[660] 0.4221 69.6103
allRoundKeys[659] 0.0602 59.51
allRoundKeys[658] 0.29575 60.8284
allRoundKeys[657] 0.0476 100
allRoundKeys[656] 0.3248 22.3291
allRoundKeys[655] 0.2555 73.1507
allRoundKeys[654] 0.1645 43.845
allRoundKeys[653] 0.11095 11.2213
allRoundKeys[652] 0.33775 75.1295
allRoundKeys[651] 0.32375 57.0811
allRoundKeys[650] 0.18515 62.2873
allRoundKeys[649] 0.0455 2.74725
allRoundKeys[648] 0.1001 34.965
allRoundKeys[647] 0.231 47.4242
allRoundKeys[646] 0.0266 63.1579
allRoundKeys[645] 0.10815 79.9353
allRoundKeys[644] 0.5901 52.1945
allRoundKeys[643] 0.16275 79.5699
allRoundKeys[642] 0.2555 68.6301
allRoundKeys[640] 0.3745 75.1402
allRoundKeys[639] 0.3325 30.5263
allRoundKeys[638] 0.28875 42.7879
allRoundKeys[637] 0.28 51.6518
allRoundKeys[636] 0.1148 28.0488
allRoundKeys[635] 0.2394 62.3538
allRoundKeys[634] 0.2751 58.3969
allRoundKeys[633] 0.1659 63.2911
allRoundKeys[632] 0.2247 65.81
allRoundKeys[631] 0.3332 15.4412
allRoundKeys[630] 0.2058 31.8027
allRoundKeys[629] 0.2548 52.708
allRoundKeys[628] 0.1379 10.6599
allRoundKeys[627] 0.1981 38.3392
allRoundKeys[626] 0.1281 22.9508
allRoundKeys[625] 0.2709 33.2041
allRoundKeys[624] 0.1218 79.8851
allRoundKeys[623] 0.0595 68.2353
allRoundKeys[622] 0.2534 61.326
allRoundKeys[621] 0.2926 52.512
allRoundKeys[620] 0.2688 49.7396
allRoundKeys[619] 0.3031 50.8661
allRoundKeys[618] 0.1274 35.4003
allRoundKeys[617] 0.2443 10.6017
allRoundKeys[616] 0.05075 56.5517
allRoundKeys[615] 0.1925 63.2727
allRoundKeys[614] 0.3822 43.8645
allRoundKeys[613] 0.2884 30.0971
allRoundKeys[612] 0.1946 21.6727
allRoundKeys[611] 0.0882 39.2857
allRoundKeys[610] 0.2884 43.1172
allRoundKeys[609] 0.259 73.5135
allRoundKeys[608] 0.0952 83.4559
allRoundKeys[607] 0.2576 44.9728
allRoundKeys[606] 0.1379 19.5431
allRoundKeys[605] 0.0476 30.8824
allRoundKeys[604] 0.3276 60.4701
allRoundKeys[603] 0.4053 10.7081
allRoundKeys[602] 0.1904 19.1176
allRoundKeys[601] 0.2919 58.6331
allRoundKeys[600] 0.0777 68.4685
allRoundKeys[599] 0.2345 77.6119
allRoundKeys[598] 0.3255 45.4839
allRoundKeys[597] 0.2828 43.3787
allRoundKeys[596] 0.364 49.2308
allRoundKeys[595] 0.3311 31.9767
allRoundKeys[594] 0.43295 65.481
allRoundKeys[593] 0.5033 27.7469
allRoundKeys[592] 0.2611 90.6166
allRoundKeys[591] 0.0476 79.4118
allRoundKeys[590] 0.1043 46.9799
allRoundKeys[589] 0.2737 3.58056
allRoundKeys[588] 0.23415 68.8768
allRoundKeys[587] 0.1148 49.3902
allRoundKeys[586] 0.3087 65.5329
allRoundKeys[585] 0.2177 24.7588
allRoundKeys[583] 0.3962 52.6502
allRoundKeys[582] 0.4389 76.7145
allRoundKeys[581] 0.2212 78.6392
allRoundKeys[580] 0.3059 36.3926
allRoundKeys[579] 0.21595 70.6645
allRoundKeys[577] 0.259 72.4324
allRoundKeys[576] 0.2821 36.2283
allRoundKeys[575] 0.1015 37.7586
allRoundKeys[574] 0.1414 45.1733
allRoundKeys[573] 0.1911 79.1209
allRoundKeys[572] 0.0826 5.9322
allRoundKeys[571] 0.3038 2.88018
allRoundKeys[570] 0.2422 21.9653
allRoundKeys[569] 0.3045 51.1166
allRoundKeys[568] 0.9051 72.4671
allRoundKeys[567] 0.22015 82.194
allRoundKeys[566] 0.2429 41.1383
allRoundKeys[565] 0.1848 89.3939
allRoundKeys[564] 0.3514 66.9323
allRoundKeys[563] 0.273 37.6923
allRoundKeys[562] 0.1645 21.7021
allRoundKeys[561] 0.4473 72.9264
allRoundKeys[560] 0.2324 87.3494
allRoundKeys[559] 0.2975 53.5882
allRoundKeys[558] 0.1799 65.4669
allRoundKeys[557] 0.1862 73.6842
allRoundKeys[556] 0.10885 66.2379
allRoundKeys[555] 0.0952 38.9706
allRoundKeys[554] 0.448 30.9375
allRoundKeys[553] 0.2989 75.1756
allRoundKeys[552] 0.2324 53.1627
allRoundKeys[551] 0.1015 57.931
allRoundKeys[550] 0.2688 91.7969
allRoundKeys[549] 0.0952 64.7059
allRoundKeys[548] 0.1477 73.4597
allRoundKeys[547] 0.2702 12.6943
allRoundKeys[546] 0.3479 57.4447
allRoundKeys[545] 0.1876 68.8433
allRoundKeys[544] 0.0658 11.1702
allRoundKeys[543] 0.1022 38.1849
allRoundKeys[542] 0.028 0
allRoundKeys[541] 0.3087 74.3764
allRoundKeys[540] 0.2177 29.582
allRoundKeys[539] 0.5145 11.5889
allRoundKeys[538] 0.0658 36.1702
allRoundKeys[537] 0.2919 68.1055
allRoundKeys[536] 0.203 45.1724
allRoundKeys[535] 0.3941 75.1332
allRoundKeys[534] 0.2954 56.1696
allRoundKeys[533] 0.1281 25.1366
allRoundKeys[532] 0.4312 85.2273
allRoundKeys[531] 0.2618 57.0856
allRoundKeys[530] 0.2219 55.6782
allRoundKeys[529] 0.1085 81.9355
allRoundKeys[528] 0.29365 34.0882
allRoundKeys[527] 0.2856 43.3123
allRoundKeys[526] 0.08155 45.0644
allRoundKeys[525] 0.2394 19.8099
allRoundKeys[524] 0.0889 59.0551
allRoundKeys[523] 0.2373 49.3468
allRoundKeys[522] 0.0413 11.8644
allRoundKeys[521] 0.3388 30.1653
allRoundKeys[520] 0.2247 47.6636
allRoundKeys[519] 0.1351 23.1865
allRoundKeys[518] 0.0889 41.7323
allRoundKeys[517] 0.20475 65.1282
allRoundKeys[516] 0.2646 69.4444
allRoundKeys[515] 0.2898 72.8261
allRoundKeys[514] 0.13405 5.48303
allRoundKeys[513] 0.2688 50.651
allRoundKeys[512] 0.2338 47.7545
allRoundKeys[511] 0.1057 95.3642
allRoundKeys[510] 0.238 2.05882
allRoundKeys[509] 0.2653 62.1372
allRoundKeys[508] 0.2947 11.0451
allRoundKeys[507] 0.3759 37.4302
allRoundKeys[506] 0.0462 43.1818
allRoundKeys[505] 0.6405 65.7377
allRoundKeys[504] 0.1008 9.72222
allRoundKeys[503] 0.1085 13.5484
allRoundKeys[502] 0.53865 76.0884
allRoundKeys[501] 0.4284 74.0196
allRoundKeys[500] 0.238 57.0588
allRoundKeys[499] 0.08645 64.7773
allRoundKeys[498] 0.0882 14.2857
allRoundKeys[497] 0.0742 66.0377
allRoundKeys[496] 0.1848 58.3333
allRoundKeys[495] 0.0413 75.4237
allRoundKeys[494] 0.1435 0
allRoundKeys[493] 0.2485 36.0563
allRoundKeys[492] 0.28105 36.6127
allRoundKeys[491] 0.0868 2.01613
allRoundKeys[490] 0.2443 43.8395
allRoundKeys[489] 0.2023 57.6125
allRoundKeys[488] 0.3955 31.1252
allRoundKeys[487] 0.2016 34.1146
allRoundKeys[486] 0.23695 56.8685
allRoundKeys[485] 0.4767 73.0543
allRoundKeys[484] 0.2492 68.8202
allRoundKeys[483] 0.2359 49.8516
allRoundKeys[482] 0.2331 12.3123
allRoundKeys[481] 0.2912 77.4038
allRoundKeys[480] 0.041125 24.6809
allRoundKeys[479] 0.238 59.4118
allRoundKeys[478] 0.1792 24.0234
allRoundKeys[477] 0.2359 59.7923
allRoundKeys[476] 0.27825 63.1447
allRoundKeys[475] 0.0658 33.2447
allRoundKeys[474] 0.0945 11.4815
allRoundKeys[473] 0.2688 66.7969
allRoundKeys[472] 0.1911 19.7279
allRoundKeys[471] 0.1148 14.939
allRoundKeys[470] 0.2415 14.2029
allRoundKeys[469] 0.1932 61.9565
allRoundKeys[468] 0.2744 53.8265
allRoundKeys[467] 0.2996 17.9322
allRoundKeys[466] 0.41335 50.0423
allRoundKeys[465] 0.1792 1.17188
allRoundKeys[464] 0.2394 21.1988
allRoundKeys[463] 0.1155 42.1212
allRoundKeys[462] 0.1379 71.5736
allRoundKeys[461] 0.2177 42.0418
allRoundKeys[460] 0.2352 51.7857
allRoundKeys[459] 0.259 0
allRoundKeys[458] 0.1743 21.2851
allRoundKeys[457] 0.3689 26.8027
allRoundKeys[456] 0.1512 18.287
allRoundKeys[455] 0.0658 11.1702
allRoundKeys[453] 0.1925 74.5455
allRoundKeys[452] 0.233975 64.6009
allRoundKeys[451] 0.3353 59.9165
allRoundKeys[450] 0.110075 64.1835
allRoundKeys[449] 0.0931 0
allRoundKeys[448] 0.1932 70.6522
allRoundKeys[447] 0.1596 70.1754
allRoundKeys[445] 0.2121 78.8779
allRoundKeys[444] 0.1449 43.599
allRoundKeys[443] 0.23765 60.5302
allRoundKeys[442] 0.0952 19.4853
allRoundKeys[441] 0.0819 44.8718
allRoundKeys[440] 0.1246 72.4719
allRoundKeys[439] 0.32655 52.09
allRoundKeys[438] 0.0658 70.2128
allRoundKeys[437] 0.25375 52.2759
allRoundKeys[436] 0.0826 53.8136
allRoundKeys[435] 0.3444 9.95935
allRoundKeys[434] 0.26005 83.0417
allRoundKeys[433] 0.231 34.5455
allRoundKeys[432] 0.0952 12.8676
allRoundKeys[431] 0.2198 58.9172
allRoundKeys[430] 0.3395 27.9381
allRoundKeys[429] 0.63035 57.4681
allRoundKeys[428] 0.1379 75.1269
allRoundKeys[427] 0.1183 28.9941
allRoundKeys[426] 0.3073 76.9932
allRoundKeys[425] 0.2177 18.4887
allRoundKeys[424] 0.1645 60.2128
allRoundKeys[423] 0.2492 2.7488
allRoundKeys[422] 0.2156 77.2727
allRoundKeys[421] 0.041125 100
allRoundKeys[420] 0.2674 47.7749
allRoundKeys[419] 0.1715 80
allRoundKeys[418] 0.0882 31.8027
allRoundKeys[417] 0.2758 52.8553
allRoundKeys[416] 0.2555 35.3425
allRoundKeys[415] 0.8176 63.9555
allRoundKeys[414] 0.2177 60.7717
allRoundKeys[413] 0.03675 77.2789
allRoundKeys[412] 0.2303 2.12766
allRoundKeys[411] 0.1512 43.9815
allRoundKeys[410] 0.1855 51.9811
allRoundKeys[409] 0.3528 64.5833
allRoundKeys[408] 0.2541 51.7906
allRoundKeys[407] 0.1162 74.6988
allRoundKeys[406] 0.3227 77.2234
allRoundKeys[404] 0.3472 55.6452
allRoundKeys[403] 0.234325 61.9119
allRoundKeys[402] 0.18235 53.9347
allRoundKeys[401] 0.4655 77.218
allRoundKeys[400] 0.3493 32.6653
allRoundKeys[399] 0.12215 29.5129
allRoundKeys[398] 0.041125 37.8723
allRoundKeys[397] 0.1582 51.9912
allRoundKeys[396] 0.03675 80.9524
allRoundKeys[395] 0.2912 48.5577
allRoundKeys[394] 0.15155 0
allRoundKeys[393] 0.2737 48.913
allRoundKeys[392] 0.2198 52.7866
allRoundKeys[391] 0.3052 15.0229
allRoundKeys[390] 0.19705 83.1261
allRoundKeys[389] 0.2345 85.3731
allRoundKeys[388] 0.23275 83.1579
allRoundKeys[387] 0.2401 73.4694
allRoundKeys[386] 0.1281 17.8962
allRoundKeys[385] 0.1778 59.4488
allRoundKeys[384] 0.2919 0
allRoundKeys[383] 0.2786 76.3819
allRoundKeys[382] 0.2681 56.1358
allRoundKeys[381] 0.3108 31.8694
allRoundKeys[380] 0.0399 64.0351
allRoundKeys[379] 0.3038 44.0668
allRoundKeys[378] 0.28175 39.5031
allRoundKeys[377] 0.329 32.3404
allRoundKeys[376] 0.0658 50
allRoundKeys[375] 0.3402 12.6543
allRoundKeys[374] 0.0476 20.5882
allRoundKeys[373] 0.4081 49.5712
allRoundKeys[372] 0.1253 40.7821
allRoundKeys[371] 0.3458 17.3077
allRoundKeys[370] 0.1281 25.1366
allRoundKeys[369] 0.2044 39.3836
allRoundKeys[368] 0.0399 39.4737
allRoundKeys[367] 0.3745 62.3364
allRoundKeys[366] 0.2898 17.1498
allRoundKeys[365] 0.2954 83.4123
allRoundKeys[364] 0.21595 57.8606
allRoundKeys[363] 0.2926 3.34928
allRoundKeys[362] 0.1379 35.533
allRoundKeys[361] 0.2478 49.7175
allRoundKeys[360] 0.41545 66.1752
allRoundKeys[359] 0.31885 12.1844
allRoundKeys[358] 0.2576 37.6165
allRoundKeys[357] 0.05915 40.8284
allRoundKeys[356] 0.2653 45.5145
allRoundKeys[355] 0.3423 66.0532
allRoundKeys[354] 0.2345 10.7463
allRoundKeys[353] 0.4438 59.7792
allRoundKeys[352] 0.1778 45.2756
allRoundKeys[351] 0.2352 46.4286
allRoundKeys[350] 0.16905 73.913
allRoundKeys[349] 0.1414 75.7426
allRoundKeys[348] 0.1533 58.9041
allRoundKeys[347] 0.1981 44.8763
allRoundKeys[346] 0.2037 44.3299
allRoundKeys[345] 0.1449 74.3961
allRoundKeys[344] 0.3521 8.84692
allRoundKeys[343] 0.0476 19.8529
allRoundKeys[342] 0.2282 23.4663
allRoundKeys[341] 0.25865 31.7997
allRoundKeys[340] 0.252875 60.7711
allRoundKeys[339] 0.4228 53.9558
allRoundKeys[338] 0.3871 45.0852
allRoundKeys[337] 0.39025 69.8655
allRoundKeys[336] 0.4053 65.285
allRoundKeys[335] 0.3136 49.4978
allRoundKeys[334] 0.086625 0.40404
allRoundKeys[333] 0.1666 47.8992
allRoundKeys[332] 0.32935 38.3634
allRoundKeys[331] 0.4053 43.7824
allRoundKeys[330] 0.2891 20.46
allRoundKeys[329] 0.39585 46.4191
allRoundKeys[328] 0.1869 49.9064
allRoundKeys[327] 0.2058 73.8095
allRoundKeys[326] 0.2044 60.6164
allRoundKeys[325] 0.0819 16.6667
allRoundKeys[324] 0.1295 67.027
allRoundKeys[323] 0.3654 51.3273
allRoundKeys[322] 0.252 52.7778
allRoundKeys[321] 0.234325 67.5878
allRoundKeys[320] 0.2443 2.00573
allRoundKeys[319] 0.16765 60.9603
allRoundKeys[318] 0.3017 27.5853
allRoundKeys[317] 0.1946 62.9496
allRoundKeys[316] 0.1582 59.7345
allRoundKeys[315] 0.2576 39.9457
allRoundKeys[314] 0.2324 61.8976
allRoundKeys[313] 0.2261 32.1207
allRoundKeys[312] 0.2779 75.3149
allRoundKeys[311] 0.1155 45.4545
allRoundKeys[310] 0.0819 47.8632
allRoundKeys[309] 0.1617 65.1515
allRoundKeys[308] 0.252 64.8611
allRoundKeys[307] 0.2709 70.2842
allRoundKeys[306] 0.231 72.4242
allRoundKeys[305] 0.1246 47.191
allRoundKeys[304] 0.266 0
allRoundKeys[303] 0.1582 56.6372
allRoundKeys[302] 0.2723 21.4653
allRoundKeys[301] 0.4347 71.256
allRoundKeys[300] 0.1148 46.9512
allRoundKeys[299] 0.36645 68.2904
allRoundKeys[298] 0.2618 76.4706
allRoundKeys[297] 0.294 15
allRoundKeys[296] 0.133 14.7368
allRoundKeys[295] 0.232425 67.0109
allRoundKeys[294] 0.1078 78.5714
allRoundKeys[293] 0.05005 60.8392
allRoundKeys[292] 0.0658 85.1064
allRoundKeys[291] 0.1715 53.0612
allRoundKeys[290] 0.1645 50.6383
allRoundKeys[289] 0.5229 71.8206
allRoundKeys[288] 0.1449 72.9469
allRoundKeys[287] 0.22855 61.3323
allRoundKeys[286] 0.175 56
allRoundKeys[285] 0.2576 77.8533
allRoundKeys[284] 0.4046 6.43228
allRoundKeys[283] 0.2786 4.39698
allRoundKeys[282] 0.4438 69.164
allRoundKeys[281] 0.3024 65.2778
allRoundKeys[280] 0.4305 34.3902
allRoundKeys[279] 0.24535 76.0342
allRoundKeys[278] 0.3549 82.0513
allRoundKeys[277] 0.5607 49.4783
allRoundKeys[276] 0.21595 70.3404
allRoundKeys[275] 0.2177 47.2669
allRoundKeys[274] 0.2842 0
allRoundKeys[273] 0.3843 16.0291
allRoundKeys[272] 0.1715 82.8571
allRoundKeys[271] 0.1547 22.1719
allRoundKeys[270] 0.2044 21.1473
allRoundKeys[269] 0.2975 59.2941
allRoundKeys[268] 0.2576 51.3587
allRoundKeys[267] 0.11865 45.5752
allRoundKeys[266] 0.56 37.1875
allRoundKeys[265] 0.2709 48.4496
allRoundKeys[264] 0.2786 63.5678
allRoundKeys[263] 0.41475 71.3924
allRoundKeys[262] 0.30485 35.9357
allRoundKeys[261] 0.1449 6.64251
allRoundKeys[260] 0.308 76.1364
allRoundKeys[259] 0.1274 65.3846
allRoundKeys[258] 0.1372 0
allRoundKeys[257] 0.2443 62.6074
allRoundKeys[256] 0.3276 71.9017
allRoundKeys[255] 0.1862 37.688
allRoundKeys[254] 0.2114 61.5894
allRoundKeys[253] 0.3675 83.3333
allRoundKeys[252] 0.1316 70.2128
allRoundKeys[251] 0.1456 37.0192
allRoundKeys[250] 0.0658 23.6702
allRoundKeys[249] 0.22575 46.6667
allRoundKeys[248] 0.1799 49.0272
allRoundKeys[247] 0.4004 80.2448
allRoundKeys[246] 0.2912 67.3077
allRoundKeys[245] 0.2618 76.2032
allRoundKeys[244] 0.1428 22.0588
allRoundKeys[243] 0.1183 40.8284
allRoundKeys[242] 0.1316 56.6489
allRoundKeys[241] 0.1015 48.9655
allRoundKeys[240] 0.4627 71.8986
allRoundKeys[239] 0.2331 61.5616
allRoundKeys[238] 0.2324 64.1566
allRoundKeys[237] 0.0952 67.8309
allRoundKeys[236] 0.2401 3.16535
allRoundKeys[235] 0.2247 48.8206
allRoundKeys[234] 0.0686 17.8571
allRoundKeys[233] 0.0777 13.964
allRoundKeys[232] 0.2835 50.1235
allRoundKeys[231] 0.161 19.5652
allRoundKeys[230] 1.2845 4.63215
allRoundKeys[229] 0.2989 65.9836
allRoundKeys[228] 0.1477 72.5118
allRoundKeys[227] 0.0658 26.5957
allRoundKeys[226] 0.1533 31.9635
allRoundKeys[225] 0.1449 70.0483
allRoundKeys[224] 0.23415 67.5635
allRoundKeys[223] 0.1617 21.645
allRoundKeys[222] 0.2352 52.6786
allRoundKeys[221] 0.1085 29.3548
allRoundKeys[220] 0.235375 0.446097
allRoundKeys[219] 0.43015 22.7828
allRoundKeys[218] 0.26915 56.697
allRoundKeys[217] 0.1848 43.0871
allRoundKeys[216] 0.1694 37.6033
allRoundKeys[215] 0.18375 57.5238
allRoundKeys[214] 0.1498 9.46262
allRoundKeys[213] 0.4739 62.5554
allRoundKeys[212] 0.1484 1.65094
allRoundKeys[211] 0.231 48.9177
allRoundKeys[210] 0.32375 50.8649
allRoundKeys[209] 0.1582 84.5133
allRoundKeys[208] 0.2597 34.7035
allRoundKeys[207] 0.2499 3.85154
allRoundKeys[206] 0.2513 40.5292
allRoundKeys[205] 0.0658 9.04255
allRoundKeys[204] 0.0742 34.6698
allRoundKeys[203] 0.07665 10.3066
allRoundKeys[202] 0.1925 61.8182
allRoundKeys[201] 0.0952 3.49265
allRoundKeys[200] 0.2457 54.1311
allRoundKeys[199] 0.2023 0
allRoundKeys[198] 0.3416 57.7722
allRoundKeys[197] 0.1351 51.6839
allRoundKeys[196] 0.252 49.0278
allRoundKeys[195] 0.1876 51.6791
allRoundKeys[194] 0.1645 32.8723
allRoundKeys[193] 0.2261 50.1548
allRoundKeys[192] 0.2751 27.6081
allRoundKeys[191] 0.0476 79.4118
allRoundKeys[190] 0.1631 71.03
allRoundKeys[189] 0.2576 17.1196
allRoundKeys[188] 0.1281 9.56284
allRoundKeys[187] 0.2093 48.495
allRoundKeys[186] 0.1085 58.3871
allRoundKeys[185] 0.084 67.5
allRoundKeys[184] 0.2821 79.1563
allRoundKeys[183] 0.3234 78.5714
allRoundKeys[182] 0.2842 72.4138
allRoundKeys[181] 0.1855 84.1509
allRoundKeys[180] 0.0742 56.6038
allRoundKeys[179] 0.16275 19.7849
allRoundKeys[178] 0.3024 43.2953
allRoundKeys[177] 0.1414 75.7426
allRoundKeys[176] 0.35315 29.7324
allRoundKeys[175] 0.0266 0
allRoundKeys[174] 0.2842 47.0443
allRoundKeys[173] 0.0854 13.5246
allRoundKeys[172] 0.0819 70.3907
allRoundKeys[171] 0.2079 0
allRoundKeys[170] 0.16275 82.1505
allRoundKeys[169] 0.231 57.7273
allRoundKeys[168] 0.2737 58.8235
allRoundKeys[167] 0.2212 18.9873
allRoundKeys[166] 0.1148 23.4756
allRoundKeys[165] 0.0476 41.1765
allRoundKeys[164] 0.2576 75
allRoundKeys[163] 0.3052 1.58912
allRoundKeys[162] 0.1323 7.14286
allRoundKeys[161] 0.0476 79.4118
allRoundKeys[160] 0.3402 77.8807
allRoundKeys[159] 0.2443 69.914
allRoundKeys[158] 0.1372 66.0714
allRoundKeys[157] 0.1148 29.5732
allRoundKeys[156] 0.273 58.5897
allRoundKeys[155] 0.1939 61.1913
allRoundKeys[154] 0.2114 10.4305
allRoundKeys[153] 0.0826 82.2034
allRoundKeys[152] 0.1351 31.6062
allRoundKeys[151] 0.0791 12.3894
allRoundKeys[150] 0.2261 38.0031
allRoundKeys[149] 0.4809 4.73071
allRoundKeys[148] 0.3108 78.3784
allRoundKeys[147] 0.2618 51.6043
allRoundKeys[146] 0.2758 17.8299
allRoundKeys[145] 0.3325 73.8947
allRoundKeys[144] 0.1071 66.0131
allRoundKeys[143] 0.1372 82.1429
allRoundKeys[142] 0.0819 38.8889
allRoundKeys[141] 0.3738 24.2376
allRoundKeys[140] 0.1848 54.1667
allRoundKeys[139] 0.15015 28.4382
allRoundKeys[138] 0.3675 43.4286
allRoundKeys[137] 0.1547 31.6742
allRoundKeys[136] 0.2478 15.9907
allRoundKeys[135] 0.1351 34.8446
allRoundKeys[134] 0.1778 25.9843
allRoundKeys[133] 0.2919 47.6362
allRoundKeys[132] 0.0791 3.53982
allRoundKeys[131] 0.1148 59.7561
allRoundKeys[130] 0.1715 71.4286
allRoundKeys[129] 0.1526 58.7156
allRoundKeys[128] 0.17255 61.359
allRoundKeys[127] 0.3703 77.9773
allRoundKeys[126] 0.2919 3.35731
allRoundKeys[125] 0.1631 33.2618
allRoundKeys[124] 0.0959 76.0949
allRoundKeys[123] 0.0266 0
allRoundKeys[122] 0.3038 27.6909
allRoundKeys[120] 0.3654 44.1571
allRoundKeys[119] 0.3556 53.2058
allRoundKeys[118] 0.3423 69.9387
allRoundKeys[117] 0.5187 67.8812
allRoundKeys[116] 0.1148 58.3841
allRoundKeys[115] 0.2856 23.652
allRoundKeys[113] 0.3486 34.3373
allRoundKeys[112] 0.05565 7.36748
allRoundKeys[111] 0.39445 49.8669
allRoundKeys[110] 0.26005 71.8708
allRoundKeys[109] 0.2443 42.8674
allRoundKeys[108] 0.4109 29.9404
allRoundKeys[107] 0.3318 45.7806
allRoundKeys[106] 0.231 0.606061
allRoundKeys[105] 0.0658 39.8936
allRoundKeys[104] 0.25585 45.9644
allRoundKeys[103] 0.231 20.9091
allRoundKeys[102] 0.1323 37.3016
allRoundKeys[101] 0.07805 39.0135
allRoundKeys[100] 0.2954 91.1137
allRoundKeys[99] 0.07175 73.4146
allRoundKeys[98] 0.329 50.7979
allRoundKeys[97] 0.40425 52.2944
allRoundKeys[96] 0.3143 61.4699
allRoundKeys[95] 0.0994 32.3944
allRoundKeys[94] 0.4907 27.3894
allRoundKeys[93] 0.1778 25.1969
allRoundKeys[92] 0.24465 0
allRoundKeys[91] 0.26425 40.2649
allRoundKeys[90] 0.0952 41.1765
allRoundKeys[89] 0.432775 80.1513
allRoundKeys[88] 0.24815 20.2398
allRoundKeys[87] 0.24955 59.467
allRoundKeys[86] 0.0378 0
allRoundKeys[85] 0.1043 55.0336
allRoundKeys[84] 0.0826 60.5932
allRoundKeys[83] 0.3647 68.5221
allRoundKeys[82] 0.13195 27.8515
allRoundKeys[81] 0.19285 75.1361
allRoundKeys[80] 0.2653 87.7309
allRoundKeys[79] 0.3171 69.5364
allRoundKeys[78] 0.1183 75.1479
allRoundKeys[77] 0.0462 78.7879
allRoundKeys[76] 0.1792 31.4453
allRoundKeys[75] 0.3024 39.5833
allRoundKeys[74] 0.2709 59.9483
allRoundKeys[73] 0.3871 50.1033
allRoundKeys[72] 0.1645 48.2979
allRoundKeys[71] 0.0707 79.2079
allRoundKeys[70] 0.2289 41.5902
allRoundKeys[69] 0.1778 79.3307
allRoundKeys[68] 0.0952 2.78361
allRoundKeys[67] 0.0973 56.1151
allRoundKeys[66] 0.2541 70.9366
allRoundKeys[65] 0.3227 89.3709
allRoundKeys[64] 0.03675 42.7211
allRoundKeys[63] 0.2443 42.9083
allRoundKeys[62] 0.168 71.25
allRoundKeys[61] 0.231 39.2424
allRoundKeys[60] 0.119 37.0588
allRoundKeys[59] 0.38185 69.0192
allRoundKeys[58] 0.2212 35.7595
allRoundKeys[57] 0.322 45.6522
allRoundKeys[56] 0.3829 78.6106
allRoundKeys[55] 0.1281 29.3716
allRoundKeys[54] 0.2345 74.9254
allRoundKeys[53] 0.15995 59.7374
allRoundKeys[52] 0.4011 65.6195
allRoundKeys[51] 0.1806 63.9535
allRoundKeys[50] 0.3885 2.85071
allRoundKeys[49] 0.2212 42.0886
allRoundKeys[48] 0.3346 9.83264
allRoundKeys[47] 0.231 70.9091
allRoundKeys[46] 0.18795 57.7281
allRoundKeys[45] 0.1778 65.5512
allRoundKeys[44] 0.8526 15.2299
allRoundKeys[43] 0.2751 70.0927
allRoundKeys[42] 0.38675 89.0498
allRoundKeys[41] 0.1015 71.0345
allRoundKeys[40] 0.2919 47.9616
allRoundKeys[39] 0.0399 75.4386
allRoundKeys[38] 0.301 69.9419
allRoundKeys[37] 0.3409 69.1992
allRoundKeys[36] 0.3143 66.9265
allRoundKeys[35] 0.2982 67.1362
allRoundKeys[34] 0.4046 63.8408
allRoundKeys[33] 0.2842 7.38916
allRoundKeys[32] 0.301 73.6047
allRoundKeys[31] 0.14385 49.8783
allRoundKeys[30] 0.1113 15.566
allRoundKeys[29] 0.2261 74.3034
allRoundKeys[28] 0.313925 3.95795
allRoundKeys[27] 0.2821 3.47395
allRoundKeys[26] 0.2807 2.49377
allRoundKeys[25] 0.3185 64.0659
allRoundKeys[24] 0.2821 71.464
allRoundKeys[23] 0.2646 85.1852
allRoundKeys[22] 0.0637 65.3846
allRoundKeys[21] 0.3409 16.3244
allRoundKeys[20] 0.2366 28.1805
allRoundKeys[19] 0.3059 17.1625
allRoundKeys[18] 0.1281 14.4809
allRoundKeys[17] 0.2856 28.4314
allRoundKeys[16] 0.1715 77.1429
allRoundKeys[15] 0.1568 59.5982
allRoundKeys[14] 0.3444 35.5401
allRoundKeys[13] 0.1554 39.8649
allRoundKeys[12] 0.6636 71.3909
allRoundKeys[11] 0.1911 52.9304
allRoundKeys[10] 0.3738 38.4831
allRoundKeys[9] 0.1869 64.9813
allRoundKeys[8] 0.1582 28.7611
allRoundKeys[7] 0.1694 42.6653
allRoundKeys[6] 0.1575 40.4444
allRoundKeys[5] 0.2422 74.422
allRoundKeys[4] 0.1631 60.9442
allRoundKeys[3] 0.5089 73.5901
allRoundKeys[2] 0.4802 34.444
allRoundKeys[1] 0.4382 59.9042
allRoundKeys[0] 0.1778 42.126
