Using Power View: generic_view.
Load RC corner of view generic_view

Begin Power Analysis

             0V	    VSS
          0.95V	    VDD
Begin Processing Timing Library for Power Calculation

Begin Processing Timing Library for Power Calculation



Begin Processing Power Net/Grid for Power Calculation

Ended Processing Power Net/Grid for Power Calculation: (cpu=0:00:00, real=0:00:00, mem(process/total/peak)=6603.48MB/10747.86MB/7315.20MB)

Begin Processing Timing Window Data for Power Calculation

CK: assigning clock CRYPTOCLK to net clock
Ended Processing Timing Window Data for Power Calculation: (cpu=0:00:00, real=0:00:00, mem(process/total/peak)=6603.62MB/10747.86MB/7315.20MB)

Begin Processing User Attributes

Ended Processing User Attributes: (cpu=0:00:00, real=0:00:00, mem(process/total/peak)=6603.62MB/10747.86MB/7315.20MB)

Begin Processing Signal Activity


Starting Levelizing
2024-Aug-06 02:28:57 (2024-Aug-06 06:28:57 GMT)
2024-Aug-06 02:28:57 (2024-Aug-06 06:28:57 GMT): 10%
2024-Aug-06 02:28:57 (2024-Aug-06 06:28:57 GMT): 20%
2024-Aug-06 02:28:57 (2024-Aug-06 06:28:57 GMT): 30%
2024-Aug-06 02:28:57 (2024-Aug-06 06:28:57 GMT): 40%
2024-Aug-06 02:28:57 (2024-Aug-06 06:28:57 GMT): 50%
2024-Aug-06 02:28:57 (2024-Aug-06 06:28:57 GMT): 60%
2024-Aug-06 02:28:57 (2024-Aug-06 06:28:57 GMT): 70%
2024-Aug-06 02:28:57 (2024-Aug-06 06:28:57 GMT): 80%
2024-Aug-06 02:28:57 (2024-Aug-06 06:28:57 GMT): 90%

Finished Levelizing
2024-Aug-06 02:28:57 (2024-Aug-06 06:28:57 GMT)

Starting Activity Propagation
2024-Aug-06 02:28:57 (2024-Aug-06 06:28:57 GMT)
2024-Aug-06 02:28:57 (2024-Aug-06 06:28:57 GMT): 10%
2024-Aug-06 02:28:57 (2024-Aug-06 06:28:57 GMT): 20%

Finished Activity Propagation
2024-Aug-06 02:28:58 (2024-Aug-06 06:28:58 GMT)
Ended Processing Signal Activity: (cpu=0:00:00, real=0:00:00, mem(process/total/peak)=6603.71MB/10747.86MB/7315.20MB)

Begin Power Computation

      ----------------------------------------------------------
      # of cell(s) missing both power/leakage table: 0
      # of cell(s) missing power table: 1
      # of cell(s) missing leakage table: 1
      ----------------------------------------------------------
CellName                                  Missing Table(s)
LOGIC0_X1                                 internal power, leakage power, 



Starting Calculating power
2024-Aug-06 02:28:58 (2024-Aug-06 06:28:58 GMT)
2024-Aug-06 02:28:58 (2024-Aug-06 06:28:58 GMT): 10%
2024-Aug-06 02:28:58 (2024-Aug-06 06:28:58 GMT): 20%
2024-Aug-06 02:28:58 (2024-Aug-06 06:28:58 GMT): 30%
2024-Aug-06 02:28:58 (2024-Aug-06 06:28:58 GMT): 40%
2024-Aug-06 02:28:58 (2024-Aug-06 06:28:58 GMT): 50%
2024-Aug-06 02:28:58 (2024-Aug-06 06:28:58 GMT): 60%
2024-Aug-06 02:28:58 (2024-Aug-06 06:28:58 GMT): 70%
2024-Aug-06 02:28:58 (2024-Aug-06 06:28:58 GMT): 80%
2024-Aug-06 02:28:58 (2024-Aug-06 06:28:58 GMT): 90%

Finished Calculating power
2024-Aug-06 02:28:58 (2024-Aug-06 06:28:58 GMT)
      # of MSMV cell(s) missing power_level: 0
Ended Power Computation: (cpu=0:00:02, real=0:00:00, mem(process/total/peak)=6609.93MB/10835.89MB/7315.20MB)

Begin Processing User Attributes

Ended Processing User Attributes: (cpu=0:00:00, real=0:00:00, mem(process/total/peak)=6609.93MB/10835.89MB/7315.20MB)

Ended Power Analysis: (cpu=0:00:02, real=0:00:01, mem(process/total/peak)=6609.93MB/10835.89MB/7315.20MB)

Begin Boundary Leakage Calculation
Ended Boundary Leakage Calculation: (cpu=0:00:00, real=0:00:00,
mem(process/total/peak)=6609.93MB/10835.89MB/7315.20MB)
Begin Static Power Report Generation
*----------------------------------------------------------------------------------------
*	Innovus 21.16-s078_1 (64bit) 12/07/2022 12:07 (Linux 3.10.0-693.el7.x86_64)
*	
*
* 	Date & Time:	2024-Aug-06 02:28:58 (2024-Aug-06 06:28:58 GMT)
*
*----------------------------------------------------------------------------------------
*
*	Design: sparx_cipher
*
*	Liberty Libraries used:
*	        generic_view: ../../../libraries/NangateOpenCellLibrary_slow_ccs.lib
*
*	Parasitic Files used:
*
*       Power View : generic_view
*
*       User-Defined Activity : N.A.
*
*       Activity File: N.A.
*
*       Hierarchical Global Activity: N.A.
*
*       Global Activity: N.A.
*
*       Sequential Element Activity: 0.200000
*
*       Primary Input Activity: 0.200000
*
*       Default icg ratio: N.A.
*
*       Global Comb ClockGate Ratio: N.A.
*
*	Power Units = 1mW
*
*	Time Units = 1e-09 secs
*
*       report_power
*
-----------------------------------------------------------------------------------------
  64 instances have no static power
*



Total Power
-----------------------------------------------------------------------------------------
Total Internal Power:        2.51632726 	   61.2972%
Total Switching Power:       1.24062090 	   30.2213%
Total Leakage Power:         0.34817475 	    8.4815%
Total Power:                 4.10512291
-----------------------------------------------------------------------------------------


Group                           Internal   Switching     Leakage       Total  Percentage 
                                Power      Power         Power         Power  (%)        
-----------------------------------------------------------------------------------------
Sequential                         1.015      0.1037      0.1356       1.255       30.56
Macro                                  0           0           0           0           0
IO                                     0           0           0           0           0
Combinational                     0.2142      0.2576      0.1372       0.609       14.83
Clock (Combinational)              1.287      0.8793      0.0754       2.241        54.6
Clock (Sequential)                     0           0           0           0           0
-----------------------------------------------------------------------------------------
Total                              2.516       1.241      0.3482       4.105         100
-----------------------------------------------------------------------------------------


Rail                  Voltage   Internal   Switching     Leakage       Total  Percentage 
                                Power      Power         Power         Power  (%)        
-----------------------------------------------------------------------------------------
VDD                      0.95      2.516       1.241      0.3482       4.105         100


Clock                           Internal   Switching     Leakage       Total  Percentage 
                                Power      Power         Power         Power  (%)        
-----------------------------------------------------------------------------------------
CRYPTOCLK                          1.287      0.8793      0.0754       2.241        54.6
-----------------------------------------------------------------------------------------
Total                              1.287      0.8793      0.0754       2.241        54.6
-----------------------------------------------------------------------------------------
Clock: CRYPTOCLK
Clock Period: 0.010000 usec 
Clock Toggle Rate:   200.0000 Mhz 
Clock Static Probability:  0.5000
  
 
 
-----------------------------------------------------------------------------------------
*	Power Distribution Summary: 
*              Highest Average Power:       CTS_ccl_a_buf_00096 (BUF_X32):          0.04365
*              Highest Leakage Power:         FE_USKC1340_CTS_6 (BUF_X32):        0.0005026
*                Total Cap:      6.49967e-11 F
*                Total instances in design:  9472
*                Total instances in design with no power:    64
*                Total instances in design with no activty:    64

*                Total Fillers and Decap:     0
-----------------------------------------------------------------------------------------
 
** INFO:  (VOLTUS_POWR-3465): There are 0 decaps and 0 fillers in the design

Ended Static Power Report Generation: (cpu=0:00:00, real=0:00:00,
mem(process/total/peak)=6612.40MB/10835.89MB/7315.20MB)

