###############################################################
#  Generated by:      Cadence Innovus 21.16-s078_1
#  OS:                Linux x86_64(Host ID ece004.ece.local.cmu.edu)
#  Generated on:      Tue Aug  6 02:28:59 2024
#  Design:            sparx_cipher
#  Command:           suspend
###############################################################

Start Checking pins of top cell: [sparx_cipher] 
Summary report for top level: [sparx_cipher] 
	Total Pins                         : 392
	Legally Assigned Pins              : 392
End of Summary report
End Checking pins of top cell: [sparx_cipher] 


==============================================================================================================================
                                                  checkPinAssignment Summary
==============================================================================================================================
Partition      | pads  | pins   | legal  | illegal | internal | internal illegal | FT     | FT illegal | constant | unplaced |
==============================================================================================================================
sparx_cipher   |     0 |    392 |    392 |       0 |        0 |                0 |      0 |          0 |        0 |        0 |
==============================================================================================================================
TOTAL          |     0 |    392 |    392 |       0 |        0 |                0 |      0 |          0 |        0 |        0 |
==============================================================================================================================
