( key_sched/K_reg_reg_0_ 60.825 62.695 64.055 64.095 )
( key_sched/K_reg_reg_1_ 21.685 38.895 24.915 40.295 )
( key_sched/K_reg_reg_2_ 52.275 34.695 55.505 36.095 )
( key_sched/K_reg_reg_3_ 62.345 47.295 65.575 48.695 )
( key_sched/K_reg_reg_4_ 44.105 37.495 47.335 38.895 )
( key_sched/K_reg_reg_5_ 65.005 38.895 68.235 40.295 )
( key_sched/K_reg_reg_6_ 37.455 41.695 40.685 43.095 )
( key_sched/K_reg_reg_7_ 27.195 82.295 30.425 83.695 )
( key_sched/K_reg_reg_8_ 43.915 71.095 47.145 72.495 )
( key_sched/K_reg_reg_9_ 6.675 75.295 9.905 76.695 )
( key_sched/K_reg_reg_10_ 7.245 55.695 10.475 57.095 )
( key_sched/K_reg_reg_11_ 3.635 85.095 6.865 86.495 )
( key_sched/K_reg_reg_12_ 48.665 55.695 51.895 57.095 )
( key_sched/K_reg_reg_13_ 44.865 57.095 48.095 58.495 )
( key_sched/K_reg_reg_14_ 16.175 65.495 19.405 66.895 )
( key_sched/K_reg_reg_15_ 13.325 41.695 16.555 43.095 )
( key_sched/K_reg_reg_16_ 61.965 61.295 65.195 62.695 )
( key_sched/K_reg_reg_17_ 22.825 41.695 26.055 43.095 )
( key_sched/K_reg_reg_18_ 55.505 37.495 58.735 38.895 )
( key_sched/K_reg_reg_19_ 64.435 45.895 67.665 47.295 )
( key_sched/K_reg_reg_20_ 39.735 38.895 42.965 40.295 )
( key_sched/K_reg_reg_21_ 68.425 41.695 71.655 43.095 )
( key_sched/K_reg_reg_22_ 29.285 38.895 32.515 40.295 )
( key_sched/K_reg_reg_23_ 30.995 79.495 34.225 80.895 )
( key_sched/K_reg_reg_24_ 54.555 72.495 57.785 73.895 )
( key_sched/K_reg_reg_25_ 11.995 68.295 15.225 69.695 )
( key_sched/K_reg_reg_26_ 11.805 52.895 15.035 54.295 )
( key_sched/K_reg_reg_27_ 7.055 79.495 10.285 80.895 )
( key_sched/K_reg_reg_28_ 48.475 57.095 51.705 58.495 )
( key_sched/K_reg_reg_29_ 42.015 55.695 45.245 57.095 )
( key_sched/K_reg_reg_30_ 13.515 61.295 16.745 62.695 )
( key_sched/K_reg_reg_31_ 13.705 45.895 16.935 47.295 )
( key_sched/K_reg_reg_32_ 56.075 58.495 59.305 59.895 )
( key_sched/K_reg_reg_33_ 7.245 41.695 10.475 43.095 )
( key_sched/K_reg_reg_34_ 50.565 48.695 53.795 50.095 )
( key_sched/K_reg_reg_35_ 55.125 47.295 58.355 48.695 )
( key_sched/K_reg_reg_36_ 38.785 40.295 42.015 41.695 )
( key_sched/K_reg_reg_37_ 65.575 44.495 68.805 45.895 )
( key_sched/K_reg_reg_38_ 30.235 40.295 33.465 41.695 )
( key_sched/K_reg_reg_39_ 30.805 75.295 34.035 76.695 )
( key_sched/K_reg_reg_40_ 50.565 69.695 53.795 71.095 )
( key_sched/K_reg_reg_41_ 3.825 71.095 7.055 72.495 )
( key_sched/K_reg_reg_42_ 6.865 54.295 10.095 55.695 )
( key_sched/K_reg_reg_43_ 3.065 80.895 6.295 82.295 )
( key_sched/K_reg_reg_44_ 51.325 58.495 54.555 59.895 )
( key_sched/K_reg_reg_45_ 34.415 57.095 37.645 58.495 )
( key_sched/K_reg_reg_46_ 4.205 62.695 7.435 64.095 )
( key_sched/K_reg_reg_47_ 5.915 43.095 9.145 44.495 )
( key_sched/K_reg_reg_48_ 56.645 59.895 59.875 61.295 )
( key_sched/K_reg_reg_49_ 15.985 43.095 19.215 44.495 )
( key_sched/K_reg_reg_50_ 50.945 47.295 54.175 48.695 )
( key_sched/K_reg_reg_51_ 58.735 52.895 61.965 54.295 )
( key_sched/K_reg_reg_52_ 41.445 48.695 44.675 50.095 )
( key_sched/K_reg_reg_53_ 61.015 44.495 64.245 45.895 )
( key_sched/K_reg_reg_54_ 31.185 45.895 34.415 47.295 )
( key_sched/K_reg_reg_55_ 28.525 72.495 31.755 73.895 )
( key_sched/K_reg_reg_56_ 46.005 68.295 49.235 69.695 )
( key_sched/K_reg_reg_57_ 8.765 68.295 11.995 69.695 )
( key_sched/K_reg_reg_58_ 16.935 52.895 20.165 54.295 )
( key_sched/K_reg_reg_59_ 4.965 78.095 8.195 79.495 )
( key_sched/K_reg_reg_60_ 53.985 64.095 57.215 65.495 )
( key_sched/K_reg_reg_61_ 37.835 55.695 41.065 57.095 )
( key_sched/K_reg_reg_62_ 7.625 59.895 10.855 61.295 )
( key_sched/K_reg_reg_63_ 4.775 48.695 8.005 50.095 )
( key_sched/K_reg_reg_64_ 53.415 59.895 56.645 61.295 )
( key_sched/K_reg_reg_65_ 18.455 47.295 21.685 48.695 )
( key_sched/K_reg_reg_66_ 45.055 51.495 48.285 52.895 )
( key_sched/K_reg_reg_67_ 57.785 51.495 61.015 52.895 )
( key_sched/K_reg_reg_68_ 39.355 45.895 42.585 47.295 )
( key_sched/K_reg_reg_69_ 61.775 41.695 65.005 43.095 )
( key_sched/K_reg_reg_70_ 27.195 44.495 30.425 45.895 )
( key_sched/K_reg_reg_71_ 28.525 73.895 31.755 75.295 )
( key_sched/K_reg_reg_72_ 49.235 68.295 52.465 69.695 )
( key_sched/K_reg_reg_73_ 2.495 69.695 5.725 71.095 )
( key_sched/K_reg_reg_74_ 3.065 55.695 6.295 57.095 )
( key_sched/K_reg_reg_75_ 2.875 82.295 6.105 83.695 )
( key_sched/K_reg_reg_76_ 41.255 62.695 44.485 64.095 )
( key_sched/K_reg_reg_77_ 30.805 58.495 34.035 59.895 )
( key_sched/K_reg_reg_78_ 4.395 59.895 7.625 61.295 )
( key_sched/K_reg_reg_79_ 3.255 45.895 6.485 47.295 )
( key_sched/K_reg_reg_80_ 53.225 62.695 56.455 64.095 )
( key_sched/K_reg_reg_81_ 3.445 44.495 6.675 45.895 )
( key_sched/K_reg_reg_82_ 46.195 47.295 49.425 48.695 )
( key_sched/K_reg_reg_83_ 51.895 51.495 55.125 52.895 )
( key_sched/K_reg_reg_84_ 39.165 47.295 42.395 48.695 )
( key_sched/K_reg_reg_85_ 58.355 47.295 61.585 48.695 )
( key_sched/K_reg_reg_86_ 27.195 47.295 30.425 48.695 )
( key_sched/K_reg_reg_87_ 22.255 82.295 25.485 83.695 )
( key_sched/K_reg_reg_88_ 45.435 72.495 48.665 73.895 )
( key_sched/K_reg_reg_89_ 2.875 73.895 6.105 75.295 )
( key_sched/K_reg_reg_90_ 3.065 61.295 6.295 62.695 )
( key_sched/K_reg_reg_91_ 2.685 86.495 5.915 87.895 )
( key_sched/K_reg_reg_92_ 30.045 65.495 33.275 66.895 )
( key_sched/K_reg_reg_93_ 19.405 62.695 22.635 64.095 )
( key_sched/K_reg_reg_94_ 3.825 64.095 7.055 65.495 )
( key_sched/K_reg_reg_95_ 3.635 54.295 6.865 55.695 )
( key_sched/K_reg_reg_96_ 52.465 66.895 55.695 68.295 )
( key_sched/K_reg_reg_97_ 23.585 48.695 26.815 50.095 )
( key_sched/K_reg_reg_98_ 47.335 40.295 50.565 41.695 )
( key_sched/K_reg_reg_99_ 61.015 51.495 64.245 52.895 )
( key_sched/K_reg_reg_100_ 38.595 43.095 41.825 44.495 )
( key_sched/K_reg_reg_101_ 56.835 38.895 60.065 40.295 )
( key_sched/K_reg_reg_102_ 27.765 43.095 30.995 44.495 )
( key_sched/K_reg_reg_103_ 25.295 76.695 28.525 78.095 )
( key_sched/K_reg_reg_104_ 43.535 76.695 46.765 78.095 )
( key_sched/K_reg_reg_105_ 3.635 72.495 6.865 73.895 )
( key_sched/K_reg_reg_106_ 6.105 57.095 9.335 58.495 )
( key_sched/K_reg_reg_107_ 4.775 76.695 8.005 78.095 )
( key_sched/K_reg_reg_108_ 43.725 64.095 46.955 65.495 )
( key_sched/K_reg_reg_109_ 33.465 61.295 36.695 62.695 )
( key_sched/K_reg_reg_110_ 3.065 65.495 6.295 66.895 )
( key_sched/K_reg_reg_111_ 3.445 50.095 6.675 51.495 )
( key_sched/K_reg_reg_112_ 52.465 68.295 55.695 69.695 )
( key_sched/K_reg_reg_113_ 16.935 45.895 20.165 47.295 )
( key_sched/K_reg_reg_114_ 50.375 52.895 53.605 54.295 )
( key_sched/K_reg_reg_115_ 51.325 50.095 54.555 51.495 )
( key_sched/K_reg_reg_116_ 46.765 50.095 49.995 51.495 )
( key_sched/K_reg_reg_117_ 55.125 44.495 58.355 45.895 )
( key_sched/K_reg_reg_118_ 30.995 50.095 34.225 51.495 )
( key_sched/K_reg_reg_119_ 25.295 72.495 28.525 73.895 )
( key_sched/K_reg_reg_120_ 49.045 78.095 52.275 79.495 )
( key_sched/K_reg_reg_121_ 3.445 75.295 6.675 76.695 )
( key_sched/K_reg_reg_122_ 2.495 57.095 5.725 58.495 )
( key_sched/K_reg_reg_123_ 2.495 83.695 5.725 85.095 )
( key_sched/K_reg_reg_124_ 49.235 66.895 52.465 68.295 )
( key_sched/K_reg_reg_125_ 36.505 64.095 39.735 65.495 )
( key_sched/K_reg_reg_126_ 4.585 66.895 7.815 68.295 )
( key_sched/K_reg_reg_127_ 7.245 50.095 10.475 51.495 )
( key_sched/Kp_reg_reg_0_ 68.615 72.495 71.845 73.895 )
( key_sched/Kp_reg_reg_1_ 42.395 22.095 45.625 23.495 )
( key_sched/Kp_reg_reg_2_ 68.615 22.095 71.845 23.495 )
( key_sched/Kp_reg_reg_3_ 69.945 23.495 73.175 24.895 )
( key_sched/Kp_reg_reg_4_ 61.205 20.695 64.435 22.095 )
( key_sched/Kp_reg_reg_5_ 70.325 33.295 73.555 34.695 )
( key_sched/Kp_reg_reg_6_ 52.465 20.695 55.695 22.095 )
( key_sched/Kp_reg_reg_7_ 56.645 82.295 59.875 83.695 )
( key_sched/Kp_reg_reg_8_ 67.855 78.095 71.085 79.495 )
( key_sched/Kp_reg_reg_9_ 45.815 85.095 49.045 86.495 )
( key_sched/Kp_reg_reg_10_ 35.935 48.695 39.165 50.095 )
( key_sched/Kp_reg_reg_11_ 38.025 86.495 41.255 87.895 )
( key_sched/Kp_reg_reg_12_ 70.895 66.895 74.125 68.295 )
( key_sched/Kp_reg_reg_13_ 63.865 71.095 67.095 72.495 )
( key_sched/Kp_reg_reg_14_ 32.515 69.695 35.745 71.095 )
( key_sched/Kp_reg_reg_15_ 34.225 22.095 37.455 23.495 )
( key_sched/Kp_reg_reg_16_ 75.075 72.495 78.305 73.895 )
( key_sched/Kp_reg_reg_17_ 42.205 24.895 45.435 26.295 )
( key_sched/Kp_reg_reg_18_ 65.005 24.895 68.235 26.295 )
( key_sched/Kp_reg_reg_19_ 75.835 26.295 79.065 27.695 )
( key_sched/Kp_reg_reg_20_ 55.505 22.095 58.735 23.495 )
( key_sched/Kp_reg_reg_21_ 75.075 33.295 78.305 34.695 )
( key_sched/Kp_reg_reg_22_ 50.375 22.095 53.605 23.495 )
( key_sched/Kp_reg_reg_23_ 56.265 79.495 59.495 80.895 )
( key_sched/Kp_reg_reg_24_ 69.375 83.695 72.605 85.095 )
( key_sched/Kp_reg_reg_25_ 44.105 79.495 47.335 80.895 )
( key_sched/Kp_reg_reg_26_ 32.325 52.895 35.555 54.295 )
( key_sched/Kp_reg_reg_27_ 38.405 82.295 41.635 83.695 )
( key_sched/Kp_reg_reg_28_ 76.975 64.095 80.205 65.495 )
( key_sched/Kp_reg_reg_29_ 62.915 65.495 66.145 66.895 )
( key_sched/Kp_reg_reg_30_ 33.655 65.495 36.885 66.895 )
( key_sched/Kp_reg_reg_31_ 31.185 23.495 34.415 24.895 )
( key_sched/Kp_reg_reg_32_ 78.495 83.695 81.725 85.095 )
( key_sched/Kp_reg_reg_33_ 51.135 19.295 54.365 20.695 )
( key_sched/Kp_reg_reg_34_ 68.805 16.495 72.035 17.895 )
( key_sched/Kp_reg_reg_35_ 74.885 19.295 78.115 20.695 )
( key_sched/Kp_reg_reg_36_ 60.825 15.095 64.055 16.495 )
( key_sched/Kp_reg_reg_37_ 75.645 15.095 78.875 16.495 )
( key_sched/Kp_reg_reg_38_ 53.795 43.095 57.025 44.495 )
( key_sched/Kp_reg_reg_39_ 61.205 85.095 64.435 86.495 )
( key_sched/Kp_reg_reg_40_ 76.975 86.495 80.205 87.895 )
( key_sched/Kp_reg_reg_41_ 55.885 87.895 59.115 89.295 )
( key_sched/Kp_reg_reg_42_ 41.445 31.895 44.675 33.295 )
( key_sched/Kp_reg_reg_43_ 46.195 87.895 49.425 89.295 )
( key_sched/Kp_reg_reg_44_ 79.635 65.495 82.865 66.895 )
( key_sched/Kp_reg_reg_45_ 71.655 64.095 74.885 65.495 )
( key_sched/Kp_reg_reg_46_ 40.685 71.095 43.915 72.495 )
( key_sched/Kp_reg_reg_47_ 39.925 19.295 43.155 20.695 )
( key_sched/Kp_reg_reg_48_ 67.855 75.295 71.085 76.695 )
( key_sched/Kp_reg_reg_49_ 49.615 16.495 52.845 17.895 )
( key_sched/Kp_reg_reg_50_ 66.525 15.095 69.755 16.495 )
( key_sched/Kp_reg_reg_51_ 73.555 17.895 76.785 19.295 )
( key_sched/Kp_reg_reg_52_ 61.015 16.495 64.245 17.895 )
( key_sched/Kp_reg_reg_53_ 72.415 15.095 75.645 16.495 )
( key_sched/Kp_reg_reg_54_ 56.075 41.695 59.305 43.095 )
( key_sched/Kp_reg_reg_55_ 61.395 78.095 64.625 79.495 )
( key_sched/Kp_reg_reg_56_ 73.935 83.695 77.165 85.095 )
( key_sched/Kp_reg_reg_57_ 53.225 85.095 56.455 86.495 )
( key_sched/Kp_reg_reg_58_ 43.915 27.695 47.145 29.095 )
( key_sched/Kp_reg_reg_59_ 46.385 82.295 49.615 83.695 )
( key_sched/Kp_reg_reg_60_ 79.065 43.095 82.295 44.495 )
( key_sched/Kp_reg_reg_61_ 66.145 62.695 69.375 64.095 )
( key_sched/Kp_reg_reg_62_ 42.775 68.295 46.005 69.695 )
( key_sched/Kp_reg_reg_63_ 41.255 17.895 44.485 19.295 )
( key_sched/Kp_reg_reg_64_ 77.925 76.695 81.155 78.095 )
( key_sched/Kp_reg_reg_65_ 49.425 24.895 52.655 26.295 )
( key_sched/Kp_reg_reg_66_ 68.995 26.295 72.225 27.695 )
( key_sched/Kp_reg_reg_67_ 78.495 22.095 81.725 23.495 )
( key_sched/Kp_reg_reg_68_ 61.775 24.895 65.005 26.295 )
( key_sched/Kp_reg_reg_69_ 79.255 29.095 82.485 30.495 )
( key_sched/Kp_reg_reg_70_ 57.595 27.695 60.825 29.095 )
( key_sched/Kp_reg_reg_71_ 64.245 83.695 67.475 85.095 )
( key_sched/Kp_reg_reg_72_ 77.355 82.295 80.585 83.695 )
( key_sched/Kp_reg_reg_73_ 53.225 80.895 56.455 82.295 )
( key_sched/Kp_reg_reg_74_ 43.535 50.095 46.765 51.495 )
( key_sched/Kp_reg_reg_75_ 40.875 78.095 44.105 79.495 )
( key_sched/Kp_reg_reg_76_ 81.155 71.095 84.385 72.495 )
( key_sched/Kp_reg_reg_77_ 71.655 71.095 74.885 72.495 )
( key_sched/Kp_reg_reg_78_ 41.255 66.895 44.485 68.295 )
( key_sched/Kp_reg_reg_79_ 35.175 26.295 38.405 27.695 )
( key_sched/Kp_reg_reg_80_ 78.685 73.895 81.915 75.295 )
( key_sched/Kp_reg_reg_81_ 45.435 24.895 48.665 26.295 )
( key_sched/Kp_reg_reg_82_ 66.715 27.695 69.945 29.095 )
( key_sched/Kp_reg_reg_83_ 79.065 26.295 82.295 27.695 )
( key_sched/Kp_reg_reg_84_ 58.545 24.895 61.775 26.295 )
( key_sched/Kp_reg_reg_85_ 77.165 31.895 80.395 33.295 )
( key_sched/Kp_reg_reg_86_ 53.985 30.495 57.215 31.895 )
( key_sched/Kp_reg_reg_87_ 65.575 80.895 68.805 82.295 )
( key_sched/Kp_reg_reg_88_ 77.355 79.495 80.585 80.895 )
( key_sched/Kp_reg_reg_89_ 49.235 79.495 52.465 80.895 )
( key_sched/Kp_reg_reg_90_ 44.675 52.895 47.905 54.295 )
( key_sched/Kp_reg_reg_91_ 39.735 80.895 42.965 82.295 )
( key_sched/Kp_reg_reg_92_ 78.115 68.295 81.345 69.695 )
( key_sched/Kp_reg_reg_93_ 68.995 68.295 72.225 69.695 )
( key_sched/Kp_reg_reg_94_ 37.455 65.495 40.685 66.895 )
( key_sched/Kp_reg_reg_95_ 39.165 26.295 42.395 27.695 )
( key_sched/Kp_reg_reg_96_ 74.505 85.095 77.735 86.495 )
( key_sched/Kp_reg_reg_97_ 47.145 17.895 50.375 19.295 )
( key_sched/Kp_reg_reg_98_ 64.245 16.495 67.475 17.895 )
( key_sched/Kp_reg_reg_99_ 70.325 17.895 73.555 19.295 )
( key_sched/Kp_reg_reg_100_ 57.595 15.095 60.825 16.495 )
( key_sched/Kp_reg_reg_101_ 72.795 27.695 76.025 29.095 )
( key_sched/Kp_reg_reg_102_ 52.085 17.895 55.315 19.295 )
( key_sched/Kp_reg_reg_103_ 61.585 86.495 64.815 87.895 )
( key_sched/Kp_reg_reg_104_ 71.275 85.095 74.505 86.495 )
( key_sched/Kp_reg_reg_105_ 52.655 87.895 55.885 89.295 )
( key_sched/Kp_reg_reg_106_ 34.225 50.095 37.455 51.495 )
( key_sched/Kp_reg_reg_107_ 42.965 87.895 46.195 89.295 )
( key_sched/Kp_reg_reg_108_ 76.595 71.095 79.825 72.495 )
( key_sched/Kp_reg_reg_109_ 68.425 71.095 71.655 72.495 )
( key_sched/Kp_reg_reg_110_ 35.175 73.895 38.405 75.295 )
( key_sched/Kp_reg_reg_111_ 36.695 19.295 39.925 20.695 )
( key_sched/Kp_reg_reg_112_ 71.085 78.095 74.315 79.495 )
( key_sched/Kp_reg_reg_113_ 45.815 19.295 49.045 20.695 )
( key_sched/Kp_reg_reg_114_ 63.105 19.295 66.335 20.695 )
( key_sched/Kp_reg_reg_115_ 69.375 20.695 72.605 22.095 )
( key_sched/Kp_reg_reg_116_ 55.505 17.895 58.735 19.295 )
( key_sched/Kp_reg_reg_117_ 70.325 30.495 73.555 31.895 )
( key_sched/Kp_reg_reg_118_ 52.275 45.895 55.505 47.295 )
( key_sched/Kp_reg_reg_119_ 59.115 87.895 62.345 89.295 )
( key_sched/Kp_reg_reg_120_ 68.235 82.295 71.465 83.695 )
( key_sched/Kp_reg_reg_121_ 49.425 87.895 52.655 89.295 )
( key_sched/Kp_reg_reg_122_ 37.835 54.295 41.065 55.695 )
( key_sched/Kp_reg_reg_123_ 42.775 86.495 46.005 87.895 )
( key_sched/Kp_reg_reg_124_ 70.325 69.695 73.555 71.095 )
( key_sched/Kp_reg_reg_125_ 61.395 66.895 64.625 68.295 )
( key_sched/Kp_reg_reg_126_ 38.595 72.495 41.825 73.895 )
( key_sched/Kp_reg_reg_127_ 34.605 24.895 37.835 26.295 )
