
Power Net Detected:
        Voltage	    Name
             0V	    VSS
          0.95V	    VDD
Using Power View: generic_view.
Load RC corner of view generic_view

Begin Power Analysis

             0V	    VSS
          0.95V	    VDD

Begin Processing Timing Library for Power Calculation

Begin Processing Timing Library for Power Calculation



Begin Processing Power Net/Grid for Power Calculation

Ended Processing Power Net/Grid for Power Calculation: (cpu=0:00:00, real=0:00:00, mem(process/total/peak)=3106.24MB/6390.34MB/3433.42MB)

Begin Processing Timing Window Data for Power Calculation

CLKIN(100MHz) CK: assigning clock CLKIN to net clk
Ended Processing Timing Window Data for Power Calculation: (cpu=0:00:00, real=0:00:00, mem(process/total/peak)=3106.52MB/6390.34MB/3433.42MB)

Begin Processing User Attributes

Ended Processing User Attributes: (cpu=0:00:00, real=0:00:00, mem(process/total/peak)=3106.62MB/6390.34MB/3433.42MB)

Begin Processing Signal Activity


Starting Levelizing
2024-Jul-30 00:49:10 (2024-Jul-30 04:49:10 GMT)
2024-Jul-30 00:49:10 (2024-Jul-30 04:49:10 GMT): 10%
2024-Jul-30 00:49:10 (2024-Jul-30 04:49:10 GMT): 20%
2024-Jul-30 00:49:10 (2024-Jul-30 04:49:10 GMT): 30%
2024-Jul-30 00:49:10 (2024-Jul-30 04:49:10 GMT): 40%
2024-Jul-30 00:49:10 (2024-Jul-30 04:49:10 GMT): 50%
2024-Jul-30 00:49:10 (2024-Jul-30 04:49:10 GMT): 60%
2024-Jul-30 00:49:10 (2024-Jul-30 04:49:10 GMT): 70%
2024-Jul-30 00:49:10 (2024-Jul-30 04:49:10 GMT): 80%
2024-Jul-30 00:49:10 (2024-Jul-30 04:49:10 GMT): 90%

Finished Levelizing
2024-Jul-30 00:49:10 (2024-Jul-30 04:49:10 GMT)

Starting Activity Propagation
2024-Jul-30 00:49:10 (2024-Jul-30 04:49:10 GMT)
** INFO:  (VOLTUS_POWR-1356): No default input activity has been set. Defaulting to 0.2.
Use 'set_default_switching_activity -input_activity' command to change the default activity value.

2024-Jul-30 00:49:10 (2024-Jul-30 04:49:10 GMT): 10%
2024-Jul-30 00:49:10 (2024-Jul-30 04:49:10 GMT): 20%
2024-Jul-30 00:49:10 (2024-Jul-30 04:49:10 GMT): 30%

Finished Activity Propagation
2024-Jul-30 00:49:11 (2024-Jul-30 04:49:11 GMT)
Ended Processing Signal Activity: (cpu=0:00:00, real=0:00:00, mem(process/total/peak)=3107.08MB/6390.34MB/3433.42MB)

Begin Power Computation

      ----------------------------------------------------------
      # of cell(s) missing both power/leakage table: 0
      # of cell(s) missing power table: 1
      # of cell(s) missing leakage table: 1
      ----------------------------------------------------------
CellName                                  Missing Table(s)
LOGIC0_X1                                 internal power, leakage power, 



Starting Calculating power
2024-Jul-30 00:49:11 (2024-Jul-30 04:49:11 GMT)
2024-Jul-30 00:49:11 (2024-Jul-30 04:49:11 GMT): 10%
2024-Jul-30 00:49:11 (2024-Jul-30 04:49:11 GMT): 20%
2024-Jul-30 00:49:11 (2024-Jul-30 04:49:11 GMT): 30%
2024-Jul-30 00:49:11 (2024-Jul-30 04:49:11 GMT): 40%
2024-Jul-30 00:49:11 (2024-Jul-30 04:49:11 GMT): 50%
2024-Jul-30 00:49:11 (2024-Jul-30 04:49:11 GMT): 60%
2024-Jul-30 00:49:11 (2024-Jul-30 04:49:11 GMT): 70%
2024-Jul-30 00:49:11 (2024-Jul-30 04:49:11 GMT): 80%
2024-Jul-30 00:49:11 (2024-Jul-30 04:49:11 GMT): 90%

Finished Calculating power
2024-Jul-30 00:49:11 (2024-Jul-30 04:49:11 GMT)
      # of MSMV cell(s) missing power_level: 0
Ended Power Computation: (cpu=0:00:01, real=0:00:00, mem(process/total/peak)=3114.58MB/6478.37MB/3433.42MB)

Begin Processing User Attributes

Ended Processing User Attributes: (cpu=0:00:00, real=0:00:00, mem(process/total/peak)=3114.58MB/6478.37MB/3433.42MB)

Ended Power Analysis: (cpu=0:00:02, real=0:00:01, mem(process/total/peak)=3114.58MB/6478.37MB/3433.42MB)

Begin Boundary Leakage Calculation
Ended Boundary Leakage Calculation: (cpu=0:00:00, real=0:00:00,
mem(process/total/peak)=3114.58MB/6478.37MB/3433.42MB)
Begin Static Power Report Generation
*----------------------------------------------------------------------------------------
*	Innovus 21.16-s078_1 (64bit) 12/07/2022 12:07 (Linux 3.10.0-693.el7.x86_64)
*	
*
* 	Date & Time:	2024-Jul-30 00:49:11 (2024-Jul-30 04:49:11 GMT)
*
*----------------------------------------------------------------------------------------
*
*	Design: top
*
*	Liberty Libraries used:
*	        generic_view: ../../../libraries/NangateOpenCellLibrary_slow_ccs.lib
*
*	Parasitic Files used:
*
*       Power View : generic_view
*
*       User-Defined Activity : N.A.
*
*       Activity File: N.A.
*
*       Hierarchical Global Activity: N.A.
*
*       Global Activity: N.A.
*
*       Sequential Element Activity: 0.200000
*
*       Primary Input Activity: 0.200000
*
*       Default icg ratio: N.A.
*
*       Global Comb ClockGate Ratio: N.A.
*
*	Power Units = 1mW
*
*	Time Units = 1e-09 secs
*
*       report_power
*
-----------------------------------------------------------------------------------------
  1 instances have no static power
** WARN:  (VOLTUS_POWR-2152): Instance TIE_CELL_LTIELO (LOGIC0_X1) has no static power. This might be because either the duty cycle and activity of all the connected nets
is 0 or the instance is connected to power off rails. If this is not the expected behaviour and static power is required, ensure that the instance is connected
to power on rails and that the duty cycle and activity of at least one net is not 0.

*



Total Power
-----------------------------------------------------------------------------------------
Total Internal Power:        0.91518540 	   38.6720%
Total Switching Power:       1.25102923 	   52.8634%
Total Leakage Power:         0.20031928 	    8.4647%
Total Power:                 2.36653391
-----------------------------------------------------------------------------------------


Group                           Internal   Switching     Leakage       Total  Percentage 
                                Power      Power         Power         Power  (%)        
-----------------------------------------------------------------------------------------
Sequential                        0.1509     0.04152       0.018      0.2104        8.89
Macro                                  0           0           0           0           0
IO                                     0           0           0           0           0
Combinational                     0.7526       1.164      0.1818       2.098       88.66
Clock (Combinational)            0.01177     0.04565   0.0005654     0.05798        2.45
Clock (Sequential)                     0           0           0           0           0
-----------------------------------------------------------------------------------------
Total                             0.9152       1.251      0.2003       2.367         100
-----------------------------------------------------------------------------------------


Rail                  Voltage   Internal   Switching     Leakage       Total  Percentage 
                                Power      Power         Power         Power  (%)        
-----------------------------------------------------------------------------------------
VDD                      0.95     0.9152       1.251      0.2003       2.367         100


Clock                           Internal   Switching     Leakage       Total  Percentage 
                                Power      Power         Power         Power  (%)        
-----------------------------------------------------------------------------------------
CLKIN                            0.01177     0.04565   0.0005654     0.05798        2.45
-----------------------------------------------------------------------------------------
Total                            0.01177     0.04565   0.0005654     0.05798        2.45
-----------------------------------------------------------------------------------------
Clock: CLKIN
Clock Period: 0.010000 usec 
Clock Toggle Rate:   200.0000 Mhz 
Clock Static Probability:  0.5000
  
 
 
-----------------------------------------------------------------------------------------
*	Power Distribution Summary: 
*              Highest Average Power:       CTS_ccl_a_buf_00002 (BUF_X4):          0.01271
*              Highest Leakage Power:       CTS_ccl_a_buf_00005 (BUF_X16):        0.0002513
*                Total Cap:      5.82702e-11 F
*                Total instances in design:  9489
*                Total instances in design with no power:     1
*                Total instances in design with no activty:     1

*                Total Fillers and Decap:     0
-----------------------------------------------------------------------------------------
 
** INFO:  (VOLTUS_POWR-3465): There are 0 decaps and 0 fillers in the design

Ended Static Power Report Generation: (cpu=0:00:00, real=0:00:00,
mem(process/total/peak)=3117.19MB/6478.37MB/3433.42MB)

