###############################################################
#  Generated by:      Cadence Innovus 21.16-s078_1
#  OS:                Linux x86_64(Host ID ece004.ece.local.cmu.edu)
#  Generated on:      Tue Jul 30 00:49:11 2024
#  Design:            top
#  Command:           check_connectivity
###############################################################
Verify Connectivity Report is created on Tue Jul 30 00:49:11 2024




Multi-CPU acceleration using 8 CPU


Use pthread

Net VDD: has special routes with opens at (1.600, 1.600) (111.690, 109.790)
Net VDD: has special routes with opens at (2.495, 2.410) (110.795, 3.185)
Net VDD: has special routes with opens at (2.495, 108.205) (110.795, 108.980)
Net VDD: dangling Wire at (2.495, 2.495) (2.495, 2.495) on layer: metal1
Net VDD: dangling Wire at (110.795, 2.495) (110.795, 2.495) on layer: metal1
Net VDD: dangling Wire at (2.495, 108.895) (2.495, 108.895) on layer: metal1
Net VDD: dangling Wire at (110.795, 108.895) (110.795, 108.895) on layer: metal1
Net VSS: has special routes with opens at (0.000, 0.000) (113.290, 111.390)
Net VSS: has special routes with opens at (2.495, 48.235) (110.795, 49.155)
Net VSS: has special routes with opens at (2.495, 51.035) (110.795, 51.955)
Net VSS: has special routes with opens at (2.495, 53.835) (110.795, 54.755)
Net VSS: has special routes with opens at (2.495, 56.635) (110.795, 57.555)
Net VSS: has special routes with opens at (2.495, 59.435) (110.795, 60.355)
Net VSS: has special routes with opens at (2.495, 62.235) (110.795, 63.155)
Net VSS: dangling Wire at (2.495, 3.895) (2.495, 3.895) on layer: metal1
Net VSS: dangling Wire at (2.495, 87.895) (2.495, 87.895) on layer: metal1

Begin Summary
    10 Problem(s) (IMPVFC-200): Special Wires: Pieces of the net are not connected together.
    6 Problem(s) (IMPVFC-94): The net has dangling wire(s).
    16 total info(s) created.
End Summary
