###############################################################
#  Generated by:      Cadence Innovus 21.16-s078_1
#  OS:                Linux x86_64(Host ID ece004.ece.local.cmu.edu)
#  Generated on:      Tue Jul 30 00:49:12 2024
#  Design:            top
#  Command:           check_pin_assignment
###############################################################

Start Checking pins of top cell: [top] 
Summary report for top level: [top] 
	Total Pins                         : 200
	Legally Assigned Pins              : 200
End of Summary report
End Checking pins of top cell: [top] 


===========================================================================================================================
                                                checkPinAssignment Summary
===========================================================================================================================
Partition   | pads  | pins   | legal  | illegal | internal | internal illegal | FT     | FT illegal | constant | unplaced |
===========================================================================================================================
top         |     0 |    200 |    200 |       0 |        0 |                0 |      0 |          0 |        0 |        0 |
===========================================================================================================================
TOTAL       |     0 |    200 |    200 |       0 |        0 |                0 |      0 |          0 |        0 |        0 |
===========================================================================================================================
