#Checking placement violation...
Begin checking placement ... (start mem=746.4M, init mem=746.4M)
*info: Placed = 12682          (Fixed = 13)
*info: Unplaced = 0           
Placement Density:51.38%(14224/27684)
Placement Density (including fixed std cells):51.38%(14224/27684)
Finished check_place (total: cpu=0:00:00.3, real=0:00:00.0; vio checks: cpu=0:00:00.1, real=0:00:00.0; mem=746.4M)
#cpu time = 00:00:00, elapsed time = 00:00:00, memory = 557.90 (MB), peak = 562.18 (MB)
#Checking wire integrity...
#cpu time = 00:00:00, elapsed time = 00:00:00, memory = 557.90 (MB), peak = 562.18 (MB)
Multithreaded Timing Analysis is initialized with 8 threads

#Checking unplaced instance...
#cpu time = 00:00:00, elapsed time = 00:00:00, memory = 516.21 (MB), peak = 781.93 (MB)
#Checking track...
#cpu time = 00:00:00, elapsed time = 00:00:00, memory = 516.21 (MB), peak = 781.93 (MB)
#Checking blocked track...
#cpu time = 00:00:00, elapsed time = 00:00:00, memory = 516.21 (MB), peak = 781.93 (MB)
#Checking 3rd-party violation...
#cpu time = 00:00:00, elapsed time = 00:00:00, memory = 516.21 (MB), peak = 781.93 (MB)
#Checking ECO route violation...
#cpu time = 00:00:00, elapsed time = 00:00:00, memory = 516.21 (MB), peak = 781.93 (MB)
#Checking unplaced I/O pin...
#cpu time = 00:00:00, elapsed time = 00:00:00, memory = 516.21 (MB), peak = 781.93 (MB)
#Checking same-cell violation...
#cpu time = 00:00:00, elapsed time = 00:00:00, memory = 516.22 (MB), peak = 781.93 (MB)
#Checking pin layer escape...
#cpu time = 00:00:00, elapsed time = 00:00:00, memory = 516.22 (MB), peak = 781.93 (MB)
*** Message Summary: 0 warning(s), 0 error(s)

