Total exposed area across net assets: 1878.62
Max exposure [%] across net assets: 100
Avg exposure [%] across net assets: 54.5857

#NetName TotalAreaNet PercentageExposedAreaNet
FE_OFN849_key_sched_G2_sbox_a_n33 2.2953 38.8991
FE_OFN79_key_sched_G2_sbox_c_out_2 15.4749 90.7812
FE_OFN78_key_sched_G2_sbox_c_out_3 16.5053 83.2675
FE_OFN67_key_sched_G2_sbox_c_out_4 14.0263 92.7099
FE_OFN65_key_sched_G2_sbox_d_out_3 5.3186 82.9062
FE_OFN33_key_sched_G2_in_13 2.09965 33.5723
FE_OFN24_key_sched_G2_sbox_b_n14 3.73345 54.9452
FE_OFN20_key_sched_G2_sbox_a_n300 1.19875 42.9385
FE_OFN19_key_sched_G2_sbox_a_n316 1.1676 62.7398
FE_OFN18_key_sched_G2_sbox_a_n326 2.94525 82.2698
key_sched/G2/n16 0.19005 53.407
key_sched/G2/n15 0.3353 67.9541
key_sched/G2/n14 0.3101 36.9074
key_sched/G2/n13 0.36295 54.3119
key_sched/G2/n12 0.3591 53.6062
key_sched/G2/n11 0.3976 49.2958
key_sched/G2/n10 0.3262 69.367
key_sched/G2/n9 0.3276 75
key_sched/G2/n8 0.23065 52.959
key_sched/G2/n7 0.4333 60.2585
key_sched/G2/n6 0.5124 70.9699
key_sched/G2/n5 0.2387 46.7742
key_sched/G2/n4 0.8323 10.2607
key_sched/G2/n3 0.3969 35.0088
key_sched/G2/n2 0.1498 84.1121
key_sched/G2/n1 0.3066 0
key_sched/G2/sbox_a/n448 3.3579 83.5731
key_sched/G2/sbox_a/n446 0.4872 49.4971
key_sched/G2/sbox_a/n445 0.4606 30.7751
key_sched/G2/sbox_a/n444 0.1127 89.1304
key_sched/G2/sbox_a/n443 0.2387 2.93255
key_sched/G2/sbox_a/n434 0.1491 36.1502
key_sched/G2/sbox_a/n433 0.2989 37.2951
key_sched/G2/sbox_a/n432 0.3192 20.6219
key_sched/G2/sbox_a/n431 0.7364 75.2376
key_sched/G2/sbox_a/n430 2.0552 41.0082
key_sched/G2/sbox_a/n429 3.0415 59.2693
key_sched/G2/sbox_a/n428 0.7763 16.7944
key_sched/G2/sbox_a/n427 0.1449 32.1256
key_sched/G2/sbox_a/n426 5.9185 82.2235
key_sched/G2/sbox_a/n425 4.82195 80.8817
key_sched/G2/sbox_a/n424 0.1218 26.0057
key_sched/G2/sbox_a/n423 0.7924 36.1307
key_sched/G2/sbox_a/n422 2.6117 47.6347
key_sched/G2/sbox_a/n421 2.0482 48.2912
key_sched/G2/sbox_a/n420 6.0193 80.457
key_sched/G2/sbox_a/n419 3.21055 38.6951
key_sched/G2/sbox_a/n418 2.7671 42.1579
key_sched/G2/sbox_a/n417 0.28035 21.3483
key_sched/G2/sbox_a/n416 0.3248 70.9052
key_sched/G2/sbox_a/n415 0.6664 52.3634
key_sched/G2/sbox_a/n414 1.5617 62.528
key_sched/G2/sbox_a/n413 2.2876 44.1478
key_sched/G2/sbox_a/n412 1.4574 25.1561
key_sched/G2/sbox_a/n411 1.9579 2.35839
key_sched/G2/sbox_a/n410 0.1967 52.847
key_sched/G2/sbox_a/n409 0.4193 12.5209
key_sched/G2/sbox_a/n408 0.15995 57.1116
key_sched/G2/sbox_a/n407 0.8498 40.3448
key_sched/G2/sbox_a/n406 2.37405 56.0298
key_sched/G2/sbox_a/n405 1.1683 47.2289
key_sched/G2/sbox_a/n404 0.665 30.6842
key_sched/G2/sbox_a/n403 1.5316 39.0882
key_sched/G2/sbox_a/n402 0.2786 63.9447
key_sched/G2/sbox_a/n401 3.7968 63.6431
key_sched/G2/sbox_a/n400 0.798 19.6711
key_sched/G2/sbox_a/n399 0.7294 47.2889
key_sched/G2/sbox_a/n398 0.1407 23.312
key_sched/G2/sbox_a/n397 0.1183 33.1361
key_sched/G2/sbox_a/n396 1.8165 32.8227
key_sched/G2/sbox_a/n395 0.0665 32.6316
key_sched/G2/sbox_a/n394 2.8861 55.0509
key_sched/G2/sbox_a/n393 4.4443 40.6875
key_sched/G2/sbox_a/n392 2.20045 44.6159
key_sched/G2/sbox_a/n391 3.95552 57.103
key_sched/G2/sbox_a/n390 0.9919 29.5292
key_sched/G2/sbox_a/n389 0.49 29.1786
key_sched/G2/sbox_a/n388 0.1281 0
key_sched/G2/sbox_a/n387 0.1309 33.1551
key_sched/G2/sbox_a/n386 7.65905 80.8116
key_sched/G2/sbox_a/n385 4.5829 64.1362
key_sched/G2/sbox_a/n384 4.8748 45.6383
key_sched/G2/sbox_a/n383 0.58695 42.7251
key_sched/G2/sbox_a/n382 1.5148 24.018
key_sched/G2/sbox_a/n381 0.34965 33.7838
key_sched/G2/sbox_a/n380 0.66885 16.9545
key_sched/G2/sbox_a/n379 1.26175 37.4341
key_sched/G2/sbox_a/n378 0.7406 40.0047
key_sched/G2/sbox_a/n377 1.3741 20.0458
key_sched/G2/sbox_a/n376 0.2464 44.6023
key_sched/G2/sbox_a/n375 0.2261 15.7121
key_sched/G2/sbox_a/n374 1.92745 48.2347
key_sched/G2/sbox_a/n373 0.44065 39.7538
key_sched/G2/sbox_a/n372 1.26 12.0278
key_sched/G2/sbox_a/n371 1.9803 59.3408
key_sched/G2/sbox_a/n370 7.44345 78.9143
key_sched/G2/sbox_a/n369 0.6244 37.472
key_sched/G2/sbox_a/n368 0.43575 30.1205
key_sched/G2/sbox_a/n367 0.1127 72.6708
key_sched/G2/sbox_a/n366 1.5666 68.9455
key_sched/G2/sbox_a/n365 0.175 16.6
key_sched/G2/sbox_a/n364 0.1897 85.7934
key_sched/G2/sbox_a/n363 3.4944 63.141
key_sched/G2/sbox_a/n362 0.1645 47.6596
key_sched/G2/sbox_a/n361 0.2142 71.8954
key_sched/G2/sbox_a/n360 6.951 65.3499
key_sched/G2/sbox_a/n359 2.3156 64.6765
key_sched/G2/sbox_a/n358 0.1995 69.6491
key_sched/G2/sbox_a/n357 1.81615 61.746
key_sched/G2/sbox_a/n356 2.9848 89.4348
key_sched/G2/sbox_a/n355 5.2934 60.1357
key_sched/G2/sbox_a/n354 4.3547 85.139
key_sched/G2/sbox_a/n353 0.07875 16
key_sched/G2/sbox_a/n352 2.99215 63.0717
key_sched/G2/sbox_a/n351 0.9779 60.5583
key_sched/G2/sbox_a/n350 0.7427 37.8181
key_sched/G2/sbox_a/n349 0.469 53.9552
key_sched/G2/sbox_a/n348 0.9429 49.7402
key_sched/G2/sbox_a/n347 0.2975 32.7059
key_sched/G2/sbox_a/n346 1.87705 47.1285
key_sched/G2/sbox_a/n345 1.98555 35.9157
key_sched/G2/sbox_a/n344 1.8704 30.9412
key_sched/G2/sbox_a/n343 3.57385 53.6725
key_sched/G2/sbox_a/n342 6.8586 67.0111
key_sched/G2/sbox_a/n341 3.75725 53.3302
key_sched/G2/sbox_a/n340 1.8844 11.4599
key_sched/G2/sbox_a/n339 0.2317 18.429
key_sched/G2/sbox_a/n338 0.5201 68.4051
key_sched/G2/sbox_a/n337 1.83085 43.2422
key_sched/G2/sbox_a/n336 0.1736 42.3387
key_sched/G2/sbox_a/n335 1.0283 52.791
key_sched/G2/sbox_a/n334 1.94005 39.7799
key_sched/G2/sbox_a/n333 0.3276 19.0705
key_sched/G2/sbox_a/n332 1.81545 49.7494
key_sched/G2/sbox_a/n331 1.21135 39.4106
key_sched/G2/sbox_a/n330 0.3437 56.9756
key_sched/G2/sbox_a/n329 2.25645 32.3096
key_sched/G2/sbox_a/n328 3.3033 73.8027
key_sched/G2/sbox_a/n327 0.238 37.0588
key_sched/G2/sbox_a/n326 0.0875 63
key_sched/G2/sbox_a/n325 0.0686 57.1429
key_sched/G2/sbox_a/n324 1.1879 70.2416
key_sched/G2/sbox_a/n323 0.0924 26.5152
key_sched/G2/sbox_a/n322 0.6244 36.1267
key_sched/G2/sbox_a/n321 1.4126 28.9891
key_sched/G2/sbox_a/n320 3.4573 52.3638
key_sched/G2/sbox_a/n319 2.2057 52.1739
key_sched/G2/sbox_a/n318 3.4174 53.3081
key_sched/G2/sbox_a/n317 0.46795 36.4996
key_sched/G2/sbox_a/n316 0.9408 21.9122
key_sched/G2/sbox_a/n315 0.87465 56.8627
key_sched/G2/sbox_a/n314 1.1193 59.7874
key_sched/G2/sbox_a/n313 0.1442 57.2816
key_sched/G2/sbox_a/n312 0.2261 78.3282
key_sched/G2/sbox_a/n311 0.7322 74.9044
key_sched/G2/sbox_a/n310 0.5929 9.20897
key_sched/G2/sbox_a/n309 0.6174 55.5556
key_sched/G2/sbox_a/n308 2.3352 48.7153
key_sched/G2/sbox_a/n307 0.2604 0
key_sched/G2/sbox_a/n306 3.31975 65.0395
key_sched/G2/sbox_a/n305 0.6958 50.1258
key_sched/G2/sbox_a/n304 2.8546 29.5365
key_sched/G2/sbox_a/n303 3.07825 32.4673
key_sched/G2/sbox_a/n302 0.2457 96.0114
key_sched/G2/sbox_a/n301 0.8015 64.6507
key_sched/G2/sbox_a/n300 1.7388 44.7061
key_sched/G2/sbox_a/n299 0.5404 5.89378
key_sched/G2/sbox_a/n298 0.1351 14.2487
key_sched/G2/sbox_a/n297 2.7867 54.8731
key_sched/G2/sbox_a/n296 3.09085 53.5557
key_sched/G2/sbox_a/n295 6.6584 70.0852
key_sched/G2/sbox_a/n294 1.3244 41.5037
key_sched/G2/sbox_a/n293 1.4434 66.9738
key_sched/G2/sbox_a/n292 0.6167 29.8241
key_sched/G2/sbox_a/n291 0.5649 93.9281
key_sched/G2/sbox_a/n290 0.2772 59.4697
key_sched/G2/sbox_a/n289 2.9771 55.6313
key_sched/G2/sbox_a/n288 0.546 45.4487
key_sched/G2/sbox_a/n287 1.5295 47.6888
key_sched/G2/sbox_a/n286 1.533 55.3653
key_sched/G2/sbox_a/n285 0.5929 25.5313
key_sched/G2/sbox_a/n284 1.3986 58.1832
key_sched/G2/sbox_a/n283 0.47915 30.4602
key_sched/G2/sbox_a/n282 1.3797 30.8346
key_sched/G2/sbox_a/n281 0.3143 37.4165
key_sched/G2/sbox_a/n280 0.1617 0.4329
key_sched/G2/sbox_a/n279 6.1964 70.7326
key_sched/G2/sbox_a/n278 0.4123 38.4975
key_sched/G2/sbox_a/n277 0.1176 54.1667
key_sched/G2/sbox_a/n276 1.18755 63.13
key_sched/G2/sbox_a/n275 0.3143 68.931
key_sched/G2/sbox_a/n274 0.0952 24.2647
key_sched/G2/sbox_a/n273 0.2513 11.6992
key_sched/G2/sbox_a/n272 0.86415 45.1976
key_sched/G2/sbox_a/n271 4.5948 50.4418
key_sched/G2/sbox_a/n270 2.03385 43.4004
key_sched/G2/sbox_a/n269 0.5817 55.2518
key_sched/G2/sbox_a/n268 0.6209 52.5648
key_sched/G2/sbox_a/n267 0.203 83.1034
key_sched/G2/sbox_a/n266 0.8638 67.1191
key_sched/G2/sbox_a/n265 0.48755 17.6956
key_sched/G2/sbox_a/n264 6.2237 55.9386
key_sched/G2/sbox_a/n263 0.6559 35.9925
key_sched/G2/sbox_a/n262 0.2821 1.73697
key_sched/G2/sbox_a/n261 0.1309 70.5882
key_sched/G2/sbox_a/n260 0.5271 16.0691
key_sched/G2/sbox_a/n259 2.0727 29.3385
key_sched/G2/sbox_a/n258 1.1144 47.723
key_sched/G2/sbox_a/n257 2.87 4.86585
key_sched/G2/sbox_a/n256 0.931 65.6015
key_sched/G2/sbox_a/n255 0.1183 14.0533
key_sched/G2/sbox_a/n254 3.19585 50.7995
key_sched/G2/sbox_a/n253 2.7657 55.3205
key_sched/G2/sbox_a/n252 4.63155 77.7904
key_sched/G2/sbox_a/n251 0.3101 93.4537
key_sched/G2/sbox_a/n250 1.0892 34.5437
key_sched/G2/sbox_a/n249 0.2674 52.6178
key_sched/G2/sbox_a/n248 2.667 41.0696
key_sched/G2/sbox_a/n247 1.4252 53.7696
key_sched/G2/sbox_a/n246 0.7091 62.1422
key_sched/G2/sbox_a/n245 0.7126 53.831
key_sched/G2/sbox_a/n243 0.2723 19.5373
key_sched/G2/sbox_a/n242 0.6601 1.03393
key_sched/G2/sbox_a/n241 0.57015 38.6039
key_sched/G2/sbox_a/n240 4.2707 67.7676
key_sched/G2/sbox_a/n239 0.1876 38.806
key_sched/G2/sbox_a/n238 1.2075 61.1014
key_sched/G2/sbox_a/n237 2.716 47.7964
key_sched/G2/sbox_a/n236 0.1218 28.1609
key_sched/G2/sbox_a/n235 0.22785 27.4962
key_sched/G2/sbox_a/n234 2.3051 54.1452
key_sched/G2/sbox_a/n233 3.15735 53.2036
key_sched/G2/sbox_a/n232 0.82145 18.5373
key_sched/G2/sbox_a/n231 0.4081 64.3225
key_sched/G2/sbox_a/n230 2.0055 47.356
key_sched/G2/sbox_a/n229 2.04715 0.290648
key_sched/G2/sbox_a/n228 0.3444 26.7276
key_sched/G2/sbox_a/n227 1.2621 66.8469
key_sched/G2/sbox_a/n226 4.5892 52.6007
key_sched/G2/sbox_a/n225 0.2982 7.277
key_sched/G2/sbox_a/n224 1.38005 56.5813
key_sched/G2/sbox_a/n223 0.2779 67.5063
key_sched/G2/sbox_a/n222 0.1218 8.47701
key_sched/G2/sbox_a/n221 0.4515 0.166113
key_sched/G2/sbox_a/n220 1.5372 54.77
key_sched/G2/sbox_a/n219 1.79725 19.8832
key_sched/G2/sbox_a/n218 1.4833 66.0386
key_sched/G2/sbox_a/n217 2.0615 39.9576
key_sched/G2/sbox_a/n216 1.5603 33.2212
key_sched/G2/sbox_a/n215 0.97405 47.3949
key_sched/G2/sbox_a/n214 0.43855 48.1245
key_sched/G2/sbox_a/n213 0.7889 35.1819
key_sched/G2/sbox_a/n212 3.3558 82.2278
key_sched/G2/sbox_a/n211 0.29085 48.0144
key_sched/G2/sbox_a/n210 0.154 6.81818
key_sched/G2/sbox_a/n209 1.6443 39.304
key_sched/G2/sbox_a/n208 4.65885 74.1492
key_sched/G2/sbox_a/n207 2.92145 69.1506
key_sched/G2/sbox_a/n206 2.80945 46.1318
key_sched/G2/sbox_a/n205 0.2744 64.0306
key_sched/G2/sbox_a/n204 0.2492 67.6966
key_sched/G2/sbox_a/n203 0.3269 2.89079
key_sched/G2/sbox_a/n202 0.756 28.3796
key_sched/G2/sbox_a/n201 0.2723 36.3753
key_sched/G2/sbox_a/n200 0.1344 20.0521
key_sched/G2/sbox_a/n199 0.2828 24.6994
key_sched/G2/sbox_a/n198 0.26355 27.8884
key_sched/G2/sbox_a/n197 0.1127 10.8696
key_sched/G2/sbox_a/n196 3.5644 61.4592
key_sched/G2/sbox_a/n195 0.44205 39.5883
key_sched/G2/sbox_a/n194 3.2004 61.8368
key_sched/G2/sbox_a/n193 4.4037 79.3356
key_sched/G2/sbox_a/n192 0.4221 79.4776
key_sched/G2/sbox_a/n191 0.4536 58.7963
key_sched/G2/sbox_a/n190 1.2985 70.7817
key_sched/G2/sbox_a/n189 8.76785 93.5052
key_sched/G2/sbox_a/n188 0.1442 37.8641
key_sched/G2/sbox_a/n187 1.8879 12.453
key_sched/G2/sbox_a/n186 3.16575 70.6302
key_sched/G2/sbox_a/n185 0.2555 16.0861
key_sched/G2/sbox_a/n184 0.9758 78.9993
key_sched/G2/sbox_a/n183 0.5362 0.456919
key_sched/G2/sbox_a/n182 2.3835 57.7984
key_sched/G2/sbox_a/n181 10.6235 90.5215
key_sched/G2/sbox_a/n180 0.4389 60.2073
key_sched/G2/sbox_a/n179 0.742 32.6651
key_sched/G2/sbox_a/n178 0.917 60.687
key_sched/G2/sbox_a/n177 0.26985 30.6096
key_sched/G2/sbox_a/n176 4.25985 37.0923
key_sched/G2/sbox_a/n175 2.51755 50.0973
key_sched/G2/sbox_a/n174 0.2002 12.7622
key_sched/G2/sbox_a/n173 1.1473 29.4234
key_sched/G2/sbox_a/n172 0.42875 40.2449
key_sched/G2/sbox_a/n171 0.2863 13.6919
key_sched/G2/sbox_a/n170 1.295 61.8919
key_sched/G2/sbox_a/n169 0.1092 11.2179
key_sched/G2/sbox_a/n168 0.13405 31.0705
key_sched/G2/sbox_a/n167 0.4305 68.1301
key_sched/G2/sbox_a/n166 0.5012 70.6704
key_sched/G2/sbox_a/n165 0.3801 41.6667
key_sched/G2/sbox_a/n164 3.4209 81.4252
key_sched/G2/sbox_a/n163 0.49595 14.2908
key_sched/G2/sbox_a/n162 1.365 59.4231
key_sched/G2/sbox_a/n161 5.5993 73.3248
key_sched/G2/sbox_a/n160 2.0083 35.7616
key_sched/G2/sbox_a/n159 3.416 85.4098
key_sched/G2/sbox_a/n158 0.96915 35.5002
key_sched/G2/sbox_a/n157 3.4615 76.5774
key_sched/G2/sbox_a/n156 0.1596 55.7018
key_sched/G2/sbox_a/n155 0.8939 53.3673
key_sched/G2/sbox_a/n154 0.6146 51.8793
key_sched/G2/sbox_a/n153 0.2912 56.9712
key_sched/G2/sbox_a/n152 0.098 55
key_sched/G2/sbox_a/n151 0.511 29.9658
key_sched/G2/sbox_a/n150 3.1241 90.7013
key_sched/G2/sbox_a/n149 0.1309 64.1711
key_sched/G2/sbox_a/n148 1.07065 30.1733
key_sched/G2/sbox_a/n147 0.5495 42.4841
key_sched/G2/sbox_a/n146 0.3759 0
key_sched/G2/sbox_a/n145 0.1176 10.4167
key_sched/G2/sbox_a/n144 2.56445 52.1428
key_sched/G2/sbox_a/n143 2.98305 91.8691
key_sched/G2/sbox_a/n142 1.1249 36.2099
key_sched/G2/sbox_a/n141 0.40775 75.3648
key_sched/G2/sbox_a/n140 0.1351 35.1962
key_sched/G2/sbox_a/n139 0.25725 20.9524
key_sched/G2/sbox_a/n138 4.24025 84.9525
key_sched/G2/sbox_a/n137 1.2299 51.2094
key_sched/G2/sbox_a/n136 0.34475 55.736
key_sched/G2/sbox_a/n135 0.1491 72.77
key_sched/G2/sbox_a/n134 0.2695 17.3377
key_sched/G2/sbox_a/n133 0.2044 33.3904
key_sched/G2/sbox_a/n132 0.0784 37.5
key_sched/G2/sbox_a/n131 1.3181 21.5613
key_sched/G2/sbox_a/n130 0.0665 52.6316
key_sched/G2/sbox_a/n129 1.2306 27.639
key_sched/G2/sbox_a/n128 0.6636 44.673
key_sched/G2/sbox_a/n127 1.8634 47.3892
key_sched/G2/sbox_a/n126 0.51275 26.7577
key_sched/G2/sbox_a/n125 0.511 67.8767
key_sched/G2/sbox_a/n124 1.59215 60.5628
key_sched/G2/sbox_a/n123 0.5733 21.0928
key_sched/G2/sbox_a/n122 0.1638 61.859
key_sched/G2/sbox_a/n121 0.1183 62.426
key_sched/G2/sbox_a/n120 0.4963 27.2214
key_sched/G2/sbox_a/n119 0.3948 37.766
key_sched/G2/sbox_a/n118 0.5096 38.8049
key_sched/G2/sbox_a/n117 0.1351 27.2021
key_sched/G2/sbox_a/n116 0.3038 48.9055
key_sched/G2/sbox_a/n115 0.2674 0
key_sched/G2/sbox_a/n114 0.3066 41.3242
key_sched/G2/sbox_a/n113 0.301 31.6279
key_sched/G2/sbox_a/n110 0.1043 54.3624
key_sched/G2/sbox_a/n109 0.4088 23.3733
key_sched/G2/sbox_a/n108 5.35815 58.6681
key_sched/G2/sbox_a/n107 1.65725 42.5479
key_sched/G2/sbox_a/n106 3.24835 55.522
key_sched/G2/sbox_a/n105 0.32795 71.9317
key_sched/G2/sbox_a/n104 0.2058 0
key_sched/G2/sbox_a/n103 0.1582 21.6814
key_sched/G2/sbox_a/n102 1.4189 62.3705
key_sched/G2/sbox_a/n101 0.1764 8.33333
key_sched/G2/sbox_a/n100 0.5712 6.43382
key_sched/G2/sbox_a/n99 3.3187 54.2713
key_sched/G2/sbox_a/n98 0.469 35.6716
key_sched/G2/sbox_a/n97 0.1078 60.7143
key_sched/G2/sbox_a/n95 0.8099 51.1668
key_sched/G2/sbox_a/n94 2.1105 26.7081
key_sched/G2/sbox_a/n93 0.1743 25.3012
key_sched/G2/sbox_a/n92 0.99435 48.3281
key_sched/G2/sbox_a/n91 0.0784 8.92857
key_sched/G2/sbox_a/n90 0.2128 39.3092
key_sched/G2/sbox_a/n89 1.911 48.0769
key_sched/G2/sbox_a/n88 0.9947 59.0429
key_sched/G2/sbox_a/n87 0.4683 45.142
key_sched/G2/sbox_a/n86 0.2107 19.4352
key_sched/G2/sbox_a/n85 0.6587 72.848
key_sched/G2/sbox_a/n84 0.9506 19.109
key_sched/G2/sbox_a/n83 0.3017 15.6613
key_sched/G2/sbox_a/n82 0.1708 25.8197
key_sched/G2/sbox_a/n81 0.33635 24.0375
key_sched/G2/sbox_a/n80 0.0952 25.7353
key_sched/G2/sbox_a/n79 2.2113 51.4324
key_sched/G2/sbox_a/n78 0.3178 45.7599
key_sched/G2/sbox_a/n77 0.1183 68.9349
key_sched/G2/sbox_a/n76 0.2065 34.9153
key_sched/G2/sbox_a/n75 0.88445 54.076
key_sched/G2/sbox_a/n74 0.0819 2.5641
key_sched/G2/sbox_a/n73 4.19335 38.381
key_sched/G2/sbox_a/n72 2.30685 31.2775
key_sched/G2/sbox_a/n71 0.8841 38.0641
key_sched/G2/sbox_a/n67 0.0868 37.5
key_sched/G2/sbox_a/n66 0.1589 93.8326
key_sched/G2/sbox_a/n65 1.2355 10.5099
key_sched/G2/sbox_a/n64 0.0784 43.3036
key_sched/G2/sbox_a/n63 0.1995 28.0702
key_sched/G2/sbox_a/n62 0.7497 56.3659
key_sched/G2/sbox_a/n61 0.2149 35.8306
key_sched/G2/sbox_a/n60 0.13055 18.9008
key_sched/G2/sbox_a/n59 0.19145 40.0366
key_sched/G2/sbox_a/n58 1.87845 36.24
key_sched/G2/sbox_a/n57 0.68775 54.7583
key_sched/G2/sbox_a/n56 1.8837 78.4281
key_sched/G2/sbox_a/n55 0.0966 55.7971
key_sched/G2/sbox_a/n54 3.1927 35.5076
key_sched/G2/sbox_a/n53 0.15925 86.1538
key_sched/G2/sbox_a/n52 0.0917 38.9313
key_sched/G2/sbox_a/n51 1.4658 74.6299
key_sched/G2/sbox_a/n50 0.8631 67.0722
key_sched/G2/sbox_a/n49 0.2513 32.0334
key_sched/G2/sbox_a/n48 0.294 16.1224
key_sched/G2/sbox_a/n47 0.3668 47.042
key_sched/G2/sbox_a/n44 0.1729 55.668
key_sched/G2/sbox_a/n43 0.2702 2.72021
key_sched/G2/sbox_a/n42 0.1015 41.0345
key_sched/G2/sbox_a/n41 0.29435 42.0333
key_sched/G2/sbox_a/n40 0.3136 37.5558
key_sched/G2/sbox_a/n39 4.2728 83.5231
key_sched/G2/sbox_a/n38 0.0784 46.875
key_sched/G2/sbox_a/n37 0.504 69.0774
key_sched/G2/sbox_a/n36 0.2737 90.9024
key_sched/G2/sbox_a/n35 0.371 38.6321
key_sched/G2/sbox_a/n34 0.5887 12.069
key_sched/G2/sbox_a/n33 0.0693 33.3333
key_sched/G2/sbox_a/n32 0.2723 82.0051
key_sched/G2/sbox_a/n30 0.1134 79.6296
key_sched/G2/sbox_a/n29 0.1617 53.0303
key_sched/G2/sbox_a/n28 0.89145 31.5665
key_sched/G2/sbox_a/n27 0.8323 42.0942
key_sched/G2/sbox_a/n26 0.4606 29.8632
key_sched/G2/sbox_a/n24 0.4669 59.0705
key_sched/G2/sbox_a/n23 0.1015 61.3793
key_sched/G2/sbox_a/n22 0.1176 49.4048
key_sched/G2/sbox_a/n21 0.9835 61.4235
key_sched/G2/sbox_a/n20 1.90645 40.4535
key_sched/G2/sbox_a/n19 0.2464 37.5609
key_sched/G2/sbox_a/n17 1.3881 20.1462
key_sched/G2/sbox_a/n16 0.4466 18.2602
key_sched/G2/sbox_a/n13 0.08505 51.4403
key_sched/G2/sbox_a/n12 0.1729 77.3279
key_sched/G2/sbox_a/n11 2.35725 60.0074
key_sched/G2/sbox_a/n10 0.1449 36.715
key_sched/G2/sbox_a/n9 0.1344 57.2917
key_sched/G2/sbox_a/n8 0.22295 59.3407
key_sched/G2/sbox_a/n7 0.1015 90.3448
key_sched/G2/sbox_a/n6 0.0784 50
key_sched/G2/sbox_a/n5 0.8316 68.0766
key_sched/G2/sbox_a/n4 0.6265 89.7207
key_sched/G2/sbox_a/n3 0.0532 0
key_sched/G2/sbox_b/n396 0.5166 53.4553
key_sched/G2/sbox_b/n395 1.20785 47.7253
key_sched/G2/sbox_b/n394 0.1792 63.2813
key_sched/G2/sbox_b/n393 1.5687 10.9326
key_sched/G2/sbox_b/n392 3.8262 73.3031
key_sched/G2/sbox_b/n391 1.6429 66.2974
key_sched/G2/sbox_b/n390 0.92645 51.4167
key_sched/G2/sbox_b/n389 0.56805 54.5903
key_sched/G2/sbox_b/n388 1.38075 42.8119
key_sched/G2/sbox_b/n387 0.3059 22.4256
key_sched/G2/sbox_b/n386 0.1904 22.2426
key_sched/G2/sbox_b/n385 2.527 67.4792
key_sched/G2/sbox_b/n384 0.6419 73.2824
key_sched/G2/sbox_b/n383 0.5537 47.2819
key_sched/G2/sbox_b/n382 0.1064 69.0789
key_sched/G2/sbox_b/n381 1.27855 75.089
key_sched/G2/sbox_b/n380 0.25305 54.2185
key_sched/G2/sbox_b/n379 8.2061 90.4376
key_sched/G2/sbox_b/n378 0.0784 50
key_sched/G2/sbox_b/n377 1.4637 63.6777
key_sched/G2/sbox_b/n376 2.54275 67.8871
key_sched/G2/sbox_b/n375 1.62925 63.8776
key_sched/G2/sbox_b/n374 0.364 48.228
key_sched/G2/sbox_b/n373 0.75215 55.82
key_sched/G2/sbox_b/n372 1.1984 33.8347
key_sched/G2/sbox_b/n371 1.8011 28.0412
key_sched/G2/sbox_b/n370 0.23555 8.32095
key_sched/G2/sbox_b/n369 2.9239 65.6033
key_sched/G2/sbox_b/n368 4.2287 53.8103
key_sched/G2/sbox_b/n367 0.9765 46.3262
key_sched/G2/sbox_b/n366 0.8232 33.8861
key_sched/G2/sbox_b/n365 0.36225 16.4251
key_sched/G2/sbox_b/n364 1.7626 63.1056
key_sched/G2/sbox_b/n363 1.9929 37.0189
key_sched/G2/sbox_b/n362 0.0854 65.5738
key_sched/G2/sbox_b/n361 0.1309 9.35829
key_sched/G2/sbox_b/n360 0.5124 81.8306
key_sched/G2/sbox_b/n359 3.1143 76.5324
key_sched/G2/sbox_b/n358 1.35135 40.3263
key_sched/G2/sbox_b/n357 1.2348 30.3146
key_sched/G2/sbox_b/n356 0.4032 33.8542
key_sched/G2/sbox_b/n355 0.7651 70.5039
key_sched/G2/sbox_b/n354 0.9198 81.8493
key_sched/G2/sbox_b/n353 0.3248 76.5086
key_sched/G2/sbox_b/n352 5.922 88.4102
key_sched/G2/sbox_b/n351 0.1232 61.3636
key_sched/G2/sbox_b/n350 4.41945 62.7046
key_sched/G2/sbox_b/n349 4.34945 47.2157
key_sched/G2/sbox_b/n348 2.22705 24.1238
key_sched/G2/sbox_b/n347 1.2026 62.0343
key_sched/G2/sbox_b/n346 2.7923 60.7044
key_sched/G2/sbox_b/n345 2.4087 49.041
key_sched/G2/sbox_b/n344 1.85115 76.7847
key_sched/G2/sbox_b/n343 0.7112 54.8967
key_sched/G2/sbox_b/n342 1.2341 52.1412
key_sched/G2/sbox_b/n341 1.3363 49.4238
key_sched/G2/sbox_b/n340 0.4697 78.2414
key_sched/G2/sbox_b/n339 2.88627 35.5181
key_sched/G2/sbox_b/n338 6.25555 88.1469
key_sched/G2/sbox_b/n337 0.1813 41.6988
key_sched/G2/sbox_b/n336 0.2023 58.3045
key_sched/G2/sbox_b/n335 1.81125 71.5887
key_sched/G2/sbox_b/n334 0.1169 24.8503
key_sched/G2/sbox_b/n333 0.11165 25.3918
key_sched/G2/sbox_b/n332 2.83045 60.7271
key_sched/G2/sbox_b/n331 1.2075 60.1739
key_sched/G2/sbox_b/n330 0.3129 17.5615
key_sched/G2/sbox_b/n329 0.63175 32.4377
key_sched/G2/sbox_b/n328 0.5306 37.9947
key_sched/G2/sbox_b/n327 3.18045 66.0559
key_sched/G2/sbox_b/n326 0.9681 32.0137
key_sched/G2/sbox_b/n325 0.4396 62.8185
key_sched/G2/sbox_b/n324 0.8533 19.4832
key_sched/G2/sbox_b/n323 0.5236 51.4037
key_sched/G2/sbox_b/n322 1.813 61.5637
key_sched/G2/sbox_b/n321 0.5299 43.362
key_sched/G2/sbox_b/n320 1.4749 55.5292
key_sched/G2/sbox_b/n319 0.29085 67.2684
key_sched/G2/sbox_b/n318 0.9751 55.1866
key_sched/G2/sbox_b/n317 0.2471 65.4391
key_sched/G2/sbox_b/n316 0.3941 38.4547
key_sched/G2/sbox_b/n315 0.0917 53.4351
key_sched/G2/sbox_b/n314 0.4249 60.7084
key_sched/G2/sbox_b/n313 0.33775 53.5751
key_sched/G2/sbox_b/n312 0.2856 66.3866
key_sched/G2/sbox_b/n311 0.8134 40.7917
key_sched/G2/sbox_b/n310 0.6545 45.6684
key_sched/G2/sbox_b/n309 1.4987 94.5503
key_sched/G2/sbox_b/n308 0.3388 5.99174
key_sched/G2/sbox_b/n307 0.4256 29.4819
key_sched/G2/sbox_b/n306 0.63 16.5556
key_sched/G2/sbox_b/n305 3.1276 70.8594
key_sched/G2/sbox_b/n304 0.53795 38.5817
key_sched/G2/sbox_b/n303 1.52425 50.023
key_sched/G2/sbox_b/n302 5.7939 74.4201
key_sched/G2/sbox_b/n301 1.6814 58.2015
key_sched/G2/sbox_b/n300 0.4515 58.5271
key_sched/G2/sbox_b/n299 0.1085 18.7097
key_sched/G2/sbox_b/n298 1.98135 72.6992
key_sched/G2/sbox_b/n297 2.268 59.6142
key_sched/G2/sbox_b/n296 2.91375 27.027
key_sched/G2/sbox_b/n295 1.8235 47.4184
key_sched/G2/sbox_b/n294 1.2663 33.2011
key_sched/G2/sbox_b/n293 2.0209 47.1857
key_sched/G2/sbox_b/n292 1.785 27.1078
key_sched/G2/sbox_b/n291 0.0595 24.1176
key_sched/G2/sbox_b/n290 0.5187 89.6086
key_sched/G2/sbox_b/n289 0.18305 73.9962
key_sched/G2/sbox_b/n288 0.2653 54.0897
key_sched/G2/sbox_b/n287 0.3073 49.5444
key_sched/G2/sbox_b/n286 0.2219 1.81388
key_sched/G2/sbox_b/n285 1.10215 72.2769
key_sched/G2/sbox_b/n284 0.2037 34.1924
key_sched/G2/sbox_b/n283 0.6034 49.3329
key_sched/G2/sbox_b/n282 5.2458 73.9191
key_sched/G2/sbox_b/n281 3.7527 56.5986
key_sched/G2/sbox_b/n280 1.9572 67.9721
key_sched/G2/sbox_b/n279 2.0979 67.2339
key_sched/G2/sbox_b/n278 0.2786 43.7186
key_sched/G2/sbox_b/n277 1.7724 50.4739
key_sched/G2/sbox_b/n276 1.4266 49.9755
key_sched/G2/sbox_b/n275 3.75795 59.6582
key_sched/G2/sbox_b/n274 0.2961 56.383
key_sched/G2/sbox_b/n273 2.36565 67.0957
key_sched/G2/sbox_b/n272 2.8042 85.7152
key_sched/G2/sbox_b/n271 1.4042 67.9444
key_sched/G2/sbox_b/n270 0.64575 76.3415
key_sched/G2/sbox_b/n269 2.289 97.9664
key_sched/G2/sbox_b/n268 1.49555 62.2998
key_sched/G2/sbox_b/n267 1.1417 66.0638
key_sched/G2/sbox_b/n266 2.8168 41.8604
key_sched/G2/sbox_b/n265 0.24745 44.6959
key_sched/G2/sbox_b/n264 5.0407 80.3673
key_sched/G2/sbox_b/n263 0.4403 61.1288
key_sched/G2/sbox_b/n262 0.1414 38.1188
key_sched/G2/sbox_b/n261 3.40235 49.7634
key_sched/G2/sbox_b/n260 0.161 87.8261
key_sched/G2/sbox_b/n259 4.4149 84.1939
key_sched/G2/sbox_b/n258 3.8045 76.6927
key_sched/G2/sbox_b/n257 0.3724 30.8271
key_sched/G2/sbox_b/n256 0.2261 55.1084
key_sched/G2/sbox_b/n255 4.03585 89.2767
key_sched/G2/sbox_b/n254 0.33985 15.9629
key_sched/G2/sbox_b/n253 1.53545 50.5927
key_sched/G2/sbox_b/n252 0.9177 58.8809
key_sched/G2/sbox_b/n251 2.96135 15.9024
key_sched/G2/sbox_b/n250 4.3883 55.3056
key_sched/G2/sbox_b/n249 2.3002 70.8308
key_sched/G2/sbox_b/n248 2.4829 54.5954
key_sched/G2/sbox_b/n247 3.98195 76.224
key_sched/G2/sbox_b/n246 0.0966 69.5652
key_sched/G2/sbox_b/n245 5.09425 48.967
key_sched/G2/sbox_b/n244 0.0952 51.4706
key_sched/G2/sbox_b/n243 0.1722 63.8211
key_sched/G2/sbox_b/n242 2.87735 90.6581
key_sched/G2/sbox_b/n241 0.6223 58.4927
key_sched/G2/sbox_b/n240 2.5886 60.0624
key_sched/G2/sbox_b/n239 5.08515 56.3872
key_sched/G2/sbox_b/n238 1.8263 40.4287
key_sched/G2/sbox_b/n237 1.88545 55.683
key_sched/G2/sbox_b/n236 4.60915 74.7095
key_sched/G2/sbox_b/n235 0.0532 0
key_sched/G2/sbox_b/n234 1.91975 70.2175
key_sched/G2/sbox_b/n233 4.165 71
key_sched/G2/sbox_b/n232 0.94395 43.8821
key_sched/G2/sbox_b/n231 0.4284 65.768
key_sched/G2/sbox_b/n230 1.2971 67.7685
key_sched/G2/sbox_b/n229 0.1722 62.6016
key_sched/G2/sbox_b/n228 3.0639 93.8771
key_sched/G2/sbox_b/n227 0.8554 21.2561
key_sched/G2/sbox_b/n226 0.1477 36.3913
key_sched/G2/sbox_b/n225 0.4984 30.302
key_sched/G2/sbox_b/n224 0.1589 0.991189
key_sched/G2/sbox_b/n223 3.0002 85.7485
key_sched/G2/sbox_b/n222 0.5698 61.9779
key_sched/G2/sbox_b/n221 0.1876 44.0299
key_sched/G2/sbox_b/n220 1.0605 46.1881
key_sched/G2/sbox_b/n219 5.04035 54.6371
key_sched/G2/sbox_b/n218 0.5579 39.2409
key_sched/G2/sbox_b/n217 0.5845 46.7066
key_sched/G2/sbox_b/n216 3.1374 45.1807
key_sched/G2/sbox_b/n215 4.33055 46.7874
key_sched/G2/sbox_b/n214 1.04475 60
key_sched/G2/sbox_b/n213 0.4501 60.5365
key_sched/G2/sbox_b/n212 0.3227 0
key_sched/G2/sbox_b/n211 0.4837 40.0868
key_sched/G2/sbox_b/n210 1.27155 58.1888
key_sched/G2/sbox_b/n209 1.0836 72.3837
key_sched/G2/sbox_b/n208 6.3105 82.7573
key_sched/G2/sbox_b/n207 2.79265 54.4528
key_sched/G2/sbox_b/n206 2.8196 81.61
key_sched/G2/sbox_b/n205 1.1865 67.1534
key_sched/G2/sbox_b/n204 1.834 90.6775
key_sched/G2/sbox_b/n203 1.043 48.0872
key_sched/G2/sbox_b/n202 0.2478 69.3503
key_sched/G2/sbox_b/n201 0.105 67.3333
key_sched/G2/sbox_b/n200 0.7553 55.5375
key_sched/G2/sbox_b/n199 3.577 61.0861
key_sched/G2/sbox_b/n198 2.35375 83.5836
key_sched/G2/sbox_b/n197 0.3248 49.4612
key_sched/G2/sbox_b/n196 3.1675 51.8485
key_sched/G2/sbox_b/n195 3.6267 74.7415
key_sched/G2/sbox_b/n194 1.18475 20.6267
key_sched/G2/sbox_b/n193 0.3647 54.1267
key_sched/G2/sbox_b/n192 0.6265 57.9888
key_sched/G2/sbox_b/n191 1.0409 62.6765
key_sched/G2/sbox_b/n190 0.64715 54.0331
key_sched/G2/sbox_b/n189 0.9933 47.6039
key_sched/G2/sbox_b/n188 0.1218 45.1149
key_sched/G2/sbox_b/n187 0.2023 42.5606
key_sched/G2/sbox_b/n186 0.1015 65.5172
key_sched/G2/sbox_b/n185 2.1469 21.8944
key_sched/G2/sbox_b/n184 0.5432 61.6624
key_sched/G2/sbox_b/n183 1.5064 69.7723
key_sched/G2/sbox_b/n182 0.2513 70.3343
key_sched/G2/sbox_b/n181 2.2757 67.3353
key_sched/G2/sbox_b/n180 1.2873 32.2866
key_sched/G2/sbox_b/n179 0.3766 3.48513
key_sched/G2/sbox_b/n178 0.3703 35.7278
key_sched/G2/sbox_b/n177 3.02645 52.365
key_sched/G2/sbox_b/n176 2.36495 56.46
key_sched/G2/sbox_b/n175 0.6181 61.3817
key_sched/G2/sbox_b/n174 1.2173 36.1415
key_sched/G2/sbox_b/n173 0.6097 45.6946
key_sched/G2/sbox_b/n172 2.3842 68.1885
key_sched/G2/sbox_b/n171 2.3408 78.7081
key_sched/G2/sbox_b/n170 1.21345 52.3219
key_sched/G2/sbox_b/n169 0.1323 42.5926
key_sched/G2/sbox_b/n168 0.6748 43.8278
key_sched/G2/sbox_b/n167 0.2541 28.3747
key_sched/G2/sbox_b/n166 0.9562 59.3704
key_sched/G2/sbox_b/n165 1.15675 57.9123
key_sched/G2/sbox_b/n164 1.34995 55.8724
key_sched/G2/sbox_b/n163 0.1183 40.3846
key_sched/G2/sbox_b/n162 2.7755 45.8323
key_sched/G2/sbox_b/n161 0.8841 46.061
key_sched/G2/sbox_b/n160 0.4935 44.7163
key_sched/G2/sbox_b/n159 0.9513 37.638
key_sched/G2/sbox_b/n158 3.5014 77.1991
key_sched/G2/sbox_b/n157 4.09745 57.7347
key_sched/G2/sbox_b/n156 0.3108 63.7387
key_sched/G2/sbox_b/n155 4.0586 74.2282
key_sched/G2/sbox_b/n154 1.6156 32.0841
key_sched/G2/sbox_b/n153 2.6614 67.6683
key_sched/G2/sbox_b/n152 0.4088 9.58904
key_sched/G2/sbox_b/n151 0.1617 24.2424
key_sched/G2/sbox_b/n150 0.4123 45.0764
key_sched/G2/sbox_b/n149 0.11935 19.3548
key_sched/G2/sbox_b/n148 0.8393 23.1234
key_sched/G2/sbox_b/n147 2.6467 33.1724
key_sched/G2/sbox_b/n146 1.9642 62.1347
key_sched/G2/sbox_b/n145 0.5586 26.0965
key_sched/G2/sbox_b/n144 0.2653 30.6069
key_sched/G2/sbox_b/n143 0.7805 53.4529
key_sched/G2/sbox_b/n142 1.071 64.4281
key_sched/G2/sbox_b/n141 0.9548 60.6305
key_sched/G2/sbox_b/n140 0.7574 61.2754
key_sched/G2/sbox_b/n139 1.1417 57.4954
key_sched/G2/sbox_b/n138 0.08505 46.0905
key_sched/G2/sbox_b/n137 0.7469 57.0056
key_sched/G2/sbox_b/n136 0.1281 23.3607
key_sched/G2/sbox_b/n135 0.812 62.3738
key_sched/G2/sbox_b/n134 0.5831 62.0648
key_sched/G2/sbox_b/n133 0.2436 62.069
key_sched/G2/sbox_b/n132 2.0013 95.2256
key_sched/G2/sbox_b/n131 0.0945 58.5185
key_sched/G2/sbox_b/n130 0.3871 47.365
key_sched/G2/sbox_b/n129 1.4007 23.5132
key_sched/G2/sbox_b/n128 1.1221 57.2052
key_sched/G2/sbox_b/n127 3.5098 77.4603
key_sched/G2/sbox_b/n126 5.0582 90.247
key_sched/G2/sbox_b/n125 7.10027 69.4058
key_sched/G2/sbox_b/n124 2.50425 75.5556
key_sched/G2/sbox_b/n123 0.3941 55.595
key_sched/G2/sbox_b/n122 0.1225 4.28571
key_sched/G2/sbox_b/n121 0.6349 49.8346
key_sched/G2/sbox_b/n120 1.5554 57.7183
key_sched/G2/sbox_b/n119 0.1092 27.4038
key_sched/G2/sbox_b/n118 2.20255 46.3213
key_sched/G2/sbox_b/n117 0.4249 52.4535
key_sched/G2/sbox_b/n116 1.7143 51.8987
key_sched/G2/sbox_b/n115 0.1183 45.5621
key_sched/G2/sbox_b/n114 0.9709 24.7477
key_sched/G2/sbox_b/n113 0.2779 36.5239
key_sched/G2/sbox_b/n112 3.7667 74.2845
key_sched/G2/sbox_b/n111 5.63045 79.9403
key_sched/G2/sbox_b/n110 0.2562 41.3934
key_sched/G2/sbox_b/n109 0.8673 39.7094
key_sched/G2/sbox_b/n108 0.1848 8.52273
key_sched/G2/sbox_b/n107 0.2597 17.4528
key_sched/G2/sbox_b/n106 1.88265 25.1202
key_sched/G2/sbox_b/n105 3.654 60.4789
key_sched/G2/sbox_b/n104 1.6926 57.4545
key_sched/G2/sbox_b/n103 0.0917 42.7481
key_sched/G2/sbox_b/n102 2.67155 57.841
key_sched/G2/sbox_b/n101 0.09835 30.9609
key_sched/G2/sbox_b/n100 3.86505 85.2939
key_sched/G2/sbox_b/n99 3.7037 82.7915
key_sched/G2/sbox_b/n98 0.1029 71.4286
key_sched/G2/sbox_b/n97 0.2296 54.2683
key_sched/G2/sbox_b/n96 0.175 41.2
key_sched/G2/sbox_b/n95 0.8057 55.6473
key_sched/G2/sbox_b/n94 0.8057 81.0165
key_sched/G2/sbox_b/n93 0.29365 40.5244
key_sched/G2/sbox_b/n92 0.74935 54.4138
key_sched/G2/sbox_b/n91 2.4458 43.7352
key_sched/G2/sbox_b/n90 1.0199 33.2189
key_sched/G2/sbox_b/n89 1.0066 46.8558
key_sched/G2/sbox_b/n88 1.0969 47.085
key_sched/G2/sbox_b/n87 2.0244 74.2047
key_sched/G2/sbox_b/n86 1.1949 47.9643
key_sched/G2/sbox_b/n85 0.7763 13.1876
key_sched/G2/sbox_b/n84 0.7938 45.3042
key_sched/G2/sbox_b/n83 3.6995 83.8505
key_sched/G2/sbox_b/n82 0.4256 44.5313
key_sched/G2/sbox_b/n81 0.2226 41.195
key_sched/G2/sbox_b/n80 1.42345 11.0155
key_sched/G2/sbox_b/n79 2.1091 98.3737
key_sched/G2/sbox_b/n78 0.5866 56.8019
key_sched/G2/sbox_b/n77 3.1143 56.5994
key_sched/G2/sbox_b/n76 0.47915 54.9306
key_sched/G2/sbox_b/n75 3.0562 52.4107
key_sched/G2/sbox_b/n74 3.44855 57.3625
key_sched/G2/sbox_b/n73 0.0819 29.9145
key_sched/G2/sbox_b/n72 3.92875 66.5212
key_sched/G2/sbox_b/n71 0.2275 0
key_sched/G2/sbox_b/n70 0.4123 44.0577
key_sched/G2/sbox_b/n69 0.462 25.6818
key_sched/G2/sbox_b/n68 1.8879 33.5558
key_sched/G2/sbox_b/n67 0.784 39.6875
key_sched/G2/sbox_b/n66 0.1092 73.0769
key_sched/G2/sbox_b/n65 0.1449 93.2367
key_sched/G2/sbox_b/n64 0.5166 64.9051
key_sched/G2/sbox_b/n63 1.29045 31.7331
key_sched/G2/sbox_b/n62 2.2148 78.0025
key_sched/G2/sbox_b/n61 1.9747 28.1777
key_sched/G2/sbox_b/n60 0.22435 53.6661
key_sched/G2/sbox_b/n59 0.1722 74.3902
key_sched/G2/sbox_b/n58 0.1316 41.7553
key_sched/G2/sbox_b/n57 1.31705 64.9216
key_sched/G2/sbox_b/n56 2.8938 72.1275
key_sched/G2/sbox_b/n55 0.8351 69.6982
key_sched/G2/sbox_b/n54 3.0919 80.2468
key_sched/G2/sbox_b/n53 0.6349 55.8159
key_sched/G2/sbox_b/n52 1.36885 56.047
key_sched/G2/sbox_b/n51 0.6727 54.9428
key_sched/G2/sbox_b/n50 0.17675 47.9208
key_sched/G2/sbox_b/n49 0.9625 34.4364
key_sched/G2/sbox_b/n48 0.2961 52.1277
key_sched/G2/sbox_b/n47 0.2114 68.0464
key_sched/G2/sbox_b/n46 1.2103 40.3846
key_sched/G2/sbox_b/n45 0.4438 9.85804
key_sched/G2/sbox_b/n44 0.2261 36.9969
key_sched/G2/sbox_b/n43 0.0812 24.7845
key_sched/G2/sbox_b/n42 0.4256 20.8882
key_sched/G2/sbox_b/n41 0.42385 61.6846
key_sched/G2/sbox_b/n40 0.18375 82.8571
key_sched/G2/sbox_b/n39 0.1183 53.2544
key_sched/G2/sbox_b/n38 0.15365 58.0866
key_sched/G2/sbox_b/n37 0.427 54.3443
key_sched/G2/sbox_b/n36 0.1848 22.5379
key_sched/G2/sbox_b/n35 1.4994 18.0906
key_sched/G2/sbox_b/n34 0.1281 21.8579
key_sched/G2/sbox_b/n33 1.20995 70.35
key_sched/G2/sbox_b/n32 2.86475 55.4307
key_sched/G2/sbox_b/n31 0.4109 43.2709
key_sched/G2/sbox_b/n30 1.3769 50.9532
key_sched/G2/sbox_b/n29 0.3514 48.5558
key_sched/G2/sbox_b/n28 2.6327 66.2723
key_sched/G2/sbox_b/n27 0.0882 72.2222
key_sched/G2/sbox_b/n26 0.2037 59.7938
key_sched/G2/sbox_b/n25 0.3192 41.7215
key_sched/G2/sbox_b/n24 0.17955 50.4873
key_sched/G2/sbox_b/n23 1.74405 67.3089
key_sched/G2/sbox_b/n22 0.105 23.1667
key_sched/G2/sbox_b/n21 0.5278 61.8037
key_sched/G2/sbox_b/n20 0.1932 82.2464
key_sched/G2/sbox_b/n19 0.5166 39.818
key_sched/G2/sbox_b/n18 1.21835 34.9756
key_sched/G2/sbox_b/n17 0.7714 43.8067
key_sched/G2/sbox_b/n16 2.1721 60.933
key_sched/G2/sbox_b/n15 0.04515 46.5116
key_sched/G2/sbox_b/n14 0.0966 65.942
key_sched/G2/sbox_b/n13 0.15995 30.6346
key_sched/G2/sbox_b/n12 1.76085 65.4343
key_sched/G2/sbox_b/n11 0.532 47.8618
key_sched/G2/sbox_b/n10 0.2828 41.8936
key_sched/G2/sbox_b/n9 0.189 63.7037
key_sched/G2/sbox_b/n8 0.1085 62.9032
key_sched/G2/sbox_b/n7 1.3601 70.8569
key_sched/G2/sbox_b/n6 0.56 41.9375
key_sched/G2/sbox_b/n5 0.5621 57.9078
key_sched/G2/sbox_b/n4 0.52885 65.1224
key_sched/G2/sbox_b/n3 0.1463 55.2632
key_sched/G2/sbox_b/n2 0.5453 34.3389
key_sched/G2/sbox_b/n1 0.0784 75
key_sched/G2/sbox_c/n390 0.4466 60.5016
key_sched/G2/sbox_c/n389 1.86515 64.2804
key_sched/G2/sbox_c/n388 0.2471 74.221
key_sched/G2/sbox_c/n387 0.1456 64.9038
key_sched/G2/sbox_c/n386 0.3108 56.7568
key_sched/G2/sbox_c/n385 0.6573 52.3429
key_sched/G2/sbox_c/n384 2.03035 71.8497
key_sched/G2/sbox_c/n383 1.1592 56.9444
key_sched/G2/sbox_c/n382 3.10485 74.283
key_sched/G2/sbox_c/n381 5.0344 55.9893
key_sched/G2/sbox_c/n380 0.88795 57.7257
key_sched/G2/sbox_c/n379 0.7931 64.2101
key_sched/G2/sbox_c/n378 2.3149 78.6816
key_sched/G2/sbox_c/n377 1.07555 35.7584
key_sched/G2/sbox_c/n376 5.03405 49.626
key_sched/G2/sbox_c/n375 2.331 75.1952
key_sched/G2/sbox_c/n374 2.9309 85.2281
key_sched/G2/sbox_c/n373 2.07655 72.7962
key_sched/G2/sbox_c/n372 2.0685 75.1269
key_sched/G2/sbox_c/n371 0.581 30.8434
key_sched/G2/sbox_c/n370 0.3283 16.4179
key_sched/G2/sbox_c/n369 0.1582 46.6814
key_sched/G2/sbox_c/n368 1.48995 51.5386
key_sched/G2/sbox_c/n367 9.0965 92.5067
key_sched/G2/sbox_c/n366 0.0917 11.4504
key_sched/G2/sbox_c/n365 2.76535 72.9211
key_sched/G2/sbox_c/n364 1.55715 57.2263
key_sched/G2/sbox_c/n363 0.21665 12.4394
key_sched/G2/sbox_c/n362 2.42655 66.0609
key_sched/G2/sbox_c/n361 1.1081 54.7063
key_sched/G2/sbox_c/n360 1.1963 72.8496
key_sched/G2/sbox_c/n359 0.3542 46.598
key_sched/G2/sbox_c/n358 0.3997 77.8084
key_sched/G2/sbox_c/n357 0.3087 58.714
key_sched/G2/sbox_c/n356 1.73915 72.6375
key_sched/G2/sbox_c/n355 3.12235 79.1167
key_sched/G2/sbox_c/n354 0.1442 0
key_sched/G2/sbox_c/n353 2.2624 79.0002
key_sched/G2/sbox_c/n352 0.5642 42.1836
key_sched/G2/sbox_c/n351 0.3955 49.2035
key_sched/G2/sbox_c/n350 1.3209 79.7827
key_sched/G2/sbox_c/n349 0.3724 26.3158
key_sched/G2/sbox_c/n348 0.3374 39.3894
key_sched/G2/sbox_c/n347 0.4004 35.4021
key_sched/G2/sbox_c/n346 4.82125 80.559
key_sched/G2/sbox_c/n345 6.0704 84.2943
key_sched/G2/sbox_c/n344 4.39653 58.1164
key_sched/G2/sbox_c/n343 4.01905 65.5516
key_sched/G2/sbox_c/n342 6.7424 90.7807
key_sched/G2/sbox_c/n341 1.9999 71.2811
key_sched/G2/sbox_c/n340 0.602 59.2442
key_sched/G2/sbox_c/n339 1.92325 55.0409
key_sched/G2/sbox_c/n338 0.5572 62.1231
key_sched/G2/sbox_c/n337 2.3891 71.7844
key_sched/G2/sbox_c/n336 0.4879 70.3013
key_sched/G2/sbox_c/n335 0.7105 90.7389
key_sched/G2/sbox_c/n334 0.2562 49.8634
key_sched/G2/sbox_c/n333 0.462 71.7424
key_sched/G2/sbox_c/n332 0.098 65
key_sched/G2/sbox_c/n331 1.50815 72.4298
key_sched/G2/sbox_c/n330 3.4167 65.1455
key_sched/G2/sbox_c/n329 1.323 53.0159
key_sched/G2/sbox_c/n328 0.7917 62.7763
key_sched/G2/sbox_c/n327 0.3374 15.612
key_sched/G2/sbox_c/n326 4.96265 94.4848
key_sched/G2/sbox_c/n325 0.24675 32.766
key_sched/G2/sbox_c/n324 3.346 39.932
key_sched/G2/sbox_c/n323 0.80465 89.4954
key_sched/G2/sbox_c/n322 7.0049 88.9902
key_sched/G2/sbox_c/n321 1.52075 39.3917
key_sched/G2/sbox_c/n320 2.2043 76.8339
key_sched/G2/sbox_c/n319 0.0819 67.094
key_sched/G2/sbox_c/n318 0.6391 55.9146
key_sched/G2/sbox_c/n317 4.46565 84.9126
key_sched/G2/sbox_c/n316 0.1015 22.7586
key_sched/G2/sbox_c/n315 0.2345 1.34328
key_sched/G2/sbox_c/n314 1.98765 49.9736
key_sched/G2/sbox_c/n313 2.3632 63.5219
key_sched/G2/sbox_c/n312 1.232 59.862
key_sched/G2/sbox_c/n311 0.1211 33.526
key_sched/G2/sbox_c/n310 0.4676 54.9401
key_sched/G2/sbox_c/n309 1.94635 46.7298
key_sched/G2/sbox_c/n308 5.0211 55.7612
key_sched/G2/sbox_c/n307 1.5708 51.348
key_sched/G2/sbox_c/n306 0.94605 65.9452
key_sched/G2/sbox_c/n305 2.65825 57.9592
key_sched/G2/sbox_c/n304 5.77185 81.5072
key_sched/G2/sbox_c/n303 4.1986 64.3548
key_sched/G2/sbox_c/n302 1.0213 23.2253
key_sched/G2/sbox_c/n301 2.14025 66.6394
key_sched/G2/sbox_c/n300 0.3801 61.8785
key_sched/G2/sbox_c/n299 1.3223 63.1816
key_sched/G2/sbox_c/n298 0.9058 54.8107
key_sched/G2/sbox_c/n297 1.2859 66.9298
key_sched/G2/sbox_c/n296 5.8401 71.8087
key_sched/G2/sbox_c/n295 1.554 42.3504
key_sched/G2/sbox_c/n294 0.83615 53.9766
key_sched/G2/sbox_c/n293 0.0399 3.44612
key_sched/G2/sbox_c/n292 1.2705 41.8772
key_sched/G2/sbox_c/n291 3.1143 91.3464
key_sched/G2/sbox_c/n290 0.8988 46.6316
key_sched/G2/sbox_c/n289 0.9387 67.226
key_sched/G2/sbox_c/n288 0.2058 88.0952
key_sched/G2/sbox_c/n287 0.2576 86.6848
key_sched/G2/sbox_c/n286 0.9002 77.4883
key_sched/G2/sbox_c/n285 0.0882 69.4444
key_sched/G2/sbox_c/n284 0.0784 58.0357
key_sched/G2/sbox_c/n283 0.2254 45.8075
key_sched/G2/sbox_c/n282 6.6066 82.6189
key_sched/G2/sbox_c/n281 3.2676 89.5458
key_sched/G2/sbox_c/n280 0.84875 67.2459
key_sched/G2/sbox_c/n279 0.12495 35.014
key_sched/G2/sbox_c/n278 1.48015 44.3131
key_sched/G2/sbox_c/n277 1.1711 50.0747
key_sched/G2/sbox_c/n276 0.525 73.7333
key_sched/G2/sbox_c/n275 0.623 56.7416
key_sched/G2/sbox_c/n274 0.8155 54.2612
key_sched/G2/sbox_c/n273 3.2242 69.5731
key_sched/G2/sbox_c/n272 0.2793 82.0802
key_sched/G2/sbox_c/n271 1.0731 60.0247
key_sched/G2/sbox_c/n270 1.015 77.569
key_sched/G2/sbox_c/n269 0.49875 74.1754
key_sched/G2/sbox_c/n268 0.4389 77.193
key_sched/G2/sbox_c/n267 1.8312 93.8647
key_sched/G2/sbox_c/n266 0.2597 26.4151
key_sched/G2/sbox_c/n265 0.1001 38.6613
key_sched/G2/sbox_c/n264 0.0924 52.2727
key_sched/G2/sbox_c/n263 1.0745 59.3881
key_sched/G2/sbox_c/n262 0.1148 47.561
key_sched/G2/sbox_c/n261 2.919 77.8537
key_sched/G2/sbox_c/n260 4.676 67.4941
key_sched/G2/sbox_c/n259 5.6882 83.442
key_sched/G2/sbox_c/n258 3.7023 57.6716
key_sched/G2/sbox_c/n257 2.5956 90.4396
key_sched/G2/sbox_c/n256 1.18055 55.256
key_sched/G2/sbox_c/n255 2.2911 62.5726
key_sched/G2/sbox_c/n254 0.0686 78.5714
key_sched/G2/sbox_c/n253 7.9457 85.5636
key_sched/G2/sbox_c/n252 0.5628 77.301
key_sched/G2/sbox_c/n251 1.8935 80.9057
key_sched/G2/sbox_c/n250 0.1799 79.572
key_sched/G2/sbox_c/n249 0.1211 65.4624
key_sched/G2/sbox_c/n248 7.27055 86.9852
key_sched/G2/sbox_c/n247 5.63955 83.4978
key_sched/G2/sbox_c/n246 0.8638 39.5462
key_sched/G2/sbox_c/n245 1.0136 57.6633
key_sched/G2/sbox_c/n244 0.1659 0
key_sched/G2/sbox_c/n243 7.78575 90.218
key_sched/G2/sbox_c/n242 0.7329 57.5692
key_sched/G2/sbox_c/n241 5.8667 89.4941
key_sched/G2/sbox_c/n240 1.4595 41.4628
key_sched/G2/sbox_c/n239 1.8802 26.7804
key_sched/G2/sbox_c/n238 4.24375 69.9794
key_sched/G2/sbox_c/n237 0.95585 50.9599
key_sched/G2/sbox_c/n236 0.1085 34.5161
key_sched/G2/sbox_c/n235 1.1312 32.4766
key_sched/G2/sbox_c/n234 1.5204 70.7297
key_sched/G2/sbox_c/n233 0.3052 59.4037
key_sched/G2/sbox_c/n232 2.191 68.5623
key_sched/G2/sbox_c/n231 0.4949 98.0198
key_sched/G2/sbox_c/n230 0.2114 82.1192
key_sched/G2/sbox_c/n229 0.2065 73.8983
key_sched/G2/sbox_c/n228 3.2256 97.5803
key_sched/G2/sbox_c/n227 0.2954 57.346
key_sched/G2/sbox_c/n226 0.5733 81.0222
key_sched/G2/sbox_c/n225 0.9254 44.6672
key_sched/G2/sbox_c/n224 0.31885 65.4383
key_sched/G2/sbox_c/n223 5.4236 70.8049
key_sched/G2/sbox_c/n222 0.2786 48.3668
key_sched/G2/sbox_c/n221 2.17665 57.6942
key_sched/G2/sbox_c/n220 1.1893 73.6904
key_sched/G2/sbox_c/n219 1.06995 85.2797
key_sched/G2/sbox_c/n218 2.55325 70.8019
key_sched/G2/sbox_c/n217 4.71205 86.3324
key_sched/G2/sbox_c/n216 0.1113 62.2642
key_sched/G2/sbox_c/n215 2.17525 98.3749
key_sched/G2/sbox_c/n214 0.3227 64.3167
key_sched/G2/sbox_c/n213 0.1974 63.1206
key_sched/G2/sbox_c/n212 4.2504 59.5397
key_sched/G2/sbox_c/n211 3.28055 72.0047
key_sched/G2/sbox_c/n210 0.1617 30.303
key_sched/G2/sbox_c/n209 0.4879 72.3099
key_sched/G2/sbox_c/n208 0.9569 28.7857
key_sched/G2/sbox_c/n207 4.68895 70.9679
key_sched/G2/sbox_c/n206 2.4745 62.3338
key_sched/G2/sbox_c/n205 0.2408 58.4302
key_sched/G2/sbox_c/n204 3.3201 43.5958
key_sched/G2/sbox_c/n203 1.80355 69.969
key_sched/G2/sbox_c/n202 5.04875 81.3172
key_sched/G2/sbox_c/n201 0.1932 47.6449
key_sched/G2/sbox_c/n200 0.4613 20.258
key_sched/G2/sbox_c/n199 1.25405 62.6291
key_sched/G2/sbox_c/n198 1.2383 53.632
key_sched/G2/sbox_c/n197 1.70555 48.0168
key_sched/G2/sbox_c/n196 3.0044 62.4576
key_sched/G2/sbox_c/n195 2.0524 78.1037
key_sched/G2/sbox_c/n194 2.88855 63.8616
key_sched/G2/sbox_c/n193 1.97575 94.8273
key_sched/G2/sbox_c/n192 0.0854 61.4754
key_sched/G2/sbox_c/n191 0.5761 21.6976
key_sched/G2/sbox_c/n190 0.1449 0
key_sched/G2/sbox_c/n189 0.1582 16.5929
key_sched/G2/sbox_c/n188 0.3913 51.1181
key_sched/G2/sbox_c/n187 1.7283 60.2774
key_sched/G2/sbox_c/n186 0.3248 42.8879
key_sched/G2/sbox_c/n185 0.4389 9.13078
key_sched/G2/sbox_c/n184 0.1897 58.1181
key_sched/G2/sbox_c/n183 0.4627 59.6823
key_sched/G2/sbox_c/n182 4.40405 80.3346
key_sched/G2/sbox_c/n181 0.9821 54.1442
key_sched/G2/sbox_c/n180 1.5652 51.4311
key_sched/G2/sbox_c/n179 0.3521 100
key_sched/G2/sbox_c/n178 0.3325 60.7368
key_sched/G2/sbox_c/n177 0.9534 50.0551
key_sched/G2/sbox_c/n176 0.4389 71.6906
key_sched/G2/sbox_c/n175 0.1953 52.8674
key_sched/G2/sbox_c/n174 0.4697 59.9851
key_sched/G2/sbox_c/n173 0.2814 74.5025
key_sched/G2/sbox_c/n172 0.2611 25.7373
key_sched/G2/sbox_c/n171 0.4186 34.8662
key_sched/G2/sbox_c/n170 4.2686 82.6664
key_sched/G2/sbox_c/n169 0.1281 27.2248
key_sched/G2/sbox_c/n168 0.2331 44.2943
key_sched/G2/sbox_c/n167 4.79885 69.8136
key_sched/G2/sbox_c/n166 0.3885 46.8919
key_sched/G2/sbox_c/n165 0.66535 49.8685
key_sched/G2/sbox_c/n164 0.5831 66.6267
key_sched/G2/sbox_c/n163 1.5631 56.8966
key_sched/G2/sbox_c/n162 0.73955 65.8069
key_sched/G2/sbox_c/n161 0.1015 77.5862
key_sched/G2/sbox_c/n160 2.4458 37.686
key_sched/G2/sbox_c/n159 4.4562 65.1508
key_sched/G2/sbox_c/n158 0.2401 35.2041
key_sched/G2/sbox_c/n157 2.3926 72.9729
key_sched/G2/sbox_c/n156 2.0923 98.9629
key_sched/G2/sbox_c/n155 0.6447 48.3985
key_sched/G2/sbox_c/n154 0.55055 56.5162
key_sched/G2/sbox_c/n153 0.3787 61.4603
key_sched/G2/sbox_c/n152 0.3892 34.1727
key_sched/G2/sbox_c/n151 0.53795 30.9044
key_sched/G2/sbox_c/n150 0.2576 49.1168
key_sched/G2/sbox_c/n149 1.0962 54.47
key_sched/G2/sbox_c/n148 0.2478 25.3531
key_sched/G2/sbox_c/n147 0.4011 39.4415
key_sched/G2/sbox_c/n146 1.0283 59.4963
key_sched/G2/sbox_c/n145 2.3891 82.9329
key_sched/G2/sbox_c/n144 2.55955 71.8994
key_sched/G2/sbox_c/n143 0.273 47.5641
key_sched/G2/sbox_c/n142 1.372 60.9184
key_sched/G2/sbox_c/n141 0.7315 54.2105
key_sched/G2/sbox_c/n140 2.62955 31.8914
key_sched/G2/sbox_c/n139 1.03215 64.4117
key_sched/G2/sbox_c/n138 3.8101 43.9306
key_sched/G2/sbox_c/n137 0.4137 80.5415
key_sched/G2/sbox_c/n136 0.1491 93.4272
key_sched/G2/sbox_c/n135 0.42 96.5
key_sched/G2/sbox_c/n134 0.6825 55.7436
key_sched/G2/sbox_c/n133 0.3108 49.453
key_sched/G2/sbox_c/n132 0.45255 12.4903
key_sched/G2/sbox_c/n131 0.25655 49.6589
key_sched/G2/sbox_c/n130 1.50115 38.0275
key_sched/G2/sbox_c/n129 0.34895 0.838229
key_sched/G2/sbox_c/n128 0.9681 63.0023
key_sched/G2/sbox_c/n127 0.0882 94.4444
key_sched/G2/sbox_c/n126 0.8806 63.4539
key_sched/G2/sbox_c/n125 2.4759 93.9073
key_sched/G2/sbox_c/n124 3.47025 91.4473
key_sched/G2/sbox_c/n123 1.7836 61.8721
key_sched/G2/sbox_c/n122 0.3906 60.5735
key_sched/G2/sbox_c/n121 2.4395 68.7877
key_sched/G2/sbox_c/n120 0.2464 35.3693
key_sched/G2/sbox_c/n119 1.1018 51.8742
key_sched/G2/sbox_c/n118 7.61705 92.9192
key_sched/G2/sbox_c/n117 0.5866 53.9848
key_sched/G2/sbox_c/n116 0.574 58.872
key_sched/G2/sbox_c/n115 0.1764 67.4603
key_sched/G2/sbox_c/n114 1.0066 61.1266
key_sched/G2/sbox_c/n113 3.9872 47.8243
key_sched/G2/sbox_c/n112 1.84835 52.5158
key_sched/G2/sbox_c/n111 0.86485 57.9927
key_sched/G2/sbox_c/n110 0.105 66.3333
key_sched/G2/sbox_c/n109 0.7189 33.739
key_sched/G2/sbox_c/n108 0.5075 59.7241
key_sched/G2/sbox_c/n107 0.1085 41.9355
key_sched/G2/sbox_c/n106 0.8953 76.8569
key_sched/G2/sbox_c/n105 0.5726 64.1198
key_sched/G2/sbox_c/n104 0.1064 74.1776
key_sched/G2/sbox_c/n103 1.197 76.0234
key_sched/G2/sbox_c/n102 1.6324 19.1038
key_sched/G2/sbox_c/n101 1.8809 35.0657
key_sched/G2/sbox_c/n100 0.1344 45.8333
key_sched/G2/sbox_c/n99 0.2247 58.7227
key_sched/G2/sbox_c/n98 8.1781 88.0125
key_sched/G2/sbox_c/n97 0.1484 68.8679
key_sched/G2/sbox_c/n96 1.61245 80.2676
key_sched/G2/sbox_c/n95 0.4907 66.5478
key_sched/G2/sbox_c/n94 0.6916 71.3057
key_sched/G2/sbox_c/n93 3.2221 97.0345
key_sched/G2/sbox_c/n92 0.2065 91.1864
key_sched/G2/sbox_c/n91 0.2296 36.7378
key_sched/G2/sbox_c/n90 1.4378 72.4197
key_sched/G2/sbox_c/n89 2.1623 47.5963
key_sched/G2/sbox_c/n88 0.66395 64.4702
key_sched/G2/sbox_c/n87 1.5274 89.9175
key_sched/G2/sbox_c/n86 0.5397 30.9987
key_sched/G2/sbox_c/n85 0.8309 45.4718
key_sched/G2/sbox_c/n84 0.1316 25.5319
key_sched/G2/sbox_c/n83 0.21 47.5
key_sched/G2/sbox_c/n82 3.7926 76.5504
key_sched/G2/sbox_c/n81 1.1739 63.9045
key_sched/G2/sbox_c/n80 0.4921 18.5125
key_sched/G2/sbox_c/n79 2.4675 99.6028
key_sched/G2/sbox_c/n78 0.1925 65.8182
key_sched/G2/sbox_c/n77 0.1638 9.18803
key_sched/G2/sbox_c/n76 0.105 36.1667
key_sched/G2/sbox_c/n75 0.273 83.8462
key_sched/G2/sbox_c/n74 1.1123 88.1687
key_sched/G2/sbox_c/n73 0.2604 86.828
key_sched/G2/sbox_c/n72 1.42835 71.1835
key_sched/G2/sbox_c/n71 5.2682 81.6802
key_sched/G2/sbox_c/n70 0.6944 43.8004
key_sched/G2/sbox_c/n69 0.154 67.5
key_sched/G2/sbox_c/n68 0.4571 26.4165
key_sched/G2/sbox_c/n67 0.3227 85.5748
key_sched/G2/sbox_c/n66 0.4256 59.0108
key_sched/G2/sbox_c/n65 3.6057 33.2945
key_sched/G2/sbox_c/n64 2.5375 55.3389
key_sched/G2/sbox_c/n63 2.7069 82.0727
key_sched/G2/sbox_c/n62 3.78 93.3333
key_sched/G2/sbox_c/n61 0.4788 62.9386
key_sched/G2/sbox_c/n60 0.4221 37.3964
key_sched/G2/sbox_c/n59 1.904 53.9154
key_sched/G2/sbox_c/n58 2.20185 40.0243
key_sched/G2/sbox_c/n57 2.96555 51.7316
key_sched/G2/sbox_c/n56 4.928 80.2374
key_sched/G2/sbox_c/n55 0.301 75.5814
key_sched/G2/sbox_c/n54 0.0133 81.5789
key_sched/G2/sbox_c/n53 0.7441 63.0997
key_sched/G2/sbox_c/n52 0.48615 75.522
key_sched/G2/sbox_c/n51 4.5927 90.6243
key_sched/G2/sbox_c/n50 0.2478 25.4036
key_sched/G2/sbox_c/n49 0.27475 100
key_sched/G2/sbox_c/n48 1.63275 35.9378
key_sched/G2/sbox_c/n47 2.9372 94.8548
key_sched/G2/sbox_c/n46 0.588 75.5357
key_sched/G2/sbox_c/n45 0.2065 78.6441
key_sched/G2/sbox_c/n44 1.2614 59.4062
key_sched/G2/sbox_c/n43 0.1218 45.4023
key_sched/G2/sbox_c/n42 0.1267 98.0663
key_sched/G2/sbox_c/n41 1.6296 68.6534
key_sched/G2/sbox_c/n40 1.4567 89.0437
key_sched/G2/sbox_c/n39 1.27435 60.4602
key_sched/G2/sbox_c/n38 0.5985 67.5146
key_sched/G2/sbox_c/n37 0.8435 53.0705
key_sched/G2/sbox_c/n36 1.9803 79.9399
key_sched/G2/sbox_c/n35 0.5999 31.972
key_sched/G2/sbox_c/n34 1.87355 85.7276
key_sched/G2/sbox_c/n33 0.4984 23.139
key_sched/G2/sbox_c/n32 1.4917 96.6682
key_sched/G2/sbox_c/n31 0.0784 49.3304
key_sched/G2/sbox_c/n30 0.1008 54.6875
key_sched/G2/sbox_c/n29 0.5299 32.6948
key_sched/G2/sbox_c/n28 0.3948 53.5461
key_sched/G2/sbox_c/n27 0.8771 54.8883
key_sched/G2/sbox_c/n26 0.27475 80.3822
key_sched/G2/sbox_c/n25 0.2758 58.1218
key_sched/G2/sbox_c/n24 0.4039 37.6083
key_sched/G2/sbox_c/n23 3.47305 81.6487
key_sched/G2/sbox_c/n22 0.1225 28
key_sched/G2/sbox_c/n21 0.3766 56.9703
key_sched/G2/sbox_c/n20 4.54965 78.7006
key_sched/G2/sbox_c/n19 1.02655 50.9376
key_sched/G2/sbox_c/n18 0.2121 97.6898
key_sched/G2/sbox_c/n17 0.0917 67.9389
key_sched/G2/sbox_c/n16 0.0952 56.6176
key_sched/G2/sbox_c/n15 0.95655 28.2473
key_sched/G2/sbox_c/n14 0.2058 32.1429
key_sched/G2/sbox_c/n13 4.59375 32.9268
key_sched/G2/sbox_c/n12 1.3076 50.6558
key_sched/G2/sbox_c/n11 0.2079 92.9293
key_sched/G2/sbox_c/n10 0.8687 80.0708
key_sched/G2/sbox_c/n9 0.7021 2.39282
key_sched/G2/sbox_c/n8 0.273 56.5385
key_sched/G2/sbox_c/n7 0.1085 24.0323
key_sched/G2/sbox_c/n6 0.5572 56.6897
key_sched/G2/sbox_c/n5 0.6601 61.0135
key_sched/G2/sbox_c/n4 0.29085 51.5042
key_sched/G2/sbox_c/n3 0.4088 67.637
key_sched/G2/sbox_c/n2 0.27615 64.6388
key_sched/G2/sbox_c/n1 0.0784 100
key_sched/G2/sbox_d/n396 0.546 38.9744
key_sched/G2/sbox_d/n395 1.5407 45.5475
key_sched/G2/sbox_d/n394 0.1085 60.6452
key_sched/G2/sbox_d/n393 0.8274 62.6058
key_sched/G2/sbox_d/n392 1.39615 43.2189
key_sched/G2/sbox_d/n391 2.3513 77.9101
key_sched/G2/sbox_d/n390 2.3849 84.0035
key_sched/G2/sbox_d/n389 0.47775 55.0916
key_sched/G2/sbox_d/n388 1.3223 61.7655
key_sched/G2/sbox_d/n387 0.61845 77.2496
key_sched/G2/sbox_d/n386 0.3073 54.5558
key_sched/G2/sbox_d/n385 1.5771 52.8518
key_sched/G2/sbox_d/n384 1.1746 58.6114
key_sched/G2/sbox_d/n383 0.38605 66.0018
key_sched/G2/sbox_d/n382 0.2261 52.4768
key_sched/G2/sbox_d/n381 1.03285 63.8089
key_sched/G2/sbox_d/n380 0.1827 3.2567
key_sched/G2/sbox_d/n379 9.3786 92.0399
key_sched/G2/sbox_d/n378 0.1456 29.8077
key_sched/G2/sbox_d/n377 1.6758 57.1011
key_sched/G2/sbox_d/n376 3.0919 55.2298
key_sched/G2/sbox_d/n375 1.9257 63.238
key_sched/G2/sbox_d/n374 0.5726 54.6455
key_sched/G2/sbox_d/n373 1.3454 58.2986
key_sched/G2/sbox_d/n372 1.337 31.4529
key_sched/G2/sbox_d/n371 0.9387 49.2916
key_sched/G2/sbox_d/n370 0.455 18.4231
key_sched/G2/sbox_d/n369 3.5924 67.3136
key_sched/G2/sbox_d/n368 5.49465 85.3621
key_sched/G2/sbox_d/n367 0.64715 51.3791
key_sched/G2/sbox_d/n366 0.8813 58.4591
key_sched/G2/sbox_d/n365 0.3654 60.5364
key_sched/G2/sbox_d/n364 0.7161 35.7527
key_sched/G2/sbox_d/n363 1.68157 56.9362
key_sched/G2/sbox_d/n362 0.1701 44.6502
key_sched/G2/sbox_d/n361 0.0854 64.3443
key_sched/G2/sbox_d/n360 0.9079 16.1912
key_sched/G2/sbox_d/n359 5.8373 93.5064
key_sched/G2/sbox_d/n358 1.7563 45.0379
key_sched/G2/sbox_d/n357 0.6461 41.6499
key_sched/G2/sbox_d/n356 0.3108 43.018
key_sched/G2/sbox_d/n355 0.2737 39.1304
key_sched/G2/sbox_d/n354 0.658 60.8511
key_sched/G2/sbox_d/n353 3.0898 91.8101
key_sched/G2/sbox_d/n352 4.2504 73.7907
key_sched/G2/sbox_d/n351 0.1148 25
key_sched/G2/sbox_d/n350 4.3435 55.7528
key_sched/G2/sbox_d/n349 3.72785 54.7038
key_sched/G2/sbox_d/n348 1.9943 58.8979
key_sched/G2/sbox_d/n347 1.6359 38.0937
key_sched/G2/sbox_d/n346 2.74103 64.0426
key_sched/G2/sbox_d/n345 2.2568 59.9333
key_sched/G2/sbox_d/n344 1.939 64.8105
key_sched/G2/sbox_d/n343 0.52535 27.3151
key_sched/G2/sbox_d/n342 1.1347 53.8865
key_sched/G2/sbox_d/n341 0.88725 31.3948
key_sched/G2/sbox_d/n340 0.0721 100
key_sched/G2/sbox_d/n339 4.5703 82.9683
key_sched/G2/sbox_d/n338 6.93175 72.8535
key_sched/G2/sbox_d/n337 0.3976 78.5211
key_sched/G2/sbox_d/n336 0.5901 82.8588
key_sched/G2/sbox_d/n335 1.08815 50.5583
key_sched/G2/sbox_d/n334 0.1127 91.3043
key_sched/G2/sbox_d/n333 0.1897 51.3838
key_sched/G2/sbox_d/n332 2.33695 84.8135
key_sched/G2/sbox_d/n331 1.3363 57.8837
key_sched/G2/sbox_d/n330 0.30975 24.1243
key_sched/G2/sbox_d/n329 1.2327 51.9165
key_sched/G2/sbox_d/n328 0.8624 50.6494
key_sched/G2/sbox_d/n327 2.47835 58.8617
key_sched/G2/sbox_d/n326 1.1081 34.3809
key_sched/G2/sbox_d/n325 0.2653 80.6069
key_sched/G2/sbox_d/n324 0.4564 51.8405
key_sched/G2/sbox_d/n323 0.32165 50.7073
key_sched/G2/sbox_d/n322 0.7203 59.6453
key_sched/G2/sbox_d/n321 0.3185 32.9121
key_sched/G2/sbox_d/n320 3.3145 86.642
key_sched/G2/sbox_d/n319 0.2793 57.6441
key_sched/G2/sbox_d/n318 0.861 21.0105
key_sched/G2/sbox_d/n317 0.5012 54.6439
key_sched/G2/sbox_d/n316 0.3136 40.5134
key_sched/G2/sbox_d/n315 0.0882 72.2222
key_sched/G2/sbox_d/n314 0.39445 15.528
key_sched/G2/sbox_d/n313 0.6825 56.6667
key_sched/G2/sbox_d/n312 0.3164 45.4646
key_sched/G2/sbox_d/n311 1.23095 38.1717
key_sched/G2/sbox_d/n310 1.42135 54.4095
key_sched/G2/sbox_d/n309 0.6118 24.1991
key_sched/G2/sbox_d/n308 0.48895 31.9613
key_sched/G2/sbox_d/n307 0.6713 24.9479
key_sched/G2/sbox_d/n306 0.483 56.3043
key_sched/G2/sbox_d/n305 2.7419 63.4159
key_sched/G2/sbox_d/n304 0.30275 21.7919
key_sched/G2/sbox_d/n303 1.3713 41.2328
key_sched/G2/sbox_d/n302 6.7949 78.5902
key_sched/G2/sbox_d/n301 3.8605 86.2738
key_sched/G2/sbox_d/n300 0.3577 73.4834
key_sched/G2/sbox_d/n299 0.1085 32.2581
key_sched/G2/sbox_d/n298 0.52395 46.3594
key_sched/G2/sbox_d/n297 1.0899 21.58
key_sched/G2/sbox_d/n296 0.9212 85.4483
key_sched/G2/sbox_d/n295 3.8206 76.9971
key_sched/G2/sbox_d/n294 3.2753 67.445
key_sched/G2/sbox_d/n293 1.5771 66.6603
key_sched/G2/sbox_d/n292 1.5645 83.4452
key_sched/G2/sbox_d/n291 1.07485 65.3045
key_sched/G2/sbox_d/n290 0.3892 52.4281
key_sched/G2/sbox_d/n289 0.1729 82.996
key_sched/G2/sbox_d/n288 0.7602 78.5912
key_sched/G2/sbox_d/n287 0.2653 77.8364
key_sched/G2/sbox_d/n286 0.9149 65.9334
key_sched/G2/sbox_d/n285 0.1316 85.1064
key_sched/G2/sbox_d/n284 0.7875 38.6444
key_sched/G2/sbox_d/n283 2.5977 61.2099
key_sched/G2/sbox_d/n282 6.3483 83.008
key_sched/G2/sbox_d/n281 1.7766 61.4362
key_sched/G2/sbox_d/n280 1.1886 50.8687
key_sched/G2/sbox_d/n279 2.1721 73.8801
key_sched/G2/sbox_d/n278 0.2023 60.8997
key_sched/G2/sbox_d/n277 2.9239 93.0812
key_sched/G2/sbox_d/n276 0.2359 60.2374
key_sched/G2/sbox_d/n275 0.73115 52.2499
key_sched/G2/sbox_d/n274 3.1262 89.185
key_sched/G2/sbox_d/n273 2.26625 61.8919
key_sched/G2/sbox_d/n272 0.8988 51.986
key_sched/G2/sbox_d/n271 2.6656 88.2212
key_sched/G2/sbox_d/n270 0.07175 72.6829
key_sched/G2/sbox_d/n269 0.28175 20.8696
key_sched/G2/sbox_d/n268 2.11435 30.0246
key_sched/G2/sbox_d/n267 0.9695 31.2764
key_sched/G2/sbox_d/n266 4.27875 72.1554
key_sched/G2/sbox_d/n265 3.0751 70.9766
key_sched/G2/sbox_d/n264 4.8062 62.5203
key_sched/G2/sbox_d/n263 5.2374 86.3305
key_sched/G2/sbox_d/n262 2.5431 70.8368
key_sched/G2/sbox_d/n261 0.82425 44.4161
key_sched/G2/sbox_d/n260 0.406 37.6724
key_sched/G2/sbox_d/n259 4.86185 88.5044
key_sched/G2/sbox_d/n258 3.2851 91.3169
key_sched/G2/sbox_d/n257 0.32655 36.7631
key_sched/G2/sbox_d/n256 1.14345 49.2676
key_sched/G2/sbox_d/n255 0.1813 51.3514
key_sched/G2/sbox_d/n254 2.8665 78.6569
key_sched/G2/sbox_d/n253 0.2835 86.1728
key_sched/G2/sbox_d/n252 1.2677 69.8647
key_sched/G2/sbox_d/n251 2.6894 67.1655
key_sched/G2/sbox_d/n250 0.2653 6.99208
key_sched/G2/sbox_d/n249 0.1148 43.4451
key_sched/G2/sbox_d/n248 0.6118 30.1487
key_sched/G2/sbox_d/n247 5.13695 69.7145
key_sched/G2/sbox_d/n246 5.2269 69.3518
key_sched/G2/sbox_d/n245 2.08075 64.3818
key_sched/G2/sbox_d/n244 1.7836 70.0746
key_sched/G2/sbox_d/n243 0.4459 63.2261
key_sched/G2/sbox_d/n242 5.0211 58.7202
key_sched/G2/sbox_d/n241 1.7633 53.8649
key_sched/G2/sbox_d/n240 2.268 17.2531
key_sched/G2/sbox_d/n239 0.6601 83.298
key_sched/G2/sbox_d/n238 0.4767 76.7988
key_sched/G2/sbox_d/n237 2.513 61.7967
key_sched/G2/sbox_d/n236 0.7028 77.4402
key_sched/G2/sbox_d/n235 0.1862 90.7895
key_sched/G2/sbox_d/n234 0.1246 100
key_sched/G2/sbox_d/n233 0.1988 82.7465
key_sched/G2/sbox_d/n232 2.07585 69.0862
key_sched/G2/sbox_d/n231 1.2971 43.3081
key_sched/G2/sbox_d/n230 3.57315 52.339
key_sched/G2/sbox_d/n229 0.5341 52.6868
key_sched/G2/sbox_d/n228 0.2163 17.4757
key_sched/G2/sbox_d/n227 3.3677 74.899
key_sched/G2/sbox_d/n226 2.26555 68.4657
key_sched/G2/sbox_d/n225 0.4711 56.315
key_sched/G2/sbox_d/n224 2.15075 38.8365
key_sched/G2/sbox_d/n223 1.0003 43.7544
key_sched/G2/sbox_d/n222 0.6405 29.8087
key_sched/G2/sbox_d/n221 2.63865 79.0887
key_sched/G2/sbox_d/n220 1.0724 75.5875
key_sched/G2/sbox_d/n219 2.9778 93.4767
key_sched/G2/sbox_d/n218 0.0819 64.1026
key_sched/G2/sbox_d/n217 0.364 81.8269
key_sched/G2/sbox_d/n216 0.2723 79.3059
key_sched/G2/sbox_d/n215 4.9861 87.3789
key_sched/G2/sbox_d/n214 2.3373 86.8352
key_sched/G2/sbox_d/n213 2.32312 77.6648
key_sched/G2/sbox_d/n212 1.36045 72.1893
key_sched/G2/sbox_d/n211 0.4088 65.9247
key_sched/G2/sbox_d/n210 2.5865 62.5237
key_sched/G2/sbox_d/n209 0.67935 68.4699
key_sched/G2/sbox_d/n208 1.22115 52.8805
key_sched/G2/sbox_d/n207 1.9033 34.4336
key_sched/G2/sbox_d/n206 1.29605 48.5707
key_sched/G2/sbox_d/n205 0.5537 53.296
key_sched/G2/sbox_d/n204 3.4951 57.7509
key_sched/G2/sbox_d/n203 0.2324 17.6205
key_sched/G2/sbox_d/n202 0.6258 40.66
key_sched/G2/sbox_d/n201 0.70455 58.6687
key_sched/G2/sbox_d/n200 0.84105 35.8451
key_sched/G2/sbox_d/n199 1.3335 29.7113
key_sched/G2/sbox_d/n198 4.4891 73.2496
key_sched/G2/sbox_d/n197 0.2163 58.0906
key_sched/G2/sbox_d/n196 5.92585 54.0673
key_sched/G2/sbox_d/n195 0.11165 27.2727
key_sched/G2/sbox_d/n194 1.7514 72.3821
key_sched/G2/sbox_d/n193 2.8406 61.8963
key_sched/G2/sbox_d/n192 1.07765 59.3374
key_sched/G2/sbox_d/n191 2.2169 29.689
key_sched/G2/sbox_d/n190 6.00705 81.1571
key_sched/G2/sbox_d/n189 0.6734 38.9553
key_sched/G2/sbox_d/n188 0.49385 47.9447
key_sched/G2/sbox_d/n187 0.4788 54.7515
key_sched/G2/sbox_d/n186 0.3073 49.7722
key_sched/G2/sbox_d/n185 3.43245 57.4131
key_sched/G2/sbox_d/n184 3.96095 60.6389
key_sched/G2/sbox_d/n183 2.28445 66.1177
key_sched/G2/sbox_d/n182 0.34965 23.595
key_sched/G2/sbox_d/n181 1.1725 61.0746
key_sched/G2/sbox_d/n180 2.7643 67.5361
key_sched/G2/sbox_d/n179 0.1995 43.1579
key_sched/G2/sbox_d/n178 0.6447 85.4506
key_sched/G2/sbox_d/n177 0.1141 87.1166
key_sched/G2/sbox_d/n176 0.4221 74.1294
key_sched/G2/sbox_d/n175 0.4298 63.9251
key_sched/G2/sbox_d/n174 1.3867 60.7648
key_sched/G2/sbox_d/n173 0.2436 32.9023
key_sched/G2/sbox_d/n172 0.3724 61.1842
key_sched/G2/sbox_d/n171 1.9348 67.547
key_sched/G2/sbox_d/n170 2.8014 83.3958
key_sched/G2/sbox_d/n169 0.5376 92.3177
key_sched/G2/sbox_d/n168 2.40835 71.5521
key_sched/G2/sbox_d/n167 1.23165 76.0017
key_sched/G2/sbox_d/n166 0.4522 54.8762
key_sched/G2/sbox_d/n165 2.3898 77.1675
key_sched/G2/sbox_d/n164 1.9096 67.9619
key_sched/G2/sbox_d/n163 1.3447 61.9079
key_sched/G2/sbox_d/n162 2.667 92.7428
key_sched/G2/sbox_d/n161 1.1375 50.1077
key_sched/G2/sbox_d/n160 2.3275 37.0902
key_sched/G2/sbox_d/n159 0.7364 17.3479
key_sched/G2/sbox_d/n158 2.01355 89.999
key_sched/G2/sbox_d/n157 1.4168 37.2036
key_sched/G2/sbox_d/n156 0.25235 36.8932
key_sched/G2/sbox_d/n155 0.5656 51.6708
key_sched/G2/sbox_d/n154 0.1351 32.6425
key_sched/G2/sbox_d/n153 0.1078 64.2857
key_sched/G2/sbox_d/n152 3.0051 49.7554
key_sched/G2/sbox_d/n151 2.31805 47.1312
key_sched/G2/sbox_d/n150 0.92225 69.9051
key_sched/G2/sbox_d/n149 0.5831 43.8475
key_sched/G2/sbox_d/n148 2.107 94.4554
key_sched/G2/sbox_d/n147 0.72415 41.566
key_sched/G2/sbox_d/n146 0.1085 20.3226
key_sched/G2/sbox_d/n145 0.9261 65.7974
key_sched/G2/sbox_d/n144 0.1323 32.9365
key_sched/G2/sbox_d/n143 0.1981 83.2155
key_sched/G2/sbox_d/n142 0.64855 45.6017
key_sched/G2/sbox_d/n141 2.1973 96.878
key_sched/G2/sbox_d/n140 0.5236 69.9198
key_sched/G2/sbox_d/n139 3.07895 80.8116
key_sched/G2/sbox_d/n138 6.594 73.2935
key_sched/G2/sbox_d/n137 0.1316 57.1809
key_sched/G2/sbox_d/n136 2.93125 98.006
key_sched/G2/sbox_d/n135 0.28315 13.9679
key_sched/G2/sbox_d/n134 0.1099 23.7944
key_sched/G2/sbox_d/n133 0.0819 47.8632
key_sched/G2/sbox_d/n132 0.2513 65.5989
key_sched/G2/sbox_d/n131 0.7224 63.2752
key_sched/G2/sbox_d/n130 0.22645 32.9212
key_sched/G2/sbox_d/n129 2.6614 79.3398
key_sched/G2/sbox_d/n128 3.47375 77.7733
key_sched/G2/sbox_d/n127 6.8572 93.8112
key_sched/G2/sbox_d/n126 1.27295 47.5588
key_sched/G2/sbox_d/n125 1.76435 68.5281
key_sched/G2/sbox_d/n124 1.449 43.6836
key_sched/G2/sbox_d/n123 1.2915 66.6338
key_sched/G2/sbox_d/n122 0.6902 64.4016
key_sched/G2/sbox_d/n121 0.7497 29.155
key_sched/G2/sbox_d/n120 1.673 61.1925
key_sched/G2/sbox_d/n119 3.0772 96.4286
key_sched/G2/sbox_d/n118 1.4889 93.418
key_sched/G2/sbox_d/n117 0.12845 83.6512
key_sched/G2/sbox_d/n116 1.7745 60.7453
key_sched/G2/sbox_d/n115 1.3153 39.702
key_sched/G2/sbox_d/n114 1.8424 67.9711
key_sched/G2/sbox_d/n113 3.84475 66.1038
key_sched/G2/sbox_d/n112 5.4334 92.167
key_sched/G2/sbox_d/n111 0.14595 1.43885
key_sched/G2/sbox_d/n110 1.09795 64.6637
key_sched/G2/sbox_d/n109 0.231 39.0476
key_sched/G2/sbox_d/n108 4.0292 73.5425
key_sched/G2/sbox_d/n107 0.4186 41.5134
key_sched/G2/sbox_d/n106 0.6531 56.4845
key_sched/G2/sbox_d/n105 0.6132 51.5982
key_sched/G2/sbox_d/n104 0.4403 69.2369
key_sched/G2/sbox_d/n103 0.0819 64.1026
key_sched/G2/sbox_d/n102 0.1946 84.8921
key_sched/G2/sbox_d/n101 1.80075 62.5364
key_sched/G2/sbox_d/n100 1.3825 74.962
key_sched/G2/sbox_d/n99 0.57575 84.0729
key_sched/G2/sbox_d/n98 1.40035 58.4854
key_sched/G2/sbox_d/n97 1.95055 65.0727
key_sched/G2/sbox_d/n96 2.0293 66.9541
key_sched/G2/sbox_d/n95 0.4921 46.6775
key_sched/G2/sbox_d/n94 0.3045 57.069
key_sched/G2/sbox_d/n93 1.7164 72.8181
key_sched/G2/sbox_d/n92 1.47525 58.5528
key_sched/G2/sbox_d/n91 0.6615 36.2169
key_sched/G2/sbox_d/n90 0.57085 33.1085
key_sched/G2/sbox_d/n89 5.28885 86.9022
key_sched/G2/sbox_d/n88 2.982 81.5225
key_sched/G2/sbox_d/n87 0.9275 70.7547
key_sched/G2/sbox_d/n86 0.67795 60.9189
key_sched/G2/sbox_d/n85 0.4984 48.1039
key_sched/G2/sbox_d/n84 1.1361 61.2138
key_sched/G2/sbox_d/n83 0.1134 34.5679
key_sched/G2/sbox_d/n82 1.17985 61.4718
key_sched/G2/sbox_d/n81 0.252 53.1548
key_sched/G2/sbox_d/n80 1.9208 97.7223
key_sched/G2/sbox_d/n79 0.5236 26.2701
key_sched/G2/sbox_d/n78 0.119 8.23529
key_sched/G2/sbox_d/n77 1.673 89.6234
key_sched/G2/sbox_d/n76 0.8239 31.4783
key_sched/G2/sbox_d/n75 0.203 36.8966
key_sched/G2/sbox_d/n74 2.54205 88.2005
key_sched/G2/sbox_d/n73 1.69645 70.0433
key_sched/G2/sbox_d/n72 0.2268 75.5401
key_sched/G2/sbox_d/n71 3.24188 84.8907
key_sched/G2/sbox_d/n70 4.4919 78.5024
key_sched/G2/sbox_d/n69 0.0959 70.8029
key_sched/G2/sbox_d/n68 0.1407 59.204
key_sched/G2/sbox_d/n67 0.3528 48.1151
key_sched/G2/sbox_d/n66 3.02225 67.6144
key_sched/G2/sbox_d/n65 0.5936 57.6651
key_sched/G2/sbox_d/n64 0.4032 56.1632
key_sched/G2/sbox_d/n63 2.98795 91.1444
key_sched/G2/sbox_d/n62 0.511 53.3562
key_sched/G2/sbox_d/n61 1.6541 34.4069
key_sched/G2/sbox_d/n60 0.2555 98.0822
key_sched/G2/sbox_d/n59 4.01765 54.6563
key_sched/G2/sbox_d/n58 0.85785 81.3953
key_sched/G2/sbox_d/n57 0.2856 38.0515
key_sched/G2/sbox_d/n56 0.2779 47.0403
key_sched/G2/sbox_d/n55 0.2177 48.8746
key_sched/G2/sbox_d/n54 0.3472 72.2782
key_sched/G2/sbox_d/n53 0.5908 53.4953
key_sched/G2/sbox_d/n52 1.34085 62.2777
key_sched/G2/sbox_d/n51 0.6069 53.1719
key_sched/G2/sbox_d/n50 0.3801 36.0037
key_sched/G2/sbox_d/n49 0.1015 48.2759
key_sched/G2/sbox_d/n48 0.23695 45.0517
key_sched/G2/sbox_d/n47 0.0882 66.6667
key_sched/G2/sbox_d/n46 1.29395 70.3543
key_sched/G2/sbox_d/n45 1.3293 59.0574
key_sched/G2/sbox_d/n44 2.6796 58.5227
key_sched/G2/sbox_d/n43 0.7014 66.2675
key_sched/G2/sbox_d/n42 2.7951 94.3902
key_sched/G2/sbox_d/n41 0.1995 32.5439
key_sched/G2/sbox_d/n40 1.0297 40.3297
key_sched/G2/sbox_d/n39 0.1946 50.4496
key_sched/G2/sbox_d/n38 0.301 74.7674
key_sched/G2/sbox_d/n37 1.6345 81.2848
key_sched/G2/sbox_d/n36 0.4529 23.6862
key_sched/G2/sbox_d/n35 0.4382 40.4667
key_sched/G2/sbox_d/n34 0.35 62.7429
key_sched/G2/sbox_d/n33 0.34265 36.7722
key_sched/G2/sbox_d/n32 2.87385 58.2755
key_sched/G2/sbox_d/n31 0.3724 84.0226
key_sched/G2/sbox_d/n30 1.61595 69.7856
key_sched/G2/sbox_d/n29 1.2509 23.0834
key_sched/G2/sbox_d/n28 1.9117 71.4573
key_sched/G2/sbox_d/n27 0.7182 31.5058
key_sched/G2/sbox_d/n26 0.6265 64.6369
key_sched/G2/sbox_d/n25 0.19005 84.5304
key_sched/G2/sbox_d/n24 3.1248 90.3114
key_sched/G2/sbox_d/n23 0.2387 63.0499
key_sched/G2/sbox_d/n22 0.1085 86.7742
key_sched/G2/sbox_d/n21 0.6167 77.412
key_sched/G2/sbox_d/n20 0.1183 61.8343
key_sched/G2/sbox_d/n19 3.2802 72.7059
key_sched/G2/sbox_d/n18 2.16755 86.6808
key_sched/G2/sbox_d/n17 0.224 25.1562
key_sched/G2/sbox_d/n16 0.2527 76.8698
key_sched/G2/sbox_d/n15 0.3913 48.0769
key_sched/G2/sbox_d/n14 0.5117 60.2941
key_sched/G2/sbox_d/n13 0.1351 42.487
key_sched/G2/sbox_d/n12 0.1617 34.1528
key_sched/G2/sbox_d/n11 3.2123 89.7581
key_sched/G2/sbox_d/n10 0.1085 0
key_sched/G2/sbox_d/n9 1.07065 70.9709
key_sched/G2/sbox_d/n8 0.33215 61.4858
key_sched/G2/sbox_d/n7 0.2653 35.3656
key_sched/G2/sbox_d/n6 0.6342 76.8212
key_sched/G2/sbox_d/n5 0.5369 60.1369
key_sched/G2/sbox_d/n4 0.8358 72.9062
key_sched/G2/sbox_d/n3 0.2429 36.6715
key_sched/G2/sbox_d/n2 0.4501 63.297
key_sched/G2/sbox_d/n1 0.4606 82.6748
subkey[63] 3.3831 76.3397
subkey[62] 0.7147 60.7248
subkey[61] 1.064 60.5592
subkey[60] 0.2982 67.2535
subkey[59] 0.0784 58.9286
subkey[58] 0.4088 73.1164
subkey[57] 0.6713 62.5652
subkey[56] 0.1015 70
subkey[55] 1.3426 49.4395
subkey[54] 0.931 69.8496
subkey[53] 0.4823 68.6502
subkey[52] 0.7959 65.0741
subkey[51] 0.2457 60.755
subkey[50] 0.4998 68.2773
subkey[49] 0.6216 70.8333
subkey[48] 1.2215 68.7679
subkey[47] 2.0384 80.9753
subkey[46] 1.4952 46.6643
subkey[45] 1.414 34.5792
subkey[44] 1.5652 58.8886
subkey[43] 2.3884 89.9766
subkey[42] 0.7952 46.941
subkey[41] 0.5033 74.4089
subkey[40] 0.2891 81.8402
subkey[39] 3.3103 81.0531
subkey[38] 0.6762 49.5342
subkey[37] 0.4081 71.1835
subkey[36] 1.2313 63.8289
subkey[35] 1.2194 74.182
subkey[34] 0.0882 59.127
subkey[33] 1.8116 54.0572
subkey[32] 0.4732 27.6257
subkey[31] 0.0868 14.1129
subkey[30] 0.1428 55.5147
subkey[29] 0.20125 65.913
subkey[28] 0.0868 64.9194
subkey[27] 0.2324 53.4639
subkey[26] 0.1162 51.0542
subkey[25] 0.0595 8.23529
subkey[24] 0.39095 46.4637
subkey[23] 0.3752 46.3153
subkey[22] 0.3304 59.0572
subkey[21] 0.3654 50.9168
subkey[20] 0.4025 58.5217
subkey[19] 0.4704 76.3393
subkey[18] 0.63 63.5278
subkey[17] 0.05215 34.2282
subkey[16] 0.21665 68.8207
subkey[15] 0.8603 71.4809
subkey[14] 0.2877 69.4647
subkey[13] 1.3048 13.0633
subkey[12] 0.5516 38.9594
subkey[11] 0.2562 66.1202
subkey[10] 0.5586 45.99
subkey[9] 0.7224 73.1589
subkey[8] 0.1897 27.6753
subkey[7] 0.2786 47.4874
subkey[6] 0.7945 51.2115
subkey[5] 0.58065 58.7876
subkey[4] 0.791 52.6549
subkey[3] 1.8081 85.1336
subkey[2] 1.0353 66.3962
subkey[1] 0.1764 72.2222
subkey[0] 0.16345 41.5418
key_sched/key_reg[127] 1.16095 61.6069
key_sched/key_reg[126] 1.3769 56.6853
key_sched/key_reg[125] 0.9849 39.1512
key_sched/key_reg[124] 1.0948 53.4047
key_sched/key_reg[123] 0.74795 32.2883
key_sched/key_reg[122] 0.7742 50.7911
key_sched/key_reg[121] 2.13885 52.8882
key_sched/key_reg[120] 1.06365 61.665
key_sched/key_reg[119] 0.63525 45.8127
key_sched/key_reg[118] 0.826 41.1653
key_sched/key_reg[117] 0.42245 12.8891
key_sched/key_reg[116] 0.33145 64.5723
key_sched/key_reg[115] 0.168 57.2917
key_sched/key_reg[114] 0.4235 58.0992
key_sched/key_reg[113] 0.30205 15.5272
key_sched/key_reg[112] 0.4396 39.8089
key_sched/key_reg[111] 0.3542 78.6561
key_sched/key_reg[110] 0.34755 37.0594
key_sched/key_reg[109] 0.3325 47.7895
key_sched/key_reg[108] 0.5964 50.0084
key_sched/key_reg[107] 0.3801 15.0092
key_sched/key_reg[106] 0.4256 60.9375
key_sched/key_reg[105] 0.2723 27.5707
key_sched/key_reg[104] 0.847 50.2273
key_sched/key_reg[103] 0.68565 66.3604
key_sched/key_reg[102] 1.4322 48.5337
key_sched/key_reg[101] 1.8165 53.237
key_sched/key_reg[100] 1.68945 32.8672
key_sched/key_reg[99] 1.0724 57.9308
key_sched/key_reg[98] 1.1025 58.4762
key_sched/key_reg[97] 0.7007 43.1069
key_sched/key_reg[96] 1.2607 64.0061
key_sched/key_reg[95] 1.26945 39.6766
key_sched/key_reg[94] 0.8358 32.9505
key_sched/key_reg[93] 1.2103 54.1911
key_sched/key_reg[92] 2.12695 69.8782
key_sched/key_reg[91] 3.07125 62.0399
key_sched/key_reg[90] 1.94845 49.8576
key_sched/key_reg[89] 1.3461 50.3102
key_sched/key_reg[88] 0.87325 51.0421
key_sched/key_reg[87] 0.64645 48.0238
key_sched/key_reg[86] 0.5012 53.352
key_sched/key_reg[85] 0.609 54.5977
key_sched/key_reg[84] 0.9184 39.6532
key_sched/key_reg[83] 1.1557 23.4036
key_sched/key_reg[82] 1.7829 77.6993
key_sched/key_reg[81] 1.35905 71.8388
key_sched/key_reg[80] 1.2551 44.1598
key_sched/key_reg[79] 0.9779 33.8404
key_sched/key_reg[78] 1.24005 12.814
key_sched/key_reg[77] 1.1179 48.8707
key_sched/key_reg[76] 0.553 41.7722
key_sched/key_reg[75] 0.4004 47.8147
key_sched/key_reg[74] 2.37947 50.2979
key_sched/key_reg[73] 1.0416 59.2574
key_sched/key_reg[72] 0.5789 35.9432
key_sched/key_reg[71] 1.3342 55.6007
key_sched/key_reg[70] 0.6888 33.7907
key_sched/key_reg[69] 1.0136 35.9116
key_sched/key_reg[68] 1.0164 44.8544
key_sched/key_reg[67] 1.0598 21.8791
key_sched/key_reg[66] 1.12035 50.9528
key_sched/key_reg[65] 0.6608 34.1102
key_sched/key_reg[64] 1.14345 59.3205
key_sched/key_reg[63] 4.77137 58.0708
key_sched/key_reg[62] 2.8497 57.9956
key_sched/key_reg[61] 2.24525 38.5425
key_sched/key_reg[60] 3.15157 30.1183
key_sched/key_reg[59] 4.2203 25.6552
key_sched/key_reg[58] 3.8563 70.3258
key_sched/key_reg[57] 5.33295 49.6751
key_sched/key_reg[56] 7.26145 85.4678
key_sched/key_reg[55] 6.44525 87.9663
key_sched/key_reg[54] 4.3407 60.5064
key_sched/key_reg[53] 1.12175 44.6646
key_sched/key_reg[52] 2.3149 34.5177
key_sched/key_reg[51] 2.11995 36.6188
key_sched/key_reg[50] 3.69145 61.3675
key_sched/key_reg[49] 4.92765 33.1345
key_sched/key_reg[48] 5.2038 31.7595
key_sched/key_reg[47] 3.65225 53.3397
key_sched/key_reg[46] 2.289 59.289
key_sched/key_reg[45] 0.8638 67.9903
key_sched/key_reg[44] 1.1739 55.6947
key_sched/key_reg[43] 3.3936 75.7787
key_sched/key_reg[42] 3.4223 79.4181
key_sched/key_reg[41] 4.69175 5.5182
key_sched/key_reg[40] 4.51955 89.5532
key_sched/key_reg[39] 4.0271 71.1064
key_sched/key_reg[38] 2.8553 52.5496
key_sched/key_reg[37] 1.74615 28.9924
key_sched/key_reg[36] 1.561 44.8879
key_sched/key_reg[35] 2.12362 60.1319
key_sched/key_reg[34] 1.7815 53.3792
key_sched/key_reg[33] 4.6116 80.4417
key_sched/key_reg[32] 5.67053 62.5189
key_sched/key_reg[31] 2.89765 68.4261
key_sched/key_reg[30] 0.7784 70.4137
key_sched/key_reg[29] 0.6167 52.0026
key_sched/key_reg[28] 0.7658 15.2879
key_sched/key_reg[27] 0.6454 64.2082
key_sched/key_reg[26] 0.78785 70.4131
key_sched/key_reg[25] 1.0976 60.1358
key_sched/key_reg[24] 0.9884 51.51
key_sched/key_reg[23] 0.4039 15.208
key_sched/key_reg[22] 0.5929 32.6446
key_sched/key_reg[21] 0.60235 39.3376
key_sched/key_reg[20] 0.7224 50.1938
key_sched/key_reg[19] 1.42765 58.3231
key_sched/key_reg[18] 0.8008 53.6713
key_sched/key_reg[17] 0.7042 34.5924
key_sched/key_reg[16] 0.5929 64.876
key_sched/key_reg[15] 0.5712 43.0147
key_sched/key_reg[14] 0.5229 64.2236
key_sched/key_reg[13] 0.61775 26.3537
key_sched/key_reg[12] 0.5768 38.6529
key_sched/key_reg[11] 0.6678 35.4298
key_sched/key_reg[10] 0.7784 27.7653
key_sched/key_reg[9] 0.7294 38.0278
key_sched/key_reg[8] 0.9975 11.2807
key_sched/key_reg[7] 0.57225 53.7964
key_sched/key_reg[6] 0.6447 33.6862
key_sched/key_reg[5] 0.7595 57.5806
key_sched/key_reg[4] 0.71925 60.2433
key_sched/key_reg[3] 1.12455 59.9395
key_sched/key_reg[2] 0.7175 37.0732
key_sched/key_reg[1] 1.1949 49.3263
key_sched/key_reg[0] 3.5805 58.4213
key_sched/G2_out[31] 0.0133 73.6842
key_sched/G2_out[30] 0.1995 72.9825
key_sched/G2_out[29] 0.0931 68.4211
key_sched/G2_out[28] 0.31325 74.6369
key_sched/G2_out[27] 0.2044 0
key_sched/G2_out[26] 0.1848 58.3333
key_sched/G2_out[25] 0.0133 0
key_sched/G2_out[24] 0.0931 72.1805
key_sched/G2_out[23] 0.2793 68.985
key_sched/G2_out[22] 0.1554 42.1171
key_sched/G2_out[21] 0.0966 67.029
key_sched/G2_out[20] 0.3444 52.7947
key_sched/G2_out[19] 0.105 51.3333
key_sched/G2_out[18] 0.0833 73.9496
key_sched/G2_out[17] 0.0917 17.3664
key_sched/G2_out[16] 0.5551 45.7755
key_sched/G2_out[15] 0.0931 43.609
key_sched/G2_out[14] 0.2464 58.5227
key_sched/G2_out[13] 0.1176 55.506
key_sched/G2_out[12] 0.2177 19.5338
key_sched/G2_out[11] 0.0833 64.7059
key_sched/G2_out[10] 0.0833 79.8319
key_sched/G2_out[9] 0.2891 50.8475
key_sched/G2_out[8] 0.231 52.6082
key_sched/G2_out[7] 0.2247 69.4704
key_sched/G2_out[6] 0.21385 49.4272
key_sched/G2_out[5] 0.0133 0
key_sched/G2_out[4] 0.1099 0
key_sched/G2_out[3] 0.0266 0
key_sched/G2_out[2] 0.1813 64.6718
key_sched/G2_out[1] 0.4823 50.9434
key_sched/G2_out[0] 0.1246 65.7303
key_sched/G2_in[31] 3.4461 63.6096
key_sched/G2_in[30] 4.7992 58.7004
key_sched/G2_in[29] 10.0768 84.8928
key_sched/G2_in[28] 8.5932 80.8244
key_sched/G2_in[27] 6.4855 82.3502
key_sched/G2_in[26] 3.55005 51.6711
key_sched/G2_in[25] 0.7686 69.2623
key_sched/G2_in[24] 0.9373 66.8409
key_sched/G2_in[23] 7.98665 79.5149
key_sched/G2_in[22] 5.6168 75.5857
key_sched/G2_in[21] 3.26795 67.8483
key_sched/G2_in[20] 6.21705 87.0461
key_sched/G2_in[19] 3.6001 70.8147
key_sched/G2_in[18] 5.8107 82.5744
key_sched/G2_in[17] 8.0941 77.6875
key_sched/G2_in[16] 8.63415 79.3992
key_sched/G2_in[15] 3.3971 81.0839
key_sched/G2_in[14] 2.6649 85.7499
key_sched/G2_in[13] 4.7873 92.8645
key_sched/G2_in[12] 3.96025 89.9249
key_sched/G2_in[11] 2.9666 90.0779
key_sched/G2_in[10] 5.51425 91.3361
key_sched/G2_in[9] 3.65855 87.8504
key_sched/G2_in[8] 4.31025 95.5339
key_sched/G2_in[7] 0.4354 75.2412
key_sched/G2_in[6] 0.88025 76.9583
key_sched/G2_in[5] 1.3363 69.2509
key_sched/G2_in[4] 4.90385 84.9975
key_sched/G2_in[3] 4.7397 86.5973
key_sched/G2_in[2] 3.78175 93.0403
key_sched/G2_in[1] 1.17075 79.6712
key_sched/G2_in[0] 1.0269 29.8982
key_sched/G2/sbox_d_out[7] 4.3925 63.1793
key_sched/G2/sbox_d_out[6] 4.0194 44.5664
key_sched/G2/sbox_d_out[5] 7.99645 91.0623
key_sched/G2/sbox_d_out[4] 12.0176 85.744
key_sched/G2/sbox_d_out[3] 9.0979 91.0633
key_sched/G2/sbox_d_out[2] 13.3655 83.3805
key_sched/G2/sbox_d_out[1] 6.3042 95.0838
key_sched/G2/sbox_d_out[0] 5.3214 68.5872
key_sched/G2/sbox_c_out[7] 9.1063 99.3159
key_sched/G2/sbox_c_out[6] 8.5428 94.4916
key_sched/G2/sbox_c_out[5] 11.1282 97.2511
key_sched/G2/sbox_c_out[4] 0.6713 88.6861
key_sched/G2/sbox_c_out[3] 1.0675 58.2787
key_sched/G2/sbox_c_out[2] 0.84 84.2917
key_sched/G2/sbox_c_out[1] 9.0188 97.5008
key_sched/G2/sbox_c_out[0] 10.8864 96.2191
key_sched/G2/sbox_b_out[7] 9.59945 84.0194
key_sched/G2/sbox_b_out[6] 4.081 61.9511
key_sched/G2/sbox_b_out[5] 6.251 78.7626
key_sched/G2/sbox_b_out[4] 1.64885 49.204
key_sched/G2/sbox_b_out[3] 0.4662 42.7928
key_sched/G2/sbox_b_out[2] 0.89495 72.8784
key_sched/G2/sbox_b_out[1] 8.68875 82.0423
key_sched/G2/sbox_b_out[0] 9.5046 85.1653
key_sched/G2/sbox_a_out[7] 0.9002 57.4289
key_sched/G2/sbox_a_out[6] 2.4913 29.1936
key_sched/G2/sbox_a_out[5] 2.44125 59.4695
key_sched/G2/sbox_a_out[4] 9.00445 86.0186
key_sched/G2/sbox_a_out[3] 5.4985 64.0643
key_sched/G2/sbox_a_out[2] 9.1077 79.7729
key_sched/G2/sbox_a_out[1] 1.0115 64.6021
key_sched/G2/sbox_a_out[0] 0.7574 38.817
