Weights:
	des_issues:		0.25
	fsp_fi_ea_c_avg:		(1/6)
	fsp_fi_ea_c_max:		(1/3)
	des_perf_setup_TNS:		0.5
	fsp_fi_ea_n_avg:		(1/6)
	ti_sts_max:		(1/3)
	des_perf:		0.25
	ti_fts_total:		0.5
	des_area:		0.25
	ti_fts_avg:		(1/6)
	fsp_fi_ea_n:		0.5
	fsp_fi_ea_n_total:		0.5
	ti_sts:		0.5
	fsp_fi_ea_n_max:		(1/3)
	des_perf_setup_FEP:		(1/6)
	fsp_fi_ea_c_total:		0.5
	fsp_fi_ea_c:		0.5
	ti_sts_avg:		(1/6)
	ti_fts:		0.5
	ti_sts_total:		0.5
	ti_fts_max:		(1/3)
	des_p_total:		0.25
	des_perf_setup_WNS:		(1/3)

Baseline metrics:
	des_issues:		174
	fsp_fi_ea_c_avg:		35.3756
	fsp_fi_ea_c_max:		86.1905
	des_perf_setup_TNS:		-6.693
	fsp_fi_ea_n_avg:		54.5857
	ti_sts_max:		385
	ti_fts_total:		109077
	des_area:		30493.9208
	ti_fts_avg:		298.02
	fsp_fi_ea_n_total:		1878.62
	fsp_fi_ea_n_max:		100
	des_perf_setup_FEP:		33
	fsp_fi_ea_c_total:		913.817
	ti_sts_avg:		84.34
	ti_sts_total:		30870
	ti_fts_max:		914
	des_p_total:		4.59613585
	des_perf_setup_WNS:		-0.519

Submission metrics:
	des_issues:		174
	fsp_fi_ea_c_avg:		35.3756
	fsp_fi_ea_c_max:		86.1905
	des_perf_setup_TNS:		-6.693
	fsp_fi_ea_n_avg:		54.5857
	ti_sts_max:		385
	ti_fts_total:		109077
	des_area:		30493.9208
	ti_fts_avg:		298.02
	fsp_fi_ea_n_total:		1878.62
	fsp_fi_ea_n_max:		100
	des_perf_setup_FEP:		33
	fsp_fi_ea_c_total:		913.817
	ti_sts_avg:		84.34
	ti_sts_total:		30870
	ti_fts_max:		914
	des_p_total:		4.59613585
	des_perf_setup_WNS:		-0.519

Base scores (non-weighted):
	des_issues:		1.000000
	fsp_fi_ea_c_avg:		1.000000
	fsp_fi_ea_c_max:		1.000000
	des_perf_setup_TNS:		1.000000
	fsp_fi_ea_n_avg:		1.000000
	ti_sts_max:		1.000000
	ti_fts_total:		1.000000
	des_area:		1.000000
	ti_fts_avg:		1.000000
	fsp_fi_ea_n_total:		1.000000
	fsp_fi_ea_n_max:		1.000000
	des_perf_setup_FEP:		1.000000
	fsp_fi_ea_c_total:		1.000000
	ti_sts_avg:		1.000000
	ti_sts_total:		1.000000
	ti_fts_max:		1.000000
	des_p_total:		1.000000
	des_perf_setup_WNS:		1.000000

Scores (weighted):
	des_issues:		1.000000
	OVERALL:		1.000000
	des_perf:		1.000000
	des:		1.000000
	des_area:		1.000000
	fsp_fi_ea_n:		1.000000
	ti_sts:		1.000000
	fsp_fi_ea_c:		1.000000
	ti_fts:		1.000000
	fsp_fi:		1.000000
	ti:		1.000000
	des_p_total:		1.000000

