#Checking placement violation...
Begin checking placement ... (start mem=654.7M, init mem=662.7M)
*info: Placed = 2269           (Fixed = 7)
*info: Unplaced = 0           
Placement Density:81.13%(3484/4295)
Placement Density (including fixed std cells):81.13%(3484/4295)
Finished check_place (total: cpu=0:00:00.1, real=0:00:00.0; vio checks: cpu=0:00:00.0, real=0:00:00.0; mem=662.7M)
#cpu time = 00:00:00, elapsed time = 00:00:00, memory = 475.34 (MB), peak = 479.01 (MB)
#Checking wire integrity...
#cpu time = 00:00:00, elapsed time = 00:00:00, memory = 475.34 (MB), peak = 479.01 (MB)
Multithreaded Timing Analysis is initialized with 8 threads

#Checking unplaced instance...
#cpu time = 00:00:00, elapsed time = 00:00:00, memory = 458.76 (MB), peak = 727.04 (MB)
#Checking track...
#cpu time = 00:00:00, elapsed time = 00:00:00, memory = 458.76 (MB), peak = 727.04 (MB)
#Checking blocked track...
#cpu time = 00:00:00, elapsed time = 00:00:00, memory = 458.76 (MB), peak = 727.04 (MB)
#Checking 3rd-party violation...
#cpu time = 00:00:00, elapsed time = 00:00:00, memory = 458.76 (MB), peak = 727.04 (MB)
#Checking ECO route violation...
#cpu time = 00:00:00, elapsed time = 00:00:00, memory = 458.76 (MB), peak = 727.04 (MB)
#Checking unplaced I/O pin...
#cpu time = 00:00:00, elapsed time = 00:00:00, memory = 458.76 (MB), peak = 727.04 (MB)
#Checking same-cell violation...
#cpu time = 00:00:00, elapsed time = 00:00:00, memory = 458.77 (MB), peak = 727.04 (MB)
#Checking pin layer escape...
#cpu time = 00:00:00, elapsed time = 00:00:00, memory = 458.77 (MB), peak = 727.04 (MB)
*** Message Summary: 0 warning(s), 0 error(s)

