Total exposed area across net assets: 180.984
Max exposure [%] across net assets: 100
Avg exposure [%] across net assets: 71.7035

#NetName TotalAreaNet PercentageExposedAreaNet
key1[1] 0.53305 78.0696
key1[2] 0.50645 72.3566
key1[3] 0.518 75.5405
key1[4] 0.50645 60.2972
key1[5] 0.56805 53.6176
key1[6] 0.47985 60.248
key1[7] 0.4424 17.0886
key1[9] 0.49315 60.9348
key1[10] 0.5551 35.8764
key1[11] 0.4228 15.3146
key1[12] 1.0101 61.7117
key1[13] 0.47985 73.8512
key1[14] 0.5215 72.7517
key1[15] 0.6517 51.7723
key1[17] 0.8043 75.2829
key1[18] 0.53795 69.2258
key1[19] 0.4557 65.1306
key1[20] 0.67095 67.7621
key1[21] 0.54845 73.5801
key1[22] 0.4571 71.5926
key1[23] 0.728 67.7404
key1[25] 0.62125 22.6761
key1[26] 0.4788 53.5088
key1[27] 0.4928 73.2955
key1[28] 0.54285 64.9259
key1[29] 0.61285 77.2701
key1[30] 0.4669 69.6402
key1[31] 0.6265 71.3966
key1[33] 1.36605 81.2708
key1[34] 0.49315 39.3896
key1[35] 0.54705 71.913
key1[36] 0.8575 42.1633
key1[37] 0.50435 31.5753
key1[38] 0.4277 67.2668
key1[39] 1.0227 74.7433
key1[41] 2.3464 80.3848
key1[42] 0.47985 64.2961
key1[43] 0.47985 70.6783
key1[44] 0.7 60
key1[45] 0.48475 39.7318
key1[46] 0.47705 68.8921
key1[47] 0.7875 72.7556
key1[49] 4.3141 93.2419
key1[50] 0.43995 72.315
key1[51] 0.5404 73.1865
key1[52] 0.469 18.2836
key1[53] 0.51975 74.9158
key1[54] 0.4529 39.7604
key1[55] 4.83175 90.848
key1[57] 1.5148 79.8983
key1[58] 0.46655 18.9047
key1[59] 0.51975 73.771
key1[60] 0.5782 65.4358
key1[61] 0.53235 75.2794
key1[62] 0.4312 20.3734
key1[63] 4.53495 89.9437
key2[1] 1.71325 85.4341
key2[2] 1.77835 89.569
key2[3] 1.1697 65.754
key2[4] 3.56895 77.2188
key2[5] 2.67225 97.3543
key2[6] 2.0181 82.1367
key2[7] 2.3247 90.3643
key2[9] 2.3457 57.8857
key2[10] 1.5526 83.2056
key2[11] 1.8585 92.919
key2[12] 3.18885 82.3071
key2[13] 2.09265 82.288
key2[14] 3.11185 74.5473
key2[15] 3.73345 98.95
key2[17] 2.0909 88.3842
key2[18] 1.4217 19.4028
key2[19] 2.9939 92.1908
key2[20] 2.8539 77.4712
key2[21] 1.54805 78.5666
key2[22] 1.05805 68.8389
key2[23] 1.2327 62.862
key2[25] 3.2207 90.4586
key2[26] 1.52705 82.81
key2[27] 1.8949 91.2449
key2[28] 3.03345 95.3386
key2[29] 1.98695 78.5274
key2[30] 1.1438 73.7454
key2[31] 3.0177 92.4148
key2[33] 3.39325 83.4554
key2[34] 1.79865 89.2781
key2[35] 1.127 72.9193
key2[36] 3.5364 91.1025
key2[37] 1.54805 76.6674
key2[38] 1.1067 74.2568
key2[39] 3.1409 91.4642
key2[41] 2.99075 81.2288
key2[42] 1.7045 86.3347
key2[43] 1.0507 59.9505
key2[44] 1.6415 69.5949
key2[45] 1.16305 60.9088
key2[46] 1.9082 94.1306
key2[47] 3.8297 91.72
key2[49] 3.81482 78.2192
key2[50] 1.73285 79.4674
key2[51] 2.7937 83.0869
key2[52] 2.2729 91.1919
key2[53] 1.08675 66.6322
key2[54] 3.1311 99.1728
key2[55] 3.5364 95.0317
key2[57] 3.605 85.1068
key2[58] 2.8784 83.7305
key2[59] 1.74545 89.3724
key2[60] 3.1605 94.5293
key2[61] 1.8669 86.1642
key2[62] 1.1669 66.3917
key2[63] 3.75655 81.515
key3[1] 0.4242 67.4092
key3[2] 0.49035 68.7366
key3[3] 0.6881 75.5849
key3[4] 0.51905 71.0047
key3[5] 1.07275 73.1811
key3[6] 0.8743 94.0352
key3[7] 0.5054 67.7285
key3[9] 0.8309 70.0927
key3[10] 0.8302 73.0185
key3[11] 0.5187 62.888
key3[12] 0.58975 68.1899
key3[13] 0.44625 69.4118
key3[14] 0.52955 74.0912
key3[15] 0.5775 51.2727
key3[17] 0.9597 74.1065
key3[18] 0.44065 61.7951
key3[19] 0.5915 78.5799
key3[20] 1.1809 87.7297
key3[21] 0.86695 69.0755
key3[22] 0.58275 71.1712
key3[23] 0.42945 6.84597
key3[25] 1.0605 89.637
key3[26] 0.7651 95.5169
key3[27] 0.4795 70
key3[28] 0.61075 65.2313
key3[29] 0.7476 70.0375
key3[30] 0.56315 74.0211
key3[31] 1.04895 72.2222
key3[33] 1.3349 96.3555
key3[34] 0.48545 71.8818
key3[35] 0.4795 73.0657
key3[36] 0.9982 73.0715
key3[37] 0.48615 68.9705
key3[38] 0.6524 70.8155
key3[39] 0.64085 67.3949
key3[41] 4.2224 91.4373
key3[42] 0.55265 77.0741
key3[43] 0.4613 70.4097
key3[44] 0.5782 67.8269
key3[45] 0.86065 89.3859
key3[46] 0.5026 69.7772
key3[47] 1.1634 77.2262
key3[49] 2.33975 54.3904
key3[50] 0.44485 71.5185
key3[51] 0.6454 57.7007
key3[52] 0.5516 64.467
key3[53] 0.4627 72.6172
key3[54] 0.4459 48.7329
key3[55] 4.86045 98.3582
key3[57] 1.0591 68.4402
key3[58] 0.833 100
key3[59] 0.4613 71.4719
key3[60] 0.5369 61.8644
key3[61] 0.4207 73.3777
key3[62] 0.4221 54.8922
key3[63] 4.52515 92.5594
