
Power Net Detected:
    Voltage	    Name
    0.00V	    VSS
    0.95V	    VDD
Using Power View: generic_view.
Load RC corner of view generic_view

Begin Power Analysis

    0.00V	    VSS
    0.95V	    VDD

Begin Processing Timing Library for Power Calculation

Begin Processing Timing Library for Power Calculation



Begin Processing Power Net/Grid for Power Calculation

Ended Processing Power Net/Grid for Power Calculation: (cpu=0:00:00, real=0:00:00, mem(process/total/peak)=762.61MB/1733.30MB/762.63MB)

Begin Processing Timing Window Data for Power Calculation

clk(250MHz) CK: assigning clock clk to net clk
Ended Processing Timing Window Data for Power Calculation: (cpu=0:00:00, real=0:00:00, mem(process/total/peak)=762.73MB/1733.30MB/762.73MB)

Begin Processing User Attributes

Ended Processing User Attributes: (cpu=0:00:00, real=0:00:00, mem(process/total/peak)=762.79MB/1733.30MB/762.79MB)

Begin Processing Signal Activity


Starting Levelizing
2022-Mar-12 16:30:01 (2022-Mar-12 21:30:01 GMT)
2022-Mar-12 16:30:01 (2022-Mar-12 21:30:01 GMT): 10%
2022-Mar-12 16:30:01 (2022-Mar-12 21:30:01 GMT): 20%
2022-Mar-12 16:30:01 (2022-Mar-12 21:30:01 GMT): 30%
2022-Mar-12 16:30:01 (2022-Mar-12 21:30:01 GMT): 40%
2022-Mar-12 16:30:01 (2022-Mar-12 21:30:01 GMT): 50%
2022-Mar-12 16:30:01 (2022-Mar-12 21:30:01 GMT): 60%
2022-Mar-12 16:30:01 (2022-Mar-12 21:30:01 GMT): 70%
2022-Mar-12 16:30:01 (2022-Mar-12 21:30:01 GMT): 80%
2022-Mar-12 16:30:01 (2022-Mar-12 21:30:01 GMT): 90%

Finished Levelizing
2022-Mar-12 16:30:01 (2022-Mar-12 21:30:01 GMT)

Starting Activity Propagation
2022-Mar-12 16:30:01 (2022-Mar-12 21:30:01 GMT)
** INFO:  (VOLTUS_POWR-1356): No default input activity has been set. Defaulting to 0.2.
Use 'set_default_switching_activity -input_activity' command to change the default activity value.

2022-Mar-12 16:30:01 (2022-Mar-12 21:30:01 GMT): 10%
2022-Mar-12 16:30:01 (2022-Mar-12 21:30:01 GMT): 20%
2022-Mar-12 16:30:01 (2022-Mar-12 21:30:01 GMT): 30%
2022-Mar-12 16:30:01 (2022-Mar-12 21:30:01 GMT): 40%
2022-Mar-12 16:30:01 (2022-Mar-12 21:30:01 GMT): 50%
2022-Mar-12 16:30:01 (2022-Mar-12 21:30:01 GMT): 60%
2022-Mar-12 16:30:01 (2022-Mar-12 21:30:01 GMT): 70%
2022-Mar-12 16:30:01 (2022-Mar-12 21:30:01 GMT): 80%
2022-Mar-12 16:30:01 (2022-Mar-12 21:30:01 GMT): 90%

Finished Activity Propagation
2022-Mar-12 16:30:01 (2022-Mar-12 21:30:01 GMT)
Ended Processing Signal Activity: (cpu=0:00:00, real=0:00:00, mem(process/total/peak)=763.23MB/1733.30MB/763.23MB)

Begin Power Computation

      ----------------------------------------------------------
      # of cell(s) missing both power/leakage table: 0
      # of cell(s) missing power table: 0
      # of cell(s) missing leakage table: 0
      # of MSMV cell(s) missing power_level: 0
      ----------------------------------------------------------



Starting Calculating power
2022-Mar-12 16:30:01 (2022-Mar-12 21:30:01 GMT)
2022-Mar-12 16:30:02 (2022-Mar-12 21:30:02 GMT): 10%
2022-Mar-12 16:30:02 (2022-Mar-12 21:30:02 GMT): 20%
2022-Mar-12 16:30:02 (2022-Mar-12 21:30:02 GMT): 30%
2022-Mar-12 16:30:02 (2022-Mar-12 21:30:02 GMT): 40%
2022-Mar-12 16:30:02 (2022-Mar-12 21:30:02 GMT): 50%
2022-Mar-12 16:30:02 (2022-Mar-12 21:30:02 GMT): 60%
2022-Mar-12 16:30:02 (2022-Mar-12 21:30:02 GMT): 70%
2022-Mar-12 16:30:02 (2022-Mar-12 21:30:02 GMT): 80%
2022-Mar-12 16:30:02 (2022-Mar-12 21:30:02 GMT): 90%

Finished Calculating power
2022-Mar-12 16:30:02 (2022-Mar-12 21:30:02 GMT)
Ended Power Computation: (cpu=0:00:00, real=0:00:00, mem(process/total/peak)=773.38MB/1746.89MB/773.39MB)

Begin Processing User Attributes

Ended Processing User Attributes: (cpu=0:00:00, real=0:00:00, mem(process/total/peak)=773.39MB/1746.89MB/773.45MB)

Ended Power Analysis: (cpu=0:00:00, real=0:00:00, mem(process/total/peak)=773.45MB/1746.89MB/773.45MB)

Begin Boundary Leakage Calculation
Ended Boundary Leakage Calculation: (cpu=0:00:00, real=0:00:00,
mem(process/total/peak)=773.46MB/1746.89MB/773.46MB)
Begin Static Power Report Generation
*----------------------------------------------------------------------------------------
*	Innovus 18.13-s088_1 (64bit) 03/05/2019 11:30 (Linux 2.6.18-194.el5)
*	
*
* 	Date & Time:	2022-Mar-12 16:30:02 (2022-Mar-12 21:30:02 GMT)
*
*----------------------------------------------------------------------------------------
*
*	Design: TDES
*
*	Liberty Libraries used:
*	        generic_view: NangateOpenCellLibrary.lib
*
*	Parasitic Files used:
*
*       Power View : generic_view
*
*       User-Defined Activity : N.A.
*
*       Activity File: N.A.
*
*       Hierarchical Global Activity: N.A.
*
*       Global Activity: N.A.
*
*       Sequential Element Activity: N.A.
*
*       Primary Input Activity: 0.200000
*
*       Default icg ratio: N.A.
*
*       Global Comb ClockGate Ratio: N.A.
*
*	Power Units = 1mW
*
*	Time Units = 1e-09 secs
*
*       report_power
*
-----------------------------------------------------------------------------------------
*



Total Power
-----------------------------------------------------------------------------------------
Total Internal Power:        0.76982388 	   51.9372%
Total Switching Power:       0.66606126 	   44.9367%
Total Leakage Power:         0.04633634 	    3.1261%
Total Power:                 1.48222147
-----------------------------------------------------------------------------------------


Group                           Internal   Switching     Leakage       Total  Percentage 
                                Power      Power         Power         Power  (%)        
-----------------------------------------------------------------------------------------
Sequential                        0.3967     0.09641     0.01338      0.5065       34.17
Macro                                  0           0           0           0           0
IO                                     0           0           0           0           0
Combinational                     0.3556      0.4967     0.03276       0.885       59.71
Clock (Combinational)            0.01754     0.07299   0.0002011     0.09074       6.122
Clock (Sequential)                     0           0           0           0           0
-----------------------------------------------------------------------------------------
Total                             0.7698      0.6661     0.04634       1.482         100
-----------------------------------------------------------------------------------------


Rail                  Voltage   Internal   Switching     Leakage       Total  Percentage 
                                Power      Power         Power         Power  (%)        
-----------------------------------------------------------------------------------------
VDD                      0.95     0.7698      0.6661     0.04634       1.482         100


Clock                           Internal   Switching     Leakage       Total  Percentage 
                                Power      Power         Power         Power  (%)        
-----------------------------------------------------------------------------------------
clk                              0.01754     0.07299   0.0002011     0.09074       6.122
-----------------------------------------------------------------------------------------
Total                            0.01754     0.07299   0.0002011     0.09074       6.122
-----------------------------------------------------------------------------------------
Clock: clk
Clock Period: 0.004000 usec 
Clock Toggle Rate:   500.0000 Mhz 
Clock Static Probability:  0.5000
  
 
 
-----------------------------------------------------------------------------------------
*	Power Distribution Summary: 
*              Highest Average Power:   CTS_ccl_BUF_clk_G0_L1_7 (CLKBUF_X3):          0.01122
*              Highest Leakage Power:             FE_OFC0_n1548 (BUF_X4):        6.223e-05
*                Total Cap:      1.30849e-11 F
*                Total instances in design:  2269
*                Total instances in design with no power:     0
*                Total instances in design with no activty:     0

*                Total Fillers and Decap:     0
-----------------------------------------------------------------------------------------
 
Ended Static Power Report Generation: (cpu=0:00:00, real=0:00:00,
mem(process/total/peak)=774.39MB/1747.89MB/774.52MB)

