( fsm_state_reg_0_ 42.75 39.06 46.55 40.46 )
( current_key_reg_15_ 31.92 43.26 35.72 44.66 )
( current_key_reg_76_ 20.71 41.86 24.51 43.26 )
( current_key_reg_57_ 22.23 39.06 26.03 40.46 )
( current_key_reg_38_ 38.76 33.46 42.56 34.86 )
( current_key_reg_19_ 22.99 32.06 26.79 33.46 )
( current_key_reg_0_ 10.64 43.26 14.44 44.66 )
( current_key_reg_61_ 11.97 41.86 15.77 43.26 )
( current_key_reg_42_ 10.83 19.46 14.63 20.86 )
( current_key_reg_23_ 5.32 18.06 9.12 19.46 )
( current_key_reg_4_ 4.18 20.86 7.98 22.26 )
( current_key_reg_65_ 5.13 22.26 8.93 23.66 )
( current_key_reg_46_ 4.37 29.26 8.17 30.66 )
( current_key_reg_27_ 7.98 32.06 11.78 33.46 )
( current_key_reg_8_ 4.18 39.06 7.98 40.46 )
( current_key_reg_69_ 21.47 40.46 25.27 41.86 )
( current_key_reg_50_ 20.71 36.26 24.51 37.66 )
( current_key_reg_31_ 15.39 32.06 19.19 33.46 )
( current_key_reg_12_ 15.77 34.86 19.57 36.26 )
( current_key_reg_73_ 30.02 36.26 33.82 37.66 )
( current_key_reg_54_ 29.45 33.46 33.25 34.86 )
( current_key_reg_35_ 32.3 37.66 36.1 39.06 )
( current_key_reg_16_ 30.59 41.86 34.39 43.26 )
( current_key_reg_77_ 20.9 44.66 24.7 46.06 )
( current_key_reg_58_ 19.38 37.66 23.18 39.06 )
( current_key_reg_39_ 8.55 30.66 12.35 32.06 )
( current_key_reg_20_ 7.98 25.06 11.78 26.46 )
( current_key_reg_1_ 8.17 29.26 11.97 30.66 )
( current_key_reg_62_ 20.9 29.26 24.7 30.66 )
( current_key_reg_43_ 23.18 30.66 26.98 32.06 )
( current_key_reg_24_ 20.14 27.86 23.94 29.26 )
( current_key_reg_5_ 8.93 22.26 12.73 23.66 )
( current_key_reg_66_ 10.83 18.06 14.63 19.46 )
( current_key_reg_47_ 4.18 15.26 7.98 16.66 )
( current_key_reg_28_ 8.93 20.86 12.73 22.26 )
( current_key_reg_9_ 4.18 25.06 7.98 26.46 )
( current_key_reg_70_ 17.29 33.46 21.09 34.86 )
( current_key_reg_51_ 20.52 34.86 24.32 36.26 )
( current_key_reg_32_ 19.38 30.66 23.18 32.06 )
( current_key_reg_13_ 13.87 40.46 17.67 41.86 )
( current_key_reg_74_ 16.72 44.66 20.52 46.06 )
( current_key_reg_55_ 15.2 36.26 19.0 37.66 )
( current_key_reg_36_ 34.58 36.26 38.38 37.66 )
( current_key_reg_17_ 25.65 36.26 29.45 37.66 )
( current_key_reg_78_ 27.93 40.46 31.73 41.86 )
( current_key_reg_59_ 26.03 39.06 29.83 40.46 )
( current_key_reg_40_ 21.09 23.66 24.89 25.06 )
( current_key_reg_21_ 18.24 22.26 22.04 23.66 )
( current_key_reg_2_ 15.58 23.66 19.38 25.06 )
( current_key_reg_63_ 15.39 29.26 19.19 30.66 )
( current_key_reg_44_ 7.03 33.46 10.83 34.86 )
( current_key_reg_25_ 13.49 27.86 17.29 29.26 )
( current_key_reg_6_ 11.78 25.06 15.58 26.46 )
( current_key_reg_67_ 12.73 22.26 16.53 23.66 )
( current_key_reg_48_ 15.58 25.06 19.38 26.46 )
( current_key_reg_29_ 13.11 30.66 16.91 32.06 )
( current_key_reg_10_ 5.13 43.26 8.93 44.66 )
( current_key_reg_71_ 8.55 44.66 12.35 46.06 )
( current_key_reg_52_ 11.78 39.06 15.58 40.46 )
( current_key_reg_33_ 5.89 34.86 9.69 36.26 )
( current_key_reg_14_ 4.37 44.66 8.17 46.06 )
( current_key_reg_75_ 30.78 44.66 34.58 46.06 )
( current_key_reg_56_ 29.83 39.06 33.63 40.46 )
( current_key_reg_37_ 38.38 36.26 42.18 37.66 )
( current_key_reg_18_ 34.77 44.66 38.57 46.06 )
( current_key_reg_79_ 17.86 43.26 21.66 44.66 )
( current_key_reg_60_ 17.67 40.46 21.47 41.86 )
( current_key_reg_41_ 23.18 25.06 26.98 26.46 )
( current_key_reg_22_ 19.38 25.06 23.18 26.46 )
( current_key_reg_3_ 4.18 32.06 7.98 33.46 )
( current_key_reg_64_ 8.74 36.26 12.54 37.66 )
( current_key_reg_45_ 4.18 36.26 7.98 37.66 )
( current_key_reg_26_ 10.83 33.46 14.63 34.86 )
( current_key_reg_7_ 7.98 41.86 11.78 43.26 )
( current_key_reg_68_ 12.73 44.66 16.53 46.06 )
( current_key_reg_49_ 12.35 37.66 16.15 39.06 )
( current_key_reg_30_ 11.21 34.86 15.01 36.26 )
( current_key_reg_11_ 7.98 39.06 11.78 40.46 )
( current_key_reg_72_ 15.77 41.86 19.57 43.26 )
( current_key_reg_53_ 24.32 34.86 28.12 36.26 )
( current_key_reg_34_ 33.63 39.06 37.43 40.46 )
( state_reg_0_ 39.52 32.06 43.32 33.46 )
( state_reg_1_ 24.32 4.06 28.12 5.46 )
( state_reg_2_ 37.43 30.66 41.23 32.06 )
( state_reg_3_ 26.98 25.06 30.78 26.46 )
( state_reg_4_ 8.36 4.06 12.16 5.46 )
( state_reg_5_ 20.33 4.06 24.13 5.46 )
( state_reg_6_ 16.53 4.06 20.33 5.46 )
( state_reg_7_ 4.18 4.06 7.98 5.46 )
( state_reg_8_ 32.11 4.06 35.91 5.46 )
( state_reg_9_ 36.48 4.06 40.28 5.46 )
( state_reg_10_ 33.44 5.46 37.24 6.86 )
( state_reg_11_ 34.96 8.26 38.76 9.66 )
( state_reg_12_ 12.54 4.06 16.34 5.46 )
( state_reg_13_ 21.47 6.86 25.27 8.26 )
( state_reg_14_ 31.35 6.86 35.15 8.26 )
( state_reg_15_ 25.27 6.86 29.07 8.26 )
( state_reg_16_ 30.59 32.06 34.39 33.46 )
( state_reg_17_ 15.77 5.46 19.57 6.86 )
( state_reg_18_ 31.92 22.26 35.72 23.66 )
( state_reg_19_ 26.79 32.06 30.59 33.46 )
( state_reg_20_ 32.11 23.66 35.91 25.06 )
( state_reg_21_ 40.66 23.66 44.46 25.06 )
( state_reg_22_ 40.66 4.06 44.46 5.46 )
( state_reg_23_ 8.17 11.06 11.97 12.46 )
( state_reg_24_ 27.36 8.26 31.16 9.66 )
( state_reg_25_ 37.62 6.86 41.42 8.26 )
( state_reg_26_ 33.63 9.66 37.43 11.06 )
( state_reg_27_ 37.62 11.06 41.42 12.46 )
( state_reg_28_ 7.03 8.26 10.83 9.66 )
( state_reg_29_ 4.37 11.06 8.17 12.46 )
( state_reg_30_ 6.08 16.66 9.88 18.06 )
( state_reg_31_ 4.18 6.86 7.98 8.26 )
( state_reg_32_ 28.12 22.26 31.92 23.66 )
( state_reg_33_ 11.59 6.86 15.39 8.26 )
( state_reg_34_ 31.16 25.06 34.96 26.46 )
( state_reg_35_ 20.33 19.46 24.13 20.86 )
( state_reg_36_ 33.25 33.46 37.05 34.86 )
( state_reg_37_ 40.85 20.86 44.65 22.26 )
( state_reg_38_ 40.47 5.46 44.27 6.86 )
( state_reg_39_ 14.82 15.26 18.62 16.66 )
( state_reg_40_ 29.83 12.46 33.63 13.86 )
( state_reg_41_ 40.66 15.26 44.46 16.66 )
( state_reg_42_ 40.09 9.66 43.89 11.06 )
( state_reg_43_ 36.29 13.86 40.09 15.26 )
( state_reg_44_ 17.67 13.86 21.47 15.26 )
( state_reg_45_ 18.05 16.66 21.85 18.06 )
( state_reg_47_ 26.03 12.46 29.83 13.86 )
( state_reg_48_ 19.76 20.86 23.56 22.26 )
( state_reg_49_ 11.02 9.66 14.82 11.06 )
( state_reg_50_ 12.92 16.66 16.72 18.06 )
( state_reg_51_ 14.63 19.46 18.43 20.86 )
( state_reg_52_ 20.52 26.46 24.32 27.86 )
( state_reg_53_ 24.32 22.26 28.12 23.66 )
( state_reg_54_ 28.12 4.06 31.92 5.46 )
( state_reg_55_ 7.98 15.26 11.78 16.66 )
( state_reg_56_ 24.13 19.46 27.93 20.86 )
( state_reg_57_ 33.63 12.46 37.43 13.86 )
( state_reg_58_ 29.83 9.66 33.63 11.06 )
( state_reg_60_ 22.23 12.46 26.03 13.86 )
( state_reg_61_ 21.85 16.66 25.65 18.06 )
( state_reg_62_ 28.31 15.26 32.11 16.66 )
( state_reg_63_ 20.52 8.26 24.32 9.66 )
( state_reg_59_ 35.91 23.66 40.66 25.06 )
( fsm_state_reg_1_ 42.18 36.26 46.93 37.66 )
( state_reg_46_ 35.72 22.26 40.47 23.66 )
( key_sbox/U20 28.69 43.26 29.83 44.66 )
( key_sbox/U19 28.69 44.66 29.83 46.06 )
( key_sbox/U18 29.83 43.26 30.21 44.66 )
( key_sbox/U17 27.93 43.26 28.69 44.66 )
( key_sbox/U16 25.27 44.66 26.22 46.06 )
( key_sbox/U15 24.89 44.66 25.27 46.06 )
( key_sbox/U14 26.03 43.26 26.98 44.66 )
( key_sbox/U13 26.41 44.66 27.17 46.06 )
( key_sbox/U12 27.55 44.66 28.69 46.06 )
( key_sbox/U11 28.88 41.86 29.45 43.26 )
( key_sbox/U10 27.17 44.66 27.55 46.06 )
( key_sbox/U9 27.36 43.26 27.93 44.66 )
( key_sbox/U8 25.46 41.86 26.6 43.26 )
( key_sbox/U7 26.6 41.86 27.55 43.26 )
( key_sbox/U6 26.98 43.26 27.36 44.66 )
( key_sbox/U5 28.12 41.86 28.5 43.26 )
( key_sbox/U4 27.55 41.86 28.12 43.26 )
( key_sbox/U3 28.5 41.86 28.88 43.26 )
