Total exposed area across cell assets: 330.642
Max exposure [%] across cell assets: 76.8506
Avg exposure [%] across cell assets: 43.1223

Instance: fsm_state_reg_0_ angle: 0 side: N Area_Exposed: 4.08845 Perc_Exposed: 76.8506
Instance: current_key_reg_15_ angle: 0 side: N Area_Exposed: 3.21702 Perc_Exposed: 60.4704
Instance: current_key_reg_76_ angle: 0 side: N Area_Exposed: 3.07928 Perc_Exposed: 57.8811
Instance: current_key_reg_57_ angle: 0 side: N Area_Exposed: 2.8939 Perc_Exposed: 54.3966
Instance: current_key_reg_38_ angle: 0 side: N Area_Exposed: 1.97572 Perc_Exposed: 37.1377
Instance: current_key_reg_19_ angle: 0 side: N Area_Exposed: 1.4525 Perc_Exposed: 27.3026
Instance: current_key_reg_0_ angle: 0 side: N Area_Exposed: 3.18858 Perc_Exposed: 59.9356
Instance: current_key_reg_61_ angle: 0 side: N Area_Exposed: 3.2451 Perc_Exposed: 60.9981
Instance: current_key_reg_42_ angle: 0 side: N Area_Exposed: 1.92513 Perc_Exposed: 36.1866
Instance: current_key_reg_23_ angle: 0 side: N Area_Exposed: 1.02208 Perc_Exposed: 19.2119
Instance: current_key_reg_4_ angle: 0 side: N Area_Exposed: 1.33435 Perc_Exposed: 25.0818
Instance: current_key_reg_65_ angle: 0 side: N Area_Exposed: 1.69873 Perc_Exposed: 31.9309
Instance: current_key_reg_46_ angle: 0 side: N Area_Exposed: 1.40208 Perc_Exposed: 26.3548
Instance: current_key_reg_27_ angle: 0 side: N Area_Exposed: 1.09365 Perc_Exposed: 20.5573
Instance: current_key_reg_8_ angle: 0 side: N Area_Exposed: 1.85625 Perc_Exposed: 34.8919
Instance: current_key_reg_69_ angle: 0 side: N Area_Exposed: 2.74445 Perc_Exposed: 51.5874
Instance: current_key_reg_50_ angle: 0 side: N Area_Exposed: 2.27565 Perc_Exposed: 42.7754
Instance: current_key_reg_31_ angle: 0 side: N Area_Exposed: 1.01063 Perc_Exposed: 18.9967
Instance: current_key_reg_12_ angle: 0 side: N Area_Exposed: 2.07445 Perc_Exposed: 38.9934
Instance: current_key_reg_73_ angle: 0 side: N Area_Exposed: 2.19595 Perc_Exposed: 41.2773
Instance: current_key_reg_54_ angle: 0 side: N Area_Exposed: 2.11793 Perc_Exposed: 39.8106
Instance: current_key_reg_35_ angle: 0 side: N Area_Exposed: 2.47415 Perc_Exposed: 46.5066
Instance: current_key_reg_16_ angle: 0 side: N Area_Exposed: 3.20547 Perc_Exposed: 60.2533
Instance: current_key_reg_77_ angle: 0 side: N Area_Exposed: 3.37828 Perc_Exposed: 63.5014
Instance: current_key_reg_58_ angle: 0 side: N Area_Exposed: 1.7079 Perc_Exposed: 32.1034
Instance: current_key_reg_39_ angle: 0 side: N Area_Exposed: 2.17335 Perc_Exposed: 40.8524
Instance: current_key_reg_20_ angle: 0 side: N Area_Exposed: 2.53968 Perc_Exposed: 47.7383
Instance: current_key_reg_1_ angle: 0 side: N Area_Exposed: 2.06885 Perc_Exposed: 38.8882
Instance: current_key_reg_62_ angle: 0 side: N Area_Exposed: 1.65453 Perc_Exposed: 31.1001
Instance: current_key_reg_43_ angle: 0 side: N Area_Exposed: 2.0594 Perc_Exposed: 38.7105
Instance: current_key_reg_24_ angle: 0 side: N Area_Exposed: 1.76978 Perc_Exposed: 33.2664
Instance: current_key_reg_5_ angle: 0 side: N Area_Exposed: 2.03748 Perc_Exposed: 38.2984
Instance: current_key_reg_66_ angle: 0 side: N Area_Exposed: 1.28538 Perc_Exposed: 24.1612
Instance: current_key_reg_47_ angle: 0 side: N Area_Exposed: 1.33008 Perc_Exposed: 25.0014
Instance: current_key_reg_28_ angle: 0 side: N Area_Exposed: 1.4062 Perc_Exposed: 26.4323
Instance: current_key_reg_9_ angle: 0 side: N Area_Exposed: 1.91418 Perc_Exposed: 35.9807
Instance: current_key_reg_70_ angle: 0 side: N Area_Exposed: 1.9774 Perc_Exposed: 37.1692
Instance: current_key_reg_51_ angle: 0 side: N Area_Exposed: 1.8424 Perc_Exposed: 34.6316
Instance: current_key_reg_32_ angle: 0 side: N Area_Exposed: 1.7859 Perc_Exposed: 33.5695
Instance: current_key_reg_13_ angle: 0 side: N Area_Exposed: 2.43095 Perc_Exposed: 45.6945
Instance: current_key_reg_74_ angle: 0 side: N Area_Exposed: 3.26935 Perc_Exposed: 61.4539
Instance: current_key_reg_55_ angle: 0 side: N Area_Exposed: 2.63825 Perc_Exposed: 49.5912
Instance: current_key_reg_36_ angle: 0 side: N Area_Exposed: 2.5728 Perc_Exposed: 48.3609
Instance: current_key_reg_17_ angle: 0 side: N Area_Exposed: 1.95782 Perc_Exposed: 36.8012
Instance: current_key_reg_78_ angle: 0 side: N Area_Exposed: 3.37575 Perc_Exposed: 63.4539
Instance: current_key_reg_59_ angle: 0 side: N Area_Exposed: 3.14137 Perc_Exposed: 59.0484
Instance: current_key_reg_40_ angle: 0 side: N Area_Exposed: 1.95353 Perc_Exposed: 36.7204
Instance: current_key_reg_21_ angle: 0 side: N Area_Exposed: 1.85118 Perc_Exposed: 34.7965
Instance: current_key_reg_2_ angle: 0 side: N Area_Exposed: 1.92665 Perc_Exposed: 36.2152
Instance: current_key_reg_63_ angle: 0 side: N Area_Exposed: 1.95668 Perc_Exposed: 36.7796
Instance: current_key_reg_44_ angle: 0 side: N Area_Exposed: 1.67733 Perc_Exposed: 31.5287
Instance: current_key_reg_25_ angle: 0 side: N Area_Exposed: 2.6417 Perc_Exposed: 49.656
Instance: current_key_reg_6_ angle: 0 side: N Area_Exposed: 2.17313 Perc_Exposed: 40.8482
Instance: current_key_reg_67_ angle: 0 side: N Area_Exposed: 2.14788 Perc_Exposed: 40.3736
Instance: current_key_reg_48_ angle: 0 side: N Area_Exposed: 2.24897 Perc_Exposed: 42.274
Instance: current_key_reg_29_ angle: 0 side: N Area_Exposed: 1.60518 Perc_Exposed: 30.1725
Instance: current_key_reg_10_ angle: 0 side: N Area_Exposed: 2.7935 Perc_Exposed: 52.5094
Instance: current_key_reg_71_ angle: 0 side: N Area_Exposed: 3.3319 Perc_Exposed: 62.6297
Instance: current_key_reg_52_ angle: 0 side: N Area_Exposed: 2.5846 Perc_Exposed: 48.5827
Instance: current_key_reg_33_ angle: 0 side: N Area_Exposed: 1.851 Perc_Exposed: 34.7932
Instance: current_key_reg_14_ angle: 0 side: N Area_Exposed: 2.69845 Perc_Exposed: 50.7227
Instance: current_key_reg_75_ angle: 0 side: N Area_Exposed: 3.5953 Perc_Exposed: 67.5808
Instance: current_key_reg_56_ angle: 0 side: N Area_Exposed: 3.12785 Perc_Exposed: 58.7942
Instance: current_key_reg_37_ angle: 0 side: N Area_Exposed: 2.76188 Perc_Exposed: 51.9149
Instance: current_key_reg_18_ angle: 0 side: N Area_Exposed: 3.0578 Perc_Exposed: 57.4774
Instance: current_key_reg_79_ angle: 0 side: N Area_Exposed: 2.67065 Perc_Exposed: 50.2002
Instance: current_key_reg_60_ angle: 0 side: N Area_Exposed: 2.2692 Perc_Exposed: 42.6541
Instance: current_key_reg_41_ angle: 0 side: N Area_Exposed: 2.05028 Perc_Exposed: 38.539
Instance: current_key_reg_22_ angle: 0 side: N Area_Exposed: 1.50605 Perc_Exposed: 28.3092
Instance: current_key_reg_3_ angle: 0 side: N Area_Exposed: 0.93745 Perc_Exposed: 17.6212
Instance: current_key_reg_64_ angle: 0 side: N Area_Exposed: 2.06495 Perc_Exposed: 38.8148
Instance: current_key_reg_45_ angle: 0 side: N Area_Exposed: 1.63253 Perc_Exposed: 30.6866
Instance: current_key_reg_26_ angle: 0 side: N Area_Exposed: 1.5874 Perc_Exposed: 29.8383
Instance: current_key_reg_7_ angle: 0 side: N Area_Exposed: 2.62912 Perc_Exposed: 49.4196
Instance: current_key_reg_68_ angle: 0 side: N Area_Exposed: 3.51095 Perc_Exposed: 65.9953
Instance: current_key_reg_49_ angle: 0 side: N Area_Exposed: 1.45663 Perc_Exposed: 27.3802
Instance: current_key_reg_30_ angle: 0 side: N Area_Exposed: 1.92977 Perc_Exposed: 36.274
Instance: current_key_reg_11_ angle: 0 side: N Area_Exposed: 2.25213 Perc_Exposed: 42.3332
Instance: current_key_reg_72_ angle: 0 side: N Area_Exposed: 3.1754 Perc_Exposed: 59.688
Instance: current_key_reg_53_ angle: 0 side: N Area_Exposed: 1.99465 Perc_Exposed: 37.4934
Instance: current_key_reg_34_ angle: 0 side: N Area_Exposed: 2.65943 Perc_Exposed: 49.9892
Instance: state_reg_0_ angle: 0 side: N Area_Exposed: 0.853325 Perc_Exposed: 16.0399
Instance: state_reg_1_ angle: 0 side: N Area_Exposed: 2.14415 Perc_Exposed: 40.3036
Instance: state_reg_2_ angle: 0 side: N Area_Exposed: 2.3254 Perc_Exposed: 43.7105
Instance: state_reg_3_ angle: 0 side: N Area_Exposed: 1.91373 Perc_Exposed: 35.9723
Instance: state_reg_4_ angle: 0 side: N Area_Exposed: 2.13798 Perc_Exposed: 40.1875
Instance: state_reg_5_ angle: 0 side: N Area_Exposed: 1.9599 Perc_Exposed: 36.8402
Instance: state_reg_6_ angle: 0 side: N Area_Exposed: 1.963 Perc_Exposed: 36.8985
Instance: state_reg_7_ angle: 0 side: N Area_Exposed: 1.80835 Perc_Exposed: 33.9915
Instance: state_reg_8_ angle: 0 side: N Area_Exposed: 2.30565 Perc_Exposed: 43.3393
Instance: state_reg_9_ angle: 0 side: N Area_Exposed: 2.6771 Perc_Exposed: 50.3214
Instance: state_reg_10_ angle: 0 side: N Area_Exposed: 2.0938 Perc_Exposed: 39.3571
Instance: state_reg_11_ angle: 0 side: N Area_Exposed: 1.96095 Perc_Exposed: 36.86
Instance: state_reg_12_ angle: 0 side: N Area_Exposed: 2.12145 Perc_Exposed: 39.8769
Instance: state_reg_13_ angle: 0 side: N Area_Exposed: 2.5091 Perc_Exposed: 47.1635
Instance: state_reg_14_ angle: 0 side: N Area_Exposed: 2.34115 Perc_Exposed: 44.0066
Instance: state_reg_15_ angle: 0 side: N Area_Exposed: 2.45318 Perc_Exposed: 46.1123
Instance: state_reg_16_ angle: 0 side: N Area_Exposed: 1.58897 Perc_Exposed: 29.868
Instance: state_reg_17_ angle: 0 side: N Area_Exposed: 2.76178 Perc_Exposed: 51.9131
Instance: state_reg_18_ angle: 0 side: N Area_Exposed: 1.4851 Perc_Exposed: 27.9154
Instance: state_reg_19_ angle: 0 side: N Area_Exposed: 1.4247 Perc_Exposed: 26.7801
Instance: state_reg_20_ angle: 0 side: N Area_Exposed: 2.1196 Perc_Exposed: 39.8421
Instance: state_reg_21_ angle: 0 side: N Area_Exposed: 1.81737 Perc_Exposed: 34.1612
Instance: state_reg_22_ angle: 0 side: N Area_Exposed: 2.76105 Perc_Exposed: 51.8994
Instance: state_reg_23_ angle: 0 side: N Area_Exposed: 2.1015 Perc_Exposed: 39.5019
Instance: state_reg_24_ angle: 0 side: N Area_Exposed: 2.6142 Perc_Exposed: 49.1391
Instance: state_reg_25_ angle: 0 side: N Area_Exposed: 2.49837 Perc_Exposed: 46.9619
Instance: state_reg_26_ angle: 0 side: N Area_Exposed: 1.6042 Perc_Exposed: 30.1541
Instance: state_reg_27_ angle: 0 side: N Area_Exposed: 2.36337 Perc_Exposed: 44.4243
Instance: state_reg_28_ angle: 0 side: N Area_Exposed: 2.63723 Perc_Exposed: 49.5719
Instance: state_reg_29_ angle: 0 side: N Area_Exposed: 1.39435 Perc_Exposed: 26.2096
Instance: state_reg_30_ angle: 0 side: N Area_Exposed: 1.86743 Perc_Exposed: 35.102
Instance: state_reg_31_ angle: 0 side: N Area_Exposed: 2.12545 Perc_Exposed: 39.9521
Instance: state_reg_32_ angle: 0 side: N Area_Exposed: 2.31648 Perc_Exposed: 43.5428
Instance: state_reg_33_ angle: 0 side: N Area_Exposed: 2.31373 Perc_Exposed: 43.4911
Instance: state_reg_34_ angle: 0 side: N Area_Exposed: 2.18632 Perc_Exposed: 41.0963
Instance: state_reg_35_ angle: 0 side: N Area_Exposed: 1.4236 Perc_Exposed: 26.7594
Instance: state_reg_36_ angle: 0 side: N Area_Exposed: 1.70385 Perc_Exposed: 32.0273
Instance: state_reg_37_ angle: 0 side: N Area_Exposed: 1.9353 Perc_Exposed: 36.3778
Instance: state_reg_38_ angle: 0 side: N Area_Exposed: 3.34435 Perc_Exposed: 62.8637
Instance: state_reg_39_ angle: 0 side: N Area_Exposed: 1.60825 Perc_Exposed: 30.2303
Instance: state_reg_40_ angle: 0 side: N Area_Exposed: 2.00925 Perc_Exposed: 37.7679
Instance: state_reg_41_ angle: 0 side: N Area_Exposed: 2.39797 Perc_Exposed: 45.0747
Instance: state_reg_42_ angle: 0 side: N Area_Exposed: 3.4174 Perc_Exposed: 64.2368
Instance: state_reg_43_ angle: 0 side: N Area_Exposed: 2.30355 Perc_Exposed: 43.2998
Instance: state_reg_44_ angle: 0 side: N Area_Exposed: 1.99603 Perc_Exposed: 37.5193
Instance: state_reg_45_ angle: 0 side: N Area_Exposed: 1.73798 Perc_Exposed: 32.6687
Instance: state_reg_47_ angle: 0 side: N Area_Exposed: 1.62885 Perc_Exposed: 30.6175
Instance: state_reg_48_ angle: 0 side: N Area_Exposed: 1.184 Perc_Exposed: 22.2556
Instance: state_reg_49_ angle: 0 side: N Area_Exposed: 2.1581 Perc_Exposed: 40.5658
Instance: state_reg_50_ angle: 0 side: N Area_Exposed: 1.89688 Perc_Exposed: 35.6555
Instance: state_reg_51_ angle: 0 side: N Area_Exposed: 1.69113 Perc_Exposed: 31.7881
Instance: state_reg_52_ angle: 0 side: N Area_Exposed: 1.14275 Perc_Exposed: 21.4803
Instance: state_reg_53_ angle: 0 side: N Area_Exposed: 1.8648 Perc_Exposed: 35.0526
Instance: state_reg_54_ angle: 0 side: N Area_Exposed: 2.45605 Perc_Exposed: 46.1664
Instance: state_reg_55_ angle: 0 side: N Area_Exposed: 1.73673 Perc_Exposed: 32.6452
Instance: state_reg_56_ angle: 0 side: N Area_Exposed: 2.32715 Perc_Exposed: 43.7434
Instance: state_reg_57_ angle: 0 side: N Area_Exposed: 1.61635 Perc_Exposed: 30.3825
Instance: state_reg_58_ angle: 0 side: N Area_Exposed: 1.95987 Perc_Exposed: 36.8398
Instance: state_reg_60_ angle: 0 side: N Area_Exposed: 2.06535 Perc_Exposed: 38.8224
Instance: state_reg_61_ angle: 0 side: N Area_Exposed: 2.17132 Perc_Exposed: 40.8144
Instance: state_reg_62_ angle: 0 side: N Area_Exposed: 2.11653 Perc_Exposed: 39.7843
Instance: state_reg_63_ angle: 0 side: N Area_Exposed: 2.23283 Perc_Exposed: 41.9704
Instance: state_reg_59_ angle: 0 side: N Area_Exposed: 2.72642 Perc_Exposed: 40.9989
Instance: fsm_state_reg_1_ angle: 0 side: N Area_Exposed: 4.65985 Perc_Exposed: 70.0729
Instance: state_reg_46_ angle: 0 side: N Area_Exposed: 2.3905 Perc_Exposed: 35.9474
Instance: key_sbox/U20 angle: 0 side: N Area_Exposed: 0.856175 Perc_Exposed: 53.6451
Instance: key_sbox/U19 angle: 0 side: N Area_Exposed: 0.966525 Perc_Exposed: 60.5592
Instance: key_sbox/U18 angle: 0 side: N Area_Exposed: 0.3164 Perc_Exposed: 59.4737
Instance: key_sbox/U17 angle: 0 side: N Area_Exposed: 0.5537 Perc_Exposed: 52.0395
Instance: key_sbox/U16 angle: 0 side: N Area_Exposed: 0.8638 Perc_Exposed: 64.9474
Instance: key_sbox/U15 angle: 0 side: N Area_Exposed: 0.3989 Perc_Exposed: 74.9812
Instance: key_sbox/U14 angle: 0 side: N Area_Exposed: 0.9186 Perc_Exposed: 69.0677
Instance: key_sbox/U13 angle: 0 side: N Area_Exposed: 0.6984 Perc_Exposed: 65.6391
Instance: key_sbox/U12 angle: 0 side: N Area_Exposed: 0.909875 Perc_Exposed: 57.0097
Instance: key_sbox/U11 angle: 0 side: N Area_Exposed: 0.5047 Perc_Exposed: 63.2456
Instance: key_sbox/U10 angle: 0 side: N Area_Exposed: 0.328725 Perc_Exposed: 61.7904
Instance: key_sbox/U9 angle: 0 side: N Area_Exposed: 0.4012 Perc_Exposed: 50.2757
Instance: key_sbox/U8 angle: 0 side: N Area_Exposed: 1.1312 Perc_Exposed: 70.8772
Instance: key_sbox/U7 angle: 0 side: N Area_Exposed: 0.7294 Perc_Exposed: 54.8421
Instance: key_sbox/U6 angle: 0 side: N Area_Exposed: 0.32585 Perc_Exposed: 61.25
Instance: key_sbox/U5 angle: 0 side: N Area_Exposed: 0.345975 Perc_Exposed: 65.0329
Instance: key_sbox/U4 angle: 0 side: N Area_Exposed: 0.376775 Perc_Exposed: 47.2149
Instance: key_sbox/U3 angle: 0 side: N Area_Exposed: 0.364 Perc_Exposed: 68.4211
