Total exposed area across net assets: 177.658
Max exposure [%] across net assets: 100
Avg exposure [%] across net assets: 65.4409

#NetName TotalAreaNet PercentageExposedAreaNet
key[79] 1.7654 85.3688
key[78] 2.6278 22.0165
key[77] 2.07918 88.5195
key[76] 1.799 83.7354
key[75] 0.3066 60.274
key[74] 1.365 84.9231
key[73] 2.2169 84.2753
key[72] 0.5467 62.9962
key[71] 0.4389 24.1627
key[70] 1.0472 57.988
key[69] 0.6678 61.9497
key[68] 0.791 60.4425
key[67] 3.6407 82.4841
key[66] 3.9991 82.0697
key[65] 1.73705 39.7643
key[64] 0.6244 60.8744
key[63] 2.4269 28.5838
key[62] 1.1396 64.7113
key[61] 0.9436 70.7715
key[60] 1.596 74.1228
key[59] 2.002 75.4196
key[58] 1.3076 38.9186
key[57] 1.8256 73.7826
key[56] 3.801 93.2597
key[55] 1.2817 74.6587
key[54] 4.1965 81.0175
key[53] 3.7212 90.7073
key[52] 0.8071 66.1752
key[51] 2.9155 78.4634
key[50] 1.3783 16.0995
key[49] 0.9359 42.371
key[48] 2.3072 71.2227
key[47] 2.3352 85.3417
key[46] 0.6398 53.6652
key[45] 0.3066 53.8813
key[44] 0.4053 24.0069
key[43] 3.241 81.879
key[42] 2.4647 69.6961
key[41] 3.3859 81.9103
key[40] 1.7794 68.1353
key[39] 1.1396 59.398
key[38] 4.8517 90.7373
key[37] 4.8657 89.0519
key[36] 1.6184 49.5582
key[35] 5.12925 91.3818
key[34] 4.3519 91.4106
key[33] 0.931 17.449
key[32] 1.4406 19.3409
key[31] 1.3195 59.2573
key[30] 1.1326 60.8004
key[29] 0.9254 59.6445
key[28] 1.1858 42.7981
key[27] 0.5096 46.772
key[26] 0.8925 67.0196
key[25] 0.4977 53.8678
key[24] 1.3818 66.4134
key[23] 1.1263 57.6445
key[22] 1.4588 48.2246
key[21] 2.1693 70.7164
key[20] 0.8218 54.5145
key[19] 3.7072 79.0125
key[18] 5.60455 85.9114
key[17] 4.9714 88.116
key[16] 4.5227 84.8321
key[15] 5.369 91.6819
key[14] 2.2225 7.40157
key[13] 3.794 76.0148
key[12] 1.9089 65.4867
key[11] 1.4336 54.1626
key[10] 1.5141 64.9561
key[9] 0.3885 49.0991
key[8] 1.2509 38.6402
key[7] 3.51505 85.821
key[6] 0.7924 52.1201
key[5] 0.644 57.663
key[4] 0.40215 53.0461
key[3] 0.6363 57.9758
key[2] 1.225 60.4571
key[1] 1.0829 69.457
key[0] 1.3335 81.5223
next_round_key_79 0.2513 91.2256
next_round_key_78 0.084 82.5
next_round_key_77 0.126 100
next_round_key_76 0.0882 83.3333
key_sbox/n14 0.48685 75.4853
key_sbox/n13 0.0707 86.1386
key_sbox/n12 0.0609 2.29885
key_sbox/n11 0.5474 81.4898
key_sbox/n10 0.1148 82.9268
key_sbox/n9 0.2877 91.4842
key_sbox/n8 0.259 55.8784
key_sbox/n7 0.2086 35.906
key_sbox/n6 0.14525 68.1928
key_sbox/n5 0.0693 100
key_sbox/n4 0.3206 93.8865
key_sbox/n3 0.1442 86.4078
key_sbox/n2 0.154 87.0455
key_sbox/n1 0.0728 100
current_key[60] 3.6281 73.143
current_key[59] 4.4373 69.2223
current_key[58] 6.9727 90.759
current_key[57] 4.96125 87.7601
current_key[56] 3.59975 95.6441
current_key[55] 2.93615 74.3593
current_key[54] 2.8098 88.6211
current_key[53] 4.4436 84.6093
current_key[52] 4.8083 87.0068
current_key[51] 1.2418 22.3224
current_key[50] 3.36595 91.4006
current_key[49] 1.3601 39.475
current_key[48] 1.67265 39.6422
current_key[47] 1.3174 59.9628
current_key[46] 1.9159 70.6248
current_key[45] 3.36875 84.1143
current_key[44] 3.7072 66.1065
current_key[43] 2.9673 2.50059
current_key[42] 4.0285 61.086
current_key[38] 0.1526 71.3303
current_key[37] 0.18235 91.9386
current_key[36] 0.161 84.7826
current_key[35] 0.27965 14.0175
current_key[34] 0.1498 78.0374
current_key[22] 0.4102 52.6451
current_key[21] 0.2128 4.60526
current_key[20] 0.15855 70.6402
current_key[19] 0.2128 47.0395
current_key[18] 3.42265 83.7611
current_key[17] 1.96455 85.8721
current_key[16] 2.611 82.8418
current_key[15] 1.24005 89.8391
current_key[14] 0.5313 47.4967
current_key[13] 0.3717 69.4915
current_key[12] 0.53725 61.3029
current_key[11] 0.6293 63.9321
current_key[10] 0.4753 82.6951
current_key[9] 0.96845 30.381
current_key[8] 0.4067 56.1962
current_key[7] 0.3668 55.916
current_key[6] 0.60095 67.6762
current_key[5] 0.6244 52.7907
current_key[4] 0.5054 18.2133
current_key[3] 1.6352 66.1601
current_key[2] 0.9422 49.2385
current_key[1] 0.6937 54.4904
current_key[0] 0.4235 63.0165
