Using Power View: generic_view.
Load RC corner of view generic_view

Begin Power Analysis

             0V	    VSS
          0.95V	    VDD
Begin Processing Timing Library for Power Calculation

Begin Processing Timing Library for Power Calculation



Begin Processing Power Net/Grid for Power Calculation

Ended Processing Power Net/Grid for Power Calculation: (cpu=0:00:00, real=0:00:00, mem(process/total/peak)=11532.22MB/17528.12MB/11592.88MB)

Begin Processing Timing Window Data for Power Calculation

CK: assigning clock CRYPTOCLK to net clock
Ended Processing Timing Window Data for Power Calculation: (cpu=0:00:00, real=0:00:00, mem(process/total/peak)=11532.28MB/17528.12MB/11592.88MB)

Begin Processing User Attributes

Ended Processing User Attributes: (cpu=0:00:00, real=0:00:00, mem(process/total/peak)=11532.28MB/17528.12MB/11592.88MB)

Begin Processing Signal Activity


Starting Levelizing
2024-Aug-05 22:42:21 (2024-Aug-06 02:42:21 GMT)
2024-Aug-05 22:42:21 (2024-Aug-06 02:42:21 GMT): 10%
2024-Aug-05 22:42:21 (2024-Aug-06 02:42:21 GMT): 20%
2024-Aug-05 22:42:21 (2024-Aug-06 02:42:21 GMT): 30%
2024-Aug-05 22:42:21 (2024-Aug-06 02:42:21 GMT): 40%
2024-Aug-05 22:42:21 (2024-Aug-06 02:42:21 GMT): 50%
2024-Aug-05 22:42:21 (2024-Aug-06 02:42:21 GMT): 60%
2024-Aug-05 22:42:21 (2024-Aug-06 02:42:21 GMT): 70%
2024-Aug-05 22:42:21 (2024-Aug-06 02:42:21 GMT): 80%
2024-Aug-05 22:42:21 (2024-Aug-06 02:42:21 GMT): 90%

Finished Levelizing
2024-Aug-05 22:42:21 (2024-Aug-06 02:42:21 GMT)

Starting Activity Propagation
2024-Aug-05 22:42:21 (2024-Aug-06 02:42:21 GMT)
2024-Aug-05 22:42:21 (2024-Aug-06 02:42:21 GMT): 10%
2024-Aug-05 22:42:22 (2024-Aug-06 02:42:22 GMT): 20%
2024-Aug-05 22:42:22 (2024-Aug-06 02:42:22 GMT): 30%

Finished Activity Propagation
2024-Aug-05 22:42:22 (2024-Aug-06 02:42:22 GMT)
Ended Processing Signal Activity: (cpu=0:00:00, real=0:00:00, mem(process/total/peak)=11532.28MB/17528.12MB/11592.88MB)

Begin Power Computation

      ----------------------------------------------------------
      # of cell(s) missing both power/leakage table: 0
      # of cell(s) missing power table: 2
      # of cell(s) missing leakage table: 2
      ----------------------------------------------------------
CellName                                  Missing Table(s)
LOGIC0_X1                                 internal power, leakage power, 
LOGIC1_X1                                 internal power, leakage power, 



Starting Calculating power
2024-Aug-05 22:42:22 (2024-Aug-06 02:42:22 GMT)
2024-Aug-05 22:42:22 (2024-Aug-06 02:42:22 GMT): 10%
2024-Aug-05 22:42:22 (2024-Aug-06 02:42:22 GMT): 20%
2024-Aug-05 22:42:22 (2024-Aug-06 02:42:22 GMT): 30%
2024-Aug-05 22:42:22 (2024-Aug-06 02:42:22 GMT): 40%
2024-Aug-05 22:42:22 (2024-Aug-06 02:42:22 GMT): 50%
2024-Aug-05 22:42:22 (2024-Aug-06 02:42:22 GMT): 60%
2024-Aug-05 22:42:22 (2024-Aug-06 02:42:22 GMT): 70%
2024-Aug-05 22:42:22 (2024-Aug-06 02:42:22 GMT): 80%
2024-Aug-05 22:42:22 (2024-Aug-06 02:42:22 GMT): 90%

Finished Calculating power
2024-Aug-05 22:42:22 (2024-Aug-06 02:42:22 GMT)
      # of MSMV cell(s) missing power_level: 0
Ended Power Computation: (cpu=0:00:00, real=0:00:00, mem(process/total/peak)=11539.05MB/17616.16MB/11592.88MB)

Begin Processing User Attributes

Ended Processing User Attributes: (cpu=0:00:00, real=0:00:00, mem(process/total/peak)=11539.05MB/17616.16MB/11592.88MB)

Ended Power Analysis: (cpu=0:00:00, real=0:00:00, mem(process/total/peak)=11539.05MB/17616.16MB/11592.88MB)

Begin Boundary Leakage Calculation
Ended Boundary Leakage Calculation: (cpu=0:00:00, real=0:00:00,
mem(process/total/peak)=11539.05MB/17616.16MB/11592.88MB)
Begin Static Power Report Generation
*----------------------------------------------------------------------------------------
*	Innovus 21.16-s078_1 (64bit) 12/07/2022 12:07 (Linux 3.10.0-693.el7.x86_64)
*	
*
* 	Date & Time:	2024-Aug-05 22:42:22 (2024-Aug-06 02:42:22 GMT)
*
*----------------------------------------------------------------------------------------
*
*	Design: present_encryption
*
*	Liberty Libraries used:
*	        generic_view: ../../../libraries/NangateOpenCellLibrary_slow_ccs.lib
*
*	Parasitic Files used:
*
*       Power View : generic_view
*
*       User-Defined Activity : N.A.
*
*       Activity File: N.A.
*
*       Hierarchical Global Activity: N.A.
*
*       Global Activity: N.A.
*
*       Sequential Element Activity: 0.200000
*
*       Primary Input Activity: 0.200000
*
*       Default icg ratio: N.A.
*
*       Global Comb ClockGate Ratio: N.A.
*
*	Power Units = 1mW
*
*	Time Units = 1e-09 secs
*
*       report_power
*
-----------------------------------------------------------------------------------------
  2 instances have no static power
*



Total Power
-----------------------------------------------------------------------------------------
Total Internal Power:        0.12631224 	   56.9206%
Total Switching Power:       0.07330780 	   33.0350%
Total Leakage Power:         0.02228940 	   10.0444%
Total Power:                 0.22190944
-----------------------------------------------------------------------------------------


Group                           Internal   Switching     Leakage       Total  Percentage 
                                Power      Power         Power         Power  (%)        
-----------------------------------------------------------------------------------------
Sequential                       0.07042     0.01017    0.008626     0.08921        40.2
Macro                                  0           0           0           0           0
IO                                     0           0           0           0           0
Combinational                    0.03503     0.04399     0.01266     0.09168       41.31
Clock (Combinational)            0.02087     0.01915    0.001005     0.04102       18.49
Clock (Sequential)                     0           0           0           0           0
-----------------------------------------------------------------------------------------
Total                             0.1263     0.07331     0.02229      0.2219         100
-----------------------------------------------------------------------------------------


Rail                  Voltage   Internal   Switching     Leakage       Total  Percentage 
                                Power      Power         Power         Power  (%)        
-----------------------------------------------------------------------------------------
VDD                      0.95     0.1263     0.07331     0.02229      0.2219         100


Clock                           Internal   Switching     Leakage       Total  Percentage 
                                Power      Power         Power         Power  (%)        
-----------------------------------------------------------------------------------------
CRYPTOCLK                        0.02087     0.01915    0.001005     0.04102       18.49
-----------------------------------------------------------------------------------------
Total                            0.02087     0.01915    0.001005     0.04102       18.49
-----------------------------------------------------------------------------------------
Clock: CRYPTOCLK
Clock Period: 0.010000 usec 
Clock Toggle Rate:   200.0000 Mhz 
Clock Static Probability:  0.5000
  
 
 
-----------------------------------------------------------------------------------------
*	Power Distribution Summary: 
*              Highest Average Power:       CTS_ccl_a_buf_00072 (BUF_X32):          0.02071
*              Highest Leakage Power:       CTS_ccl_a_buf_00072 (BUF_X32):        0.0005026
*                Total Cap:      5.21009e-12 F
*                Total instances in design:   876
*                Total instances in design with no power:     2
*                Total instances in design with no activty:     2

*                Total Fillers and Decap:     0
-----------------------------------------------------------------------------------------
 
** INFO:  (VOLTUS_POWR-3465): There are 0 decaps and 0 fillers in the design

Ended Static Power Report Generation: (cpu=0:00:00, real=0:00:00,
mem(process/total/peak)=11539.28MB/17616.16MB/11592.88MB)

