###############################################################
#  Generated by:      Cadence Innovus 21.16-s078_1
#  OS:                Linux x86_64(Host ID ece004.ece.local.cmu.edu)
#  Generated on:      Mon Aug  5 22:42:22 2024
#  Design:            present_encryption
#  Command:           check_pin_assignment
###############################################################

Start Checking pins of top cell: [present_encryption] 
Summary report for top level: [present_encryption] 
	Total Pins                         : 213
	Legally Assigned Pins              : 213
End of Summary report
End Checking pins of top cell: [present_encryption] 


====================================================================================================================================
                                                     checkPinAssignment Summary
====================================================================================================================================
Partition            | pads  | pins   | legal  | illegal | internal | internal illegal | FT     | FT illegal | constant | unplaced |
====================================================================================================================================
present_encryption   |     0 |    213 |    213 |       0 |        0 |                0 |      0 |          0 |        0 |        0 |
====================================================================================================================================
TOTAL                |     0 |    213 |    213 |       0 |        0 |                0 |      0 |          0 |        0 |        0 |
====================================================================================================================================
