###############################################################
#  Generated by:      Cadence Innovus 21.16-s078_1
#  OS:                Linux x86_64(Host ID ece004.ece.local.cmu.edu)
#  Generated on:      Mon Aug  5 22:42:22 2024
#  Design:            present_encryption
#  Command:           check_connectivity
###############################################################
Verify Connectivity Report is created on Mon Aug  5 22:42:22 2024




Multi-CPU acceleration using 8 CPU


Use pthread

Net VDD: has special routes with opens at (3.285, 3.165) (47.825, 46.955)
Net VDD: has special routes with opens at (4.180, 3.975) (46.930, 4.485)
Net VDD: has special routes with opens at (4.180, 45.565) (46.930, 46.145)
Net VDD: dangling Wire at (46.930, 4.060) (46.930, 4.060) on layer: metal1
Net VDD: dangling Wire at (4.180, 46.060) (4.180, 46.060) on layer: metal1
Net VDD: dangling Wire at (46.930, 46.060) (46.930, 46.060) on layer: metal1

Begin Summary
    3 Problem(s) (IMPVFC-200): Special Wires: Pieces of the net are not connected together.
    3 Problem(s) (IMPVFC-94): The net has dangling wire(s).
    6 total info(s) created.
End Summary
