#Checking placement violation...
Begin checking placement ... (start mem=728.9M, init mem=728.9M)
*info: Placed = 8146           (Fixed = 95)
*info: Unplaced = 0           
Placement Density:50.99%(18558/36393)
Placement Density (including fixed std cells):50.99%(18558/36393)
Finished check_place (total: cpu=0:00:00.3, real=0:00:00.0; vio checks: cpu=0:00:00.1, real=0:00:00.0; mem=728.9M)
#cpu time = 00:00:00, elapsed time = 00:00:00, memory = 544.84 (MB), peak = 549.26 (MB)
#Checking wire integrity...
#cpu time = 00:00:00, elapsed time = 00:00:00, memory = 544.84 (MB), peak = 549.26 (MB)
Multithreaded Timing Analysis is initialized with 8 threads

#Checking unplaced instance...
#cpu time = 00:00:00, elapsed time = 00:00:00, memory = 499.62 (MB), peak = 767.06 (MB)
#Checking track...
#cpu time = 00:00:00, elapsed time = 00:00:00, memory = 499.62 (MB), peak = 767.06 (MB)
#Checking blocked track...
#cpu time = 00:00:00, elapsed time = 00:00:00, memory = 499.62 (MB), peak = 767.06 (MB)
#Checking 3rd-party violation...
#cpu time = 00:00:00, elapsed time = 00:00:00, memory = 499.62 (MB), peak = 767.06 (MB)
#Checking ECO route violation...
#cpu time = 00:00:00, elapsed time = 00:00:00, memory = 499.62 (MB), peak = 767.06 (MB)
#Checking unplaced I/O pin...
#cpu time = 00:00:00, elapsed time = 00:00:00, memory = 499.62 (MB), peak = 767.06 (MB)
#Checking same-cell violation...
#cpu time = 00:00:00, elapsed time = 00:00:00, memory = 499.63 (MB), peak = 767.06 (MB)
#Checking pin layer escape...
#cpu time = 00:00:00, elapsed time = 00:00:00, memory = 499.63 (MB), peak = 767.06 (MB)
*** Message Summary: 0 warning(s), 0 error(s)

