Total exposed area across net assets: 282.278
Max exposure [%] across net assets: 100
Avg exposure [%] across net assets: 56.2777

#NetName TotalAreaNet PercentageExposedAreaNet
allRoundKeys[2175] 0.3934 54.8043
allRoundKeys[2174] 0.448 78.2031
allRoundKeys[2173] 0.9597 37.035
allRoundKeys[2172] 0.3969 87.3016
allRoundKeys[2171] 0.1757 58.9641
allRoundKeys[2170] 0.7504 46.9683
allRoundKeys[2169] 0.7693 77.0246
allRoundKeys[2168] 1.4791 4.05314
allRoundKeys[2167] 1.1263 54.6302
allRoundKeys[2166] 0.8785 71.2237
allRoundKeys[2165] 0.24815 39.7945
allRoundKeys[2164] 3.7114 99.6794
allRoundKeys[2163] 0.7721 53.8985
allRoundKeys[2162] 0.42805 39.5748
allRoundKeys[2161] 3.2424 90.0745
allRoundKeys[2160] 0.9975 66.3158
allRoundKeys[2159] 1.2432 73.1982
allRoundKeys[2158] 0.1764 37.2024
allRoundKeys[2157] 1.134 74.8765
allRoundKeys[2156] 0.4648 74.5482
allRoundKeys[2155] 0.38675 35.3846
allRoundKeys[2154] 0.5362 79.6345
allRoundKeys[2153] 1.0542 72.3772
allRoundKeys[2152] 0.37625 49.8605
allRoundKeys[2151] 1.0332 8.90196
allRoundKeys[2150] 0.8778 9.29027
allRoundKeys[2149] 1.5519 83.6265
allRoundKeys[2148] 0.5397 78.4695
allRoundKeys[2147] 0.2604 65.7258
allRoundKeys[2146] 0.3423 49.0798
allRoundKeys[2145] 0.8106 71.2867
allRoundKeys[2144] 0.3332 38.8655
allRoundKeys[2143] 0.2786 71.8593
allRoundKeys[2142] 0.4844 78.7572
allRoundKeys[2141] 0.6741 73.4164
allRoundKeys[2140] 0.32165 47.4429
allRoundKeys[2139] 0.2359 52.6706
allRoundKeys[2138] 0.3073 62.8702
allRoundKeys[2137] 0.51415 72.4983
allRoundKeys[2136] 1.5246 77.3646
allRoundKeys[2135] 1.0031 70.5164
allRoundKeys[2134] 1.7822 77.4548
allRoundKeys[2133] 0.2023 39.9654
allRoundKeys[2132] 2.2057 82.3718
allRoundKeys[2131] 0.92365 44.8736
allRoundKeys[2130] 0.3255 50.914
allRoundKeys[2129] 1.6611 69.9747
allRoundKeys[2128] 0.6055 31.4575
allRoundKeys[2127] 1.1466 71.7643
allRoundKeys[2126] 0.2954 77.4882
allRoundKeys[2125] 0.5425 70.5806
allRoundKeys[2124] 0.65905 51.3542
allRoundKeys[2123] 0.4123 24.7029
allRoundKeys[2122] 0.3521 83.996
allRoundKeys[2121] 0.7994 83.7128
allRoundKeys[2120] 0.3605 77.3786
allRoundKeys[2119] 1.0423 78.9456
allRoundKeys[2118] 0.6104 55.6766
allRoundKeys[2117] 1.5596 82.5628
allRoundKeys[2116] 0.721 80
allRoundKeys[2115] 0.7441 71.2135
allRoundKeys[2114] 0.7189 50
allRoundKeys[2113] 0.6461 70.9642
allRoundKeys[2112] 0.3304 75.6356
allRoundKeys[2111] 0.1596 64.0351
allRoundKeys[2110] 0.0399 48.2456
allRoundKeys[2109] 0.2709 79.0698
allRoundKeys[2108] 0.2793 66.2907
allRoundKeys[2107] 0.1764 30.5556
allRoundKeys[2106] 0.1498 20.5607
allRoundKeys[2105] 0.1463 64.5933
allRoundKeys[2104] 0.1449 56.5217
allRoundKeys[2103] 0.13055 46.3807
allRoundKeys[2102] 0.1365 58.4615
allRoundKeys[2101] 0.17815 56.3851
allRoundKeys[2100] 0.2359 47.8487
allRoundKeys[2099] 0.1183 29.8817
allRoundKeys[2098] 0.1582 28.8717
allRoundKeys[2097] 0.301 90.2326
allRoundKeys[2096] 0.1743 72.1744
allRoundKeys[2095] 0.2793 22.5564
allRoundKeys[2094] 0.0532 63.1579
allRoundKeys[2093] 0.1197 59.6491
allRoundKeys[2092] 0.2492 71.1376
allRoundKeys[2091] 0.0966 50.7246
allRoundKeys[2090] 0.0399 63.1579
allRoundKeys[2089] 0.1729 81.0729
allRoundKeys[2088] 0.2611 61.8633
allRoundKeys[2087] 0.1281 75.1366
allRoundKeys[2086] 0.0266 0
allRoundKeys[2085] 0.3458 20.4743
allRoundKeys[2084] 0.1449 0
allRoundKeys[2083] 0.0882 83.3333
allRoundKeys[2082] 0.1764 18.8492
allRoundKeys[2081] 0.1232 72.1591
allRoundKeys[2080] 0.0532 71.0526
allRoundKeys[2079] 0.0952 46.3235
allRoundKeys[2078] 0.203 53.1034
allRoundKeys[2077] 0.1085 57.4194
allRoundKeys[2076] 0.2744 83.9286
allRoundKeys[2075] 0.2114 39.7351
allRoundKeys[2074] 0.0133 0
allRoundKeys[2073] 0.2093 76.7559
allRoundKeys[2072] 0.1582 65.4867
allRoundKeys[2071] 0.0952 77.2059
allRoundKeys[2070] 0.2709 53.7468
allRoundKeys[2069] 0.0266 25
allRoundKeys[2068] 0.1694 44.6281
allRoundKeys[2067] 0.1806 20.2519
allRoundKeys[2066] 0.1841 19.2015
allRoundKeys[2065] 0.3073 66.9704
allRoundKeys[2064] 0.1218 64.9425
allRoundKeys[2063] 0.1484 43.6321
allRoundKeys[2062] 0.1897 11.4391
allRoundKeys[2061] 0.1764 86.1111
allRoundKeys[2060] 0.126 76.6667
allRoundKeys[2059] 0.1743 76.506
allRoundKeys[2058] 0.098 39.2857
allRoundKeys[2057] 0.098 72.1429
allRoundKeys[2056] 0.098 80
allRoundKeys[2055] 0.1876 54.7042
allRoundKeys[2054] 0.2541 75.7576
allRoundKeys[2053] 0.3388 43.6688
allRoundKeys[2052] 0.0784 93.75
allRoundKeys[2051] 0.098 65.3571
allRoundKeys[2050] 0.2142 72.549
allRoundKeys[2049] 0.0917 83.9695
allRoundKeys[2048] 0.0133 81.5789
allRoundKeys[2047] 0.2576 65.2853
allRoundKeys[2046] 0.238 25.2311
allRoundKeys[2045] 0.0917 32.4155
allRoundKeys[2044] 0.1708 64.3443
allRoundKeys[2043] 0.1512 20.1389
allRoundKeys[2042] 0.1064 7.89474
allRoundKeys[2041] 0.3605 51.2621
allRoundKeys[2040] 0.0917 35.8779
allRoundKeys[2039] 0.5866 85.0835
allRoundKeys[2038] 0.2842 55.4187
allRoundKeys[2037] 0.1764 75.9921
allRoundKeys[2036] 0.2744 46.1735
allRoundKeys[2035] 0.0896 0
allRoundKeys[2034] 0.0399 0
allRoundKeys[2033] 0.1155 83.0303
allRoundKeys[2032] 0.1596 87.7193
allRoundKeys[2031] 0.238 74.1176
allRoundKeys[2030] 0.196 10.5357
allRoundKeys[2029] 0.2758 64.3401
allRoundKeys[2028] 0.322 56.087
allRoundKeys[2027] 0.0798 0
allRoundKeys[2026] 0.14 40
allRoundKeys[2025] 0.3703 51.465
allRoundKeys[2024] 0.1624 16.5948
allRoundKeys[2023] 0.0784 67.8571
allRoundKeys[2022] 0.462 72.4242
allRoundKeys[2021] 0.2177 54.8232
allRoundKeys[2020] 0.2359 49.2582
allRoundKeys[2019] 0.1001 85.3147
allRoundKeys[2018] 0.1596 75.4386
allRoundKeys[2017] 0.2296 60.8994
allRoundKeys[2016] 0.1512 61.5741
allRoundKeys[2015] 0.0966 65.942
allRoundKeys[2014] 0.3556 51.2725
allRoundKeys[2013] 0.1197 43.2749
allRoundKeys[2012] 0.2478 69.0678
allRoundKeys[2011] 0.1932 22.8261
allRoundKeys[2010] 0.5285 16.1968
allRoundKeys[2009] 0.1015 36.0345
allRoundKeys[2008] 0.3507 56.5868
allRoundKeys[2007] 0.5502 69.0204
allRoundKeys[2006] 0.2128 33.3882
allRoundKeys[2005] 0.1946 20.4137
allRoundKeys[2004] 0.3325 70.4211
allRoundKeys[2003] 0.2128 89.3092
allRoundKeys[2002] 0.1099 36.3512
allRoundKeys[2001] 0.4571 63.0934
allRoundKeys[2000] 0.1064 46.3816
allRoundKeys[1999] 0.2247 78.8162
allRoundKeys[1998] 0.3773 70.2226
allRoundKeys[1997] 0.1862 81.015
allRoundKeys[1996] 0.1463 56.9378
allRoundKeys[1995] 0.3906 72.5806
allRoundKeys[1994] 0.1547 71.5579
allRoundKeys[1993] 0.1197 77.4854
allRoundKeys[1992] 0.1995 65.614
allRoundKeys[1991] 0.6979 85.4277
allRoundKeys[1990] 0.1449 28.0193
allRoundKeys[1989] 0.2345 64.7761
allRoundKeys[1988] 0.81305 83.7279
allRoundKeys[1987] 0.0266 56.5789
allRoundKeys[1986] 0.4319 74.2301
allRoundKeys[1985] 0.3339 75.6289
allRoundKeys[1984] 0.2639 51.7241
allRoundKeys[1983] 0.3157 56.6519
allRoundKeys[1982] 0.3206 73.2533
allRoundKeys[1981] 0.3822 70.6044
allRoundKeys[1980] 0.0399 69.2982
allRoundKeys[1979] 0.2121 60.7261
allRoundKeys[1978] 0.161 74.1304
allRoundKeys[1977] 0.2443 54.4413
allRoundKeys[1976] 0.2212 33.2278
allRoundKeys[1975] 0.0882 88.8889
allRoundKeys[1974] 0.1498 80.3738
allRoundKeys[1973] 0.4536 48.0324
allRoundKeys[1972] 0.2128 77.6316
allRoundKeys[1971] 0.5768 62.5607
allRoundKeys[1970] 0.1463 73.6842
allRoundKeys[1969] 0.3423 72.2904
allRoundKeys[1968] 0.7427 81.2441
allRoundKeys[1967] 0.3409 72.3819
allRoundKeys[1966] 0.49595 25.3352
allRoundKeys[1965] 0.1862 89.4737
allRoundKeys[1964] 0.2079 25.9259
allRoundKeys[1963] 0.098 61.4286
allRoundKeys[1962] 0.2128 39.1447
allRoundKeys[1961] 0.1414 63.8614
allRoundKeys[1960] 0.168 59.5833
allRoundKeys[1959] 0.1064 70.3947
allRoundKeys[1958] 0.1183 69.2308
allRoundKeys[1957] 0.133 43.5526
allRoundKeys[1956] 0.3591 65.9844
allRoundKeys[1955] 0.1246 57.8652
allRoundKeys[1954] 0.2569 70.436
allRoundKeys[1953] 0.6713 85.61
allRoundKeys[1952] 0.427 59.3443
allRoundKeys[1951] 0.1848 33.7121
allRoundKeys[1950] 0.4123 68.7606
allRoundKeys[1949] 0.2576 41.1685
allRoundKeys[1948] 0.1414 94.802
allRoundKeys[1947] 0.1995 28.2456
allRoundKeys[1946] 0.1414 70.0141
allRoundKeys[1945] 0.2079 63.9731
allRoundKeys[1944] 0.6629 82.1542
allRoundKeys[1943] 0.497 92.6056
allRoundKeys[1942] 0.1232 55.6818
allRoundKeys[1941] 0.1365 74.8718
allRoundKeys[1940] 0.1729 80.1619
allRoundKeys[1939] 0.1113 80.5031
allRoundKeys[1938] 0.133 61.3346
allRoundKeys[1937] 0.0966 69.5652
allRoundKeys[1936] 0.2079 9.09091
allRoundKeys[1935] 0.2212 100
allRoundKeys[1934] 0.5117 79.0014
allRoundKeys[1933] 0.6034 82.1926
allRoundKeys[1932] 0.2044 86.3014
allRoundKeys[1931] 0.2478 15.3249
allRoundKeys[1930] 0.3192 85.9649
allRoundKeys[1929] 0.266 54.0789
allRoundKeys[1928] 0.1729 37.6518
allRoundKeys[1927] 0.266 92.7632
allRoundKeys[1926] 0.0665 12.6316
allRoundKeys[1925] 0.2877 90.7543
allRoundKeys[1924] 0.2576 55.163
allRoundKeys[1923] 0.301 41.1628
allRoundKeys[1922] 0.5635 84.3478
allRoundKeys[1921] 0.5635 72.1739
allRoundKeys[1920] 0.1946 74.4604
allRoundKeys[1919] 0.2009 29.2683
allRoundKeys[1918] 0.14 7.875
allRoundKeys[1917] 0.1694 72.314
allRoundKeys[1916] 0.2478 51.0593
allRoundKeys[1915] 0.2009 78.0488
allRoundKeys[1914] 0.273 65.1282
allRoundKeys[1913] 0.3325 72.5263
allRoundKeys[1912] 0.399 58.5965
allRoundKeys[1911] 0.1155 91.5152
allRoundKeys[1910] 0.0763 65.5963
allRoundKeys[1909] 0.2513 52.9248
allRoundKeys[1908] 0.1981 69.788
allRoundKeys[1907] 0.2275 68.6154
allRoundKeys[1906] 0.1246 47.3315
allRoundKeys[1905] 0.14 83.5
allRoundKeys[1904] 0.2142 77.7778
allRoundKeys[1903] 0.2163 63.4304
allRoundKeys[1902] 0.2457 69.8006
allRoundKeys[1901] 0.0784 25.8929
allRoundKeys[1900] 0.0917 48.0916
allRoundKeys[1899] 0.1246 43.2584
allRoundKeys[1898] 0.1001 58.7413
allRoundKeys[1897] 0.0266 40.7895
allRoundKeys[1896] 0.1001 67.1329
allRoundKeys[1895] 0.2275 91.3846
allRoundKeys[1894] 0.1512 87.037
allRoundKeys[1893] 0.0399 49.1228
allRoundKeys[1892] 0.1092 0
allRoundKeys[1891] 0.1596 3.72807
allRoundKeys[1890] 0.09835 67.2598
allRoundKeys[1889] 0.203 75.8621
allRoundKeys[1888] 0.0784 33.9286
allRoundKeys[1887] 0.2296 49.4665
allRoundKeys[1886] 0.0399 85.0877
allRoundKeys[1885] 0.2562 52.1468
allRoundKeys[1884] 0.1197 10.2339
allRoundKeys[1883] 0.0966 79.7101
allRoundKeys[1882] 0.0399 29.8246
allRoundKeys[1881] 0.301 82.093
allRoundKeys[1880] 0.3108 81.982
allRoundKeys[1879] 0.2114 67.8808
allRoundKeys[1878] 0.1197 91.8129
allRoundKeys[1877] 0.2079 43.1818
allRoundKeys[1876] 0.1449 65.7005
allRoundKeys[1875] 0.1064 63.1579
allRoundKeys[1874] 0.105 78
allRoundKeys[1873] 0.1197 0
allRoundKeys[1872] 0.1729 74.6964
allRoundKeys[1871] 0.1316 65.6915
allRoundKeys[1870] 0.3108 5.40541
allRoundKeys[1869] 0.2576 92.1196
allRoundKeys[1868] 0.2877 0
allRoundKeys[1867] 0.2709 31.137
allRoundKeys[1866] 0.2212 77.2152
allRoundKeys[1865] 0.0399 0
allRoundKeys[1864] 0.1764 41.6667
allRoundKeys[1863] 0.0399 51.7544
allRoundKeys[1862] 0.1197 49.1228
allRoundKeys[1861] 0.0966 87.3188
allRoundKeys[1860] 0.2478 58.6158
allRoundKeys[1859] 0.1995 34.7368
allRoundKeys[1858] 0.2646 70.5026
allRoundKeys[1857] 0.3899 61.2208
allRoundKeys[1856] 0.105 50
allRoundKeys[1855] 0.3374 75.3112
allRoundKeys[1854] 0.1946 39.3885
allRoundKeys[1853] 0.0798 4.38596
allRoundKeys[1852] 0.0532 0
allRoundKeys[1851] 0.0665 0
allRoundKeys[1850] 0.0532 0
allRoundKeys[1849] 0.1281 92.3497
allRoundKeys[1848] 0.1064 81.5789
allRoundKeys[1847] 0.6706 45.0939
allRoundKeys[1846] 0.0399 29.8246
allRoundKeys[1845] 0.133 80
allRoundKeys[1844] 0.133 0
allRoundKeys[1843] 0.1183 83.7278
allRoundKeys[1842] 0.35315 34.2914
allRoundKeys[1841] 0.2611 84.9866
allRoundKeys[1840] 0.2611 61.3941
allRoundKeys[1839] 0.1547 87.3303
allRoundKeys[1838] 0.2961 53.9007
allRoundKeys[1837] 0.1064 59.8684
allRoundKeys[1836] 0.1547 14.0271
allRoundKeys[1835] 0.1498 45.0935
allRoundKeys[1834] 0.0665 0
allRoundKeys[1833] 0.2226 83.6478
allRoundKeys[1832] 0.0665 92.6316
allRoundKeys[1831] 0.1197 95.9064
allRoundKeys[1830] 0.2443 34.8445
allRoundKeys[1829] 0.3689 83.2068
allRoundKeys[1828] 0.1232 67.0455
allRoundKeys[1827] 0.0266 63.1579
allRoundKeys[1826] 0.1316 78.7234
allRoundKeys[1825] 0.0966 89.8551
allRoundKeys[1824] 0.0532 78.2895
allRoundKeys[1823] 0.1463 48.0861
allRoundKeys[1822] 0.1463 36.1586
allRoundKeys[1821] 0.0532 69.7368
allRoundKeys[1820] 0.1463 46.89
allRoundKeys[1819] 0.3374 54.668
allRoundKeys[1818] 0.2926 84.9282
allRoundKeys[1817] 0.0399 0
allRoundKeys[1816] 0.133 9.47368
allRoundKeys[1815] 0.2345 46.4179
allRoundKeys[1814] 0.2079 75.4209
allRoundKeys[1813] 0.1463 1.43541
allRoundKeys[1812] 0.1281 1.0929
allRoundKeys[1811] 0.1365 22.8205
allRoundKeys[1810] 0.1281 54.3716
allRoundKeys[1809] 0.4186 53.5117
allRoundKeys[1808] 0.1729 27.1255
allRoundKeys[1807] 0.1449 70.0483
allRoundKeys[1806] 0.1778 33.6192
allRoundKeys[1805] 0.2926 61.1244
allRoundKeys[1804] 0.098 8.21429
allRoundKeys[1803] 0.0133 0
allRoundKeys[1802] 0.1449 88.4058
allRoundKeys[1801] 0.1582 40.2655
allRoundKeys[1800] 0.3206 58.0786
allRoundKeys[1799] 0.0133 0
allRoundKeys[1798] 0.1631 68.7768
allRoundKeys[1797] 0.1015 16.8966
allRoundKeys[1796] 0.231 28.0952
allRoundKeys[1795] 0.1995 14.7368
allRoundKeys[1794] 0.1631 30.6867
allRoundKeys[1793] 0.1778 23.8189
allRoundKeys[1792] 0.1099 0
allRoundKeys[1791] 0.0399 54.386
allRoundKeys[1790] 0.133 48.8158
allRoundKeys[1789] 0.1645 72.1277
allRoundKeys[1788] 0.1498 18.8084
allRoundKeys[1787] 0.1099 62.1019
allRoundKeys[1786] 0.2695 45.2968
allRoundKeys[1785] 0.0966 74.6377
allRoundKeys[1784] 0.1197 40.0585
allRoundKeys[1783] 0.1694 89.2562
allRoundKeys[1782] 0.2555 92.3288
allRoundKeys[1781] 0.0266 78.9474
allRoundKeys[1780] 0.105 95.3333
allRoundKeys[1779] 0.1946 59.7122
allRoundKeys[1778] 0.17885 39.5303
allRoundKeys[1777] 0.1365 28.7179
allRoundKeys[1776] 0.133 47.1053
allRoundKeys[1775] 0.1113 36.6352
allRoundKeys[1774] 0.1183 60.0592
allRoundKeys[1773] 0.2226 55.8176
allRoundKeys[1772] 0.0882 94.4444
allRoundKeys[1771] 0.0266 0
allRoundKeys[1770] 0.0882 22.2222
allRoundKeys[1769] 0.1015 35.6897
allRoundKeys[1768] 0.3206 69.1048
allRoundKeys[1767] 0.3276 65.9188
allRoundKeys[1766] 0.1232 48.2955
allRoundKeys[1765] 0.1064 5.59211
allRoundKeys[1764] 0.1631 48.4979
allRoundKeys[1763] 0.301 64.1279
allRoundKeys[1762] 0.1379 9.51777
allRoundKeys[1761] 0.1148 71.0366
allRoundKeys[1760] 0.1813 75.6757
allRoundKeys[1759] 0.1183 54.7337
allRoundKeys[1758] 0.0665 70.5263
allRoundKeys[1757] 0.2478 43.7853
allRoundKeys[1756] 0.105 71
allRoundKeys[1755] 0.2919 58.753
allRoundKeys[1754] 0.1183 31.3609
allRoundKeys[1753] 0.1316 92.5532
allRoundKeys[1752] 0.1477 82.4645
allRoundKeys[1751] 0.203 56.7241
allRoundKeys[1750] 0.168 51.875
allRoundKeys[1749] 0.0133 63.1579
allRoundKeys[1748] 0.1596 59.9781
allRoundKeys[1747] 0.2625 41.3333
allRoundKeys[1746] 0.1113 84.9057
allRoundKeys[1745] 0.196 71.9643
allRoundKeys[1744] 0.1064 53.9474
allRoundKeys[1743] 0.4186 76.5886
allRoundKeys[1742] 0.1316 62.766
allRoundKeys[1741] 0.1498 30.6075
allRoundKeys[1740] 0.0882 72.2222
allRoundKeys[1739] 0.1064 55.9211
allRoundKeys[1738] 0.203 76.8966
allRoundKeys[1737] 0.0133 78.9474
allRoundKeys[1736] 0.1232 51.7045
allRoundKeys[1735] 0.1316 83.2447
allRoundKeys[1734] 0.16555 28.5412
allRoundKeys[1733] 0.1197 89.7661
allRoundKeys[1732] 0.217 20.6452
allRoundKeys[1731] 0.0133 36.8421
allRoundKeys[1730] 0.1463 35.6459
allRoundKeys[1729] 0.2212 44.3038
allRoundKeys[1728] 0.1148 26.8293
allRoundKeys[1727] 0.1827 63.0268
allRoundKeys[1726] 0.1778 80.7087
allRoundKeys[1725] 0.196 77.3214
allRoundKeys[1724] 0.2849 79.2383
allRoundKeys[1723] 0.1085 86.4516
allRoundKeys[1722] 0.1449 73.6715
allRoundKeys[1721] 0.098 85
allRoundKeys[1720] 0.8456 72.5579
allRoundKeys[1719] 0.133 29.4737
allRoundKeys[1718] 0.1911 47.8938
allRoundKeys[1717] 0.7525 59.6744
allRoundKeys[1716] 0.0266 36.8421
allRoundKeys[1715] 0.2856 49.7549
allRoundKeys[1714] 0.2016 0
allRoundKeys[1713] 0.3626 47.2973
allRoundKeys[1712] 0.9037 42.0604
allRoundKeys[1711] 0.3633 79.7688
allRoundKeys[1710] 0.1694 54.1322
allRoundKeys[1709] 0.4837 68.6686
allRoundKeys[1708] 0.1827 88.8889
allRoundKeys[1707] 0.3941 64.7425
allRoundKeys[1706] 0.2576 45.4193
allRoundKeys[1705] 0.2807 61.8454
allRoundKeys[1704] 0.1491 57.6291
allRoundKeys[1703] 0.2093 67.893
allRoundKeys[1702] 0.1694 76.8595
allRoundKeys[1701] 0.16835 44.2827
allRoundKeys[1700] 0.1134 43.8272
allRoundKeys[1699] 0.1911 55.6777
allRoundKeys[1698] 0.0784 58.4821
allRoundKeys[1697] 0.4249 73.8056
allRoundKeys[1696] 0.2989 72.1311
allRoundKeys[1695] 0.2513 64.4847
allRoundKeys[1694] 0.329 60.5319
allRoundKeys[1693] 0.1862 61.1842
allRoundKeys[1692] 0.0966 67.3913
allRoundKeys[1691] 0.1813 55.2124
allRoundKeys[1690] 0.133 53.4211
allRoundKeys[1689] 0.1365 64.6154
allRoundKeys[1688] 0.1064 73.6842
allRoundKeys[1687] 0.2079 72.0539
allRoundKeys[1686] 0.0399 75.4386
allRoundKeys[1685] 0.1946 45.8633
allRoundKeys[1684] 0.3192 85.7456
allRoundKeys[1683] 0.2961 36.9385
allRoundKeys[1682] 0.0266 91.6353
allRoundKeys[1681] 0.3724 44.0789
allRoundKeys[1680] 0.3143 86.7483
allRoundKeys[1679] 0.4935 86.6667
allRoundKeys[1678] 0.2177 77.492
allRoundKeys[1677] 0.4802 68.3673
allRoundKeys[1676] 0.2261 71.3622
allRoundKeys[1675] 0.35455 42.3001
allRoundKeys[1674] 0.2079 85.0168
allRoundKeys[1673] 0.2226 48.8208
allRoundKeys[1672] 0.1813 81.0811
allRoundKeys[1671] 0.6097 71.1251
allRoundKeys[1670] 0.1246 58.2865
allRoundKeys[1669] 0.5866 69.6301
allRoundKeys[1668] 0.3108 43.018
allRoundKeys[1667] 0.3122 53.9798
allRoundKeys[1666] 0.3423 77.8119
allRoundKeys[1665] 0.0399 93.8596
allRoundKeys[1664] 0.4851 46.645
allRoundKeys[1663] 0.1155 53.7879
allRoundKeys[1662] 0.1533 84.3607
allRoundKeys[1661] 0.294 62.619
allRoundKeys[1660] 0.2989 47.1897
allRoundKeys[1659] 0.1113 63.3648
allRoundKeys[1658] 0.1134 14.1975
allRoundKeys[1657] 0.0861 53.6585
allRoundKeys[1656] 0.3577 11.2524
allRoundKeys[1655] 0.1316 58.6436
allRoundKeys[1654] 0.1134 47.5309
allRoundKeys[1653] 0.3605 19.0291
allRoundKeys[1652] 0.2793 91.8546
allRoundKeys[1651] 0.1561 53.8117
allRoundKeys[1650] 0.2009 78.0488
allRoundKeys[1649] 0.2261 71.517
allRoundKeys[1648] 0.1547 80.9955
allRoundKeys[1647] 0.1694 85.5372
allRoundKeys[1646] 0.0133 0
allRoundKeys[1645] 0.0665 73.1579
allRoundKeys[1644] 0.336 65.1042
allRoundKeys[1643] 0.196 20
allRoundKeys[1642] 0.1596 51.3158
allRoundKeys[1641] 0.4088 83.9041
allRoundKeys[1640] 0.1981 38.5159
allRoundKeys[1639] 0.0868 83.0645
allRoundKeys[1638] 0.0399 50.8772
allRoundKeys[1637] 0.2457 67.5214
allRoundKeys[1636] 0.2261 34.6749
allRoundKeys[1635] 0.098 78.5714
allRoundKeys[1634] 0.2009 82.9268
allRoundKeys[1633] 0.0784 3.79464
allRoundKeys[1632] 0.4235 67.7686
allRoundKeys[1631] 0.392 66.0714
allRoundKeys[1630] 0.1316 88.8298
allRoundKeys[1629] 0.2296 68.1402
allRoundKeys[1628] 0.1764 11.4087
allRoundKeys[1627] 0.2163 57.1197
allRoundKeys[1626] 0.1946 4.72765
allRoundKeys[1625] 0.231 87.2727
allRoundKeys[1624] 0.2394 84.2105
allRoundKeys[1623] 0.1064 78.2895
allRoundKeys[1622] 0.105 74.3333
allRoundKeys[1621] 0.294 81.6667
allRoundKeys[1620] 0.098 53.4184
allRoundKeys[1619] 0.1463 79.9043
allRoundKeys[1618] 0.1365 63.3333
allRoundKeys[1617] 0.7098 34.788
allRoundKeys[1616] 0.1281 94.2623
allRoundKeys[1615] 0.1197 0
allRoundKeys[1614] 0.3073 55.0683
allRoundKeys[1613] 0.1463 33.7321
allRoundKeys[1612] 0.0798 79.386
allRoundKeys[1611] 0.1183 63.9053
allRoundKeys[1610] 0.1064 100
allRoundKeys[1609] 0.2345 51.791
allRoundKeys[1608] 0.0882 55.5556
allRoundKeys[1607] 0.133 55.2632
allRoundKeys[1606] 0.0665 0
allRoundKeys[1605] 0.1596 45.614
allRoundKeys[1604] 0.56 52.6875
allRoundKeys[1603] 0.7994 73.0954
allRoundKeys[1602] 0.1232 76.1364
allRoundKeys[1601] 0.1862 71.0526
allRoundKeys[1600] 0.2478 52.8249
allRoundKeys[1599] 0.0532 81.5789
allRoundKeys[1598] 0.3759 59.8696
allRoundKeys[1597] 0.098 93.5714
allRoundKeys[1596] 0.1463 0
allRoundKeys[1595] 0.1729 51.8219
allRoundKeys[1594] 0.3689 74.2884
allRoundKeys[1593] 0.0798 0
allRoundKeys[1592] 0.6909 54.8053
allRoundKeys[1591] 0.2261 95.6656
allRoundKeys[1590] 0.1729 91.498
allRoundKeys[1589] 0.0665 63.6842
allRoundKeys[1588] 0.1715 1.22449
allRoundKeys[1587] 0.2968 76.1792
allRoundKeys[1586] 0.0798 62.2807
allRoundKeys[1585] 0.238 51.1765
allRoundKeys[1584] 1.0087 91.8459
allRoundKeys[1583] 0.462 87.5758
allRoundKeys[1582] 0.2212 70.8861
allRoundKeys[1581] 0.0931 0
allRoundKeys[1580] 0.0133 0
allRoundKeys[1579] 0.1414 32.1782
allRoundKeys[1578] 0.3724 28.8534
allRoundKeys[1577] 0.2247 61.3707
allRoundKeys[1576] 0.4039 58.2322
allRoundKeys[1575] 0.1064 82.8947
allRoundKeys[1574] 0.1946 20.5036
allRoundKeys[1573] 0.2093 90.6355
allRoundKeys[1572] 0.6034 67.8074
allRoundKeys[1571] 0.4004 27.7972
allRoundKeys[1570] 0.1848 79.5455
allRoundKeys[1569] 0.4088 50.7705
allRoundKeys[1568] 0.4137 83.7563
allRoundKeys[1567] 0.5831 58.1933
allRoundKeys[1566] 0.1729 65.3846
allRoundKeys[1565] 0.1148 97.8659
allRoundKeys[1564] 0.3913 76.0286
allRoundKeys[1563] 0.2079 44.9495
allRoundKeys[1562] 0.3059 70.8238
allRoundKeys[1561] 0.4039 72.2704
allRoundKeys[1560] 0.49 82.2857
allRoundKeys[1559] 1.4035 87.8304
allRoundKeys[1558] 0.133 85.2632
allRoundKeys[1557] 0.0266 73.6842
allRoundKeys[1556] 0.1281 63.388
allRoundKeys[1555] 0.3892 63.3094
allRoundKeys[1554] 0.5551 44.8928
allRoundKeys[1553] 0.4753 64.1384
allRoundKeys[1552] 0.0532 52.6316
allRoundKeys[1551] 0.1064 62.1711
allRoundKeys[1550] 0.329 67.3404
allRoundKeys[1549] 0.2842 66.2562
allRoundKeys[1548] 0.1064 77.6316
allRoundKeys[1547] 0.1316 61.7021
allRoundKeys[1546] 0.5698 77.1499
allRoundKeys[1545] 0.6517 66.5414
allRoundKeys[1544] 0.133 79.4737
allRoundKeys[1543] 0.1596 77.8509
allRoundKeys[1542] 0.0882 83.3333
allRoundKeys[1541] 0.5397 76.5888
allRoundKeys[1540] 0.6384 72.6425
allRoundKeys[1539] 0.2709 73.385
allRoundKeys[1538] 0.1631 54.5064
allRoundKeys[1537] 0.1365 89.2308
allRoundKeys[1536] 0.623 57.3676
allRoundKeys[1535] 0.2177 75.2412
allRoundKeys[1534] 0.0532 63.1579
allRoundKeys[1533] 0.0882 57.1429
allRoundKeys[1532] 0.2226 83.6478
allRoundKeys[1531] 0.1232 43.75
allRoundKeys[1530] 0.0966 65.942
allRoundKeys[1529] 0.0882 76.1905
allRoundKeys[1528] 0.0399 0
allRoundKeys[1527] 0.1463 0
allRoundKeys[1526] 0.0133 63.1579
allRoundKeys[1525] 0.2625 14.2952
allRoundKeys[1524] 0.1232 90.0568
allRoundKeys[1523] 0.1246 48.8764
allRoundKeys[1522] 0.0266 68.4211
allRoundKeys[1521] 0.1729 82.996
allRoundKeys[1520] 0.1197 49.8538
allRoundKeys[1519] 0.3248 57.2198
allRoundKeys[1518] 0.098 2.14286
allRoundKeys[1517] 0.0133 89.4737
allRoundKeys[1516] 0.1183 70.2663
allRoundKeys[1515] 0.2877 65.6326
allRoundKeys[1514] 0.098 95
allRoundKeys[1513] 0.1099 28.0255
allRoundKeys[1512] 0.3458 52.4291
allRoundKeys[1511] 0.0266 0
allRoundKeys[1510] 0.1281 49.7268
allRoundKeys[1509] 0.2212 68.5127
allRoundKeys[1508] 0.0133 0
allRoundKeys[1507] 0.1015 47.7586
allRoundKeys[1506] 0.0399 73.6842
allRoundKeys[1505] 0.1015 52.4138
allRoundKeys[1504] 0.0133 0
allRoundKeys[1503] 0.5985 73.2749
allRoundKeys[1502] 0.1197 34.3567
allRoundKeys[1501] 0.1778 82.874
allRoundKeys[1500] 0.2331 83.7838
allRoundKeys[1499] 0.1225 76
allRoundKeys[1498] 0.1267 50.8287
allRoundKeys[1497] 0.3094 88.6878
allRoundKeys[1496] 0.2513 25.9053
allRoundKeys[1495] 0.497 55.3521
allRoundKeys[1494] 0.14 89.5
allRoundKeys[1493] 0.1729 28.3401
allRoundKeys[1492] 0.1267 90.3315
allRoundKeys[1491] 0.2492 82.8652
allRoundKeys[1490] 0.0896 0
allRoundKeys[1489] 0.532 52.6316
allRoundKeys[1488] 0.6874 89.5112
allRoundKeys[1487] 0.3108 74.8874
allRoundKeys[1486] 0.4039 60.8319
allRoundKeys[1485] 0.1029 85.7143
allRoundKeys[1484] 0.1295 60.5405
allRoundKeys[1483] 0.3262 64.3777
allRoundKeys[1482] 0.588 58.5119
allRoundKeys[1481] 0.75565 53.2853
allRoundKeys[1480] 0.2541 46.0055
allRoundKeys[1479] 0.259 73.2432
allRoundKeys[1478] 0.2534 63.9503
allRoundKeys[1477] 0.2009 85.3659
allRoundKeys[1476] 0.2513 77.9248
allRoundKeys[1475] 0.3626 62.8378
allRoundKeys[1474] 0.3801 34.2541
allRoundKeys[1473] 0.098 65
allRoundKeys[1472] 0.1729 81.5789
allRoundKeys[1471] 0.1379 55.203
allRoundKeys[1470] 0.1113 76.8868
allRoundKeys[1469] 0.1134 83.642
allRoundKeys[1468] 0.2408 45.9302
allRoundKeys[1467] 0.1064 59.8684
allRoundKeys[1466] 0.1204 21.0341
allRoundKeys[1465] 0.0917 38.3588
allRoundKeys[1464] 0.2513 81.8942
allRoundKeys[1463] 0.2625 71.0667
allRoundKeys[1462] 0.4641 74.359
allRoundKeys[1461] 0.3955 37.1681
allRoundKeys[1460] 0.0931 63.1579
allRoundKeys[1459] 0.189 68.5185
allRoundKeys[1458] 0.2065 46.1017
allRoundKeys[1457] 0.1197 73.3918
allRoundKeys[1456] 0.1463 50.2392
allRoundKeys[1455] 0.1498 51.4019
allRoundKeys[1454] 0.2674 45.8115
allRoundKeys[1453] 0.1624 62.5
allRoundKeys[1452] 0.1267 84.5304
allRoundKeys[1451] 0.2436 61.3506
allRoundKeys[1450] 0.2527 59.4183
allRoundKeys[1449] 0.3073 80.8656
allRoundKeys[1448] 0.4585 36.4504
allRoundKeys[1447] 0.3339 74.4235
allRoundKeys[1446] 0.2758 24.7462
allRoundKeys[1445] 0.2177 81.9936
allRoundKeys[1444] 0.1582 4.5354
allRoundKeys[1443] 0.2114 74.5033
allRoundKeys[1442] 0.5831 78.0312
allRoundKeys[1441] 0.1428 54.902
allRoundKeys[1440] 0.2226 57.5472
allRoundKeys[1439] 0.2408 67.4419
allRoundKeys[1438] 0.3108 71.7342
allRoundKeys[1437] 0.2779 94.7103
allRoundKeys[1436] 0.2989 75.644
allRoundKeys[1435] 0.1827 37.5479
allRoundKeys[1434] 0.0798 0
allRoundKeys[1433] 0.2576 58.1522
allRoundKeys[1432] 0.3073 88.2688
allRoundKeys[1431] 0.2709 85.4005
allRoundKeys[1430] 0.2975 93.4118
allRoundKeys[1429] 0.3654 39.0805
allRoundKeys[1428] 0.3836 96.3504
allRoundKeys[1427] 0.0868 92.7419
allRoundKeys[1426] 0.4536 79.6296
allRoundKeys[1425] 0.3157 82.0399
allRoundKeys[1424] 0.2408 75.2907
allRoundKeys[1423] 0.3206 80.3493
allRoundKeys[1422] 0.2807 77.4314
allRoundKeys[1421] 0.1827 63.6015
allRoundKeys[1420] 0.1848 94.697
allRoundKeys[1419] 0.1778 55.6665
allRoundKeys[1418] 0.3094 90.4977
allRoundKeys[1417] 0.392 92.5
allRoundKeys[1416] 0.4319 68.2334
allRoundKeys[1415] 0.3094 87.3303
allRoundKeys[1414] 0.1533 90.411
allRoundKeys[1413] 0.2331 91.5916
allRoundKeys[1412] 0.1995 28.9474
allRoundKeys[1411] 0.5005 77.0979
allRoundKeys[1410] 0.2191 38.0192
allRoundKeys[1409] 0.336 63.2292
allRoundKeys[1408] 0.1183 49.7041
allRoundKeys[1407] 0.1806 67.8295
allRoundKeys[1406] 0.2408 73.6919
allRoundKeys[1405] 0.1085 28.3871
allRoundKeys[1404] 0.1001 46.5035
allRoundKeys[1403] 0.3227 65.6182
allRoundKeys[1402] 0.1561 15.2466
allRoundKeys[1401] 0.1113 17.6101
allRoundKeys[1400] 0.0896 71.0938
allRoundKeys[1399] 0.0917 51.5267
allRoundKeys[1398] 0.3815 71.1927
allRoundKeys[1397] 0.2177 10.7947
allRoundKeys[1396] 0.1134 85.1852
allRoundKeys[1395] 0.2219 9.46372
allRoundKeys[1394] 0.31115 43.3071
allRoundKeys[1393] 0.0133 73.6842
allRoundKeys[1392] 0.063 62.7778
allRoundKeys[1391] 0.0952 50
allRoundKeys[1390] 0.1372 38.7755
allRoundKeys[1389] 0.0917 40.8397
allRoundKeys[1388] 0.0399 63.1579
allRoundKeys[1387] 0.1778 69.2913
allRoundKeys[1386] 0.1085 51.6129
allRoundKeys[1385] 0.0266 55.2632
allRoundKeys[1384] 0.1491 69.9531
allRoundKeys[1383] 0.2093 72.408
allRoundKeys[1382] 0.1358 81.9588
allRoundKeys[1381] 0.0266 63.1579
allRoundKeys[1380] 0.105 34.8333
allRoundKeys[1379] 0.1981 74.3816
allRoundKeys[1378] 0.1827 46.7433
allRoundKeys[1377] 0.1379 39.0863
allRoundKeys[1376] 0.3206 38.9738
allRoundKeys[1375] 0.1225 10
allRoundKeys[1374] 0.3535 75.5446
allRoundKeys[1373] 0.0798 81.5789
allRoundKeys[1372] 0.2142 79.4118
allRoundKeys[1371] 0.2114 23.0132
allRoundKeys[1370] 0.2513 27.0195
allRoundKeys[1369] 0.1267 88.3978
allRoundKeys[1368] 0.0798 50.4386
allRoundKeys[1367] 0.0798 60.0877
allRoundKeys[1366] 0.1582 90.708
allRoundKeys[1365] 0.2079 76.431
allRoundKeys[1364] 0.392 53.9286
allRoundKeys[1363] 0.0917 70.4198
allRoundKeys[1362] 0.1092 64.1026
allRoundKeys[1361] 0.0364 67.3077
allRoundKeys[1360] 0.1533 54.3379
allRoundKeys[1359] 0.14 62.5
allRoundKeys[1358] 0.1596 0
allRoundKeys[1357] 0.1029 32.3129
allRoundKeys[1356] 0.3654 84.6743
allRoundKeys[1355] 0.0133 0
allRoundKeys[1354] 0.1344 76.0417
allRoundKeys[1353] 0.2576 73.0978
allRoundKeys[1352] 0.0665 55.7895
allRoundKeys[1351] 0.1428 91.4216
allRoundKeys[1350] 0.1365 56.9231
allRoundKeys[1349] 0.1134 78.3951
allRoundKeys[1348] 0.196 78.9286
allRoundKeys[1347] 0.1001 21.6783
allRoundKeys[1346] 0.1358 62.1134
allRoundKeys[1345] 0.0399 93.8596
allRoundKeys[1344] 0.1379 37.3096
allRoundKeys[1343] 0.098 49.6429
allRoundKeys[1342] 0.1694 37.1015
allRoundKeys[1341] 0.1645 84.6809
allRoundKeys[1340] 0.1764 1.72902
allRoundKeys[1339] 0.1694 64.0496
allRoundKeys[1338] 0.1064 26.9737
allRoundKeys[1337] 0.1589 47.1366
allRoundKeys[1336] 0.1428 83.8235
allRoundKeys[1335] 0.2093 76.5886
allRoundKeys[1334] 0.2114 63.7417
allRoundKeys[1333] 0.1253 42.917
allRoundKeys[1332] 0.1666 65.3361
allRoundKeys[1331] 0.0784 75
allRoundKeys[1330] 0.3675 70.2857
allRoundKeys[1329] 0.196 13.9286
allRoundKeys[1328] 0.1008 70.8333
allRoundKeys[1327] 0.1134 70.9877
allRoundKeys[1326] 0.3388 37.1901
allRoundKeys[1325] 0.1092 86.5385
allRoundKeys[1324] 0.2674 53.0105
allRoundKeys[1323] 0.2541 23.9669
allRoundKeys[1322] 0.2275 89.2308
allRoundKeys[1321] 0.14 28
allRoundKeys[1320] 0.2177 62.4483
allRoundKeys[1319] 0.3969 74.3386
allRoundKeys[1318] 0.3521 67.3956
allRoundKeys[1317] 0.3542 74.4071
allRoundKeys[1316] 0.0917 46.9466
allRoundKeys[1315] 0.2093 25.5853
allRoundKeys[1314] 0.0266 100
allRoundKeys[1313] 0.2009 13.2404
allRoundKeys[1312] 0.2226 43.8679
allRoundKeys[1311] 0.098 55
allRoundKeys[1310] 0.1148 51.2195
allRoundKeys[1309] 0.0665 0
allRoundKeys[1308] 0.2044 83.2192
allRoundKeys[1307] 0.0882 47.2222
allRoundKeys[1306] 0.3108 84.009
allRoundKeys[1305] 0.203 83.7931
allRoundKeys[1304] 0.1197 83.6257
allRoundKeys[1303] 0.3458 77.1761
allRoundKeys[1302] 0.1498 72.4299
allRoundKeys[1301] 0.0399 63.1579
allRoundKeys[1300] 0.19355 80.1085
allRoundKeys[1299] 0.1463 27.7512
allRoundKeys[1298] 0.1764 9.72222
allRoundKeys[1297] 0.1379 85.7868
allRoundKeys[1296] 0.1197 43.4211
allRoundKeys[1295] 0.1862 55.0752
allRoundKeys[1294] 0.266 45.2632
allRoundKeys[1293] 0.3339 56.0797
allRoundKeys[1292] 0.1148 65.8537
allRoundKeys[1291] 0.1148 7.0122
allRoundKeys[1290] 0.14385 63.017
allRoundKeys[1289] 0.1148 73.1707
allRoundKeys[1288] 0.0966 45.6522
allRoundKeys[1287] 0.6363 57.1232
allRoundKeys[1286] 0.1547 40.1584
allRoundKeys[1285] 0.1232 45.7386
allRoundKeys[1284] 0.0266 81.5789
allRoundKeys[1283] 0.0882 58.3333
allRoundKeys[1282] 0.0266 63.1579
allRoundKeys[1281] 0.0665 51.5789
allRoundKeys[1280] 0.1561 67.0404
allRoundKeys[1279] 0.4235 70.124
allRoundKeys[1278] 0.1064 9.21053
allRoundKeys[1277] 0.2093 78.9298
allRoundKeys[1276] 0.2177 68.9022
allRoundKeys[1275] 0.1694 69.6281
allRoundKeys[1274] 0.1512 56.4815
allRoundKeys[1273] 0.1694 97.1074
allRoundKeys[1272] 0.2611 47.8552
allRoundKeys[1271] 0.1848 62.5
allRoundKeys[1270] 0.1001 61.8881
allRoundKeys[1269] 0.2562 30.123
allRoundKeys[1268] 0.1694 91.3223
allRoundKeys[1267] 0.1645 5.74468
allRoundKeys[1266] 0.203 54.1379
allRoundKeys[1265] 0.294 62.381
allRoundKeys[1264] 0.1267 57.4586
allRoundKeys[1263] 0.1134 74.6914
allRoundKeys[1262] 0.0532 0
allRoundKeys[1261] 0.1197 66.9591
allRoundKeys[1260] 0.2429 39.6254
allRoundKeys[1259] 0.2163 68.932
allRoundKeys[1258] 0.098 67.8571
allRoundKeys[1257] 0.1428 52.9412
allRoundKeys[1256] 0.1078 77.2727
allRoundKeys[1255] 0.1092 61.859
allRoundKeys[1254] 0.1078 79.5455
allRoundKeys[1253] 0.6727 74.2456
allRoundKeys[1252] 0.3493 60.9218
allRoundKeys[1251] 0.0266 0
allRoundKeys[1250] 0.3423 61.5542
allRoundKeys[1249] 0.2674 67.1466
allRoundKeys[1248] 0.2408 77.6163
allRoundKeys[1247] 0.1582 54.4248
allRoundKeys[1246] 0.0917 78.626
allRoundKeys[1245] 0.1295 28.9189
allRoundKeys[1244] 0.14 26
allRoundKeys[1243] 0.0266 0
allRoundKeys[1242] 0.1064 81.5789
allRoundKeys[1241] 0.2093 65.5518
allRoundKeys[1240] 0.2212 75.6329
allRoundKeys[1239] 0.1134 45.0617
allRoundKeys[1238] 0.2275 91.3846
allRoundKeys[1237] 0.0917 58.9695
allRoundKeys[1236] 0.1218 49.7126
allRoundKeys[1235] 0.1631 12.2318
allRoundKeys[1234] 0.1505 81.6279
allRoundKeys[1233] 0.1561 71.9731
allRoundKeys[1232] 0.1533 41.5525
allRoundKeys[1231] 0.098 26.4286
allRoundKeys[1230] 0.1946 70.1439
allRoundKeys[1229] 0.2492 31.3904
allRoundKeys[1228] 0.1778 38.5827
allRoundKeys[1227] 0.0266 63.1579
allRoundKeys[1226] 0.1463 41.6268
allRoundKeys[1225] 0.1225 88
allRoundKeys[1224] 0.1743 87.1486
allRoundKeys[1223] 0.196 63.5714
allRoundKeys[1222] 0.1561 74.8879
allRoundKeys[1221] 0.1183 62.7219
allRoundKeys[1220] 0.175 39.2
allRoundKeys[1219] 0.1001 70.6294
allRoundKeys[1218] 0.20685 66.4975
allRoundKeys[1217] 0.196 35
allRoundKeys[1216] 0.0868 62.0968
allRoundKeys[1215] 0.0798 78.5088
allRoundKeys[1214] 0.1862 65.4135
allRoundKeys[1213] 0.1365 85.641
allRoundKeys[1212] 0.1281 92.3497
allRoundKeys[1211] 0.462 41.4394
allRoundKeys[1210] 0.0882 62.3016
allRoundKeys[1209] 0.133 62.2368
allRoundKeys[1208] 0.196 73.9286
allRoundKeys[1207] 0.399 37.4123
allRoundKeys[1206] 0.1729 53.0364
allRoundKeys[1205] 0.196 60
allRoundKeys[1204] 0.3276 78.6325
allRoundKeys[1203] 0.098 0
allRoundKeys[1202] 0.1197 22.8279
allRoundKeys[1201] 0.0966 67.029
allRoundKeys[1200] 0.098 35.5357
allRoundKeys[1199] 0.0399 87.7193
allRoundKeys[1198] 0.0966 82.2464
allRoundKeys[1197] 0.0266 57.8947
allRoundKeys[1196] 0.1414 72.5248
allRoundKeys[1195] 0.0966 0
allRoundKeys[1194] 0.1232 47.7273
allRoundKeys[1193] 0.1449 71.4976
allRoundKeys[1192] 0.1729 60.1215
allRoundKeys[1191] 0.203 65.1724
allRoundKeys[1190] 0.364 48.75
allRoundKeys[1189] 0.1113 36.7925
allRoundKeys[1188] 0.0798 39.0351
allRoundKeys[1187] 0.1099 11.1465
allRoundKeys[1186] 0.1197 52.924
allRoundKeys[1185] 0.1498 73.8318
allRoundKeys[1184] 0.1015 72.069
allRoundKeys[1183] 0.3906 74.9104
allRoundKeys[1182] 0.2625 61.3333
allRoundKeys[1181] 0.1491 73.4742
allRoundKeys[1180] 0.294 64.5238
allRoundKeys[1179] 0.1001 95.1049
allRoundKeys[1178] 0.1715 16.3265
allRoundKeys[1177] 0.3255 90.9677
allRoundKeys[1176] 0.294 91.6667
allRoundKeys[1175] 0.5187 84.143
allRoundKeys[1174] 0.3388 54.0289
allRoundKeys[1173] 0.1211 81.5029
allRoundKeys[1172] 0.6517 93.4479
allRoundKeys[1171] 0.1001 58.3916
allRoundKeys[1170] 0.1183 7.8191
allRoundKeys[1169] 0.1666 59.0336
allRoundKeys[1168] 0.1946 80.2158
allRoundKeys[1167] 0.3521 8.73331
allRoundKeys[1166] 0.1729 55.2632
allRoundKeys[1165] 0.3122 13.9013
allRoundKeys[1164] 0.1351 64.2487
allRoundKeys[1163] 0.1358 69.3299
allRoundKeys[1162] 0.1645 97.0213
allRoundKeys[1161] 0.1582 55.3097
allRoundKeys[1160] 0.3626 84.9421
allRoundKeys[1159] 0.5348 54.9972
allRoundKeys[1158] 0.1995 90.1754
allRoundKeys[1157] 0.1113 91.195
allRoundKeys[1156] 0.1064 70.0658
allRoundKeys[1155] 0.1596 37.9386
allRoundKeys[1154] 0.196 47.6786
allRoundKeys[1153] 0.1512 60.4167
allRoundKeys[1152] 0.196 52.8571
allRoundKeys[1151] 0.1099 17.8344
allRoundKeys[1150] 0.1365 15.641
allRoundKeys[1149] 0.0399 75.4386
allRoundKeys[1148] 0.1148 55.4878
allRoundKeys[1147] 0.0798 76.7544
allRoundKeys[1146] 0.1498 80.3738
allRoundKeys[1145] 0.1463 30.3828
allRoundKeys[1144] 0.2611 82.2386
allRoundKeys[1143] 0.31605 72.979
allRoundKeys[1142] 0.1281 78.1421
allRoundKeys[1141] 0.1197 47.076
allRoundKeys[1140] 0.1064 9.89192
allRoundKeys[1139] 0.1232 3.97727
allRoundKeys[1138] 0.0399 0
allRoundKeys[1137] 0.0532 0
allRoundKeys[1136] 0.0798 0
allRoundKeys[1135] 0.0882 83.3333
allRoundKeys[1134] 0.2261 68.2663
allRoundKeys[1133] 0.098 55
allRoundKeys[1132] 0.2527 57.4792
allRoundKeys[1131] 0.2877 24.2092
allRoundKeys[1130] 0.1064 39.1447
allRoundKeys[1129] 0.2744 65.9439
allRoundKeys[1128] 0.3192 68.6404
allRoundKeys[1127] 0.3094 77.0362
allRoundKeys[1126] 0.2744 61.6071
allRoundKeys[1125] 0.0399 87.7193
allRoundKeys[1124] 0.1365 38.4615
allRoundKeys[1123] 0.2443 58.596
allRoundKeys[1122] 0.1862 1.50376
allRoundKeys[1121] 0.1729 80.1619
allRoundKeys[1120] 0.1197 44.4444
allRoundKeys[1119] 0.1694 45.0413
allRoundKeys[1118] 0.2485 62.9577
allRoundKeys[1117] 0.434 71.8952
allRoundKeys[1116] 0.1372 77.2959
allRoundKeys[1115] 0.1757 84.6614
allRoundKeys[1114] 0.2093 40.8027
allRoundKeys[1113] 0.3654 60.3448
allRoundKeys[1112] 0.1134 48.4568
allRoundKeys[1111] 0.6517 75.0269
allRoundKeys[1110] 0.2352 64.7321
allRoundKeys[1109] 0.1694 77.2727
allRoundKeys[1108] 0.3605 0
allRoundKeys[1107] 0.1946 77.3381
allRoundKeys[1106] 0.0798 0
allRoundKeys[1105] 0.4872 33.6925
allRoundKeys[1104] 0.2926 45.5742
allRoundKeys[1103] 0.1799 83.6576
allRoundKeys[1102] 0.1911 35.8974
allRoundKeys[1101] 0.0868 86.2903
allRoundKeys[1100] 0.1617 31.3853
allRoundKeys[1099] 0.2646 44.4444
allRoundKeys[1098] 0.1666 49.6849
allRoundKeys[1097] 0.3493 82.2645
allRoundKeys[1096] 0.1708 70.082
allRoundKeys[1095] 0.1337 89.0052
allRoundKeys[1094] 0.2674 62.9581
allRoundKeys[1093] 0.2562 89.6175
allRoundKeys[1092] 0.1533 64.9543
allRoundKeys[1091] 0.1351 43.0052
allRoundKeys[1090] 0.1638 46.4744
allRoundKeys[1089] 0.5236 78.3422
allRoundKeys[1088] 0.1449 59.6618
allRoundKeys[1087] 0.14035 84.788
allRoundKeys[1086] 0.2296 59.6037
allRoundKeys[1085] 0.2009 43.2056
allRoundKeys[1084] 0.4501 79.0047
allRoundKeys[1083] 0.3423 57.1575
allRoundKeys[1082] 0.1596 71.9925
allRoundKeys[1081] 0.1512 70.8333
allRoundKeys[1080] 0.0532 100
allRoundKeys[1079] 0.1197 72.5146
allRoundKeys[1078] 0.2702 37.3057
allRoundKeys[1077] 0.1666 53.3613
allRoundKeys[1076] 0.1533 71.2329
allRoundKeys[1075] 0.1666 28.7815
allRoundKeys[1074] 0.1897 16.4207
allRoundKeys[1073] 0.1582 93.8053
allRoundKeys[1072] 0.5852 86.0646
allRoundKeys[1071] 0.1778 41.3386
allRoundKeys[1070] 0.1799 45.3307
allRoundKeys[1069] 0.2828 86.1386
allRoundKeys[1068] 0.49 56.9286
allRoundKeys[1067] 0.4627 74.2057
allRoundKeys[1066] 0.2128 82.5658
allRoundKeys[1065] 0.5481 77.6501
allRoundKeys[1064] 0.133 41.5789
allRoundKeys[1063] 0.1862 42.1053
allRoundKeys[1062] 0.2464 71.5909
allRoundKeys[1061] 0.1351 81.0881
allRoundKeys[1060] 0.1533 77.6256
allRoundKeys[1059] 0.1001 58.7413
allRoundKeys[1058] 0.5054 80.8864
allRoundKeys[1057] 0.1666 91.1765
allRoundKeys[1056] 0.1666 85.2941
allRoundKeys[1055] 0.1827 42.9119
allRoundKeys[1054] 0.3206 65.1747
allRoundKeys[1053] 0.1666 47.8992
allRoundKeys[1052] 0.1428 74.5098
allRoundKeys[1051] 0.392 42.8571
allRoundKeys[1050] 0.1764 77.381
allRoundKeys[1049] 0.2576 38.3152
allRoundKeys[1048] 0.1218 87.931
allRoundKeys[1047] 0.1862 84.2105
allRoundKeys[1046] 0.3472 89.1129
allRoundKeys[1045] 0.5215 34.2617
allRoundKeys[1044] 0.5698 40.602
allRoundKeys[1043] 0.1638 37.4847
allRoundKeys[1042] 0.4186 68.1438
allRoundKeys[1041] 0.2359 68.6944
allRoundKeys[1040] 0.4088 46.3185
allRoundKeys[1039] 0.882 58.5232
allRoundKeys[1038] 0.2009 78.0488
allRoundKeys[1037] 0.329 44.0426
allRoundKeys[1036] 0.105 74.1667
allRoundKeys[1035] 0.4305 74.5935
allRoundKeys[1034] 0.1267 75.1381
allRoundKeys[1033] 0.1197 91.8129
allRoundKeys[1032] 0.0784 87.5
allRoundKeys[1031] 0.1407 100
allRoundKeys[1030] 0.2513 45.0557
allRoundKeys[1029] 0.2261 30.3406
allRoundKeys[1028] 0.3724 64.9436
allRoundKeys[1027] 0.1134 47.5309
allRoundKeys[1026] 0.5369 56.193
allRoundKeys[1025] 0.5117 76.6074
allRoundKeys[1024] 0.2275 72
allRoundKeys[1023] 0.0266 31.5789
allRoundKeys[1022] 0.0266 100
allRoundKeys[1021] 0.2695 47.013
allRoundKeys[1020] 0.3122 64.574
allRoundKeys[1019] 0.0266 52.6316
allRoundKeys[1018] 0.1015 21.7241
allRoundKeys[1017] 0.3241 58.5853
allRoundKeys[1016] 0.1645 50.6383
allRoundKeys[1015] 0.161 61.9565
allRoundKeys[1014] 0.1596 51.9737
allRoundKeys[1013] 0.1526 74.3119
allRoundKeys[1012] 0.294 31.7262
allRoundKeys[1011] 0.13055 47.7212
allRoundKeys[1010] 0.3108 48.343
allRoundKeys[1009] 0.0665 81.5789
allRoundKeys[1008] 0.098 27.5
allRoundKeys[1007] 0.168 79.1667
allRoundKeys[1006] 0.1365 33.7179
allRoundKeys[1005] 0.105 97.6667
allRoundKeys[1004] 0.1862 56.7669
allRoundKeys[1003] 0.196 72.5
allRoundKeys[1002] 0.0133 0
allRoundKeys[1001] 0.0882 0.793651
allRoundKeys[1000] 0.0133 100
allRoundKeys[999] 0.1092 72.4359
allRoundKeys[998] 0.2338 56.7365
allRoundKeys[997] 0.1813 86.1004
allRoundKeys[996] 0.1911 53.8462
allRoundKeys[995] 0.1148 21.3415
allRoundKeys[994] 0.0966 6.15942
allRoundKeys[993] 0.1064 35.1974
allRoundKeys[992] 0.1316 63.2979
allRoundKeys[991] 0.4053 44.393
allRoundKeys[990] 0.462 41.1742
allRoundKeys[989] 0.1232 48.5795
allRoundKeys[988] 0.1596 47.5877
allRoundKeys[987] 0.1064 40.7895
allRoundKeys[986] 0.0266 73.6842
allRoundKeys[985] 0.0882 33.3333
allRoundKeys[984] 0.133 70.5263
allRoundKeys[983] 0.1232 70.1705
allRoundKeys[982] 2.2596 89.3897
allRoundKeys[981] 0.2212 45.8861
allRoundKeys[980] 0.0399 75.4386
allRoundKeys[979] 0.1232 35.7955
allRoundKeys[978] 0.1491 70.4225
allRoundKeys[977] 0.3591 63.694
allRoundKeys[976] 0.0532 0
allRoundKeys[975] 0.1197 95.9064
allRoundKeys[974] 0.0266 53.9474
allRoundKeys[973] 0.1547 77.8281
allRoundKeys[972] 0.1064 72.3684
allRoundKeys[971] 0.1148 46.9512
allRoundKeys[970] 0.336 72.8125
allRoundKeys[969] 0.1099 71.3376
allRoundKeys[968] 0.0399 75.4386
allRoundKeys[967] 0.2128 52.6316
allRoundKeys[966] 0.0133 0
allRoundKeys[965] 0.0882 76.9841
allRoundKeys[964] 0.1764 42.6587
allRoundKeys[963] 0.1246 54.2135
allRoundKeys[962] 0.1946 51.259
allRoundKeys[961] 0.3374 45.1763
allRoundKeys[960] 0.1232 51.4205
allRoundKeys[959] 0.2044 77.3973
allRoundKeys[958] 0.1498 26.1682
allRoundKeys[957] 0.0798 75.4386
allRoundKeys[956] 0.3906 74.0143
allRoundKeys[955] 0.2905 45.7831
allRoundKeys[954] 0.0966 77.1739
allRoundKeys[953] 0.2975 66.1176
allRoundKeys[952] 0.1015 61.8966
allRoundKeys[951] 0.2842 81.0345
allRoundKeys[950] 0.1981 36.3958
allRoundKeys[949] 0.1729 62.247
allRoundKeys[948] 0.0882 3.1746
allRoundKeys[947] 0.0266 0
allRoundKeys[946] 0.1064 36.1842
allRoundKeys[945] 0.133 52.8947
allRoundKeys[944] 0.2478 85.8757
allRoundKeys[943] 0.1729 82.996
allRoundKeys[942] 0.1365 43.8462
allRoundKeys[941] 0.3857 39.5644
allRoundKeys[940] 0.133 53.6842
allRoundKeys[939] 0.0399 0
allRoundKeys[938] 0.0665 75.7895
allRoundKeys[937] 0.2037 56.0137
allRoundKeys[936] 0.399 60.0877
allRoundKeys[935] 0.1778 73.622
allRoundKeys[934] 0.1547 77.3756
allRoundKeys[933] 0.098 30.4592
allRoundKeys[932] 0.2709 50.0646
allRoundKeys[931] 0.1596 48.3553
allRoundKeys[930] 0.0399 68.4211
allRoundKeys[929] 0.231 76.6667
allRoundKeys[928] 0.0532 92.1053
allRoundKeys[927] 0.0966 45.6522
allRoundKeys[926] 0.12915 32.7913
allRoundKeys[925] 0.1015 66.2069
allRoundKeys[924] 0.2478 59.322
allRoundKeys[923] 0.098 69.2857
allRoundKeys[922] 0.1316 60.1064
allRoundKeys[921] 0.1232 35.7955
allRoundKeys[920] 0.2345 64.1791
allRoundKeys[919] 0.1463 66.6781
allRoundKeys[918] 0.1862 56.391
allRoundKeys[917] 0.1099 0.636943
allRoundKeys[916] 0.1414 91.3366
allRoundKeys[915] 0.4137 59.0525
allRoundKeys[914] 0.0133 100
allRoundKeys[913] 0.1596 81.1404
allRoundKeys[912] 0.1099 68.7898
allRoundKeys[911] 0.35665 76.84
allRoundKeys[910] 0.1113 31.761
allRoundKeys[909] 0.0399 5.26316
allRoundKeys[908] 0.1099 65.7643
allRoundKeys[907] 0.32655 38.9068
allRoundKeys[906] 0.133 85.2632
allRoundKeys[905] 0.1764 79.7619
allRoundKeys[904] 0.2009 78.0488
allRoundKeys[903] 0.0532 27.6316
allRoundKeys[902] 0.1064 72.0395
allRoundKeys[901] 0.1379 64.467
allRoundKeys[900] 0.3143 64.3653
allRoundKeys[899] 0.1365 36.4103
allRoundKeys[898] 0.1183 48.2249
allRoundKeys[897] 0.1113 60.3774
allRoundKeys[896] 0.0966 76.4493
allRoundKeys[895] 0.2275 48.6154
allRoundKeys[894] 0.1358 54.1237
allRoundKeys[893] 0.1491 67.1362
allRoundKeys[892] 0.3444 50
allRoundKeys[891] 0.1883 51.3011
allRoundKeys[890] 0.0763 0
allRoundKeys[889] 0.1463 57.6726
allRoundKeys[888] 0.1561 69.0583
allRoundKeys[887] 0.1295 92.4324
allRoundKeys[886] 0.3171 86.5342
allRoundKeys[885] 0.15715 29.6214
allRoundKeys[884] 0.203 75.3448
allRoundKeys[883] 0.4207 38.6023
allRoundKeys[882] 0.2807 35.7855
allRoundKeys[881] 0.1267 41.4365
allRoundKeys[880] 0.1694 79.7521
allRoundKeys[879] 0.3906 78.1362
allRoundKeys[878] 0.6636 53.481
allRoundKeys[877] 0.0532 67.7632
allRoundKeys[876] 0.1113 36.478
allRoundKeys[875] 0.231 74.5455
allRoundKeys[874] 0.2093 31.2709
allRoundKeys[873] 0.3255 68.0645
allRoundKeys[872] 0.1246 40.5899
allRoundKeys[871] 0.2226 75.7862
allRoundKeys[870] 0.4648 40.5497
allRoundKeys[869] 0.2093 55.1839
allRoundKeys[868] 0.336 47.7604
allRoundKeys[867] 0.2044 76.3699
allRoundKeys[866] 0.1827 42.6245
allRoundKeys[865] 0.0133 0
allRoundKeys[864] 0.1498 55.8411
allRoundKeys[863] 0.2212 37.0253
allRoundKeys[862] 0.5383 48.3745
allRoundKeys[861] 0.0133 31.5789
allRoundKeys[860] 0.2079 85.8586
allRoundKeys[859] 0.1197 61.4035
allRoundKeys[858] 0.1183 25.1691
allRoundKeys[857] 0.1232 47.1591
allRoundKeys[856] 0.1848 37.1212
allRoundKeys[855] 0.0266 0
allRoundKeys[854] 0.196 90.1786
allRoundKeys[853] 0.3374 56.9502
allRoundKeys[852] 0.1463 62.6965
allRoundKeys[851] 0.0966 39.1304
allRoundKeys[850] 0.28665 50.6105
allRoundKeys[849] 0.2744 58.9286
allRoundKeys[848] 0.1547 69.2308
allRoundKeys[847] 0.2877 73.6618
allRoundKeys[846] 0.1148 28.3972
allRoundKeys[845] 0.2093 64.8829
allRoundKeys[844] 0.168 48.3333
allRoundKeys[843] 0.1232 49.7159
allRoundKeys[842] 0.266 78.0263
allRoundKeys[841] 0.105 2.95238
allRoundKeys[840] 0.1512 16.2037
allRoundKeys[839] 0.1463 4.98975
allRoundKeys[838] 0.0882 43.2823
allRoundKeys[837] 0.1498 34.3458
allRoundKeys[836] 0.13405 42.4282
allRoundKeys[835] 0.1631 46.7811
allRoundKeys[834] 0.20545 32.1976
allRoundKeys[833] 0.1015 65.1724
allRoundKeys[832] 0.0133 0
allRoundKeys[831] 0.1148 51.2195
allRoundKeys[830] 0.0931 94.7368
allRoundKeys[829] 0.2758 39.7208
allRoundKeys[828] 0.0532 42.1053
allRoundKeys[827] 0.1463 51.9139
allRoundKeys[826] 0.1596 65.1316
allRoundKeys[825] 0.0399 61.4035
allRoundKeys[824] 0.1365 49.2308
allRoundKeys[823] 0.1498 9.81308
allRoundKeys[822] 0.3325 86
allRoundKeys[821] 0.4305 74.5528
allRoundKeys[820] 0.1197 83.6257
allRoundKeys[819] 0.1099 38.8535
allRoundKeys[818] 0.1946 58.6331
allRoundKeys[817] 0.0665 5.71429
allRoundKeys[816] 0.105 68.6667
allRoundKeys[815] 0.3157 37.2506
allRoundKeys[814] 0.1463 53.11
allRoundKeys[813] 0.2261 32.9721
allRoundKeys[812] 0.098 0
allRoundKeys[811] 0.2177 36.0129
allRoundKeys[810] 0.2212 79.9051
allRoundKeys[809] 0.4088 64.5548
allRoundKeys[808] 0.133 36.9549
allRoundKeys[807] 0.4704 80.9152
allRoundKeys[806] 0.1764 13.2653
allRoundKeys[805] 0.1316 61.1702
allRoundKeys[804] 0.3241 51.9438
allRoundKeys[803] 0.2527 33.241
allRoundKeys[802] 0.1365 67.1795
allRoundKeys[801] 0.2709 41.1222
allRoundKeys[800] 0.1631 62.6609
allRoundKeys[799] 0.168 16.25
allRoundKeys[798] 0.2261 10.6811
allRoundKeys[797] 0.1281 68.306
allRoundKeys[796] 0.1463 93.3014
allRoundKeys[795] 0.3059 42.3341
allRoundKeys[794] 0.0966 28.6232
allRoundKeys[793] 0.3108 48.0856
allRoundKeys[792] 0.098 32.8571
allRoundKeys[791] 0.0966 87.3188
allRoundKeys[790] 0.2611 29.4236
allRoundKeys[789] 0.1414 51.4851
allRoundKeys[788] 0.1729 82.996
allRoundKeys[787] 0.1232 27.8409
allRoundKeys[786] 0.098 35
allRoundKeys[785] 0.0966 93.4783
allRoundKeys[784] 0.1232 83.2386
allRoundKeys[783] 0.0882 77.7778
allRoundKeys[782] 0.0966 27.7174
allRoundKeys[781] 0.3241 67.6026
allRoundKeys[780] 0.1414 49.2574
allRoundKeys[779] 0.1099 15.9236
allRoundKeys[778] 0.1113 49.8428
allRoundKeys[777] 0.0966 67.029
allRoundKeys[776] 0.1197 79.5322
allRoundKeys[775] 0.0399 100
allRoundKeys[774] 0.0665 63.6842
allRoundKeys[773] 0.2842 80.5419
allRoundKeys[772] 0.3059 63.3867
allRoundKeys[771] 0.2828 40.9653
allRoundKeys[770] 0.2345 54.3284
allRoundKeys[769] 0.0882 72.2222
allRoundKeys[768] 0.266 51.4474
allRoundKeys[767] 0.1463 43.3014
allRoundKeys[766] 0.1197 80.9942
allRoundKeys[765] 0.2793 34.8371
allRoundKeys[764] 0.1477 85.545
allRoundKeys[763] 0.098 41.0714
allRoundKeys[762] 0.3038 57.8341
allRoundKeys[761] 0.2527 72.8532
allRoundKeys[760] 0.1148 70.5793
allRoundKeys[759] 0.1064 71.7105
allRoundKeys[758] 0.0399 75.4386
allRoundKeys[757] 0.098 0
allRoundKeys[756] 0.098 95.7143
allRoundKeys[755] 0.1365 39.4872
allRoundKeys[754] 0.1631 36.542
allRoundKeys[753] 0.3458 28.2389
allRoundKeys[752] 0.3423 71.3701
allRoundKeys[751] 0.1064 90.7895
allRoundKeys[750] 0.0966 50.7246
allRoundKeys[749] 0.133 20.2632
allRoundKeys[748] 0.1281 40.0273
allRoundKeys[747] 0.1015 36.2069
allRoundKeys[746] 0.1631 63.5193
allRoundKeys[745] 0.0532 0
allRoundKeys[744] 0.0133 0
allRoundKeys[743] 0.0266 67.1053
allRoundKeys[742] 0.1547 69.457
allRoundKeys[741] 0.2128 37.8289
allRoundKeys[740] 0.0966 33.3333
allRoundKeys[739] 0.2611 47.5201
allRoundKeys[738] 0.3108 40.8784
allRoundKeys[737] 0.2478 48.5876
allRoundKeys[736] 0.2975 57.6471
allRoundKeys[735] 0.0266 100
allRoundKeys[734] 0.1197 30.9942
allRoundKeys[733] 0.1645 50.6383
allRoundKeys[732] 0.2079 49.4709
allRoundKeys[731] 0.0266 100
allRoundKeys[730] 0.2079 70.3704
allRoundKeys[729] 0.0798 82.8947
allRoundKeys[728] 0.098 100
allRoundKeys[727] 0.2226 41.5094
allRoundKeys[726] 0.23205 31.3725
allRoundKeys[725] 0.0133 0
allRoundKeys[724] 0.1099 94.586
allRoundKeys[723] 0.133 1.57895
allRoundKeys[722] 0.0665 0
allRoundKeys[721] 0.1414 55.9406
allRoundKeys[720] 0.1197 1.16959
allRoundKeys[719] 0.1281 83.8798
allRoundKeys[718] 0.0665 43.1579
allRoundKeys[717] 0.4704 82.1057
allRoundKeys[716] 0.2842 74.3842
allRoundKeys[715] 0.3192 39.0899
allRoundKeys[714] 0.0266 0
allRoundKeys[713] 0.0966 92.3913
allRoundKeys[712] 0.098 75
allRoundKeys[711] 0.1512 71.7593
allRoundKeys[710] 0.0266 6.48496
allRoundKeys[709] 0.1764 65.2778
allRoundKeys[708] 0.3241 33.8013
allRoundKeys[707] 0.133 18.4211
allRoundKeys[706] 0.2758 39.0863
allRoundKeys[705] 0.0798 80.2632
allRoundKeys[704] 0.1729 8.40081
allRoundKeys[703] 0.1295 73.5135
allRoundKeys[702] 0.1344 75
allRoundKeys[701] 0.1183 87.574
allRoundKeys[700] 0.2429 56.268
allRoundKeys[699] 0.1239 45.7627
allRoundKeys[698] 0.2625 52.5429
allRoundKeys[697] 0.2394 71.345
allRoundKeys[696] 0.9905 39.682
allRoundKeys[695] 0.0532 100
allRoundKeys[694] 0.1799 31.1284
allRoundKeys[693] 0.1981 75.7951
allRoundKeys[692] 0.2107 42.1927
allRoundKeys[691] 0.336 57.1875
allRoundKeys[690] 0.14 58.5
allRoundKeys[689] 0.1729 27.1255
allRoundKeys[688] 0.0861 61.7886
allRoundKeys[687] 0.1113 60.3774
allRoundKeys[686] 0.1715 51.4286
allRoundKeys[685] 0.0266 0
allRoundKeys[684] 0.2541 49.2621
allRoundKeys[683] 0.1281 42.0765
allRoundKeys[682] 0.0133 47.3684
allRoundKeys[681] 0.2709 31.137
allRoundKeys[680] 0.2359 65.727
allRoundKeys[679] 0.3129 79.4183
allRoundKeys[678] 0.0665 70.5263
allRoundKeys[677] 0.1001 25.8741
allRoundKeys[676] 0.2275 57.3846
allRoundKeys[675] 0.1715 69.2857
allRoundKeys[674] 0.2758 15.1015
allRoundKeys[673] 0.0399 0
allRoundKeys[672] 0.3115 54.2135
allRoundKeys[671] 0.0931 0
allRoundKeys[670] 0.1113 56.1321
allRoundKeys[669] 0.3122 64.3498
allRoundKeys[668] 0.1232 40.625
allRoundKeys[667] 0.0882 32.3413
allRoundKeys[666] 0.098 75
allRoundKeys[665] 0.1015 53.1034
allRoundKeys[664] 0.1862 35.7143
allRoundKeys[663] 0.0966 12.6294
allRoundKeys[662] 0.1099 74.2038
allRoundKeys[661] 0.1232 78.125
allRoundKeys[660] 0.1463 83.2536
allRoundKeys[659] 0.1099 24.5223
allRoundKeys[658] 0.2345 51.0448
allRoundKeys[657] 0.4452 68.1211
allRoundKeys[656] 0.0966 76.087
allRoundKeys[655] 0.30485 21.3548
allRoundKeys[654] 0.0266 53.9474
allRoundKeys[653] 0.3339 79.2453
allRoundKeys[652] 0.0399 73.6842
allRoundKeys[651] 0.133 0
allRoundKeys[650] 0.0882 64.6825
allRoundKeys[649] 0.1015 67.931
allRoundKeys[648] 0.1946 68.705
allRoundKeys[647] 0.0882 83.3333
allRoundKeys[646] 0.098 77.5
allRoundKeys[645] 0.1596 37.9386
allRoundKeys[644] 0.0966 61.9565
allRoundKeys[643] 0.1414 68.8119
allRoundKeys[642] 0.1183 4.73373
allRoundKeys[641] 0.0665 74.7368
allRoundKeys[640] 0.1379 71.5736
allRoundKeys[639] 0.1225 56
allRoundKeys[638] 0.0133 100
allRoundKeys[637] 0.3108 54.5045
allRoundKeys[636] 0.1463 56.9378
allRoundKeys[635] 0.301 65
allRoundKeys[634] 0.1533 0
allRoundKeys[633] 0.1197 22.5146
allRoundKeys[632] 0.2079 65.8249
allRoundKeys[631] 0.0133 100
allRoundKeys[630] 0.3269 79.015
allRoundKeys[629] 0.105 30
allRoundKeys[628] 0.0868 14.1129
allRoundKeys[627] 0.0532 22.3684
allRoundKeys[626] 0.1827 42.5287
allRoundKeys[625] 0.1876 87.1269
allRoundKeys[624] 0.2198 83.4395
allRoundKeys[623] 0.3871 76.1302
allRoundKeys[622] 0.4704 92.7083
allRoundKeys[621] 0.1778 75.3937
allRoundKeys[620] 0.1092 0
allRoundKeys[619] 0.1211 0
allRoundKeys[618] 0.0399 100
allRoundKeys[617] 0.1428 84.0686
allRoundKeys[616] 0.1092 82.0513
allRoundKeys[615] 0.0665 81.5789
allRoundKeys[614] 0.0784 68.75
allRoundKeys[613] 0.1001 83.9161
allRoundKeys[612] 0.3206 48.7445
allRoundKeys[611] 0.315 58.3333
allRoundKeys[610] 0.105 67.3333
allRoundKeys[609] 0.0868 78.2258
allRoundKeys[608] 0.1778 76.5748
allRoundKeys[607] 0.1064 14.4737
allRoundKeys[606] 0.2261 76.161
allRoundKeys[605] 0.0882 77.7778
allRoundKeys[604] 0.1316 53.9894
allRoundKeys[603] 0.1813 24.7104
allRoundKeys[602] 0.329 56.6717
allRoundKeys[601] 0.1099 57.9618
allRoundKeys[600] 0.1582 78.3186
allRoundKeys[599] 0.1197 62.8655
allRoundKeys[598] 0.0532 76.3158
allRoundKeys[597] 0.3955 66.7257
allRoundKeys[596] 0.2429 69.8847
allRoundKeys[595] 0.0133 0
allRoundKeys[594] 0.1197 67.2515
allRoundKeys[593] 0.2212 52.5316
allRoundKeys[592] 0.1365 85.641
allRoundKeys[591] 0.133 70
allRoundKeys[590] 0.1064 59.8684
allRoundKeys[589] 0.0399 71.0526
allRoundKeys[588] 0.0532 74.3421
allRoundKeys[587] 0.5327 66.7543
allRoundKeys[586] 0.0665 70.5263
allRoundKeys[585] 0.2128 28.2072
allRoundKeys[584] 0.1064 69.7368
allRoundKeys[583] 0.2611 21.5147
allRoundKeys[582] 0.1596 64.0351
allRoundKeys[581] 0.1862 74.812
allRoundKeys[580] 0.1099 42.0155
allRoundKeys[579] 0.0665 52.1053
allRoundKeys[578] 0.0532 44.7368
allRoundKeys[577] 0.5481 57.9183
allRoundKeys[576] 0.098 27.5
allRoundKeys[575] 0.1862 0.93985
allRoundKeys[574] 0.2331 51.6517
allRoundKeys[573] 0.1533 7.17547
allRoundKeys[572] 0.2541 68.595
allRoundKeys[571] 0.3255 64.086
allRoundKeys[570] 0.3493 73.3467
allRoundKeys[569] 0.1085 90.9677
allRoundKeys[568] 0.4004 93.8811
allRoundKeys[567] 0.238 63.8235
allRoundKeys[566] 0.2989 67.5644
allRoundKeys[565] 0.1267 88.3978
allRoundKeys[564] 0.1729 64.2713
allRoundKeys[563] 0.1001 85.3147
allRoundKeys[562] 0.0133 0
allRoundKeys[561] 0.1491 86.8545
allRoundKeys[560] 0.2905 68.9157
allRoundKeys[559] 0.2093 58.8629
allRoundKeys[558] 0.2429 64.5533
allRoundKeys[557] 0.15505 71.5576
allRoundKeys[556] 0.0665 70.5263
allRoundKeys[555] 0.1358 57.327
allRoundKeys[554] 0.1533 57.7626
allRoundKeys[553] 0.3227 0.21692
allRoundKeys[552] 0.1512 78.2407
allRoundKeys[551] 0.7259 63.5969
allRoundKeys[550] 0.1981 82.6855
allRoundKeys[549] 0.1666 77.9412
allRoundKeys[548] 0.1729 68.8259
allRoundKeys[547] 0.175 24
allRoundKeys[546] 0.203 57.7586
allRoundKeys[545] 0.1708 56.3525
allRoundKeys[544] 0.1645 41.7021
allRoundKeys[543] 0.098 45.7143
allRoundKeys[542] 0.3255 78.9247
allRoundKeys[541] 0.3759 22.2533
allRoundKeys[540] 0.0532 55.9211
allRoundKeys[539] 0.0133 81.5789
allRoundKeys[538] 0.0784 71.875
allRoundKeys[537] 0.2597 69.0027
allRoundKeys[536] 0.133 81.5789
allRoundKeys[535] 0.2646 53.836
allRoundKeys[534] 0.5537 82.1745
allRoundKeys[533] 0.15085 42.9234
allRoundKeys[532] 0.3255 52.9032
allRoundKeys[531] 0.1358 74.7423
allRoundKeys[530] 0.1624 12.069
allRoundKeys[529] 0.1064 57.5658
allRoundKeys[528] 0.5719 77.9682
allRoundKeys[527] 0.1211 77.7457
allRoundKeys[526] 0.1134 82.716
allRoundKeys[525] 0.3787 79.6673
allRoundKeys[524] 0.0784 68.75
allRoundKeys[523] 0.0784 43.75
allRoundKeys[522] 0.1981 95.2297
allRoundKeys[521] 0.2975 53.5882
allRoundKeys[520] 0.2842 35.3448
allRoundKeys[519] 0.2961 36.643
allRoundKeys[518] 0.3094 31.9005
allRoundKeys[517] 0.2674 45.6806
allRoundKeys[516] 0.2408 67.8779
allRoundKeys[515] 0.1428 10.5392
allRoundKeys[514] 0.0399 0
allRoundKeys[513] 0.1064 83.8816
allRoundKeys[512] 0.2646 49.8677
allRoundKeys[511] 0.1778 35.8268
allRoundKeys[510] 0.3423 84.2536
allRoundKeys[509] 0.2492 77.809
allRoundKeys[508] 0.2331 49.5495
allRoundKeys[507] 0.3899 72.711
allRoundKeys[506] 0.2093 47.9097
allRoundKeys[505] 0.1267 45.3039
allRoundKeys[504] 0.0861 77.2358
allRoundKeys[503] 0.1113 86.7925
allRoundKeys[502] 0.1533 69.863
allRoundKeys[501] 0.2093 11.0368
allRoundKeys[500] 0.2261 32.0433
allRoundKeys[499] 0.1666 61.9748
allRoundKeys[498] 0.1064 57.5658
allRoundKeys[497] 0.14 50.25
allRoundKeys[496] 0.0917 100
allRoundKeys[495] 0.1764 44.6429
allRoundKeys[494] 0.0133 15.7895
allRoundKeys[493] 0.3227 81.7787
allRoundKeys[492] 0.14 73
allRoundKeys[491] 0.2261 48.9164
allRoundKeys[490] 0.196 24.4643
allRoundKeys[489] 0.1134 72.9938
allRoundKeys[488] 0.4382 81.3099
allRoundKeys[487] 0.1295 26.4865
allRoundKeys[486] 0.2408 39.6076
allRoundKeys[485] 0.2219 77.2871
allRoundKeys[484] 0.14 61.25
allRoundKeys[483] 0.1113 54.8742
allRoundKeys[482] 0.1827 33.7165
allRoundKeys[481] 0.2212 41.2975
allRoundKeys[480] 0.1743 28.7149
allRoundKeys[479] 0.2093 28.8939
allRoundKeys[478] 0.1106 56.962
allRoundKeys[477] 0.1113 66.0377
allRoundKeys[476] 0.17045 58.3162
allRoundKeys[475] 0.0868 49.9136
allRoundKeys[474] 0.1799 28.0156
allRoundKeys[473] 0.2359 76.8546
allRoundKeys[472] 0.0266 63.1579
allRoundKeys[471] 0.3976 57.5704
allRoundKeys[470] 0.1645 11.8085
allRoundKeys[469] 0.3906 20.0717
allRoundKeys[468] 0.098 93.5714
allRoundKeys[467] 0.2492 48.6356
allRoundKeys[466] 0.1001 11.1888
allRoundKeys[465] 0.1799 64.5914
allRoundKeys[464] 0.1582 35.5088
allRoundKeys[463] 0.0868 88.7097
allRoundKeys[462] 0.27965 17.209
allRoundKeys[461] 0.1694 33.0579
allRoundKeys[460] 0.1134 69.1358
allRoundKeys[459] 0.4053 56.6494
allRoundKeys[458] 0.0868 66.5323
allRoundKeys[457] 0.1379 84.7716
allRoundKeys[456] 0.30345 77.624
allRoundKeys[455] 0.1498 67.5234
allRoundKeys[454] 0.3276 3.20513
allRoundKeys[453] 0.2688 58.4635
allRoundKeys[452] 0.238 24.1912
allRoundKeys[451] 0.14 30.1429
allRoundKeys[450] 0.3542 57.3123
allRoundKeys[449] 0.3353 80.2714
allRoundKeys[448] 0.1729 29.3522
allRoundKeys[447] 0.1596 42.9825
allRoundKeys[446] 0.4872 60.7759
allRoundKeys[445] 0.2163 78.3172
allRoundKeys[444] 0.1533 61.6438
allRoundKeys[443] 0.1533 61.5297
allRoundKeys[442] 0.133 57.1053
allRoundKeys[441] 0.0784 87.5
allRoundKeys[440] 0.1001 59.0909
allRoundKeys[439] 0.1379 54.0609
allRoundKeys[438] 0.0665 66.3158
allRoundKeys[437] 0.0399 0
allRoundKeys[436] 0.1162 93.9759
allRoundKeys[435] 0.3486 63.5542
allRoundKeys[434] 0.2177 15.1125
allRoundKeys[433] 0.1666 0
allRoundKeys[432] 0.1113 16.3522
allRoundKeys[431] 0.2093 69.5652
allRoundKeys[430] 0.1981 13.9576
allRoundKeys[429] 0.2065 60
allRoundKeys[428] 0.2212 71.1799
allRoundKeys[427] 0.2275 53.4615
allRoundKeys[426] 0.1848 79.1667
allRoundKeys[425] 0.098 67.5
allRoundKeys[424] 0.2247 56.6978
allRoundKeys[423] 0.2961 63.5934
allRoundKeys[422] 0.2359 63.6499
allRoundKeys[421] 0.1694 1.63813
allRoundKeys[420] 0.1463 36.8421
allRoundKeys[419] 0.1505 35.2326
allRoundKeys[418] 0.2093 81.2709
allRoundKeys[417] 0.4284 78.5948
allRoundKeys[416] 0.2275 50.9231
allRoundKeys[415] 0.1225 58
allRoundKeys[414] 0.1561 32.9596
allRoundKeys[413] 0.2562 78.9617
allRoundKeys[412] 0.1533 38.9269
allRoundKeys[411] 0.1764 76.3889
allRoundKeys[410] 0.3143 42.0935
allRoundKeys[409] 0.1428 86.7647
allRoundKeys[408] 0.2226 78.6164
allRoundKeys[407] 0.2744 68.5769
allRoundKeys[406] 0.2114 50.3311
allRoundKeys[405] 0.1316 42.5532
allRoundKeys[404] 0.2093 53.8462
allRoundKeys[403] 0.1239 44.6328
allRoundKeys[402] 0.105 46.6667
allRoundKeys[401] 0.1134 56.7901
allRoundKeys[400] 0.3423 77.5051
allRoundKeys[399] 0.0784 45.5357
allRoundKeys[398] 0.1687 54.2531
allRoundKeys[397] 0.35 84.5
allRoundKeys[396] 0.1155 71.3636
allRoundKeys[395] 0.1197 69.2982
allRoundKeys[394] 0.0784 0
allRoundKeys[393] 0.3339 57.5022
allRoundKeys[392] 0.2625 24.2667
allRoundKeys[391] 0.3122 82.7354
allRoundKeys[390] 0.2065 19.4068
allRoundKeys[389] 0.0952 72.0588
allRoundKeys[388] 0.2275 40.3077
allRoundKeys[387] 0.1295 84.8649
allRoundKeys[386] 0.2807 2.86783
allRoundKeys[385] 0.1351 81.8653
allRoundKeys[384] 0.1246 72.4719
allRoundKeys[383] 0.2443 71.0602
allRoundKeys[382] 0.1064 19.4079
allRoundKeys[381] 0.0532 0
allRoundKeys[380] 0.3199 66.6302
allRoundKeys[379] 0.1715 15.5102
allRoundKeys[378] 0.1414 79.4554
allRoundKeys[377] 0.133 85
allRoundKeys[376] 0.2345 13.2836
allRoundKeys[375] 0.1379 96.4467
allRoundKeys[374] 0.0133 0
allRoundKeys[373] 0.2177 65.2733
allRoundKeys[372] 0.2079 42.9293
allRoundKeys[371] 0.2212 38.1329
allRoundKeys[370] 0.23695 29.6793
allRoundKeys[369] 0.098 80
allRoundKeys[368] 0.0882 88.8889
allRoundKeys[367] 0.1197 69.2982
allRoundKeys[366] 0.1498 52.6869
allRoundKeys[365] 0.1862 57.8947
allRoundKeys[364] 0.2296 73.4756
allRoundKeys[363] 0.1715 21.6327
allRoundKeys[362] 0.4039 64.3414
allRoundKeys[361] 0.1232 65.9091
allRoundKeys[360] 0.2226 83.4906
allRoundKeys[359] 0.1848 1.89394
allRoundKeys[358] 0.2877 22.2628
allRoundKeys[357] 0.098 85
allRoundKeys[356] 0.1232 43.75
allRoundKeys[355] 0.0266 0
allRoundKeys[354] 0.0266 0
allRoundKeys[353] 0.1148 68.9024
allRoundKeys[352] 0.1365 25.3846
allRoundKeys[351] 0.1218 18.1034
allRoundKeys[350] 0.1463 35.0478
allRoundKeys[349] 0.392 67.8571
allRoundKeys[348] 0.1372 27.6786
allRoundKeys[347] 0.1533 33.9204
allRoundKeys[346] 0.1561 0
allRoundKeys[345] 0.4788 68.1287
allRoundKeys[344] 0.4067 80.5508
allRoundKeys[343] 0.6202 88.9391
allRoundKeys[342] 0.3038 55.2995
allRoundKeys[341] 0.2093 73.7458
allRoundKeys[340] 0.1575 74.6667
allRoundKeys[339] 0.3402 33.8477
allRoundKeys[338] 0.1722 52.2358
allRoundKeys[337] 0.3906 69.2652
allRoundKeys[336] 0.3024 66.8981
allRoundKeys[335] 0.1064 92.7632
allRoundKeys[334] 0.13545 29.845
allRoundKeys[333] 0.3157 73.3925
allRoundKeys[332] 0.0784 4.46429
allRoundKeys[331] 0.1848 23.8636
allRoundKeys[330] 0.1596 55.9211
allRoundKeys[329] 0.4172 58.7128
allRoundKeys[328] 0.1428 0
allRoundKeys[327] 0.2527 88.3657
allRoundKeys[326] 0.1848 10.6061
allRoundKeys[325] 0.2429 63.8329
allRoundKeys[324] 0.3444 20.4268
allRoundKeys[323] 0.4739 61.6691
allRoundKeys[322] 0.3626 42.5193
allRoundKeys[321] 0.1883 71.3755
allRoundKeys[320] 0.4305 76.0976
allRoundKeys[319] 0.2961 77.896
allRoundKeys[318] 0.1533 51.5982
allRoundKeys[317] 0.6545 83.1551
allRoundKeys[316] 0.413 0.617433
allRoundKeys[315] 0.1897 80.9963
allRoundKeys[314] 0.1869 35.3933
allRoundKeys[313] 0.133 75.2632
allRoundKeys[312] 0.3605 64.1748
allRoundKeys[311] 0.532 63.8816
allRoundKeys[310] 0.2065 61.6949
allRoundKeys[309] 0.5999 74.9417
allRoundKeys[308] 0.1533 67.3516
allRoundKeys[307] 0.2821 71.464
allRoundKeys[306] 0.1029 11.9048
allRoundKeys[305] 0.2275 51.5385
allRoundKeys[304] 0.392 56.2946
allRoundKeys[303] 0.1463 86.3636
allRoundKeys[302] 0.4319 59.8865
allRoundKeys[301] 0.098 70
allRoundKeys[300] 0.2009 71.8641
allRoundKeys[299] 0.0266 0
allRoundKeys[298] 0.2744 55.102
allRoundKeys[297] 0.105 35.6667
allRoundKeys[296] 0.0665 54.2105
allRoundKeys[295] 0.1351 43.5233
allRoundKeys[294] 0.1554 65.3153
allRoundKeys[293] 0.2114 59.9338
allRoundKeys[292] 0.6783 45.485
allRoundKeys[291] 0.532 37.2697
allRoundKeys[290] 0.3857 78.1307
allRoundKeys[289] 0.0763 8.78113
allRoundKeys[288] 0.3409 56.0575
allRoundKeys[287] 0.2345 39.9254
allRoundKeys[286] 0.2506 92.1788
allRoundKeys[285] 0.1316 56.117
allRoundKeys[284] 0.16065 45.7516
allRoundKeys[283] 0.14735 52.9691
allRoundKeys[282] 0.1232 17.8977
allRoundKeys[281] 0.2625 47.5143
allRoundKeys[280] 0.3108 56.5315
allRoundKeys[279] 0.4438 78.47
allRoundKeys[278] 0.1596 49.1228
allRoundKeys[277] 0.2177 79.7428
allRoundKeys[276] 0.1463 40.1914
allRoundKeys[275] 0.1946 46.7626
allRoundKeys[274] 0.1596 60.307
allRoundKeys[273] 0.0966 77.1739
allRoundKeys[272] 0.1463 0
allRoundKeys[271] 0.3059 88.7872
allRoundKeys[270] 0.1197 79.5322
allRoundKeys[269] 0.1148 59.1463
allRoundKeys[268] 0.1946 23.5612
allRoundKeys[267] 0.1477 46.2085
allRoundKeys[266] 0.0798 69.7368
allRoundKeys[265] 0.2842 38.1773
allRoundKeys[264] 0.6615 65.8201
allRoundKeys[263] 0.133 77.8947
allRoundKeys[262] 0.1281 68.9891
allRoundKeys[261] 0.133 7.23684
allRoundKeys[260] 0.0399 50.8772
allRoundKeys[259] 0.0798 0
allRoundKeys[258] 0.1498 39.0187
allRoundKeys[257] 0.2877 30.7786
allRoundKeys[256] 0.0266 36.8421
allRoundKeys[255] 0.1946 33.6331
allRoundKeys[254] 0.1001 73.4266
allRoundKeys[253] 0.1463 10.7656
allRoundKeys[252] 0.0399 87.7193
allRoundKeys[251] 0.2226 66.0377
allRoundKeys[250] 0.0399 57.0175
allRoundKeys[249] 0.119 67.0588
allRoundKeys[248] 0.3423 89.2638
allRoundKeys[247] 0.3906 46.0573
allRoundKeys[246] 0.1764 80.5556
allRoundKeys[245] 0.1533 48.6301
allRoundKeys[244] 0.1113 70.9119
allRoundKeys[243] 0.0399 75.4386
allRoundKeys[242] 0.1225 80.8571
allRoundKeys[241] 0.0532 77.6316
allRoundKeys[240] 0.1113 66.0377
allRoundKeys[239] 0.595 72.1176
allRoundKeys[238] 0.1267 50
allRoundKeys[237] 0.0868 45.1613
allRoundKeys[236] 0.0497 79.5775
allRoundKeys[235] 0.3171 73.7307
allRoundKeys[234] 0.098 17.5
allRoundKeys[233] 0.427 40.4098
allRoundKeys[232] 0.3808 69.6691
allRoundKeys[231] 0.294 65.2381
allRoundKeys[230] 0.2093 88.2943
allRoundKeys[229] 0.336 63.6458
allRoundKeys[228] 0.1267 12.2928
allRoundKeys[227] 0.1057 68.8742
allRoundKeys[226] 0.1512 51.8519
allRoundKeys[225] 0.1267 34.8066
allRoundKeys[224] 0.2793 35.0877
allRoundKeys[223] 0.2513 32.312
allRoundKeys[222] 0.3556 63.5335
allRoundKeys[221] 0.105 29.1667
allRoundKeys[220] 0.2135 53.1148
allRoundKeys[219] 0.238 62.7941
allRoundKeys[218] 0.1316 56.383
allRoundKeys[217] 0.294 48.3333
allRoundKeys[216] 0.1932 87.3188
allRoundKeys[215] 0.1561 75.5605
allRoundKeys[214] 0.098 95
allRoundKeys[213] 0.3143 46.4365
allRoundKeys[212] 0.2296 70.4268
allRoundKeys[211] 0.0868 48.7903
allRoundKeys[210] 0.2695 63.7662
allRoundKeys[209] 0.105 62.6667
allRoundKeys[208] 0.14 73
allRoundKeys[207] 0.1533 78.5388
allRoundKeys[206] 0.1666 44.6429
allRoundKeys[205] 0.1267 59.6685
allRoundKeys[204] 0.1211 87.8613
allRoundKeys[203] 0.1512 44.5602
allRoundKeys[202] 0.133 35.3759
allRoundKeys[201] 0.1827 46.6475
allRoundKeys[200] 0.1666 36.7647
allRoundKeys[199] 0.133 55.2632
allRoundKeys[198] 0.1645 18.5106
allRoundKeys[197] 0.1869 58.0524
allRoundKeys[196] 0.1218 62.931
allRoundKeys[195] 0.1218 77.8736
allRoundKeys[194] 0.2247 57.6324
allRoundKeys[193] 0.1827 64.751
allRoundKeys[192] 0.3787 65.8965
allRoundKeys[191] 0.0966 9.42029
allRoundKeys[190] 0.1463 25.8373
allRoundKeys[189] 0.1946 0
allRoundKeys[188] 0.0798 62.7193
allRoundKeys[187] 0.2611 45.8445
allRoundKeys[186] 0.2226 49.7529
allRoundKeys[185] 0.0399 0
allRoundKeys[184] 0.0665 0
allRoundKeys[183] 0.0532 88.1579
allRoundKeys[182] 0.3507 62.5749
allRoundKeys[181] 0.1197 25.731
allRoundKeys[180] 0.1946 45.3237
allRoundKeys[179] 0.1232 31.8182
allRoundKeys[178] 0.1764 61.7063
allRoundKeys[177] 0.37975 69.1244
allRoundKeys[176] 0.2093 17.3913
allRoundKeys[175] 0.1246 96.0674
allRoundKeys[174] 0.0532 0
allRoundKeys[173] 0.1148 27.439
allRoundKeys[172] 0.0931 43.2331
allRoundKeys[171] 0.105 51.3333
allRoundKeys[170] 0.3024 87.8472
allRoundKeys[169] 0.1365 46.1538
allRoundKeys[168] 0.0882 73.0159
allRoundKeys[167] 0.315 83.4444
allRoundKeys[166] 0.0532 0
allRoundKeys[165] 0.1596 68.8596
allRoundKeys[164] 0.1547 63.8009
allRoundKeys[163] 0.133 63.1579
allRoundKeys[162] 0.1596 72.4781
allRoundKeys[161] 0.0798 83.7719
allRoundKeys[160] 0.1862 92.1053
allRoundKeys[159] 0.2674 30.3665
allRoundKeys[158] 0.1001 85.3147
allRoundKeys[157] 0.203 80.3448
allRoundKeys[156] 0.1694 76.8595
allRoundKeys[155] 0.098 45
allRoundKeys[154] 0.1799 29.9611
allRoundKeys[153] 0.1092 90.3846
allRoundKeys[152] 0.6762 64.6222
allRoundKeys[151] 0.1344 81.5104
allRoundKeys[150] 0.51415 74.5405
allRoundKeys[149] 0.2926 46.4115
allRoundKeys[148] 0.1498 67.2897
allRoundKeys[147] 0.1715 81.0204
allRoundKeys[146] 0.1113 77.3585
allRoundKeys[145] 0.1694 57.2314
allRoundKeys[144] 0.1225 55.7143
allRoundKeys[143] 0.3003 77.6057
allRoundKeys[142] 0.0784 73.2143
allRoundKeys[141] 0.0399 0
allRoundKeys[140] 0.2408 65.407
allRoundKeys[139] 0.0917 42.7481
allRoundKeys[138] 0.1862 58.0827
allRoundKeys[137] 0.0784 100
allRoundKeys[136] 0.0868 73.7903
allRoundKeys[135] 0.2842 83.2512
allRoundKeys[134] 0.1134 14.5062
allRoundKeys[133] 0.1372 55.3571
allRoundKeys[132] 0.1743 60.0402
allRoundKeys[131] 0.3738 36.3764
allRoundKeys[130] 0.0798 0
allRoundKeys[129] 0.203 0
allRoundKeys[128] 0.2527 56.5097
allRoundKeys[127] 0.2478 80.226
allRoundKeys[126] 0.2842 62.6847
allRoundKeys[125] 0.1148 51.2195
allRoundKeys[124] 0.2345 65.0746
allRoundKeys[123] 0.2891 37.6513
allRoundKeys[122] 0.1463 48.5646
allRoundKeys[121] 0.2093 40.4682
allRoundKeys[120] 0.1862 84.7744
allRoundKeys[119] 0.0133 100
allRoundKeys[118] 0.1148 20.4268
allRoundKeys[117] 0.2709 63.8243
allRoundKeys[116] 0.2443 54.4413
allRoundKeys[115] 0.1365 26.5201
allRoundKeys[114] 0.0882 50
allRoundKeys[113] 0.3423 57.5665
allRoundKeys[112] 0.2975 36.3529
allRoundKeys[111] 0.1232 69.0341
allRoundKeys[110] 0.2079 83.5017
allRoundKeys[109] 0.133 85.2632
allRoundKeys[108] 0.2828 50
allRoundKeys[107] 0.3472 56.5524
allRoundKeys[106] 0.0133 0
allRoundKeys[105] 0.27965 21.9024
allRoundKeys[104] 0.3059 20.4233
allRoundKeys[103] 0.1064 64.4737
allRoundKeys[102] 0.2261 64.9381
allRoundKeys[101] 0.1414 28.8366
allRoundKeys[100] 0.2625 86.9333
allRoundKeys[99] 0.231 53.5606
allRoundKeys[98] 0.3423 8.38446
allRoundKeys[97] 0.3241 80.1296
allRoundKeys[96] 0.2212 75.1582
allRoundKeys[95] 0.2828 53.5891
allRoundKeys[94] 0.0133 0
allRoundKeys[93] 0.1197 21.6374
allRoundKeys[92] 0.1743 77.3092
allRoundKeys[91] 0.2555 25.8023
allRoundKeys[90] 0.1379 74.4924
allRoundKeys[89] 0.2744 62.6822
allRoundKeys[88] 0.3073 59.5672
allRoundKeys[87] 0.2219 79.0221
allRoundKeys[86] 0.406 73.9655
allRoundKeys[85] 0.1267 10.221
allRoundKeys[84] 0.1449 52.657
allRoundKeys[83] 0.1428 58.3333
allRoundKeys[82] 0.0917 40.2672
allRoundKeys[81] 0.1358 78.3505
allRoundKeys[80] 0.0763 67.8899
allRoundKeys[79] 0.1134 83.3333
allRoundKeys[78] 0.14 75.25
allRoundKeys[77] 0.2408 42.1512
allRoundKeys[76] 0.6034 47.3318
allRoundKeys[75] 0.119 53.5294
allRoundKeys[74] 0.24185 73.0825
allRoundKeys[73] 0.1764 44.6429
allRoundKeys[72] 0.1799 31.5175
allRoundKeys[71] 0.18655 79.6435
allRoundKeys[70] 0.294 73.5714
allRoundKeys[69] 0.2793 66.6667
allRoundKeys[68] 0.3024 8.10185
allRoundKeys[67] 0.1764 47.8175
allRoundKeys[66] 0.1799 36.5759
allRoundKeys[65] 0.175 0
allRoundKeys[64] 0.2814 64.5522
allRoundKeys[63] 0.2562 38.6612
allRoundKeys[62] 0.10325 2.37288
allRoundKeys[61] 0.2079 68.3502
allRoundKeys[60] 0.1197 51.462
allRoundKeys[59] 0.0882 50.7937
allRoundKeys[58] 0.098 70
allRoundKeys[57] 0.0882 65.4762
allRoundKeys[56] 0.1414 46.9059
allRoundKeys[55] 0.1449 93.2367
allRoundKeys[54] 0.0399 100
allRoundKeys[53] 0.2758 60.533
allRoundKeys[52] 0.0798 72.807
allRoundKeys[51] 0.3423 65.5419
allRoundKeys[50] 0.2975 42.3697
allRoundKeys[49] 0.1099 75.4777
allRoundKeys[48] 0.3738 26.4981
allRoundKeys[47] 0.4053 73.7849
allRoundKeys[46] 0.3234 54.2208
allRoundKeys[45] 0.1995 42.6316
allRoundKeys[44] 0.0133 100
allRoundKeys[43] 0.0266 0
allRoundKeys[42] 0.0665 70.5263
allRoundKeys[41] 0.0532 63.1579
allRoundKeys[40] 0.1631 38.7646
allRoundKeys[39] 0.2093 70.7358
allRoundKeys[38] 0.1232 65.9091
allRoundKeys[37] 0.2926 86.244
allRoundKeys[36] 0.1862 49.4361
allRoundKeys[35] 0.1246 12.3796
allRoundKeys[34] 0.098 65
allRoundKeys[33] 0.4571 40.5054
allRoundKeys[32] 0.1463 76.555
allRoundKeys[31] 0.1134 0
allRoundKeys[30] 0.2219 79.3375
allRoundKeys[29] 0.203 55.5172
allRoundKeys[28] 0.203 68.3621
allRoundKeys[27] 0.1183 35.503
allRoundKeys[26] 0.0266 53.9474
allRoundKeys[25] 0.2163 85.7605
allRoundKeys[24] 0.3108 55.6306
allRoundKeys[23] 0.1141 91.411
allRoundKeys[22] 0.1897 63.2841
allRoundKeys[21] 0.1267 74.0331
allRoundKeys[20] 0.1267 59.3923
allRoundKeys[19] 0.1729 48.1781
allRoundKeys[18] 0.2695 63.1169
allRoundKeys[17] 0.2541 43.1425
allRoundKeys[16] 0.203 83.1034
allRoundKeys[15] 0.1449 96.6184
allRoundKeys[14] 0.161 78.2609
allRoundKeys[13] 0.2331 65.0901
allRoundKeys[12] 0.0868 56.0484
allRoundKeys[11] 0.2177 71.3826
allRoundKeys[10] 0.0763 35.7798
allRoundKeys[9] 0.0532 61.1842
allRoundKeys[8] 0.2226 24.8428
allRoundKeys[7] 0.1113 74.8428
allRoundKeys[6] 0.1533 39.2694
allRoundKeys[5] 0.2128 86.1842
allRoundKeys[4] 0.0868 57.6613
allRoundKeys[3] 0.1372 44.0051
allRoundKeys[2] 0.3073 60.4784
allRoundKeys[1] 0.1491 9.85915
allRoundKeys[0] 0.3437 42.4644
