###############################################################
#  Generated by:      Cadence Innovus 18.13-s088_1
#  OS:                Linux x86_64(Host ID hansolo.poly.edu)
#  Generated on:      Fri Mar  4 03:05:17 2022
#  Design:            sparx_cipher
#  Command:           check_pin_assignment
###############################################################

Start Checking pins of top cell: [sparx_cipher] 
Summary report for top level: [sparx_cipher] 
	Total Pins                         : 392
	Legally Assigned Pins              : 392
End of Summary report
End Checking pins of top cell: [sparx_cipher] 


==============================================================================================================================
                                                  checkPinAssignment Summary
==============================================================================================================================
Partition      | pads  | pins   | legal  | illegal | internal | internal illegal | FT     | FT illegal | constant | unplaced |
==============================================================================================================================
sparx_cipher   |     0 |    392 |    392 |       0 |        0 |                0 |      0 |          0 |        0 |        0 |
==============================================================================================================================
TOTAL          |     0 |    392 |    392 |       0 |        0 |                0 |      0 |          0 |        0 |        0 |
==============================================================================================================================
