================================================================================
                            Verification Report
--------------------------------------------------------------------------------
Category                                                                  Count
--------------------------------------------------------------------------------
1. Non-standard modeling options used:                                      0
--------------------------------------------------------------------------------
2. Incomplete verification:                                                 0
--------------------------------------------------------------------------------
3. User modification to design:                                             0
--------------------------------------------------------------------------------
4. Conformal Constraint Designer clock domain crossing checks recommended:  0
--------------------------------------------------------------------------------
5. Design ambiguity:                                                        0
--------------------------------------------------------------------------------
6. Compare Results:                                                        PASS
================================================================================

Mapping and compare statistics
================================================================================
                     Compare Result       Golden            Revised
--------------------------------------------------------------------------------
Root module name                          top               top               

Primary inputs                               133                133
   Mapped                                    133                133

Primary outputs                              131                131
   Mapped                                    131                131
      Equivalent                131

State key points                             339                339
   Mapped                                    339                339
      Equivalent                339
================================================================================

There is no unmapped point

Compared points are: Equivalent
  (G) + 134   PO   /data_out[127]
  (R) + 134   PO   /data_out[127]

Compared points are: Equivalent
  (G) + 135   PO   /data_out[126]
  (R) + 135   PO   /data_out[126]

Compared points are: Equivalent
  (G) + 136   PO   /data_out[125]
  (R) + 136   PO   /data_out[125]

Compared points are: Equivalent
  (G) + 137   PO   /data_out[124]
  (R) + 137   PO   /data_out[124]

Compared points are: Equivalent
  (G) + 138   PO   /data_out[123]
  (R) + 138   PO   /data_out[123]

Compared points are: Equivalent
  (G) + 139   PO   /data_out[122]
  (R) + 139   PO   /data_out[122]

Compared points are: Equivalent
  (G) + 140   PO   /data_out[121]
  (R) + 140   PO   /data_out[121]

Compared points are: Equivalent
  (G) + 141   PO   /data_out[120]
  (R) + 141   PO   /data_out[120]

Compared points are: Equivalent
  (G) + 142   PO   /data_out[119]
  (R) + 142   PO   /data_out[119]

Compared points are: Equivalent
  (G) + 143   PO   /data_out[118]
  (R) + 143   PO   /data_out[118]

Compared points are: Equivalent
  (G) + 144   PO   /data_out[117]
  (R) + 144   PO   /data_out[117]

Compared points are: Equivalent
  (G) + 145   PO   /data_out[116]
  (R) + 145   PO   /data_out[116]

Compared points are: Equivalent
  (G) + 146   PO   /data_out[115]
  (R) + 146   PO   /data_out[115]

Compared points are: Equivalent
  (G) + 147   PO   /data_out[114]
  (R) + 147   PO   /data_out[114]

Compared points are: Equivalent
  (G) + 148   PO   /data_out[113]
  (R) + 148   PO   /data_out[113]

Compared points are: Equivalent
  (G) + 149   PO   /data_out[112]
  (R) + 149   PO   /data_out[112]

Compared points are: Equivalent
  (G) + 150   PO   /data_out[111]
  (R) + 150   PO   /data_out[111]

Compared points are: Equivalent
  (G) + 151   PO   /data_out[110]
  (R) + 151   PO   /data_out[110]

Compared points are: Equivalent
  (G) + 152   PO   /data_out[109]
  (R) + 152   PO   /data_out[109]

Compared points are: Equivalent
  (G) + 153   PO   /data_out[108]
  (R) + 153   PO   /data_out[108]

Compared points are: Equivalent
  (G) + 154   PO   /data_out[107]
  (R) + 154   PO   /data_out[107]

Compared points are: Equivalent
  (G) + 155   PO   /data_out[106]
  (R) + 155   PO   /data_out[106]

Compared points are: Equivalent
  (G) + 156   PO   /data_out[105]
  (R) + 156   PO   /data_out[105]

Compared points are: Equivalent
  (G) + 157   PO   /data_out[104]
  (R) + 157   PO   /data_out[104]

Compared points are: Equivalent
  (G) + 158   PO   /data_out[103]
  (R) + 158   PO   /data_out[103]

Compared points are: Equivalent
  (G) + 159   PO   /data_out[102]
  (R) + 159   PO   /data_out[102]

Compared points are: Equivalent
  (G) + 160   PO   /data_out[101]
  (R) + 160   PO   /data_out[101]

Compared points are: Equivalent
  (G) + 161   PO   /data_out[100]
  (R) + 161   PO   /data_out[100]

Compared points are: Equivalent
  (G) + 162   PO   /data_out[99]
  (R) + 162   PO   /data_out[99]

Compared points are: Equivalent
  (G) + 163   PO   /data_out[98]
  (R) + 163   PO   /data_out[98]

Compared points are: Equivalent
  (G) + 164   PO   /data_out[97]
  (R) + 164   PO   /data_out[97]

Compared points are: Equivalent
  (G) + 165   PO   /data_out[96]
  (R) + 165   PO   /data_out[96]

Compared points are: Equivalent
  (G) + 166   PO   /data_out[95]
  (R) + 166   PO   /data_out[95]

Compared points are: Equivalent
  (G) + 167   PO   /data_out[94]
  (R) + 167   PO   /data_out[94]

Compared points are: Equivalent
  (G) + 168   PO   /data_out[93]
  (R) + 168   PO   /data_out[93]

Compared points are: Equivalent
  (G) + 169   PO   /data_out[92]
  (R) + 169   PO   /data_out[92]

Compared points are: Equivalent
  (G) + 170   PO   /data_out[91]
  (R) + 170   PO   /data_out[91]

Compared points are: Equivalent
  (G) + 171   PO   /data_out[90]
  (R) + 171   PO   /data_out[90]

Compared points are: Equivalent
  (G) + 172   PO   /data_out[89]
  (R) + 172   PO   /data_out[89]

Compared points are: Equivalent
  (G) + 173   PO   /data_out[88]
  (R) + 173   PO   /data_out[88]

Compared points are: Equivalent
  (G) + 174   PO   /data_out[87]
  (R) + 174   PO   /data_out[87]

Compared points are: Equivalent
  (G) + 175   PO   /data_out[86]
  (R) + 175   PO   /data_out[86]

Compared points are: Equivalent
  (G) + 176   PO   /data_out[85]
  (R) + 176   PO   /data_out[85]

Compared points are: Equivalent
  (G) + 177   PO   /data_out[84]
  (R) + 177   PO   /data_out[84]

Compared points are: Equivalent
  (G) + 178   PO   /data_out[83]
  (R) + 178   PO   /data_out[83]

Compared points are: Equivalent
  (G) + 179   PO   /data_out[82]
  (R) + 179   PO   /data_out[82]

Compared points are: Equivalent
  (G) + 180   PO   /data_out[81]
  (R) + 180   PO   /data_out[81]

Compared points are: Equivalent
  (G) + 181   PO   /data_out[80]
  (R) + 181   PO   /data_out[80]

Compared points are: Equivalent
  (G) + 182   PO   /data_out[79]
  (R) + 182   PO   /data_out[79]

Compared points are: Equivalent
  (G) + 183   PO   /data_out[78]
  (R) + 183   PO   /data_out[78]

Compared points are: Equivalent
  (G) + 184   PO   /data_out[77]
  (R) + 184   PO   /data_out[77]

Compared points are: Equivalent
  (G) + 185   PO   /data_out[76]
  (R) + 185   PO   /data_out[76]

Compared points are: Equivalent
  (G) + 186   PO   /data_out[75]
  (R) + 186   PO   /data_out[75]

Compared points are: Equivalent
  (G) + 187   PO   /data_out[74]
  (R) + 187   PO   /data_out[74]

Compared points are: Equivalent
  (G) + 188   PO   /data_out[73]
  (R) + 188   PO   /data_out[73]

Compared points are: Equivalent
  (G) + 189   PO   /data_out[72]
  (R) + 189   PO   /data_out[72]

Compared points are: Equivalent
  (G) + 190   PO   /data_out[71]
  (R) + 190   PO   /data_out[71]

Compared points are: Equivalent
  (G) + 191   PO   /data_out[70]
  (R) + 191   PO   /data_out[70]

Compared points are: Equivalent
  (G) + 192   PO   /data_out[69]
  (R) + 192   PO   /data_out[69]

Compared points are: Equivalent
  (G) + 193   PO   /data_out[68]
  (R) + 193   PO   /data_out[68]

Compared points are: Equivalent
  (G) + 194   PO   /data_out[67]
  (R) + 194   PO   /data_out[67]

Compared points are: Equivalent
  (G) + 195   PO   /data_out[66]
  (R) + 195   PO   /data_out[66]

Compared points are: Equivalent
  (G) + 196   PO   /data_out[65]
  (R) + 196   PO   /data_out[65]

Compared points are: Equivalent
  (G) + 197   PO   /data_out[64]
  (R) + 197   PO   /data_out[64]

Compared points are: Equivalent
  (G) + 198   PO   /data_out[63]
  (R) + 198   PO   /data_out[63]

Compared points are: Equivalent
  (G) + 199   PO   /data_out[62]
  (R) + 199   PO   /data_out[62]

Compared points are: Equivalent
  (G) + 200   PO   /data_out[61]
  (R) + 200   PO   /data_out[61]

Compared points are: Equivalent
  (G) + 201   PO   /data_out[60]
  (R) + 201   PO   /data_out[60]

Compared points are: Equivalent
  (G) + 202   PO   /data_out[59]
  (R) + 202   PO   /data_out[59]

Compared points are: Equivalent
  (G) + 203   PO   /data_out[58]
  (R) + 203   PO   /data_out[58]

Compared points are: Equivalent
  (G) + 204   PO   /data_out[57]
  (R) + 204   PO   /data_out[57]

Compared points are: Equivalent
  (G) + 205   PO   /data_out[56]
  (R) + 205   PO   /data_out[56]

Compared points are: Equivalent
  (G) + 206   PO   /data_out[55]
  (R) + 206   PO   /data_out[55]

Compared points are: Equivalent
  (G) + 207   PO   /data_out[54]
  (R) + 207   PO   /data_out[54]

Compared points are: Equivalent
  (G) + 208   PO   /data_out[53]
  (R) + 208   PO   /data_out[53]

Compared points are: Equivalent
  (G) + 209   PO   /data_out[52]
  (R) + 209   PO   /data_out[52]

Compared points are: Equivalent
  (G) + 210   PO   /data_out[51]
  (R) + 210   PO   /data_out[51]

Compared points are: Equivalent
  (G) + 211   PO   /data_out[50]
  (R) + 211   PO   /data_out[50]

Compared points are: Equivalent
  (G) + 212   PO   /data_out[49]
  (R) + 212   PO   /data_out[49]

Compared points are: Equivalent
  (G) + 213   PO   /data_out[48]
  (R) + 213   PO   /data_out[48]

Compared points are: Equivalent
  (G) + 214   PO   /data_out[47]
  (R) + 214   PO   /data_out[47]

Compared points are: Equivalent
  (G) + 215   PO   /data_out[46]
  (R) + 215   PO   /data_out[46]

Compared points are: Equivalent
  (G) + 216   PO   /data_out[45]
  (R) + 216   PO   /data_out[45]

Compared points are: Equivalent
  (G) + 217   PO   /data_out[44]
  (R) + 217   PO   /data_out[44]

Compared points are: Equivalent
  (G) + 218   PO   /data_out[43]
  (R) + 218   PO   /data_out[43]

Compared points are: Equivalent
  (G) + 219   PO   /data_out[42]
  (R) + 219   PO   /data_out[42]

Compared points are: Equivalent
  (G) + 220   PO   /data_out[41]
  (R) + 220   PO   /data_out[41]

Compared points are: Equivalent
  (G) + 221   PO   /data_out[40]
  (R) + 221   PO   /data_out[40]

Compared points are: Equivalent
  (G) + 222   PO   /data_out[39]
  (R) + 222   PO   /data_out[39]

Compared points are: Equivalent
  (G) + 223   PO   /data_out[38]
  (R) + 223   PO   /data_out[38]

Compared points are: Equivalent
  (G) + 224   PO   /data_out[37]
  (R) + 224   PO   /data_out[37]

Compared points are: Equivalent
  (G) + 225   PO   /data_out[36]
  (R) + 225   PO   /data_out[36]

Compared points are: Equivalent
  (G) + 226   PO   /data_out[35]
  (R) + 226   PO   /data_out[35]

Compared points are: Equivalent
  (G) + 227   PO   /data_out[34]
  (R) + 227   PO   /data_out[34]

Compared points are: Equivalent
  (G) + 228   PO   /data_out[33]
  (R) + 228   PO   /data_out[33]

Compared points are: Equivalent
  (G) + 229   PO   /data_out[32]
  (R) + 229   PO   /data_out[32]

Compared points are: Equivalent
  (G) + 230   PO   /data_out[31]
  (R) + 230   PO   /data_out[31]

Compared points are: Equivalent
  (G) + 231   PO   /data_out[30]
  (R) + 231   PO   /data_out[30]

Compared points are: Equivalent
  (G) + 232   PO   /data_out[29]
  (R) + 232   PO   /data_out[29]

Compared points are: Equivalent
  (G) + 233   PO   /data_out[28]
  (R) + 233   PO   /data_out[28]

Compared points are: Equivalent
  (G) + 234   PO   /data_out[27]
  (R) + 234   PO   /data_out[27]

Compared points are: Equivalent
  (G) + 235   PO   /data_out[26]
  (R) + 235   PO   /data_out[26]

Compared points are: Equivalent
  (G) + 236   PO   /data_out[25]
  (R) + 236   PO   /data_out[25]

Compared points are: Equivalent
  (G) + 237   PO   /data_out[24]
  (R) + 237   PO   /data_out[24]

Compared points are: Equivalent
  (G) + 238   PO   /data_out[23]
  (R) + 238   PO   /data_out[23]

Compared points are: Equivalent
  (G) + 239   PO   /data_out[22]
  (R) + 239   PO   /data_out[22]

Compared points are: Equivalent
  (G) + 240   PO   /data_out[21]
  (R) + 240   PO   /data_out[21]

Compared points are: Equivalent
  (G) + 241   PO   /data_out[20]
  (R) + 241   PO   /data_out[20]

Compared points are: Equivalent
  (G) + 242   PO   /data_out[19]
  (R) + 242   PO   /data_out[19]

Compared points are: Equivalent
  (G) + 243   PO   /data_out[18]
  (R) + 243   PO   /data_out[18]

Compared points are: Equivalent
  (G) + 244   PO   /data_out[17]
  (R) + 244   PO   /data_out[17]

Compared points are: Equivalent
  (G) + 245   PO   /data_out[16]
  (R) + 245   PO   /data_out[16]

Compared points are: Equivalent
  (G) + 246   PO   /data_out[15]
  (R) + 246   PO   /data_out[15]

Compared points are: Equivalent
  (G) + 247   PO   /data_out[14]
  (R) + 247   PO   /data_out[14]

Compared points are: Equivalent
  (G) + 248   PO   /data_out[13]
  (R) + 248   PO   /data_out[13]

Compared points are: Equivalent
  (G) + 249   PO   /data_out[12]
  (R) + 249   PO   /data_out[12]

Compared points are: Equivalent
  (G) + 250   PO   /data_out[11]
  (R) + 250   PO   /data_out[11]

Compared points are: Equivalent
  (G) + 251   PO   /data_out[10]
  (R) + 251   PO   /data_out[10]

Compared points are: Equivalent
  (G) + 252   PO   /data_out[9]
  (R) + 252   PO   /data_out[9]

Compared points are: Equivalent
  (G) + 253   PO   /data_out[8]
  (R) + 253   PO   /data_out[8]

Compared points are: Equivalent
  (G) + 254   PO   /data_out[7]
  (R) + 254   PO   /data_out[7]

Compared points are: Equivalent
  (G) + 255   PO   /data_out[6]
  (R) + 255   PO   /data_out[6]

Compared points are: Equivalent
  (G) + 256   PO   /data_out[5]
  (R) + 256   PO   /data_out[5]

Compared points are: Equivalent
  (G) + 257   PO   /data_out[4]
  (R) + 257   PO   /data_out[4]

Compared points are: Equivalent
  (G) + 258   PO   /data_out[3]
  (R) + 258   PO   /data_out[3]

Compared points are: Equivalent
  (G) + 259   PO   /data_out[2]
  (R) + 259   PO   /data_out[2]

Compared points are: Equivalent
  (G) + 260   PO   /data_out[1]
  (R) + 260   PO   /data_out[1]

Compared points are: Equivalent
  (G) + 261   PO   /data_out[0]
  (R) + 261   PO   /data_out[0]

Compared points are: Equivalent
  (G) + 262   PO   /data_valid
  (R) + 262   PO   /data_valid

Compared points are: Equivalent
  (G) + 263   PO   /key_valid
  (R) + 263   PO   /key_valid

Compared points are: Equivalent
  (G) + 264   PO   /busy
  (R) + 264   PO   /busy

Compared points are: Equivalent
  (G) + 265   DFF  /state_reg_reg_0_/U$1
  (R) + 265   DFF  /state_reg_reg_0_/U$1

Compared points are: Equivalent
  (G) + 266   DFF  /round_reg_reg_15_/U$1
  (R) + 266   DFF  /round_reg_reg_15_/U$1

Compared points are: Equivalent
  (G) + 267   DFF  /round_reg_reg_0_/U$1
  (R) + 267   DFF  /round_reg_reg_0_/U$1

Compared points are: Equivalent
  (G) + 268   DFF  /round_reg_reg_1_/U$1
  (R) + 268   DFF  /round_reg_reg_1_/U$1

Compared points are: Equivalent
  (G) + 269   DFF  /round_reg_reg_2_/U$1
  (R) + 269   DFF  /round_reg_reg_2_/U$1

Compared points are: Equivalent
  (G) + 270   DFF  /round_reg_reg_3_/U$1
  (R) + 270   DFF  /round_reg_reg_3_/U$1

Compared points are: Equivalent
  (G) + 271   DFF  /round_reg_reg_4_/U$1
  (R) + 271   DFF  /round_reg_reg_4_/U$1

Compared points are: Equivalent
  (G) + 272   DFF  /round_reg_reg_5_/U$1
  (R) + 272   DFF  /round_reg_reg_5_/U$1

Compared points are: Equivalent
  (G) + 273   DFF  /round_reg_reg_6_/U$1
  (R) + 273   DFF  /round_reg_reg_6_/U$1

Compared points are: Equivalent
  (G) + 274   DFF  /round_reg_reg_7_/U$1
  (R) + 274   DFF  /round_reg_reg_7_/U$1

Compared points are: Equivalent
  (G) + 275   DFF  /round_reg_reg_8_/U$1
  (R) + 275   DFF  /round_reg_reg_8_/U$1

Compared points are: Equivalent
  (G) + 276   DFF  /round_reg_reg_9_/U$1
  (R) + 276   DFF  /round_reg_reg_9_/U$1

Compared points are: Equivalent
  (G) + 277   DFF  /round_reg_reg_10_/U$1
  (R) + 277   DFF  /round_reg_reg_10_/U$1

Compared points are: Equivalent
  (G) + 278   DFF  /round_reg_reg_11_/U$1
  (R) + 278   DFF  /round_reg_reg_11_/U$1

Compared points are: Equivalent
  (G) + 279   DFF  /round_reg_reg_12_/U$1
  (R) + 279   DFF  /round_reg_reg_12_/U$1

Compared points are: Equivalent
  (G) + 280   DFF  /round_reg_reg_13_/U$1
  (R) + 280   DFF  /round_reg_reg_13_/U$1

Compared points are: Equivalent
  (G) + 281   DFF  /round_reg_reg_14_/U$1
  (R) + 281   DFF  /round_reg_reg_14_/U$1

Compared points are: Equivalent
  (G) + 282   DFF  /state_reg_reg_1_/U$1
  (R) + 282   DFF  /state_reg_reg_1_/U$1

Compared points are: Equivalent
  (G) + 283   DFF  /state_reg_reg_2_/U$1
  (R) + 283   DFF  /state_reg_reg_2_/U$1

Compared points are: Equivalent
  (G) + 284   DFF  /key_sched/subkey_reg_reg_51_/U$1
  (R) + 284   DFF  /key_sched/subkey_reg_reg_51_/U$1

Compared points are: Equivalent
  (G) + 285   DFF  /key_sched/key_reg_reg_127_/U$1
  (R) + 285   DFF  /key_sched/key_reg_reg_127_/U$1

Compared points are: Equivalent
  (G) + 286   DFF  /key_sched/key_reg_reg_5_/U$1
  (R) + 286   DFF  /key_sched/key_reg_reg_5_/U$1

Compared points are: Equivalent
  (G) + 287   DFF  /key_sched/key_reg_reg_13_/U$1
  (R) + 287   DFF  /key_sched/key_reg_reg_13_/U$1

Compared points are: Equivalent
  (G) + 288   DFF  /key_sched/key_reg_reg_21_/U$1
  (R) + 288   DFF  /key_sched/key_reg_reg_21_/U$1

Compared points are: Equivalent
  (G) + 289   DFF  /key_sched/key_reg_reg_29_/U$1
  (R) + 289   DFF  /key_sched/key_reg_reg_29_/U$1

Compared points are: Equivalent
  (G) + 290   DFF  /key_sched/key_reg_reg_41_/U$1
  (R) + 290   DFF  /key_sched/key_reg_reg_41_/U$1

Compared points are: Equivalent
  (G) + 291   DFF  /key_sched/key_reg_reg_61_/U$1
  (R) + 291   DFF  /key_sched/key_reg_reg_61_/U$1

Compared points are: Equivalent
  (G) + 292   DFF  /key_sched/key_reg_reg_2_/U$1
  (R) + 292   DFF  /key_sched/key_reg_reg_2_/U$1

Compared points are: Equivalent
  (G) + 293   DFF  /key_sched/key_reg_reg_19_/U$1
  (R) + 293   DFF  /key_sched/key_reg_reg_19_/U$1

Compared points are: Equivalent
  (G) + 294   DFF  /key_sched/key_reg_reg_26_/U$1
  (R) + 294   DFF  /key_sched/key_reg_reg_26_/U$1

Compared points are: Equivalent
  (G) + 295   DFF  /key_sched/key_reg_reg_28_/U$1
  (R) + 295   DFF  /key_sched/key_reg_reg_28_/U$1

Compared points are: Equivalent
  (G) + 296   DFF  /key_sched/key_reg_reg_33_/U$1
  (R) + 296   DFF  /key_sched/key_reg_reg_33_/U$1

Compared points are: Equivalent
  (G) + 297   DFF  /key_sched/key_reg_reg_36_/U$1
  (R) + 297   DFF  /key_sched/key_reg_reg_36_/U$1

Compared points are: Equivalent
  (G) + 298   DFF  /key_sched/key_reg_reg_50_/U$1
  (R) + 298   DFF  /key_sched/key_reg_reg_50_/U$1

Compared points are: Equivalent
  (G) + 299   DFF  /key_sched/key_reg_reg_51_/U$1
  (R) + 299   DFF  /key_sched/key_reg_reg_51_/U$1

Compared points are: Equivalent
  (G) + 300   DFF  /key_sched/key_reg_reg_52_/U$1
  (R) + 300   DFF  /key_sched/key_reg_reg_52_/U$1

Compared points are: Equivalent
  (G) + 301   DFF  /key_sched/key_reg_reg_6_/U$1
  (R) + 301   DFF  /key_sched/key_reg_reg_6_/U$1

Compared points are: Equivalent
  (G) + 302   DFF  /key_sched/key_reg_reg_9_/U$1
  (R) + 302   DFF  /key_sched/key_reg_reg_9_/U$1

Compared points are: Equivalent
  (G) + 303   DFF  /key_sched/key_reg_reg_14_/U$1
  (R) + 303   DFF  /key_sched/key_reg_reg_14_/U$1

Compared points are: Equivalent
  (G) + 304   DFF  /key_sched/key_reg_reg_22_/U$1
  (R) + 304   DFF  /key_sched/key_reg_reg_22_/U$1

Compared points are: Equivalent
  (G) + 305   DFF  /key_sched/key_reg_reg_24_/U$1
  (R) + 305   DFF  /key_sched/key_reg_reg_24_/U$1

Compared points are: Equivalent
  (G) + 306   DFF  /key_sched/key_reg_reg_30_/U$1
  (R) + 306   DFF  /key_sched/key_reg_reg_30_/U$1

Compared points are: Equivalent
  (G) + 307   DFF  /key_sched/key_reg_reg_32_/U$1
  (R) + 307   DFF  /key_sched/key_reg_reg_32_/U$1

Compared points are: Equivalent
  (G) + 308   DFF  /key_sched/key_reg_reg_37_/U$1
  (R) + 308   DFF  /key_sched/key_reg_reg_37_/U$1

Compared points are: Equivalent
  (G) + 309   DFF  /key_sched/key_reg_reg_45_/U$1
  (R) + 309   DFF  /key_sched/key_reg_reg_45_/U$1

Compared points are: Equivalent
  (G) + 310   DFF  /key_sched/key_reg_reg_48_/U$1
  (R) + 310   DFF  /key_sched/key_reg_reg_48_/U$1

Compared points are: Equivalent
  (G) + 311   DFF  /key_sched/key_reg_reg_49_/U$1
  (R) + 311   DFF  /key_sched/key_reg_reg_49_/U$1

Compared points are: Equivalent
  (G) + 312   DFF  /key_sched/key_reg_reg_53_/U$1
  (R) + 312   DFF  /key_sched/key_reg_reg_53_/U$1

Compared points are: Equivalent
  (G) + 313   DFF  /key_sched/key_reg_reg_1_/U$1
  (R) + 313   DFF  /key_sched/key_reg_reg_1_/U$1

Compared points are: Equivalent
  (G) + 314   DFF  /key_sched/key_reg_reg_3_/U$1
  (R) + 314   DFF  /key_sched/key_reg_reg_3_/U$1

Compared points are: Equivalent
  (G) + 315   DFF  /key_sched/key_reg_reg_11_/U$1
  (R) + 315   DFF  /key_sched/key_reg_reg_11_/U$1

Compared points are: Equivalent
  (G) + 316   DFF  /key_sched/key_reg_reg_16_/U$1
  (R) + 316   DFF  /key_sched/key_reg_reg_16_/U$1

Compared points are: Equivalent
  (G) + 317   DFF  /key_sched/key_reg_reg_17_/U$1
  (R) + 317   DFF  /key_sched/key_reg_reg_17_/U$1

Compared points are: Equivalent
  (G) + 318   DFF  /key_sched/key_reg_reg_18_/U$1
  (R) + 318   DFF  /key_sched/key_reg_reg_18_/U$1

Compared points are: Equivalent
  (G) + 319   DFF  /key_sched/key_reg_reg_25_/U$1
  (R) + 319   DFF  /key_sched/key_reg_reg_25_/U$1

Compared points are: Equivalent
  (G) + 320   DFF  /key_sched/key_reg_reg_34_/U$1
  (R) + 320   DFF  /key_sched/key_reg_reg_34_/U$1

Compared points are: Equivalent
  (G) + 321   DFF  /key_sched/key_reg_reg_40_/U$1
  (R) + 321   DFF  /key_sched/key_reg_reg_40_/U$1

Compared points are: Equivalent
  (G) + 322   DFF  /key_sched/key_reg_reg_42_/U$1
  (R) + 322   DFF  /key_sched/key_reg_reg_42_/U$1

Compared points are: Equivalent
  (G) + 323   DFF  /key_sched/key_reg_reg_43_/U$1
  (R) + 323   DFF  /key_sched/key_reg_reg_43_/U$1

Compared points are: Equivalent
  (G) + 324   DFF  /key_sched/key_reg_reg_56_/U$1
  (R) + 324   DFF  /key_sched/key_reg_reg_56_/U$1

Compared points are: Equivalent
  (G) + 325   DFF  /key_sched/key_reg_reg_57_/U$1
  (R) + 325   DFF  /key_sched/key_reg_reg_57_/U$1

Compared points are: Equivalent
  (G) + 326   DFF  /key_sched/key_reg_reg_10_/U$1
  (R) + 326   DFF  /key_sched/key_reg_reg_10_/U$1

Compared points are: Equivalent
  (G) + 327   DFF  /key_sched/key_reg_reg_27_/U$1
  (R) + 327   DFF  /key_sched/key_reg_reg_27_/U$1

Compared points are: Equivalent
  (G) + 328   DFF  /key_sched/key_reg_reg_35_/U$1
  (R) + 328   DFF  /key_sched/key_reg_reg_35_/U$1

Compared points are: Equivalent
  (G) + 329   DFF  /key_sched/key_reg_reg_44_/U$1
  (R) + 329   DFF  /key_sched/key_reg_reg_44_/U$1

Compared points are: Equivalent
  (G) + 330   DFF  /key_sched/key_reg_reg_47_/U$1
  (R) + 330   DFF  /key_sched/key_reg_reg_47_/U$1

Compared points are: Equivalent
  (G) + 331   DFF  /key_sched/key_reg_reg_15_/U$1
  (R) + 331   DFF  /key_sched/key_reg_reg_15_/U$1

Compared points are: Equivalent
  (G) + 332   DFF  /key_sched/key_reg_reg_46_/U$1
  (R) + 332   DFF  /key_sched/key_reg_reg_46_/U$1

Compared points are: Equivalent
  (G) + 333   DFF  /key_sched/key_reg_reg_39_/U$1
  (R) + 333   DFF  /key_sched/key_reg_reg_39_/U$1

Compared points are: Equivalent
  (G) + 334   DFF  /key_sched/key_reg_reg_0_/U$1
  (R) + 334   DFF  /key_sched/key_reg_reg_0_/U$1

Compared points are: Equivalent
  (G) + 335   DFF  /key_sched/key_reg_reg_7_/U$1
  (R) + 335   DFF  /key_sched/key_reg_reg_7_/U$1

Compared points are: Equivalent
  (G) + 336   DFF  /key_sched/key_reg_reg_23_/U$1
  (R) + 336   DFF  /key_sched/key_reg_reg_23_/U$1

Compared points are: Equivalent
  (G) + 337   DFF  /key_sched/key_reg_reg_31_/U$1
  (R) + 337   DFF  /key_sched/key_reg_reg_31_/U$1

Compared points are: Equivalent
  (G) + 338   DFF  /key_sched/key_reg_reg_38_/U$1
  (R) + 338   DFF  /key_sched/key_reg_reg_38_/U$1

Compared points are: Equivalent
  (G) + 339   DFF  /key_sched/key_reg_reg_54_/U$1
  (R) + 339   DFF  /key_sched/key_reg_reg_54_/U$1

Compared points are: Equivalent
  (G) + 340   DFF  /key_sched/key_reg_reg_55_/U$1
  (R) + 340   DFF  /key_sched/key_reg_reg_55_/U$1

Compared points are: Equivalent
  (G) + 341   DFF  /key_sched/key_reg_reg_58_/U$1
  (R) + 341   DFF  /key_sched/key_reg_reg_58_/U$1

Compared points are: Equivalent
  (G) + 342   DFF  /key_sched/key_reg_reg_59_/U$1
  (R) + 342   DFF  /key_sched/key_reg_reg_59_/U$1

Compared points are: Equivalent
  (G) + 343   DFF  /key_sched/key_reg_reg_62_/U$1
  (R) + 343   DFF  /key_sched/key_reg_reg_62_/U$1

Compared points are: Equivalent
  (G) + 344   DFF  /key_sched/key_reg_reg_63_/U$1
  (R) + 344   DFF  /key_sched/key_reg_reg_63_/U$1

Compared points are: Equivalent
  (G) + 345   DFF  /key_sched/key_reg_reg_8_/U$1
  (R) + 345   DFF  /key_sched/key_reg_reg_8_/U$1

Compared points are: Equivalent
  (G) + 346   DFF  /key_sched/key_reg_reg_4_/U$1
  (R) + 346   DFF  /key_sched/key_reg_reg_4_/U$1

Compared points are: Equivalent
  (G) + 347   DFF  /key_sched/key_reg_reg_12_/U$1
  (R) + 347   DFF  /key_sched/key_reg_reg_12_/U$1

Compared points are: Equivalent
  (G) + 348   DFF  /key_sched/key_reg_reg_20_/U$1
  (R) + 348   DFF  /key_sched/key_reg_reg_20_/U$1

Compared points are: Equivalent
  (G) + 349   DFF  /key_sched/key_reg_reg_60_/U$1
  (R) + 349   DFF  /key_sched/key_reg_reg_60_/U$1

Compared points are: Equivalent
  (G) + 350   DFF  /key_sched/subkey_reg_reg_0_/U$1
  (R) + 350   DFF  /key_sched/subkey_reg_reg_0_/U$1

Compared points are: Equivalent
  (G) + 351   DFF  /key_sched/subkey_reg_reg_1_/U$1
  (R) + 351   DFF  /key_sched/subkey_reg_reg_1_/U$1

Compared points are: Equivalent
  (G) + 352   DFF  /key_sched/subkey_reg_reg_2_/U$1
  (R) + 352   DFF  /key_sched/subkey_reg_reg_2_/U$1

Compared points are: Equivalent
  (G) + 353   DFF  /key_sched/subkey_reg_reg_3_/U$1
  (R) + 353   DFF  /key_sched/subkey_reg_reg_3_/U$1

Compared points are: Equivalent
  (G) + 354   DFF  /key_sched/subkey_reg_reg_4_/U$1
  (R) + 354   DFF  /key_sched/subkey_reg_reg_4_/U$1

Compared points are: Equivalent
  (G) + 355   DFF  /key_sched/subkey_reg_reg_5_/U$1
  (R) + 355   DFF  /key_sched/subkey_reg_reg_5_/U$1

Compared points are: Equivalent
  (G) + 356   DFF  /key_sched/subkey_reg_reg_6_/U$1
  (R) + 356   DFF  /key_sched/subkey_reg_reg_6_/U$1

Compared points are: Equivalent
  (G) + 357   DFF  /key_sched/subkey_reg_reg_7_/U$1
  (R) + 357   DFF  /key_sched/subkey_reg_reg_7_/U$1

Compared points are: Equivalent
  (G) + 358   DFF  /key_sched/subkey_reg_reg_8_/U$1
  (R) + 358   DFF  /key_sched/subkey_reg_reg_8_/U$1

Compared points are: Equivalent
  (G) + 359   DFF  /key_sched/subkey_reg_reg_9_/U$1
  (R) + 359   DFF  /key_sched/subkey_reg_reg_9_/U$1

Compared points are: Equivalent
  (G) + 360   DFF  /key_sched/subkey_reg_reg_10_/U$1
  (R) + 360   DFF  /key_sched/subkey_reg_reg_10_/U$1

Compared points are: Equivalent
  (G) + 361   DFF  /key_sched/subkey_reg_reg_11_/U$1
  (R) + 361   DFF  /key_sched/subkey_reg_reg_11_/U$1

Compared points are: Equivalent
  (G) + 362   DFF  /key_sched/subkey_reg_reg_12_/U$1
  (R) + 362   DFF  /key_sched/subkey_reg_reg_12_/U$1

Compared points are: Equivalent
  (G) + 363   DFF  /key_sched/subkey_reg_reg_13_/U$1
  (R) + 363   DFF  /key_sched/subkey_reg_reg_13_/U$1

Compared points are: Equivalent
  (G) + 364   DFF  /key_sched/subkey_reg_reg_14_/U$1
  (R) + 364   DFF  /key_sched/subkey_reg_reg_14_/U$1

Compared points are: Equivalent
  (G) + 365   DFF  /key_sched/subkey_reg_reg_15_/U$1
  (R) + 365   DFF  /key_sched/subkey_reg_reg_15_/U$1

Compared points are: Equivalent
  (G) + 366   DFF  /key_sched/subkey_reg_reg_16_/U$1
  (R) + 366   DFF  /key_sched/subkey_reg_reg_16_/U$1

Compared points are: Equivalent
  (G) + 367   DFF  /key_sched/subkey_reg_reg_17_/U$1
  (R) + 367   DFF  /key_sched/subkey_reg_reg_17_/U$1

Compared points are: Equivalent
  (G) + 368   DFF  /key_sched/subkey_reg_reg_18_/U$1
  (R) + 368   DFF  /key_sched/subkey_reg_reg_18_/U$1

Compared points are: Equivalent
  (G) + 369   DFF  /key_sched/subkey_reg_reg_19_/U$1
  (R) + 369   DFF  /key_sched/subkey_reg_reg_19_/U$1

Compared points are: Equivalent
  (G) + 370   DFF  /key_sched/subkey_reg_reg_20_/U$1
  (R) + 370   DFF  /key_sched/subkey_reg_reg_20_/U$1

Compared points are: Equivalent
  (G) + 371   DFF  /key_sched/subkey_reg_reg_21_/U$1
  (R) + 371   DFF  /key_sched/subkey_reg_reg_21_/U$1

Compared points are: Equivalent
  (G) + 372   DFF  /key_sched/subkey_reg_reg_22_/U$1
  (R) + 372   DFF  /key_sched/subkey_reg_reg_22_/U$1

Compared points are: Equivalent
  (G) + 373   DFF  /key_sched/subkey_reg_reg_23_/U$1
  (R) + 373   DFF  /key_sched/subkey_reg_reg_23_/U$1

Compared points are: Equivalent
  (G) + 374   DFF  /key_sched/subkey_reg_reg_24_/U$1
  (R) + 374   DFF  /key_sched/subkey_reg_reg_24_/U$1

Compared points are: Equivalent
  (G) + 375   DFF  /key_sched/subkey_reg_reg_25_/U$1
  (R) + 375   DFF  /key_sched/subkey_reg_reg_25_/U$1

Compared points are: Equivalent
  (G) + 376   DFF  /key_sched/subkey_reg_reg_26_/U$1
  (R) + 376   DFF  /key_sched/subkey_reg_reg_26_/U$1

Compared points are: Equivalent
  (G) + 377   DFF  /key_sched/subkey_reg_reg_27_/U$1
  (R) + 377   DFF  /key_sched/subkey_reg_reg_27_/U$1

Compared points are: Equivalent
  (G) + 378   DFF  /key_sched/subkey_reg_reg_28_/U$1
  (R) + 378   DFF  /key_sched/subkey_reg_reg_28_/U$1

Compared points are: Equivalent
  (G) + 379   DFF  /key_sched/subkey_reg_reg_29_/U$1
  (R) + 379   DFF  /key_sched/subkey_reg_reg_29_/U$1

Compared points are: Equivalent
  (G) + 380   DFF  /key_sched/subkey_reg_reg_30_/U$1
  (R) + 380   DFF  /key_sched/subkey_reg_reg_30_/U$1

Compared points are: Equivalent
  (G) + 381   DFF  /key_sched/subkey_reg_reg_31_/U$1
  (R) + 381   DFF  /key_sched/subkey_reg_reg_31_/U$1

Compared points are: Equivalent
  (G) + 382   DFF  /key_sched/subkey_reg_reg_32_/U$1
  (R) + 382   DFF  /key_sched/subkey_reg_reg_32_/U$1

Compared points are: Equivalent
  (G) + 383   DFF  /key_sched/subkey_reg_reg_33_/U$1
  (R) + 383   DFF  /key_sched/subkey_reg_reg_33_/U$1

Compared points are: Equivalent
  (G) + 384   DFF  /key_sched/subkey_reg_reg_34_/U$1
  (R) + 384   DFF  /key_sched/subkey_reg_reg_34_/U$1

Compared points are: Equivalent
  (G) + 385   DFF  /key_sched/subkey_reg_reg_35_/U$1
  (R) + 385   DFF  /key_sched/subkey_reg_reg_35_/U$1

Compared points are: Equivalent
  (G) + 386   DFF  /key_sched/subkey_reg_reg_36_/U$1
  (R) + 386   DFF  /key_sched/subkey_reg_reg_36_/U$1

Compared points are: Equivalent
  (G) + 387   DFF  /key_sched/subkey_reg_reg_37_/U$1
  (R) + 387   DFF  /key_sched/subkey_reg_reg_37_/U$1

Compared points are: Equivalent
  (G) + 388   DFF  /key_sched/subkey_reg_reg_38_/U$1
  (R) + 388   DFF  /key_sched/subkey_reg_reg_38_/U$1

Compared points are: Equivalent
  (G) + 389   DFF  /key_sched/subkey_reg_reg_39_/U$1
  (R) + 389   DFF  /key_sched/subkey_reg_reg_39_/U$1

Compared points are: Equivalent
  (G) + 390   DFF  /key_sched/subkey_reg_reg_40_/U$1
  (R) + 390   DFF  /key_sched/subkey_reg_reg_40_/U$1

Compared points are: Equivalent
  (G) + 391   DFF  /key_sched/subkey_reg_reg_41_/U$1
  (R) + 391   DFF  /key_sched/subkey_reg_reg_41_/U$1

Compared points are: Equivalent
  (G) + 392   DFF  /key_sched/subkey_reg_reg_42_/U$1
  (R) + 392   DFF  /key_sched/subkey_reg_reg_42_/U$1

Compared points are: Equivalent
  (G) + 393   DFF  /key_sched/subkey_reg_reg_43_/U$1
  (R) + 393   DFF  /key_sched/subkey_reg_reg_43_/U$1

Compared points are: Equivalent
  (G) + 394   DFF  /key_sched/subkey_reg_reg_44_/U$1
  (R) + 394   DFF  /key_sched/subkey_reg_reg_44_/U$1

Compared points are: Equivalent
  (G) + 395   DFF  /key_sched/subkey_reg_reg_45_/U$1
  (R) + 395   DFF  /key_sched/subkey_reg_reg_45_/U$1

Compared points are: Equivalent
  (G) + 396   DFF  /key_sched/subkey_reg_reg_46_/U$1
  (R) + 396   DFF  /key_sched/subkey_reg_reg_46_/U$1

Compared points are: Equivalent
  (G) + 397   DFF  /key_sched/subkey_reg_reg_47_/U$1
  (R) + 397   DFF  /key_sched/subkey_reg_reg_47_/U$1

Compared points are: Equivalent
  (G) + 398   DFF  /key_sched/subkey_reg_reg_48_/U$1
  (R) + 398   DFF  /key_sched/subkey_reg_reg_48_/U$1

Compared points are: Equivalent
  (G) + 399   DFF  /key_sched/subkey_reg_reg_49_/U$1
  (R) + 399   DFF  /key_sched/subkey_reg_reg_49_/U$1

Compared points are: Equivalent
  (G) + 400   DFF  /key_sched/subkey_reg_reg_50_/U$1
  (R) + 400   DFF  /key_sched/subkey_reg_reg_50_/U$1

Compared points are: Equivalent
  (G) + 401   DFF  /key_sched/subkey_reg_reg_52_/U$1
  (R) + 401   DFF  /key_sched/subkey_reg_reg_52_/U$1

Compared points are: Equivalent
  (G) + 402   DFF  /key_sched/subkey_reg_reg_53_/U$1
  (R) + 402   DFF  /key_sched/subkey_reg_reg_53_/U$1

Compared points are: Equivalent
  (G) + 403   DFF  /key_sched/subkey_reg_reg_54_/U$1
  (R) + 403   DFF  /key_sched/subkey_reg_reg_54_/U$1

Compared points are: Equivalent
  (G) + 404   DFF  /key_sched/subkey_reg_reg_55_/U$1
  (R) + 404   DFF  /key_sched/subkey_reg_reg_55_/U$1

Compared points are: Equivalent
  (G) + 405   DFF  /key_sched/subkey_reg_reg_56_/U$1
  (R) + 405   DFF  /key_sched/subkey_reg_reg_56_/U$1

Compared points are: Equivalent
  (G) + 406   DFF  /key_sched/subkey_reg_reg_57_/U$1
  (R) + 406   DFF  /key_sched/subkey_reg_reg_57_/U$1

Compared points are: Equivalent
  (G) + 407   DFF  /key_sched/subkey_reg_reg_58_/U$1
  (R) + 407   DFF  /key_sched/subkey_reg_reg_58_/U$1

Compared points are: Equivalent
  (G) + 408   DFF  /key_sched/subkey_reg_reg_59_/U$1
  (R) + 408   DFF  /key_sched/subkey_reg_reg_59_/U$1

Compared points are: Equivalent
  (G) + 409   DFF  /key_sched/subkey_reg_reg_60_/U$1
  (R) + 409   DFF  /key_sched/subkey_reg_reg_60_/U$1

Compared points are: Equivalent
  (G) + 410   DFF  /key_sched/subkey_reg_reg_61_/U$1
  (R) + 410   DFF  /key_sched/subkey_reg_reg_61_/U$1

Compared points are: Equivalent
  (G) + 411   DFF  /key_sched/subkey_reg_reg_62_/U$1
  (R) + 411   DFF  /key_sched/subkey_reg_reg_62_/U$1

Compared points are: Equivalent
  (G) + 412   DFF  /key_sched/subkey_reg_reg_63_/U$1
  (R) + 412   DFF  /key_sched/subkey_reg_reg_63_/U$1

Compared points are: Equivalent
  (G) + 413   DFF  /key_sched/key_reg_reg_120_/U$1
  (R) + 413   DFF  /key_sched/key_reg_reg_120_/U$1

Compared points are: Equivalent
  (G) + 414   DFF  /key_sched/key_reg_reg_112_/U$1
  (R) + 414   DFF  /key_sched/key_reg_reg_112_/U$1

Compared points are: Equivalent
  (G) + 415   DFF  /key_sched/key_reg_reg_104_/U$1
  (R) + 415   DFF  /key_sched/key_reg_reg_104_/U$1

Compared points are: Equivalent
  (G) + 416   DFF  /key_sched/key_reg_reg_96_/U$1
  (R) + 416   DFF  /key_sched/key_reg_reg_96_/U$1

Compared points are: Equivalent
  (G) + 417   DFF  /key_sched/key_reg_reg_88_/U$1
  (R) + 417   DFF  /key_sched/key_reg_reg_88_/U$1

Compared points are: Equivalent
  (G) + 418   DFF  /key_sched/key_reg_reg_80_/U$1
  (R) + 418   DFF  /key_sched/key_reg_reg_80_/U$1

Compared points are: Equivalent
  (G) + 419   DFF  /key_sched/key_reg_reg_72_/U$1
  (R) + 419   DFF  /key_sched/key_reg_reg_72_/U$1

Compared points are: Equivalent
  (G) + 420   DFF  /key_sched/key_reg_reg_64_/U$1
  (R) + 420   DFF  /key_sched/key_reg_reg_64_/U$1

Compared points are: Equivalent
  (G) + 421   DFF  /key_sched/key_reg_reg_121_/U$1
  (R) + 421   DFF  /key_sched/key_reg_reg_121_/U$1

Compared points are: Equivalent
  (G) + 422   DFF  /key_sched/key_reg_reg_113_/U$1
  (R) + 422   DFF  /key_sched/key_reg_reg_113_/U$1

Compared points are: Equivalent
  (G) + 423   DFF  /key_sched/key_reg_reg_105_/U$1
  (R) + 423   DFF  /key_sched/key_reg_reg_105_/U$1

Compared points are: Equivalent
  (G) + 424   DFF  /key_sched/key_reg_reg_97_/U$1
  (R) + 424   DFF  /key_sched/key_reg_reg_97_/U$1

Compared points are: Equivalent
  (G) + 425   DFF  /key_sched/key_reg_reg_89_/U$1
  (R) + 425   DFF  /key_sched/key_reg_reg_89_/U$1

Compared points are: Equivalent
  (G) + 426   DFF  /key_sched/key_reg_reg_81_/U$1
  (R) + 426   DFF  /key_sched/key_reg_reg_81_/U$1

Compared points are: Equivalent
  (G) + 427   DFF  /key_sched/key_reg_reg_73_/U$1
  (R) + 427   DFF  /key_sched/key_reg_reg_73_/U$1

Compared points are: Equivalent
  (G) + 428   DFF  /key_sched/key_reg_reg_65_/U$1
  (R) + 428   DFF  /key_sched/key_reg_reg_65_/U$1

Compared points are: Equivalent
  (G) + 429   DFF  /key_sched/key_reg_reg_122_/U$1
  (R) + 429   DFF  /key_sched/key_reg_reg_122_/U$1

Compared points are: Equivalent
  (G) + 430   DFF  /key_sched/key_reg_reg_114_/U$1
  (R) + 430   DFF  /key_sched/key_reg_reg_114_/U$1

Compared points are: Equivalent
  (G) + 431   DFF  /key_sched/key_reg_reg_106_/U$1
  (R) + 431   DFF  /key_sched/key_reg_reg_106_/U$1

Compared points are: Equivalent
  (G) + 432   DFF  /key_sched/key_reg_reg_98_/U$1
  (R) + 432   DFF  /key_sched/key_reg_reg_98_/U$1

Compared points are: Equivalent
  (G) + 433   DFF  /key_sched/key_reg_reg_90_/U$1
  (R) + 433   DFF  /key_sched/key_reg_reg_90_/U$1

Compared points are: Equivalent
  (G) + 434   DFF  /key_sched/key_reg_reg_82_/U$1
  (R) + 434   DFF  /key_sched/key_reg_reg_82_/U$1

Compared points are: Equivalent
  (G) + 435   DFF  /key_sched/key_reg_reg_74_/U$1
  (R) + 435   DFF  /key_sched/key_reg_reg_74_/U$1

Compared points are: Equivalent
  (G) + 436   DFF  /key_sched/key_reg_reg_66_/U$1
  (R) + 436   DFF  /key_sched/key_reg_reg_66_/U$1

Compared points are: Equivalent
  (G) + 437   DFF  /key_sched/key_reg_reg_123_/U$1
  (R) + 437   DFF  /key_sched/key_reg_reg_123_/U$1

Compared points are: Equivalent
  (G) + 438   DFF  /key_sched/key_reg_reg_115_/U$1
  (R) + 438   DFF  /key_sched/key_reg_reg_115_/U$1

Compared points are: Equivalent
  (G) + 439   DFF  /key_sched/key_reg_reg_107_/U$1
  (R) + 439   DFF  /key_sched/key_reg_reg_107_/U$1

Compared points are: Equivalent
  (G) + 440   DFF  /key_sched/key_reg_reg_99_/U$1
  (R) + 440   DFF  /key_sched/key_reg_reg_99_/U$1

Compared points are: Equivalent
  (G) + 441   DFF  /key_sched/key_reg_reg_91_/U$1
  (R) + 441   DFF  /key_sched/key_reg_reg_91_/U$1

Compared points are: Equivalent
  (G) + 442   DFF  /key_sched/key_reg_reg_83_/U$1
  (R) + 442   DFF  /key_sched/key_reg_reg_83_/U$1

Compared points are: Equivalent
  (G) + 443   DFF  /key_sched/key_reg_reg_75_/U$1
  (R) + 443   DFF  /key_sched/key_reg_reg_75_/U$1

Compared points are: Equivalent
  (G) + 444   DFF  /key_sched/key_reg_reg_67_/U$1
  (R) + 444   DFF  /key_sched/key_reg_reg_67_/U$1

Compared points are: Equivalent
  (G) + 445   DFF  /key_sched/key_reg_reg_124_/U$1
  (R) + 445   DFF  /key_sched/key_reg_reg_124_/U$1

Compared points are: Equivalent
  (G) + 446   DFF  /key_sched/key_reg_reg_116_/U$1
  (R) + 446   DFF  /key_sched/key_reg_reg_116_/U$1

Compared points are: Equivalent
  (G) + 447   DFF  /key_sched/key_reg_reg_108_/U$1
  (R) + 447   DFF  /key_sched/key_reg_reg_108_/U$1

Compared points are: Equivalent
  (G) + 448   DFF  /key_sched/key_reg_reg_100_/U$1
  (R) + 448   DFF  /key_sched/key_reg_reg_100_/U$1

Compared points are: Equivalent
  (G) + 449   DFF  /key_sched/key_reg_reg_92_/U$1
  (R) + 449   DFF  /key_sched/key_reg_reg_92_/U$1

Compared points are: Equivalent
  (G) + 450   DFF  /key_sched/key_reg_reg_84_/U$1
  (R) + 450   DFF  /key_sched/key_reg_reg_84_/U$1

Compared points are: Equivalent
  (G) + 451   DFF  /key_sched/key_reg_reg_76_/U$1
  (R) + 451   DFF  /key_sched/key_reg_reg_76_/U$1

Compared points are: Equivalent
  (G) + 452   DFF  /key_sched/key_reg_reg_68_/U$1
  (R) + 452   DFF  /key_sched/key_reg_reg_68_/U$1

Compared points are: Equivalent
  (G) + 453   DFF  /key_sched/key_reg_reg_125_/U$1
  (R) + 453   DFF  /key_sched/key_reg_reg_125_/U$1

Compared points are: Equivalent
  (G) + 454   DFF  /key_sched/key_reg_reg_117_/U$1
  (R) + 454   DFF  /key_sched/key_reg_reg_117_/U$1

Compared points are: Equivalent
  (G) + 455   DFF  /key_sched/key_reg_reg_109_/U$1
  (R) + 455   DFF  /key_sched/key_reg_reg_109_/U$1

Compared points are: Equivalent
  (G) + 456   DFF  /key_sched/key_reg_reg_101_/U$1
  (R) + 456   DFF  /key_sched/key_reg_reg_101_/U$1

Compared points are: Equivalent
  (G) + 457   DFF  /key_sched/key_reg_reg_93_/U$1
  (R) + 457   DFF  /key_sched/key_reg_reg_93_/U$1

Compared points are: Equivalent
  (G) + 458   DFF  /key_sched/key_reg_reg_85_/U$1
  (R) + 458   DFF  /key_sched/key_reg_reg_85_/U$1

Compared points are: Equivalent
  (G) + 459   DFF  /key_sched/key_reg_reg_77_/U$1
  (R) + 459   DFF  /key_sched/key_reg_reg_77_/U$1

Compared points are: Equivalent
  (G) + 460   DFF  /key_sched/key_reg_reg_69_/U$1
  (R) + 460   DFF  /key_sched/key_reg_reg_69_/U$1

Compared points are: Equivalent
  (G) + 461   DFF  /key_sched/key_reg_reg_126_/U$1
  (R) + 461   DFF  /key_sched/key_reg_reg_126_/U$1

Compared points are: Equivalent
  (G) + 462   DFF  /key_sched/key_reg_reg_118_/U$1
  (R) + 462   DFF  /key_sched/key_reg_reg_118_/U$1

Compared points are: Equivalent
  (G) + 463   DFF  /key_sched/key_reg_reg_110_/U$1
  (R) + 463   DFF  /key_sched/key_reg_reg_110_/U$1

Compared points are: Equivalent
  (G) + 464   DFF  /key_sched/key_reg_reg_102_/U$1
  (R) + 464   DFF  /key_sched/key_reg_reg_102_/U$1

Compared points are: Equivalent
  (G) + 465   DFF  /key_sched/key_reg_reg_94_/U$1
  (R) + 465   DFF  /key_sched/key_reg_reg_94_/U$1

Compared points are: Equivalent
  (G) + 466   DFF  /key_sched/key_reg_reg_86_/U$1
  (R) + 466   DFF  /key_sched/key_reg_reg_86_/U$1

Compared points are: Equivalent
  (G) + 467   DFF  /key_sched/key_reg_reg_78_/U$1
  (R) + 467   DFF  /key_sched/key_reg_reg_78_/U$1

Compared points are: Equivalent
  (G) + 468   DFF  /key_sched/key_reg_reg_70_/U$1
  (R) + 468   DFF  /key_sched/key_reg_reg_70_/U$1

Compared points are: Equivalent
  (G) + 469   DFF  /key_sched/key_reg_reg_119_/U$1
  (R) + 469   DFF  /key_sched/key_reg_reg_119_/U$1

Compared points are: Equivalent
  (G) + 470   DFF  /key_sched/key_reg_reg_111_/U$1
  (R) + 470   DFF  /key_sched/key_reg_reg_111_/U$1

Compared points are: Equivalent
  (G) + 471   DFF  /key_sched/key_reg_reg_103_/U$1
  (R) + 471   DFF  /key_sched/key_reg_reg_103_/U$1

Compared points are: Equivalent
  (G) + 472   DFF  /key_sched/key_reg_reg_95_/U$1
  (R) + 472   DFF  /key_sched/key_reg_reg_95_/U$1

Compared points are: Equivalent
  (G) + 473   DFF  /key_sched/key_reg_reg_87_/U$1
  (R) + 473   DFF  /key_sched/key_reg_reg_87_/U$1

Compared points are: Equivalent
  (G) + 474   DFF  /key_sched/key_reg_reg_79_/U$1
  (R) + 474   DFF  /key_sched/key_reg_reg_79_/U$1

Compared points are: Equivalent
  (G) + 475   DFF  /key_sched/key_reg_reg_71_/U$1
  (R) + 475   DFF  /key_sched/key_reg_reg_71_/U$1

Compared points are: Equivalent
  (G) + 476   DFF  /randomize/data_reg_reg_50_/U$1
  (R) + 476   DFF  /randomize/data_reg_reg_50_/U$1

Compared points are: Equivalent
  (G) + 477   DFF  /randomize/data_reg_reg_51_/U$1
  (R) + 477   DFF  /randomize/data_reg_reg_51_/U$1

Compared points are: Equivalent
  (G) + 478   DFF  /randomize/data_reg_reg_69_/U$1
  (R) + 478   DFF  /randomize/data_reg_reg_69_/U$1

Compared points are: Equivalent
  (G) + 479   DFF  /randomize/data_reg_reg_83_/U$1
  (R) + 479   DFF  /randomize/data_reg_reg_83_/U$1

Compared points are: Equivalent
  (G) + 480   DFF  /randomize/data_reg_reg_85_/U$1
  (R) + 480   DFF  /randomize/data_reg_reg_85_/U$1

Compared points are: Equivalent
  (G) + 481   DFF  /randomize/data_reg_reg_98_/U$1
  (R) + 481   DFF  /randomize/data_reg_reg_98_/U$1

Compared points are: Equivalent
  (G) + 482   DFF  /randomize/data_reg_reg_123_/U$1
  (R) + 482   DFF  /randomize/data_reg_reg_123_/U$1

Compared points are: Equivalent
  (G) + 483   DFF  /randomize/data_reg_reg_127_/U$1
  (R) + 483   DFF  /randomize/data_reg_reg_127_/U$1

Compared points are: Equivalent
  (G) + 484   DFF  /randomize/data_reg_reg_70_/U$1
  (R) + 484   DFF  /randomize/data_reg_reg_70_/U$1

Compared points are: Equivalent
  (G) + 485   DFF  /randomize/data_reg_reg_72_/U$1
  (R) + 485   DFF  /randomize/data_reg_reg_72_/U$1

Compared points are: Equivalent
  (G) + 486   DFF  /randomize/data_reg_reg_111_/U$1
  (R) + 486   DFF  /randomize/data_reg_reg_111_/U$1

Compared points are: Equivalent
  (G) + 487   DFF  /randomize/data_reg_reg_73_/U$1
  (R) + 487   DFF  /randomize/data_reg_reg_73_/U$1

Compared points are: Equivalent
  (G) + 488   DFF  /randomize/data_reg_reg_74_/U$1
  (R) + 488   DFF  /randomize/data_reg_reg_74_/U$1

Compared points are: Equivalent
  (G) + 489   DFF  /randomize/data_reg_reg_77_/U$1
  (R) + 489   DFF  /randomize/data_reg_reg_77_/U$1

Compared points are: Equivalent
  (G) + 490   DFF  /randomize/data_reg_reg_112_/U$1
  (R) + 490   DFF  /randomize/data_reg_reg_112_/U$1

Compared points are: Equivalent
  (G) + 491   DFF  /randomize/data_reg_reg_113_/U$1
  (R) + 491   DFF  /randomize/data_reg_reg_113_/U$1

Compared points are: Equivalent
  (G) + 492   DFF  /randomize/data_reg_reg_122_/U$1
  (R) + 492   DFF  /randomize/data_reg_reg_122_/U$1

Compared points are: Equivalent
  (G) + 493   DFF  /randomize/data_reg_reg_124_/U$1
  (R) + 493   DFF  /randomize/data_reg_reg_124_/U$1

Compared points are: Equivalent
  (G) + 494   DFF  /randomize/data_reg_reg_125_/U$1
  (R) + 494   DFF  /randomize/data_reg_reg_125_/U$1

Compared points are: Equivalent
  (G) + 495   DFF  /randomize/data_reg_reg_126_/U$1
  (R) + 495   DFF  /randomize/data_reg_reg_126_/U$1

Compared points are: Equivalent
  (G) + 496   DFF  /randomize/data_reg_reg_67_/U$1
  (R) + 496   DFF  /randomize/data_reg_reg_67_/U$1

Compared points are: Equivalent
  (G) + 497   DFF  /randomize/data_reg_reg_82_/U$1
  (R) + 497   DFF  /randomize/data_reg_reg_82_/U$1

Compared points are: Equivalent
  (G) + 498   DFF  /randomize/data_reg_reg_88_/U$1
  (R) + 498   DFF  /randomize/data_reg_reg_88_/U$1

Compared points are: Equivalent
  (G) + 499   DFF  /randomize/data_reg_reg_91_/U$1
  (R) + 499   DFF  /randomize/data_reg_reg_91_/U$1

Compared points are: Equivalent
  (G) + 500   DFF  /randomize/data_reg_reg_103_/U$1
  (R) + 500   DFF  /randomize/data_reg_reg_103_/U$1

Compared points are: Equivalent
  (G) + 501   DFF  /randomize/data_reg_reg_108_/U$1
  (R) + 501   DFF  /randomize/data_reg_reg_108_/U$1

Compared points are: Equivalent
  (G) + 502   DFF  /randomize/data_reg_reg_68_/U$1
  (R) + 502   DFF  /randomize/data_reg_reg_68_/U$1

Compared points are: Equivalent
  (G) + 503   DFF  /randomize/data_reg_reg_80_/U$1
  (R) + 503   DFF  /randomize/data_reg_reg_80_/U$1

Compared points are: Equivalent
  (G) + 504   DFF  /randomize/data_reg_reg_87_/U$1
  (R) + 504   DFF  /randomize/data_reg_reg_87_/U$1

Compared points are: Equivalent
  (G) + 505   DFF  /randomize/data_reg_reg_118_/U$1
  (R) + 505   DFF  /randomize/data_reg_reg_118_/U$1

Compared points are: Equivalent
  (G) + 506   DFF  /randomize/data_reg_reg_119_/U$1
  (R) + 506   DFF  /randomize/data_reg_reg_119_/U$1

Compared points are: Equivalent
  (G) + 507   DFF  /randomize/data_reg_reg_64_/U$1
  (R) + 507   DFF  /randomize/data_reg_reg_64_/U$1

Compared points are: Equivalent
  (G) + 508   DFF  /randomize/data_reg_reg_71_/U$1
  (R) + 508   DFF  /randomize/data_reg_reg_71_/U$1

Compared points are: Equivalent
  (G) + 509   DFF  /randomize/data_reg_reg_76_/U$1
  (R) + 509   DFF  /randomize/data_reg_reg_76_/U$1

Compared points are: Equivalent
  (G) + 510   DFF  /randomize/data_reg_reg_81_/U$1
  (R) + 510   DFF  /randomize/data_reg_reg_81_/U$1

Compared points are: Equivalent
  (G) + 511   DFF  /randomize/data_reg_reg_84_/U$1
  (R) + 511   DFF  /randomize/data_reg_reg_84_/U$1

Compared points are: Equivalent
  (G) + 512   DFF  /randomize/data_reg_reg_86_/U$1
  (R) + 512   DFF  /randomize/data_reg_reg_86_/U$1

Compared points are: Equivalent
  (G) + 513   DFF  /randomize/data_reg_reg_89_/U$1
  (R) + 513   DFF  /randomize/data_reg_reg_89_/U$1

Compared points are: Equivalent
  (G) + 514   DFF  /randomize/data_reg_reg_90_/U$1
  (R) + 514   DFF  /randomize/data_reg_reg_90_/U$1

Compared points are: Equivalent
  (G) + 515   DFF  /randomize/data_reg_reg_92_/U$1
  (R) + 515   DFF  /randomize/data_reg_reg_92_/U$1

Compared points are: Equivalent
  (G) + 516   DFF  /randomize/data_reg_reg_93_/U$1
  (R) + 516   DFF  /randomize/data_reg_reg_93_/U$1

Compared points are: Equivalent
  (G) + 517   DFF  /randomize/data_reg_reg_95_/U$1
  (R) + 517   DFF  /randomize/data_reg_reg_95_/U$1

Compared points are: Equivalent
  (G) + 518   DFF  /randomize/data_reg_reg_96_/U$1
  (R) + 518   DFF  /randomize/data_reg_reg_96_/U$1

Compared points are: Equivalent
  (G) + 519   DFF  /randomize/data_reg_reg_99_/U$1
  (R) + 519   DFF  /randomize/data_reg_reg_99_/U$1

Compared points are: Equivalent
  (G) + 520   DFF  /randomize/data_reg_reg_100_/U$1
  (R) + 520   DFF  /randomize/data_reg_reg_100_/U$1

Compared points are: Equivalent
  (G) + 521   DFF  /randomize/data_reg_reg_104_/U$1
  (R) + 521   DFF  /randomize/data_reg_reg_104_/U$1

Compared points are: Equivalent
  (G) + 522   DFF  /randomize/data_reg_reg_107_/U$1
  (R) + 522   DFF  /randomize/data_reg_reg_107_/U$1

Compared points are: Equivalent
  (G) + 523   DFF  /randomize/data_reg_reg_115_/U$1
  (R) + 523   DFF  /randomize/data_reg_reg_115_/U$1

Compared points are: Equivalent
  (G) + 524   DFF  /randomize/data_reg_reg_116_/U$1
  (R) + 524   DFF  /randomize/data_reg_reg_116_/U$1

Compared points are: Equivalent
  (G) + 525   DFF  /randomize/data_reg_reg_117_/U$1
  (R) + 525   DFF  /randomize/data_reg_reg_117_/U$1

Compared points are: Equivalent
  (G) + 526   DFF  /randomize/data_reg_reg_75_/U$1
  (R) + 526   DFF  /randomize/data_reg_reg_75_/U$1

Compared points are: Equivalent
  (G) + 527   DFF  /randomize/data_reg_reg_79_/U$1
  (R) + 527   DFF  /randomize/data_reg_reg_79_/U$1

Compared points are: Equivalent
  (G) + 528   DFF  /randomize/data_reg_reg_97_/U$1
  (R) + 528   DFF  /randomize/data_reg_reg_97_/U$1

Compared points are: Equivalent
  (G) + 529   DFF  /randomize/data_reg_reg_105_/U$1
  (R) + 529   DFF  /randomize/data_reg_reg_105_/U$1

Compared points are: Equivalent
  (G) + 530   DFF  /randomize/data_reg_reg_106_/U$1
  (R) + 530   DFF  /randomize/data_reg_reg_106_/U$1

Compared points are: Equivalent
  (G) + 531   DFF  /randomize/data_reg_reg_110_/U$1
  (R) + 531   DFF  /randomize/data_reg_reg_110_/U$1

Compared points are: Equivalent
  (G) + 532   DFF  /randomize/data_reg_reg_120_/U$1
  (R) + 532   DFF  /randomize/data_reg_reg_120_/U$1

Compared points are: Equivalent
  (G) + 533   DFF  /randomize/data_reg_reg_121_/U$1
  (R) + 533   DFF  /randomize/data_reg_reg_121_/U$1

Compared points are: Equivalent
  (G) + 534   DFF  /randomize/data_reg_reg_94_/U$1
  (R) + 534   DFF  /randomize/data_reg_reg_94_/U$1

Compared points are: Equivalent
  (G) + 535   DFF  /randomize/data_reg_reg_78_/U$1
  (R) + 535   DFF  /randomize/data_reg_reg_78_/U$1

Compared points are: Equivalent
  (G) + 536   DFF  /randomize/data_reg_reg_114_/U$1
  (R) + 536   DFF  /randomize/data_reg_reg_114_/U$1

Compared points are: Equivalent
  (G) + 537   DFF  /randomize/data_reg_reg_65_/U$1
  (R) + 537   DFF  /randomize/data_reg_reg_65_/U$1

Compared points are: Equivalent
  (G) + 538   DFF  /randomize/data_reg_reg_66_/U$1
  (R) + 538   DFF  /randomize/data_reg_reg_66_/U$1

Compared points are: Equivalent
  (G) + 539   DFF  /randomize/data_reg_reg_101_/U$1
  (R) + 539   DFF  /randomize/data_reg_reg_101_/U$1

Compared points are: Equivalent
  (G) + 540   DFF  /randomize/data_reg_reg_102_/U$1
  (R) + 540   DFF  /randomize/data_reg_reg_102_/U$1

Compared points are: Equivalent
  (G) + 541   DFF  /randomize/data_reg_reg_109_/U$1
  (R) + 541   DFF  /randomize/data_reg_reg_109_/U$1

Compared points are: Equivalent
  (G) + 542   DFF  /randomize/data_reg_reg_0_/U$1
  (R) + 542   DFF  /randomize/data_reg_reg_0_/U$1

Compared points are: Equivalent
  (G) + 543   DFF  /randomize/data_reg_reg_1_/U$1
  (R) + 543   DFF  /randomize/data_reg_reg_1_/U$1

Compared points are: Equivalent
  (G) + 544   DFF  /randomize/data_reg_reg_2_/U$1
  (R) + 544   DFF  /randomize/data_reg_reg_2_/U$1

Compared points are: Equivalent
  (G) + 545   DFF  /randomize/data_reg_reg_3_/U$1
  (R) + 545   DFF  /randomize/data_reg_reg_3_/U$1

Compared points are: Equivalent
  (G) + 546   DFF  /randomize/data_reg_reg_4_/U$1
  (R) + 546   DFF  /randomize/data_reg_reg_4_/U$1

Compared points are: Equivalent
  (G) + 547   DFF  /randomize/data_reg_reg_5_/U$1
  (R) + 547   DFF  /randomize/data_reg_reg_5_/U$1

Compared points are: Equivalent
  (G) + 548   DFF  /randomize/data_reg_reg_6_/U$1
  (R) + 548   DFF  /randomize/data_reg_reg_6_/U$1

Compared points are: Equivalent
  (G) + 549   DFF  /randomize/data_reg_reg_7_/U$1
  (R) + 549   DFF  /randomize/data_reg_reg_7_/U$1

Compared points are: Equivalent
  (G) + 550   DFF  /randomize/data_reg_reg_8_/U$1
  (R) + 550   DFF  /randomize/data_reg_reg_8_/U$1

Compared points are: Equivalent
  (G) + 551   DFF  /randomize/data_reg_reg_9_/U$1
  (R) + 551   DFF  /randomize/data_reg_reg_9_/U$1

Compared points are: Equivalent
  (G) + 552   DFF  /randomize/data_reg_reg_10_/U$1
  (R) + 552   DFF  /randomize/data_reg_reg_10_/U$1

Compared points are: Equivalent
  (G) + 553   DFF  /randomize/data_reg_reg_11_/U$1
  (R) + 553   DFF  /randomize/data_reg_reg_11_/U$1

Compared points are: Equivalent
  (G) + 554   DFF  /randomize/data_reg_reg_12_/U$1
  (R) + 554   DFF  /randomize/data_reg_reg_12_/U$1

Compared points are: Equivalent
  (G) + 555   DFF  /randomize/data_reg_reg_13_/U$1
  (R) + 555   DFF  /randomize/data_reg_reg_13_/U$1

Compared points are: Equivalent
  (G) + 556   DFF  /randomize/data_reg_reg_14_/U$1
  (R) + 556   DFF  /randomize/data_reg_reg_14_/U$1

Compared points are: Equivalent
  (G) + 557   DFF  /randomize/data_reg_reg_15_/U$1
  (R) + 557   DFF  /randomize/data_reg_reg_15_/U$1

Compared points are: Equivalent
  (G) + 558   DFF  /randomize/data_reg_reg_16_/U$1
  (R) + 558   DFF  /randomize/data_reg_reg_16_/U$1

Compared points are: Equivalent
  (G) + 559   DFF  /randomize/data_reg_reg_17_/U$1
  (R) + 559   DFF  /randomize/data_reg_reg_17_/U$1

Compared points are: Equivalent
  (G) + 560   DFF  /randomize/data_reg_reg_18_/U$1
  (R) + 560   DFF  /randomize/data_reg_reg_18_/U$1

Compared points are: Equivalent
  (G) + 561   DFF  /randomize/data_reg_reg_19_/U$1
  (R) + 561   DFF  /randomize/data_reg_reg_19_/U$1

Compared points are: Equivalent
  (G) + 562   DFF  /randomize/data_reg_reg_20_/U$1
  (R) + 562   DFF  /randomize/data_reg_reg_20_/U$1

Compared points are: Equivalent
  (G) + 563   DFF  /randomize/data_reg_reg_21_/U$1
  (R) + 563   DFF  /randomize/data_reg_reg_21_/U$1

Compared points are: Equivalent
  (G) + 564   DFF  /randomize/data_reg_reg_22_/U$1
  (R) + 564   DFF  /randomize/data_reg_reg_22_/U$1

Compared points are: Equivalent
  (G) + 565   DFF  /randomize/data_reg_reg_23_/U$1
  (R) + 565   DFF  /randomize/data_reg_reg_23_/U$1

Compared points are: Equivalent
  (G) + 566   DFF  /randomize/data_reg_reg_24_/U$1
  (R) + 566   DFF  /randomize/data_reg_reg_24_/U$1

Compared points are: Equivalent
  (G) + 567   DFF  /randomize/data_reg_reg_25_/U$1
  (R) + 567   DFF  /randomize/data_reg_reg_25_/U$1

Compared points are: Equivalent
  (G) + 568   DFF  /randomize/data_reg_reg_26_/U$1
  (R) + 568   DFF  /randomize/data_reg_reg_26_/U$1

Compared points are: Equivalent
  (G) + 569   DFF  /randomize/data_reg_reg_27_/U$1
  (R) + 569   DFF  /randomize/data_reg_reg_27_/U$1

Compared points are: Equivalent
  (G) + 570   DFF  /randomize/data_reg_reg_28_/U$1
  (R) + 570   DFF  /randomize/data_reg_reg_28_/U$1

Compared points are: Equivalent
  (G) + 571   DFF  /randomize/data_reg_reg_29_/U$1
  (R) + 571   DFF  /randomize/data_reg_reg_29_/U$1

Compared points are: Equivalent
  (G) + 572   DFF  /randomize/data_reg_reg_30_/U$1
  (R) + 572   DFF  /randomize/data_reg_reg_30_/U$1

Compared points are: Equivalent
  (G) + 573   DFF  /randomize/data_reg_reg_31_/U$1
  (R) + 573   DFF  /randomize/data_reg_reg_31_/U$1

Compared points are: Equivalent
  (G) + 574   DFF  /randomize/data_reg_reg_32_/U$1
  (R) + 574   DFF  /randomize/data_reg_reg_32_/U$1

Compared points are: Equivalent
  (G) + 575   DFF  /randomize/data_reg_reg_33_/U$1
  (R) + 575   DFF  /randomize/data_reg_reg_33_/U$1

Compared points are: Equivalent
  (G) + 576   DFF  /randomize/data_reg_reg_34_/U$1
  (R) + 576   DFF  /randomize/data_reg_reg_34_/U$1

Compared points are: Equivalent
  (G) + 577   DFF  /randomize/data_reg_reg_35_/U$1
  (R) + 577   DFF  /randomize/data_reg_reg_35_/U$1

Compared points are: Equivalent
  (G) + 578   DFF  /randomize/data_reg_reg_36_/U$1
  (R) + 578   DFF  /randomize/data_reg_reg_36_/U$1

Compared points are: Equivalent
  (G) + 579   DFF  /randomize/data_reg_reg_37_/U$1
  (R) + 579   DFF  /randomize/data_reg_reg_37_/U$1

Compared points are: Equivalent
  (G) + 580   DFF  /randomize/data_reg_reg_38_/U$1
  (R) + 580   DFF  /randomize/data_reg_reg_38_/U$1

Compared points are: Equivalent
  (G) + 581   DFF  /randomize/data_reg_reg_39_/U$1
  (R) + 581   DFF  /randomize/data_reg_reg_39_/U$1

Compared points are: Equivalent
  (G) + 582   DFF  /randomize/data_reg_reg_40_/U$1
  (R) + 582   DFF  /randomize/data_reg_reg_40_/U$1

Compared points are: Equivalent
  (G) + 583   DFF  /randomize/data_reg_reg_41_/U$1
  (R) + 583   DFF  /randomize/data_reg_reg_41_/U$1

Compared points are: Equivalent
  (G) + 584   DFF  /randomize/data_reg_reg_42_/U$1
  (R) + 584   DFF  /randomize/data_reg_reg_42_/U$1

Compared points are: Equivalent
  (G) + 585   DFF  /randomize/data_reg_reg_43_/U$1
  (R) + 585   DFF  /randomize/data_reg_reg_43_/U$1

Compared points are: Equivalent
  (G) + 586   DFF  /randomize/data_reg_reg_44_/U$1
  (R) + 586   DFF  /randomize/data_reg_reg_44_/U$1

Compared points are: Equivalent
  (G) + 587   DFF  /randomize/data_reg_reg_45_/U$1
  (R) + 587   DFF  /randomize/data_reg_reg_45_/U$1

Compared points are: Equivalent
  (G) + 588   DFF  /randomize/data_reg_reg_46_/U$1
  (R) + 588   DFF  /randomize/data_reg_reg_46_/U$1

Compared points are: Equivalent
  (G) + 589   DFF  /randomize/data_reg_reg_47_/U$1
  (R) + 589   DFF  /randomize/data_reg_reg_47_/U$1

Compared points are: Equivalent
  (G) + 590   DFF  /randomize/data_reg_reg_48_/U$1
  (R) + 590   DFF  /randomize/data_reg_reg_48_/U$1

Compared points are: Equivalent
  (G) + 591   DFF  /randomize/data_reg_reg_49_/U$1
  (R) + 591   DFF  /randomize/data_reg_reg_49_/U$1

Compared points are: Equivalent
  (G) + 592   DFF  /randomize/data_reg_reg_52_/U$1
  (R) + 592   DFF  /randomize/data_reg_reg_52_/U$1

Compared points are: Equivalent
  (G) + 593   DFF  /randomize/data_reg_reg_53_/U$1
  (R) + 593   DFF  /randomize/data_reg_reg_53_/U$1

Compared points are: Equivalent
  (G) + 594   DFF  /randomize/data_reg_reg_54_/U$1
  (R) + 594   DFF  /randomize/data_reg_reg_54_/U$1

Compared points are: Equivalent
  (G) + 595   DFF  /randomize/data_reg_reg_55_/U$1
  (R) + 595   DFF  /randomize/data_reg_reg_55_/U$1

Compared points are: Equivalent
  (G) + 596   DFF  /randomize/data_reg_reg_56_/U$1
  (R) + 596   DFF  /randomize/data_reg_reg_56_/U$1

Compared points are: Equivalent
  (G) + 597   DFF  /randomize/data_reg_reg_57_/U$1
  (R) + 597   DFF  /randomize/data_reg_reg_57_/U$1

Compared points are: Equivalent
  (G) + 598   DFF  /randomize/data_reg_reg_58_/U$1
  (R) + 598   DFF  /randomize/data_reg_reg_58_/U$1

Compared points are: Equivalent
  (G) + 599   DFF  /randomize/data_reg_reg_59_/U$1
  (R) + 599   DFF  /randomize/data_reg_reg_59_/U$1

Compared points are: Equivalent
  (G) + 600   DFF  /randomize/data_reg_reg_60_/U$1
  (R) + 600   DFF  /randomize/data_reg_reg_60_/U$1

Compared points are: Equivalent
  (G) + 601   DFF  /randomize/data_reg_reg_61_/U$1
  (R) + 601   DFF  /randomize/data_reg_reg_61_/U$1

Compared points are: Equivalent
  (G) + 602   DFF  /randomize/data_reg_reg_62_/U$1
  (R) + 602   DFF  /randomize/data_reg_reg_62_/U$1

Compared points are: Equivalent
  (G) + 603   DFF  /randomize/data_reg_reg_63_/U$1
  (R) + 603   DFF  /randomize/data_reg_reg_63_/U$1

470 compared point(s) reported
================================================================================
Compared points      PO     DFF       Total   
--------------------------------------------------------------------------------
Equivalent           131    339       470     
================================================================================
