
Power Net Detected:
    Voltage	    Name
    0.00V	    VSS
    0.95V	    VDD
Using Power View: generic_view.
Load RC corner of view generic_view

Begin Power Analysis

    0.00V	    VSS
    0.95V	    VDD

Begin Processing Timing Library for Power Calculation

Begin Processing Timing Library for Power Calculation



Begin Processing Power Net/Grid for Power Calculation

Ended Processing Power Net/Grid for Power Calculation: (cpu=0:00:00, real=0:00:00, mem(process/total/peak)=810.29MB/1777.93MB/810.30MB)

Begin Processing Timing Window Data for Power Calculation

CLKIN(100MHz) CK: assigning clock CLKIN to net clk
Ended Processing Timing Window Data for Power Calculation: (cpu=0:00:00, real=0:00:00, mem(process/total/peak)=813.80MB/1778.93MB/813.80MB)

Begin Processing User Attributes

Ended Processing User Attributes: (cpu=0:00:00, real=0:00:00, mem(process/total/peak)=813.86MB/1778.93MB/813.86MB)

Begin Processing Signal Activity


Starting Levelizing
2022-Mar-12 16:29:24 (2022-Mar-12 21:29:24 GMT)
2022-Mar-12 16:29:24 (2022-Mar-12 21:29:24 GMT): 10%
2022-Mar-12 16:29:24 (2022-Mar-12 21:29:24 GMT): 20%
2022-Mar-12 16:29:24 (2022-Mar-12 21:29:24 GMT): 30%
2022-Mar-12 16:29:24 (2022-Mar-12 21:29:24 GMT): 40%
2022-Mar-12 16:29:24 (2022-Mar-12 21:29:24 GMT): 50%
2022-Mar-12 16:29:24 (2022-Mar-12 21:29:24 GMT): 60%
2022-Mar-12 16:29:24 (2022-Mar-12 21:29:24 GMT): 70%
2022-Mar-12 16:29:24 (2022-Mar-12 21:29:24 GMT): 80%
2022-Mar-12 16:29:24 (2022-Mar-12 21:29:24 GMT): 90%

Finished Levelizing
2022-Mar-12 16:29:24 (2022-Mar-12 21:29:24 GMT)

Starting Activity Propagation
2022-Mar-12 16:29:24 (2022-Mar-12 21:29:24 GMT)
** INFO:  (VOLTUS_POWR-1356): No default input activity has been set. Defaulting to 0.2.
Use 'set_default_switching_activity -input_activity' command to change the default activity value.

2022-Mar-12 16:29:25 (2022-Mar-12 21:29:25 GMT): 10%
2022-Mar-12 16:29:25 (2022-Mar-12 21:29:25 GMT): 20%
2022-Mar-12 16:29:25 (2022-Mar-12 21:29:25 GMT): 30%
2022-Mar-12 16:29:25 (2022-Mar-12 21:29:25 GMT): 40%
2022-Mar-12 16:29:25 (2022-Mar-12 21:29:25 GMT): 50%
2022-Mar-12 16:29:25 (2022-Mar-12 21:29:25 GMT): 60%
2022-Mar-12 16:29:25 (2022-Mar-12 21:29:25 GMT): 70%
2022-Mar-12 16:29:25 (2022-Mar-12 21:29:25 GMT): 80%

Finished Activity Propagation
2022-Mar-12 16:29:25 (2022-Mar-12 21:29:25 GMT)
Ended Processing Signal Activity: (cpu=0:00:01, real=0:00:01, mem(process/total/peak)=816.52MB/1780.93MB/816.52MB)

Begin Power Computation

      ----------------------------------------------------------
      # of cell(s) missing both power/leakage table: 0
      # of cell(s) missing power table: 2
      # of cell(s) missing leakage table: 2
      # of MSMV cell(s) missing power_level: 0
      ----------------------------------------------------------
CellName                                  Missing Table(s)
LOGIC0_X1                                 internal power, leakge power, 
LOGIC1_X1                                 internal power, leakge power, 



Starting Calculating power
2022-Mar-12 16:29:25 (2022-Mar-12 21:29:25 GMT)
2022-Mar-12 16:29:26 (2022-Mar-12 21:29:26 GMT): 10%
2022-Mar-12 16:29:26 (2022-Mar-12 21:29:26 GMT): 20%
2022-Mar-12 16:29:26 (2022-Mar-12 21:29:26 GMT): 30%
2022-Mar-12 16:29:26 (2022-Mar-12 21:29:26 GMT): 40%
2022-Mar-12 16:29:26 (2022-Mar-12 21:29:26 GMT): 50%
2022-Mar-12 16:29:26 (2022-Mar-12 21:29:26 GMT): 60%
2022-Mar-12 16:29:26 (2022-Mar-12 21:29:26 GMT): 70%
2022-Mar-12 16:29:26 (2022-Mar-12 21:29:26 GMT): 80%
2022-Mar-12 16:29:26 (2022-Mar-12 21:29:26 GMT): 90%

Finished Calculating power
2022-Mar-12 16:29:26 (2022-Mar-12 21:29:26 GMT)
Ended Power Computation: (cpu=0:00:01, real=0:00:01, mem(process/total/peak)=825.82MB/1796.52MB/825.82MB)

Begin Processing User Attributes

Ended Processing User Attributes: (cpu=0:00:00, real=0:00:00, mem(process/total/peak)=825.82MB/1796.52MB/825.87MB)

Ended Power Analysis: (cpu=0:00:02, real=0:00:02, mem(process/total/peak)=825.87MB/1796.52MB/825.88MB)

Begin Boundary Leakage Calculation
Ended Boundary Leakage Calculation: (cpu=0:00:00, real=0:00:00,
mem(process/total/peak)=825.88MB/1796.52MB/825.88MB)
Begin Static Power Report Generation
*----------------------------------------------------------------------------------------
*	Innovus 18.13-s088_1 (64bit) 03/05/2019 11:30 (Linux 2.6.18-194.el5)
*	
*
* 	Date & Time:	2022-Mar-12 16:29:26 (2022-Mar-12 21:29:26 GMT)
*
*----------------------------------------------------------------------------------------
*
*	Design: top
*
*	Liberty Libraries used:
*	        generic_view: NangateOpenCellLibrary.lib
*
*	Parasitic Files used:
*
*       Power View : generic_view
*
*       User-Defined Activity : N.A.
*
*       Activity File: N.A.
*
*       Hierarchical Global Activity: N.A.
*
*       Global Activity: N.A.
*
*       Sequential Element Activity: N.A.
*
*       Primary Input Activity: 0.200000
*
*       Default icg ratio: N.A.
*
*       Global Comb ClockGate Ratio: N.A.
*
*	Power Units = 1mW
*
*	Time Units = 1e-09 secs
*
*       report_power
*
-----------------------------------------------------------------------------------------
  2 instances have no static power
** WARN:  (VOLTUS_POWR-2152): Instance TIE_CELL_LTIELO (LOGIC0_X1) has no static power. 

** WARN:  (VOLTUS_POWR-2152): Instance TIE_CELL_LTIEHI (LOGIC1_X1) has no static power. 

*



Total Power
-----------------------------------------------------------------------------------------
Total Internal Power:        1.76084116 	   38.3113%
Total Switching Power:       2.57574079 	   56.0414%
Total Leakage Power:         0.25955389 	    5.6472%
Total Power:                 4.59613585
-----------------------------------------------------------------------------------------


Group                           Internal   Switching     Leakage       Total  Percentage 
                                Power      Power         Power         Power  (%)        
-----------------------------------------------------------------------------------------
Sequential                        0.2347     0.05836     0.01825      0.3113       6.774
Macro                                  0           0           0           0           0
IO                                     0           0           0           0           0
Combinational                      1.516       2.477       0.241       4.234       92.12
Clock (Combinational)           0.009644     0.04072   0.0002758     0.05064       1.102
Clock (Sequential)                     0           0           0           0           0
-----------------------------------------------------------------------------------------
Total                              1.761       2.576      0.2596       4.596         100
-----------------------------------------------------------------------------------------


Rail                  Voltage   Internal   Switching     Leakage       Total  Percentage 
                                Power      Power         Power         Power  (%)        
-----------------------------------------------------------------------------------------
VDD                      0.95      1.761       2.576      0.2596       4.596         100


Clock                           Internal   Switching     Leakage       Total  Percentage 
                                Power      Power         Power         Power  (%)        
-----------------------------------------------------------------------------------------
CLKIN                           0.009644     0.04072   0.0002758     0.05064       1.102
-----------------------------------------------------------------------------------------
Total                           0.009644     0.04072   0.0002758     0.05064       1.102
-----------------------------------------------------------------------------------------
Clock: CLKIN
Clock Period: 0.010000 usec 
Clock Toggle Rate:   200.0000 Mhz 
Clock Static Probability:  0.5000
  
 
 
-----------------------------------------------------------------------------------------
*	Power Distribution Summary: 
*              Highest Average Power:            randomize/U533 (AND2_X4):         0.006299
*              Highest Leakage Power:  randomize/G3/sbox_b/U162 (NOR4_X4):        0.0001866
*                Total Cap:      7.32265e-11 F
*                Total instances in design: 12682
*                Total instances in design with no power:     2
*                Total instances in design with no activty:     2

*                Total Fillers and Decap:     0
-----------------------------------------------------------------------------------------
 
Ended Static Power Report Generation: (cpu=0:00:00, real=0:00:00,
mem(process/total/peak)=829.57MB/1800.27MB/829.68MB)

