#Checking placement violation...
Begin checking placement ... (start mem=664.3M, init mem=664.3M)
*info: Placed = 6710           (Fixed = 18)
*info: Unplaced = 0           
Placement Density:51.14%(8926/17453)
Placement Density (including fixed std cells):51.14%(8926/17453)
Finished check_place (total: cpu=0:00:00.2, real=0:00:01.0; vio checks: cpu=0:00:00.1, real=0:00:00.0; mem=664.3M)
#cpu time = 00:00:00, elapsed time = 00:00:00, memory = 477.22 (MB), peak = 481.63 (MB)
#Checking wire integrity...
#cpu time = 00:00:00, elapsed time = 00:00:00, memory = 477.22 (MB), peak = 481.63 (MB)
Multithreaded Timing Analysis is initialized with 8 threads

#Checking unplaced instance...
#cpu time = 00:00:00, elapsed time = 00:00:00, memory = 484.45 (MB), peak = 750.27 (MB)
#Checking track...
#cpu time = 00:00:00, elapsed time = 00:00:00, memory = 484.45 (MB), peak = 750.27 (MB)
#Checking blocked track...
#cpu time = 00:00:00, elapsed time = 00:00:00, memory = 484.45 (MB), peak = 750.27 (MB)
#Checking 3rd-party violation...
#cpu time = 00:00:00, elapsed time = 00:00:00, memory = 484.45 (MB), peak = 750.27 (MB)
#Checking ECO route violation...
#cpu time = 00:00:00, elapsed time = 00:00:00, memory = 484.45 (MB), peak = 750.27 (MB)
#Checking unplaced I/O pin...
#cpu time = 00:00:00, elapsed time = 00:00:00, memory = 484.45 (MB), peak = 750.27 (MB)
#Checking same-cell violation...
#cpu time = 00:00:00, elapsed time = 00:00:00, memory = 484.45 (MB), peak = 750.27 (MB)
#Checking pin layer escape...
#cpu time = 00:00:00, elapsed time = 00:00:00, memory = 484.45 (MB), peak = 750.27 (MB)
*** Message Summary: 0 warning(s), 0 error(s)

