Total exposed area across net assets: 525.72
Max exposure [%] across net assets: 94.3101
Avg exposure [%] across net assets: 57.7315

#NetName TotalAreaNet PercentageExposedAreaNet
kl[127] 0.3192 48.3553
kl[126] 0.4837 64.9783
kl[125] 0.0966 60.1449
kl[124] 0.525 43
kl[123] 0.4221 27.4046
kl[122] 0.1414 46.5347
kl[121] 0.2422 58.3815
kl[120] 0.581 38.7522
kl[119] 0.7427 51.6494
kl[118] 0.5418 59.593
kl[117] 0.2744 16.0714
kl[116] 0.5152 58.7976
kl[115] 0.1897 58.1181
kl[114] 1.62995 52.6412
kl[113] 0.5831 60.2041
kl[112] 0.1043 0
kl[111] 0.1365 20.5128
kl[110] 0.2177 54.5016
kl[109] 0.2394 47.9532
kl[108] 0.3472 53.629
kl[107] 0.1897 61.3469
kl[106] 0.8022 42.3429
kl[105] 0.0644 26.6304
kl[104] 0.3416 34.8361
kl[103] 0.2408 74.8547
kl[102] 0.8491 68.1781
kl[101] 0.7427 57.4222
kl[100] 0.4886 71.2034
kl[99] 0.6363 63.9675
kl[98] 0.4627 72.2012
kl[97] 1.0997 46.7059
kl[96] 4.6319 94.3101
kl[95] 2.22565 61.6135
kl[94] 2.30947 73.6758
kl[93] 2.54345 51.6582
kl[92] 1.9922 69.0756
kl[91] 1.3405 61.9321
kl[90] 1.9103 39.7856
kl[89] 1.638 35.0641
kl[88] 2.7006 51.8144
kl[87] 3.2676 70.7262
kl[86] 1.9453 56.5106
kl[85] 2.6565 50.4752
kl[84] 2.02335 59.4707
kl[83] 1.8984 49.8894
kl[82] 3.5112 68.8297
kl[81] 2.28025 51.8189
kl[80] 2.37755 53.88
kl[79] 1.45775 70.108
kl[78] 3.4391 76.5825
kl[77] 2.9295 69.7969
kl[76] 2.78215 61.0203
kl[75] 4.5115 63.1458
kl[74] 2.8462 68.0952
kl[73] 1.99185 45.6071
kl[72] 3.38975 78.6577
kl[71] 2.6411 74.7813
kl[70] 3.49615 37.276
kl[69] 4.18495 64.0671
kl[68] 4.0243 57.1143
kl[67] 2.8987 59.7682
kl[66] 2.4311 61.537
kl[65] 1.4294 54.2605
kl[64] 1.76015 62.8157
kl[63] 0.84105 58.1565
kl[62] 3.0667 48.4136
kl[61] 4.2595 71.212
kl[60] 3.0352 48.3625
kl[59] 3.82445 56.9461
kl[58] 2.7048 69.5976
kl[57] 2.4829 65.788
kl[56] 2.6243 72.0459
kl[55] 2.1637 78.4859
kl[54] 2.25015 70.0498
kl[53] 3.81553 79.7276
kl[52] 3.3243 72.2678
kl[51] 3.2452 42.2563
kl[50] 4.46915 83.7027
kl[49] 3.101 66.7188
kl[48] 2.5907 58.1329
kl[47] 1.8655 68.9051
kl[46] 2.95032 65.6385
kl[45] 3.7954 88.9248
kl[44] 3.1878 68.6539
kl[43] 3.108 54.6059
kl[42] 4.22765 75.2008
kl[41] 1.67685 58.2446
kl[40] 3.2172 67.7165
kl[39] 2.3387 72.4633
kl[38] 4.3232 82.3834
kl[37] 3.51785 87.6032
kl[36] 3.3229 79.6503
kl[35] 2.86755 35.0404
kl[34] 2.7384 59.4982
kl[33] 2.69395 65.8049
kl[32] 3.1073 58.9716
kl[31] 2.1945 66.5072
kl[30] 2.5949 55.638
kl[29] 3.5777 43.078
kl[28] 3.49825 31.3685
kl[27] 4.0628 71.7996
kl[26] 2.46715 51.1076
kl[25] 2.6117 65.2707
kl[24] 3.29385 69.5941
kl[23] 3.458 62.8745
kl[22] 3.7009 72.6735
kl[21] 3.1514 66.3483
kl[20] 2.79895 62.0983
kl[19] 2.4962 52.1763
kl[18] 2.7153 58.0562
kl[17] 3.2095 70.229
kl[16] 4.38865 82.3511
kl[15] 4.04005 60.8377
kl[14] 2.7132 65.0542
kl[13] 3.1024 64.9876
kl[12] 3.6029 46.9691
kl[11] 3.1108 54.9392
kl[10] 4.4863 64.2846
kl[9] 2.57145 62.5795
kl[8] 4.0285 64.5308
kl[7] 2.5319 67.3141
kl[6] 4.2938 62.2921
kl[5] 3.0079 58.0638
kl[4] 4.4422 54.5591
kl[3] 3.7695 66.8245
kl[2] 3.15193 44.6727
kl[1] 0.2611 51.0724
kl[0] 2.5214 71.9184
ka[127] 5.8324 79.0189
ka[126] 4.529 65.4118
ka[125] 2.16545 67.1731
ka[124] 2.961 58.3983
ka[123] 4.09745 61.6353
ka[122] 3.0611 60.2676
ka[121] 3.48495 79.9337
ka[120] 3.46185 42.7445
ka[119] 3.1871 58.2308
ka[118] 3.77738 67.4311
ka[117] 2.57145 53.1373
ka[116] 3.0415 44.7871
ka[115] 1.9033 37.3299
ka[114] 4.46775 65.9969
ka[113] 5.8205 72.5436
ka[112] 5.152 50.2446
ka[111] 5.6175 52.0623
ka[110] 4.0929 63.725
ka[109] 3.18745 55.1773
ka[108] 2.1175 63.5207
ka[107] 2.9169 71.9402
ka[106] 5.1464 70.593
ka[105] 3.55355 72.0329
ka[104] 5.09933 63.9467
ka[103] 4.634 64.5355
ka[102] 3.6064 51.4412
ka[101] 2.64565 42.7305
ka[100] 2.70655 65.9059
ka[99] 2.65685 52.8916
ka[98] 2.1826 64.1036
ka[97] 4.07365 38.0703
ka[96] 4.1391 57.2045
ka[95] 5.4439 39.4239
ka[94] 4.1986 61.3955
ka[93] 2.0265 46.4249
ka[92] 5.2591 56.011
ka[91] 4.90245 51.3208
ka[90] 2.15425 37.1162
ka[89] 3.56195 32.7208
ka[88] 4.23395 59.539
ka[87] 3.36 47.1667
ka[86] 3.01 58.4045
ka[85] 2.9624 72.259
ka[84] 3.1227 57.1228
ka[83] 2.3471 58.1569
ka[82] 4.3253 47.1881
ka[81] 2.9386 44.0797
ka[80] 4.9679 35.2825
ka[79] 3.8969 56.3518
ka[78] 3.70895 66.0659
ka[77] 2.9281 51.9245
ka[76] 2.5067 51.2287
ka[75] 2.9113 63.3806
ka[74] 6.91845 78.8157
ka[73] 2.8133 53.8647
ka[72] 3.9382 55.394
ka[71] 4.9658 64.9573
ka[70] 2.99705 61.3979
ka[69] 2.8196 37.5931
ka[68] 2.4619 25.4356
ka[67] 3.9746 65.9431
ka[66] 2.37125 59.5456
ka[65] 3.03835 58.4149
ka[64] 6.1677 71.4107
ka[63] 7.02975 47.0227
ka[62] 5.11595 78.3437
ka[61] 4.43975 67.0004
ka[60] 3.88885 53.5357
ka[59] 8.09865 84.6799
ka[58] 3.68918 67.7624
ka[57] 3.32395 57.458
ka[56] 6.1495 65.637
ka[55] 5.7183 80.2148
ka[54] 3.6512 76.112
ka[53] 2.128 49.6217
ka[52] 3.7968 64.8507
ka[51] 2.534 59.6507
ka[50] 2.8973 41.8329
ka[49] 4.4023 68.0394
ka[48] 4.7453 67.4251
ka[47] 5.1513 73.6445
ka[46] 4.8685 57.527
ka[45] 3.6897 56.4409
ka[44] 3.31345 50.2535
ka[43] 3.9683 57.6525
ka[42] 3.9949 74.0407
ka[41] 4.14365 65.3983
ka[40] 3.69425 63.9825
ka[39] 5.50883 60.5233
ka[38] 2.6033 50.0538
ka[37] 2.5011 63.3071
ka[36] 2.443 39.5559
ka[35] 3.84895 50.2501
ka[34] 2.32085 49.1059
ka[33] 2.6201 58.0216
ka[32] 6.1257 83.1705
ka[31] 6.89168 86.0847
ka[30] 4.3022 54.0596
ka[29] 2.61835 53.2883
ka[28] 3.1787 32.5904
ka[27] 3.8605 52.5178
ka[26] 3.79715 43.0784
ka[25] 3.227 71.269
ka[24] 5.39175 68.577
ka[23] 6.24435 92.024
ka[22] 3.3768 49.8342
ka[21] 1.953 47.9749
ka[20] 4.9273 74.8295
ka[19] 2.14515 66.239
ka[18] 2.6117 47.0115
ka[17] 4.4996 51.4001
ka[16] 6.4421 86.9227
ka[15] 4.9343 81.7705
ka[14] 3.0877 45.1598
ka[13] 3.71665 54.5249
ka[12] 2.4472 63.8372
ka[11] 4.45025 59.2175
ka[10] 4.71135 68.9892
ka[9] 4.17025 57.2304
ka[8] 4.34735 50.7217
ka[7] 5.2157 59.0491
ka[6] 3.88605 42.0247
ka[5] 3.24765 66.1009
ka[4] 2.26135 68.9522
ka[3] 3.0079 60.5015
ka[2] 2.7517 53.7459
ka[1] 3.64175 38.3264
ka[0] 5.57095 82.9145
randomize/key_kl_or_ka[127] 0.49245 59.2395
randomize/key_kl_or_ka[126] 1.5078 85.8867
randomize/key_kl_or_ka[125] 0.4571 54.8239
randomize/key_kl_or_ka[124] 0.3836 41.0584
randomize/key_kl_or_ka[123] 0.3059 76.4302
randomize/key_kl_or_ka[122] 0.66815 57.9361
randomize/key_kl_or_ka[121] 0.4921 63.9403
randomize/key_kl_or_ka[120] 0.5397 87.1595
randomize/key_kl_or_ka[119] 0.7434 77.7778
randomize/key_kl_or_ka[118] 0.6153 68.9989
randomize/key_kl_or_ka[117] 1.2789 51.7652
randomize/key_kl_or_ka[116] 0.4592 60.1372
randomize/key_kl_or_ka[115] 0.5495 64.4359
randomize/key_kl_or_ka[114] 0.93975 59.7952
randomize/key_kl_or_ka[113] 0.49945 14.9264
randomize/key_kl_or_ka[112] 0.4977 80.3094
randomize/key_kl_or_ka[111] 0.7231 58.1559
randomize/key_kl_or_ka[110] 0.5096 55.7005
randomize/key_kl_or_ka[109] 0.2821 33.4101
randomize/key_kl_or_ka[108] 0.7371 62.6848
randomize/key_kl_or_ka[107] 0.28385 36.8681
randomize/key_kl_or_ka[106] 0.4508 71.5062
randomize/key_kl_or_ka[105] 0.53445 45.5234
randomize/key_kl_or_ka[104] 0.7966 73.5062
randomize/key_kl_or_ka[103] 0.58485 66.9659
randomize/key_kl_or_ka[102] 0.4795 69.3431
randomize/key_kl_or_ka[101] 0.5908 67.9206
randomize/key_kl_or_ka[100] 0.42525 51.8519
randomize/key_kl_or_ka[99] 0.34685 71.8466
randomize/key_kl_or_ka[98] 0.48405 61.7498
randomize/key_kl_or_ka[97] 0.6307 57.0755
randomize/key_kl_or_ka[96] 0.7567 38.2351
randomize/key_kl_or_ka[95] 0.59185 61.7978
randomize/key_kl_or_ka[94] 0.67725 49.354
randomize/key_kl_or_ka[93] 0.54495 60.7579
randomize/key_kl_or_ka[92] 0.3024 18.6343
randomize/key_kl_or_ka[91] 0.3059 62.9291
randomize/key_kl_or_ka[90] 0.4018 12.6742
randomize/key_kl_or_ka[89] 0.3276 43.3761
randomize/key_kl_or_ka[88] 0.5586 27.8195
randomize/key_kl_or_ka[87] 0.5418 77.6486
randomize/key_kl_or_ka[86] 0.6468 66.6667
randomize/key_kl_or_ka[85] 0.4557 53.1874
randomize/key_kl_or_ka[84] 0.6741 31.9129
randomize/key_kl_or_ka[83] 0.3178 46.2555
randomize/key_kl_or_ka[82] 0.2772 68.0556
randomize/key_kl_or_ka[81] 0.4074 62.0275
randomize/key_kl_or_ka[80] 0.4466 35.3728
randomize/key_kl_or_ka[79] 0.40075 31.9651
randomize/key_kl_or_ka[78] 0.47775 45.3114
randomize/key_kl_or_ka[77] 0.6034 57.3749
randomize/key_kl_or_ka[76] 0.4683 34.006
randomize/key_kl_or_ka[75] 0.58975 48.9318
randomize/key_kl_or_ka[74] 0.4347 69.0821
randomize/key_kl_or_ka[73] 0.5712 50.8578
randomize/key_kl_or_ka[72] 0.62825 65.961
randomize/key_kl_or_ka[71] 0.30135 63.9954
randomize/key_kl_or_ka[70] 0.4585 40.8724
randomize/key_kl_or_ka[69] 0.55335 26.8185
randomize/key_kl_or_ka[68] 0.56875 67.3846
randomize/key_kl_or_ka[67] 0.4389 43.3812
randomize/key_kl_or_ka[66] 0.4389 54.7847
randomize/key_kl_or_ka[65] 0.2156 86.3636
randomize/key_kl_or_ka[64] 0.3451 62.069
randomize/key_kl_or_ka[63] 0.1589 58.5903
randomize/key_kl_or_ka[62] 0.1792 27.7344
randomize/key_kl_or_ka[61] 0.43225 69.3927
randomize/key_kl_or_ka[60] 0.5495 59.0446
randomize/key_kl_or_ka[59] 0.19005 68.6004
randomize/key_kl_or_ka[58] 0.3059 51.7162
randomize/key_kl_or_ka[57] 0.49735 47.3258
randomize/key_kl_or_ka[56] 0.161 60.8696
randomize/key_kl_or_ka[55] 0.3479 71.5292
randomize/key_kl_or_ka[54] 0.1792 43.75
randomize/key_kl_or_ka[53] 0.2758 47.5163
randomize/key_kl_or_ka[52] 0.36995 48.6282
randomize/key_kl_or_ka[51] 0.4823 53.4781
randomize/key_kl_or_ka[50] 0.36295 42.6712
randomize/key_kl_or_ka[49] 0.7441 39.158
randomize/key_kl_or_ka[48] 0.22435 56.8643
randomize/key_kl_or_ka[47] 0.2737 38.6189
randomize/key_kl_or_ka[46] 0.3591 42.5926
randomize/key_kl_or_ka[45] 0.6286 44.8775
randomize/key_kl_or_ka[44] 0.28595 53.8556
randomize/key_kl_or_ka[43] 0.55475 51.4196
randomize/key_kl_or_ka[42] 0.2072 70.4392
randomize/key_kl_or_ka[41] 0.42595 43.4323
randomize/key_kl_or_ka[40] 0.1939 69.8556
randomize/key_kl_or_ka[39] 0.3451 78.0933
randomize/key_kl_or_ka[38] 0.4501 64.0747
randomize/key_kl_or_ka[37] 0.5593 76.5957
randomize/key_kl_or_ka[36] 0.3185 13.5165
randomize/key_kl_or_ka[35] 0.5418 68.2817
randomize/key_kl_or_ka[34] 0.4956 37.8178
randomize/key_kl_or_ka[33] 0.57645 65.9988
randomize/key_kl_or_ka[32] 0.4774 42.2916
randomize/key_kl_or_ka[31] 0.20475 54.5299
randomize/key_kl_or_ka[30] 0.2723 43.3805
randomize/key_kl_or_ka[29] 0.4767 70.1909
randomize/key_kl_or_ka[28] 0.30555 54.4101
randomize/key_kl_or_ka[27] 0.82495 45.6088
randomize/key_kl_or_ka[26] 0.413 21.4407
randomize/key_kl_or_ka[25] 1.11055 61.9423
randomize/key_kl_or_ka[24] 0.336 6.875
randomize/key_kl_or_ka[23] 0.3094 63.8009
randomize/key_kl_or_ka[22] 0.6594 56.3163
randomize/key_kl_or_ka[21] 0.4088 54.1952
randomize/key_kl_or_ka[20] 0.5404 47.3168
randomize/key_kl_or_ka[19] 0.2912 67.5481
randomize/key_kl_or_ka[18] 0.4963 65.5148
randomize/key_kl_or_ka[17] 0.40845 53.042
randomize/key_kl_or_ka[16] 0.4914 75.9056
randomize/key_kl_or_ka[15] 0.5166 54.5054
randomize/key_kl_or_ka[14] 0.44065 14.9325
randomize/key_kl_or_ka[13] 0.36925 59.7969
randomize/key_kl_or_ka[12] 1.1011 24.6662
randomize/key_kl_or_ka[11] 0.27265 35.5584
randomize/key_kl_or_ka[10] 0.3836 70.5748
randomize/key_kl_or_ka[9] 1.2075 56.4058
randomize/key_kl_or_ka[8] 0.4543 56.2018
randomize/key_kl_or_ka[7] 0.7749 66.0569
randomize/key_kl_or_ka[6] 0.21 59.1667
randomize/key_kl_or_ka[5] 0.34335 55.0459
randomize/key_kl_or_ka[4] 0.3297 38.8535
randomize/key_kl_or_ka[3] 0.4473 79.108
randomize/key_kl_or_ka[2] 0.4767 64.6476
randomize/key_kl_or_ka[1] 0.3157 79.0466
randomize/key_kl_or_ka[0] 0.3514 77.3904
