
Power Net Detected:
    Voltage	    Name
    0.00V	    VSS
    0.95V	    VDD
Using Power View: generic_view.
Load RC corner of view generic_view

Begin Power Analysis

    0.00V	    VSS
    0.95V	    VDD

Begin Processing Timing Library for Power Calculation

Begin Processing Timing Library for Power Calculation



Begin Processing Power Net/Grid for Power Calculation

Ended Processing Power Net/Grid for Power Calculation: (cpu=0:00:00, real=0:00:00, mem(process/total/peak)=785.76MB/1756.42MB/785.78MB)

Begin Processing Timing Window Data for Power Calculation

CLK(100MHz) CK: assigning clock CLK to net clk
Ended Processing Timing Window Data for Power Calculation: (cpu=0:00:00, real=0:00:00, mem(process/total/peak)=787.14MB/1756.42MB/787.14MB)

Begin Processing User Attributes

Ended Processing User Attributes: (cpu=0:00:00, real=0:00:00, mem(process/total/peak)=787.19MB/1756.42MB/787.20MB)

Begin Processing Signal Activity


Starting Levelizing
2022-Mar-12 16:22:06 (2022-Mar-12 21:22:06 GMT)
2022-Mar-12 16:22:06 (2022-Mar-12 21:22:06 GMT): 10%
2022-Mar-12 16:22:06 (2022-Mar-12 21:22:06 GMT): 20%
2022-Mar-12 16:22:06 (2022-Mar-12 21:22:06 GMT): 30%
2022-Mar-12 16:22:06 (2022-Mar-12 21:22:06 GMT): 40%
2022-Mar-12 16:22:06 (2022-Mar-12 21:22:06 GMT): 50%
2022-Mar-12 16:22:06 (2022-Mar-12 21:22:06 GMT): 60%
2022-Mar-12 16:22:06 (2022-Mar-12 21:22:06 GMT): 70%
2022-Mar-12 16:22:06 (2022-Mar-12 21:22:06 GMT): 80%
2022-Mar-12 16:22:06 (2022-Mar-12 21:22:06 GMT): 90%

Finished Levelizing
2022-Mar-12 16:22:06 (2022-Mar-12 21:22:06 GMT)

Starting Activity Propagation
2022-Mar-12 16:22:06 (2022-Mar-12 21:22:06 GMT)
** INFO:  (VOLTUS_POWR-1356): No default input activity has been set. Defaulting to 0.2.
Use 'set_default_switching_activity -input_activity' command to change the default activity value.

2022-Mar-12 16:22:06 (2022-Mar-12 21:22:06 GMT): 10%
2022-Mar-12 16:22:06 (2022-Mar-12 21:22:06 GMT): 20%
2022-Mar-12 16:22:07 (2022-Mar-12 21:22:07 GMT): 30%
2022-Mar-12 16:22:07 (2022-Mar-12 21:22:07 GMT): 40%
2022-Mar-12 16:22:07 (2022-Mar-12 21:22:07 GMT): 50%
2022-Mar-12 16:22:07 (2022-Mar-12 21:22:07 GMT): 60%
2022-Mar-12 16:22:07 (2022-Mar-12 21:22:07 GMT): 70%
2022-Mar-12 16:22:07 (2022-Mar-12 21:22:07 GMT): 80%
2022-Mar-12 16:22:07 (2022-Mar-12 21:22:07 GMT): 90%

Finished Activity Propagation
2022-Mar-12 16:22:07 (2022-Mar-12 21:22:07 GMT)
Ended Processing Signal Activity: (cpu=0:00:00, real=0:00:00, mem(process/total/peak)=788.95MB/1756.42MB/788.95MB)

Begin Power Computation

      ----------------------------------------------------------
      # of cell(s) missing both power/leakage table: 0
      # of cell(s) missing power table: 0
      # of cell(s) missing leakage table: 0
      # of MSMV cell(s) missing power_level: 0
      ----------------------------------------------------------



Starting Calculating power
2022-Mar-12 16:22:07 (2022-Mar-12 21:22:07 GMT)
2022-Mar-12 16:22:07 (2022-Mar-12 21:22:07 GMT): 10%
2022-Mar-12 16:22:07 (2022-Mar-12 21:22:07 GMT): 20%
2022-Mar-12 16:22:07 (2022-Mar-12 21:22:07 GMT): 30%
2022-Mar-12 16:22:07 (2022-Mar-12 21:22:07 GMT): 40%
2022-Mar-12 16:22:08 (2022-Mar-12 21:22:08 GMT): 50%
2022-Mar-12 16:22:08 (2022-Mar-12 21:22:08 GMT): 60%
2022-Mar-12 16:22:08 (2022-Mar-12 21:22:08 GMT): 70%
2022-Mar-12 16:22:08 (2022-Mar-12 21:22:08 GMT): 80%
2022-Mar-12 16:22:08 (2022-Mar-12 21:22:08 GMT): 90%

Finished Calculating power
2022-Mar-12 16:22:08 (2022-Mar-12 21:22:08 GMT)
Ended Power Computation: (cpu=0:00:00, real=0:00:00, mem(process/total/peak)=798.73MB/1771.01MB/798.73MB)

Begin Processing User Attributes

Ended Processing User Attributes: (cpu=0:00:00, real=0:00:00, mem(process/total/peak)=798.73MB/1771.01MB/798.78MB)

Ended Power Analysis: (cpu=0:00:01, real=0:00:01, mem(process/total/peak)=798.78MB/1771.01MB/798.79MB)

Begin Boundary Leakage Calculation
Ended Boundary Leakage Calculation: (cpu=0:00:00, real=0:00:00,
mem(process/total/peak)=798.79MB/1771.01MB/798.79MB)
Begin Static Power Report Generation
*----------------------------------------------------------------------------------------
*	Innovus 18.13-s088_1 (64bit) 03/05/2019 11:30 (Linux 2.6.18-194.el5)
*	
*
* 	Date & Time:	2022-Mar-12 16:22:08 (2022-Mar-12 21:22:08 GMT)
*
*----------------------------------------------------------------------------------------
*
*	Design: top
*
*	Liberty Libraries used:
*	        generic_view: NangateOpenCellLibrary.lib
*
*	Parasitic Files used:
*
*       Power View : generic_view
*
*       User-Defined Activity : N.A.
*
*       Activity File: N.A.
*
*       Hierarchical Global Activity: N.A.
*
*       Global Activity: N.A.
*
*       Sequential Element Activity: N.A.
*
*       Primary Input Activity: 0.200000
*
*       Default icg ratio: N.A.
*
*       Global Comb ClockGate Ratio: N.A.
*
*	Power Units = 1mW
*
*	Time Units = 1e-09 secs
*
*       report_power
*
-----------------------------------------------------------------------------------------
*



Total Power
-----------------------------------------------------------------------------------------
Total Internal Power:        0.72166327 	   42.6739%
Total Switching Power:       0.82088280 	   48.5410%
Total Leakage Power:         0.14856611 	    8.7851%
Total Power:                 1.69111218
-----------------------------------------------------------------------------------------


Group                           Internal   Switching     Leakage       Total  Percentage 
                                Power      Power         Power         Power  (%)        
-----------------------------------------------------------------------------------------
Sequential                        0.2528      0.1036     0.02122      0.3776       22.33
Macro                                  0           0           0           0           0
IO                                     0           0           0           0           0
Combinational                     0.4551      0.6657       0.127       1.248       73.79
Clock (Combinational)             0.0138      0.0515   0.0003964      0.0657       3.885
Clock (Sequential)                     0           0           0           0           0
-----------------------------------------------------------------------------------------
Total                             0.7217      0.8209      0.1486       1.691         100
-----------------------------------------------------------------------------------------


Rail                  Voltage   Internal   Switching     Leakage       Total  Percentage 
                                Power      Power         Power         Power  (%)        
-----------------------------------------------------------------------------------------
VDD                      0.95     0.7217      0.8209      0.1486       1.691         100


Clock                           Internal   Switching     Leakage       Total  Percentage 
                                Power      Power         Power         Power  (%)        
-----------------------------------------------------------------------------------------
CLK                               0.0138      0.0515   0.0003964      0.0657       3.885
-----------------------------------------------------------------------------------------
Total                             0.0138      0.0515   0.0003964      0.0657       3.885
-----------------------------------------------------------------------------------------
Clock: CLK
Clock Period: 0.010000 usec 
Clock Toggle Rate:   200.0000 Mhz 
Clock Static Probability:  0.5000
  
 
 
-----------------------------------------------------------------------------------------
*	Power Distribution Summary: 
*              Highest Average Power:   CTS_ccl_BUF_CLK_G0_L1_9 (CLKBUF_X3):         0.004145
*              Highest Leakage Power: randomize/f_func/sbox4b/U171 (NOR4_X4):        0.0001576
*                Total Cap:      4.40612e-11 F
*                Total instances in design:  6710
*                Total instances in design with no power:     0
*                Total instances in design with no activty:     0

*                Total Fillers and Decap:     0
-----------------------------------------------------------------------------------------
 
Ended Static Power Report Generation: (cpu=0:00:00, real=0:00:00,
mem(process/total/peak)=800.84MB/1773.01MB/800.89MB)

