Weights:
	des_issues:		0.25
	des_perf:		0.25
	ti_fts_total:		0.5
	des_perf_setup_FEP:		(1/6)
	fsp_fi_ea_c_total:		0.5
	ti_fts:		0.5
	des_p_total:		0.25
	des_perf_setup_WNS:		(1/3)
	fsp_fi_ea_c_avg:		(1/6)
	fsp_fi_ea_c_max:		(1/3)
	des_perf_setup_TNS:		0.5
	fsp_fi_ea_n_avg:		(1/6)
	ti_sts_max:		(1/3)
	des_area:		0.25
	ti_fts_avg:		(1/6)
	fsp_fi_ea_n:		0.5
	fsp_fi_ea_n_total:		0.5
	ti_sts:		0.5
	fsp_fi_ea_n_max:		(1/3)
	fsp_fi_ea_c:		0.5
	ti_sts_avg:		(1/6)
	ti_sts_total:		0.5
	ti_fts_max:		(1/3)

Constraints:
	des_issues:		2
	des_perf:		20
	des_p_total:		10
	des_area:		3

Baseline metrics:
	des_issues:		138
	ti_fts_total:		17168
	des_perf_setup_FEP:		0
	fsp_fi_ea_c_total:		469.822
	des_p_total:		0.37701740
	des_perf_setup_WNS:		6.813
	fsp_fi_ea_c_avg:		58.6375
	fsp_fi_ea_c_max:		82.4023
	des_perf_setup_TNS:		0.000
	fsp_fi_ea_n_avg:		72.1485
	ti_sts_max:		374
	des_area:		4300.5284
	ti_fts_avg:		235.17
	fsp_fi_ea_n_total:		110.907
	fsp_fi_ea_n_max:		99.5131
	ti_sts_avg:		83.79
	ti_sts_total:		6117
	ti_fts_max:		523

Submission metrics:
	des_issues:		0
	ti_fts_total:		705
	des_perf_setup_FEP:		0
	fsp_fi_ea_c_total:		306.127
	des_p_total:		0.22345835
	des_perf_setup_WNS:		6.818
	fsp_fi_ea_c_avg:		39.4945
	fsp_fi_ea_c_max:		76.0589
	des_perf_setup_TNS:		0.000
	fsp_fi_ea_n_avg:		64.5068
	ti_sts_max:		60
	des_area:		2561.6332
	ti_fts_avg:		176.25
	fsp_fi_ea_n_total:		173.996
	fsp_fi_ea_n_max:		100
	ti_sts_avg:		40.00
	ti_sts_total:		160
	ti_fts_max:		263

Base scores (non-weighted):
	des_issues:		0
	ti_fts_total:		.04106
	des_perf_setup_FEP:		0
	fsp_fi_ea_c_total:		.65158
	des_p_total:		.59270
	des_perf_setup_WNS:		0
	fsp_fi_ea_c_avg:		.67353
	fsp_fi_ea_c_max:		.92301
	des_perf_setup_TNS:		0
	fsp_fi_ea_n_avg:		.89408
	ti_sts_max:		.16042
	des_area:		.59565
	ti_fts_avg:		.74945
	fsp_fi_ea_n_total:		1.56884
	fsp_fi_ea_n_max:		1.00489
	ti_sts_avg:		.47738
	ti_sts_total:		.02615
	ti_fts_max:		.50286

Scores (weighted):
	des_issues:		0.00000
	OVERALL:		0.18369
	des_perf:		0.00001
	ti_fts:		0.31305
	fsp_fi:		1.00704
	des_p_total:		0.59270
	des:		0.29709
	des_area:		0.59565
	fsp_fi_ea_n:		1.26838
	ti_sts:		0.14611
	fsp_fi_ea_c:		0.74570
	ti:		0.22958

Constraints checks:
Check for score component "des_issues" passed.
Check for score component "des_perf" passed.
Check for score component "des_p_total" passed.
Check for score component "des_area" passed.

