( krg3_reg_28_ 20.71 27.86 23.94 29.26 )
( krg3_reg_1_ 35.15 36.26 38.38 37.66 )
( krg3_reg_2_ 36.86 34.86 40.09 36.26 )
( krg3_reg_3_ 37.62 26.46 40.85 27.86 )
( krg3_reg_4_ 34.96 32.06 38.19 33.46 )
( krg3_reg_5_ 38.0 23.66 41.23 25.06 )
( krg3_reg_6_ 36.29 18.06 39.52 19.46 )
( krg3_reg_7_ 31.92 25.06 35.15 26.46 )
( krg3_reg_8_ 26.03 16.66 29.26 18.06 )
( krg3_reg_9_ 29.64 8.26 32.87 9.66 )
( krg3_reg_10_ 30.21 4.06 33.44 5.46 )
( krg3_reg_11_ 27.17 5.46 30.4 6.86 )
( krg3_reg_12_ 26.98 4.06 30.21 5.46 )
( krg3_reg_13_ 23.94 5.46 27.17 6.86 )
( krg3_reg_14_ 20.71 5.46 23.94 6.86 )
( krg3_reg_15_ 17.48 5.46 20.71 6.86 )
( krg3_reg_16_ 14.06 4.06 17.29 5.46 )
( krg3_reg_17_ 10.83 4.06 14.06 5.46 )
( krg3_reg_18_ 9.88 5.46 13.11 6.86 )
( krg3_reg_19_ 6.65 5.46 9.88 6.86 )
( krg3_reg_20_ 12.54 6.86 15.77 8.26 )
( krg3_reg_21_ 9.31 6.86 12.54 8.26 )
( krg3_reg_22_ 7.6 15.26 10.83 16.66 )
( krg3_reg_23_ 6.46 18.06 9.69 19.46 )
( krg3_reg_24_ 12.54 18.06 15.77 19.46 )
( krg3_reg_25_ 13.3 34.86 16.53 36.26 )
( krg3_reg_26_ 10.83 30.66 14.06 32.06 )
( krg3_reg_27_ 17.1 29.26 20.33 30.66 )
( krg3_reg_56_ 40.47 41.86 43.7 43.26 )
( krg3_reg_29_ 36.29 39.06 39.52 40.46 )
( krg3_reg_30_ 34.96 44.66 38.19 46.06 )
( krg3_reg_31_ 19.19 40.46 22.42 41.86 )
( krg3_reg_32_ 15.96 40.46 19.19 41.86 )
( krg3_reg_33_ 12.35 43.26 15.58 44.66 )
( krg3_reg_34_ 7.03 46.06 10.26 47.46 )
( krg3_reg_35_ 7.98 50.26 11.21 51.66 )
( krg3_reg_36_ 7.03 53.06 10.26 54.46 )
( krg3_reg_37_ 6.65 51.66 9.88 53.06 )
( krg3_reg_38_ 7.03 60.06 10.26 61.46 )
( krg3_reg_39_ 9.5 62.86 12.73 64.26 )
( krg3_reg_40_ 12.35 64.26 15.58 65.66 )
( krg3_reg_41_ 19.57 64.26 22.8 65.66 )
( krg3_reg_42_ 19.0 62.86 22.23 64.26 )
( krg3_reg_43_ 27.74 64.26 30.97 65.66 )
( krg3_reg_44_ 30.97 64.26 34.2 65.66 )
( krg3_reg_45_ 30.4 62.86 33.63 64.26 )
( krg3_reg_46_ 40.85 62.86 44.08 64.26 )
( krg3_reg_47_ 44.08 62.86 47.31 64.26 )
( krg3_reg_48_ 44.84 61.46 48.07 62.86 )
( krg3_reg_49_ 44.84 54.46 48.07 55.86 )
( krg3_reg_50_ 48.45 51.66 51.68 53.06 )
( krg3_reg_51_ 48.45 50.26 51.68 51.66 )
( krg3_reg_52_ 43.89 46.06 47.12 47.46 )
( krg3_reg_53_ 44.46 48.86 47.69 50.26 )
( krg3_reg_54_ 39.9 37.66 43.13 39.06 )
( krg3_reg_55_ 43.7 41.86 46.93 43.26 )
( krg1_reg_28_ 17.48 27.86 20.71 29.26 )
( krg1_reg_1_ 20.71 37.66 23.94 39.06 )
( krg1_reg_2_ 21.85 30.66 25.08 32.06 )
( krg1_reg_3_ 23.56 32.06 26.79 33.46 )
( krg1_reg_4_ 25.65 30.66 28.88 32.06 )
( krg1_reg_5_ 28.69 25.06 31.92 26.46 )
( krg1_reg_6_ 26.22 20.86 29.45 22.26 )
( krg1_reg_7_ 25.65 22.26 28.88 23.66 )
( krg1_reg_8_ 25.46 18.06 28.69 19.46 )
( krg1_reg_9_ 28.88 6.86 32.11 8.26 )
( krg1_reg_10_ 22.23 18.06 25.46 19.46 )
( krg1_reg_11_ 21.85 16.66 25.08 18.06 )
( krg1_reg_12_ 23.75 4.06 26.98 5.46 )
( krg1_reg_13_ 20.52 4.06 23.75 5.46 )
( krg1_reg_14_ 17.29 4.06 20.52 5.46 )
( krg1_reg_15_ 14.25 5.46 17.48 6.86 )
( krg1_reg_16_ 7.6 4.06 10.83 5.46 )
( krg1_reg_17_ 6.08 11.06 9.31 12.46 )
( krg1_reg_18_ 6.08 6.86 9.31 8.26 )
( krg1_reg_19_ 4.37 4.06 7.6 5.46 )
( krg1_reg_20_ 7.03 9.66 10.26 11.06 )
( krg1_reg_21_ 7.03 13.86 10.26 15.26 )
( krg1_reg_22_ 5.13 16.66 8.36 18.06 )
( krg1_reg_23_ 6.08 29.26 9.31 30.66 )
( krg1_reg_24_ 7.03 22.26 10.26 23.66 )
( krg1_reg_25_ 7.6 33.46 10.83 34.86 )
( krg1_reg_26_ 7.03 34.86 10.26 36.26 )
( krg1_reg_27_ 13.68 33.46 16.91 34.86 )
( krg1_reg_56_ 36.67 37.66 39.9 39.06 )
( krg1_reg_29_ 25.65 40.46 28.88 41.86 )
( krg1_reg_30_ 25.08 51.66 28.31 53.06 )
( krg1_reg_31_ 19.76 43.26 22.99 44.66 )
( krg1_reg_32_ 12.73 40.46 15.96 41.86 )
( krg1_reg_33_ 9.12 44.66 12.35 46.06 )
( krg1_reg_34_ 7.41 43.26 10.64 44.66 )
( krg1_reg_35_ 7.98 47.46 11.21 48.86 )
( krg1_reg_36_ 7.03 58.66 10.26 60.06 )
( krg1_reg_37_ 7.6 54.46 10.83 55.86 )
( krg1_reg_38_ 7.6 55.86 10.83 57.26 )
( krg1_reg_39_ 7.03 61.46 10.26 62.86 )
( krg1_reg_40_ 10.26 61.46 13.49 62.86 )
( krg1_reg_41_ 9.12 64.26 12.35 65.66 )
( krg1_reg_42_ 5.89 64.26 9.12 65.66 )
( krg1_reg_43_ 15.58 64.26 18.81 65.66 )
( krg1_reg_44_ 22.8 62.86 26.03 64.26 )
( krg1_reg_45_ 23.94 64.26 27.17 65.66 )
( krg1_reg_46_ 34.77 62.86 38.0 64.26 )
( krg1_reg_47_ 35.34 64.26 38.57 65.66 )
( krg1_reg_48_ 38.57 64.26 41.8 65.66 )
( krg1_reg_49_ 41.8 64.26 45.03 65.66 )
( krg1_reg_50_ 34.2 48.86 37.43 50.26 )
( krg1_reg_51_ 34.01 47.46 37.24 48.86 )
( krg1_reg_52_ 40.09 44.66 43.32 46.06 )
( krg1_reg_53_ 40.47 47.46 43.7 48.86 )
( krg1_reg_54_ 31.73 44.66 34.96 46.06 )
( krg1_reg_55_ 40.09 39.06 43.32 40.46 )
( krg2_reg_28_ 18.24 39.06 21.47 40.46 )
( krg2_reg_1_ 25.84 39.06 29.07 40.46 )
( krg2_reg_2_ 31.73 39.06 34.96 40.46 )
( krg2_reg_3_ 31.35 37.66 34.58 39.06 )
( krg2_reg_4_ 30.4 36.26 33.63 37.66 )
( krg2_reg_5_ 31.73 30.66 34.96 32.06 )
( krg2_reg_6_ 30.59 27.86 33.82 29.26 )
( krg2_reg_7_ 32.11 26.46 35.34 27.86 )
( krg2_reg_8_ 26.22 23.66 29.45 25.06 )
( krg2_reg_9_ 22.8 29.26 26.03 30.66 )
( krg2_reg_10_ 22.99 20.86 26.22 22.26 )
( krg2_reg_11_ 22.42 40.46 25.65 41.86 )
( krg2_reg_12_ 20.71 41.86 23.94 43.26 )
( krg2_reg_13_ 21.47 19.46 24.7 20.86 )
( krg2_reg_14_ 18.24 19.46 21.47 20.86 )
( krg2_reg_15_ 19.0 18.06 22.23 19.46 )
( krg2_reg_16_ 17.1 16.66 20.33 18.06 )
( krg2_reg_17_ 15.77 18.06 19.0 19.46 )
( krg2_reg_18_ 13.11 29.26 16.34 30.66 )
( krg2_reg_19_ 7.03 25.06 10.26 26.46 )
( krg2_reg_20_ 6.65 30.66 9.88 32.06 )
( krg2_reg_21_ 7.79 26.46 11.02 27.86 )
( krg2_reg_22_ 6.08 37.66 9.31 39.06 )
( krg2_reg_23_ 7.98 36.26 11.21 37.66 )
( krg2_reg_24_ 7.98 39.06 11.21 40.46 )
( krg2_reg_25_ 7.22 40.46 10.45 41.86 )
( krg2_reg_26_ 12.73 37.66 15.96 39.06 )
( krg2_reg_27_ 15.96 37.66 19.19 39.06 )
( krg2_reg_56_ 30.21 48.86 33.44 50.26 )
( krg2_reg_29_ 29.83 40.46 33.06 41.86 )
( krg2_reg_30_ 28.31 46.06 31.54 47.46 )
( krg2_reg_31_ 25.08 47.46 28.31 48.86 )
( krg2_reg_32_ 21.85 47.46 25.08 48.86 )
( krg2_reg_33_ 20.33 50.26 23.56 51.66 )
( krg2_reg_34_ 19.0 51.66 22.23 53.06 )
( krg2_reg_35_ 26.6 53.06 29.83 54.46 )
( krg2_reg_36_ 14.82 51.66 18.05 53.06 )
( krg2_reg_37_ 14.06 53.06 17.29 54.46 )
( krg2_reg_38_ 20.33 53.06 23.56 54.46 )
( krg2_reg_39_ 14.82 54.46 18.05 55.86 )
( krg2_reg_40_ 18.43 57.26 21.66 58.66 )
( krg2_reg_41_ 21.28 58.66 24.51 60.06 )
( krg2_reg_42_ 24.7 57.26 27.93 58.66 )
( krg2_reg_43_ 25.27 54.46 28.5 55.86 )
( krg2_reg_44_ 26.22 58.66 29.45 60.06 )
( krg2_reg_45_ 29.45 58.66 32.68 60.06 )
( krg2_reg_46_ 32.3 60.06 35.53 61.46 )
( krg2_reg_47_ 32.68 58.66 35.91 60.06 )
( krg2_reg_48_ 36.1 57.26 39.33 58.66 )
( krg2_reg_49_ 39.14 55.86 42.37 57.26 )
( krg2_reg_50_ 37.43 51.66 40.66 53.06 )
( krg2_reg_51_ 38.57 53.06 41.8 54.46 )
( krg2_reg_52_ 34.01 50.26 37.24 51.66 )
( krg2_reg_53_ 38.0 50.26 41.23 51.66 )
( krg2_reg_54_ 29.83 53.06 33.06 54.46 )
( krg2_reg_55_ 32.49 46.06 35.72 47.46 )
