Total exposed area across net assets: 389.227
Max exposure [%] across net assets: 94.6615
Avg exposure [%] across net assets: 54.3141

#NetName TotalAreaNet PercentageExposedAreaNet
key1[1] 0.7588 26.4299
key1[2] 3.6554 91.1815
key1[3] 0.7553 22.8452
key1[4] 1.1508 20.8942
key1[5] 1.39265 30.7112
key1[6] 5.4075 88.1489
key1[7] 4.0124 89.3667
key1[9] 0.637 39.6429
key1[10] 2.4353 49.6407
key1[11] 0.52325 32.8428
key1[12] 2.436 48.3261
key1[13] 3.3075 82.1058
key1[14] 9.7461 87.2598
key1[15] 3.8073 83.6669
key1[17] 1.1935 57.0674
key1[18] 1.7262 36.5775
key1[19] 1.1655 20.3604
key1[20] 1.3524 36.5942
key1[21] 7.3423 81.7142
key1[22] 5.978 89.2301
key1[23] 5.0834 83.992
key1[25] 1.3027 48.3745
key1[26] 1.7304 18.8309
key1[27] 0.64295 6.23299
key1[28] 1.7234 43.8856
key1[29] 8.3804 86.9237
key1[30] 5.3025 91.1353
key1[31] 6.468 72.8517
key1[33] 0.539 36.1039
key1[34] 1.2838 43.7023
key1[35] 0.47635 37.1785
key1[36] 2.84165 39.9433
key1[37] 4.2672 32.5623
key1[38] 12.4075 93.5825
key1[39] 1.2467 30.6569
key1[41] 3.4244 89.4419
key1[42] 1.3755 32.1374
key1[43] 0.784 71.6071
key1[44] 0.64015 31.602
key1[45] 11.1979 88.9167
key1[46] 7.93485 91.2377
key1[47] 2.2372 74.9218
key1[49] 4.4737 38.1955
key1[50] 2.4906 53.4289
key1[51] 0.7035 34.1791
key1[52] 0.52465 13.8759
key1[53] 10.8472 93.8274
key1[54] 2.97535 31.214
key1[55] 1.0661 42.3506
key1[57] 0.5495 11.4331
key1[58] 1.2712 48.4031
key1[59] 1.6548 11.4304
key1[60] 1.0969 52.6484
key1[61] 4.6907 42.0236
key1[62] 0.4921 42.8876
key1[63] 1.2082 40.0927
key2[1] 9.87017 94.0391
key2[2] 2.24875 43.3307
key2[3] 2.6397 50.7823
key2[4] 1.8501 21.8691
key2[5] 5.7729 78.4649
key2[6] 5.47085 75.2991
key2[7] 3.1395 17.416
key2[9] 8.1053 91.1909
key2[10] 3.43858 47.636
key2[11] 1.9922 48.3134
key2[12] 5.4411 75.0547
key2[13] 4.809 82.3144
key2[14] 1.8599 43.5454
key2[15] 1.8711 55.78
key2[17] 2.9918 21.4553
key2[18] 7.847 93.4835
key2[19] 0.7385 45.1659
key2[20] 4.6046 47.7653
key2[21] 6.9363 83.7067
key2[22] 1.9502 69.921
key2[23] 2.8483 44.8145
key2[25] 9.8343 94.6615
key2[26] 6.89185 90.6099
key2[27] 2.2176 26.8387
key2[28] 4.6606 84.3346
key2[29] 7.7252 83.4263
key2[30] 1.6646 56.8124
key2[31] 2.6404 34.6501
key2[33] 6.6479 73.6759
key2[34] 1.7339 44.348
key2[35] 4.7943 93.2472
key2[36] 1.2068 15.2552
key2[37] 8.0297 88.035
key2[38] 3.4531 46.7261
key2[39] 4.3631 77.1137
key2[41] 3.7744 63.724
key2[42] 1.9103 49.6152
key2[43] 1.5309 6.18427
key2[44] 2.8049 64.3998
key2[45] 6.671 90.9549
key2[46] 4.7278 41.4717
key2[47] 4.1622 55.592
key2[49] 2.1644 57.7781
key2[50] 5.5419 73.9548
key2[51] 2.492 18.8904
key2[52] 1.0689 43.5822
key2[53] 6.6535 92.9195
key2[54] 3.794 53.9483
key2[55] 2.01285 44.0619
key2[57] 4.0411 64.5592
key2[58] 5.1436 77.1911
key2[59] 4.2252 34.6256
key2[60] 0.9443 35.063
key2[61] 7.5929 86.0238
key2[62] 2.2428 42.8683
key2[63] 5.5993 79.8975
key3[1] 3.1871 13.7052
key3[2] 4.3309 80.9924
key3[3] 3.0373 19.9585
key3[4] 0.8323 7.14886
key3[5] 0.7147 40.4505
key3[6] 1.38355 26.9795
key3[7] 0.5866 59.8449
key3[9] 1.6744 28.2609
key3[10] 3.03765 55.5364
key3[11] 4.5108 74.3405
key3[12] 1.9922 46.785
key3[13] 0.7609 21.7111
key3[14] 2.7174 80.1391
key3[15] 1.5316 56.4671
key3[17] 3.88535 8.11639
key3[18] 5.8541 84.0069
key3[19] 4.8706 91.0427
key3[20] 1.2691 20.7115
key3[21] 0.8393 46.2469
key3[22] 1.6996 58.4741
key3[23] 0.8218 6.0477
key3[25] 2.0132 36.3787
key3[26] 6.13725 83.8666
key3[27] 6.8453 87.1792
key3[28] 0.5775 18.0606
key3[29] 1.7409 64.1335
key3[30] 1.4665 43.9618
key3[31] 0.7098 34.9112
key3[33] 2.9078 13.4088
key3[34] 6.8992 86.2622
key3[35] 6.6185 85.6319
key3[36] 3.5385 87.4876
key3[37] 1.5764 59.103
key3[38] 1.2663 43.864
key3[39] 1.2131 66.7051
key3[41] 1.7311 22.8872
key3[42] 4.8671 90.7378
key3[43] 8.5379 92.367
key3[44] 1.4728 30.8222
key3[45] 1.5253 74.8508
key3[46] 1.0885 40.7717
key3[47] 0.9177 39.2067
key3[49] 2.6411 66.478
key3[50] 4.8601 84.6392
key3[51] 8.5022 86.2239
key3[52] 1.4854 46.065
key3[53] 2.1266 69.9803
key3[54] 0.7973 38.1475
key3[55] 0.58205 46.0313
key3[57] 2.6432 25.6621
key3[58] 8.22325 90.3809
key3[59] 5.9906 81.2631
key3[60] 0.54075 25.7605
key3[61] 1.2334 57.5766
key3[62] 0.6048 18.5185
key3[63] 1.3678 23.6694
