###############################################################
#  Generated by:      Cadence Innovus 21.16-s078_1
#  OS:                Linux x86_64(Host ID ece004.ece.local.cmu.edu)
#  Generated on:      Tue Aug  6 00:12:50 2024
#  Design:            TDES
#  Command:           check_connectivity
###############################################################
Verify Connectivity Report is created on Tue Aug  6 00:12:50 2024




Multi-CPU acceleration using 8 CPU


Use pthread

Net VDD: has special routes with opens at (3.285, 3.165) (65.875, 66.555)
Net VDD: has special routes with opens at (4.180, 3.975) (64.980, 4.560)
Net VDD: has special routes with opens at (4.180, 34.360) (64.980, 35.360)
Net VDD: has special routes with opens at (4.180, 65.160) (64.980, 65.745)
Net VDD: dangling Wire at (4.180, 4.060) (4.180, 4.060) on layer: metal1
Net VDD: dangling Wire at (64.980, 4.060) (64.980, 4.060) on layer: metal1
Net VDD: dangling Wire at (4.180, 65.660) (4.180, 65.660) on layer: metal1
Net VDD: dangling Wire at (64.980, 65.660) (64.980, 65.660) on layer: metal1

Begin Summary
    4 Problem(s) (IMPVFC-200): Special Wires: Pieces of the net are not connected together.
    4 Problem(s) (IMPVFC-94): The net has dangling wire(s).
    8 total info(s) created.
End Summary
