###############################################################
#  Generated by:      Cadence Innovus 21.16-s078_1
#  OS:                Linux x86_64(Host ID ece004.ece.local.cmu.edu)
#  Generated on:      Tue Aug  6 00:12:51 2024
#  Design:            TDES
#  Command:           check_pin_assignment
###############################################################

Start Checking pins of top cell: [TDES] 
Summary report for top level: [TDES] 
	Total Pins                         : 304
	Legally Assigned Pins              : 304
End of Summary report
End Checking pins of top cell: [TDES] 


===========================================================================================================================
                                                checkPinAssignment Summary
===========================================================================================================================
Partition   | pads  | pins   | legal  | illegal | internal | internal illegal | FT     | FT illegal | constant | unplaced |
===========================================================================================================================
TDES        |     0 |    304 |    304 |       0 |        0 |                0 |      0 |          0 |        0 |        0 |
===========================================================================================================================
TOTAL       |     0 |    304 |    304 |       0 |        0 |                0 |      0 |          0 |        0 |        0 |
===========================================================================================================================
