Weights:
	des_issues:		0.25
	des_perf:		0.25
	ti_fts_total:		0.5
	des_perf_setup_FEP:		(1/6)
	fsp_fi_ea_c_total:		0.5
	ti_fts:		0.5
	des_p_total:		0.25
	des_perf_setup_WNS:		(1/3)
	fsp_fi_ea_c_avg:		(1/6)
	fsp_fi_ea_c_max:		(1/3)
	des_perf_setup_TNS:		0.5
	fsp_fi_ea_n_avg:		(1/6)
	ti_sts_max:		(1/3)
	des_area:		0.25
	ti_fts_avg:		(1/6)
	fsp_fi_ea_n:		0.5
	fsp_fi_ea_n_total:		0.5
	ti_sts:		0.5
	fsp_fi_ea_n_max:		(1/3)
	fsp_fi_ea_c:		0.5
	ti_sts_avg:		(1/6)
	ti_sts_total:		0.5
	ti_fts_max:		(1/3)

Constraints:
	des_issues:		2
	des_perf:		20
	des_p_total:		10
	des_area:		3

Baseline metrics:
	des_issues:		143
	ti_fts_total:		307450
	des_perf_setup_FEP:		0
	fsp_fi_ea_c_total:		305.761
	des_p_total:		2.25221634
	des_perf_setup_WNS:		2.215
	fsp_fi_ea_c_avg:		52.8253
	fsp_fi_ea_c_max:		75.9697
	des_perf_setup_TNS:		0.000
	fsp_fi_ea_n_avg:		56.2777
	ti_sts_max:		3152
	des_area:		39604.74
	ti_fts_avg:		346.61
	fsp_fi_ea_n_total:		282.278
	fsp_fi_ea_n_max:		100
	ti_sts_avg:		341.49
	ti_sts_total:		302906
	ti_fts_max:		1589

Submission metrics:
	des_issues:		0
	ti_fts_total:		2051
	des_perf_setup_FEP:		0
	fsp_fi_ea_c_total:		170.52
	des_p_total:		2.32362605
	des_perf_setup_WNS:		1.974
	fsp_fi_ea_c_avg:		29.4601
	fsp_fi_ea_c_max:		51.2047
	des_perf_setup_TNS:		0.000
	fsp_fi_ea_n_avg:		47.1124
	ti_sts_max:		561
	des_area:		20558.1321
	ti_fts_avg:		410.20
	fsp_fi_ea_n_total:		539.538
	fsp_fi_ea_n_max:		100
	ti_sts_avg:		312.40
	ti_sts_total:		1562
	ti_fts_max:		676

Base scores (non-weighted):
	des_issues:		0
	ti_fts_total:		.00667
	des_perf_setup_FEP:		0
	fsp_fi_ea_c_total:		.55769
	des_p_total:		1.03170
	des_perf_setup_WNS:		0
	fsp_fi_ea_c_avg:		.55768
	fsp_fi_ea_c_max:		.67401
	des_perf_setup_TNS:		0
	fsp_fi_ea_n_avg:		.83714
	ti_sts_max:		.17798
	des_area:		.51908
	ti_fts_avg:		1.18346
	fsp_fi_ea_n_total:		1.91137
	fsp_fi_ea_n_max:		1.00000
	ti_sts_avg:		.91481
	ti_sts_total:		.00515
	ti_fts_max:		.42542

Scores (weighted):
	des_issues:		0.00000
	OVERALL:		0.25023
	des_perf:		0.00001
	ti_fts:		0.34236
	fsp_fi:		1.01249
	des_p_total:		1.03170
	des:		0.38770
	des_area:		0.51908
	fsp_fi_ea_n:		1.42853
	ti_sts:		0.21435
	fsp_fi_ea_c:		0.59645
	ti:		0.27836

Constraints checks:
Check for score component "des_issues" passed.
Check for score component "des_perf" passed.
Check for score component "des_p_total" passed.
Check for score component "des_area" passed.

