Total exposed area across cell assets: 469.822
Max exposure [%] across cell assets: 82.4023
Avg exposure [%] across cell assets: 58.6375

Instance: fsm_state_reg_0_ angle: 0 side: N Area_Exposed: 2.28987 Perc_Exposed: 43.0428
Instance: current_key_reg_15_ angle: 0 side: N Area_Exposed: 3.6815 Perc_Exposed: 69.2011
Instance: current_key_reg_76_ angle: 0 side: N Area_Exposed: 4.25905 Perc_Exposed: 80.0573
Instance: current_key_reg_57_ angle: 0 side: N Area_Exposed: 3.8075 Perc_Exposed: 71.5695
Instance: current_key_reg_38_ angle: 0 side: N Area_Exposed: 3.29792 Perc_Exposed: 61.9911
Instance: current_key_reg_19_ angle: 0 side: N Area_Exposed: 3.6723 Perc_Exposed: 69.0282
Instance: current_key_reg_0_ angle: 0 side: N Area_Exposed: 2.7429 Perc_Exposed: 51.5583
Instance: current_key_reg_61_ angle: 0 side: N Area_Exposed: 3.18013 Perc_Exposed: 59.7768
Instance: current_key_reg_42_ angle: 0 side: N Area_Exposed: 3.2971 Perc_Exposed: 61.9756
Instance: current_key_reg_23_ angle: 0 side: N Area_Exposed: 3.08095 Perc_Exposed: 57.9126
Instance: current_key_reg_4_ angle: 0 side: N Area_Exposed: 4.32645 Perc_Exposed: 81.3242
Instance: current_key_reg_65_ angle: 0 side: N Area_Exposed: 2.86065 Perc_Exposed: 53.7716
Instance: current_key_reg_46_ angle: 0 side: N Area_Exposed: 3.18418 Perc_Exposed: 59.8529
Instance: current_key_reg_27_ angle: 0 side: N Area_Exposed: 4.14738 Perc_Exposed: 77.9582
Instance: current_key_reg_8_ angle: 0 side: N Area_Exposed: 3.4847 Perc_Exposed: 65.5019
Instance: current_key_reg_69_ angle: 0 side: N Area_Exposed: 3.49375 Perc_Exposed: 65.672
Instance: current_key_reg_50_ angle: 0 side: N Area_Exposed: 1.9746 Perc_Exposed: 37.1165
Instance: current_key_reg_31_ angle: 0 side: N Area_Exposed: 2.97915 Perc_Exposed: 55.9991
Instance: current_key_reg_12_ angle: 0 side: N Area_Exposed: 3.33632 Perc_Exposed: 62.7129
Instance: current_key_reg_73_ angle: 0 side: N Area_Exposed: 3.1021 Perc_Exposed: 58.3102
Instance: current_key_reg_54_ angle: 0 side: N Area_Exposed: 2.5283 Perc_Exposed: 47.5244
Instance: current_key_reg_35_ angle: 0 side: N Area_Exposed: 3.68445 Perc_Exposed: 69.2566
Instance: current_key_reg_16_ angle: 0 side: N Area_Exposed: 2.48557 Perc_Exposed: 46.7213
Instance: current_key_reg_77_ angle: 0 side: N Area_Exposed: 3.15602 Perc_Exposed: 59.3238
Instance: current_key_reg_58_ angle: 0 side: N Area_Exposed: 3.4235 Perc_Exposed: 64.3515
Instance: current_key_reg_39_ angle: 0 side: N Area_Exposed: 3.53573 Perc_Exposed: 66.461
Instance: current_key_reg_20_ angle: 0 side: N Area_Exposed: 3.01925 Perc_Exposed: 56.7528
Instance: current_key_reg_1_ angle: 0 side: N Area_Exposed: 3.1948 Perc_Exposed: 60.0526
Instance: current_key_reg_62_ angle: 0 side: N Area_Exposed: 4.01185 Perc_Exposed: 75.4107
Instance: current_key_reg_43_ angle: 0 side: N Area_Exposed: 3.2636 Perc_Exposed: 61.3459
Instance: current_key_reg_24_ angle: 0 side: N Area_Exposed: 1.5792 Perc_Exposed: 29.6842
Instance: current_key_reg_5_ angle: 0 side: N Area_Exposed: 2.82095 Perc_Exposed: 53.0254
Instance: current_key_reg_66_ angle: 0 side: N Area_Exposed: 2.128 Perc_Exposed: 40
Instance: current_key_reg_47_ angle: 0 side: N Area_Exposed: 2.63895 Perc_Exposed: 49.6043
Instance: current_key_reg_28_ angle: 0 side: N Area_Exposed: 2.5495 Perc_Exposed: 47.9229
Instance: current_key_reg_9_ angle: 0 side: N Area_Exposed: 2.06543 Perc_Exposed: 38.8238
Instance: current_key_reg_70_ angle: 0 side: N Area_Exposed: 3.22382 Perc_Exposed: 60.5982
Instance: current_key_reg_51_ angle: 0 side: N Area_Exposed: 2.7478 Perc_Exposed: 51.6504
Instance: current_key_reg_32_ angle: 0 side: N Area_Exposed: 2.7986 Perc_Exposed: 52.6053
Instance: current_key_reg_13_ angle: 0 side: N Area_Exposed: 2.16262 Perc_Exposed: 40.6508
Instance: current_key_reg_74_ angle: 0 side: N Area_Exposed: 3.97915 Perc_Exposed: 74.7961
Instance: current_key_reg_55_ angle: 0 side: N Area_Exposed: 3.8652 Perc_Exposed: 72.6541
Instance: current_key_reg_36_ angle: 0 side: N Area_Exposed: 3.074 Perc_Exposed: 57.782
Instance: current_key_reg_17_ angle: 0 side: N Area_Exposed: 3.92702 Perc_Exposed: 73.8163
Instance: current_key_reg_78_ angle: 0 side: N Area_Exposed: 3.42697 Perc_Exposed: 64.4168
Instance: current_key_reg_59_ angle: 0 side: N Area_Exposed: 3.0279 Perc_Exposed: 56.9154
Instance: current_key_reg_40_ angle: 0 side: N Area_Exposed: 2.96168 Perc_Exposed: 55.6706
Instance: current_key_reg_21_ angle: 0 side: N Area_Exposed: 3.1739 Perc_Exposed: 59.6598
Instance: current_key_reg_2_ angle: 0 side: N Area_Exposed: 3.28273 Perc_Exposed: 61.7054
Instance: current_key_reg_63_ angle: 0 side: N Area_Exposed: 3.78945 Perc_Exposed: 71.2303
Instance: current_key_reg_44_ angle: 0 side: N Area_Exposed: 3.32148 Perc_Exposed: 62.4337
Instance: current_key_reg_25_ angle: 0 side: N Area_Exposed: 3.24685 Perc_Exposed: 61.031
Instance: current_key_reg_6_ angle: 0 side: N Area_Exposed: 3.66115 Perc_Exposed: 68.8186
Instance: current_key_reg_67_ angle: 0 side: N Area_Exposed: 2.7685 Perc_Exposed: 52.0395
Instance: current_key_reg_48_ angle: 0 side: N Area_Exposed: 2.37125 Perc_Exposed: 44.5724
Instance: current_key_reg_29_ angle: 0 side: N Area_Exposed: 2.65465 Perc_Exposed: 49.8994
Instance: current_key_reg_10_ angle: 0 side: N Area_Exposed: 2.99465 Perc_Exposed: 56.2904
Instance: current_key_reg_71_ angle: 0 side: N Area_Exposed: 3.17455 Perc_Exposed: 59.672
Instance: current_key_reg_52_ angle: 0 side: N Area_Exposed: 3.31937 Perc_Exposed: 62.3943
Instance: current_key_reg_33_ angle: 0 side: N Area_Exposed: 3.659 Perc_Exposed: 68.7782
Instance: current_key_reg_14_ angle: 0 side: N Area_Exposed: 4.3838 Perc_Exposed: 82.4023
Instance: current_key_reg_75_ angle: 0 side: N Area_Exposed: 3.527 Perc_Exposed: 66.297
Instance: current_key_reg_56_ angle: 0 side: N Area_Exposed: 3.28235 Perc_Exposed: 61.6983
Instance: current_key_reg_37_ angle: 0 side: N Area_Exposed: 3.78605 Perc_Exposed: 71.1664
Instance: current_key_reg_18_ angle: 0 side: N Area_Exposed: 2.16407 Perc_Exposed: 40.6781
Instance: current_key_reg_79_ angle: 0 side: N Area_Exposed: 3.5813 Perc_Exposed: 67.3177
Instance: current_key_reg_60_ angle: 0 side: N Area_Exposed: 3.97855 Perc_Exposed: 74.7848
Instance: current_key_reg_41_ angle: 0 side: N Area_Exposed: 3.6672 Perc_Exposed: 68.9323
Instance: current_key_reg_22_ angle: 0 side: N Area_Exposed: 3.00428 Perc_Exposed: 56.4713
Instance: current_key_reg_3_ angle: 0 side: N Area_Exposed: 3.71175 Perc_Exposed: 69.7697
Instance: current_key_reg_64_ angle: 0 side: N Area_Exposed: 2.80212 Perc_Exposed: 52.6715
Instance: current_key_reg_45_ angle: 0 side: N Area_Exposed: 3.17088 Perc_Exposed: 59.6029
Instance: current_key_reg_26_ angle: 0 side: N Area_Exposed: 3.94775 Perc_Exposed: 74.2058
Instance: current_key_reg_7_ angle: 0 side: N Area_Exposed: 3.11625 Perc_Exposed: 58.5761
Instance: current_key_reg_68_ angle: 0 side: N Area_Exposed: 3.09018 Perc_Exposed: 58.086
Instance: current_key_reg_49_ angle: 0 side: N Area_Exposed: 3.68075 Perc_Exposed: 69.187
Instance: current_key_reg_30_ angle: 0 side: N Area_Exposed: 2.899 Perc_Exposed: 54.4925
Instance: current_key_reg_11_ angle: 0 side: N Area_Exposed: 3.2266 Perc_Exposed: 60.6504
Instance: current_key_reg_72_ angle: 0 side: N Area_Exposed: 3.7334 Perc_Exposed: 70.1767
Instance: current_key_reg_53_ angle: 0 side: N Area_Exposed: 3.5236 Perc_Exposed: 66.2331
Instance: current_key_reg_34_ angle: 0 side: N Area_Exposed: 2.9619 Perc_Exposed: 55.6748
Instance: state_reg_0_ angle: 0 side: N Area_Exposed: 2.27392 Perc_Exposed: 42.743
Instance: state_reg_1_ angle: 0 side: N Area_Exposed: 3.2855 Perc_Exposed: 61.7575
Instance: state_reg_2_ angle: 0 side: N Area_Exposed: 3.02232 Perc_Exposed: 56.8106
Instance: state_reg_3_ angle: 0 side: N Area_Exposed: 2.72092 Perc_Exposed: 51.1452
Instance: state_reg_4_ angle: 0 side: N Area_Exposed: 2.70015 Perc_Exposed: 50.7547
Instance: state_reg_5_ angle: 0 side: N Area_Exposed: 3.20325 Perc_Exposed: 60.2115
Instance: state_reg_6_ angle: 0 side: N Area_Exposed: 2.75595 Perc_Exposed: 51.8036
Instance: state_reg_7_ angle: 0 side: N Area_Exposed: 4.21785 Perc_Exposed: 79.2829
Instance: state_reg_8_ angle: 0 side: N Area_Exposed: 3.37885 Perc_Exposed: 63.5122
Instance: state_reg_9_ angle: 0 side: N Area_Exposed: 3.17945 Perc_Exposed: 59.7641
Instance: state_reg_10_ angle: 0 side: N Area_Exposed: 1.61778 Perc_Exposed: 30.4093
Instance: state_reg_11_ angle: 0 side: N Area_Exposed: 3.042 Perc_Exposed: 57.1805
Instance: state_reg_12_ angle: 0 side: N Area_Exposed: 4.232 Perc_Exposed: 79.5489
Instance: state_reg_13_ angle: 0 side: N Area_Exposed: 2.27575 Perc_Exposed: 42.7773
Instance: state_reg_14_ angle: 0 side: N Area_Exposed: 3.48737 Perc_Exposed: 65.5522
Instance: state_reg_15_ angle: 0 side: N Area_Exposed: 3.4303 Perc_Exposed: 64.4793
Instance: state_reg_16_ angle: 0 side: N Area_Exposed: 3.69047 Perc_Exposed: 69.3698
Instance: state_reg_17_ angle: 0 side: N Area_Exposed: 3.6017 Perc_Exposed: 67.7011
Instance: state_reg_18_ angle: 0 side: N Area_Exposed: 1.90175 Perc_Exposed: 35.7472
Instance: state_reg_19_ angle: 0 side: N Area_Exposed: 2.90495 Perc_Exposed: 54.6043
Instance: state_reg_20_ angle: 0 side: N Area_Exposed: 2.6975 Perc_Exposed: 50.7049
Instance: state_reg_21_ angle: 0 side: N Area_Exposed: 3.4331 Perc_Exposed: 64.532
Instance: state_reg_22_ angle: 0 side: N Area_Exposed: 3.14305 Perc_Exposed: 59.0799
Instance: state_reg_23_ angle: 0 side: N Area_Exposed: 3.85398 Perc_Exposed: 72.4431
Instance: state_reg_24_ angle: 0 side: N Area_Exposed: 3.31437 Perc_Exposed: 62.3003
Instance: state_reg_25_ angle: 0 side: N Area_Exposed: 2.55513 Perc_Exposed: 48.0287
Instance: state_reg_26_ angle: 0 side: N Area_Exposed: 2.9018 Perc_Exposed: 54.5451
Instance: state_reg_27_ angle: 0 side: N Area_Exposed: 3.58945 Perc_Exposed: 67.4709
Instance: state_reg_28_ angle: 0 side: N Area_Exposed: 2.87335 Perc_Exposed: 54.0103
Instance: state_reg_29_ angle: 0 side: N Area_Exposed: 3.34407 Perc_Exposed: 62.8586
Instance: state_reg_30_ angle: 0 side: N Area_Exposed: 2.7825 Perc_Exposed: 52.3026
Instance: state_reg_31_ angle: 0 side: N Area_Exposed: 3.7863 Perc_Exposed: 71.1711
Instance: state_reg_32_ angle: 0 side: N Area_Exposed: 3.1827 Perc_Exposed: 59.8252
Instance: state_reg_33_ angle: 0 side: N Area_Exposed: 2.8681 Perc_Exposed: 53.9117
Instance: state_reg_34_ angle: 0 side: N Area_Exposed: 3.4872 Perc_Exposed: 65.5489
Instance: state_reg_35_ angle: 0 side: N Area_Exposed: 1.87482 Perc_Exposed: 35.2411
Instance: state_reg_36_ angle: 0 side: N Area_Exposed: 2.94187 Perc_Exposed: 55.2984
Instance: state_reg_37_ angle: 0 side: N Area_Exposed: 1.49365 Perc_Exposed: 28.0761
Instance: state_reg_38_ angle: 0 side: N Area_Exposed: 2.17745 Perc_Exposed: 40.9295
Instance: state_reg_39_ angle: 0 side: N Area_Exposed: 2.76548 Perc_Exposed: 51.9826
Instance: state_reg_40_ angle: 0 side: N Area_Exposed: 1.21513 Perc_Exposed: 22.8407
Instance: state_reg_41_ angle: 0 side: N Area_Exposed: 4.0251 Perc_Exposed: 75.6598
Instance: state_reg_42_ angle: 0 side: N Area_Exposed: 3.655 Perc_Exposed: 68.703
Instance: state_reg_43_ angle: 0 side: N Area_Exposed: 3.26385 Perc_Exposed: 61.3506
Instance: state_reg_44_ angle: 0 side: N Area_Exposed: 3.0173 Perc_Exposed: 56.7162
Instance: state_reg_45_ angle: 0 side: N Area_Exposed: 4.17385 Perc_Exposed: 78.4558
Instance: state_reg_47_ angle: 0 side: N Area_Exposed: 2.1172 Perc_Exposed: 39.797
Instance: state_reg_48_ angle: 0 side: N Area_Exposed: 3.1571 Perc_Exposed: 59.344
Instance: state_reg_49_ angle: 0 side: N Area_Exposed: 3.51095 Perc_Exposed: 65.9953
Instance: state_reg_50_ angle: 0 side: N Area_Exposed: 3.76855 Perc_Exposed: 70.8374
Instance: state_reg_51_ angle: 0 side: N Area_Exposed: 3.5404 Perc_Exposed: 66.5489
Instance: state_reg_52_ angle: 0 side: N Area_Exposed: 3.0977 Perc_Exposed: 58.2274
Instance: state_reg_53_ angle: 0 side: N Area_Exposed: 3.00717 Perc_Exposed: 56.5258
Instance: state_reg_54_ angle: 0 side: N Area_Exposed: 2.76605 Perc_Exposed: 51.9934
Instance: state_reg_55_ angle: 0 side: N Area_Exposed: 3.247 Perc_Exposed: 61.0338
Instance: state_reg_56_ angle: 0 side: N Area_Exposed: 1.20432 Perc_Exposed: 22.6377
Instance: state_reg_57_ angle: 0 side: N Area_Exposed: 3.00075 Perc_Exposed: 56.4051
Instance: state_reg_58_ angle: 0 side: N Area_Exposed: 3.4096 Perc_Exposed: 64.0902
Instance: state_reg_60_ angle: 0 side: N Area_Exposed: 3.29555 Perc_Exposed: 61.9464
Instance: state_reg_61_ angle: 0 side: N Area_Exposed: 3.13412 Perc_Exposed: 58.9121
Instance: state_reg_62_ angle: 0 side: N Area_Exposed: 3.38705 Perc_Exposed: 63.6664
Instance: state_reg_63_ angle: 0 side: N Area_Exposed: 3.44893 Perc_Exposed: 64.8294
Instance: state_reg_59_ angle: 0 side: N Area_Exposed: 2.55563 Perc_Exposed: 38.4305
Instance: fsm_state_reg_1_ angle: 0 side: N Area_Exposed: 5.29755 Perc_Exposed: 79.6624
Instance: state_reg_46_ angle: 0 side: N Area_Exposed: 3.40615 Perc_Exposed: 51.2203
Instance: key_sbox/U20 angle: 0 side: N Area_Exposed: 0.868375 Perc_Exposed: 54.4095
Instance: key_sbox/U19 angle: 0 side: N Area_Exposed: 0.740225 Perc_Exposed: 46.38
Instance: key_sbox/U18 angle: 0 side: N Area_Exposed: 0.3561 Perc_Exposed: 66.9361
Instance: key_sbox/U17 angle: 0 side: N Area_Exposed: 0.650375 Perc_Exposed: 61.1255
Instance: key_sbox/U16 angle: 0 side: N Area_Exposed: 0.34665 Perc_Exposed: 26.0639
Instance: key_sbox/U15 angle: 0 side: N Area_Exposed: 0.16015 Perc_Exposed: 30.1034
Instance: key_sbox/U14 angle: 0 side: N Area_Exposed: 0.87275 Perc_Exposed: 65.6203
Instance: key_sbox/U13 angle: 0 side: N Area_Exposed: 0.327125 Perc_Exposed: 30.7448
Instance: key_sbox/U12 angle: 0 side: N Area_Exposed: 1.0935 Perc_Exposed: 68.515
Instance: key_sbox/U11 angle: 0 side: N Area_Exposed: 0.58595 Perc_Exposed: 73.4273
Instance: key_sbox/U10 angle: 0 side: N Area_Exposed: 0.31515 Perc_Exposed: 59.2387
Instance: key_sbox/U9 angle: 0 side: N Area_Exposed: 0.4309 Perc_Exposed: 53.9975
Instance: key_sbox/U8 angle: 0 side: N Area_Exposed: 1.1474 Perc_Exposed: 71.8922
Instance: key_sbox/U7 angle: 0 side: N Area_Exposed: 0.437275 Perc_Exposed: 32.8778
Instance: key_sbox/U6 angle: 0 side: N Area_Exposed: 0.43415 Perc_Exposed: 81.6071
Instance: key_sbox/U5 angle: 0 side: N Area_Exposed: 0.205375 Perc_Exposed: 38.6043
Instance: key_sbox/U4 angle: 0 side: N Area_Exposed: 0.62025 Perc_Exposed: 77.7256
Instance: key_sbox/U3 angle: 0 side: N Area_Exposed: 0.4058 Perc_Exposed: 76.2782
