#Checking placement violation...
Begin checking placement ... (start mem=627.8M, init mem=636.8M)
*info: Placed = 868            (Fixed = 6)
*info: Unplaced = 0           
Placement Density:50.55%(1662/3288)
Placement Density (including fixed std cells):50.55%(1662/3288)
Finished check_place (total: cpu=0:00:00.1, real=0:00:00.0; vio checks: cpu=0:00:00.0, real=0:00:00.0; mem=636.8M)
#cpu time = 00:00:00, elapsed time = 00:00:00, memory = 449.01 (MB), peak = 452.83 (MB)
#Checking wire integrity...
#cpu time = 00:00:00, elapsed time = 00:00:00, memory = 449.01 (MB), peak = 452.83 (MB)
Multithreaded Timing Analysis is initialized with 8 threads

#Checking unplaced instance...
#cpu time = 00:00:00, elapsed time = 00:00:00, memory = 454.04 (MB), peak = 718.95 (MB)
#Checking track...
#cpu time = 00:00:00, elapsed time = 00:00:00, memory = 454.04 (MB), peak = 718.95 (MB)
#Checking blocked track...
#cpu time = 00:00:00, elapsed time = 00:00:00, memory = 454.04 (MB), peak = 718.95 (MB)
#Checking 3rd-party violation...
#cpu time = 00:00:00, elapsed time = 00:00:00, memory = 454.04 (MB), peak = 718.95 (MB)
#Checking ECO route violation...
#cpu time = 00:00:00, elapsed time = 00:00:00, memory = 454.04 (MB), peak = 718.95 (MB)
#Checking unplaced I/O pin...
#cpu time = 00:00:00, elapsed time = 00:00:00, memory = 454.04 (MB), peak = 718.95 (MB)
#Checking same-cell violation...
#cpu time = 00:00:00, elapsed time = 00:00:00, memory = 454.05 (MB), peak = 718.95 (MB)
#Checking pin layer escape...
#cpu time = 00:00:00, elapsed time = 00:00:00, memory = 454.05 (MB), peak = 718.95 (MB)
*** Message Summary: 0 warning(s), 0 error(s)

