Total exposed area across net assets: 110.907
Max exposure [%] across net assets: 99.5131
Avg exposure [%] across net assets: 72.1485

#NetName TotalAreaNet PercentageExposedAreaNet
key[79] 0.83055 54.2923
key[78] 1.12105 70.9647
key[77] 0.88235 73.4232
key[76] 1.4826 83.8999
key[75] 0.4228 73.5099
key[74] 1.2824 47.9531
key[73] 1.6779 52.9933
key[72] 1.02655 74.7528
key[71] 0.96005 64.4211
key[70] 0.68635 80.1122
key[69] 1.1669 63.6773
key[68] 1.9943 72.3938
key[67] 0.6356 69.9339
key[66] 0.7147 46.0823
key[65] 0.3682 68.251
key[64] 0.7931 24.0953
key[63] 2.0573 88.6356
key[62] 0.56175 61.4953
key[61] 1.27575 64.8991
key[60] 1.0101 80.0416
key[59] 2.70655 92.3445
key[58] 1.6219 80.5568
key[57] 1.2579 32.8047
key[56] 0.3549 67.0611
key[55] 0.8981 77.9034
key[54] 1.1494 80.8161
key[53] 0.5054 75.9003
key[52] 3.1241 92.8299
key[51] 1.1242 74.066
key[50] 3.4048 73.8487
key[49] 3.1416 90.1404
key[48] 0.69475 78.4383
key[47] 0.7784 45.1439
key[46] 0.3416 64.3443
key[45] 1.25615 81.9727
key[44] 1.379 76.9543
key[43] 0.60795 46.8994
key[42] 0.73465 77.6084
key[41] 0.931 79.812
key[40] 1.03145 66.2538
key[39] 1.5477 83.175
key[38] 1.1165 77.116
key[37] 0.8239 71.028
key[36] 0.6888 80.1829
key[35] 0.8547 81.9001
key[34] 0.6167 76.277
key[33] 0.4459 72.6845
key[32] 2.15985 82.4016
key[31] 3.36665 86.9529
key[30] 1.58515 66.0237
key[29] 0.92015 54.7818
key[28] 0.3682 68.251
key[27] 0.6335 63.8674
key[26] 1.1578 82.5272
key[25] 0.9044 32.6238
key[24] 1.4021 82.027
key[23] 0.70805 77.2615
key[22] 0.45885 54.484
key[21] 0.88025 75.3479
key[20] 2.21585 85.958
key[19] 1.01815 80.5431
key[18] 0.58135 76.761
key[17] 0.45045 72.9604
key[16] 0.59465 78.6933
key[15] 0.6356 80.837
key[14] 0.5453 74.3261
key[13] 2.65965 90.8014
key[12] 3.0191 99.5131
key[11] 1.4028 77.8443
key[10] 1.4308 76.4677
key[9] 0.66815 71.6082
key[8] 1.8795 83.5382
key[7] 1.8067 80.8214
key[6] 0.8659 75.1415
key[5] 1.4252 79.9116
key[4] 0.5187 76.5182
key[3] 0.7875 23.4667
key[2] 1.5246 80.6703
key[1] 1.2964 81.2095
key[0] 1.9187 73.3127
next_round_key_79 0.7805 50.0737
next_round_key_78 0.973 72.3022
next_round_key_77 0.0861 97.1545
next_round_key_76 0.105 78
key_sbox/n14 0.7497 83.5668
key_sbox/n13 0.2457 90.7407
key_sbox/n12 0.0665 0
key_sbox/n11 1.19595 52.7948
key_sbox/n10 0.1148 76.6768
key_sbox/n9 0.6601 78.2078
key_sbox/n8 0.32095 88.6041
key_sbox/n7 0.60725 72.6225
key_sbox/n6 0.3486 83.2329
key_sbox/n5 0.1127 91.3043
key_sbox/n4 0.2793 69.6742
key_sbox/n3 0.2989 64.9967
key_sbox/n2 0.5089 72.5978
key_sbox/n1 0.133 85.6579
current_key[60] 2.8777 95.0012
current_key[59] 1.27785 84.4152
current_key[58] 3.927 94.6524
current_key[57] 3.3677 90.5113
current_key[56] 2.1623 86.2588
current_key[55] 1.0759 75.6018
current_key[54] 1.2684 65.6457
current_key[53] 1.51865 72.7933
current_key[52] 2.20185 77.9447
current_key[51] 0.85505 52.3332
current_key[50] 0.7693 68.8808
current_key[49] 0.7308 89.272
current_key[48] 1.078 32.9174
current_key[47] 0.6909 87.0821
current_key[46] 0.2891 75.5448
current_key[45] 0.6314 78.3814
current_key[44] 0.6664 62.1324
current_key[43] 0.5327 69.1196
current_key[42] 1.4994 78.0812
current_key[38] 0.3675 60.7619
current_key[37] 0.1232 53.267
current_key[36] 0.1316 0
current_key[35] 0.2604 94.3548
current_key[34] 0.3276 60.5769
current_key[22] 0.266 88.9474
current_key[21] 0.0917 69.4656
current_key[20] 0.4074 67.7835
current_key[19] 0.2877 79.3187
current_key[18] 1.8935 55.5123
current_key[17] 1.11195 80.8939
current_key[16] 0.9282 88.1868
current_key[15] 1.2663 83.4992
current_key[14] 0.553 97.3418
current_key[13] 0.6524 75.2146
current_key[12] 0.6251 58.6226
current_key[11] 0.3626 88.8996
current_key[10] 0.4599 82.4201
current_key[9] 0.3353 92.3278
current_key[8] 0.4144 69.7635
current_key[7] 0.4704 66.2946
current_key[6] 0.5313 65.8762
current_key[5] 0.41965 29.8582
current_key[4] 0.4039 93.0676
current_key[3] 0.6685 33.822
current_key[2] 0.71785 92.1502
current_key[1] 0.3325 47.8947
current_key[0] 0.49 79.2857
