Weights:
	des_issues:		0.25
	fsp_fi_ea_c_avg:		(1/6)
	fsp_fi_ea_c_max:		(1/3)
	des_perf_setup_TNS:		0.5
	fsp_fi_ea_n_avg:		(1/6)
	ti_sts_max:		(1/3)
	des_perf:		0.25
	ti_fts_total:		0.5
	des_area:		0.25
	ti_fts_avg:		(1/6)
	fsp_fi_ea_n:		0.5
	fsp_fi_ea_n_total:		0.5
	ti_sts:		0.5
	fsp_fi_ea_n_max:		(1/3)
	des_perf_setup_FEP:		(1/6)
	fsp_fi_ea_c_total:		0.5
	fsp_fi_ea_c:		0.5
	ti_sts_avg:		(1/6)
	ti_fts:		0.5
	ti_sts_total:		0.5
	ti_fts_max:		(1/3)
	des_p_total:		0.25
	des_perf_setup_WNS:		(1/3)

Baseline metrics:
	des_issues:		138
	fsp_fi_ea_c_avg:		58.6375
	fsp_fi_ea_c_max:		82.4023
	des_perf_setup_TNS:		0.000
	fsp_fi_ea_n_avg:		72.1485
	ti_sts_max:		374
	ti_fts_total:		17168
	des_area:		4300.5284
	ti_fts_avg:		235.17
	fsp_fi_ea_n_total:		110.907
	fsp_fi_ea_n_max:		99.5131
	des_perf_setup_FEP:		0
	fsp_fi_ea_c_total:		469.822
	ti_sts_avg:		83.79
	ti_sts_total:		6117
	ti_fts_max:		523
	des_p_total:		0.37701740
	des_perf_setup_WNS:		6.813

Submission metrics:
	des_issues:		138
	fsp_fi_ea_c_avg:		58.6375
	fsp_fi_ea_c_max:		82.4023
	des_perf_setup_TNS:		0.000
	fsp_fi_ea_n_avg:		72.1485
	ti_sts_max:		374
	ti_fts_total:		17168
	des_area:		4300.5284
	ti_fts_avg:		235.17
	fsp_fi_ea_n_total:		110.907
	fsp_fi_ea_n_max:		99.5131
	des_perf_setup_FEP:		0
	fsp_fi_ea_c_total:		469.822
	ti_sts_avg:		83.79
	ti_sts_total:		6117
	ti_fts_max:		523
	des_p_total:		0.37701740
	des_perf_setup_WNS:		6.813

Base scores (non-weighted):
	des_issues:		1.000000
	fsp_fi_ea_c_avg:		1.000000
	fsp_fi_ea_c_max:		1.000000
	des_perf_setup_TNS:		0
	fsp_fi_ea_n_avg:		1.000000
	ti_sts_max:		1.000000
	ti_fts_total:		1.000000
	des_area:		1.000000
	ti_fts_avg:		1.000000
	fsp_fi_ea_n_total:		1.000000
	fsp_fi_ea_n_max:		1.000000
	des_perf_setup_FEP:		0
	fsp_fi_ea_c_total:		1.000000
	ti_sts_avg:		1.000000
	ti_sts_total:		1.000000
	ti_fts_max:		1.000000
	des_p_total:		1.000000
	des_perf_setup_WNS:		0

Scores (weighted):
	des_issues:		1.000000
	OVERALL:		0.750000
	des_perf:		0.000000
	des:		0.750001
	des_area:		1.000000
	fsp_fi_ea_n:		1.000000
	ti_sts:		1.000000
	fsp_fi_ea_c:		1.000000
	ti_fts:		1.000000
	fsp_fi:		1.000000
	ti:		1.000000
	des_p_total:		1.000000

