#Checking placement violation...
Begin checking placement ... (start mem=650.3M, init mem=650.2M)
Overlapping with other instance:	3
*info: Placed = 5921           (Fixed = 62)
*info: Unplaced = 0           
Placement Density:80.09%(9548/11921)
Placement Density (including fixed std cells):80.09%(9548/11921)
Finished check_place (total: cpu=0:00:00.2, real=0:00:00.0; vio checks: cpu=0:00:00.1, real=0:00:00.0; mem=650.2M)
#cpu time = 00:00:00, elapsed time = 00:00:00, memory = 465.64 (MB), peak = 470.01 (MB)
#Checking wire integrity...
#cpu time = 00:00:00, elapsed time = 00:00:00, memory = 465.64 (MB), peak = 470.01 (MB)
Multithreaded Timing Analysis is initialized with 8 threads

#Checking unplaced instance...
#cpu time = 00:00:00, elapsed time = 00:00:00, memory = 478.24 (MB), peak = 743.07 (MB)
#Checking track...
#cpu time = 00:00:00, elapsed time = 00:00:00, memory = 478.24 (MB), peak = 743.07 (MB)
#Checking blocked track...
#cpu time = 00:00:00, elapsed time = 00:00:00, memory = 478.24 (MB), peak = 743.07 (MB)
#Checking 3rd-party violation...
#cpu time = 00:00:00, elapsed time = 00:00:00, memory = 478.24 (MB), peak = 743.07 (MB)
#Checking ECO route violation...
#cpu time = 00:00:00, elapsed time = 00:00:00, memory = 478.24 (MB), peak = 743.07 (MB)
#Checking unplaced I/O pin...
#cpu time = 00:00:00, elapsed time = 00:00:00, memory = 478.24 (MB), peak = 743.07 (MB)
#Checking same-cell violation...
#cpu time = 00:00:00, elapsed time = 00:00:00, memory = 478.24 (MB), peak = 743.07 (MB)
#Checking pin layer escape...
#cpu time = 00:00:00, elapsed time = 00:00:00, memory = 478.24 (MB), peak = 743.07 (MB)
*** Message Summary: 0 warning(s), 0 error(s)

