Total exposed area across net assets: 1598.13
Max exposure [%] across net assets: 100
Avg exposure [%] across net assets: 54.7673

#NetName TotalAreaNet PercentageExposedAreaNet
pc_sw_wr 10.8265 72.2566
e_state[3] 0.98805 66.4896
e_state[2] 0.7294 69.5777
e_state[1] 1.3622 70.0925
e_state[0] 2.81715 78.8421
pc[15] 1.81125 66.9855
pc[14] 4.86115 94.8592
pc[13] 2.09335 52.9677
pc[12] 3.78525 76.2506
pc[11] 4.80445 73.2935
pc[10] 0.91595 53.3053
pc[9] 6.36265 87.2357
pc[8] 1.6338 56.5369
pc[7] 0.7707 57.6975
pc[6] 1.6744 43.0393
pc[5] 0.88375 75.0891
pc[4] 0.78575 67.3051
pc[3] 0.26145 59.8394
pc[2] 0.4732 62.0192
pc[1] 1.309 31.3102
pc[0] 1.4525 66.8434
pc_nxt[0] 5.5531 98.1943
pc_sw[15] 5.58705 60.5928
pc_sw[14] 6.5772 42.1885
pc_sw[13] 4.7173 68.5599
pc_sw[12] 8.40385 65.7957
pc_sw[11] 5.99165 58.0028
pc_sw[10] 6.2762 54.0446
pc_sw[9] 10.5332 79.5284
pc_sw[8] 4.93535 49.9453
pc_sw[7] 14.917 67.493
pc_sw[6] 8.4784 69.4447
pc_sw[5] 10.1091 80.8867
pc_sw[4] 7.10535 59.0991
pc_sw[3] 8.84905 65.1208
pc_sw[2] 9.9008 68.2745
pc_sw[1] 9.07725 72.7478
pc_sw[0] 10.1731 82.9187
frontend_0/pc_en 0.3556 34.1043
frontend_0/mclk_pc 8.73845 57.9966
frontend_0/i_state[2] 0.4312 59.5779
frontend_0/i_state[1] 0.2394 53.655
frontend_0/i_state[0] 0.76475 75.9725
frontend_0/i_state_nxt[2] 1.47 75.619
frontend_0/i_state_nxt[1] 0.3269 85.3319
frontend_0/i_state_nxt[0] 1.01482 74.0128
frontend_0/e_state_nxt[3] 1.0283 66.041
frontend_0/e_state_nxt[2] 0.7476 17.4826
frontend_0/e_state_nxt[1] 0.9919 81.5455
frontend_0/e_state_nxt[0] 0.3024 87.037
execution_unit_0/reg_pc_call 0.3591 74.4639
execution_unit_0/register_file_0/CTS_11 5.67385 33.4649
execution_unit_0/register_file_0/CTS_10 5.8821 65.7325
execution_unit_0/register_file_0/FE_OFN66_n621 19.3123 86.1077
execution_unit_0/register_file_0/FE_OFN59_n615 21 92.0773
execution_unit_0/register_file_0/FE_OFN57_n609 17.0534 86.1536
execution_unit_0/register_file_0/FE_OFN47_n636 7.66045 49.2507
execution_unit_0/register_file_0/FE_OFN39_FE_DBTN6_puc_rst 11.8496 56.8445
execution_unit_0/register_file_0/FE_OFN38_FE_DBTN6_puc_rst 10.3516 55.6375
execution_unit_0/register_file_0/FE_OFN37_FE_DBTN6_puc_rst 15.0325 65.6356
execution_unit_0/register_file_0/FE_OFN36_FE_DBTN6_puc_rst 13.3297 46.5414
execution_unit_0/register_file_0/FE_OFN18_inst_dest_0 13.1033 59.7718
execution_unit_0/register_file_0/FE_OFN17_inst_dest_1 15.2845 71.9423
execution_unit_0/register_file_0/FE_OFN15_inst_dest_3 17.5602 82.7066
execution_unit_0/register_file_0/FE_OFN14_inst_dest_4 19.8943 86.8577
execution_unit_0/register_file_0/FE_OFN13_inst_dest_5 17.8622 78.6578
execution_unit_0/register_file_0/FE_OFN12_inst_dest_6 15.4742 66.2742
execution_unit_0/register_file_0/FE_OFN11_inst_dest_7 11.9864 61.0994
execution_unit_0/register_file_0/FE_OFN10_inst_dest_8 18.5146 76.0846
execution_unit_0/register_file_0/FE_OFN9_inst_dest_9 22.8875 81.5265
execution_unit_0/register_file_0/FE_OFN8_inst_dest_10 11.1832 61.3349
execution_unit_0/register_file_0/FE_OFN7_inst_dest_11 16.3072 73.5448
execution_unit_0/register_file_0/FE_OFN6_inst_dest_12 18.8968 76.1988
execution_unit_0/register_file_0/FE_OFN5_inst_dest_13 17.4223 80.0123
execution_unit_0/register_file_0/FE_OFN4_inst_dest_14 18.8009 84.0314
execution_unit_0/register_file_0/FE_OFN3_inst_dest_15 16.4202 65.4396
execution_unit_0/register_file_0/r1_en 0.0917 82.4427
execution_unit_0/register_file_0/mclk_r1 9.3919 65.5735
execution_unit_0/register_file_0/r2_4 0.1113 57.7044
execution_unit_0/register_file_0/r2_en 0.1365 74.8718
execution_unit_0/register_file_0/mclk_r2 6.06795 56.7572
execution_unit_0/register_file_0/N71 0.08015 63.3188
execution_unit_0/register_file_0/N72 0.301 35.3488
execution_unit_0/register_file_0/N73 0.1106 82.2785
execution_unit_0/register_file_0/N74 0.1463 50.2392
execution_unit_0/register_file_0/N75 0.1694 16.5584
execution_unit_0/register_file_0/N76 0.33495 70.6897
execution_unit_0/register_file_0/N77 0.32795 69.1569
execution_unit_0/register_file_0/N78 0.1561 42.3767
execution_unit_0/register_file_0/N79 0.08015 64.8472
execution_unit_0/register_file_0/r3_wr 0.0133 0
execution_unit_0/register_file_0/mclk_r3 17.4783 57.4352
execution_unit_0/register_file_0/r4_en 0.1232 74.4318
execution_unit_0/register_file_0/mclk_r4 17.5728 63.1154
execution_unit_0/register_file_0/N81 0.2226 72.327
execution_unit_0/register_file_0/N82 0.1274 68.956
execution_unit_0/register_file_0/N83 0.1449 47.5845
execution_unit_0/register_file_0/N84 0.1463 26.555
execution_unit_0/register_file_0/N85 0.1197 34.9415
execution_unit_0/register_file_0/N86 0.2541 88.4298
execution_unit_0/register_file_0/N87 0.3353 37.5783
execution_unit_0/register_file_0/N88 0.2114 36.9205
execution_unit_0/register_file_0/N89 0.1015 16.2069
execution_unit_0/register_file_0/N90 0.0966 23.913
execution_unit_0/register_file_0/N91 0.10325 46.7797
execution_unit_0/register_file_0/N92 0.08015 100
execution_unit_0/register_file_0/N93 0.0966 89.8551
execution_unit_0/register_file_0/N94 0.1099 33.121
execution_unit_0/register_file_0/N95 0.2394 59.3567
execution_unit_0/register_file_0/N96 0.0966 84.7826
execution_unit_0/register_file_0/r5_en 0.1225 39.7143
execution_unit_0/register_file_0/mclk_r5 14.2313 47.2812
execution_unit_0/register_file_0/N98 0.133 45.2632
execution_unit_0/register_file_0/N99 0.1778 45.2756
execution_unit_0/register_file_0/N100 0.10325 73.8983
execution_unit_0/register_file_0/N101 0.1365 74.8718
execution_unit_0/register_file_0/N102 0.1232 45.7386
execution_unit_0/register_file_0/N103 0.0966 58.3333
execution_unit_0/register_file_0/N104 0.1099 84.3949
execution_unit_0/register_file_0/N105 0.2975 33.2773
execution_unit_0/register_file_0/N106 0.3241 38.9772
execution_unit_0/register_file_0/N107 0.1232 19.8864
execution_unit_0/register_file_0/N108 0.1148 49.0854
execution_unit_0/register_file_0/N109 0.1099 49.0446
execution_unit_0/register_file_0/N110 0.1911 56.4103
execution_unit_0/register_file_0/N111 0.1197 75.4386
execution_unit_0/register_file_0/N112 0.4102 32.9778
execution_unit_0/register_file_0/N113 0.133 64.2105
execution_unit_0/register_file_0/r6_en 0.0826 33.0508
execution_unit_0/register_file_0/mclk_r6 14.4739 69.6595
execution_unit_0/register_file_0/N115 0.0931 61.6541
execution_unit_0/register_file_0/N116 0.1547 57.3529
execution_unit_0/register_file_0/N117 0.1764 56.9444
execution_unit_0/register_file_0/N118 0.0931 27.8195
execution_unit_0/register_file_0/N119 0.08015 69.4323
execution_unit_0/register_file_0/N120 0.1498 42.0561
execution_unit_0/register_file_0/N121 0.1512 70.8333
execution_unit_0/register_file_0/N122 0.3654 33.046
execution_unit_0/register_file_0/N123 0.3304 74.7881
execution_unit_0/register_file_0/N124 0.1099 1.27389
execution_unit_0/register_file_0/N125 0.1547 53.5068
execution_unit_0/register_file_0/N126 0.1197 51.1696
execution_unit_0/register_file_0/N127 0.2261 45.356
execution_unit_0/register_file_0/N128 0.1099 84.3949
execution_unit_0/register_file_0/N129 0.2128 40.4605
execution_unit_0/register_file_0/N130 0.1232 79.5455
execution_unit_0/register_file_0/r7_en 0.1099 71.3376
execution_unit_0/register_file_0/mclk_r7 25.4419 68.2739
execution_unit_0/register_file_0/N132 0.133 92.6316
execution_unit_0/register_file_0/N133 0.2359 25.9644
execution_unit_0/register_file_0/N134 0.287 80.2439
execution_unit_0/register_file_0/N135 0.3325 9.36842
execution_unit_0/register_file_0/N136 0.1197 63.7427
execution_unit_0/register_file_0/N137 0.2212 91.1392
execution_unit_0/register_file_0/N138 0.2079 78.6195
execution_unit_0/register_file_0/N139 0.37975 77.4194
execution_unit_0/register_file_0/N140 0.0882 83.3333
execution_unit_0/register_file_0/N141 0.1197 7.58145
execution_unit_0/register_file_0/N142 0.1148 26.8293
execution_unit_0/register_file_0/N143 0.1428 31.8627
execution_unit_0/register_file_0/N144 0.0994 36.6197
execution_unit_0/register_file_0/N145 0.2849 79.8526
execution_unit_0/register_file_0/N146 0.6958 22.4957
execution_unit_0/register_file_0/N147 0.1729 97.166
execution_unit_0/register_file_0/r8_en 0.0833 88.2353
execution_unit_0/register_file_0/mclk_r8 22.7822 70.3374
execution_unit_0/register_file_0/N149 0.1463 93.3014
execution_unit_0/register_file_0/N150 0.126 84.4444
execution_unit_0/register_file_0/N151 0.3542 62.6976
execution_unit_0/register_file_0/N152 0.0966 45.6522
execution_unit_0/register_file_0/N153 0.0728 0
execution_unit_0/register_file_0/N154 0.1428 38.7255
execution_unit_0/register_file_0/N155 0.1498 42.5234
execution_unit_0/register_file_0/N156 0.4683 43.8714
execution_unit_0/register_file_0/N157 0.1981 18.0464
execution_unit_0/register_file_0/N158 0.1862 76.3158
execution_unit_0/register_file_0/N159 0.231 89.3939
execution_unit_0/register_file_0/N160 0.4354 85.7315
execution_unit_0/register_file_0/N161 0.1099 48.6124
execution_unit_0/register_file_0/N162 0.1197 30.4094
execution_unit_0/register_file_0/N163 0.4536 26.8959
execution_unit_0/register_file_0/N164 0.08015 68.1847
execution_unit_0/register_file_0/r9_en 0.1232 37.0739
execution_unit_0/register_file_0/mclk_r9 19.4733 81.7247
execution_unit_0/register_file_0/N166 0.1365 94.6154
execution_unit_0/register_file_0/N167 0.364 50.3846
execution_unit_0/register_file_0/N168 0.2989 31.6159
execution_unit_0/register_file_0/N169 0.2212 14.2405
execution_unit_0/register_file_0/N170 0.0966 58.3333
execution_unit_0/register_file_0/N171 0.2079 92.9293
execution_unit_0/register_file_0/N172 0.1365 29.2308
execution_unit_0/register_file_0/N173 0.434 77.379
execution_unit_0/register_file_0/N174 0.1099 61.7834
execution_unit_0/register_file_0/N175 0.1631 53.2189
execution_unit_0/register_file_0/N176 0.1015 42.7586
execution_unit_0/register_file_0/N177 0.1099 60.1911
execution_unit_0/register_file_0/N178 0.1365 92.8205
execution_unit_0/register_file_0/N179 0.1869 89.5131
execution_unit_0/register_file_0/N180 0.4571 28.0245
execution_unit_0/register_file_0/N181 0.1631 47.4249
execution_unit_0/register_file_0/r10_en 0.105 42.6667
execution_unit_0/register_file_0/mclk_r10 12.0239 65.4538
execution_unit_0/register_file_0/N183 0.2226 75.7862
execution_unit_0/register_file_0/N184 0.3507 42.1158
execution_unit_0/register_file_0/N185 0.1015 61.3793
execution_unit_0/register_file_0/N186 0.1064 48.0263
execution_unit_0/register_file_0/N187 0.1197 63.1579
execution_unit_0/register_file_0/N188 0.1064 76.9737
execution_unit_0/register_file_0/N189 0.1064 2.30263
execution_unit_0/register_file_0/N190 0.9065 36.0232
execution_unit_0/register_file_0/N191 0.3857 12.7042
execution_unit_0/register_file_0/N192 0.2114 74.0066
execution_unit_0/register_file_0/N193 0.0861 61.3821
execution_unit_0/register_file_0/N194 0.0966 59.6014
execution_unit_0/register_file_0/N195 0.1232 46.1648
execution_unit_0/register_file_0/N196 0.1064 17.4342
execution_unit_0/register_file_0/N197 0.2359 47.3294
execution_unit_0/register_file_0/N198 0.1197 25.731
execution_unit_0/register_file_0/r11_en 0.05845 37.1257
execution_unit_0/register_file_0/mclk_r11 16.7072 80.2032
execution_unit_0/register_file_0/N200 0.1939 100
execution_unit_0/register_file_0/N201 0.2562 42.0765
execution_unit_0/register_file_0/N202 0.1015 42.069
execution_unit_0/register_file_0/N203 0.08015 17.6856
execution_unit_0/register_file_0/N204 0.1862 71.8045
execution_unit_0/register_file_0/N205 0.0931 14.6617
execution_unit_0/register_file_0/N206 0.1631 28.2189
execution_unit_0/register_file_0/N207 0.2261 84.5201
execution_unit_0/register_file_0/N208 0.1764 76.4881
execution_unit_0/register_file_0/N209 0.1232 51.7045
execution_unit_0/register_file_0/N210 0.1365 53.8462
execution_unit_0/register_file_0/N211 0.3822 53.2967
execution_unit_0/register_file_0/N212 0.0994 98.2394
execution_unit_0/register_file_0/N213 0.1365 100
execution_unit_0/register_file_0/N214 0.2177 60.6109
execution_unit_0/register_file_0/N215 0.1064 63.3224
execution_unit_0/register_file_0/r12_en 0.1232 69.8864
execution_unit_0/register_file_0/mclk_r12 21.7567 67.2324
execution_unit_0/register_file_0/N217 0.1232 92.0455
execution_unit_0/register_file_0/N218 0.1106 8.5443
execution_unit_0/register_file_0/N219 0.1281 65.5738
execution_unit_0/register_file_0/N220 0.1232 49.2898
execution_unit_0/register_file_0/N221 0.0966 13.4058
execution_unit_0/register_file_0/N222 0.1862 50
execution_unit_0/register_file_0/N223 0.1064 51.9737
execution_unit_0/register_file_0/N224 0.2226 75.7862
execution_unit_0/register_file_0/N225 0.1631 20.6009
execution_unit_0/register_file_0/N226 0.1365 91.0256
execution_unit_0/register_file_0/N227 0.10325 39.1525
execution_unit_0/register_file_0/N228 0.15855 76.1589
execution_unit_0/register_file_0/N229 0.1099 53.5032
execution_unit_0/register_file_0/N230 0.1729 67.6113
execution_unit_0/register_file_0/N231 0.2478 27.3305
execution_unit_0/register_file_0/N232 0.0966 84.7826
execution_unit_0/register_file_0/r13_en 0.1232 50.8523
execution_unit_0/register_file_0/mclk_r13 16.6253 62.2976
execution_unit_0/register_file_0/N234 0.1596 55.7018
execution_unit_0/register_file_0/N235 0.3591 6.04288
execution_unit_0/register_file_0/N236 0.2247 33.1776
execution_unit_0/register_file_0/N237 0.2128 14.6382
execution_unit_0/register_file_0/N238 0.0833 7.14286
execution_unit_0/register_file_0/N239 0.1498 35.9813
execution_unit_0/register_file_0/N240 0.1099 2.2293
execution_unit_0/register_file_0/N241 0.1498 49.7664
execution_unit_0/register_file_0/N242 0.1547 28.0543
execution_unit_0/register_file_0/N243 0.2744 25.3827
execution_unit_0/register_file_0/N244 0.1148 12.8049
execution_unit_0/register_file_0/N245 0.1526 0
execution_unit_0/register_file_0/N246 0.3059 79.8627
execution_unit_0/register_file_0/N247 0.1463 69.6172
execution_unit_0/register_file_0/N248 0.1365 12.0513
execution_unit_0/register_file_0/N249 0.0833 68.9076
execution_unit_0/register_file_0/r14_en 0.0917 58.7786
execution_unit_0/register_file_0/mclk_r14 17.4947 51.1794
execution_unit_0/register_file_0/N251 0.3024 14.8148
execution_unit_0/register_file_0/N252 0.1008 0
execution_unit_0/register_file_0/N253 0.287 44.1463
execution_unit_0/register_file_0/N254 0.1099 31.5287
execution_unit_0/register_file_0/N255 0.1365 43.0769
execution_unit_0/register_file_0/N256 0.1463 49.2823
execution_unit_0/register_file_0/N257 0.08015 18.7773
execution_unit_0/register_file_0/N258 0.3941 12.7886
execution_unit_0/register_file_0/N259 0.0882 62.6984
execution_unit_0/register_file_0/N260 0.1232 36.9318
execution_unit_0/register_file_0/N261 0.1015 55.6897
execution_unit_0/register_file_0/N262 0.133 49.6053
execution_unit_0/register_file_0/N263 0.1365 22.5641
execution_unit_0/register_file_0/N264 0.133 33.1579
execution_unit_0/register_file_0/N265 0.3458 61.2854
execution_unit_0/register_file_0/N266 0.08015 100
execution_unit_0/register_file_0/r15_en 0.1232 21.0227
execution_unit_0/register_file_0/mclk_r15 20.0694 73.8791
execution_unit_0/register_file_0/N268 0.1099 95.5414
execution_unit_0/register_file_0/N269 0.1015 80.6897
execution_unit_0/register_file_0/N270 0.2975 67.5294
execution_unit_0/register_file_0/N271 0.08015 3.93013
execution_unit_0/register_file_0/N272 0.1197 44.152
execution_unit_0/register_file_0/N273 0.2394 97.9532
execution_unit_0/register_file_0/N274 0.0966 70.6522
execution_unit_0/register_file_0/N275 0.4788 50.9137
execution_unit_0/register_file_0/N276 0.1106 82.2785
execution_unit_0/register_file_0/N277 0.1498 57.9439
execution_unit_0/register_file_0/N278 0.0966 32.2464
execution_unit_0/register_file_0/N279 0.133 41.5789
execution_unit_0/register_file_0/N280 0.08015 46.7249
execution_unit_0/register_file_0/N281 0.294 90.2381
execution_unit_0/register_file_0/N282 0.5467 55.3777
execution_unit_0/register_file_0/N283 0.196 38.0357
execution_unit_0/register_file_0/n715 0.1148 80.7927
execution_unit_0/register_file_0/n716 0.1673 58.9958
execution_unit_0/register_file_0/n717 0.0882 0
execution_unit_0/register_file_0/n718 0.2093 81.2709
execution_unit_0/register_file_0/n719 0.2303 57.4468
execution_unit_0/register_file_0/n720 0.0861 52.439
execution_unit_0/register_file_0/n721 0.2261 60.8359
execution_unit_0/register_file_0/n722 0.0882 9.86395
execution_unit_0/register_file_0/n723 0.3458 68.8259
execution_unit_0/register_file_0/n724 0.10325 67.1186
execution_unit_0/register_file_0/n725 0.0861 87.8049
execution_unit_0/register_file_0/n726 0.3059 81.2357
execution_unit_0/register_file_0/n727 0.0931 69.9248
execution_unit_0/register_file_0/n728 0.133 24.4737
execution_unit_0/register_file_0/n729 0.2527 60.5263
execution_unit_0/register_file_0/n1 0.3241 12.257
execution_unit_0/register_file_0/n2 0.1092 46.7949
execution_unit_0/register_file_0/n3 0.399 82.193
execution_unit_0/register_file_0/n4 0.2121 74.0924
execution_unit_0/register_file_0/n5 0.0819 74.359
execution_unit_0/register_file_0/n6 0.05845 45.509
execution_unit_0/register_file_0/n7 0.08505 34.5679
execution_unit_0/register_file_0/n9 0.1071 47.2222
execution_unit_0/register_file_0/n10 0.0819 47.8632
execution_unit_0/register_file_0/n12 0.0658 52.1277
execution_unit_0/register_file_0/n13 0.1176 75
execution_unit_0/register_file_0/n14 0.1218 58.3333
execution_unit_0/register_file_0/n15 0.4403 62.1622
execution_unit_0/register_file_0/n16 0.3801 69.12
execution_unit_0/register_file_0/n17 0.7742 49.9483
execution_unit_0/register_file_0/n18 0.2177 70.9003
execution_unit_0/register_file_0/n19 0.1085 28.5484
execution_unit_0/register_file_0/n20 0.1582 75.2212
execution_unit_0/register_file_0/n21 1.3846 94.4135
execution_unit_0/register_file_0/n22 2.2582 98.9151
execution_unit_0/register_file_0/n23 0.0966 89.8551
execution_unit_0/register_file_0/n26 0.4354 28.4566
execution_unit_0/register_file_0/n27 0.1253 22.7654
execution_unit_0/register_file_0/n28 0.3591 22.3684
execution_unit_0/register_file_0/n29 1.4021 57.5387
execution_unit_0/register_file_0/n30 0.2128 10.9023
execution_unit_0/register_file_0/n31 0.3836 63.6144
execution_unit_0/register_file_0/n32 1.1788 56.3157
execution_unit_0/register_file_0/n33 0.1057 72.1854
execution_unit_0/register_file_0/n34 0.0889 45.8661
execution_unit_0/register_file_0/n35 0.1925 57.6364
execution_unit_0/register_file_0/n36 0.0756 53.2407
execution_unit_0/register_file_0/n37 0.4704 63.6161
execution_unit_0/register_file_0/n38 0.1148 32.2517
execution_unit_0/register_file_0/n39 0.3143 32.9065
execution_unit_0/register_file_0/n40 0.2163 32.6052
execution_unit_0/register_file_0/n41 0.2898 62.9141
execution_unit_0/register_file_0/n42 0.2016 35.2927
execution_unit_0/register_file_0/n43 0.1491 41.5493
execution_unit_0/register_file_0/n44 0.5117 74.4186
execution_unit_0/register_file_0/n45 0.2814 49.1915
execution_unit_0/register_file_0/n46 0.2807 69.5137
execution_unit_0/register_file_0/n47 0.1127 55.5901
execution_unit_0/register_file_0/n48 0.0917 20.229
execution_unit_0/register_file_0/n49 0.1092 45.0321
execution_unit_0/register_file_0/n50 0.1435 47.7875
execution_unit_0/register_file_0/n51 0.0819 43.1624
execution_unit_0/register_file_0/n52 0.238 61.1765
execution_unit_0/register_file_0/n53 0.1176 27.8274
execution_unit_0/register_file_0/n54 0.2646 51.3228
execution_unit_0/register_file_0/n55 0.5166 30.4201
execution_unit_0/register_file_0/n56 0.4242 63.3663
execution_unit_0/register_file_0/n57 0.11655 71.7718
execution_unit_0/register_file_0/n58 0.1897 18.0812
execution_unit_0/register_file_0/n59 0.2352 48.6607
execution_unit_0/register_file_0/n60 0.3381 54.9689
execution_unit_0/register_file_0/n61 0.1659 44.7257
execution_unit_0/register_file_0/n62 0.2555 14.3836
execution_unit_0/register_file_0/n63 0.2303 30.6991
execution_unit_0/register_file_0/n64 0.1218 66.092
execution_unit_0/register_file_0/n65 0.1722 27.439
execution_unit_0/register_file_0/n66 0.1491 52.5822
execution_unit_0/register_file_0/n67 0.252 84.4444
execution_unit_0/register_file_0/n68 0.2723 0.899743
execution_unit_0/register_file_0/n69 0.0133 81.5789
execution_unit_0/register_file_0/n70 1.1823 52.7087
execution_unit_0/register_file_0/n71 0.8036 67.4216
execution_unit_0/register_file_0/n72 0.3059 31.5789
execution_unit_0/register_file_0/n73 0.3122 52.4664
execution_unit_0/register_file_0/n74 1.1319 66.6976
execution_unit_0/register_file_0/n75 0.08505 14.4033
execution_unit_0/register_file_0/n76 0.1981 22.7032
execution_unit_0/register_file_0/n77 0.4529 17.3107
execution_unit_0/register_file_0/n78 0.0497 0
execution_unit_0/register_file_0/n79 0.2464 53.4091
execution_unit_0/register_file_0/n80 0.1855 57.3585
execution_unit_0/register_file_0/n81 0.1617 50.1082
execution_unit_0/register_file_0/n82 0.3045 37.7011
execution_unit_0/register_file_0/n83 0.07175 62.6829
execution_unit_0/register_file_0/n84 0.4515 67.4419
execution_unit_0/register_file_0/n85 0.1911 35.8974
execution_unit_0/register_file_0/n86 0.8442 61.2148
execution_unit_0/register_file_0/n87 0.686 61.2755
execution_unit_0/register_file_0/n88 0.1561 52.5304
execution_unit_0/register_file_0/n89 0.1659 68.3544
execution_unit_0/register_file_0/n90 0.301 26.2791
execution_unit_0/register_file_0/n91 0.4886 26.3099
execution_unit_0/register_file_0/n92 0.1218 22.9885
execution_unit_0/register_file_0/n93 0.1127 65.528
execution_unit_0/register_file_0/n94 0.1785 59.0196
execution_unit_0/register_file_0/n95 0.1099 43.6306
execution_unit_0/register_file_0/n96 0.1883 46.6543
execution_unit_0/register_file_0/n97 0.25515 45.1989
execution_unit_0/register_file_0/n98 0.0889 69.685
execution_unit_0/register_file_0/n99 0.056 56.25
execution_unit_0/register_file_0/n100 0.1764 16.369
execution_unit_0/register_file_0/n101 0.0861 36.5854
execution_unit_0/register_file_0/n102 0.46725 60.2247
execution_unit_0/register_file_0/n103 0.04515 89.1473
execution_unit_0/register_file_0/n104 0.1057 76.4901
execution_unit_0/register_file_0/n105 0.0875 88.8
execution_unit_0/register_file_0/n106 0.245 50.8571
execution_unit_0/register_file_0/n107 0.2394 52.6316
execution_unit_0/register_file_0/n108 0.2191 35.0639
execution_unit_0/register_file_0/n109 0.1407 69.6517
execution_unit_0/register_file_0/n110 0.2261 86.9969
execution_unit_0/register_file_0/n111 0.1351 34.0674
execution_unit_0/register_file_0/n112 0.2058 78.5714
execution_unit_0/register_file_0/n113 0.3521 54.1252
execution_unit_0/register_file_0/n114 0.5166 77.5068
execution_unit_0/register_file_0/n115 0.04515 42.2481
execution_unit_0/register_file_0/n116 0.1218 77.8736
execution_unit_0/register_file_0/n117 0.05845 46.1078
execution_unit_0/register_file_0/n118 0.1526 85.0917
execution_unit_0/register_file_0/n119 0.1568 49.1071
execution_unit_0/register_file_0/n120 0.0959 76.6423
execution_unit_0/register_file_0/n121 0.0833 7.14286
execution_unit_0/register_file_0/n122 0.1449 54.9517
execution_unit_0/register_file_0/n123 0.26285 77.6298
execution_unit_0/register_file_0/n124 0.0525 30.3333
execution_unit_0/register_file_0/n125 0.0882 28.1746
execution_unit_0/register_file_0/n126 0.1162 51.3554
execution_unit_0/register_file_0/n127 0.5558 63.6965
execution_unit_0/register_file_0/n128 0.2961 51.182
execution_unit_0/register_file_0/n129 3.25745 91.1679
execution_unit_0/register_file_0/n130 0.0966 84.7826
execution_unit_0/register_file_0/n131 0.0952 36.0294
execution_unit_0/register_file_0/n132 0.3087 76.0771
execution_unit_0/register_file_0/n133 0.2821 57.3201
execution_unit_0/register_file_0/n134 0.0861 45.5285
execution_unit_0/register_file_0/n135 0.112 42.5
execution_unit_0/register_file_0/n136 0.09765 32.9749
execution_unit_0/register_file_0/n137 0.1183 46.4497
execution_unit_0/register_file_0/n138 0.0945 18.1481
execution_unit_0/register_file_0/n139 0.4256 66.8586
execution_unit_0/register_file_0/n140 0.0777 12.6126
execution_unit_0/register_file_0/n141 1.4588 39.5753
execution_unit_0/register_file_0/n142 0.1393 66.5829
execution_unit_0/register_file_0/n143 0.0735 66.6667
execution_unit_0/register_file_0/n144 0.6097 53.1573
execution_unit_0/register_file_0/n145 0.0952 8.82353
execution_unit_0/register_file_0/n146 0.5411 69.5343
execution_unit_0/register_file_0/n147 0.0959 55.6569
execution_unit_0/register_file_0/n148 0.2429 28.0259
execution_unit_0/register_file_0/n149 0.1603 12.0087
execution_unit_0/register_file_0/n150 0.2128 57.0724
execution_unit_0/register_file_0/n151 0.1498 70.5607
execution_unit_0/register_file_0/n152 0.1022 19.1781
execution_unit_0/register_file_0/n153 0.3997 63.9229
execution_unit_0/register_file_0/n154 0.189 71.4815
execution_unit_0/register_file_0/n155 0.0917 65.2672
execution_unit_0/register_file_0/n156 0.4655 67.4436
execution_unit_0/register_file_0/n157 0.1029 0
execution_unit_0/register_file_0/n158 0.0462 100
execution_unit_0/register_file_0/n159 0.2513 49.4429
execution_unit_0/register_file_0/n160 0.7511 69.9907
execution_unit_0/register_file_0/n161 0.6713 46.5589
execution_unit_0/register_file_0/n162 0.3619 30.6576
execution_unit_0/register_file_0/n163 0.2982 29.9296
execution_unit_0/register_file_0/n164 0.4816 22.311
execution_unit_0/register_file_0/n165 0.427 32.459
execution_unit_0/register_file_0/n166 0.4116 72.1939
execution_unit_0/register_file_0/n167 0.8022 65.9686
execution_unit_0/register_file_0/n168 0.1442 0.728155
execution_unit_0/register_file_0/n169 0.0819 4.2735
execution_unit_0/register_file_0/n170 0.0966 0
execution_unit_0/register_file_0/n171 0.39235 16.261
execution_unit_0/register_file_0/n172 0.3031 52.9693
execution_unit_0/register_file_0/n173 0.1932 30.9783
execution_unit_0/register_file_0/n174 0.4319 51.7018
execution_unit_0/register_file_0/n175 0.0924 53.0303
execution_unit_0/register_file_0/n176 0.1099 20.0637
execution_unit_0/register_file_0/n177 0.189 1.66667
execution_unit_0/register_file_0/n178 0.2737 19.6931
execution_unit_0/register_file_0/n179 0.0266 0
execution_unit_0/register_file_0/n180 0.9989 54.4324
execution_unit_0/register_file_0/n181 0.3689 25.5218
execution_unit_0/register_file_0/n182 0.2737 76.4706
execution_unit_0/register_file_0/n183 0.1127 62.4224
execution_unit_0/register_file_0/n184 0.259 22.3649
execution_unit_0/register_file_0/n185 0.126 74.7222
execution_unit_0/register_file_0/n186 0.2261 71.8266
execution_unit_0/register_file_0/n187 0.4228 68.2119
execution_unit_0/register_file_0/n188 0.119 61.1765
execution_unit_0/register_file_0/n189 0.2016 61.4583
execution_unit_0/register_file_0/n190 0.2345 77.0149
execution_unit_0/register_file_0/n191 0.1421 80.5419
execution_unit_0/register_file_0/n192 0.3339 71.5409
execution_unit_0/register_file_0/n193 0.1813 58.1081
execution_unit_0/register_file_0/n194 0.1015 43.0296
execution_unit_0/register_file_0/n195 1.1711 79.2738
execution_unit_0/register_file_0/n196 0.1358 5.41237
execution_unit_0/register_file_0/n197 0.1827 24.1379
execution_unit_0/register_file_0/n198 0.5698 33.7224
execution_unit_0/register_file_0/n199 2.177 91.3987
execution_unit_0/register_file_0/n200 0.1862 59.2105
execution_unit_0/register_file_0/n201 0.1925 72
execution_unit_0/register_file_0/n202 0.1638 11.7521
execution_unit_0/register_file_0/n203 0.0987 24.8227
execution_unit_0/register_file_0/n204 0.3892 30.6655
execution_unit_0/register_file_0/n205 0.0854 46.3115
execution_unit_0/register_file_0/n206 0.25375 17.1034
execution_unit_0/register_file_0/n207 0.0826 61.4407
execution_unit_0/register_file_0/n208 0.2828 50
execution_unit_0/register_file_0/n209 0.2464 41.7614
execution_unit_0/register_file_0/n210 0.091 18.8462
execution_unit_0/register_file_0/n211 0.9135 52.567
execution_unit_0/register_file_0/n212 0.1862 62.0301
execution_unit_0/register_file_0/n213 0.0959 5.10949
execution_unit_0/register_file_0/n214 0.2163 22.6537
execution_unit_0/register_file_0/n215 0.056 65
execution_unit_0/register_file_0/n216 0.23765 63.4021
execution_unit_0/register_file_0/n217 0.1547 50.5656
execution_unit_0/register_file_0/n218 0.35665 8.88126
execution_unit_0/register_file_0/n219 0.1645 61.2766
execution_unit_0/register_file_0/n220 0.0973 53.5971
execution_unit_0/register_file_0/n221 0.2905 3.37349
execution_unit_0/register_file_0/n222 0.7595 53.7788
execution_unit_0/register_file_0/n223 0.2716 60.3093
execution_unit_0/register_file_0/n224 0.0133 0
execution_unit_0/register_file_0/n225 2.36215 77.5967
execution_unit_0/register_file_0/n226 10.3736 50.0231
execution_unit_0/register_file_0/n227 7.4207 84.2562
execution_unit_0/register_file_0/n228 0.3983 60.8963
execution_unit_0/register_file_0/n229 0.2191 22.6837
execution_unit_0/register_file_0/n230 0.1393 64.8241
execution_unit_0/register_file_0/n231 1.0115 40.7785
execution_unit_0/register_file_0/n232 18.6856 86.0367
execution_unit_0/register_file_0/n233 0.1022 16.7808
execution_unit_0/register_file_0/n234 0.8197 57.3442
execution_unit_0/register_file_0/n235 0.2394 51.6082
execution_unit_0/register_file_0/n236 0.2513 72.3538
execution_unit_0/register_file_0/n237 0.2555 49.0411
execution_unit_0/register_file_0/n238 0.4193 12.7713
execution_unit_0/register_file_0/n239 0.14 29.875
execution_unit_0/register_file_0/n240 0.273 24.7436
execution_unit_0/register_file_0/n241 0.1379 0
execution_unit_0/register_file_0/n242 0.567 48.2099
execution_unit_0/register_file_0/n243 0.2709 50.2584
execution_unit_0/register_file_0/n244 0.0833 50
execution_unit_0/register_file_0/n245 0.05845 39.2216
execution_unit_0/register_file_0/n246 2.4451 76.1952
execution_unit_0/register_file_0/n247 0.1351 48.3161
execution_unit_0/register_file_0/n248 1.0955 58.7061
execution_unit_0/register_file_0/n249 0.1519 42.6267
execution_unit_0/register_file_0/n250 0.35175 38.3085
execution_unit_0/register_file_0/n251 0.1799 21.0117
execution_unit_0/register_file_0/n252 0.0791 20.354
execution_unit_0/register_file_0/n253 1.1641 44.077
execution_unit_0/register_file_0/n254 0.1092 4.48718
execution_unit_0/register_file_0/n255 0.4011 65.096
execution_unit_0/register_file_0/n256 0.2947 57.304
execution_unit_0/register_file_0/n257 0.4172 57.6342
execution_unit_0/register_file_0/n258 0.0952 70.5882
execution_unit_0/register_file_0/n259 0.1582 79.2035
execution_unit_0/register_file_0/n260 0.6895 61.8274
execution_unit_0/register_file_0/n261 0.3122 20.1794
execution_unit_0/register_file_0/n262 0.5495 74.6178
execution_unit_0/register_file_0/n263 0.1351 78.886
execution_unit_0/register_file_0/n264 0.4354 59.0836
execution_unit_0/register_file_0/n265 0.1652 47.0339
execution_unit_0/register_file_0/n266 0.0882 66.6667
execution_unit_0/register_file_0/n267 0.3213 71.841
execution_unit_0/register_file_0/n268 0.1631 72.9614
execution_unit_0/register_file_0/n269 0.0735 0.952381
execution_unit_0/register_file_0/n271 4.64485 51.6351
execution_unit_0/register_file_0/n272 0.3199 50.1094
execution_unit_0/register_file_0/n273 0.14525 63.8554
execution_unit_0/register_file_0/n274 3.2004 63.5061
execution_unit_0/register_file_0/n275 2.0496 93.5451
execution_unit_0/register_file_0/n276 0.0133 0
execution_unit_0/register_file_0/n277 0.23275 65.5639
execution_unit_0/register_file_0/n278 0.0966 43.1159
execution_unit_0/register_file_0/n279 0.1057 35.4305
execution_unit_0/register_file_0/n280 0.2912 48.5577
execution_unit_0/register_file_0/n281 0.0595 9.83193
execution_unit_0/register_file_0/n282 0.2107 52.99
execution_unit_0/register_file_0/n283 0.1582 24.2257
execution_unit_0/register_file_0/n284 0.2114 33.1126
execution_unit_0/register_file_0/n285 0.1232 18.3239
execution_unit_0/register_file_0/n286 0.0952 41.7279
execution_unit_0/register_file_0/n287 0.0658 62.766
execution_unit_0/register_file_0/n288 0.0966 34.9638
execution_unit_0/register_file_0/n289 0.2926 63.6364
execution_unit_0/register_file_0/n290 3.07807 53.795
execution_unit_0/register_file_0/n291 0.3157 58.4257
execution_unit_0/register_file_0/n292 0.6426 50.2723
execution_unit_0/register_file_0/n293 0.0658 35.3723
execution_unit_0/register_file_0/n294 0.0133 0
execution_unit_0/register_file_0/n295 0.04515 20.155
execution_unit_0/register_file_0/n296 0.1449 73.913
execution_unit_0/register_file_0/n297 0.0658 51.3298
execution_unit_0/register_file_0/n298 0.0861 73.5772
execution_unit_0/register_file_0/n299 0.1757 70.3187
execution_unit_0/register_file_0/n300 0.1932 76.6304
execution_unit_0/register_file_0/n301 0.0819 12.8205
execution_unit_0/register_file_0/n302 0.1099 19.1083
execution_unit_0/register_file_0/n303 0.0658 7.44681
execution_unit_0/register_file_0/n304 0.161 60
execution_unit_0/register_file_0/n305 0.0924 39.3939
execution_unit_0/register_file_0/n306 0.0861 73.1707
execution_unit_0/register_file_0/n307 0.1596 75.4386
execution_unit_0/register_file_0/n308 4.2343 43.2138
execution_unit_0/register_file_0/n309 0.0693 45.202
execution_unit_0/register_file_0/n311 0.1344 54.9479
execution_unit_0/register_file_0/n312 2.4213 91.645
execution_unit_0/register_file_0/n313 0.21385 38.4615
execution_unit_0/register_file_0/n314 0.1456 48.5577
execution_unit_0/register_file_0/n315 4.27 48.5902
execution_unit_0/register_file_0/n316 4.12545 78.5914
execution_unit_0/register_file_0/n317 3.09645 27.777
execution_unit_0/register_file_0/n318 0.2688 57.3568
execution_unit_0/register_file_0/n319 0.82915 72.3934
execution_unit_0/register_file_0/n320 0.0917 73.2824
execution_unit_0/register_file_0/n321 0.203 92.7586
execution_unit_0/register_file_0/n322 4.42575 63.322
execution_unit_0/register_file_0/n323 0.7224 61.3372
execution_unit_0/register_file_0/n324 0.0266 0
execution_unit_0/register_file_0/n325 0.2198 63.6943
execution_unit_0/register_file_0/n326 0.28875 65.2121
execution_unit_0/register_file_0/n327 0.16625 73.1579
execution_unit_0/register_file_0/n328 8.34225 86.7065
execution_unit_0/register_file_0/n329 0.0826 59.7458
execution_unit_0/register_file_0/n330 0.1946 10.0719
execution_unit_0/register_file_0/n331 0.35455 38.5348
execution_unit_0/register_file_0/n332 0.1281 76.5027
execution_unit_0/register_file_0/n333 4.24445 73.225
execution_unit_0/register_file_0/n334 0.0728 41.8269
execution_unit_0/register_file_0/n335 0.3885 26.1712
execution_unit_0/register_file_0/n336 2.2043 82.7088
execution_unit_0/register_file_0/n337 0.1148 25.6098
execution_unit_0/register_file_0/n338 9.27255 87.5477
execution_unit_0/register_file_0/n339 0.1813 57.1429
execution_unit_0/register_file_0/n340 0.0791 87.6106
execution_unit_0/register_file_0/n341 0.0924 44.697
execution_unit_0/register_file_0/n342 0.462 31.921
execution_unit_0/register_file_0/n343 0.0658 32.4468
execution_unit_0/register_file_0/n344 0.0833 76.4706
execution_unit_0/register_file_0/n345 0.1379 73.3503
execution_unit_0/register_file_0/n346 0.1477 67.1801
execution_unit_0/register_file_0/n347 0.0924 62.1212
execution_unit_0/register_file_0/n348 0.0791 50.2212
execution_unit_0/register_file_0/n349 0.0658 57.4468
execution_unit_0/register_file_0/n350 0.0959 89.781
execution_unit_0/register_file_0/n351 0.7364 29.6476
execution_unit_0/register_file_0/n352 4.40685 54.1549
execution_unit_0/register_file_0/n353 1.7129 38.2101
execution_unit_0/register_file_0/n354 0.0924 93.9394
execution_unit_0/register_file_0/n355 2.6579 55.3661
execution_unit_0/register_file_0/n356 0.1561 68.8341
execution_unit_0/register_file_0/n357 0.1442 11.8239
execution_unit_0/register_file_0/n358 0.3836 59.3066
execution_unit_0/register_file_0/n359 0.0994 77.1127
execution_unit_0/register_file_0/n360 0.2114 84.9338
execution_unit_0/register_file_0/n361 0.0959 7.66423
execution_unit_0/register_file_0/n362 0.0819 59.8291
execution_unit_0/register_file_0/n363 0.0658 67.8191
execution_unit_0/register_file_0/n364 0.0658 64.6277
execution_unit_0/register_file_0/n365 0.0658 77.6596
execution_unit_0/register_file_0/n366 0.1316 31.6489
execution_unit_0/register_file_0/n367 0.0819 11.9658
execution_unit_0/register_file_0/n368 0.1134 87.037
execution_unit_0/register_file_0/n369 0.4844 8.22151
execution_unit_0/register_file_0/n370 0.0658 26.5198
execution_unit_0/register_file_0/n371 3.9347 53.2442
execution_unit_0/register_file_0/n372 0.0966 9.42029
execution_unit_0/register_file_0/n373 0.2737 52.1739
execution_unit_0/register_file_0/n374 0.18795 45.4775
execution_unit_0/register_file_0/n375 0.6594 67.9936
execution_unit_0/register_file_0/n376 0.05845 83.2335
execution_unit_0/register_file_0/n377 7.3633 62.7253
execution_unit_0/register_file_0/n378 0.11305 32.9721
execution_unit_0/register_file_0/n379 1.53685 73.1496
execution_unit_0/register_file_0/n380 0.1848 58.0492
execution_unit_0/register_file_0/n381 0.0133 0
execution_unit_0/register_file_0/n382 0.1218 34.6264
execution_unit_0/register_file_0/n383 0.0882 23.8095
execution_unit_0/register_file_0/n384 0.1099 50.9554
execution_unit_0/register_file_0/n385 4.17725 56.6988
execution_unit_0/register_file_0/n386 0.1631 41.4163
execution_unit_0/register_file_0/n387 4.5206 65.2485
execution_unit_0/register_file_0/n388 0.4305 40.3252
execution_unit_0/register_file_0/n389 3.39115 67.7056
execution_unit_0/register_file_0/n390 0.1085 70.6452
execution_unit_0/register_file_0/n391 3.01245 38.1957
execution_unit_0/register_file_0/n392 0.0924 55.303
execution_unit_0/register_file_0/n393 4.73725 70.7932
execution_unit_0/register_file_0/n394 0.1729 56.4777
execution_unit_0/register_file_0/n395 4.21435 52.0217
execution_unit_0/register_file_0/n396 0.0833 94.1176
execution_unit_0/register_file_0/n397 4.68545 67.2737
execution_unit_0/register_file_0/n398 0.1127 43.7888
execution_unit_0/register_file_0/n399 2.54625 39.244
execution_unit_0/register_file_0/n400 0.0658 17.5532
execution_unit_0/register_file_0/n401 4.0327 40.8349
execution_unit_0/register_file_0/n402 0.4669 31.4093
execution_unit_0/register_file_0/n403 2.8574 48.1259
execution_unit_0/register_file_0/n404 0.0658 85.1064
execution_unit_0/register_file_0/n405 3.66275 66.1682
execution_unit_0/register_file_0/n406 0.0658 12.766
execution_unit_0/register_file_0/n407 4.0075 58.4017
execution_unit_0/register_file_0/n408 5.4551 71.391
execution_unit_0/register_file_0/n409 0.3276 16.453
execution_unit_0/register_file_0/n410 0.7126 42.0081
execution_unit_0/register_file_0/n411 0.2625 43.2
execution_unit_0/register_file_0/n412 0.1925 40
execution_unit_0/register_file_0/n413 0.2177 23.4727
execution_unit_0/register_file_0/n414 5.0435 54.1965
execution_unit_0/register_file_0/n415 3.42965 59.9143
execution_unit_0/register_file_0/n416 0.1015 48.4483
execution_unit_0/register_file_0/n417 0.3535 41.8317
execution_unit_0/register_file_0/n418 0.1316 56.6489
execution_unit_0/register_file_0/n419 6.2027 72.4692
execution_unit_0/register_file_0/n420 0.2744 38.7117
execution_unit_0/register_file_0/n421 0.1127 60.8696
execution_unit_0/register_file_0/n422 0.2296 43.1402
execution_unit_0/register_file_0/n423 0.0777 12.3874
execution_unit_0/register_file_0/n424 4.2595 57.1159
execution_unit_0/register_file_0/n425 2.0328 89.5833
execution_unit_0/register_file_0/n426 0.1232 31.25
execution_unit_0/register_file_0/n427 0.294 67.0238
execution_unit_0/register_file_0/n428 0.0819 0
execution_unit_0/register_file_0/n429 4.2581 41.7434
execution_unit_0/register_file_0/n430 2.1371 61.0547
execution_unit_0/register_file_0/n431 7.53725 74.625
execution_unit_0/register_file_0/n432 0.3535 50.6436
execution_unit_0/register_file_0/n433 7.54215 65.5682
execution_unit_0/register_file_0/n434 0.0777 68.4685
execution_unit_0/register_file_0/n435 3.7184 61.4787
execution_unit_0/register_file_0/n436 0.0994 70.4225
execution_unit_0/register_file_0/n437 0.0952 49.0809
execution_unit_0/register_file_0/n438 0.1708 0
execution_unit_0/register_file_0/n439 0.09835 29.8932
execution_unit_0/register_file_0/n440 0.1526 61.4679
execution_unit_0/register_file_0/n441 0.4305 63.0081
execution_unit_0/register_file_0/n442 0.0833 94.1176
execution_unit_0/register_file_0/n443 0.1085 75.3226
execution_unit_0/register_file_0/n444 0.2695 17.1429
execution_unit_0/register_file_0/n445 0.59605 61.01
execution_unit_0/register_file_0/n446 0.1414 68.1931
execution_unit_0/register_file_0/n447 0.2492 55.8989
execution_unit_0/register_file_0/n448 0.35945 10.37
execution_unit_0/register_file_0/n449 0.59885 71.8293
execution_unit_0/register_file_0/n450 1.5617 72.1649
execution_unit_0/register_file_0/n451 0.2002 59.7028
execution_unit_0/register_file_0/n452 0.1505 53.0233
execution_unit_0/register_file_0/n453 0.189 46.5741
execution_unit_0/register_file_0/n454 0.2212 63.6076
execution_unit_0/register_file_0/n455 0.1323 11.1111
execution_unit_0/register_file_0/n456 0.5866 72.136
execution_unit_0/register_file_0/n457 0.1351 24.6114
execution_unit_0/register_file_0/n458 0.44485 53.2651
execution_unit_0/register_file_0/n459 0.1225 56
execution_unit_0/register_file_0/n460 0.8127 36.7786
execution_unit_0/register_file_0/n461 0.0133 44.7368
execution_unit_0/register_file_0/n462 0.3157 44.9002
execution_unit_0/register_file_0/n463 0.1925 79.6364
execution_unit_0/register_file_0/n464 0.2562 66.9399
execution_unit_0/register_file_0/n465 0.1687 37.7593
execution_unit_0/register_file_0/n466 0.1575 43.5556
execution_unit_0/register_file_0/n467 0.1715 50.8163
execution_unit_0/register_file_0/n468 0.3675 20.9524
execution_unit_0/register_file_0/n469 0.2324 74.6988
execution_unit_0/register_file_0/n470 0.1309 75.1337
execution_unit_0/register_file_0/n471 1.2558 53.8183
execution_unit_0/register_file_0/n472 0.1862 75
execution_unit_0/register_file_0/n473 0.1708 38.3197
execution_unit_0/register_file_0/n474 0.1729 55.0607
execution_unit_0/register_file_0/n475 0.609 78.5057
execution_unit_0/register_file_0/n476 0.0637 61.5385
execution_unit_0/register_file_0/n477 0.7315 33.5167
execution_unit_0/register_file_0/n478 0.1036 68.2432
execution_unit_0/register_file_0/n479 0.1981 47.5265
execution_unit_0/register_file_0/n480 0.2821 78.9082
execution_unit_0/register_file_0/n481 0.0952 65.4412
execution_unit_0/register_file_0/n482 0.2163 67.3139
execution_unit_0/register_file_0/n483 0.3059 76.5446
execution_unit_0/register_file_0/n484 1.5589 69.3983
execution_unit_0/register_file_0/n485 0.1176 16.5179
execution_unit_0/register_file_0/n486 1.0766 48.0982
execution_unit_0/register_file_0/n487 0.6174 74.263
execution_unit_0/register_file_0/n488 0.0777 32.8829
execution_unit_0/register_file_0/n489 0.1946 65.4676
execution_unit_0/register_file_0/n490 0.5271 18.0611
execution_unit_0/register_file_0/n491 0.1757 80.4781
execution_unit_0/register_file_0/n492 0.1575 57.1111
execution_unit_0/register_file_0/n493 0.0959 89.781
execution_unit_0/register_file_0/n494 0.3066 73.6301
execution_unit_0/register_file_0/n495 0.0826 88.1356
execution_unit_0/register_file_0/n496 0.2695 65.0649
execution_unit_0/register_file_0/n497 0.4515 76.7442
execution_unit_0/register_file_0/n498 0.1309 48.9305
execution_unit_0/register_file_0/n499 0.0861 43.4959
execution_unit_0/register_file_0/n500 0.0833 58.8235
execution_unit_0/register_file_0/n501 0.161 0
execution_unit_0/register_file_0/n502 0.1351 79.2746
execution_unit_0/register_file_0/n503 0.5733 78.5714
execution_unit_0/register_file_0/n504 0.4501 64.3857
execution_unit_0/register_file_0/n505 0.2646 66.6667
execution_unit_0/register_file_0/n506 0.2513 45.5432
execution_unit_0/register_file_0/n507 0.4508 30.7453
execution_unit_0/register_file_0/n508 0.1127 77.9503
execution_unit_0/register_file_0/n509 0.2744 24.6173
execution_unit_0/register_file_0/n510 1.4819 59.1639
execution_unit_0/register_file_0/n511 0.1365 31.6667
execution_unit_0/register_file_0/n512 3.47795 38.729
execution_unit_0/register_file_0/n513 0.1015 0
execution_unit_0/register_file_0/n514 0.3024 43.9815
execution_unit_0/register_file_0/n515 0.98 50.3929
execution_unit_0/register_file_0/n516 0.259 62.8378
execution_unit_0/register_file_0/n517 0.4438 60.489
execution_unit_0/register_file_0/n518 0.9303 78.4612
execution_unit_0/register_file_0/n519 0.3535 67.2277
execution_unit_0/register_file_0/n520 0.3717 85.4991
execution_unit_0/register_file_0/n521 0.5831 38.7155
execution_unit_0/register_file_0/n522 0.7679 73.5187
execution_unit_0/register_file_0/n523 0.0994 27.1127
execution_unit_0/register_file_0/n524 0.4389 74.7608
execution_unit_0/register_file_0/n525 0.0721 23.2663
execution_unit_0/register_file_0/n526 0.7644 70.1007
execution_unit_0/register_file_0/n527 0.098 56.4286
execution_unit_0/register_file_0/n528 0.1771 37.0271
execution_unit_0/register_file_0/n529 0.0462 71.2121
execution_unit_0/register_file_0/n530 0.1295 62.1622
execution_unit_0/register_file_0/n531 0.7238 53.3366
execution_unit_0/register_file_0/n532 0.3668 24.1889
execution_unit_0/register_file_0/n533 0.3675 65.8095
execution_unit_0/register_file_0/n534 0.8624 34.6997
execution_unit_0/register_file_0/n535 0.5271 58.1673
execution_unit_0/register_file_0/n536 0.273 48.4615
execution_unit_0/register_file_0/n537 1.1592 59.3901
execution_unit_0/register_file_0/n538 0.6118 59.2963
execution_unit_0/register_file_0/n539 0.5411 21.119
execution_unit_0/register_file_0/n540 0.2975 52.7059
execution_unit_0/register_file_0/n541 0.7336 53.7452
execution_unit_0/register_file_0/n542 0.3969 68.7831
execution_unit_0/register_file_0/n543 0.196 14.7321
execution_unit_0/register_file_0/n544 0.399 67.9825
execution_unit_0/register_file_0/n545 0.1169 58.982
execution_unit_0/register_file_0/n546 0.1841 47.9087
execution_unit_0/register_file_0/n547 0.1078 31.6558
execution_unit_0/register_file_0/n548 1.8319 66.0203
execution_unit_0/register_file_0/n549 0.1036 61.3176
execution_unit_0/register_file_0/n550 0.1323 40.2116
execution_unit_0/register_file_0/n551 0.7049 73.5353
execution_unit_0/register_file_0/n552 0.2457 67.2365
execution_unit_0/register_file_0/n553 0.0735 66.6667
execution_unit_0/register_file_0/n554 0.5628 66.1692
execution_unit_0/register_file_0/n555 0.2842 20.6897
execution_unit_0/register_file_0/n556 0.1442 69.4175
execution_unit_0/register_file_0/n557 0.0784 75
execution_unit_0/register_file_0/n558 0.1029 66.6667
execution_unit_0/register_file_0/n559 0.4109 68.0579
execution_unit_0/register_file_0/n560 0.1092 79.1667
execution_unit_0/register_file_0/n561 0.0917 69.4656
execution_unit_0/register_file_0/n562 0.0819 71.7949
execution_unit_0/register_file_0/n563 0.4438 41.5615
execution_unit_0/register_file_0/n564 0.2716 69.7901
execution_unit_0/register_file_0/n565 0.2387 3.63427
execution_unit_0/register_file_0/n566 0.6713 64.2447
execution_unit_0/register_file_0/n567 0.1827 61.1111
execution_unit_0/register_file_0/n568 0.0994 79.9296
execution_unit_0/register_file_0/n569 0.1029 59.5238
execution_unit_0/register_file_0/n570 0.6545 53.6364
execution_unit_0/register_file_0/n571 0.0728 59.6154
execution_unit_0/register_file_0/n572 0.4655 37.986
execution_unit_0/register_file_0/n573 0.7749 49.6161
execution_unit_0/register_file_0/n574 0.3318 64.9789
execution_unit_0/register_file_0/n575 0.2912 53.125
execution_unit_0/register_file_0/n576 0.2695 29.6104
execution_unit_0/register_file_0/n577 0.2114 12.4172
execution_unit_0/register_file_0/n578 0.2856 54.0441
execution_unit_0/register_file_0/n579 0.08505 23.0453
execution_unit_0/register_file_0/n580 0.4487 33.0733
execution_unit_0/register_file_0/n581 0.322 73.3696
execution_unit_0/register_file_0/n582 0.091 56.9231
execution_unit_0/register_file_0/n583 0.89845 50.6623
execution_unit_0/register_file_0/n584 0.2912 66.0457
execution_unit_0/register_file_0/n585 0.3801 46.3168
execution_unit_0/register_file_0/n586 0.238 6.17647
execution_unit_0/register_file_0/n587 9.1588 74.3408
execution_unit_0/register_file_0/n588 0.4368 59.4551
execution_unit_0/register_file_0/n589 0.1799 67.3152
execution_unit_0/register_file_0/n590 0.0861 39.0244
execution_unit_0/register_file_0/n591 0.1764 72.2222
execution_unit_0/register_file_0/n592 0.1078 30.3571
execution_unit_0/register_file_0/n593 0.6657 41.693
execution_unit_0/register_file_0/n594 0.2009 69.6864
execution_unit_0/register_file_0/n595 0.098 37.1429
execution_unit_0/register_file_0/n596 19.5335 81.6566
execution_unit_0/register_file_0/n597 17.7908 70.4718
execution_unit_0/register_file_0/n598 0.0532 65.1316
execution_unit_0/register_file_0/n599 17.7418 78.1085
execution_unit_0/register_file_0/n600 16.1826 80.9916
execution_unit_0/register_file_0/n601 0.0399 0
execution_unit_0/register_file_0/n602 16.751 51.2353
execution_unit_0/register_file_0/n603 13.8404 83.5599
execution_unit_0/register_file_0/n604 0.1015 24.3103
execution_unit_0/register_file_0/n605 26.2371 82.2899
execution_unit_0/register_file_0/n606 17.5142 80.1091
execution_unit_0/register_file_0/n607 0.0266 42.1053
execution_unit_0/register_file_0/n608 17.3477 78.3517
execution_unit_0/register_file_0/n609 0.0952 61.7647
execution_unit_0/register_file_0/n610 0.1316 44.6809
execution_unit_0/register_file_0/n611 12.9745 75.0634
execution_unit_0/register_file_0/n612 8.7766 58.1672
execution_unit_0/register_file_0/n613 0.0133 73.6842
execution_unit_0/register_file_0/n614 17.7457 73.0998
execution_unit_0/register_file_0/n615 0.1127 80.1242
execution_unit_0/register_file_0/n616 0.0399 0
execution_unit_0/register_file_0/n617 23.3069 81.9277
execution_unit_0/register_file_0/n618 18.15 82.594
execution_unit_0/register_file_0/n619 0.0917 78.2443
execution_unit_0/register_file_0/n620 17.0632 66.6181
execution_unit_0/register_file_0/n621 0.04515 59.6899
execution_unit_0/register_file_0/n622 0.08505 11.5226
execution_unit_0/register_file_0/n623 21.3927 85.7858
execution_unit_0/register_file_0/n624 15.0762 86.5769
execution_unit_0/register_file_0/n625 0.1477 83.4123
execution_unit_0/register_file_0/n626 14.5509 49.5078
execution_unit_0/register_file_0/n627 9.1658 35.2056
execution_unit_0/register_file_0/n628 0.0266 0
execution_unit_0/register_file_0/n629 19.1412 79.9538
execution_unit_0/register_file_0/n630 16.8819 91.7786
execution_unit_0/register_file_0/n631 0.1393 71.8593
execution_unit_0/register_file_0/n632 6.17435 85.9184
execution_unit_0/register_file_0/n633 0.08505 41.5638
execution_unit_0/register_file_0/n634 0.0266 0
execution_unit_0/register_file_0/n635 15.3807 63.1232
execution_unit_0/register_file_0/n636 0.0693 24.4949
execution_unit_0/register_file_0/n637 0.0819 80.7692
execution_unit_0/register_file_0/n638 5.81665 71.9839
execution_unit_0/register_file_0/n649 0.077 46.5909
execution_unit_0/register_file_0/n650 0.2086 31.5436
execution_unit_0/register_file_0/n651 0.1526 58.945
execution_unit_0/register_file_0/n652 0.1162 0
execution_unit_0/register_file_0/n654 0.5733 11.0501
execution_unit_0/register_file_0/n655 0.3311 29.1755
execution_unit_0/register_file_0/n656 0.0462 3.0303
execution_unit_0/register_file_0/n657 1.1963 38.5898
execution_unit_0/register_file_0/n658 0.3059 34.4394
execution_unit_0/register_file_0/n659 0.1085 24.0323
execution_unit_0/register_file_0/n660 0.126 83.0556
execution_unit_0/register_file_0/n669 0.3563 61.7387
execution_unit_0/register_file_0/n670 0.5789 72.9746
execution_unit_0/register_file_0/n671 0.0931 73.6842
execution_unit_0/register_file_0/n672 0.2758 61.1675
execution_unit_0/register_file_0/n673 0.1463 45.933
execution_unit_0/register_file_0/n674 0.8239 52.1878
execution_unit_0/register_file_0/n675 0.37275 65.6338
execution_unit_0/register_file_0/n676 0.357 40.9804
execution_unit_0/register_file_0/n677 0.1708 71.9262
execution_unit_0/register_file_0/n678 0.1862 60.3383
execution_unit_0/register_file_0/n679 0.4634 72.2054
execution_unit_0/register_file_0/n680 0.6013 54.1036
execution_unit_0/register_file_0/r1[15] 0.9359 28.4966
execution_unit_0/register_file_0/r1[14] 1.2145 43.7176
execution_unit_0/register_file_0/r1[13] 1.4084 61.0196
execution_unit_0/register_file_0/r1[12] 1.5358 63.1658
execution_unit_0/register_file_0/r1[11] 1.83435 55.1612
execution_unit_0/register_file_0/r1[10] 1.3741 44.4855
execution_unit_0/register_file_0/r1[9] 1.73285 76.3078
execution_unit_0/register_file_0/r1[8] 0.567 56.94
execution_unit_0/register_file_0/r1[7] 0.9576 58.8085
execution_unit_0/register_file_0/r1[6] 0.329 69.4149
execution_unit_0/register_file_0/r1[5] 1.23165 53.9784
execution_unit_0/register_file_0/r1[4] 0.8477 65.8753
execution_unit_0/register_file_0/r1[3] 0.9534 69.6035
execution_unit_0/register_file_0/r1[2] 0.917 56.2214
execution_unit_0/register_file_0/r1[1] 0.3913 65.5635
execution_unit_0/register_file_0/r3[15] 0.42595 45.3398
execution_unit_0/register_file_0/r3[14] 0.19215 50.6375
execution_unit_0/register_file_0/r3[13] 0.20895 45.3936
execution_unit_0/register_file_0/r3[12] 0.2954 71.4455
execution_unit_0/register_file_0/r3[11] 0.20965 49.5826
execution_unit_0/register_file_0/r3[10] 0.1862 55.2632
execution_unit_0/register_file_0/r3[9] 0.11585 77.9456
execution_unit_0/register_file_0/r3[8] 1.7003 59.9218
execution_unit_0/register_file_0/r3[7] 0.36995 54.6831
execution_unit_0/register_file_0/r3[6] 0.2492 55.618
execution_unit_0/register_file_0/r3[5] 0.4452 59.3553
execution_unit_0/register_file_0/r3[4] 0.2625 41.4
execution_unit_0/register_file_0/r3[3] 0.2401 71.5743
execution_unit_0/register_file_0/r3[2] 0.33915 11.7647
execution_unit_0/register_file_0/r3[1] 0.329 53.5638
execution_unit_0/register_file_0/r3[0] 0.5187 51.7544
execution_unit_0/register_file_0/r4[15] 0.25935 40.6208
execution_unit_0/register_file_0/r4[14] 0.8981 49.4154
execution_unit_0/register_file_0/r4[13] 0.5348 66.2958
execution_unit_0/register_file_0/r4[12] 0.3934 16.8149
execution_unit_0/register_file_0/r4[11] 0.26845 64.5372
execution_unit_0/register_file_0/r4[10] 0.72625 54.0723
execution_unit_0/register_file_0/r4[9] 0.4417 69.7306
execution_unit_0/register_file_0/r4[8] 1.596 28.0044
execution_unit_0/register_file_0/r4[7] 1.1039 62.5396
execution_unit_0/register_file_0/r4[6] 0.4389 69.697
execution_unit_0/register_file_0/r4[5] 0.59045 46.0581
execution_unit_0/register_file_0/r4[4] 0.1876 25.5597
execution_unit_0/register_file_0/r4[3] 0.462 15.6277
execution_unit_0/register_file_0/r4[2] 0.8463 43.1969
execution_unit_0/register_file_0/r4[1] 0.3255 38.533
execution_unit_0/register_file_0/r4[0] 0.58135 65.7134
execution_unit_0/register_file_0/r5[15] 0.5054 31.0645
execution_unit_0/register_file_0/r5[14] 0.36715 57.4833
execution_unit_0/register_file_0/r5[13] 0.3801 68.14
execution_unit_0/register_file_0/r5[12] 0.3941 55.0431
execution_unit_0/register_file_0/r5[11] 1.0647 41.8475
execution_unit_0/register_file_0/r5[10] 0.8141 13.4566
execution_unit_0/register_file_0/r5[9] 0.25585 55.1984
execution_unit_0/register_file_0/r5[8] 0.4977 45.9564
execution_unit_0/register_file_0/r5[7] 0.5796 38.8889
execution_unit_0/register_file_0/r5[6] 0.2597 80.1887
execution_unit_0/register_file_0/r5[5] 0.22295 86.8132
execution_unit_0/register_file_0/r5[4] 0.3157 40.6874
execution_unit_0/register_file_0/r5[3] 0.18305 16.9216
execution_unit_0/register_file_0/r5[2] 0.87745 46.1907
execution_unit_0/register_file_0/r5[1] 0.89355 82.9221
execution_unit_0/register_file_0/r5[0] 0.30975 37.3285
execution_unit_0/register_file_0/r6[15] 0.6979 63.6409
execution_unit_0/register_file_0/r6[14] 0.7357 33.1147
execution_unit_0/register_file_0/r6[13] 0.5047 70.3883
execution_unit_0/register_file_0/r6[12] 0.651 71.4516
execution_unit_0/register_file_0/r6[11] 0.51205 19.1388
execution_unit_0/register_file_0/r6[10] 0.2926 17.1053
execution_unit_0/register_file_0/r6[9] 0.9436 57.429
execution_unit_0/register_file_0/r6[8] 0.22505 56.6096
execution_unit_0/register_file_0/r6[7] 0.4018 65.2003
execution_unit_0/register_file_0/r6[6] 0.2261 26.935
execution_unit_0/register_file_0/r6[5] 0.5068 75.3108
execution_unit_0/register_file_0/r6[4] 0.1995 53.3333
execution_unit_0/register_file_0/r6[3] 0.2891 48.1062
execution_unit_0/register_file_0/r6[2] 0.3416 29.2008
execution_unit_0/register_file_0/r6[1] 0.11305 45.5108
execution_unit_0/register_file_0/r6[0] 0.14875 53.4118
execution_unit_0/register_file_0/r7[15] 0.63 62.3889
execution_unit_0/register_file_0/r7[14] 0.21875 14.3543
execution_unit_0/register_file_0/r7[13] 0.2835 61.6049
execution_unit_0/register_file_0/r7[12] 1.0605 81.6502
execution_unit_0/register_file_0/r7[11] 0.40005 0
execution_unit_0/register_file_0/r7[10] 0.6265 72.2905
execution_unit_0/register_file_0/r7[9] 0.82635 69.3986
execution_unit_0/register_file_0/r7[8] 0.68355 57.8085
execution_unit_0/register_file_0/r7[7] 0.50715 54.6239
execution_unit_0/register_file_0/r7[6] 1.008 81.1111
execution_unit_0/register_file_0/r7[5] 0.8617 78.5946
execution_unit_0/register_file_0/r7[4] 1.0374 55.5331
execution_unit_0/register_file_0/r7[3] 0.2093 40.3727
execution_unit_0/register_file_0/r7[2] 0.7287 62.0077
execution_unit_0/register_file_0/r7[1] 0.13825 70.1266
execution_unit_0/register_file_0/r7[0] 0.9184 87.5
execution_unit_0/register_file_0/r8[15] 0.3857 78.4936
execution_unit_0/register_file_0/r8[14] 0.3304 42.9025
execution_unit_0/register_file_0/r8[13] 0.4102 59.8976
execution_unit_0/register_file_0/r8[12] 0.8057 63.7955
execution_unit_0/register_file_0/r8[11] 0.1344 77.3438
execution_unit_0/register_file_0/r8[10] 0.5047 60.1248
execution_unit_0/register_file_0/r8[9] 0.4501 33.9036
execution_unit_0/register_file_0/r8[8] 0.5075 55.6552
execution_unit_0/register_file_0/r8[7] 0.19495 56.7325
execution_unit_0/register_file_0/r8[6] 0.23485 48.5842
execution_unit_0/register_file_0/r8[5] 0.2863 14.4254
execution_unit_0/register_file_0/r8[4] 0.31325 45.6983
execution_unit_0/register_file_0/r8[3] 0.12565 33.1476
execution_unit_0/register_file_0/r8[2] 0.42 50.6667
execution_unit_0/register_file_0/r8[1] 0.17675 60.495
execution_unit_0/register_file_0/r8[0] 0.16345 71.7345
execution_unit_0/register_file_0/r9[15] 0.7791 67.8347
execution_unit_0/register_file_0/r9[14] 0.9632 50.436
execution_unit_0/register_file_0/r9[13] 0.2569 54.3597
execution_unit_0/register_file_0/r9[12] 0.8904 54.9472
execution_unit_0/register_file_0/r9[11] 0.50715 68.7716
execution_unit_0/register_file_0/r9[10] 0.38605 46.9628
execution_unit_0/register_file_0/r9[9] 1.59565 75.0823
execution_unit_0/register_file_0/r9[8] 0.65345 5.46331
execution_unit_0/register_file_0/r9[7] 0.343 60.4082
execution_unit_0/register_file_0/r9[6] 0.413 49.2373
execution_unit_0/register_file_0/r9[5] 0.60865 38.9879
execution_unit_0/register_file_0/r9[4] 0.4928 55.9659
execution_unit_0/register_file_0/r9[3] 0.4599 17.0852
execution_unit_0/register_file_0/r9[2] 0.42945 45.7213
execution_unit_0/register_file_0/r9[1] 0.5348 59.2605
execution_unit_0/register_file_0/r9[0] 1.0311 68.5336
execution_unit_0/register_file_0/r10[15] 0.294 43.2143
execution_unit_0/register_file_0/r10[14] 0.4081 25.5575
execution_unit_0/register_file_0/r10[13] 0.0882 0
execution_unit_0/register_file_0/r10[12] 0.1316 69.4149
execution_unit_0/register_file_0/r10[11] 0.29645 69.1854
execution_unit_0/register_file_0/r10[10] 0.2261 14.0867
execution_unit_0/register_file_0/r10[9] 0.301 68.7209
execution_unit_0/register_file_0/r10[8] 1.1487 41.1792
execution_unit_0/register_file_0/r10[7] 0.13055 35.6568
execution_unit_0/register_file_0/r10[6] 0.29505 72.242
execution_unit_0/register_file_0/r10[5] 0.5628 69.2164
execution_unit_0/register_file_0/r10[4] 0.3472 28.4274
execution_unit_0/register_file_0/r10[3] 0.4963 75.1058
execution_unit_0/register_file_0/r10[2] 0.448 31.8359
execution_unit_0/register_file_0/r10[1] 0.1855 33.4906
execution_unit_0/register_file_0/r10[0] 0.5537 56.6913
execution_unit_0/register_file_0/r11[15] 0.8904 46.816
execution_unit_0/register_file_0/r11[14] 0.10255 56.9966
execution_unit_0/register_file_0/r11[13] 0.2079 67.3401
execution_unit_0/register_file_0/r11[12] 0.75705 70.2397
execution_unit_0/register_file_0/r11[11] 0.5537 59.8293
execution_unit_0/register_file_0/r11[10] 0.91035 38.6582
execution_unit_0/register_file_0/r11[9] 0.8113 49.2235
execution_unit_0/register_file_0/r11[8] 0.9296 41.8486
execution_unit_0/register_file_0/r11[7] 0.74305 52.049
execution_unit_0/register_file_0/r11[6] 0.147 38.8095
execution_unit_0/register_file_0/r11[5] 0.2408 68.0233
execution_unit_0/register_file_0/r11[4] 0.217 45.8065
execution_unit_0/register_file_0/r11[3] 0.693 56.5657
execution_unit_0/register_file_0/r11[2] 0.42665 66.0377
execution_unit_0/register_file_0/r11[1] 0.46935 63.0872
execution_unit_0/register_file_0/r11[0] 0.9933 74.2424
execution_unit_0/register_file_0/r12[15] 2.02965 81.0312
execution_unit_0/register_file_0/r12[14] 0.81795 51.7758
execution_unit_0/register_file_0/r12[13] 0.81095 55.0281
execution_unit_0/register_file_0/r12[12] 0.8155 58.3262
execution_unit_0/register_file_0/r12[11] 0.83195 57.5095
execution_unit_0/register_file_0/r12[10] 1.1774 30.648
execution_unit_0/register_file_0/r12[9] 1.2887 79.1418
execution_unit_0/register_file_0/r12[8] 0.14665 58.2339
execution_unit_0/register_file_0/r12[7] 0.40495 54.4512
execution_unit_0/register_file_0/r12[6] 0.43645 68.9483
execution_unit_0/register_file_0/r12[5] 0.4354 81.9936
execution_unit_0/register_file_0/r12[4] 0.6132 60.4452
execution_unit_0/register_file_0/r12[3] 0.3465 29.5455
execution_unit_0/register_file_0/r12[2] 0.6874 37.5764
execution_unit_0/register_file_0/r12[1] 0.16905 38.9234
execution_unit_0/register_file_0/r12[0] 1.8319 87.3942
execution_unit_0/register_file_0/r13[15] 0.1589 12.9956
execution_unit_0/register_file_0/r13[14] 0.7084 16.2761
execution_unit_0/register_file_0/r13[13] 0.4165 35.3962
execution_unit_0/register_file_0/r13[12] 0.7728 73.7319
execution_unit_0/register_file_0/r13[11] 0.3234 3.2081
execution_unit_0/register_file_0/r13[10] 0.27895 24.9059
execution_unit_0/register_file_0/r13[9] 0.7567 69.334
execution_unit_0/register_file_0/r13[8] 0.3255 30.1075
execution_unit_0/register_file_0/r13[7] 0.63 57.1111
execution_unit_0/register_file_0/r13[6] 0.17535 41.7166
execution_unit_0/register_file_0/r13[5] 0.1799 57.393
execution_unit_0/register_file_0/r13[4] 0.1316 0
execution_unit_0/register_file_0/r13[3] 0.3605 30.111
execution_unit_0/register_file_0/r13[2] 0.3353 46.3466
execution_unit_0/register_file_0/r13[1] 0.2338 29.4162
execution_unit_0/register_file_0/r13[0] 0.5215 40.2013
execution_unit_0/register_file_0/r14[15] 1.1536 71.784
execution_unit_0/register_file_0/r14[14] 0.59535 52.0576
execution_unit_0/register_file_0/r14[13] 0.4578 42.5841
execution_unit_0/register_file_0/r14[12] 0.8715 66.8474
execution_unit_0/register_file_0/r14[11] 0.3171 55.6291
execution_unit_0/register_file_0/r14[10] 0.72485 24.7534
execution_unit_0/register_file_0/r14[9] 1.0171 51.8066
execution_unit_0/register_file_0/r14[8] 0.77665 13.5647
execution_unit_0/register_file_0/r14[7] 0.6615 70.5291
execution_unit_0/register_file_0/r14[6] 0.48265 79.5504
execution_unit_0/register_file_0/r14[5] 0.7616 78.0331
execution_unit_0/register_file_0/r14[4] 0.4949 61.7397
execution_unit_0/register_file_0/r14[3] 0.5313 70.9486
execution_unit_0/register_file_0/r14[2] 0.1771 48.1225
execution_unit_0/register_file_0/r14[1] 0.2086 1.1745
execution_unit_0/register_file_0/r14[0] 0.8309 54.5914
execution_unit_0/register_file_0/r15[15] 0.5593 77.3467
execution_unit_0/register_file_0/r15[14] 0.3864 58.4239
execution_unit_0/register_file_0/r15[13] 0.3136 75.6138
execution_unit_0/register_file_0/r15[12] 0.8512 67.7632
execution_unit_0/register_file_0/r15[11] 0.4221 51.4925
execution_unit_0/register_file_0/r15[10] 0.665 23.8421
execution_unit_0/register_file_0/r15[9] 0.7014 60.2438
execution_unit_0/register_file_0/r15[8] 0.44135 47.383
execution_unit_0/register_file_0/r15[7] 0.39095 57.6544
execution_unit_0/register_file_0/r15[6] 1.14048 82.2245
execution_unit_0/register_file_0/r15[5] 1.63275 38.5423
execution_unit_0/register_file_0/r15[4] 0.72555 49.5693
execution_unit_0/register_file_0/r15[3] 0.532 57.4342
execution_unit_0/register_file_0/r15[2] 0.5971 67.0574
execution_unit_0/register_file_0/r15[1] 0.224 54.0625
execution_unit_0/register_file_0/r15[0] 1.939 91.0108
execution_unit_0/alu_0/FE_OFN72_pc_sw_5 1.3202 42.7094
execution_unit_0/alu_0/FE_OFN52_pc_sw_1 0.9205 40.8963
execution_unit_0/alu_0/FE_OFN42_pc_sw_2 1.2936 2.43506
execution_unit_0/alu_0/FE_OFN40_pc_sw_7 0.6601 76.299
mem_backbone_0/FE_OFN74_n301 20.0379 76.9823
mem_backbone_0/FE_OFN48_n2 3.7422 52.9882
mem_backbone_0/FE_OFN25_ext_mem_din_sel_1 4.65185 56.1244
mem_backbone_0/FE_OFN24_eu_mdb_in_sel_1 4.3204 63.2088
mem_backbone_0/ext_per_en 14.9247 66.3558
mem_backbone_0/dma_ready_dly 5.03755 38.2577
mem_backbone_0/fe_pmem_en_dly 0.22295 34.1444
mem_backbone_0/fe_pmem_save 0.22295 46.4678
mem_backbone_0/mclk_bckup_gated 5.0582 70.5923
mem_backbone_0/pmem_dout_bckup_sel 3.0653 60.6425
mem_backbone_0/n155 0.1533 45.6621
mem_backbone_0/n1 0.168 29.5833
mem_backbone_0/n2 0.0525 28
mem_backbone_0/n3 0.1204 35.9012
mem_backbone_0/n4 0.0784 62.5
mem_backbone_0/n5 0.2513 60.4457
mem_backbone_0/n6 0.1085 48.5484
mem_backbone_0/n7 0.3087 56.3492
mem_backbone_0/n8 0.0924 20.0758
mem_backbone_0/n9 2.086 33.7919
mem_backbone_0/n10 0.1645 59.5745
mem_backbone_0/n11 0.2114 33.2545
mem_backbone_0/n12 2.72475 93.5517
mem_backbone_0/n13 0.1624 38.0388
mem_backbone_0/n14 0.26635 64.3233
mem_backbone_0/n15 0.0868 70.3629
mem_backbone_0/n16 0.056 30.3125
mem_backbone_0/n17 0.1057 49.6689
mem_backbone_0/n18 0.0903 44.9612
mem_backbone_0/n19 0.04515 27.1318
mem_backbone_0/n20 0.4648 72.5904
mem_backbone_0/n21 0.44275 81.7391
mem_backbone_0/n22 0.0658 85.1064
mem_backbone_0/n23 0.5117 68.6731
mem_backbone_0/n24 0.4851 63.925
mem_backbone_0/n25 0.1218 75.8621
mem_backbone_0/n26 0.04515 39.5349
mem_backbone_0/n27 0.2674 89.0052
mem_backbone_0/n28 1.2684 76.1865
mem_backbone_0/n29 0.056 26.25
mem_backbone_0/n30 0.0427 65.5738
mem_backbone_0/n31 0.1036 83.4459
mem_backbone_0/n32 0.0658 44.6809
mem_backbone_0/n33 0.707 58.5149
mem_backbone_0/n34 0.4417 59.0333
mem_backbone_0/n35 0.1057 30.1325
mem_backbone_0/n36 0.0952 27.0221
mem_backbone_0/n37 2.6278 91.6755
mem_backbone_0/n38 0.0819 55.5556
mem_backbone_0/n39 0.1484 41.6274
mem_backbone_0/n40 0.4123 49.7029
mem_backbone_0/n41 0.0952 29.4118
mem_backbone_0/n42 0.0861 60.1626
mem_backbone_0/n43 0.2338 65.4192
mem_backbone_0/n44 0.1127 60.8696
mem_backbone_0/n45 0.1253 80.4469
mem_backbone_0/n46 0.2562 53.0738
mem_backbone_0/n47 0.1722 85.5691
mem_backbone_0/n48 0.8967 60.7338
mem_backbone_0/n49 0.0784 4.46429
mem_backbone_0/n50 0.0462 55.303
mem_backbone_0/n51 0.126 92.2222
mem_backbone_0/n52 0.3416 68.6475
mem_backbone_0/n53 0.238 65.5882
mem_backbone_0/n54 0.0595 79.4118
mem_backbone_0/n55 0.1218 75.8621
mem_backbone_0/n56 0.1099 70.7006
mem_backbone_0/n57 0.0658 31.6489
mem_backbone_0/n58 0.04515 62.0155
mem_backbone_0/n59 0.0833 88.2353
mem_backbone_0/n60 0.4214 61.0465
mem_backbone_0/n61 0.1813 66.6023
mem_backbone_0/n62 0.0833 20.5882
mem_backbone_0/n63 0.1127 60.559
mem_backbone_0/n64 0.0462 59.8485
mem_backbone_0/n65 0.0791 76.1062
mem_backbone_0/n66 0.056 50.9375
mem_backbone_0/n67 0.1358 66.2371
mem_backbone_0/n68 0.1232 47.7273
mem_backbone_0/n69 0.0966 19.0217
mem_backbone_0/n70 0.0658 60.9043
mem_backbone_0/n71 0.1232 48.4375
mem_backbone_0/n72 0.04515 24.8062
mem_backbone_0/n73 0.1225 84
mem_backbone_0/n74 0.1715 35.102
mem_backbone_0/n75 0.2576 47.0788
mem_backbone_0/n76 0.0427 100
mem_backbone_0/n77 0.3591 77.4854
mem_backbone_0/n78 0.056 24.0625
mem_backbone_0/n79 0.056 43.75
mem_backbone_0/n80 0.0819 53.8462
mem_backbone_0/n81 0.3591 34.9903
mem_backbone_0/n82 4.67635 75.2007
mem_backbone_0/n83 0.07175 90.2439
mem_backbone_0/n84 0.0462 20.8333
mem_backbone_0/n85 0.0994 60.5634
mem_backbone_0/n86 0.0791 3.31858
mem_backbone_0/n87 0.1127 50
mem_backbone_0/n88 0.0924 18.5606
mem_backbone_0/n89 0.126 50
mem_backbone_0/n90 0.0784 64.2857
mem_backbone_0/n91 0.1127 60.559
mem_backbone_0/n92 0.1057 47.8477
mem_backbone_0/n93 0.1813 62.1622
mem_backbone_0/n94 3.13915 79.6633
mem_backbone_0/n95 1.6303 76.3847
mem_backbone_0/n96 0.6972 44.6285
mem_backbone_0/n97 0.0658 34.8404
mem_backbone_0/n98 0.4403 32.5062
mem_backbone_0/n99 0.1582 63.0531
mem_backbone_0/n100 0.0952 22.9779
mem_backbone_0/n101 0.1183 0.739645
mem_backbone_0/n102 0.04515 27.1318
mem_backbone_0/n103 1.4707 68.2294
mem_backbone_0/n104 0.09835 85.0534
mem_backbone_0/n105 1.34365 70.7215
mem_backbone_0/n106 0.15435 15.873
mem_backbone_0/n107 0.2954 68.6019
mem_backbone_0/n108 0.1232 36.5057
mem_backbone_0/n109 5.31335 90.1159
mem_backbone_0/n110 2.597 37.3787
mem_backbone_0/n111 0.1099 77.8662
mem_backbone_0/n112 0.5684 44.9815
mem_backbone_0/n113 0.0833 70.5882
mem_backbone_0/n114 3.7212 90.839
mem_backbone_0/n115 0.1848 58.2386
mem_backbone_0/n116 3.6386 83.7822
mem_backbone_0/n117 0.0966 94.9275
mem_backbone_0/n118 4.3295 100
mem_backbone_0/n119 0.3325 17.0526
mem_backbone_0/n120 3.9732 67.6401
mem_backbone_0/n121 0.0966 65.942
mem_backbone_0/n122 4.4695 97.6899
mem_backbone_0/n123 0.0833 82.3529
mem_backbone_0/n124 3.8633 66.6334
mem_backbone_0/n125 0.0693 73.7374
mem_backbone_0/n126 4.41875 99.2634
mem_backbone_0/n127 0.3941 39.3428
mem_backbone_0/n128 2.75905 94.1647
mem_backbone_0/n129 5.12767 70.6597
mem_backbone_0/n130 0.0966 84.7826
mem_backbone_0/n131 4.8314 74.3987
mem_backbone_0/n132 0.0833 76.4706
mem_backbone_0/n133 6.81975 98.019
mem_backbone_0/n134 0.04515 67.4419
mem_backbone_0/n135 5.6119 90.3816
mem_backbone_0/n136 0.2919 58.2734
mem_backbone_0/n137 7.71715 95.3014
mem_backbone_0/n138 0.0966 58.1522
mem_backbone_0/n139 4.7285 92.4204
mem_backbone_0/n140 0.0966 79.7101
mem_backbone_0/n141 5.4089 86.806
mem_backbone_0/n142 0.0833 88.2353
mem_backbone_0/n143 6.3581 94.0989
mem_backbone_0/n144 0.1505 83.7209
mem_backbone_0/n145 7.07105 94.9364
mem_backbone_0/n146 1.5414 56.4033
mem_backbone_0/n147 0.4669 58.2459
mem_backbone_0/n148 0.0826 66.1017
mem_backbone_0/n149 7.6909 90.5707
mem_backbone_0/n150 0.6398 65.3173
mem_backbone_0/n151 0.1085 52.9032
mem_backbone_0/n152 0.4494 75
mem_backbone_0/n153 0.0644 48.0978
mem_backbone_0/n154 0.0861 5.69106
mem_backbone_0/n156 0.1015 22.7586
mem_backbone_0/n157 0.0861 5.69106
mem_backbone_0/n158 0.0882 63.0952
mem_backbone_0/n159 0.0945 41.4815
mem_backbone_0/n160 0.0784 59.375
mem_backbone_0/n161 0.2632 61.4362
mem_backbone_0/n162 0.0917 10.687
mem_backbone_0/n163 0.1589 0
mem_backbone_0/n164 0.1372 34.949
mem_backbone_0/n165 0.0994 28.6972
mem_backbone_0/n166 0.0882 0
mem_backbone_0/n167 0.1904 67.8309
mem_backbone_0/n168 0.05845 0.299401
mem_backbone_0/n169 0.0861 2.00348
mem_backbone_0/n170 0.091 56.0165
mem_backbone_0/n171 0.1393 44.2211
mem_backbone_0/n172 0.1911 64.4689
mem_backbone_0/n173 0.0861 71.5447
mem_backbone_0/n174 0.0777 56.7568
mem_backbone_0/n175 0.0644 56.5217
mem_backbone_0/n176 0.0861 71.5447
mem_backbone_0/n177 0.0728 85.5769
mem_backbone_0/n178 0.0693 47.9798
mem_backbone_0/n179 0.1491 55.6338
mem_backbone_0/n180 0.0756 75.6944
mem_backbone_0/n181 4.16325 30.493
mem_backbone_0/n182 0.2709 31.137
mem_backbone_0/n183 3.27075 47.4356
mem_backbone_0/n184 0.0882 27.9762
mem_backbone_0/n185 0.4396 73.6465
mem_backbone_0/n186 11.0926 91.405
mem_backbone_0/n187 0.056 73.75
mem_backbone_0/n188 0.938 23.6754
mem_backbone_0/n189 0.0532 42.7632
mem_backbone_0/n190 0.1141 32.5153
mem_backbone_0/n191 0.3437 67.1079
mem_backbone_0/n192 7.83195 82.3055
mem_backbone_0/n193 3.85245 91.5236
mem_backbone_0/n194 0.2527 50.277
mem_backbone_0/n195 0.9541 66.2509
mem_backbone_0/n196 0.0826 72.8814
mem_backbone_0/n197 3.81955 82.9561
mem_backbone_0/n198 0.1813 39.1892
mem_backbone_0/n199 0.0917 69.8473
mem_backbone_0/n200 11.3701 87.8348
mem_backbone_0/n201 0.11095 9.93691
mem_backbone_0/n202 0.1281 40.7104
mem_backbone_0/n203 0.1015 61.7241
mem_backbone_0/n204 7.55475 87.7971
mem_backbone_0/n205 0.2338 72.7545
mem_backbone_0/n206 0.08505 65.4321
mem_backbone_0/n207 0.0133 100
mem_backbone_0/n208 1.82175 62.6705
mem_backbone_0/n209 4.4485 79.2604
mem_backbone_0/n210 0.0952 20.2206
mem_backbone_0/n211 7.3234 78.4076
mem_backbone_0/n212 0.4137 42.4704
mem_backbone_0/n213 0.1148 65.8537
mem_backbone_0/n214 0.329 59.3085
mem_backbone_0/n215 0.231 65.6061
mem_backbone_0/n216 0.2674 84.2932
mem_backbone_0/n217 0.4655 78.9474
mem_backbone_0/n218 0.39165 63.807
mem_backbone_0/n219 8.4973 89.2331
mem_backbone_0/n220 0.4655 58.3888
mem_backbone_0/n221 0.0133 0
mem_backbone_0/n222 0.1274 76.3736
mem_backbone_0/n223 0.1932 60.1449
mem_backbone_0/n224 8.83015 94.3716
mem_backbone_0/n225 0.203 72.4138
mem_backbone_0/n226 0.0882 0
mem_backbone_0/n227 0.294 75.4762
mem_backbone_0/n228 0.1799 27.2374
mem_backbone_0/n230 8.62365 93.5225
mem_backbone_0/n231 0.3143 60.8018
mem_backbone_0/n232 0.1897 29.6125
mem_backbone_0/n233 0.1484 43.6321
mem_backbone_0/n234 0.0399 0
mem_backbone_0/n235 0.0266 0
mem_backbone_0/n236 0.1113 57.2327
mem_backbone_0/n237 0.1932 52.2645
mem_backbone_0/n238 0.1183 63.3136
mem_backbone_0/n239 0.1057 46.0265
mem_backbone_0/n240 0.1911 28.7546
mem_backbone_0/n241 0.0133 2.63158
mem_backbone_0/n242 10.081 80.1236
mem_backbone_0/n243 0.1582 34.9558
mem_backbone_0/n244 0.1414 33.1683
mem_backbone_0/n245 10.9158 80.228
mem_backbone_0/n246 0.12635 14.9584
mem_backbone_0/n247 0.20685 59.7293
mem_backbone_0/n248 0.0133 100
mem_backbone_0/n249 0.2709 47.4806
mem_backbone_0/n250 0.0966 0.724638
mem_backbone_0/n251 0.1127 0
mem_backbone_0/n252 0.0966 73.3696
mem_backbone_0/n253 0.1127 63.0435
mem_backbone_0/n254 0.056 73.75
mem_backbone_0/n255 0.1757 69.3227
mem_backbone_0/n256 0.1365 32.6923
mem_backbone_0/n257 0.1456 0
mem_backbone_0/n258 3.7135 42.2055
mem_backbone_0/n259 1.3664 62.9483
mem_backbone_0/n260 1.25265 46.4655
mem_backbone_0/n261 0.3927 71.7914
mem_backbone_0/n262 0.31255 46.8085
mem_backbone_0/n263 0.5558 69.8992
mem_backbone_0/n264 0.31815 26.6934
mem_backbone_0/n265 0.2786 67.0854
mem_backbone_0/n266 1.11965 35.0891
mem_backbone_0/n267 0.69475 65.0126
mem_backbone_0/n268 0.105 54.6667
mem_backbone_0/n269 0.0133 100
mem_backbone_0/n270 0.0882 63.8889
mem_backbone_0/n271 0.0882 66.6667
mem_backbone_0/n272 0.0882 67.4603
mem_backbone_0/n273 0.0133 65.7895
mem_backbone_0/n274 0.0882 83.3333
mem_backbone_0/n275 0.06195 84.1808
mem_backbone_0/n276 0.1183 49.7041
mem_backbone_0/n277 0.0882 66.6667
mem_backbone_0/n278 0.0917 94.6565
mem_backbone_0/n279 0.0266 0
mem_backbone_0/n280 0.1015 72.4138
mem_backbone_0/n281 0.0133 0
mem_backbone_0/n282 0.105 68.6667
mem_backbone_0/n283 0.0266 0
mem_backbone_0/n284 0.0882 77.7778
mem_backbone_0/n285 0.2226 70.5975
mem_backbone_0/n286 0.0917 4.19847
mem_backbone_0/n287 0.1218 36.0632
mem_backbone_0/n288 0.0784 75
mem_backbone_0/n289 0.2471 41.5014
mem_backbone_0/n290 0.0819 9.82906
mem_backbone_0/n291 0.0896 19.9219
mem_backbone_0/n292 0.105 61.6667
mem_backbone_0/n293 0.1176 57.7381
mem_backbone_0/n294 0.0882 45.6349
mem_backbone_0/n295 0.0532 65.1316
mem_backbone_0/n296 0.1862 71.0526
mem_backbone_0/n297 0.0882 46.4286
mem_backbone_0/n298 0.1183 35.7988
mem_backbone_0/n299 0.0133 21.0526
mem_backbone_0/n300 0.2555 73.9139
mem_backbone_0/n301 0.0819 85.4701
mem_backbone_0/n302 0.3059 10.8696
mem_backbone_0/n303 6.52575 45.7285
mem_backbone_0/n306 0.1393 36.9347
mem_backbone_0/n307 3.1584 68.8743
mem_backbone_0/n308 0.3059 45.7666
mem_backbone_0/n309 0.1848 35.2273
mem_backbone_0/n310 0.294 42.4405
mem_backbone_0/n311 0.2891 58.7167
mem_backbone_0/n312 0.2905 44.9398
mem_backbone_0/n313 0.4102 46.971
mem_backbone_0/n314 0.4487 52.0281
mem_backbone_0/n315 0.4515 57.2093
mem_backbone_0/n316 0.2527 23.8227
mem_backbone_0/n317 0.7077 59.1988
mem_backbone_0/n318 0.238 20.8824
mem_backbone_0/n319 0.3437 35.8452
mem_backbone_0/n320 0.2856 23.7745
mem_backbone_0/n321 0.5915 66.4497
mem_backbone_0/n322 0.2261 49.5356
mem_backbone_0/n323 0.2142 35.9477
mem_backbone_0/n324 0.6643 44.942
mem_backbone_0/n325 9.66735 59.4253
mem_backbone_0/n334 11.725 82.7915
mem_backbone_0/per_dout_val[15] 0.0266 0
mem_backbone_0/per_dout_val[14] 0.2492 30.929
mem_backbone_0/per_dout_val[13] 0.1183 12.426
mem_backbone_0/per_dout_val[12] 0.25865 32.2057
mem_backbone_0/per_dout_val[11] 1.17565 48.2286
mem_backbone_0/per_dout_val[10] 0.1414 63.9851
mem_backbone_0/per_dout_val[9] 0.2261 66.5635
mem_backbone_0/per_dout_val[8] 0.05845 0
mem_backbone_0/per_dout_val[7] 0.3325 53.1053
mem_backbone_0/per_dout_val[6] 0.4172 49.8802
mem_backbone_0/per_dout_val[5] 0.3437 45.2648
mem_backbone_0/per_dout_val[4] 0.8148 44.3299
mem_backbone_0/per_dout_val[3] 0.5334 67.3228
mem_backbone_0/per_dout_val[2] 3.5287 90.1408
mem_backbone_0/per_dout_val[1] 3.54375 48.7111
mem_backbone_0/per_dout_val[0] 3.6596 98.6611
mem_backbone_0/pmem_dout_bckup[15] 0.2212 37.9747
mem_backbone_0/pmem_dout_bckup[14] 0.1015 48.6207
mem_backbone_0/pmem_dout_bckup[13] 0.105 44.1667
mem_backbone_0/pmem_dout_bckup[12] 0.1813 52.8958
mem_backbone_0/pmem_dout_bckup[11] 0.1946 8.63309
mem_backbone_0/pmem_dout_bckup[10] 0.0133 0
mem_backbone_0/pmem_dout_bckup[9] 0.105 8.66667
mem_backbone_0/pmem_dout_bckup[8] 0.2142 24.8599
mem_backbone_0/pmem_dout_bckup[7] 0.0784 87.5
mem_backbone_0/pmem_dout_bckup[6] 0.2079 55.3872
mem_backbone_0/pmem_dout_bckup[5] 0.08505 5.76132
mem_backbone_0/pmem_dout_bckup[4] 0.2786 41.6457
mem_backbone_0/pmem_dout_bckup[3] 0.2261 15.9443
mem_backbone_0/pmem_dout_bckup[2] 0.0917 74.8092
mem_backbone_0/pmem_dout_bckup[1] 0.3024 52.5463
mem_backbone_0/pmem_dout_bckup[0] 0.2226 88.3648
mem_backbone_0/eu_mdb_in_sel[1] 0.0133 0
mem_backbone_0/eu_mdb_in_sel[0] 0.7805 60.8296
mem_backbone_0/ext_mem_din_sel[1] 0.1225 2.85714
mem_backbone_0/ext_mem_din_sel[0] 0.2191 69.8083
watchdog_0/CTS_4 2.3982 84.749
watchdog_0/FE_DBTN2_wdt_rst 5.3781 83.0498
watchdog_0/reg_wr_0_ 2.31595 44.771
watchdog_0/mclk_wdtctl 2.3856 90.1555
watchdog_0/wdtctl_7 0.7455 75.3991
watchdog_0/wdt_rst_noscan 0.2205 57.4603
watchdog_0/wdt_rst 0.0784 91.9643
watchdog_0/wdtcnt_clr_toggle 0.2849 55.8968
watchdog_0/wdtcnt_clr_sync 0.4529 79.6754
watchdog_0/wdtcnt_clr_sync_dly 0.1729 45.3441
watchdog_0/wdtqn_edge 1.0962 87.1009
watchdog_0/wdtcnt_incr 0.0133 0
watchdog_0/n_0_net_ 0.4039 79.636
watchdog_0/wdtcnt_en 0.161 33.3696
watchdog_0/wdt_clk_cnt 7.14805 95.8772
watchdog_0/N9 0.2611 100
watchdog_0/N10 0.4466 84.4828
watchdog_0/N11 0.1561 80.0448
watchdog_0/N12 0.1631 96.9957
watchdog_0/N13 0.1687 56.639
watchdog_0/N14 0.2576 98.0978
watchdog_0/N15 0.126 92.2222
watchdog_0/N16 0.2919 64.988
watchdog_0/N17 0.2226 100
watchdog_0/N18 0.2247 72.4299
watchdog_0/N19 0.3556 97.2441
watchdog_0/N20 0.3367 91.4761
watchdog_0/N21 0.1316 100
watchdog_0/N22 0.1449 76.9324
watchdog_0/N23 0.1463 96.6507
watchdog_0/N24 0.2226 85.2201
watchdog_0/wdt_evt_toggle 0.5579 92.5972
watchdog_0/wdt_evt_toggle_sync 0.3143 93.7639
watchdog_0/wdt_evt_toggle_sync_dly 0.1428 80.3922
watchdog_0/wdtifg_clr_reg 0.3885 75.7658
watchdog_0/wdtifg_clr 0.3563 69.7446
watchdog_0/wdtqn_edge_reg 12.4313 96.2779
watchdog_0/wdt_wkup_pre 0.6195 75.0847
watchdog_0/wdt_wkup_en 0.0133 100
watchdog_0/N34 0.1106 55.0633
watchdog_0/N40 0.3787 61.0906
watchdog_0/n26 0.2394 94.2982
watchdog_0/n27 0.6713 83.316
watchdog_0/n29 0.1379 84.0102
watchdog_0/n30 0.1295 43.3784
watchdog_0/n1 0.0385 62.7273
watchdog_0/n2 0.1113 0
watchdog_0/n3 0.0868 62.9032
watchdog_0/n4 0.0595 85.7983
watchdog_0/n5 0.04865 0
watchdog_0/n6 0.0945 0
watchdog_0/n7 0.0133 92.8571
watchdog_0/n8 0.1015 49.6552
watchdog_0/n9 0.5201 68.3715
watchdog_0/n10 0.0133 76.3158
watchdog_0/n12 0.0777 61.7117
watchdog_0/n13 0.0133 13.1579
watchdog_0/n14 0.2653 87.0712
watchdog_0/n15 0.1582 60.5088
watchdog_0/n16 0.22015 29.4118
watchdog_0/n17 4.8188 90.8592
watchdog_0/n18 0.1848 37.3106
watchdog_0/n19 0.6762 56.8323
watchdog_0/n20 0.2646 55.6878
watchdog_0/n21 0.3269 62.4197
watchdog_0/n22 1.1389 74.2778
watchdog_0/n23 0.28945 73.2164
watchdog_0/n24 0.7133 88.7144
watchdog_0/n25 0.5628 55.4726
watchdog_0/n31 0.0133 0
watchdog_0/n32 0.2555 80.274
watchdog_0/n33 0.1547 78.3937
watchdog_0/n34 0.1358 8.26583
watchdog_0/n35 0.2107 0
watchdog_0/n36 0.0385 22.5325
watchdog_0/n37 0.18025 80.1942
watchdog_0/n38 0.24115 3.13083
watchdog_0/n39 0.2786 98.2412
watchdog_0/n40 0.3276 90.2778
watchdog_0/n41 0.5733 88.8889
watchdog_0/n42 0.1176 91.6667
watchdog_0/n43 0.23135 93.646
watchdog_0/n44 0.74935 99.3461
watchdog_0/n45 0.1099 91.0828
watchdog_0/n46 0.4578 87.9969
watchdog_0/n47 0.1715 85.7143
watchdog_0/n48 0.2436 95.977
watchdog_0/n49 0.1323 92.5926
watchdog_0/n50 0.5271 90.3054
watchdog_0/n51 0.7805 91.8386
watchdog_0/n52 0.1974 100
watchdog_0/n53 0.07175 52.6829
watchdog_0/n54 0.1344 74.4792
watchdog_0/n55 0.1323 85.1852
watchdog_0/n56 0.17045 72.8953
watchdog_0/n57 0.0693 78.7879
watchdog_0/n58 4.08835 83.0494
watchdog_0/n59 0.15995 67.9431
watchdog_0/n64 0.70315 86.9587
watchdog_0/n65 0.4228 77.5662
watchdog_0/n66 0.1862 54.1353
watchdog_0/n67 0.21035 46.4939
watchdog_0/n68 0.19705 58.5258
watchdog_0/n69 0.3654 95.977
watchdog_0/n70 0.18445 94.6869
watchdog_0/n71 0.2856 82.8431
watchdog_0/n72 0.2387 93.8416
watchdog_0/n73 0.26285 98.1358
watchdog_0/n74 0.2555 70.411
watchdog_0/n75 1.0437 79.7451
watchdog_0/n76 1.9628 65.6205
watchdog_0/wdtctl[4] 0.9107 89.7771
watchdog_0/wdtctl[1] 3.5714 81.5955
watchdog_0/wdtctl[0] 3.7842 94.4506
watchdog_0/wdtcnt[15] 0.0833 76.4706
watchdog_0/wdtcnt[14] 0.224 89.0625
watchdog_0/wdtcnt[12] 0.31115 94.9381
watchdog_0/wdtcnt[10] 0.5089 99.0371
watchdog_0/wdtcnt[8] 0.2821 96.5261
watchdog_0/wdtcnt[6] 0.3927 76.2923
watchdog_0/wdtcnt[3] 0.17185 78.6151
watchdog_0/wdtcnt[1] 0.4165 53.1092
watchdog_0/wdtcnt[0] 0.6293 81.7297
watchdog_0/wdtisx_ss[1] 0.252 90.2778
watchdog_0/wdtisx_ss[0] 0.65135 98.4954
watchdog_0/wdtisx_s[1] 0.1365 100
watchdog_0/wdtisx_s[0] 0.1099 80.7325
watchdog_0/sync_reset_por/TIE_CELL_LTIELO_NET 0.2156 67.6948
watchdog_0/sync_reset_por/data_sync_0_ 0.1561 82.0628
watchdog_0/sync_cell_wdtcnt_clr/data_sync_0_ 0.3654 80.6513
watchdog_0/sync_cell_wdtcnt_incr/data_sync_0_ 0.1064 40.7895
watchdog_0/sync_cell_wdt_evt/data_sync_0_ 0.2163 100
watchdog_0/wakeup_cell_wdog/TIE_CELL_LTIEHI_NET 0.2093 51.8395
watchdog_0/wakeup_cell_wdog/wkup_rst 0.0133 0
watchdog_0/wakeup_cell_wdog/wkup_clk 12.6287 85.2891
watchdog_0/wakeup_cell_wdog/n4 0.1134 100
dbg_0/mem_state[1] 1.66775 72.1091
dbg_0/mem_state[0] 0.6559 71.5048
dbg_0/mem_state_nxt[1] 0.1316 50.4559
dbg_0/mem_state_nxt[0] 0.2653 90.7652
dbg_0/dbg_uart_0/uart_state[2] 0.546 73.2418
dbg_0/dbg_uart_0/uart_state[1] 0.2807 48.2633
dbg_0/dbg_uart_0/uart_state[0] 0.43015 44.6588
