###############################################################
#  Generated by:      Cadence Innovus 18.13-s088_1
#  OS:                Linux x86_64(Host ID hansolo.poly.edu)
#  Generated on:      Fri Mar  4 03:00:07 2022
#  Design:            openMSP430
#  Command:           check_pin_assignment
###############################################################

Start Checking pins of top cell: [openMSP430] 
Summary report for top level: [openMSP430] 
	Total Pins                         : 260
	Legally Assigned Pins              : 260
End of Summary report
End Checking pins of top cell: [openMSP430] 


============================================================================================================================
                                                 checkPinAssignment Summary
============================================================================================================================
Partition    | pads  | pins   | legal  | illegal | internal | internal illegal | FT     | FT illegal | constant | unplaced |
============================================================================================================================
openMSP430   |     0 |    260 |    260 |       0 |        0 |                0 |      0 |          0 |        0 |        0 |
============================================================================================================================
TOTAL        |     0 |    260 |    260 |       0 |        0 |                0 |      0 |          0 |        0 |        0 |
============================================================================================================================
