Weights:
	des_issues:		0.25
	fsp_fi_ea_c_avg:		(1/6)
	fsp_fi_ea_c_max:		(1/3)
	des_perf_setup_TNS:		0.5
	fsp_fi_ea_n_avg:		(1/6)
	ti_sts_max:		(1/3)
	des_perf:		0.25
	ti_fts_total:		0.5
	des_area:		0.25
	ti_fts_avg:		(1/6)
	fsp_fi_ea_n:		0.5
	fsp_fi_ea_n_total:		0.5
	ti_sts:		0.5
	fsp_fi_ea_n_max:		(1/3)
	des_perf_setup_FEP:		(1/6)
	fsp_fi_ea_c_total:		0.5
	fsp_fi_ea_c:		0.5
	ti_sts_avg:		(1/6)
	ti_fts:		0.5
	ti_sts_total:		0.5
	ti_fts_max:		(1/3)
	des_p_total:		0.25
	des_perf_setup_WNS:		(1/3)

Constraints:
	des_issues:		2
	des_perf:		20
	des_area:		3
	des_p_total:		10

Baseline metrics:
	des_issues:		675
	fsp_fi_ea_c_avg:		38.5628
	fsp_fi_ea_c_max:		81.8449
	des_perf_setup_TNS:		-12.941
	fsp_fi_ea_n_avg:		54.7673
	ti_sts_max:		147
	ti_fts_total:		6109
	des_area:		13787.5248
	ti_fts_avg:		135.75
	fsp_fi_ea_n_total:		1598.13
	fsp_fi_ea_n_max:		100
	des_perf_setup_FEP:		10
	fsp_fi_ea_c_total:		1439.04
	ti_sts_avg:		29.06
	ti_sts_total:		1308
	ti_fts_max:		271
	des_p_total:		1.16132741
	des_perf_setup_WNS:		-1.668

Submission metrics:
	des_issues:		675
	fsp_fi_ea_c_avg:		38.5628
	fsp_fi_ea_c_max:		81.8449
	des_perf_setup_TNS:		-12.941
	fsp_fi_ea_n_avg:		54.7673
	ti_sts_max:		147
	ti_fts_total:		6109
	des_area:		13787.5248
	ti_fts_avg:		135.75
	fsp_fi_ea_n_total:		1598.13
	fsp_fi_ea_n_max:		100
	des_perf_setup_FEP:		10
	fsp_fi_ea_c_total:		1439.04
	ti_sts_avg:		29.06
	ti_sts_total:		1308
	ti_fts_max:		271
	des_p_total:		1.16132741
	des_perf_setup_WNS:		-1.668

Base scores (non-weighted):
	des_issues:		1.000000
	fsp_fi_ea_c_avg:		1.000000
	fsp_fi_ea_c_max:		1.000000
	des_perf_setup_TNS:		1.000000
	fsp_fi_ea_n_avg:		1.000000
	ti_sts_max:		1.000000
	ti_fts_total:		1.000000
	des_area:		1.000000
	ti_fts_avg:		1.000000
	fsp_fi_ea_n_total:		1.000000
	fsp_fi_ea_n_max:		1.000000
	des_perf_setup_FEP:		1.000000
	fsp_fi_ea_c_total:		1.000000
	ti_sts_avg:		1.000000
	ti_sts_total:		1.000000
	ti_fts_max:		1.000000
	des_p_total:		1.000000
	des_perf_setup_WNS:		1.000000

Scores (weighted):
	des_issues:		1.000000
	OVERALL:		1.000000
	des_perf:		1.000000
	des:		1.000000
	des_area:		1.000000
	fsp_fi_ea_n:		1.000000
	ti_sts:		1.000000
	fsp_fi_ea_c:		1.000000
	ti_fts:		1.000000
	fsp_fi:		1.000000
	ti:		1.000000
	des_p_total:		1.000000

Constraints checks:
Check for score component "des_issues" passed.
Check for score component "des_perf" passed.
Check for score component "des_area" passed.
Check for score component "des_p_total" passed.

