Total exposed area across cell assets: 358.193
Max exposure [%] across cell assets: 67.1936
Avg exposure [%] across cell assets: 18.771

Instance: FE_OCPC1927_core_round_key_62 angle: 0 side: N Area_Exposed: 0 Perc_Exposed: 0
Instance: FE_OCPC1921_core_new_sboxw_16 angle: 0 side: N Area_Exposed: 0.547925 Perc_Exposed: 29.4267
Instance: FE_OCPC1883_core_new_sboxw_11 angle: 0 side: N Area_Exposed: 0.143275 Perc_Exposed: 17.9543
Instance: FE_OCPC1882_core_new_sboxw_11 angle: 0 side: N Area_Exposed: 0.073325 Perc_Exposed: 3.93797
Instance: FE_OCPC1881_core_new_sboxw_11 angle: 0 side: N Area_Exposed: 0.1634 Perc_Exposed: 12.2857
Instance: FE_OCPC1879_core_new_sboxw_12 angle: 0 side: N Area_Exposed: 0 Perc_Exposed: 0
Instance: FE_OCPC1871_core_new_sboxw_20 angle: 0 side: N Area_Exposed: 0.04425 Perc_Exposed: 5.54511
Instance: FE_OCPC1829_core_new_sboxw_15 angle: 0 side: N Area_Exposed: 0.05575 Perc_Exposed: 6.98622
Instance: FE_OCPC1828_core_new_sboxw_15 angle: 0 side: N Area_Exposed: 0.182975 Perc_Exposed: 13.7575
Instance: FE_OCPC1804_core_new_sboxw_26 angle: 0 side: N Area_Exposed: 0.067125 Perc_Exposed: 12.6175
Instance: FE_OCPC1803_core_new_sboxw_26 angle: 0 side: N Area_Exposed: 0.08615 Perc_Exposed: 10.7957
Instance: FE_OCPC1799_core_new_sboxw_30 angle: 0 side: N Area_Exposed: 0.158675 Perc_Exposed: 14.9131
Instance: FE_OCPC1798_core_new_sboxw_30 angle: 0 side: N Area_Exposed: 0.52615 Perc_Exposed: 28.2573
Instance: FE_OCPC1797_core_new_sboxw_9 angle: 0 side: N Area_Exposed: 0.35545 Perc_Exposed: 19.0897
Instance: FE_OCPC1788_core_new_sboxw_15 angle: 0 side: N Area_Exposed: 0.11645 Perc_Exposed: 14.5927
Instance: FE_OCPC1866_core_new_sboxw_20 angle: 0 side: N Area_Exposed: 0 Perc_Exposed: 0
Instance: FE_OCPC1784_core_new_sboxw_4 angle: 0 side: N Area_Exposed: 0.022925 Perc_Exposed: 2.87281
Instance: FE_OCPC1810_core_new_sboxw_26 angle: 0 side: N Area_Exposed: 0.0055 Perc_Exposed: 0.689223
Instance: FE_OCPC1762_core_new_sboxw_13 angle: 0 side: N Area_Exposed: 0.027525 Perc_Exposed: 3.44925
Instance: FE_OCPC1761_core_new_sboxw_13 angle: 0 side: N Area_Exposed: 0.313775 Perc_Exposed: 9.07389
Instance: FE_OCPC1717_core_new_sboxw_1 angle: 0 side: N Area_Exposed: 0.094925 Perc_Exposed: 11.8954
Instance: FE_OCPC1693_FE_OFN528_core_new_sboxw_17 angle: 0 side: N Area_Exposed: 0.112575 Perc_Exposed: 6.04592
Instance: FE_OCPC1682_core_round_key_25 angle: 0 side: N Area_Exposed: 0.24415 Perc_Exposed: 13.1122
Instance: FE_OCPC1678_core_round_key_21 angle: 0 side: N Area_Exposed: 0.250875 Perc_Exposed: 13.4734
Instance: FE_OFC1329_core_round_key_23 angle: 0 side: N Area_Exposed: 0.0505 Perc_Exposed: 6.32832
Instance: FE_OFC1265_core_new_sboxw_3 angle: 0 side: N Area_Exposed: 0.0247 Perc_Exposed: 3.09524
Instance: FE_OFC1264_core_new_sboxw_3 angle: 0 side: N Area_Exposed: 0.00105 Perc_Exposed: 0.197368
Instance: FE_OFC1189_core_round_key_69 angle: 0 side: N Area_Exposed: 0.694425 Perc_Exposed: 37.2946
Instance: FE_OFC1187_core_round_key_60 angle: 0 side: N Area_Exposed: 0.160075 Perc_Exposed: 15.0446
Instance: FE_OFC972_core_round_key_53 angle: 0 side: N Area_Exposed: 0.01315 Perc_Exposed: 2.4718
Instance: FE_OFC971_core_round_key_53 angle: 0 side: N Area_Exposed: 0.00565 Perc_Exposed: 1.06203
Instance: FE_OFC970_core_round_key_53 angle: 0 side: N Area_Exposed: 0.093975 Perc_Exposed: 17.6645
Instance: FE_OFC969_core_round_key_53 angle: 0 side: N Area_Exposed: 0.0909 Perc_Exposed: 17.0865
Instance: FE_OFC968_core_round_key_53 angle: 0 side: N Area_Exposed: 0.893675 Perc_Exposed: 67.1936
Instance: FE_OFC901_core_new_sboxw_28 angle: 0 side: N Area_Exposed: 0.0355 Perc_Exposed: 4.44862
Instance: FE_OFC900_core_new_sboxw_28 angle: 0 side: N Area_Exposed: 0.342575 Perc_Exposed: 18.3982
Instance: FE_OFC876_core_new_sboxw_19 angle: 0 side: N Area_Exposed: 0 Perc_Exposed: 0
Instance: FE_OFC875_core_new_sboxw_19 angle: 0 side: N Area_Exposed: 0.0351 Perc_Exposed: 2.6391
Instance: FE_OFC844_core_round_key_49 angle: 0 side: N Area_Exposed: 0 Perc_Exposed: 0
Instance: FE_OFC843_core_new_sboxw_22 angle: 0 side: N Area_Exposed: 0.001375 Perc_Exposed: 0.172306
Instance: FE_OFC839_core_round_key_4 angle: 0 side: N Area_Exposed: 0 Perc_Exposed: 0
Instance: FE_OFC838_core_round_key_19 angle: 0 side: N Area_Exposed: 0.03585 Perc_Exposed: 4.49248
Instance: FE_OFC821_core_round_key_83 angle: 0 side: N Area_Exposed: 0.1446 Perc_Exposed: 18.1203
Instance: FE_OFC810_core_round_key_75 angle: 0 side: N Area_Exposed: 0.37035 Perc_Exposed: 34.8073
Instance: FE_OFC808_core_round_key_52 angle: 0 side: N Area_Exposed: 0.375225 Perc_Exposed: 35.2655
Instance: FE_OFC790_core_round_key_11 angle: 0 side: N Area_Exposed: 0.3883 Perc_Exposed: 20.8539
Instance: FE_OFC788_core_round_key_103 angle: 0 side: N Area_Exposed: 0.49395 Perc_Exposed: 26.5279
Instance: FE_OFC786_core_round_key_43 angle: 0 side: N Area_Exposed: 0.554575 Perc_Exposed: 52.1217
Instance: FE_OFC784_core_round_key_15 angle: 0 side: N Area_Exposed: 0.488575 Perc_Exposed: 26.2393
Instance: FE_OFC733_core_new_sboxw_5 angle: 0 side: N Area_Exposed: 0.778275 Perc_Exposed: 41.7978
Instance: FE_OFC490_core_new_sboxw_23 angle: 0 side: N Area_Exposed: 0.1081 Perc_Exposed: 8.12782
Instance: FE_OFC488_core_new_sboxw_23 angle: 0 side: N Area_Exposed: 0.22855 Perc_Exposed: 17.1842
Instance: FE_OFC463_core_new_sboxw_27 angle: 0 side: N Area_Exposed: 0 Perc_Exposed: 0
Instance: FE_OFC462_core_new_sboxw_27 angle: 0 side: N Area_Exposed: 0.0435 Perc_Exposed: 3.27068
Instance: FE_OFC458_core_new_sboxw_4 angle: 0 side: N Area_Exposed: 0.0747 Perc_Exposed: 14.0414
Instance: FE_OFC443_core_new_sboxw_8 angle: 0 side: N Area_Exposed: 0.0473 Perc_Exposed: 8.89098
Instance: FE_OFC434_core_new_sboxw_2 angle: 0 side: N Area_Exposed: 0.033775 Perc_Exposed: 6.34868
Instance: FE_OFC416_core_new_sboxw_9 angle: 0 side: N Area_Exposed: 0.003125 Perc_Exposed: 0.587406
Instance: FE_OFC395_core_new_sboxw_30 angle: 0 side: N Area_Exposed: 0.067125 Perc_Exposed: 12.6175
Instance: FE_OFC393_core_new_sboxw_0 angle: 0 side: N Area_Exposed: 0.0708 Perc_Exposed: 13.3083
Instance: FE_OFC392_core_new_sboxw_0 angle: 0 side: N Area_Exposed: 0.0951 Perc_Exposed: 5.10741
Instance: FE_OFC384_core_new_sboxw_14 angle: 0 side: N Area_Exposed: 0.49 Perc_Exposed: 20.4678
Instance: core_aes_core_ctrl_reg_reg[0] angle: 0 side: N Area_Exposed: 0.382175 Perc_Exposed: 7.18374
Instance: core_aes_core_ctrl_reg_reg[1] angle: 0 side: N Area_Exposed: 0.74785 Perc_Exposed: 14.0573
Instance: key_reg_reg[0][0] angle: 0 side: N Area_Exposed: 1.29288 Perc_Exposed: 19.4417
Instance: key_reg_reg[0][1] angle: 0 side: N Area_Exposed: 1.45597 Perc_Exposed: 21.8944
Instance: key_reg_reg[0][2] angle: 0 side: N Area_Exposed: 0.7203 Perc_Exposed: 10.8316
Instance: key_reg_reg[0][3] angle: 0 side: N Area_Exposed: 0.7223 Perc_Exposed: 10.8617
Instance: key_reg_reg[0][4] angle: 0 side: N Area_Exposed: 0.711875 Perc_Exposed: 10.7049
Instance: key_reg_reg[0][5] angle: 0 side: N Area_Exposed: 0.369275 Perc_Exposed: 5.55301
Instance: key_reg_reg[0][6] angle: 0 side: N Area_Exposed: 1.31497 Perc_Exposed: 19.7741
Instance: key_reg_reg[0][7] angle: 0 side: N Area_Exposed: 1.40632 Perc_Exposed: 21.1477
Instance: key_reg_reg[0][8] angle: 0 side: N Area_Exposed: 1.91435 Perc_Exposed: 28.7872
Instance: key_reg_reg[0][9] angle: 0 side: N Area_Exposed: 1.24787 Perc_Exposed: 18.765
Instance: key_reg_reg[0][10] angle: 0 side: N Area_Exposed: 1.94058 Perc_Exposed: 29.1816
Instance: key_reg_reg[0][11] angle: 0 side: N Area_Exposed: 2.36048 Perc_Exposed: 35.4959
Instance: key_reg_reg[0][12] angle: 0 side: N Area_Exposed: 1.53352 Perc_Exposed: 23.0605
Instance: key_reg_reg[0][13] angle: 0 side: N Area_Exposed: 2.14415 Perc_Exposed: 32.2429
Instance: key_reg_reg[0][14] angle: 0 side: N Area_Exposed: 1.6425 Perc_Exposed: 24.6992
Instance: key_reg_reg[0][15] angle: 0 side: N Area_Exposed: 1.5846 Perc_Exposed: 23.8286
Instance: key_reg_reg[0][16] angle: 0 side: N Area_Exposed: 0.9528 Perc_Exposed: 14.3278
Instance: key_reg_reg[0][17] angle: 0 side: N Area_Exposed: 1.3869 Perc_Exposed: 20.8556
Instance: key_reg_reg[0][18] angle: 0 side: N Area_Exposed: 1.93892 Perc_Exposed: 29.1568
Instance: key_reg_reg[0][19] angle: 0 side: N Area_Exposed: 1.04172 Perc_Exposed: 15.665
Instance: key_reg_reg[0][20] angle: 0 side: N Area_Exposed: 1.42097 Perc_Exposed: 21.368
Instance: key_reg_reg[0][21] angle: 0 side: N Area_Exposed: 1.49085 Perc_Exposed: 22.4188
Instance: key_reg_reg[0][22] angle: 0 side: N Area_Exposed: 0.65005 Perc_Exposed: 9.77519
Instance: key_reg_reg[0][23] angle: 0 side: N Area_Exposed: 1.56832 Perc_Exposed: 23.5838
Instance: key_reg_reg[0][24] angle: 0 side: N Area_Exposed: 1.10177 Perc_Exposed: 16.568
Instance: key_reg_reg[0][25] angle: 0 side: N Area_Exposed: 0.5411 Perc_Exposed: 8.13684
Instance: key_reg_reg[0][26] angle: 0 side: N Area_Exposed: 0.58455 Perc_Exposed: 8.79023
Instance: key_reg_reg[0][27] angle: 0 side: N Area_Exposed: 0.62475 Perc_Exposed: 9.39474
Instance: key_reg_reg[0][28] angle: 0 side: N Area_Exposed: 0.2655 Perc_Exposed: 3.99248
Instance: key_reg_reg[0][29] angle: 0 side: N Area_Exposed: 0.960675 Perc_Exposed: 14.4462
Instance: key_reg_reg[0][30] angle: 0 side: N Area_Exposed: 0.828275 Perc_Exposed: 12.4553
Instance: key_reg_reg[0][31] angle: 0 side: N Area_Exposed: 0.242125 Perc_Exposed: 3.64098
Instance: key_reg_reg[1][0] angle: 0 side: N Area_Exposed: 1.9107 Perc_Exposed: 28.7323
Instance: key_reg_reg[1][1] angle: 0 side: N Area_Exposed: 0.638 Perc_Exposed: 9.59398
Instance: key_reg_reg[1][2] angle: 0 side: N Area_Exposed: 0.895625 Perc_Exposed: 13.468
Instance: key_reg_reg[1][3] angle: 0 side: N Area_Exposed: 1.03835 Perc_Exposed: 15.6143
Instance: key_reg_reg[1][4] angle: 0 side: N Area_Exposed: 1.42828 Perc_Exposed: 21.4778
Instance: key_reg_reg[1][5] angle: 0 side: N Area_Exposed: 1.001 Perc_Exposed: 15.0526
Instance: key_reg_reg[1][6] angle: 0 side: N Area_Exposed: 2.66205 Perc_Exposed: 40.0308
Instance: key_reg_reg[1][7] angle: 0 side: N Area_Exposed: 2.09357 Perc_Exposed: 31.4823
Instance: key_reg_reg[1][8] angle: 0 side: N Area_Exposed: 2.49855 Perc_Exposed: 37.5722
Instance: key_reg_reg[1][9] angle: 0 side: N Area_Exposed: 1.8377 Perc_Exposed: 27.6346
Instance: key_reg_reg[1][10] angle: 0 side: N Area_Exposed: 2.61328 Perc_Exposed: 39.2974
Instance: key_reg_reg[1][11] angle: 0 side: N Area_Exposed: 1.07195 Perc_Exposed: 16.1195
Instance: key_reg_reg[1][12] angle: 0 side: N Area_Exposed: 2.22015 Perc_Exposed: 33.3857
Instance: key_reg_reg[1][13] angle: 0 side: N Area_Exposed: 0.870825 Perc_Exposed: 13.0951
Instance: key_reg_reg[1][14] angle: 0 side: N Area_Exposed: 2.08875 Perc_Exposed: 31.4098
Instance: key_reg_reg[1][15] angle: 0 side: N Area_Exposed: 2.18193 Perc_Exposed: 32.8109
Instance: key_reg_reg[1][16] angle: 0 side: N Area_Exposed: 1.14942 Perc_Exposed: 17.2846
Instance: key_reg_reg[1][17] angle: 0 side: N Area_Exposed: 1.4935 Perc_Exposed: 22.4586
Instance: key_reg_reg[1][18] angle: 0 side: N Area_Exposed: 0.61025 Perc_Exposed: 9.17669
Instance: key_reg_reg[1][19] angle: 0 side: N Area_Exposed: 2.27562 Perc_Exposed: 34.2199
Instance: key_reg_reg[1][20] angle: 0 side: N Area_Exposed: 2.092 Perc_Exposed: 31.4586
Instance: key_reg_reg[1][21] angle: 0 side: N Area_Exposed: 2.64435 Perc_Exposed: 39.7647
Instance: key_reg_reg[1][22] angle: 0 side: N Area_Exposed: 0.5366 Perc_Exposed: 8.06917
Instance: key_reg_reg[1][23] angle: 0 side: N Area_Exposed: 1.28933 Perc_Exposed: 19.3883
Instance: key_reg_reg[1][24] angle: 0 side: N Area_Exposed: 0.9777 Perc_Exposed: 14.7023
Instance: key_reg_reg[1][25] angle: 0 side: N Area_Exposed: 0.595775 Perc_Exposed: 8.95902
Instance: key_reg_reg[1][26] angle: 0 side: N Area_Exposed: 0.5552 Perc_Exposed: 8.34887
Instance: key_reg_reg[1][27] angle: 0 side: N Area_Exposed: 0.316375 Perc_Exposed: 4.75752
Instance: key_reg_reg[1][28] angle: 0 side: N Area_Exposed: 0.705825 Perc_Exposed: 10.6139
Instance: key_reg_reg[1][29] angle: 0 side: N Area_Exposed: 1.16393 Perc_Exposed: 17.5026
Instance: key_reg_reg[1][30] angle: 0 side: N Area_Exposed: 0.994525 Perc_Exposed: 14.9553
Instance: key_reg_reg[1][31] angle: 0 side: N Area_Exposed: 0.5143 Perc_Exposed: 7.73383
Instance: key_reg_reg[2][0] angle: 0 side: N Area_Exposed: 1.06222 Perc_Exposed: 15.9733
Instance: key_reg_reg[2][1] angle: 0 side: N Area_Exposed: 0.712725 Perc_Exposed: 10.7177
Instance: key_reg_reg[2][2] angle: 0 side: N Area_Exposed: 1.59653 Perc_Exposed: 24.0079
Instance: key_reg_reg[2][3] angle: 0 side: N Area_Exposed: 1.11667 Perc_Exposed: 16.7921
Instance: key_reg_reg[2][4] angle: 0 side: N Area_Exposed: 1.30455 Perc_Exposed: 19.6173
Instance: key_reg_reg[2][5] angle: 0 side: N Area_Exposed: 0.98285 Perc_Exposed: 14.7797
Instance: key_reg_reg[2][6] angle: 0 side: N Area_Exposed: 1.5243 Perc_Exposed: 22.9218
Instance: key_reg_reg[2][7] angle: 0 side: N Area_Exposed: 1.45928 Perc_Exposed: 21.944
Instance: key_reg_reg[2][8] angle: 0 side: N Area_Exposed: 2.60043 Perc_Exposed: 39.1041
Instance: key_reg_reg[2][9] angle: 0 side: N Area_Exposed: 1.39185 Perc_Exposed: 20.9301
Instance: key_reg_reg[2][10] angle: 0 side: N Area_Exposed: 1.75698 Perc_Exposed: 26.4207
Instance: key_reg_reg[2][11] angle: 0 side: N Area_Exposed: 2.37405 Perc_Exposed: 35.7
Instance: key_reg_reg[2][12] angle: 0 side: N Area_Exposed: 1.81363 Perc_Exposed: 27.2726
Instance: key_reg_reg[2][13] angle: 0 side: N Area_Exposed: 2.02075 Perc_Exposed: 30.3872
Instance: key_reg_reg[2][14] angle: 0 side: N Area_Exposed: 2.01085 Perc_Exposed: 30.2383
Instance: key_reg_reg[2][15] angle: 0 side: N Area_Exposed: 1.777 Perc_Exposed: 26.7218
Instance: key_reg_reg[2][16] angle: 0 side: N Area_Exposed: 1.38495 Perc_Exposed: 20.8263
Instance: key_reg_reg[2][17] angle: 0 side: N Area_Exposed: 1.58828 Perc_Exposed: 23.8838
Instance: key_reg_reg[2][18] angle: 0 side: N Area_Exposed: 1.24022 Perc_Exposed: 18.65
Instance: key_reg_reg[2][19] angle: 0 side: N Area_Exposed: 0.89325 Perc_Exposed: 13.4323
Instance: key_reg_reg[2][20] angle: 0 side: N Area_Exposed: 1.32165 Perc_Exposed: 19.8744
Instance: key_reg_reg[2][21] angle: 0 side: N Area_Exposed: 1.14877 Perc_Exposed: 17.2748
Instance: key_reg_reg[2][22] angle: 0 side: N Area_Exposed: 1.38228 Perc_Exposed: 20.7861
Instance: key_reg_reg[2][23] angle: 0 side: N Area_Exposed: 1.57277 Perc_Exposed: 23.6508
Instance: key_reg_reg[2][24] angle: 0 side: N Area_Exposed: 0.762225 Perc_Exposed: 11.462
Instance: key_reg_reg[2][25] angle: 0 side: N Area_Exposed: 0.862275 Perc_Exposed: 12.9665
Instance: key_reg_reg[2][26] angle: 0 side: N Area_Exposed: 0.6652 Perc_Exposed: 10.003
Instance: key_reg_reg[2][27] angle: 0 side: N Area_Exposed: 0.86155 Perc_Exposed: 12.9556
Instance: key_reg_reg[2][28] angle: 0 side: N Area_Exposed: 0.24515 Perc_Exposed: 3.68647
Instance: key_reg_reg[2][29] angle: 0 side: N Area_Exposed: 0.555025 Perc_Exposed: 8.34624
Instance: key_reg_reg[2][30] angle: 0 side: N Area_Exposed: 0.2861 Perc_Exposed: 4.30226
Instance: key_reg_reg[2][31] angle: 0 side: N Area_Exposed: 1.05052 Perc_Exposed: 15.7974
Instance: key_reg_reg[3][0] angle: 0 side: N Area_Exposed: 0.78415 Perc_Exposed: 11.7917
Instance: key_reg_reg[3][1] angle: 0 side: N Area_Exposed: 0.88385 Perc_Exposed: 13.291
Instance: key_reg_reg[3][2] angle: 0 side: N Area_Exposed: 1.94137 Perc_Exposed: 29.1936
Instance: key_reg_reg[3][3] angle: 0 side: N Area_Exposed: 0.69855 Perc_Exposed: 10.5045
Instance: key_reg_reg[3][4] angle: 0 side: N Area_Exposed: 0.9572 Perc_Exposed: 14.394
Instance: key_reg_reg[3][5] angle: 0 side: N Area_Exposed: 2.5238 Perc_Exposed: 37.9519
Instance: key_reg_reg[3][6] angle: 0 side: N Area_Exposed: 2.38153 Perc_Exposed: 35.8124
Instance: key_reg_reg[3][7] angle: 0 side: N Area_Exposed: 1.47057 Perc_Exposed: 22.1139
Instance: key_reg_reg[3][8] angle: 0 side: N Area_Exposed: 3.3469 Perc_Exposed: 50.3293
Instance: key_reg_reg[3][9] angle: 0 side: N Area_Exposed: 1.688 Perc_Exposed: 25.3835
Instance: key_reg_reg[3][10] angle: 0 side: N Area_Exposed: 1.77997 Perc_Exposed: 26.7665
Instance: key_reg_reg[3][11] angle: 0 side: N Area_Exposed: 2.33507 Perc_Exposed: 35.1139
Instance: key_reg_reg[3][12] angle: 0 side: N Area_Exposed: 1.64817 Perc_Exposed: 24.7846
Instance: key_reg_reg[3][13] angle: 0 side: N Area_Exposed: 1.56827 Perc_Exposed: 23.5831
Instance: key_reg_reg[3][14] angle: 0 side: N Area_Exposed: 2.27228 Perc_Exposed: 34.1695
Instance: key_reg_reg[3][15] angle: 0 side: N Area_Exposed: 1.98003 Perc_Exposed: 29.7748
Instance: key_reg_reg[3][16] angle: 0 side: N Area_Exposed: 0.904775 Perc_Exposed: 13.6056
Instance: key_reg_reg[3][17] angle: 0 side: N Area_Exposed: 1.51873 Perc_Exposed: 22.838
Instance: key_reg_reg[3][18] angle: 0 side: N Area_Exposed: 1.697 Perc_Exposed: 25.5188
Instance: key_reg_reg[3][19] angle: 0 side: N Area_Exposed: 0.972375 Perc_Exposed: 14.6222
Instance: key_reg_reg[3][20] angle: 0 side: N Area_Exposed: 1.31752 Perc_Exposed: 19.8124
Instance: key_reg_reg[3][21] angle: 0 side: N Area_Exposed: 1.41065 Perc_Exposed: 21.2128
Instance: key_reg_reg[3][22] angle: 0 side: N Area_Exposed: 0.78975 Perc_Exposed: 11.8759
Instance: key_reg_reg[3][23] angle: 0 side: N Area_Exposed: 1.3328 Perc_Exposed: 20.0421
Instance: key_reg_reg[3][24] angle: 0 side: N Area_Exposed: 0.436975 Perc_Exposed: 6.57105
Instance: key_reg_reg[3][25] angle: 0 side: N Area_Exposed: 0.7232 Perc_Exposed: 10.8752
Instance: key_reg_reg[3][26] angle: 0 side: N Area_Exposed: 0.7514 Perc_Exposed: 11.2992
Instance: key_reg_reg[3][27] angle: 0 side: N Area_Exposed: 0.773625 Perc_Exposed: 11.6335
Instance: key_reg_reg[3][28] angle: 0 side: N Area_Exposed: 0.485075 Perc_Exposed: 7.29436
Instance: key_reg_reg[3][29] angle: 0 side: N Area_Exposed: 0.610175 Perc_Exposed: 9.17556
Instance: key_reg_reg[3][30] angle: 0 side: N Area_Exposed: 1.17547 Perc_Exposed: 17.6763
Instance: key_reg_reg[3][31] angle: 0 side: N Area_Exposed: 1.07975 Perc_Exposed: 16.2368
Instance: key_reg_reg[4][0] angle: 0 side: N Area_Exposed: 1.2049 Perc_Exposed: 18.1188
Instance: key_reg_reg[4][1] angle: 0 side: N Area_Exposed: 1.15835 Perc_Exposed: 17.4188
Instance: key_reg_reg[4][2] angle: 0 side: N Area_Exposed: 0.634575 Perc_Exposed: 9.54248
Instance: key_reg_reg[4][3] angle: 0 side: N Area_Exposed: 1.389 Perc_Exposed: 20.8872
Instance: key_reg_reg[4][4] angle: 0 side: N Area_Exposed: 0.860975 Perc_Exposed: 12.947
Instance: key_reg_reg[4][5] angle: 0 side: N Area_Exposed: 1.58165 Perc_Exposed: 23.7842
Instance: key_reg_reg[4][6] angle: 0 side: N Area_Exposed: 2.78695 Perc_Exposed: 41.909
Instance: key_reg_reg[4][7] angle: 0 side: N Area_Exposed: 2.37348 Perc_Exposed: 35.6914
Instance: key_reg_reg[4][8] angle: 0 side: N Area_Exposed: 2.60012 Perc_Exposed: 39.0996
Instance: key_reg_reg[4][9] angle: 0 side: N Area_Exposed: 0.3609 Perc_Exposed: 5.42707
Instance: key_reg_reg[4][10] angle: 0 side: N Area_Exposed: 1.80773 Perc_Exposed: 27.1838
Instance: key_reg_reg[4][11] angle: 0 side: N Area_Exposed: 1.54848 Perc_Exposed: 23.2853
Instance: key_reg_reg[4][12] angle: 0 side: N Area_Exposed: 1.82628 Perc_Exposed: 27.4628
Instance: key_reg_reg[4][13] angle: 0 side: N Area_Exposed: 1.05725 Perc_Exposed: 15.8985
Instance: key_reg_reg[4][14] angle: 0 side: N Area_Exposed: 1.45875 Perc_Exposed: 21.9361
Instance: key_reg_reg[4][15] angle: 0 side: N Area_Exposed: 0.60615 Perc_Exposed: 9.11504
Instance: key_reg_reg[4][16] angle: 0 side: N Area_Exposed: 1.2739 Perc_Exposed: 19.1564
Instance: key_reg_reg[4][17] angle: 0 side: N Area_Exposed: 1.38925 Perc_Exposed: 20.891
Instance: key_reg_reg[4][18] angle: 0 side: N Area_Exposed: 1.01458 Perc_Exposed: 15.2568
Instance: key_reg_reg[4][19] angle: 0 side: N Area_Exposed: 2.13117 Perc_Exposed: 32.0477
Instance: key_reg_reg[4][20] angle: 0 side: N Area_Exposed: 0.38625 Perc_Exposed: 5.80827
Instance: key_reg_reg[4][21] angle: 0 side: N Area_Exposed: 2.15572 Perc_Exposed: 32.4169
Instance: key_reg_reg[4][22] angle: 0 side: N Area_Exposed: 0.679475 Perc_Exposed: 10.2177
Instance: key_reg_reg[4][23] angle: 0 side: N Area_Exposed: 0.96195 Perc_Exposed: 14.4654
Instance: key_reg_reg[4][24] angle: 0 side: N Area_Exposed: 0.4603 Perc_Exposed: 6.9218
Instance: key_reg_reg[4][25] angle: 0 side: N Area_Exposed: 0.724825 Perc_Exposed: 10.8996
Instance: key_reg_reg[4][26] angle: 0 side: N Area_Exposed: 0.869275 Perc_Exposed: 13.0718
Instance: key_reg_reg[4][27] angle: 0 side: N Area_Exposed: 0.711725 Perc_Exposed: 10.7026
Instance: key_reg_reg[4][28] angle: 0 side: N Area_Exposed: 0.58485 Perc_Exposed: 8.79474
Instance: key_reg_reg[4][29] angle: 0 side: N Area_Exposed: 1.7008 Perc_Exposed: 25.5759
Instance: key_reg_reg[4][30] angle: 0 side: N Area_Exposed: 1.10515 Perc_Exposed: 16.6188
Instance: key_reg_reg[4][31] angle: 0 side: N Area_Exposed: 0.055925 Perc_Exposed: 0.840977
Instance: key_reg_reg[5][0] angle: 0 side: N Area_Exposed: 0.770925 Perc_Exposed: 11.5929
Instance: key_reg_reg[5][1] angle: 0 side: N Area_Exposed: 1.4559 Perc_Exposed: 21.8932
Instance: key_reg_reg[5][2] angle: 0 side: N Area_Exposed: 1.80172 Perc_Exposed: 27.0936
Instance: key_reg_reg[5][3] angle: 0 side: N Area_Exposed: 1.2661 Perc_Exposed: 19.0391
Instance: key_reg_reg[5][4] angle: 0 side: N Area_Exposed: 1.53223 Perc_Exposed: 23.041
Instance: key_reg_reg[5][5] angle: 0 side: N Area_Exposed: 2.39308 Perc_Exposed: 35.9861
Instance: key_reg_reg[5][6] angle: 0 side: N Area_Exposed: 1.89315 Perc_Exposed: 28.4684
Instance: key_reg_reg[5][7] angle: 0 side: N Area_Exposed: 1.8611 Perc_Exposed: 27.9865
Instance: key_reg_reg[5][8] angle: 0 side: N Area_Exposed: 2.5092 Perc_Exposed: 37.7323
Instance: key_reg_reg[5][9] angle: 0 side: N Area_Exposed: 1.68313 Perc_Exposed: 25.3102
Instance: key_reg_reg[5][10] angle: 0 side: N Area_Exposed: 1.40253 Perc_Exposed: 21.0906
Instance: key_reg_reg[5][11] angle: 0 side: N Area_Exposed: 2.65158 Perc_Exposed: 39.8733
Instance: key_reg_reg[5][12] angle: 0 side: N Area_Exposed: 0.96715 Perc_Exposed: 14.5436
Instance: key_reg_reg[5][13] angle: 0 side: N Area_Exposed: 1.40125 Perc_Exposed: 21.0714
Instance: key_reg_reg[5][14] angle: 0 side: N Area_Exposed: 1.39892 Perc_Exposed: 21.0365
Instance: key_reg_reg[5][15] angle: 0 side: N Area_Exposed: 2.67558 Perc_Exposed: 40.2342
Instance: key_reg_reg[5][16] angle: 0 side: N Area_Exposed: 1.2613 Perc_Exposed: 18.9669
Instance: key_reg_reg[5][17] angle: 0 side: N Area_Exposed: 1.07547 Perc_Exposed: 16.1726
Instance: key_reg_reg[5][18] angle: 0 side: N Area_Exposed: 1.27447 Perc_Exposed: 19.165
Instance: key_reg_reg[5][19] angle: 0 side: N Area_Exposed: 2.1644 Perc_Exposed: 32.5474
Instance: key_reg_reg[5][20] angle: 0 side: N Area_Exposed: 2.62217 Perc_Exposed: 39.4312
Instance: key_reg_reg[5][21] angle: 0 side: N Area_Exposed: 0.9646 Perc_Exposed: 14.5053
Instance: key_reg_reg[5][22] angle: 0 side: N Area_Exposed: 0.676 Perc_Exposed: 10.1654
Instance: key_reg_reg[5][23] angle: 0 side: N Area_Exposed: 1.06505 Perc_Exposed: 16.0158
Instance: key_reg_reg[5][24] angle: 0 side: N Area_Exposed: 1.28647 Perc_Exposed: 19.3455
Instance: key_reg_reg[5][25] angle: 0 side: N Area_Exposed: 0.940125 Perc_Exposed: 14.1372
Instance: key_reg_reg[5][26] angle: 0 side: N Area_Exposed: 0.287525 Perc_Exposed: 4.32368
Instance: key_reg_reg[5][27] angle: 0 side: N Area_Exposed: 1.07343 Perc_Exposed: 16.1417
Instance: key_reg_reg[5][28] angle: 0 side: N Area_Exposed: 0.538025 Perc_Exposed: 8.0906
Instance: key_reg_reg[5][29] angle: 0 side: N Area_Exposed: 0.975625 Perc_Exposed: 14.6711
Instance: key_reg_reg[5][30] angle: 0 side: N Area_Exposed: 0.798325 Perc_Exposed: 12.0049
Instance: key_reg_reg[5][31] angle: 0 side: N Area_Exposed: 0.330825 Perc_Exposed: 4.97481
Instance: key_reg_reg[6][0] angle: 0 side: N Area_Exposed: 1.33237 Perc_Exposed: 20.0357
Instance: key_reg_reg[6][1] angle: 0 side: N Area_Exposed: 2.27837 Perc_Exposed: 34.2613
Instance: key_reg_reg[6][2] angle: 0 side: N Area_Exposed: 2.21785 Perc_Exposed: 33.3511
Instance: key_reg_reg[6][3] angle: 0 side: N Area_Exposed: 2.15035 Perc_Exposed: 32.3361
Instance: key_reg_reg[6][4] angle: 0 side: N Area_Exposed: 1.23262 Perc_Exposed: 18.5357
Instance: key_reg_reg[6][5] angle: 0 side: N Area_Exposed: 2.87455 Perc_Exposed: 43.2263
Instance: key_reg_reg[6][6] angle: 0 side: N Area_Exposed: 2.3983 Perc_Exposed: 36.0647
Instance: key_reg_reg[6][7] angle: 0 side: N Area_Exposed: 2.05177 Perc_Exposed: 30.8538
Instance: key_reg_reg[6][8] angle: 0 side: N Area_Exposed: 2.91862 Perc_Exposed: 43.8891
Instance: key_reg_reg[6][9] angle: 0 side: N Area_Exposed: 1.93883 Perc_Exposed: 29.1553
Instance: key_reg_reg[6][10] angle: 0 side: N Area_Exposed: 1.60642 Perc_Exposed: 24.1568
Instance: key_reg_reg[6][11] angle: 0 side: N Area_Exposed: 1.65602 Perc_Exposed: 24.9026
Instance: key_reg_reg[6][12] angle: 0 side: N Area_Exposed: 2.465 Perc_Exposed: 37.0677
Instance: key_reg_reg[6][13] angle: 0 side: N Area_Exposed: 1.9123 Perc_Exposed: 28.7564
Instance: key_reg_reg[6][14] angle: 0 side: N Area_Exposed: 2.02227 Perc_Exposed: 30.4102
Instance: key_reg_reg[6][15] angle: 0 side: N Area_Exposed: 1.03708 Perc_Exposed: 15.5951
Instance: key_reg_reg[6][16] angle: 0 side: N Area_Exposed: 2.34125 Perc_Exposed: 35.2068
Instance: key_reg_reg[6][17] angle: 0 side: N Area_Exposed: 1.31658 Perc_Exposed: 19.7981
Instance: key_reg_reg[6][18] angle: 0 side: N Area_Exposed: 1.13145 Perc_Exposed: 17.0143
Instance: key_reg_reg[6][19] angle: 0 side: N Area_Exposed: 1.08753 Perc_Exposed: 16.3538
Instance: key_reg_reg[6][20] angle: 0 side: N Area_Exposed: 1.5328 Perc_Exposed: 23.0496
Instance: key_reg_reg[6][21] angle: 0 side: N Area_Exposed: 2.00077 Perc_Exposed: 30.0868
Instance: key_reg_reg[6][22] angle: 0 side: N Area_Exposed: 0.62545 Perc_Exposed: 9.40526
Instance: key_reg_reg[6][23] angle: 0 side: N Area_Exposed: 1.7969 Perc_Exposed: 27.0211
Instance: key_reg_reg[6][24] angle: 0 side: N Area_Exposed: 0.686675 Perc_Exposed: 10.3259
Instance: key_reg_reg[6][25] angle: 0 side: N Area_Exposed: 0.594475 Perc_Exposed: 8.93947
Instance: key_reg_reg[6][26] angle: 0 side: N Area_Exposed: 0.9011 Perc_Exposed: 13.5504
Instance: key_reg_reg[6][27] angle: 0 side: N Area_Exposed: 0.850825 Perc_Exposed: 12.7944
Instance: key_reg_reg[6][28] angle: 0 side: N Area_Exposed: 0.35915 Perc_Exposed: 5.40075
Instance: key_reg_reg[6][29] angle: 0 side: N Area_Exposed: 0.48925 Perc_Exposed: 7.35714
Instance: key_reg_reg[6][30] angle: 0 side: N Area_Exposed: 0.705125 Perc_Exposed: 10.6034
Instance: key_reg_reg[6][31] angle: 0 side: N Area_Exposed: 0.5709 Perc_Exposed: 8.58496
Instance: key_reg_reg[7][0] angle: 0 side: N Area_Exposed: 0.8329 Perc_Exposed: 12.5248
Instance: key_reg_reg[7][1] angle: 0 side: N Area_Exposed: 2.19995 Perc_Exposed: 33.082
Instance: key_reg_reg[7][2] angle: 0 side: N Area_Exposed: 1.9636 Perc_Exposed: 29.5278
Instance: key_reg_reg[7][3] angle: 0 side: N Area_Exposed: 0.89915 Perc_Exposed: 13.5211
Instance: key_reg_reg[7][4] angle: 0 side: N Area_Exposed: 1.03612 Perc_Exposed: 15.5808
Instance: key_reg_reg[7][5] angle: 0 side: N Area_Exposed: 1.74863 Perc_Exposed: 26.2951
Instance: key_reg_reg[7][6] angle: 0 side: N Area_Exposed: 2.25133 Perc_Exposed: 33.8545
Instance: key_reg_reg[7][7] angle: 0 side: N Area_Exposed: 1.40947 Perc_Exposed: 21.1951
Instance: key_reg_reg[7][8] angle: 0 side: N Area_Exposed: 1.22745 Perc_Exposed: 18.4579
Instance: key_reg_reg[7][9] angle: 0 side: N Area_Exposed: 2.9484 Perc_Exposed: 44.3368
Instance: key_reg_reg[7][10] angle: 0 side: N Area_Exposed: 2.17393 Perc_Exposed: 32.6906
Instance: key_reg_reg[7][11] angle: 0 side: N Area_Exposed: 1.54818 Perc_Exposed: 23.2808
Instance: key_reg_reg[7][12] angle: 0 side: N Area_Exposed: 1.52572 Perc_Exposed: 22.9432
Instance: key_reg_reg[7][13] angle: 0 side: N Area_Exposed: 0.98595 Perc_Exposed: 14.8263
Instance: key_reg_reg[7][14] angle: 0 side: N Area_Exposed: 1.89623 Perc_Exposed: 28.5147
Instance: key_reg_reg[7][15] angle: 0 side: N Area_Exposed: 1.34607 Perc_Exposed: 20.2417
Instance: key_reg_reg[7][16] angle: 0 side: N Area_Exposed: 1.91325 Perc_Exposed: 28.7707
Instance: key_reg_reg[7][17] angle: 0 side: N Area_Exposed: 0.387125 Perc_Exposed: 5.82143
Instance: key_reg_reg[7][18] angle: 0 side: N Area_Exposed: 2.3967 Perc_Exposed: 36.0406
Instance: key_reg_reg[7][19] angle: 0 side: N Area_Exposed: 0.747925 Perc_Exposed: 11.247
Instance: key_reg_reg[7][20] angle: 0 side: N Area_Exposed: 1.92407 Perc_Exposed: 28.9335
Instance: key_reg_reg[7][21] angle: 0 side: N Area_Exposed: 2.904 Perc_Exposed: 43.6692
Instance: key_reg_reg[7][22] angle: 0 side: N Area_Exposed: 0.974675 Perc_Exposed: 14.6568
Instance: key_reg_reg[7][23] angle: 0 side: N Area_Exposed: 1.16508 Perc_Exposed: 17.5199
Instance: key_reg_reg[7][24] angle: 0 side: N Area_Exposed: 0.769 Perc_Exposed: 11.5639
Instance: key_reg_reg[7][25] angle: 0 side: N Area_Exposed: 0.584425 Perc_Exposed: 8.78835
Instance: key_reg_reg[7][26] angle: 0 side: N Area_Exposed: 0.8804 Perc_Exposed: 13.2391
Instance: key_reg_reg[7][27] angle: 0 side: N Area_Exposed: 0.24825 Perc_Exposed: 3.73308
Instance: key_reg_reg[7][28] angle: 0 side: N Area_Exposed: 0.589025 Perc_Exposed: 8.85752
Instance: key_reg_reg[7][29] angle: 0 side: N Area_Exposed: 0.253275 Perc_Exposed: 3.80865
Instance: key_reg_reg[7][30] angle: 0 side: N Area_Exposed: 0.667175 Perc_Exposed: 10.0327
Instance: key_reg_reg[7][31] angle: 0 side: N Area_Exposed: 0.658375 Perc_Exposed: 9.90038
Instance: core_keymem_key_mem_ctrl_reg_reg[0] angle: 0 side: N Area_Exposed: 0.383075 Perc_Exposed: 7.20066
Instance: core_keymem_key_mem_ctrl_reg_reg[1] angle: 0 side: N Area_Exposed: 0.665225 Perc_Exposed: 12.5042
