#Checking placement violation...
Begin checking placement ... (start mem=860.6M, init mem=684.9M)
*info: Placed = 19880         
*info: Unplaced = 0           
Placement Density:100.00%(36916/36916)
Placement Density (including fixed std cells):100.00%(36916/36916)
Finished check_place (total: cpu=0:00:00.7, real=0:00:01.0; vio checks: cpu=0:00:00.3, real=0:00:00.0; mem=684.9M)
#cpu time = 00:00:01, elapsed time = 00:00:01, memory = 474.60 (MB), peak = 675.69 (MB)
#Checking wire integrity...
#cpu time = 00:00:00, elapsed time = 00:00:00, memory = 474.60 (MB), peak = 675.69 (MB)
Multithreaded Timing Analysis is initialized with 8 threads

#Checking unplaced instance...
#cpu time = 00:00:00, elapsed time = 00:00:00, memory = 555.06 (MB), peak = 818.73 (MB)
#Checking track...
#cpu time = 00:00:00, elapsed time = 00:00:00, memory = 555.06 (MB), peak = 818.73 (MB)
#Checking blocked track...
#cpu time = 00:00:00, elapsed time = 00:00:00, memory = 555.06 (MB), peak = 818.73 (MB)
#Checking 3rd-party violation...
#cpu time = 00:00:00, elapsed time = 00:00:00, memory = 555.06 (MB), peak = 818.73 (MB)
#Checking ECO route violation...
#cpu time = 00:00:00, elapsed time = 00:00:00, memory = 555.06 (MB), peak = 818.73 (MB)
#Checking unplaced I/O pin...
#cpu time = 00:00:00, elapsed time = 00:00:00, memory = 555.06 (MB), peak = 818.73 (MB)
#Checking same-cell violation...
#cpu time = 00:00:00, elapsed time = 00:00:00, memory = 555.06 (MB), peak = 818.73 (MB)
#Checking pin layer escape...
#cpu time = 00:00:00, elapsed time = 00:00:00, memory = 555.06 (MB), peak = 818.73 (MB)
*** Message Summary: 0 warning(s), 0 error(s)

