Total exposed area across net assets: 3997.21
Max exposure [%] across net assets: 97.2686
Avg exposure [%] across net assets: 36.5009

#NetName TotalAreaNet PercentageExposedAreaNet
FE_OCPN111907_core_round_key_62 0.32935 1.48778
FE_OCPN111901_core_new_sboxw_16 16.3086 28.699
FE_OCPN111869_core_new_sboxw_11 2.0748 9.15992
FE_OCPN111868_core_new_sboxw_12 2.3807 19.4722
FE_OCPN111862_core_new_sboxw_20 2.14305 10.1992
FE_OCPN111829_core_new_sboxw_26 0.61985 34.5245
FE_OCPN111825_core_new_sboxw_30 276.599 93.4436
FE_OCPN111817_core_new_sboxw_15 1.05455 17.2917
FE_OCPN111816_core_new_sboxw_15 0.8925 16.7843
FE_OCPN1866_core_new_sboxw_20 20.0582 71.1729
FE_OCPN1810_core_new_sboxw_26 0.0133 0
FE_OCPN111794_core_new_sboxw_13 0.09975 1.75439
FE_OCPN111793_core_new_sboxw_13 144.663 83.4331
FE_OCPN111749_core_new_sboxw_1 1.5337 14.778
FE_OCPN111725_FE_OFN528_core_new_sboxw_17 25.8605 48.4646
FE_OCPN111714_core_round_key_25 12.2955 20.6171
FE_OCPN111710_core_round_key_21 139.739 79.8637
FE_OFN111525_core_round_key_23 2.3002 19.4037
FE_OFN111501_core_new_sboxw_3 0.0133 0
FE_OFN111477_core_round_key_69 59.2093 69.1335
FE_OFN111475_core_round_key_60 11.3806 27.4977
FE_OFN111375_core_round_key_53 0.161 0
FE_OFN111374_core_round_key_53 0.1029 0
FE_OFN111373_core_round_key_53 0.1848 3.34145
FE_OFN111352_core_new_sboxw_19 0.1239 20.6215
FE_OFN111336_core_round_key_49 2.0265 24.261
FE_OFN111335_core_new_sboxw_22 5.40015 44.8339
FE_OFN111331_core_round_key_4 1.5302 15.1402
FE_OFN111330_core_round_key_19 4.8377 21.995
FE_OFN111313_core_round_key_83 2.2456 12.9086
FE_OFN111302_core_round_key_75 31.981 48.7395
FE_OFN111300_core_round_key_52 21.1827 44.6735
FE_OFN111282_core_round_key_11 37.4994 49.4774
FE_OFN111280_core_round_key_103 47.4002 48.0891
FE_OFN111268_core_round_key_43 18.5822 51.4922
FE_OFN111266_core_round_key_15 56.6099 90.4959
FE_OFN534_core_new_sboxw_5 124.354 91.2187
FE_OFN480_core_new_sboxw_28 17.2771 45.8124
FE_OFN426_core_round_key_53 67.4902 77.656
FE_OFN422_core_new_sboxw_23 0.64435 14.9181
FE_OFN409_core_new_sboxw_27 0.1029 29.2517
FE_OFN407_core_new_sboxw_4 0.1225 39.1429
FE_OFN406_core_new_sboxw_4 42.0067 79.1599
FE_OFN399_core_new_sboxw_8 0.6734 9.84556
FE_OFN385_core_new_sboxw_9 0.4529 7.81629
FE_OFN384_core_new_sboxw_15 169.099 91.3465
FE_OFN375_core_new_sboxw_30 2.0748 30.0993
FE_OFN374_core_new_sboxw_0 1.5799 23.2831
FE_OFN367_core_new_sboxw_11 12.1982 34.1604
core_new_sboxw[31] 20.3249 20.8617
core_new_sboxw[30] 0.63 40.5
core_new_sboxw[29] 233.252 88.8469
core_new_sboxw[28] 0.5222 4.44753
core_new_sboxw[27] 46.5889 57.0329
core_new_sboxw[26] 136.197 84.7475
core_new_sboxw[25] 81.9967 65.721
core_new_sboxw[24] 221.493 90.4904
core_new_sboxw[23] 0.2513 29.2479
core_new_sboxw[22] 6.94225 7.07768
core_new_sboxw[21] 10.6236 29.6702
core_new_sboxw[20] 2.5963 23.9283
core_new_sboxw[19] 2.5263 20.6844
core_new_sboxw[18] 10.7849 31.9824
core_new_sboxw[17] 3.7492 8.91524
core_new_sboxw[16] 0.2128 30.0987
core_new_sboxw[15] 0.0462 0
core_new_sboxw[14] 31.0897 61.4407
core_new_sboxw[13] 1.6975 39.1134
core_new_sboxw[12] 52.4458 80.0016
core_new_sboxw[11] 30.9712 83.8178
core_new_sboxw[10] 71.6384 74.2715
core_new_sboxw[9] 2.7573 45.6116
core_new_sboxw[8] 145.244 88.6229
core_new_sboxw[7] 71.8457 78.4459
core_new_sboxw[6] 130.259 67.3653
core_new_sboxw[5] 0.70035 3.69815
core_new_sboxw[4] 153.288 95.2497
core_new_sboxw[3] 202.748 94.2722
core_new_sboxw[2] 70.2981 53.6897
core_new_sboxw[1] 141.643 93.0324
core_new_sboxw[0] 1.9649 9.20149
core_keymem_sboxw[31] 0.3787 40.3882
core_keymem_sboxw[30] 3.44015 25.2591
core_keymem_sboxw[29] 0.2744 10.4592
core_keymem_sboxw[28] 5.0673 26.7677
core_keymem_sboxw[27] 2.54905 19.928
core_keymem_sboxw[26] 0.4403 24.3243
core_keymem_sboxw[25] 0.6104 16.4564
core_keymem_sboxw[24] 1.8298 4.76418
core_keymem_sboxw[23] 21.1649 75.2952
core_keymem_sboxw[22] 4.8391 22.5589
core_keymem_sboxw[21] 0.2709 58.0103
core_keymem_sboxw[20] 10.2928 41.9074
core_keymem_sboxw[19] 0.4921 8.85491
core_keymem_sboxw[18] 0.6895 34.7208
core_keymem_sboxw[17] 0.4613 19.5209
core_keymem_sboxw[16] 10.2952 60.0427
core_keymem_sboxw[15] 15.96 56.5717
core_keymem_sboxw[14] 0.6916 46.3057
core_keymem_sboxw[13] 8.6772 39.2223
core_keymem_sboxw[12] 0.5824 47.1755
core_keymem_sboxw[11] 26.9091 76.6352
core_keymem_sboxw[10] 8.5876 56.8675
core_keymem_sboxw[9] 0.224 8.125
core_keymem_sboxw[8] 28.7519 86.3357
core_keymem_sboxw[7] 11.7439 30.1067
core_keymem_sboxw[6] 13.5723 58.3059
core_keymem_sboxw[5] 46.5893 69.2275
core_keymem_sboxw[4] 2.4332 15.6142
core_keymem_sboxw[3] 2.576 19.7089
core_keymem_sboxw[2] 8.08745 53.5422
core_keymem_sboxw[1] 25.1283 75.8221
core_keymem_sboxw[0] 2.4507 32.5835
core_aes_core_ctrl_reg[1] 0.3157 36.2528
core_aes_core_ctrl_reg[0] 0.4844 39.8689
key_reg[0][31] 1.0416 3.24501
key_reg[0][30] 1.7367 16.0419
key_reg[0][29] 0.78925 23.1707
key_reg[0][28] 2.177 6.41594
key_reg[0][27] 0.9576 11.2234
key_reg[0][26] 0.805 1.62733
key_reg[0][25] 0.97055 18.0851
key_reg[0][24] 0.6944 25
key_reg[0][23] 0.65765 41.0591
key_reg[0][22] 0.95235 14.0337
key_reg[0][21] 1.1438 47.3378
key_reg[0][20] 2.1 9.225
key_reg[0][19] 1.5974 30.9597
key_reg[0][18] 0.99225 45.4321
key_reg[0][17] 1.43395 33.9935
key_reg[0][16] 0.8771 42.3612
key_reg[0][15] 1.7353 20.2775
key_reg[0][14] 0.99925 37.0528
key_reg[0][13] 0.7672 31.6541
key_reg[0][12] 1.1767 46.7196
key_reg[0][11] 1.6198 38.727
key_reg[0][10] 0.89565 23.3685
key_reg[0][9] 1.204 25.4236
key_reg[0][8] 4.4436 61.2499
key_reg[0][7] 1.7822 43.3818
key_reg[0][6] 3.8367 38.4699
key_reg[0][5] 1.2495 17.9972
key_reg[0][4] 1.9852 41.4983
key_reg[0][3] 1.7507 25.9239
key_reg[0][2] 0.7063 22.6957
key_reg[0][1] 0.7938 23.4568
key_reg[0][0] 1.6366 64.7348
key_reg[1][31] 0.7189 9.45194
key_reg[1][30] 0.9856 27.7293
key_reg[1][29] 0.8652 30.2445
key_reg[1][28] 2.1455 16.8049
key_reg[1][27] 1.4763 5.02608
key_reg[1][26] 0.95305 1.608
key_reg[1][25] 1.9117 28.608
key_reg[1][24] 1.31075 26.1339
key_reg[1][23] 1.88335 32.267
key_reg[1][22] 1.5855 11.673
key_reg[1][21] 2.0433 38.2323
key_reg[1][20] 4.4828 66.6274
key_reg[1][19] 1.2404 48.2324
key_reg[1][18] 0.8561 21.9542
key_reg[1][17] 1.204 22.99
key_reg[1][16] 1.3825 34.6148
key_reg[1][15] 1.97015 53.9883
key_reg[1][14] 2.3009 54.8905
key_reg[1][13] 1.5603 23.0004
key_reg[1][12] 3.3789 58.9363
key_reg[1][11] 1.5708 29.2462
key_reg[1][10] 2.0881 29.212
key_reg[1][9] 2.85215 66.2903
key_reg[1][8] 1.9726 63.7522
key_reg[1][7] 3.7674 59.2345
key_reg[1][6] 1.0738 64.2112
key_reg[1][5] 3.35475 64.7366
key_reg[1][4] 2.7678 23.6831
key_reg[1][3] 1.9747 47.5262
key_reg[1][2] 2.828 54.4554
key_reg[1][1] 3.06705 58.8652
key_reg[1][0] 3.07195 22.3881
key_reg[2][31] 1.62015 13.8475
key_reg[2][30] 2.9281 9.03914
key_reg[2][29] 1.46965 12.7309
key_reg[2][28] 1.41645 14.1833
key_reg[2][27] 0.714 3.03922
key_reg[2][26] 0.9093 0.148466
key_reg[2][25] 1.9131 14.321
key_reg[2][24] 2.6411 5.72489
key_reg[2][23] 1.0871 56.6783
key_reg[2][22] 1.54385 6.09839
key_reg[2][21] 1.5659 45.6303
key_reg[2][20] 2.142 14.5098
key_reg[2][19] 1.64885 31.5902
key_reg[2][18] 1.58655 21.0472
key_reg[2][17] 0.9527 7.70179
key_reg[2][16] 3.83775 58.9545
key_reg[2][15] 2.95855 58.3952
key_reg[2][14] 1.5078 64.8561
key_reg[2][13] 2.9001 59.754
key_reg[2][12] 2.5879 62.6483
key_reg[2][11] 2.70935 68.9732
key_reg[2][10] 2.31735 35.0692
key_reg[2][9] 2.8686 65.8945
key_reg[2][8] 1.5225 37.1593
key_reg[2][7] 4.81355 67.8512
key_reg[2][6] 0.9401 60.3872
key_reg[2][5] 1.0514 50.7181
key_reg[2][4] 2.43565 26.4016
key_reg[2][3] 0.5215 21.4765
key_reg[2][2] 2.9666 49.3022
key_reg[2][1] 2.2393 32.4655
key_reg[2][0] 0.82215 13.7505
key_reg[3][31] 0.7042 19.1103
key_reg[3][30] 0.81935 4.1893
key_reg[3][29] 0.8155 8.41202
key_reg[3][28] 2.3051 2.80682
key_reg[3][27] 1.6485 22.4264
key_reg[3][26] 1.9558 17.7472
key_reg[3][25] 1.29815 26.1796
key_reg[3][24] 2.1525 9.66202
key_reg[3][23] 1.7577 10.0757
key_reg[3][22] 1.26455 20.017
key_reg[3][21] 3.1514 67.5811
key_reg[3][20] 2.3261 57.835
key_reg[3][19] 0.75775 43.0782
key_reg[3][18] 0.6608 25.6886
key_reg[3][17] 1.64255 13.4242
key_reg[3][16] 2.6271 37.7565
key_reg[3][15] 1.9551 65.9455
key_reg[3][14] 3.5112 62.6865
key_reg[3][13] 0.81165 34.9751
key_reg[3][12] 2.3772 63.0994
key_reg[3][11] 3.82025 55.1508
key_reg[3][10] 1.57185 62.1895
key_reg[3][9] 1.666 53.0687
key_reg[3][8] 2.4521 66.0301
key_reg[3][7] 2.0664 57.795
key_reg[3][6] 1.9369 54.9022
key_reg[3][5] 1.7192 62.9552
key_reg[3][4] 2.0258 47.749
key_reg[3][3] 1.1606 20.8233
key_reg[3][2] 2.0881 24.9078
key_reg[3][1] 1.1333 58.6936
key_reg[3][0] 1.3377 40.6593
key_reg[4][31] 0.3304 0
key_reg[4][30] 0.4186 20.3177
key_reg[4][29] 0.4228 31.3742
key_reg[4][28] 0.742 21.934
key_reg[4][27] 0.3766 0
key_reg[4][26] 0.4592 30.3354
key_reg[4][25] 0.3885 23.5135
key_reg[4][24] 0.4459 0.370038
key_reg[4][23] 0.37625 35.814
key_reg[4][22] 0.413 9.23729
key_reg[4][21] 0.4319 45.1378
key_reg[4][20] 0.4949 25.8133
key_reg[4][19] 0.4249 48.3114
key_reg[4][18] 0.4102 61.0251
key_reg[4][17] 0.38185 0.209506
key_reg[4][16] 0.5551 27.7698
key_reg[4][15] 0.61285 27.7229
key_reg[4][14] 0.3696 46.875
key_reg[4][13] 0.6363 8.17617
key_reg[4][12] 0.3843 50.1821
key_reg[4][11] 0.3871 54.7468
key_reg[4][10] 0.4116 63.1803
key_reg[4][9] 0.4473 36.262
key_reg[4][8] 0.6097 40.2083
key_reg[4][7] 0.3983 10.9465
key_reg[4][6] 0.8897 52.1243
key_reg[4][5] 0.42 26.3333
key_reg[4][4] 0.35 31.1
key_reg[4][3] 0.4998 47.9692
key_reg[4][2] 0.41545 5.72873
key_reg[4][1] 0.4081 0
key_reg[4][0] 0.6174 25.6641
key_reg[5][31] 0.5859 19.0476
key_reg[5][30] 0.4963 11.5102
key_reg[5][29] 0.5327 16.0315
key_reg[5][28] 0.5404 17.3575
key_reg[5][27] 0.4067 19.0189
key_reg[5][26] 0.5908 11.3744
key_reg[5][25] 0.4179 19.3467
key_reg[5][24] 0.47565 27.6674
key_reg[5][23] 0.4627 39.0318
key_reg[5][22] 0.6923 19.4135
key_reg[5][21] 0.4459 45.3689
key_reg[5][20] 0.4116 33.4184
key_reg[5][19] 0.3451 55.8824
key_reg[5][18] 0.4375 9.28
key_reg[5][17] 0.3633 55.106
key_reg[5][16] 0.4137 16.7211
key_reg[5][15] 0.45885 69.9847
key_reg[5][14] 0.40075 50.6737
key_reg[5][13] 0.4459 29.0704
key_reg[5][12] 0.7847 47.6424
key_reg[5][11] 0.3451 62.9817
key_reg[5][10] 0.4179 40.5899
key_reg[5][9] 0.4851 38.8374
key_reg[5][8] 0.5509 46.5284
key_reg[5][7] 0.3787 7.94824
key_reg[5][6] 0.3836 42.792
key_reg[5][5] 1.1802 6.25741
key_reg[5][4] 0.4067 31.3253
key_reg[5][3] 0.5712 35.2328
key_reg[5][2] 0.5278 53.5146
key_reg[5][1] 0.42 30.1667
key_reg[5][0] 1.90715 40.2276
key_reg[6][31] 0.4067 9.04844
key_reg[6][30] 0.42525 38.6831
key_reg[6][29] 0.47425 11.3864
key_reg[6][28] 0.5264 8.51064
key_reg[6][27] 0.4228 18.4544
key_reg[6][26] 0.4179 4.30725
key_reg[6][25] 0.581 0
key_reg[6][24] 0.5362 18.4166
key_reg[6][23] 0.5229 27.7395
key_reg[6][22] 0.42 2.29167
key_reg[6][21] 0.4655 51.8582
key_reg[6][20] 0.52325 56.6555
key_reg[6][19] 1.35835 1.50734
key_reg[6][18] 0.3304 44.9153
key_reg[6][17] 0.42525 18.2716
key_reg[6][16] 0.4571 67.3813
key_reg[6][15] 0.34755 62.1349
key_reg[6][14] 0.4522 51.7415
key_reg[6][13] 0.3983 48.1547
key_reg[6][12] 0.4326 60.4369
key_reg[6][11] 0.9723 64.5428
key_reg[6][10] 0.3983 36.3796
key_reg[6][9] 0.749 41.215
key_reg[6][8] 0.35 66.5
key_reg[6][7] 0.3647 49.4242
key_reg[6][6] 0.7952 49.1512
key_reg[6][5] 0.3696 47.9167
key_reg[6][4] 0.8953 0
key_reg[6][3] 0.518 32.2297
key_reg[6][2] 0.5495 49.2038
key_reg[6][1] 0.46795 54.1511
key_reg[6][0] 0.5852 30.2333
key_reg[7][31] 0.4382 4.47284
key_reg[7][30] 0.39095 7.34109
key_reg[7][29] 0.553 9.1094
key_reg[7][28] 0.4032 3.81944
key_reg[7][27] 0.6377 14.4739
key_reg[7][26] 0.4137 34.0948
key_reg[7][25] 0.8435 0.358625
key_reg[7][24] 0.8582 15.416
key_reg[7][23] 0.588 19.4685
key_reg[7][22] 0.39095 3.65136
key_reg[7][21] 0.6902 42.9006
key_reg[7][20] 0.6867 39.0782
key_reg[7][19] 0.7154 1.90802
key_reg[7][18] 0.3843 32.969
key_reg[7][17] 0.392 0
key_reg[7][16] 0.4088 20.6336
key_reg[7][15] 0.39585 42.5287
key_reg[7][14] 0.3885 63.1532
key_reg[7][13] 0.41405 13.1868
key_reg[7][12] 0.5579 46.0566
key_reg[7][11] 0.5803 20.7393
key_reg[7][10] 0.60865 47.7286
key_reg[7][9] 0.635775 67.9328
key_reg[7][8] 0.4102 31.509
key_reg[7][7] 0.53025 16.8977
key_reg[7][6] 0.4459 54.8441
key_reg[7][5] 0.4823 49.3106
key_reg[7][4] 1.15115 30.2524
key_reg[7][3] 0.3794 32.0111
key_reg[7][2] 0.6062 42.2633
key_reg[7][1] 0.5677 48.1504
key_reg[7][0] 0.616 24.6023
core_round_key[126] 7.5271 21.2525
core_round_key[125] 48.2616 74.979
core_round_key[124] 12.6287 9.16523
core_round_key[122] 11.7257 37.5264
core_round_key[116] 85.7946 69.9262
core_round_key[115] 29.9597 51.6833
core_round_key[114] 8.2124 22.1549
core_round_key[113] 10.5784 36.7279
core_round_key[112] 7.2331 11.3333
core_round_key[111] 44.9739 86.5994
core_round_key[108] 50.1499 51.8421
core_round_key[106] 16.5802 22.4726
core_round_key[104] 15.9261 57.6106
core_round_key[103] 1.45985 58.667
core_round_key[102] 43.0108 83.2717
core_round_key[100] 5.33155 33.1512
core_round_key[99] 4.20385 10.7622
core_round_key[98] 5.74105 25.6939
core_round_key[97] 8.20155 36.7854
core_round_key[96] 7.4907 13.9924
core_round_key[91] 11.5133 24.7471
core_round_key[89] 18.1013 26.7868
core_round_key[88] 17.3334 15.713
core_round_key[84] 37.1589 42.2062
core_round_key[83] 14.8722 20.9848
core_round_key[82] 11.8342 32.653
core_round_key[81] 9.73315 36.293
core_round_key[80] 12.1538 30.612
core_round_key[79] 40.7516 65.202
core_round_key[78] 23.9484 15.7006
core_round_key[77] 81.8293 92.8486
core_round_key[76] 37.5827 52.5333
core_round_key[75] 1.0668 34.1864
core_round_key[73] 38.1532 68.6589
core_round_key[72] 17.6708 45.3798
core_round_key[71] 25.6111 35.5302
core_round_key[70] 21.3199 58.022
core_round_key[69] 0.5005 40.5644
core_round_key[68] 4.7327 23.4993
core_round_key[67] 9.85355 36.2732
core_round_key[66] 13.5422 53.4555
core_round_key[65] 13.1807 15.849
core_round_key[64] 5.93005 27.4256
core_round_key[62] 12.2762 31.9904
core_round_key[61] 35.0109 59.7694
core_round_key[60] 0.3507 13.858
core_round_key[59] 9.5914 26.6807
core_round_key[58] 6.0102 27.4903
core_round_key[57] 12.2602 37.6088
core_round_key[56] 8.0094 41.1339
core_round_key[54] 11.6641 33.2437
core_round_key[53] 0.4473 29.5775
core_round_key[52] 0.3374 56.3278
core_round_key[51] 42.2895 55.3597
core_round_key[50] 14.1306 49.5536
core_round_key[49] 2.9351 18.6569
core_round_key[48] 17.3376 55.6797
core_round_key[45] 78.5376 92.508
core_round_key[44] 47.2598 51.9834
core_round_key[43] 4.1909 80.3574
core_round_key[41] 20.9531 24.3858
core_round_key[39] 68.3008 84.6644
core_round_key[37] 43.0735 87.0886
core_round_key[36] 3.8661 15.623
core_round_key[35] 6.0984 18.4512
core_round_key[34] 32.2214 55.506
core_round_key[28] 8.022 25.7969
core_round_key[26] 8.2929 17.6479
core_round_key[25] 0.9121 29.01
core_round_key[24] 36.9958 55.9708
core_round_key[23] 115.905 97.2686
core_round_key[21] 0.4522 5.49536
core_round_key[19] 8.0647 15.181
core_round_key[18] 15.9093 55.1666
core_round_key[17] 4.9546 23.2804
core_round_key[16] 16.576 43.3689
core_round_key[15] 3.7037 76.5275
core_round_key[14] 48.8128 91.1408
core_round_key[13] 42.5114 46.2462
core_round_key[12] 67.6864 91.2182
core_round_key[11] 0.0658 31.7629
core_round_key[10] 14.9685 60.544
core_round_key[7] 24.9488 27.2942
core_round_key[6] 23.3219 49.8789
core_round_key[4] 3.3614 22.7301
core_round_key[3] 6.279 14.1225
core_round_key[2] 14.1326 54.6992
core_round_key[0] 8.26315 47.3757
core_keymem_key_mem_ctrl_reg[1] 0.12915 0
core_keymem_key_mem_ctrl_reg[0] 0.2324 32.5301
