
Power Net Detected:
    Voltage	    Name
    0.00V	    VSS
    1.10V	    VDD
Using Power View: generic_view.
Load RC corner of view generic_view

Begin Power Analysis

    0.00V	    VSS
    1.10V	    VDD

Begin Processing Timing Library for Power Calculation

Begin Processing Timing Library for Power Calculation



Begin Processing Power Net/Grid for Power Calculation

Ended Processing Power Net/Grid for Power Calculation: (cpu=0:00:00, real=0:00:00, mem(process/total/peak)=851.82MB/1809.56MB/851.84MB)

Begin Processing Timing Window Data for Power Calculation

VCLK(1000MHz) CK: assigning clock VCLK to net clk
Ended Processing Timing Window Data for Power Calculation: (cpu=0:00:00, real=0:00:00, mem(process/total/peak)=856.16MB/1811.56MB/856.17MB)

Begin Processing User Attributes

Ended Processing User Attributes: (cpu=0:00:00, real=0:00:00, mem(process/total/peak)=856.22MB/1811.56MB/856.22MB)

Begin Processing Signal Activity


Starting Levelizing
2022-Mar-12 16:21:05 (2022-Mar-12 21:21:05 GMT)
2022-Mar-12 16:21:05 (2022-Mar-12 21:21:05 GMT): 10%
2022-Mar-12 16:21:05 (2022-Mar-12 21:21:05 GMT): 20%
2022-Mar-12 16:21:05 (2022-Mar-12 21:21:05 GMT): 30%
2022-Mar-12 16:21:05 (2022-Mar-12 21:21:05 GMT): 40%
2022-Mar-12 16:21:05 (2022-Mar-12 21:21:05 GMT): 50%
2022-Mar-12 16:21:05 (2022-Mar-12 21:21:05 GMT): 60%
2022-Mar-12 16:21:06 (2022-Mar-12 21:21:06 GMT): 70%
2022-Mar-12 16:21:06 (2022-Mar-12 21:21:06 GMT): 80%
2022-Mar-12 16:21:06 (2022-Mar-12 21:21:06 GMT): 90%

Finished Levelizing
2022-Mar-12 16:21:06 (2022-Mar-12 21:21:06 GMT)

Starting Activity Propagation
2022-Mar-12 16:21:06 (2022-Mar-12 21:21:06 GMT)
** INFO:  (VOLTUS_POWR-1356): No default input activity has been set. Defaulting to 0.2.
Use 'set_default_switching_activity -input_activity' command to change the default activity value.

2022-Mar-12 16:21:06 (2022-Mar-12 21:21:06 GMT): 10%
2022-Mar-12 16:21:06 (2022-Mar-12 21:21:06 GMT): 20%
2022-Mar-12 16:21:06 (2022-Mar-12 21:21:06 GMT): 30%
2022-Mar-12 16:21:06 (2022-Mar-12 21:21:06 GMT): 40%
2022-Mar-12 16:21:07 (2022-Mar-12 21:21:07 GMT): 50%
2022-Mar-12 16:21:07 (2022-Mar-12 21:21:07 GMT): 60%
2022-Mar-12 16:21:07 (2022-Mar-12 21:21:07 GMT): 70%
2022-Mar-12 16:21:07 (2022-Mar-12 21:21:07 GMT): 80%
2022-Mar-12 16:21:07 (2022-Mar-12 21:21:07 GMT): 90%

Finished Activity Propagation
2022-Mar-12 16:21:07 (2022-Mar-12 21:21:07 GMT)
Ended Processing Signal Activity: (cpu=0:00:01, real=0:00:01, mem(process/total/peak)=860.39MB/1815.56MB/860.39MB)

Begin Power Computation

      ----------------------------------------------------------
      # of cell(s) missing both power/leakage table: 0
      # of cell(s) missing power table: 0
      # of cell(s) missing leakage table: 0
      # of MSMV cell(s) missing power_level: 0
      ----------------------------------------------------------



Starting Calculating power
2022-Mar-12 16:21:07 (2022-Mar-12 21:21:07 GMT)
2022-Mar-12 16:21:08 (2022-Mar-12 21:21:08 GMT): 10%
2022-Mar-12 16:21:08 (2022-Mar-12 21:21:08 GMT): 20%
2022-Mar-12 16:21:09 (2022-Mar-12 21:21:09 GMT): 30%
2022-Mar-12 16:21:09 (2022-Mar-12 21:21:09 GMT): 40%
2022-Mar-12 16:21:09 (2022-Mar-12 21:21:09 GMT): 50%
2022-Mar-12 16:21:09 (2022-Mar-12 21:21:09 GMT): 60%
2022-Mar-12 16:21:09 (2022-Mar-12 21:21:09 GMT): 70%
2022-Mar-12 16:21:09 (2022-Mar-12 21:21:09 GMT): 80%
2022-Mar-12 16:21:10 (2022-Mar-12 21:21:10 GMT): 90%

Finished Calculating power
2022-Mar-12 16:21:10 (2022-Mar-12 21:21:10 GMT)
Ended Power Computation: (cpu=0:00:04, real=0:00:02, mem(process/total/peak)=870.05MB/1831.15MB/870.05MB)

Begin Processing User Attributes

Ended Processing User Attributes: (cpu=0:00:00, real=0:00:00, mem(process/total/peak)=870.05MB/1831.15MB/870.11MB)

Ended Power Analysis: (cpu=0:00:06, real=0:00:04, mem(process/total/peak)=870.11MB/1831.15MB/870.11MB)

Begin Boundary Leakage Calculation
Ended Boundary Leakage Calculation: (cpu=0:00:00, real=0:00:00,
mem(process/total/peak)=870.12MB/1831.15MB/870.12MB)
Begin Static Power Report Generation
*----------------------------------------------------------------------------------------
*	Innovus 18.13-s088_1 (64bit) 03/05/2019 11:30 (Linux 2.6.18-194.el5)
*	
*
* 	Date & Time:	2022-Mar-12 16:21:10 (2022-Mar-12 21:21:10 GMT)
*
*----------------------------------------------------------------------------------------
*
*	Design: aes
*
*	Liberty Libraries used:
*	        generic_view: NangateOpenCellLibrary.lib
*
*	Parasitic Files used:
*
*       Power View : generic_view
*
*       User-Defined Activity : N.A.
*
*       Activity File: N.A.
*
*       Hierarchical Global Activity: N.A.
*
*       Global Activity: N.A.
*
*       Sequential Element Activity: N.A.
*
*       Primary Input Activity: 0.200000
*
*       Default icg ratio: N.A.
*
*       Global Comb ClockGate Ratio: N.A.
*
*	Power Units = 1mW
*
*	Time Units = 1e-09 secs
*
*       report_power
*
-----------------------------------------------------------------------------------------
*



Total Power
-----------------------------------------------------------------------------------------
Total Internal Power:       36.10936265 	   53.3213%
Total Switching Power:      30.86816639 	   45.5818%
Total Leakage Power:         0.74283195 	    1.0969%
Total Power:                67.72036106
-----------------------------------------------------------------------------------------


Group                           Internal   Switching     Leakage       Total  Percentage 
                                Power      Power         Power         Power  (%)        
-----------------------------------------------------------------------------------------
Sequential                         19.35       3.101      0.2931       22.75       33.59
Macro                                  0           0           0           0           0
IO                                     0           0           0           0           0
Combinational                       16.2       22.56      0.4483       39.21        57.9
Clock (Combinational)             0.5538       5.207    0.001467       5.763        8.51
Clock (Sequential)                     0           0           0           0           0
-----------------------------------------------------------------------------------------
Total                              36.11       30.87      0.7428       67.72         100
-----------------------------------------------------------------------------------------


Rail                  Voltage   Internal   Switching     Leakage       Total  Percentage 
                                Power      Power         Power         Power  (%)        
-----------------------------------------------------------------------------------------
VDD                       1.1      36.11       30.87      0.7428       67.72         100


Clock                           Internal   Switching     Leakage       Total  Percentage 
                                Power      Power         Power         Power  (%)        
-----------------------------------------------------------------------------------------
VCLK                              0.5538       5.207    0.001467       5.763        8.51
-----------------------------------------------------------------------------------------
Total                             0.5538       5.207    0.001467       5.763        8.51
-----------------------------------------------------------------------------------------
Clock: VCLK
Clock Period: 0.001000 usec 
Clock Toggle Rate:  2000.0000 Mhz 
Clock Static Probability:  0.5000
  
 
 
-----------------------------------------------------------------------------------------
*	Power Distribution Summary: 
*              Highest Average Power:       CTS_ccl_a_buf_00145 (CLKBUF_X3):            0.133
*              Highest Leakage Power: FE_OCPC1793_core_keymem_n_97248 (BUF_X16):        0.0003712
*                Total Cap:      1.24499e-10 F
*                Total instances in design: 15836
*                Total instances in design with no power:     0
*                Total instances in design with no activty:     0

*                Total Fillers and Decap:     0
-----------------------------------------------------------------------------------------
 
Ended Static Power Report Generation: (cpu=0:00:00, real=0:00:00,
mem(process/total/peak)=874.46MB/1834.90MB/874.47MB)

