Weights:
	des_issues:		0.25
	fsp_fi_ea_c_avg:		(1/6)
	fsp_fi_ea_c_max:		(1/3)
	des_perf_setup_TNS:		0.5
	fsp_fi_ea_n_avg:		(1/6)
	ti_sts_max:		(1/3)
	des_perf:		0.25
	ti_fts_total:		0.5
	des_area:		0.25
	ti_fts_avg:		(1/6)
	fsp_fi_ea_n:		0.5
	fsp_fi_ea_n_total:		0.5
	ti_sts:		0.5
	fsp_fi_ea_n_max:		(1/3)
	des_perf_setup_FEP:		(1/6)
	fsp_fi_ea_c_total:		0.5
	fsp_fi_ea_c:		0.5
	ti_sts_avg:		(1/6)
	ti_fts:		0.5
	ti_sts_total:		0.5
	ti_fts_max:		(1/3)
	des_p_total:		0.25
	des_perf_setup_WNS:		(1/3)

Baseline metrics:
	des_issues:		2626
	fsp_fi_ea_c_avg:		18.771
	fsp_fi_ea_c_max:		67.1936
	des_perf_setup_TNS:		-1.432
	fsp_fi_ea_n_avg:		36.5009
	ti_sts_max:		48
	ti_fts_total:		2922
	des_area:		40149.9336
	ti_fts_avg:		100.75
	fsp_fi_ea_n_total:		3997.21
	fsp_fi_ea_n_max:		97.2686
	des_perf_setup_FEP:		30
	fsp_fi_ea_c_total:		358.193
	ti_sts_avg:		26.68
	ti_sts_total:		774
	ti_fts_max:		159
	des_p_total:		67.72036106
	des_perf_setup_WNS:		-0.126

Submission metrics:
	des_issues:		2626
	fsp_fi_ea_c_avg:		18.771
	fsp_fi_ea_c_max:		67.1936
	des_perf_setup_TNS:		-1.432
	fsp_fi_ea_n_avg:		36.5009
	ti_sts_max:		48
	ti_fts_total:		2922
	des_area:		40149.9336
	ti_fts_avg:		100.75
	fsp_fi_ea_n_total:		3997.21
	fsp_fi_ea_n_max:		97.2686
	des_perf_setup_FEP:		30
	fsp_fi_ea_c_total:		358.193
	ti_sts_avg:		26.68
	ti_sts_total:		774
	ti_fts_max:		159
	des_p_total:		67.72036106
	des_perf_setup_WNS:		-0.126

Base scores (non-weighted):
	des_issues:		1.000000
	fsp_fi_ea_c_avg:		1.000000
	fsp_fi_ea_c_max:		1.000000
	des_perf_setup_TNS:		1.000000
	fsp_fi_ea_n_avg:		1.000000
	ti_sts_max:		1.000000
	ti_fts_total:		1.000000
	des_area:		1.000000
	ti_fts_avg:		1.000000
	fsp_fi_ea_n_total:		1.000000
	fsp_fi_ea_n_max:		1.000000
	des_perf_setup_FEP:		1.000000
	fsp_fi_ea_c_total:		1.000000
	ti_sts_avg:		1.000000
	ti_sts_total:		1.000000
	ti_fts_max:		1.000000
	des_p_total:		1.000000
	des_perf_setup_WNS:		1.000000

Scores (weighted):
	des_issues:		1.000000
	OVERALL:		1.000000
	des_perf:		1.000000
	des:		1.000000
	des_area:		1.000000
	fsp_fi_ea_n:		1.000000
	ti_sts:		1.000000
	fsp_fi_ea_c:		1.000000
	ti_fts:		1.000000
	fsp_fi:		1.000000
	ti:		1.000000
	des_p_total:		1.000000

