Weights:
	des_issues:		0.25
	des_perf:		0.25
	ti_fts_total:		0.5
	des_perf_setup_FEP:		(1/6)
	fsp_fi_ea_c_total:		0.5
	ti_fts:		0.5
	des_p_total:		0.25
	des_perf_setup_WNS:		(1/3)
	fsp_fi_ea_c_avg:		(1/6)
	fsp_fi_ea_c_max:		(1/3)
	des_perf_setup_TNS:		0.5
	fsp_fi_ea_n_avg:		(1/6)
	ti_sts_max:		(1/3)
	des_area:		0.25
	ti_fts_avg:		(1/6)
	fsp_fi_ea_n:		0.5
	fsp_fi_ea_n_total:		0.5
	ti_sts:		0.5
	fsp_fi_ea_n_max:		(1/3)
	fsp_fi_ea_c:		0.5
	ti_sts_avg:		(1/6)
	ti_sts_total:		0.5
	ti_fts_max:		(1/3)

Constraints:
	des_issues:		2
	des_perf:		20
	des_p_total:		10
	des_area:		3

Baseline metrics:
	des_issues:		169
	ti_fts_total:		1444
	des_perf_setup_FEP:		0
	fsp_fi_ea_c_total:		407.757
	des_p_total:		1.48222147
	des_perf_setup_WNS:		0.110
	fsp_fi_ea_c_avg:		53.6737
	fsp_fi_ea_c_max:		75.5882
	des_perf_setup_TNS:		0.000
	fsp_fi_ea_n_avg:		71.7035
	ti_sts_max:		29
	des_area:		5442.626
	ti_fts_avg:		144.40
	fsp_fi_ea_n_total:		180.984
	fsp_fi_ea_n_max:		100
	ti_sts_avg:		25.00
	ti_sts_total:		250
	ti_fts_max:		198

Submission metrics:
	des_issues:		0
	ti_fts_total:		215
	des_perf_setup_FEP:		0
	fsp_fi_ea_c_total:		264.905
	des_p_total:		1.16559792
	des_perf_setup_WNS:		0.051
	fsp_fi_ea_c_avg:		34.8699
	fsp_fi_ea_c_max:		76.8675
	des_perf_setup_TNS:		0.000
	fsp_fi_ea_n_avg:		56.2788
	ti_sts_max:		133
	des_area:		4821.8352
	ti_fts_avg:		215.00
	fsp_fi_ea_n_total:		409.827
	fsp_fi_ea_n_max:		94.3224
	ti_sts_avg:		133.00
	ti_sts_total:		133
	ti_fts_max:		215

Base scores (non-weighted):
	des_issues:		0
	ti_fts_total:		.14889
	des_perf_setup_FEP:		0
	fsp_fi_ea_c_total:		.64966
	des_p_total:		.78638
	des_perf_setup_WNS:		0
	fsp_fi_ea_c_avg:		.64966
	fsp_fi_ea_c_max:		1.01692
	des_perf_setup_TNS:		0
	fsp_fi_ea_n_avg:		.78488
	ti_sts_max:		4.58620
	des_area:		.88593
	ti_fts_avg:		1.48891
	fsp_fi_ea_n_total:		2.26443
	fsp_fi_ea_n_max:		.94322
	ti_sts_avg:		5.32000
	ti_sts_total:		.53200
	ti_fts_max:		1.08585

Scores (weighted):
	des_issues:		0.00000
	OVERALL:		0.59736
	des_perf:		0.00001
	ti_fts:		0.68453
	fsp_fi:		1.17474
	des_p_total:		0.78638
	des:		0.41808
	des_area:		0.88593
	fsp_fi_ea_n:		1.57742
	ti_sts:		2.68134
	fsp_fi_ea_c:		0.77207
	ti:		1.68294

Constraints checks:
Check for score component "des_issues" passed.
Check for score component "des_perf" passed.
Check for score component "des_p_total" passed.
Check for score component "des_area" passed.

