Weights:
	des_issues:		0.25
	des_perf:		0.25
	ti_fts_total:		0.5
	des_perf_setup_FEP:		(1/6)
	fsp_fi_ea_c_total:		0.5
	ti_fts:		0.5
	des_p_total:		0.25
	des_perf_setup_WNS:		(1/3)
	fsp_fi_ea_c_avg:		(1/6)
	fsp_fi_ea_c_max:		(1/3)
	des_perf_setup_TNS:		0.5
	fsp_fi_ea_n_avg:		(1/6)
	ti_sts_max:		(1/3)
	des_area:		0.25
	ti_fts_avg:		(1/6)
	fsp_fi_ea_n:		0.5
	fsp_fi_ea_n_total:		0.5
	ti_sts:		0.5
	fsp_fi_ea_n_max:		(1/3)
	fsp_fi_ea_c:		0.5
	ti_sts_avg:		(1/6)
	ti_sts_total:		0.5
	ti_fts_max:		(1/3)

Constraints:
	des_issues:		2
	des_perf:		20
	des_p_total:		10
	des_area:		3

Baseline metrics:
	des_issues:		169
	ti_fts_total:		1444
	des_perf_setup_FEP:		0
	fsp_fi_ea_c_total:		407.757
	des_p_total:		1.48222147
	des_perf_setup_WNS:		0.110
	fsp_fi_ea_c_avg:		53.6737
	fsp_fi_ea_c_max:		75.5882
	des_perf_setup_TNS:		0.000
	fsp_fi_ea_n_avg:		71.7035
	ti_sts_max:		29
	des_area:		5442.626
	ti_fts_avg:		144.40
	fsp_fi_ea_n_total:		180.984
	fsp_fi_ea_n_max:		100
	ti_sts_avg:		25.00
	ti_sts_total:		250
	ti_fts_max:		198

Submission metrics:
	des_issues:		0
	ti_fts_total:		495
	des_perf_setup_FEP:		0
	fsp_fi_ea_c_total:		239.447
	des_p_total:		1.17305458
	des_perf_setup_WNS:		0.016
	fsp_fi_ea_c_avg:		31.5188
	fsp_fi_ea_c_max:		66.6663
	des_perf_setup_TNS:		0.000
	fsp_fi_ea_n_avg:		60.5392
	ti_sts_max:		55
	des_area:		4821.8352
	ti_fts_avg:		123.75
	fsp_fi_ea_n_total:		543.762
	fsp_fi_ea_n_max:		95.5144
	ti_sts_avg:		35.00
	ti_sts_total:		140
	ti_fts_max:		183

Base scores (non-weighted):
	des_issues:		0
	ti_fts_total:		.34279
	des_perf_setup_FEP:		0
	fsp_fi_ea_c_total:		.58722
	des_p_total:		.79141
	des_perf_setup_WNS:		0
	fsp_fi_ea_c_avg:		.58722
	fsp_fi_ea_c_max:		.88196
	des_perf_setup_TNS:		0
	fsp_fi_ea_n_avg:		.84429
	ti_sts_max:		1.89655
	des_area:		.88593
	ti_fts_avg:		.85699
	fsp_fi_ea_n_total:		3.00447
	fsp_fi_ea_n_max:		.95514
	ti_sts_avg:		1.40000
	ti_sts_total:		.56000
	ti_fts_max:		.92424

Scores (weighted):
	des_issues:		0.00000
	OVERALL:		0.46280
	des_perf:		0.00001
	ti_fts:		0.62228
	fsp_fi:		1.32338
	des_p_total:		0.79141
	des:		0.41934
	des_area:		0.88593
	fsp_fi_ea_n:		1.96131
	ti_sts:		1.14549
	fsp_fi_ea_c:		0.68546
	ti:		0.88389

Constraints checks:
Check for score component "des_issues" passed.
Check for score component "des_perf" passed.
Check for score component "des_p_total" passed.
Check for score component "des_area" passed.

