###############################################################
#  Generated by:      Cadence Innovus 21.16-s078_1
#  OS:                Linux x86_64(Host ID ece004.ece.local.cmu.edu)
#  Generated on:      Thu Aug  1 00:52:24 2024
#  Design:            top
#  Command:           check_connectivity
###############################################################
Verify Connectivity Report is created on Thu Aug  1 00:52:24 2024




Multi-CPU acceleration using 8 CPU


Use pthread

Net VDD: has special routes with opens at (1.600, 1.600) (126.890, 126.590)
Net VDD: has special routes with opens at (2.495, 2.410) (125.995, 2.990)
Net VDD: has special routes with opens at (2.495, 32.800) (125.995, 33.790)
Net VDD: has special routes with opens at (2.495, 77.595) (125.995, 78.595)
Net VDD: has special routes with opens at (2.495, 108.460) (125.995, 109.390)
Net VDD: has special routes with opens at (2.495, 125.200) (125.995, 125.780)
Net VDD: dangling Wire at (2.495, 2.495) (2.495, 2.495) on layer: metal1
Net VDD: dangling Wire at (125.995, 2.495) (125.995, 2.495) on layer: metal1
Net VDD: dangling Wire at (2.495, 125.695) (2.495, 125.695) on layer: metal1
Net VDD: dangling Wire at (125.995, 125.695) (125.995, 125.695) on layer: metal1
Net VSS: has special routes with opens at (0.000, 0.000) (128.490, 128.190)
Net VSS: has special routes with opens at (2.495, 48.235) (125.995, 49.155)
Net VSS: has special routes with opens at (2.495, 51.035) (125.995, 51.955)
Net VSS: has special routes with opens at (2.495, 53.835) (125.995, 54.755)
Net VSS: has special routes with opens at (2.495, 56.635) (125.995, 57.555)
Net VSS: has special routes with opens at (2.495, 59.435) (125.995, 60.355)
Net VSS: has special routes with opens at (2.495, 62.235) (125.995, 63.155)
Net VSS: has special routes with opens at (2.495, 65.035) (125.995, 65.955)
Net VSS: has special routes with opens at (2.495, 67.835) (125.995, 68.755)
Net VSS: has special routes with opens at (2.495, 70.635) (125.995, 71.555)
Net VSS: has special routes with opens at (2.495, 73.435) (125.995, 74.355)
Net VSS: has special routes with opens at (2.495, 76.235) (125.995, 77.155)
Net VSS: has special routes with opens at (2.495, 79.035) (125.995, 79.955)
Net VSS: has special routes with opens at (2.495, 81.835) (125.995, 82.755)
Net VSS: dangling Wire at (2.495, 3.895) (2.495, 3.895) on layer: metal1
Net VSS: dangling Wire at (2.495, 45.895) (2.495, 45.895) on layer: metal1
Net VSS: dangling Wire at (2.495, 51.495) (2.495, 51.495) on layer: metal1
Net VSS: dangling Wire at (2.495, 65.495) (2.495, 65.495) on layer: metal1
Net VSS: dangling Wire at (125.995, 68.295) (125.995, 68.295) on layer: metal1
Net VSS: dangling Wire at (2.495, 73.895) (2.495, 73.895) on layer: metal1
Net VSS: dangling Wire at (125.995, 76.695) (125.995, 76.695) on layer: metal1

Begin Summary
    20 Problem(s) (IMPVFC-200): Special Wires: Pieces of the net are not connected together.
    11 Problem(s) (IMPVFC-94): The net has dangling wire(s).
    31 total info(s) created.
End Summary
