Weights:
	des_issues:		0.25
	des_perf:		0.25
	ti_fts_total:		0.5
	des_perf_setup_FEP:		(1/6)
	fsp_fi_ea_c_total:		0.5
	ti_fts:		0.5
	des_p_total:		0.25
	des_perf_setup_WNS:		(1/3)
	fsp_fi_ea_c_avg:		(1/6)
	fsp_fi_ea_c_max:		(1/3)
	des_perf_setup_TNS:		0.5
	fsp_fi_ea_n_avg:		(1/6)
	ti_sts_max:		(1/3)
	des_area:		0.25
	ti_fts_avg:		(1/6)
	fsp_fi_ea_n:		0.5
	fsp_fi_ea_n_total:		0.5
	ti_sts:		0.5
	fsp_fi_ea_n_max:		(1/3)
	fsp_fi_ea_c:		0.5
	ti_sts_avg:		(1/6)
	ti_sts_total:		0.5
	ti_fts_max:		(1/3)

Constraints:
	des_issues:		2
	des_perf:		20
	des_p_total:		10
	des_area:		3

Baseline metrics:
	des_issues:		138
	ti_fts_total:		17168
	des_perf_setup_FEP:		0
	fsp_fi_ea_c_total:		469.822
	des_p_total:		0.37701740
	des_perf_setup_WNS:		6.813
	fsp_fi_ea_c_avg:		58.6375
	fsp_fi_ea_c_max:		82.4023
	des_perf_setup_TNS:		0.000
	fsp_fi_ea_n_avg:		72.1485
	ti_sts_max:		374
	des_area:		4300.5284
	ti_fts_avg:		235.17
	fsp_fi_ea_n_total:		110.907
	fsp_fi_ea_n_max:		99.5131
	ti_sts_avg:		83.79
	ti_sts_total:		6117
	ti_fts_max:		523

Submission metrics:
	des_issues:		0
	ti_fts_total:		487
	des_perf_setup_FEP:		0
	fsp_fi_ea_c_total:		299.923
	des_p_total:		0.22296216
	des_perf_setup_WNS:		6.715
	fsp_fi_ea_c_avg:		37.2059
	fsp_fi_ea_c_max:		81.9088
	des_perf_setup_TNS:		0.000
	fsp_fi_ea_n_avg:		59.8252
	ti_sts_max:		102
	des_area:		2561.6332
	ti_fts_avg:		243.50
	fsp_fi_ea_n_total:		200.385
	fsp_fi_ea_n_max:		95.6691
	ti_sts_avg:		74.00
	ti_sts_total:		148
	ti_fts_max:		288

Base scores (non-weighted):
	des_issues:		0
	ti_fts_total:		.02836
	des_perf_setup_FEP:		0
	fsp_fi_ea_c_total:		.63837
	des_p_total:		.59138
	des_perf_setup_WNS:		0
	fsp_fi_ea_c_avg:		.63450
	fsp_fi_ea_c_max:		.99401
	des_perf_setup_TNS:		0
	fsp_fi_ea_n_avg:		.82919
	ti_sts_max:		.27272
	des_area:		.59565
	ti_fts_avg:		1.03542
	fsp_fi_ea_n_total:		1.80678
	fsp_fi_ea_n_max:		.96137
	ti_sts_avg:		.88316
	ti_sts_total:		.02419
	ti_fts_max:		.55066

Scores (weighted):
	des_issues:		0.00000
	OVERALL:		0.20319
	des_perf:		0.00001
	ti_fts:		0.37029
	fsp_fi:		1.05915
	des_p_total:		0.59138
	des:		0.29676
	des_area:		0.59565
	fsp_fi_ea_n:		1.36204
	ti_sts:		0.25017
	fsp_fi_ea_c:		0.75626
	ti:		0.31024

Constraints checks:
Check for score component "des_issues" passed.
Check for score component "des_perf" passed.
Check for score component "des_p_total" passed.
Check for score component "des_area" passed.

