

// Path 1
Endpoint:      core_keymem_key_mem_reg[1][65]/RN
Beginpoint:    reset_n
Analysis View: generic_view
Hold Slack:    -1093.5ps

Node: core_keymem_key_mem_reg[1][65]/RN
Net:  FE_OFN8_reset_n
  Setup Slack:   2055.6ps
  Analysis View: generic_view
  Failed Reason:
Node: FE_OFC8_reset_n/Z
Net:  FE_OFN8_reset_n
  Setup Slack:   1827.8ps
  Analysis View: generic_view
  Failed Reason:
Node: FE_OFC8_reset_n/A
Net:  reset_n
  Setup Slack:   1827.8ps
  Analysis View: generic_view
  Failed Reason:
Node: reset_n
Net:  reset_n
  Setup Slack:   699.7ps
  Analysis View: generic_view
  Failed Reason:


// Path 2
Endpoint:      core_keymem_key_mem_reg[7][1]/RN
Beginpoint:    reset_n
Analysis View: generic_view
Hold Slack:    -1093.5ps

Node: core_keymem_key_mem_reg[7][1]/RN
Net:  FE_OFN8_reset_n
  Setup Slack:   2055.7ps
  Analysis View: generic_view
  Failed Reason:
Node: FE_OFC8_reset_n/Z
Net:  FE_OFN8_reset_n
  Setup Slack:   1827.8ps
  Analysis View: generic_view
  Failed Reason:
Node: FE_OFC8_reset_n/A
Net:  reset_n
  Setup Slack:   1827.8ps
  Analysis View: generic_view
  Failed Reason:
Node: reset_n
Net:  reset_n
  Setup Slack:   699.7ps
  Analysis View: generic_view
  Failed Reason:


// Path 3
Endpoint:      core_keymem_key_mem_reg[1][33]/RN
Beginpoint:    reset_n
Analysis View: generic_view
Hold Slack:    -1092.9ps

Node: core_keymem_key_mem_reg[1][33]/RN
Net:  FE_OFN8_reset_n
  Setup Slack:   2055.1ps
  Analysis View: generic_view
  Failed Reason:
Node: FE_OFC8_reset_n/Z
Net:  FE_OFN8_reset_n
  Setup Slack:   1827.8ps
  Analysis View: generic_view
  Failed Reason:
Node: FE_OFC8_reset_n/A
Net:  reset_n
  Setup Slack:   1827.8ps
  Analysis View: generic_view
  Failed Reason:
Node: reset_n
Net:  reset_n
  Setup Slack:   699.7ps
  Analysis View: generic_view
  Failed Reason:


// Path 4
Endpoint:      core_keymem_key_mem_reg[2][2]/RN
Beginpoint:    reset_n
Analysis View: generic_view
Hold Slack:    -1092.3ps

Node: core_keymem_key_mem_reg[2][2]/RN
Net:  FE_OFN10_reset_n
  Setup Slack:   2059.1ps
  Analysis View: generic_view
  Failed Reason:
Node: FE_OFC10_reset_n/Z
Net:  FE_OFN10_reset_n
  Setup Slack:   1830.7ps
  Analysis View: generic_view
  Failed Reason:
Node: FE_OFC10_reset_n/A
Net:  reset_n
  Setup Slack:   1830.7ps
  Analysis View: generic_view
  Failed Reason:
Node: reset_n
Net:  reset_n
  Setup Slack:   699.7ps
  Analysis View: generic_view
  Failed Reason:


// Path 5
Endpoint:      core_keymem_key_mem_reg[3][2]/RN
Beginpoint:    reset_n
Analysis View: generic_view
Hold Slack:    -1090.8ps

Node: core_keymem_key_mem_reg[3][2]/RN
Net:  FE_OFN10_reset_n
  Setup Slack:   2057.1ps
  Analysis View: generic_view
  Failed Reason:
Node: FE_OFC10_reset_n/Z
Net:  FE_OFN10_reset_n
  Setup Slack:   1830.7ps
  Analysis View: generic_view
  Failed Reason:
Node: FE_OFC10_reset_n/A
Net:  reset_n
  Setup Slack:   1830.7ps
  Analysis View: generic_view
  Failed Reason:
Node: reset_n
Net:  reset_n
  Setup Slack:   699.7ps
  Analysis View: generic_view
  Failed Reason:


// Path 6
Endpoint:      core_keymem_key_mem_reg[8][2]/RN
Beginpoint:    reset_n
Analysis View: generic_view
Hold Slack:    -1090.8ps

Node: core_keymem_key_mem_reg[8][2]/RN
Net:  FE_OFN10_reset_n
  Setup Slack:   2057.1ps
  Analysis View: generic_view
  Failed Reason:
Node: FE_OFC10_reset_n/Z
Net:  FE_OFN10_reset_n
  Setup Slack:   1830.7ps
  Analysis View: generic_view
  Failed Reason:
Node: FE_OFC10_reset_n/A
Net:  reset_n
  Setup Slack:   1830.7ps
  Analysis View: generic_view
  Failed Reason:
Node: reset_n
Net:  reset_n
  Setup Slack:   699.7ps
  Analysis View: generic_view
  Failed Reason:


// Path 7
Endpoint:      core_keymem_key_mem_reg[5][2]/RN
Beginpoint:    reset_n
Analysis View: generic_view
Hold Slack:    -1090.7ps

Node: core_keymem_key_mem_reg[5][2]/RN
Net:  FE_OFN10_reset_n
  Setup Slack:   2057.0ps
  Analysis View: generic_view
  Failed Reason:
Node: FE_OFC10_reset_n/Z
Net:  FE_OFN10_reset_n
  Setup Slack:   1830.7ps
  Analysis View: generic_view
  Failed Reason:
Node: FE_OFC10_reset_n/A
Net:  reset_n
  Setup Slack:   1830.7ps
  Analysis View: generic_view
  Failed Reason:
Node: reset_n
Net:  reset_n
  Setup Slack:   699.7ps
  Analysis View: generic_view
  Failed Reason:


// Path 8
Endpoint:      core_keymem_key_mem_reg[14][2]/RN
Beginpoint:    reset_n
Analysis View: generic_view
Hold Slack:    -1090.6ps

Node: core_keymem_key_mem_reg[14][2]/RN
Net:  FE_OFN10_reset_n
  Setup Slack:   2056.9ps
  Analysis View: generic_view
  Failed Reason:
Node: FE_OFC10_reset_n/Z
Net:  FE_OFN10_reset_n
  Setup Slack:   1830.7ps
  Analysis View: generic_view
  Failed Reason:
Node: FE_OFC10_reset_n/A
Net:  reset_n
  Setup Slack:   1830.7ps
  Analysis View: generic_view
  Failed Reason:
Node: reset_n
Net:  reset_n
  Setup Slack:   699.7ps
  Analysis View: generic_view
  Failed Reason:


// Path 9
Endpoint:      core_keymem_key_mem_reg[8][12]/RN
Beginpoint:    reset_n
Analysis View: generic_view
Hold Slack:    -1087.6ps

Node: core_keymem_key_mem_reg[8][12]/RN
Net:  FE_OFN9_reset_n
  Setup Slack:   2074.9ps
  Analysis View: generic_view
  Failed Reason:
Node: FE_OFC9_reset_n/Z
Net:  FE_OFN9_reset_n
  Setup Slack:   2055.7ps
  Analysis View: generic_view
  Failed Reason:
Node: FE_OFC9_reset_n/A
Net:  reset_n
  Setup Slack:   2055.7ps
  Analysis View: generic_view
  Failed Reason:
Node: reset_n
Net:  reset_n
  Setup Slack:   699.7ps
  Analysis View: generic_view
  Failed Reason:


// Path 10
Endpoint:      core_keymem_key_mem_reg[13][10]/RN
Beginpoint:    reset_n
Analysis View: generic_view
Hold Slack:    -1086.8ps

Node: core_keymem_key_mem_reg[13][10]/RN
Net:  FE_OFN9_reset_n
  Setup Slack:   2073.7ps
  Analysis View: generic_view
  Failed Reason:
Node: FE_OFC9_reset_n/Z
Net:  FE_OFN9_reset_n
  Setup Slack:   2055.7ps
  Analysis View: generic_view
  Failed Reason:
Node: FE_OFC9_reset_n/A
Net:  reset_n
  Setup Slack:   2055.7ps
  Analysis View: generic_view
  Failed Reason:
Node: reset_n
Net:  reset_n
  Setup Slack:   699.7ps
  Analysis View: generic_view
  Failed Reason:


// Path 11
Endpoint:      core_keymem_key_mem_reg[7][10]/RN
Beginpoint:    reset_n
Analysis View: generic_view
Hold Slack:    -1086.6ps

Node: core_keymem_key_mem_reg[7][10]/RN
Net:  FE_OFN9_reset_n
  Setup Slack:   2073.5ps
  Analysis View: generic_view
  Failed Reason:
Node: FE_OFC9_reset_n/Z
Net:  FE_OFN9_reset_n
  Setup Slack:   2055.7ps
  Analysis View: generic_view
  Failed Reason:
Node: FE_OFC9_reset_n/A
Net:  reset_n
  Setup Slack:   2055.7ps
  Analysis View: generic_view
  Failed Reason:
Node: reset_n
Net:  reset_n
  Setup Slack:   699.7ps
  Analysis View: generic_view
  Failed Reason:


// Path 12
Endpoint:      core_keymem_key_mem_reg[5][10]/RN
Beginpoint:    reset_n
Analysis View: generic_view
Hold Slack:    -1086.5ps

Node: core_keymem_key_mem_reg[5][10]/RN
Net:  FE_OFN9_reset_n
  Setup Slack:   2073.4ps
  Analysis View: generic_view
  Failed Reason:
Node: FE_OFC9_reset_n/Z
Net:  FE_OFN9_reset_n
  Setup Slack:   2055.7ps
  Analysis View: generic_view
  Failed Reason:
Node: FE_OFC9_reset_n/A
Net:  reset_n
  Setup Slack:   2055.7ps
  Analysis View: generic_view
  Failed Reason:
Node: reset_n
Net:  reset_n
  Setup Slack:   699.7ps
  Analysis View: generic_view
  Failed Reason:


// Path 13
Endpoint:      core_keymem_key_mem_reg[7][2]/RN
Beginpoint:    reset_n
Analysis View: generic_view
Hold Slack:    -1086.5ps

Node: core_keymem_key_mem_reg[7][2]/RN
Net:  FE_OFN9_reset_n
  Setup Slack:   2073.4ps
  Analysis View: generic_view
  Failed Reason:
Node: FE_OFC9_reset_n/Z
Net:  FE_OFN9_reset_n
  Setup Slack:   2055.7ps
  Analysis View: generic_view
  Failed Reason:
Node: FE_OFC9_reset_n/A
Net:  reset_n
  Setup Slack:   2055.7ps
  Analysis View: generic_view
  Failed Reason:
Node: reset_n
Net:  reset_n
  Setup Slack:   699.7ps
  Analysis View: generic_view
  Failed Reason:


// Path 14
Endpoint:      core_keymem_key_mem_reg[4][2]/RN
Beginpoint:    reset_n
Analysis View: generic_view
Hold Slack:    -1086.4ps

Node: core_keymem_key_mem_reg[4][2]/RN
Net:  FE_OFN9_reset_n
  Setup Slack:   2073.3ps
  Analysis View: generic_view
  Failed Reason:
Node: FE_OFC9_reset_n/Z
Net:  FE_OFN9_reset_n
  Setup Slack:   2055.7ps
  Analysis View: generic_view
  Failed Reason:
Node: FE_OFC9_reset_n/A
Net:  reset_n
  Setup Slack:   2055.7ps
  Analysis View: generic_view
  Failed Reason:
Node: reset_n
Net:  reset_n
  Setup Slack:   699.7ps
  Analysis View: generic_view
  Failed Reason:


// Path 15
Endpoint:      core_keymem_key_mem_reg[4][10]/RN
Beginpoint:    reset_n
Analysis View: generic_view
Hold Slack:    -1085.1ps

Node: core_keymem_key_mem_reg[4][10]/RN
Net:  FE_OFN9_reset_n
  Setup Slack:   2072.0ps
  Analysis View: generic_view
  Failed Reason:
Node: FE_OFC9_reset_n/Z
Net:  FE_OFN9_reset_n
  Setup Slack:   2055.7ps
  Analysis View: generic_view
  Failed Reason:
Node: FE_OFC9_reset_n/A
Net:  reset_n
  Setup Slack:   2055.7ps
  Analysis View: generic_view
  Failed Reason:
Node: reset_n
Net:  reset_n
  Setup Slack:   699.7ps
  Analysis View: generic_view
  Failed Reason:


// Path 16
Endpoint:      core_keymem_key_mem_reg[14][10]/RN
Beginpoint:    reset_n
Analysis View: generic_view
Hold Slack:    -1085.1ps

Node: core_keymem_key_mem_reg[14][10]/RN
Net:  FE_OFN9_reset_n
  Setup Slack:   2072.0ps
  Analysis View: generic_view
  Failed Reason:
Node: FE_OFC9_reset_n/Z
Net:  FE_OFN9_reset_n
  Setup Slack:   2055.7ps
  Analysis View: generic_view
  Failed Reason:
Node: FE_OFC9_reset_n/A
Net:  reset_n
  Setup Slack:   2055.7ps
  Analysis View: generic_view
  Failed Reason:
Node: reset_n
Net:  reset_n
  Setup Slack:   699.7ps
  Analysis View: generic_view
  Failed Reason:


// Path 17
Endpoint:      core_keymem_key_mem_reg[6][10]/RN
Beginpoint:    reset_n
Analysis View: generic_view
Hold Slack:    -1084.9ps

Node: core_keymem_key_mem_reg[6][10]/RN
Net:  FE_OFN9_reset_n
  Setup Slack:   2071.8ps
  Analysis View: generic_view
  Failed Reason:
Node: FE_OFC9_reset_n/Z
Net:  FE_OFN9_reset_n
  Setup Slack:   2055.7ps
  Analysis View: generic_view
  Failed Reason:
Node: FE_OFC9_reset_n/A
Net:  reset_n
  Setup Slack:   2055.7ps
  Analysis View: generic_view
  Failed Reason:
Node: reset_n
Net:  reset_n
  Setup Slack:   699.7ps
  Analysis View: generic_view
  Failed Reason:


// Path 18
Endpoint:      core_keymem_key_mem_reg[6][2]/RN
Beginpoint:    reset_n
Analysis View: generic_view
Hold Slack:    -1084.8ps

Node: core_keymem_key_mem_reg[6][2]/RN
Net:  FE_OFN9_reset_n
  Setup Slack:   2071.8ps
  Analysis View: generic_view
  Failed Reason:
Node: FE_OFC9_reset_n/Z
Net:  FE_OFN9_reset_n
  Setup Slack:   2055.7ps
  Analysis View: generic_view
  Failed Reason:
Node: FE_OFC9_reset_n/A
Net:  reset_n
  Setup Slack:   2055.7ps
  Analysis View: generic_view
  Failed Reason:
Node: reset_n
Net:  reset_n
  Setup Slack:   699.7ps
  Analysis View: generic_view
  Failed Reason:


// Path 19
Endpoint:      core_keymem_key_mem_reg[12][10]/RN
Beginpoint:    reset_n
Analysis View: generic_view
Hold Slack:    -1084.7ps

Node: core_keymem_key_mem_reg[12][10]/RN
Net:  FE_OFN9_reset_n
  Setup Slack:   2071.6ps
  Analysis View: generic_view
  Failed Reason:
Node: FE_OFC9_reset_n/Z
Net:  FE_OFN9_reset_n
  Setup Slack:   2055.7ps
  Analysis View: generic_view
  Failed Reason:
Node: FE_OFC9_reset_n/A
Net:  reset_n
  Setup Slack:   2055.7ps
  Analysis View: generic_view
  Failed Reason:
Node: reset_n
Net:  reset_n
  Setup Slack:   699.7ps
  Analysis View: generic_view
  Failed Reason:


// Path 20
Endpoint:      core_keymem_key_mem_reg[3][10]/RN
Beginpoint:    reset_n
Analysis View: generic_view
Hold Slack:    -1084.6ps

Node: core_keymem_key_mem_reg[3][10]/RN
Net:  FE_OFN9_reset_n
  Setup Slack:   2071.5ps
  Analysis View: generic_view
  Failed Reason:
Node: FE_OFC9_reset_n/Z
Net:  FE_OFN9_reset_n
  Setup Slack:   2055.7ps
  Analysis View: generic_view
  Failed Reason:
Node: FE_OFC9_reset_n/A
Net:  reset_n
  Setup Slack:   2055.7ps
  Analysis View: generic_view
  Failed Reason:
Node: reset_n
Net:  reset_n
  Setup Slack:   699.7ps
  Analysis View: generic_view
  Failed Reason:


// Path 21
Endpoint:      core_keymem_key_mem_reg[9][2]/RN
Beginpoint:    reset_n
Analysis View: generic_view
Hold Slack:    -1084.6ps

Node: core_keymem_key_mem_reg[9][2]/RN
Net:  FE_OFN9_reset_n
  Setup Slack:   2071.5ps
  Analysis View: generic_view
  Failed Reason:
Node: FE_OFC9_reset_n/Z
Net:  FE_OFN9_reset_n
  Setup Slack:   2055.7ps
  Analysis View: generic_view
  Failed Reason:
Node: FE_OFC9_reset_n/A
Net:  reset_n
  Setup Slack:   2055.7ps
  Analysis View: generic_view
  Failed Reason:
Node: reset_n
Net:  reset_n
  Setup Slack:   699.7ps
  Analysis View: generic_view
  Failed Reason:


// Path 22
Endpoint:      core_keymem_key_mem_reg[10][10]/RN
Beginpoint:    reset_n
Analysis View: generic_view
Hold Slack:    -1084.6ps

Node: core_keymem_key_mem_reg[10][10]/RN
Net:  FE_OFN9_reset_n
  Setup Slack:   2071.5ps
  Analysis View: generic_view
  Failed Reason:
Node: FE_OFC9_reset_n/Z
Net:  FE_OFN9_reset_n
  Setup Slack:   2055.7ps
  Analysis View: generic_view
  Failed Reason:
Node: FE_OFC9_reset_n/A
Net:  reset_n
  Setup Slack:   2055.7ps
  Analysis View: generic_view
  Failed Reason:
Node: reset_n
Net:  reset_n
  Setup Slack:   699.7ps
  Analysis View: generic_view
  Failed Reason:


// Path 23
Endpoint:      core_keymem_key_mem_reg[12][2]/RN
Beginpoint:    reset_n
Analysis View: generic_view
Hold Slack:    -1084.6ps

Node: core_keymem_key_mem_reg[12][2]/RN
Net:  FE_OFN9_reset_n
  Setup Slack:   2071.6ps
  Analysis View: generic_view
  Failed Reason:
Node: FE_OFC9_reset_n/Z
Net:  FE_OFN9_reset_n
  Setup Slack:   2055.7ps
  Analysis View: generic_view
  Failed Reason:
Node: FE_OFC9_reset_n/A
Net:  reset_n
  Setup Slack:   2055.7ps
  Analysis View: generic_view
  Failed Reason:
Node: reset_n
Net:  reset_n
  Setup Slack:   699.7ps
  Analysis View: generic_view
  Failed Reason:


// Path 24
Endpoint:      core_keymem_key_mem_reg[13][2]/RN
Beginpoint:    reset_n
Analysis View: generic_view
Hold Slack:    -1084.6ps

Node: core_keymem_key_mem_reg[13][2]/RN
Net:  FE_OFN9_reset_n
  Setup Slack:   2071.6ps
  Analysis View: generic_view
  Failed Reason:
Node: FE_OFC9_reset_n/Z
Net:  FE_OFN9_reset_n
  Setup Slack:   2055.7ps
  Analysis View: generic_view
  Failed Reason:
Node: FE_OFC9_reset_n/A
Net:  reset_n
  Setup Slack:   2055.7ps
  Analysis View: generic_view
  Failed Reason:
Node: reset_n
Net:  reset_n
  Setup Slack:   699.7ps
  Analysis View: generic_view
  Failed Reason:


// Path 25
Endpoint:      core_keymem_key_mem_reg[9][10]/RN
Beginpoint:    reset_n
Analysis View: generic_view
Hold Slack:    -1084.4ps

Node: core_keymem_key_mem_reg[9][10]/RN
Net:  FE_OFN9_reset_n
  Setup Slack:   2071.3ps
  Analysis View: generic_view
  Failed Reason:
Node: FE_OFC9_reset_n/Z
Net:  FE_OFN9_reset_n
  Setup Slack:   2055.7ps
  Analysis View: generic_view
  Failed Reason:
Node: FE_OFC9_reset_n/A
Net:  reset_n
  Setup Slack:   2055.7ps
  Analysis View: generic_view
  Failed Reason:
Node: reset_n
Net:  reset_n
  Setup Slack:   699.7ps
  Analysis View: generic_view
  Failed Reason:


// Path 26
Endpoint:      core_keymem_key_mem_reg[10][2]/RN
Beginpoint:    reset_n
Analysis View: generic_view
Hold Slack:    -1084.4ps

Node: core_keymem_key_mem_reg[10][2]/RN
Net:  FE_OFN9_reset_n
  Setup Slack:   2071.3ps
  Analysis View: generic_view
  Failed Reason:
Node: FE_OFC9_reset_n/Z
Net:  FE_OFN9_reset_n
  Setup Slack:   2055.7ps
  Analysis View: generic_view
  Failed Reason:
Node: FE_OFC9_reset_n/A
Net:  reset_n
  Setup Slack:   2055.7ps
  Analysis View: generic_view
  Failed Reason:
Node: reset_n
Net:  reset_n
  Setup Slack:   699.7ps
  Analysis View: generic_view
  Failed Reason:


// Path 27
Endpoint:      core_keymem_key_mem_reg[11][2]/RN
Beginpoint:    reset_n
Analysis View: generic_view
Hold Slack:    -1084.3ps

Node: core_keymem_key_mem_reg[11][2]/RN
Net:  FE_OFN9_reset_n
  Setup Slack:   2071.2ps
  Analysis View: generic_view
  Failed Reason:
Node: FE_OFC9_reset_n/Z
Net:  FE_OFN9_reset_n
  Setup Slack:   2055.7ps
  Analysis View: generic_view
  Failed Reason:
Node: FE_OFC9_reset_n/A
Net:  reset_n
  Setup Slack:   2055.7ps
  Analysis View: generic_view
  Failed Reason:
Node: reset_n
Net:  reset_n
  Setup Slack:   699.7ps
  Analysis View: generic_view
  Failed Reason:


// Path 28
Endpoint:      core_keymem_key_mem_reg[3][13]/RN
Beginpoint:    reset_n
Analysis View: generic_view
Hold Slack:    -1063.7ps

Node: core_keymem_key_mem_reg[3][13]/RN
Net:  FE_OFN27_reset_n
  Setup Slack:   2069.3ps
  Analysis View: generic_view
  Failed Reason:
Node: FE_OFC27_reset_n/ZN
Net:  FE_OFN27_reset_n
  Setup Slack:   1835.6ps
  Analysis View: generic_view
  Failed Reason:
Node: FE_OFC27_reset_n/A
Net:  FE_OFN4_reset_n
  Setup Slack:   1835.6ps
  Analysis View: generic_view
  Failed Reason:
Node: FE_OFC4_reset_n/ZN
Net:  FE_OFN4_reset_n
  Setup Slack:   1797.1ps
  Analysis View: generic_view
  Failed Reason:
Node: FE_OFC4_reset_n/A
Net:  reset_n
  Setup Slack:   1797.1ps
  Analysis View: generic_view
  Failed Reason:
Node: reset_n
Net:  reset_n
  Setup Slack:   699.7ps
  Analysis View: generic_view
  Failed Reason:


// Path 29
Endpoint:      core_keymem_key_mem_reg[9][13]/RN
Beginpoint:    reset_n
Analysis View: generic_view
Hold Slack:    -1063.7ps

Node: core_keymem_key_mem_reg[9][13]/RN
Net:  FE_OFN27_reset_n
  Setup Slack:   2069.3ps
  Analysis View: generic_view
  Failed Reason:
Node: FE_OFC27_reset_n/ZN
Net:  FE_OFN27_reset_n
  Setup Slack:   1835.6ps
  Analysis View: generic_view
  Failed Reason:
Node: FE_OFC27_reset_n/A
Net:  FE_OFN4_reset_n
  Setup Slack:   1835.6ps
  Analysis View: generic_view
  Failed Reason:
Node: FE_OFC4_reset_n/ZN
Net:  FE_OFN4_reset_n
  Setup Slack:   1797.1ps
  Analysis View: generic_view
  Failed Reason:
Node: FE_OFC4_reset_n/A
Net:  reset_n
  Setup Slack:   1797.1ps
  Analysis View: generic_view
  Failed Reason:
Node: reset_n
Net:  reset_n
  Setup Slack:   699.7ps
  Analysis View: generic_view
  Failed Reason:


// Path 30
Endpoint:      core_keymem_prev_key0_reg_reg[1]/RN
Beginpoint:    reset_n
Analysis View: generic_view
Hold Slack:    -1063.7ps

Node: core_keymem_prev_key0_reg_reg[1]/RN
Net:  FE_OFN27_reset_n
  Setup Slack:   2069.3ps
  Analysis View: generic_view
  Failed Reason:
Node: FE_OFC27_reset_n/ZN
Net:  FE_OFN27_reset_n
  Setup Slack:   1835.6ps
  Analysis View: generic_view
  Failed Reason:
Node: FE_OFC27_reset_n/A
Net:  FE_OFN4_reset_n
  Setup Slack:   1835.6ps
  Analysis View: generic_view
  Failed Reason:
Node: FE_OFC4_reset_n/ZN
Net:  FE_OFN4_reset_n
  Setup Slack:   1797.1ps
  Analysis View: generic_view
  Failed Reason:
Node: FE_OFC4_reset_n/A
Net:  reset_n
  Setup Slack:   1797.1ps
  Analysis View: generic_view
  Failed Reason:
Node: reset_n
Net:  reset_n
  Setup Slack:   699.7ps
  Analysis View: generic_view
  Failed Reason:


// Path 31
Endpoint:      core_keymem_key_mem_reg[3][12]/RN
Beginpoint:    reset_n
Analysis View: generic_view
Hold Slack:    -1062.6ps

Node: core_keymem_key_mem_reg[3][12]/RN
Net:  FE_OFN34_reset_n
  Setup Slack:   2018.8ps
  Analysis View: generic_view
  Failed Reason:
Node: FE_OFC34_reset_n/ZN
Net:  FE_OFN34_reset_n
  Setup Slack:   1949.8ps
  Analysis View: generic_view
  Failed Reason:
Node: FE_OFC34_reset_n/A
Net:  FE_OFN5_reset_n
  Setup Slack:   1949.8ps
  Analysis View: generic_view
  Failed Reason:
Node: FE_OFC5_reset_n/ZN
Net:  FE_OFN5_reset_n
  Setup Slack:   1792.9ps
  Analysis View: generic_view
  Failed Reason:
Node: FE_OFC5_reset_n/A
Net:  reset_n
  Setup Slack:   1792.9ps
  Analysis View: generic_view
  Failed Reason:
Node: reset_n
Net:  reset_n
  Setup Slack:   699.7ps
  Analysis View: generic_view
  Failed Reason:


// Path 32
Endpoint:      core_keymem_key_mem_reg[6][12]/RN
Beginpoint:    reset_n
Analysis View: generic_view
Hold Slack:    -1062.5ps

Node: core_keymem_key_mem_reg[6][12]/RN
Net:  FE_OFN34_reset_n
  Setup Slack:   2018.7ps
  Analysis View: generic_view
  Failed Reason:
Node: FE_OFC34_reset_n/ZN
Net:  FE_OFN34_reset_n
  Setup Slack:   1949.8ps
  Analysis View: generic_view
  Failed Reason:
Node: FE_OFC34_reset_n/A
Net:  FE_OFN5_reset_n
  Setup Slack:   1949.8ps
  Analysis View: generic_view
  Failed Reason:
Node: FE_OFC5_reset_n/ZN
Net:  FE_OFN5_reset_n
  Setup Slack:   1792.9ps
  Analysis View: generic_view
  Failed Reason:
Node: FE_OFC5_reset_n/A
Net:  reset_n
  Setup Slack:   1792.9ps
  Analysis View: generic_view
  Failed Reason:
Node: reset_n
Net:  reset_n
  Setup Slack:   699.7ps
  Analysis View: generic_view
  Failed Reason:


// Path 33
Endpoint:      core_keymem_key_mem_reg[12][7]/RN
Beginpoint:    reset_n
Analysis View: generic_view
Hold Slack:    -1062.4ps

Node: core_keymem_key_mem_reg[12][7]/RN
Net:  FE_OFN34_reset_n
  Setup Slack:   2018.5ps
  Analysis View: generic_view
  Failed Reason:
Node: FE_OFC34_reset_n/ZN
Net:  FE_OFN34_reset_n
  Setup Slack:   1949.8ps
  Analysis View: generic_view
  Failed Reason:
Node: FE_OFC34_reset_n/A
Net:  FE_OFN5_reset_n
  Setup Slack:   1949.8ps
  Analysis View: generic_view
  Failed Reason:
Node: FE_OFC5_reset_n/ZN
Net:  FE_OFN5_reset_n
  Setup Slack:   1792.9ps
  Analysis View: generic_view
  Failed Reason:
Node: FE_OFC5_reset_n/A
Net:  reset_n
  Setup Slack:   1792.9ps
  Analysis View: generic_view
  Failed Reason:
Node: reset_n
Net:  reset_n
  Setup Slack:   699.7ps
  Analysis View: generic_view
  Failed Reason:


// Path 34
Endpoint:      core_keymem_key_mem_reg[9][20]/RN
Beginpoint:    reset_n
Analysis View: generic_view
Hold Slack:    -1060.0ps

Node: core_keymem_key_mem_reg[9][20]/RN
Net:  FE_OFN34_reset_n
  Setup Slack:   2016.0ps
  Analysis View: generic_view
  Failed Reason:
Node: FE_OFC34_reset_n/ZN
Net:  FE_OFN34_reset_n
  Setup Slack:   1949.8ps
  Analysis View: generic_view
  Failed Reason:
Node: FE_OFC34_reset_n/A
Net:  FE_OFN5_reset_n
  Setup Slack:   1949.8ps
  Analysis View: generic_view
  Failed Reason:
Node: FE_OFC5_reset_n/ZN
Net:  FE_OFN5_reset_n
  Setup Slack:   1792.9ps
  Analysis View: generic_view
  Failed Reason:
Node: FE_OFC5_reset_n/A
Net:  reset_n
  Setup Slack:   1792.9ps
  Analysis View: generic_view
  Failed Reason:
Node: reset_n
Net:  reset_n
  Setup Slack:   699.7ps
  Analysis View: generic_view
  Failed Reason:


// Path 35
Endpoint:      core_keymem_prev_key1_reg_reg[2]/RN
Beginpoint:    reset_n
Analysis View: generic_view
Hold Slack:    -1059.6ps

Node: core_keymem_prev_key1_reg_reg[2]/RN
Net:  FE_OFN51_reset_n
  Setup Slack:   2039.1ps
  Analysis View: generic_view
  Failed Reason:
Node: FE_OFC51_reset_n/ZN
Net:  FE_OFN51_reset_n
  Setup Slack:   1797.5ps
  Analysis View: generic_view
  Failed Reason:
Node: FE_OFC51_reset_n/A
Net:  FE_OFN7_reset_n
  Setup Slack:   1797.5ps
  Analysis View: generic_view
  Failed Reason:
Node: FE_OFC7_reset_n/ZN
Net:  FE_OFN7_reset_n
  Setup Slack:   699.7ps
  Analysis View: generic_view
  Failed Reason:
Node: FE_OFC7_reset_n/A
Net:  reset_n
  Setup Slack:   699.7ps
  Analysis View: generic_view
  Failed Reason:
Node: reset_n
Net:  reset_n
  Setup Slack:   699.7ps
  Analysis View: generic_view
  Failed Reason:


// Path 36
Endpoint:      core_keymem_prev_key1_reg_reg[66]/RN
Beginpoint:    reset_n
Analysis View: generic_view
Hold Slack:    -1056.6ps

Node: core_keymem_prev_key1_reg_reg[66]/RN
Net:  FE_OFN51_reset_n
  Setup Slack:   2036.2ps
  Analysis View: generic_view
  Failed Reason:
Node: FE_OFC51_reset_n/ZN
Net:  FE_OFN51_reset_n
  Setup Slack:   1797.5ps
  Analysis View: generic_view
  Failed Reason:
Node: FE_OFC51_reset_n/A
Net:  FE_OFN7_reset_n
  Setup Slack:   1797.5ps
  Analysis View: generic_view
  Failed Reason:
Node: FE_OFC7_reset_n/ZN
Net:  FE_OFN7_reset_n
  Setup Slack:   699.7ps
  Analysis View: generic_view
  Failed Reason:
Node: FE_OFC7_reset_n/A
Net:  reset_n
  Setup Slack:   699.7ps
  Analysis View: generic_view
  Failed Reason:
Node: reset_n
Net:  reset_n
  Setup Slack:   699.7ps
  Analysis View: generic_view
  Failed Reason:


// Path 37
Endpoint:      core_keymem_prev_key0_reg_reg[34]/RN
Beginpoint:    reset_n
Analysis View: generic_view
Hold Slack:    -1056.5ps

Node: core_keymem_prev_key0_reg_reg[34]/RN
Net:  FE_OFN51_reset_n
  Setup Slack:   2036.1ps
  Analysis View: generic_view
  Failed Reason:
Node: FE_OFC51_reset_n/ZN
Net:  FE_OFN51_reset_n
  Setup Slack:   1797.5ps
  Analysis View: generic_view
  Failed Reason:
Node: FE_OFC51_reset_n/A
Net:  FE_OFN7_reset_n
  Setup Slack:   1797.5ps
  Analysis View: generic_view
  Failed Reason:
Node: FE_OFC7_reset_n/ZN
Net:  FE_OFN7_reset_n
  Setup Slack:   699.7ps
  Analysis View: generic_view
  Failed Reason:
Node: FE_OFC7_reset_n/A
Net:  reset_n
  Setup Slack:   699.7ps
  Analysis View: generic_view
  Failed Reason:
Node: reset_n
Net:  reset_n
  Setup Slack:   699.7ps
  Analysis View: generic_view
  Failed Reason:


// Path 38
Endpoint:      core_keymem_prev_key0_reg_reg[66]/RN
Beginpoint:    reset_n
Analysis View: generic_view
Hold Slack:    -1056.5ps

Node: core_keymem_prev_key0_reg_reg[66]/RN
Net:  FE_OFN51_reset_n
  Setup Slack:   2036.1ps
  Analysis View: generic_view
  Failed Reason:
Node: FE_OFC51_reset_n/ZN
Net:  FE_OFN51_reset_n
  Setup Slack:   1797.5ps
  Analysis View: generic_view
  Failed Reason:
Node: FE_OFC51_reset_n/A
Net:  FE_OFN7_reset_n
  Setup Slack:   1797.5ps
  Analysis View: generic_view
  Failed Reason:
Node: FE_OFC7_reset_n/ZN
Net:  FE_OFN7_reset_n
  Setup Slack:   699.7ps
  Analysis View: generic_view
  Failed Reason:
Node: FE_OFC7_reset_n/A
Net:  reset_n
  Setup Slack:   699.7ps
  Analysis View: generic_view
  Failed Reason:
Node: reset_n
Net:  reset_n
  Setup Slack:   699.7ps
  Analysis View: generic_view
  Failed Reason:


// Path 39
Endpoint:      core_keymem_prev_key0_reg_reg[18]/RN
Beginpoint:    reset_n
Analysis View: generic_view
Hold Slack:    -1054.9ps

Node: core_keymem_prev_key0_reg_reg[18]/RN
Net:  FE_OFN51_reset_n
  Setup Slack:   2034.5ps
  Analysis View: generic_view
  Failed Reason:
Node: FE_OFC51_reset_n/ZN
Net:  FE_OFN51_reset_n
  Setup Slack:   1797.5ps
  Analysis View: generic_view
  Failed Reason:
Node: FE_OFC51_reset_n/A
Net:  FE_OFN7_reset_n
  Setup Slack:   1797.5ps
  Analysis View: generic_view
  Failed Reason:
Node: FE_OFC7_reset_n/ZN
Net:  FE_OFN7_reset_n
  Setup Slack:   699.7ps
  Analysis View: generic_view
  Failed Reason:
Node: FE_OFC7_reset_n/A
Net:  reset_n
  Setup Slack:   699.7ps
  Analysis View: generic_view
  Failed Reason:
Node: reset_n
Net:  reset_n
  Setup Slack:   699.7ps
  Analysis View: generic_view
  Failed Reason:


// Path 40
Endpoint:      core_keymem_key_mem_reg[1][2]/RN
Beginpoint:    reset_n
Analysis View: generic_view
Hold Slack:    -1054.2ps

Node: core_keymem_key_mem_reg[1][2]/RN
Net:  FE_OFN52_reset_n
  Setup Slack:   2061.4ps
  Analysis View: generic_view
  Failed Reason:
Node: FE_OFC52_reset_n/ZN
Net:  FE_OFN52_reset_n
  Setup Slack:   1978.3ps
  Analysis View: generic_view
  Failed Reason:
Node: FE_OFC52_reset_n/A
Net:  FE_OFN7_reset_n
  Setup Slack:   1978.3ps
  Analysis View: generic_view
  Failed Reason:
Node: FE_OFC7_reset_n/ZN
Net:  FE_OFN7_reset_n
  Setup Slack:   699.7ps
  Analysis View: generic_view
  Failed Reason:
Node: FE_OFC7_reset_n/A
Net:  reset_n
  Setup Slack:   699.7ps
  Analysis View: generic_view
  Failed Reason:
Node: reset_n
Net:  reset_n
  Setup Slack:   699.7ps
  Analysis View: generic_view
  Failed Reason:


// Path 41
Endpoint:      core_keymem_prev_key1_reg_reg[18]/RN
Beginpoint:    reset_n
Analysis View: generic_view
Hold Slack:    -1054.2ps

Node: core_keymem_prev_key1_reg_reg[18]/RN
Net:  FE_OFN51_reset_n
  Setup Slack:   2033.7ps
  Analysis View: generic_view
  Failed Reason:
Node: FE_OFC51_reset_n/ZN
Net:  FE_OFN51_reset_n
  Setup Slack:   1797.5ps
  Analysis View: generic_view
  Failed Reason:
Node: FE_OFC51_reset_n/A
Net:  FE_OFN7_reset_n
  Setup Slack:   1797.5ps
  Analysis View: generic_view
  Failed Reason:
Node: FE_OFC7_reset_n/ZN
Net:  FE_OFN7_reset_n
  Setup Slack:   699.7ps
  Analysis View: generic_view
  Failed Reason:
Node: FE_OFC7_reset_n/A
Net:  reset_n
  Setup Slack:   699.7ps
  Analysis View: generic_view
  Failed Reason:
Node: reset_n
Net:  reset_n
  Setup Slack:   699.7ps
  Analysis View: generic_view
  Failed Reason:


// Path 42
Endpoint:      core_keymem_prev_key1_reg_reg[10]/RN
Beginpoint:    reset_n
Analysis View: generic_view
Hold Slack:    -1052.3ps

Node: core_keymem_prev_key1_reg_reg[10]/RN
Net:  FE_OFN52_reset_n
  Setup Slack:   2059.5ps
  Analysis View: generic_view
  Failed Reason:
Node: FE_OFC52_reset_n/ZN
Net:  FE_OFN52_reset_n
  Setup Slack:   1978.3ps
  Analysis View: generic_view
  Failed Reason:
Node: FE_OFC52_reset_n/A
Net:  FE_OFN7_reset_n
  Setup Slack:   1978.3ps
  Analysis View: generic_view
  Failed Reason:
Node: FE_OFC7_reset_n/ZN
Net:  FE_OFN7_reset_n
  Setup Slack:   699.7ps
  Analysis View: generic_view
  Failed Reason:
Node: FE_OFC7_reset_n/A
Net:  reset_n
  Setup Slack:   699.7ps
  Analysis View: generic_view
  Failed Reason:
Node: reset_n
Net:  reset_n
  Setup Slack:   699.7ps
  Analysis View: generic_view
  Failed Reason:


// Path 43
Endpoint:      core_keymem_key_mem_reg[8][9]/RN
Beginpoint:    reset_n
Analysis View: generic_view
Hold Slack:    -1050.9ps

Node: core_keymem_key_mem_reg[8][9]/RN
Net:  FE_OFN52_reset_n
  Setup Slack:   2057.8ps
  Analysis View: generic_view
  Failed Reason:
Node: FE_OFC52_reset_n/ZN
Net:  FE_OFN52_reset_n
  Setup Slack:   1978.3ps
  Analysis View: generic_view
  Failed Reason:
Node: FE_OFC52_reset_n/A
Net:  FE_OFN7_reset_n
  Setup Slack:   1978.3ps
  Analysis View: generic_view
  Failed Reason:
Node: FE_OFC7_reset_n/ZN
Net:  FE_OFN7_reset_n
  Setup Slack:   699.7ps
  Analysis View: generic_view
  Failed Reason:
Node: FE_OFC7_reset_n/A
Net:  reset_n
  Setup Slack:   699.7ps
  Analysis View: generic_view
  Failed Reason:
Node: reset_n
Net:  reset_n
  Setup Slack:   699.7ps
  Analysis View: generic_view
  Failed Reason:


// Path 44
Endpoint:      core_keymem_key_mem_reg[1][10]/RN
Beginpoint:    reset_n
Analysis View: generic_view
Hold Slack:    -1050.2ps

Node: core_keymem_key_mem_reg[1][10]/RN
Net:  FE_OFN52_reset_n
  Setup Slack:   2057.3ps
  Analysis View: generic_view
  Failed Reason:
Node: FE_OFC52_reset_n/ZN
Net:  FE_OFN52_reset_n
  Setup Slack:   1978.3ps
  Analysis View: generic_view
  Failed Reason:
Node: FE_OFC52_reset_n/A
Net:  FE_OFN7_reset_n
  Setup Slack:   1978.3ps
  Analysis View: generic_view
  Failed Reason:
Node: FE_OFC7_reset_n/ZN
Net:  FE_OFN7_reset_n
  Setup Slack:   699.7ps
  Analysis View: generic_view
  Failed Reason:
Node: FE_OFC7_reset_n/A
Net:  reset_n
  Setup Slack:   699.7ps
  Analysis View: generic_view
  Failed Reason:
Node: reset_n
Net:  reset_n
  Setup Slack:   699.7ps
  Analysis View: generic_view
  Failed Reason:


// Path 45
Endpoint:      core_keymem_key_mem_reg[1][119]/RN
Beginpoint:    reset_n
Analysis View: generic_view
Hold Slack:    -1049.1ps

Node: core_keymem_key_mem_reg[1][119]/RN
Net:  FE_OFN26_reset_n
  Setup Slack:   2036.3ps
  Analysis View: generic_view
  Failed Reason:
Node: FE_OFC26_reset_n/ZN
Net:  FE_OFN26_reset_n
  Setup Slack:   1809.6ps
  Analysis View: generic_view
  Failed Reason:
Node: FE_OFC26_reset_n/A
Net:  FE_OFN3_reset_n
  Setup Slack:   1809.6ps
  Analysis View: generic_view
  Failed Reason:
Node: FE_OFC3_reset_n/ZN
Net:  FE_OFN3_reset_n
  Setup Slack:   724.2ps
  Analysis View: generic_view
  Failed Reason:
Node: FE_OFC3_reset_n/A
Net:  reset_n
  Setup Slack:   724.2ps
  Analysis View: generic_view
  Failed Reason:
Node: reset_n
Net:  reset_n
  Setup Slack:   699.7ps
  Analysis View: generic_view
  Failed Reason:


// Path 46
Endpoint:      core_keymem_key_mem_reg[3][9]/RN
Beginpoint:    reset_n
Analysis View: generic_view
Hold Slack:    -1048.5ps

Node: core_keymem_key_mem_reg[3][9]/RN
Net:  FE_OFN52_reset_n
  Setup Slack:   2055.5ps
  Analysis View: generic_view
  Failed Reason:
Node: FE_OFC52_reset_n/ZN
Net:  FE_OFN52_reset_n
  Setup Slack:   1978.3ps
  Analysis View: generic_view
  Failed Reason:
Node: FE_OFC52_reset_n/A
Net:  FE_OFN7_reset_n
  Setup Slack:   1978.3ps
  Analysis View: generic_view
  Failed Reason:
Node: FE_OFC7_reset_n/ZN
Net:  FE_OFN7_reset_n
  Setup Slack:   699.7ps
  Analysis View: generic_view
  Failed Reason:
Node: FE_OFC7_reset_n/A
Net:  reset_n
  Setup Slack:   699.7ps
  Analysis View: generic_view
  Failed Reason:
Node: reset_n
Net:  reset_n
  Setup Slack:   699.7ps
  Analysis View: generic_view
  Failed Reason:


// Path 47
Endpoint:      core_keymem_key_mem_reg[1][18]/RN
Beginpoint:    reset_n
Analysis View: generic_view
Hold Slack:    -1048.5ps

Node: core_keymem_key_mem_reg[1][18]/RN
Net:  FE_OFN51_reset_n
  Setup Slack:   2027.8ps
  Analysis View: generic_view
  Failed Reason:
Node: FE_OFC51_reset_n/ZN
Net:  FE_OFN51_reset_n
  Setup Slack:   1797.5ps
  Analysis View: generic_view
  Failed Reason:
Node: FE_OFC51_reset_n/A
Net:  FE_OFN7_reset_n
  Setup Slack:   1797.5ps
  Analysis View: generic_view
  Failed Reason:
Node: FE_OFC7_reset_n/ZN
Net:  FE_OFN7_reset_n
  Setup Slack:   699.7ps
  Analysis View: generic_view
  Failed Reason:
Node: FE_OFC7_reset_n/A
Net:  reset_n
  Setup Slack:   699.7ps
  Analysis View: generic_view
  Failed Reason:
Node: reset_n
Net:  reset_n
  Setup Slack:   699.7ps
  Analysis View: generic_view
  Failed Reason:


// Path 48
Endpoint:      core_keymem_prev_key1_reg_reg[119]/RN
Beginpoint:    reset_n
Analysis View: generic_view
Hold Slack:    -1048.4ps

Node: core_keymem_prev_key1_reg_reg[119]/RN
Net:  FE_OFN26_reset_n
  Setup Slack:   2035.6ps
  Analysis View: generic_view
  Failed Reason:
Node: FE_OFC26_reset_n/ZN
Net:  FE_OFN26_reset_n
  Setup Slack:   1809.6ps
  Analysis View: generic_view
  Failed Reason:
Node: FE_OFC26_reset_n/A
Net:  FE_OFN3_reset_n
  Setup Slack:   1809.6ps
  Analysis View: generic_view
  Failed Reason:
Node: FE_OFC3_reset_n/ZN
Net:  FE_OFN3_reset_n
  Setup Slack:   724.2ps
  Analysis View: generic_view
  Failed Reason:
Node: FE_OFC3_reset_n/A
Net:  reset_n
  Setup Slack:   724.2ps
  Analysis View: generic_view
  Failed Reason:
Node: reset_n
Net:  reset_n
  Setup Slack:   699.7ps
  Analysis View: generic_view
  Failed Reason:


// Path 49
Endpoint:      core_keymem_key_mem_reg[8][18]/RN
Beginpoint:    reset_n
Analysis View: generic_view
Hold Slack:    -1048.2ps

Node: core_keymem_key_mem_reg[8][18]/RN
Net:  FE_OFN51_reset_n
  Setup Slack:   2027.5ps
  Analysis View: generic_view
  Failed Reason:
Node: FE_OFC51_reset_n/ZN
Net:  FE_OFN51_reset_n
  Setup Slack:   1797.5ps
  Analysis View: generic_view
  Failed Reason:
Node: FE_OFC51_reset_n/A
Net:  FE_OFN7_reset_n
  Setup Slack:   1797.5ps
  Analysis View: generic_view
  Failed Reason:
Node: FE_OFC7_reset_n/ZN
Net:  FE_OFN7_reset_n
  Setup Slack:   699.7ps
  Analysis View: generic_view
  Failed Reason:
Node: FE_OFC7_reset_n/A
Net:  reset_n
  Setup Slack:   699.7ps
  Analysis View: generic_view
  Failed Reason:
Node: reset_n
Net:  reset_n
  Setup Slack:   699.7ps
  Analysis View: generic_view
  Failed Reason:


// Path 50
Endpoint:      core_keymem_prev_key0_reg_reg[82]/RN
Beginpoint:    reset_n
Analysis View: generic_view
Hold Slack:    -1048.2ps

Node: core_keymem_prev_key0_reg_reg[82]/RN
Net:  FE_OFN51_reset_n
  Setup Slack:   2027.5ps
  Analysis View: generic_view
  Failed Reason:
Node: FE_OFC51_reset_n/ZN
Net:  FE_OFN51_reset_n
  Setup Slack:   1797.5ps
  Analysis View: generic_view
  Failed Reason:
Node: FE_OFC51_reset_n/A
Net:  FE_OFN7_reset_n
  Setup Slack:   1797.5ps
  Analysis View: generic_view
  Failed Reason:
Node: FE_OFC7_reset_n/ZN
Net:  FE_OFN7_reset_n
  Setup Slack:   699.7ps
  Analysis View: generic_view
  Failed Reason:
Node: FE_OFC7_reset_n/A
Net:  reset_n
  Setup Slack:   699.7ps
  Analysis View: generic_view
  Failed Reason:
Node: reset_n
Net:  reset_n
  Setup Slack:   699.7ps
  Analysis View: generic_view
  Failed Reason:
