###############################################################
#  Generated by:      Cadence Innovus 21.16-s078_1
#  OS:                Linux x86_64(Host ID ece008.ece.local.cmu.edu)
#  Generated on:      Mon Jul 15 21:53:53 2024
#  Design:            aes
#  Command:           check_pin_assignment
###############################################################

Start Checking pins of top cell: [aes] 
Summary report for top level: [aes] 
	Total Pins                         : 76
	Legally Assigned Pins              : 76
End of Summary report
End Checking pins of top cell: [aes] 


===========================================================================================================================
                                                checkPinAssignment Summary
===========================================================================================================================
Partition   | pads  | pins   | legal  | illegal | internal | internal illegal | FT     | FT illegal | constant | unplaced |
===========================================================================================================================
aes         |     0 |     76 |     76 |       0 |        0 |                0 |      0 |          0 |        0 |        0 |
===========================================================================================================================
TOTAL       |     0 |     76 |     76 |       0 |        0 |                0 |      0 |          0 |        0 |        0 |
===========================================================================================================================
