###############################################################
#  Generated by:      Cadence Innovus 21.16-s078_1
#  OS:                Linux x86_64(Host ID ece007.ece.local.cmu.edu)
#  Generated on:      Tue Jul  9 11:43:27 2024
#  Design:            aes
#  Command:           check_connectivity
###############################################################
Verify Connectivity Report is created on Tue Jul  9 11:43:27 2024




Multi-CPU acceleration using 8 CPU


Use pthread

Net VSS: has special routes with opens at (1.710, 1.680) (189.620, 193.565)
Net VSS: has special routes with opens at (1.710, 13.820) (189.620, 14.740)
Net VSS: has special routes with opens at (1.710, 16.620) (189.620, 17.540)
Net VSS: has special routes with opens at (1.710, 19.420) (189.620, 20.340)
Net VSS: has special routes with opens at (1.710, 30.620) (189.620, 31.540)
Net VSS: has special routes with opens at (1.710, 41.820) (189.620, 42.740)
Net VSS: has special routes with opens at (1.710, 47.420) (189.620, 48.340)
Net VSS: has special routes with opens at (1.710, 58.620) (189.620, 59.540)
Net VSS: has special routes with opens at (1.710, 64.220) (189.620, 65.140)
Net VSS: has special routes with opens at (1.710, 109.020) (189.620, 109.940)
Net VSS: dangling Wire at (1.710, 3.080) (1.710, 3.080) on layer: metal1
Net VSS: dangling Wire at (189.620, 3.080) (189.620, 3.080) on layer: metal1
Net VSS: dangling Wire at (1.710, 5.880) (1.710, 5.880) on layer: metal1
Net VSS: dangling Wire at (189.620, 5.880) (189.620, 5.880) on layer: metal1
Net VSS: dangling Wire at (1.710, 8.680) (1.710, 8.680) on layer: metal1
Net VSS: dangling Wire at (189.620, 8.680) (189.620, 8.680) on layer: metal1
Net VSS: dangling Wire at (1.710, 11.480) (1.710, 11.480) on layer: metal1
Net VSS: dangling Wire at (189.620, 11.480) (189.620, 11.480) on layer: metal1
Net VSS: dangling Wire at (1.710, 14.280) (1.710, 14.280) on layer: metal1
Net VSS: dangling Wire at (189.620, 14.280) (189.620, 14.280) on layer: metal1
Net VSS: dangling Wire at (189.620, 17.080) (189.620, 17.080) on layer: metal1
Net VSS: dangling Wire at (1.710, 19.880) (1.710, 19.880) on layer: metal1
Net VSS: dangling Wire at (189.620, 19.880) (189.620, 19.880) on layer: metal1
Net VSS: dangling Wire at (189.620, 22.680) (189.620, 22.680) on layer: metal1
Net VSS: dangling Wire at (1.710, 25.480) (1.710, 25.480) on layer: metal1
Net VSS: dangling Wire at (189.620, 25.480) (189.620, 25.480) on layer: metal1
Net VSS: dangling Wire at (1.710, 28.280) (1.710, 28.280) on layer: metal1
Net VSS: dangling Wire at (1.710, 31.080) (1.710, 31.080) on layer: metal1
Net VSS: dangling Wire at (1.710, 36.680) (1.710, 36.680) on layer: metal1
Net VSS: dangling Wire at (189.620, 36.680) (189.620, 36.680) on layer: metal1
Net VSS: dangling Wire at (1.710, 39.480) (1.710, 39.480) on layer: metal1
Net VSS: dangling Wire at (1.710, 47.880) (1.710, 47.880) on layer: metal1
Net VSS: dangling Wire at (189.620, 47.880) (189.620, 47.880) on layer: metal1
Net VSS: dangling Wire at (189.620, 53.480) (189.620, 53.480) on layer: metal1
Net VSS: dangling Wire at (189.620, 56.280) (189.620, 56.280) on layer: metal1
Net VSS: dangling Wire at (1.710, 59.080) (1.710, 59.080) on layer: metal1
Net VSS: dangling Wire at (189.620, 67.480) (189.620, 67.480) on layer: metal1
Net VSS: dangling Wire at (189.620, 70.280) (189.620, 70.280) on layer: metal1
Net VSS: dangling Wire at (1.710, 73.080) (1.710, 73.080) on layer: metal1
Net VSS: dangling Wire at (189.620, 78.680) (189.620, 78.680) on layer: metal1
Net VSS: dangling Wire at (189.620, 89.880) (189.620, 89.880) on layer: metal1
Net VSS: dangling Wire at (189.620, 92.680) (189.620, 92.680) on layer: metal1
Net VSS: dangling Wire at (189.620, 95.480) (189.620, 95.480) on layer: metal1
Net VSS: dangling Wire at (189.620, 101.080) (189.620, 101.080) on layer: metal1
Net VSS: dangling Wire at (189.620, 103.880) (189.620, 103.880) on layer: metal1
Net VSS: dangling Wire at (189.620, 106.680) (189.620, 106.680) on layer: metal1
Net VSS: dangling Wire at (189.620, 143.080) (189.620, 143.080) on layer: metal1
Net VSS: dangling Wire at (189.620, 148.680) (189.620, 148.680) on layer: metal1
Net VSS: dangling Wire at (1.710, 151.480) (1.710, 151.480) on layer: metal1
Net VSS: dangling Wire at (189.620, 154.280) (189.620, 154.280) on layer: metal1
Net VSS: dangling Wire at (189.620, 159.880) (189.620, 159.880) on layer: metal1
Net VSS: dangling Wire at (189.620, 165.480) (189.620, 165.480) on layer: metal1
Net VSS: dangling Wire at (189.620, 171.080) (189.620, 171.080) on layer: metal1
Net VSS: dangling Wire at (1.710, 173.880) (1.710, 173.880) on layer: metal1
Net VSS: dangling Wire at (1.710, 176.680) (1.710, 176.680) on layer: metal1
Net VSS: dangling Wire at (189.620, 176.680) (189.620, 176.680) on layer: metal1
Net VSS: dangling Wire at (1.710, 179.480) (1.710, 179.480) on layer: metal1
Net VSS: dangling Wire at (189.620, 179.480) (189.620, 179.480) on layer: metal1
Net VSS: dangling Wire at (1.710, 182.280) (1.710, 182.280) on layer: metal1
Net VSS: dangling Wire at (189.620, 182.280) (189.620, 182.280) on layer: metal1
Net VSS: dangling Wire at (1.710, 185.080) (1.710, 185.080) on layer: metal1
Net VSS: dangling Wire at (189.620, 185.080) (189.620, 185.080) on layer: metal1
Net VSS: dangling Wire at (1.710, 187.880) (1.710, 187.880) on layer: metal1
Net VSS: dangling Wire at (189.620, 187.880) (189.620, 187.880) on layer: metal1
Net VSS: dangling Wire at (1.710, 190.680) (1.710, 190.680) on layer: metal1
Net VSS: dangling Wire at (189.620, 190.680) (189.620, 190.680) on layer: metal1
Net VSS: dangling Wire at (1.710, 193.480) (1.710, 193.480) on layer: metal1
Net VSS: dangling Wire at (189.620, 193.480) (189.620, 193.480) on layer: metal1
Net VSS: dangling Wire at (187.800, 1.680) (187.800, 1.680) on layer: metal6
Net VSS: dangling Wire at (182.800, 1.680) (182.800, 1.680) on layer: metal6
Net VSS: dangling Wire at (182.800, 193.480) (182.800, 193.480) on layer: metal6
Net VSS: dangling Wire at (177.800, 1.680) (177.800, 1.680) on layer: metal6
Net VSS: dangling Wire at (172.800, 1.680) (172.800, 1.680) on layer: metal6
Net VSS: dangling Wire at (172.800, 193.480) (172.800, 193.480) on layer: metal6
Net VSS: dangling Wire at (167.800, 1.680) (167.800, 1.680) on layer: metal6
Net VSS: dangling Wire at (167.800, 193.480) (167.800, 193.480) on layer: metal6
Net VSS: dangling Wire at (162.800, 1.680) (162.800, 1.680) on layer: metal6
Net VSS: dangling Wire at (162.800, 193.480) (162.800, 193.480) on layer: metal6
Net VSS: dangling Wire at (157.800, 1.680) (157.800, 1.680) on layer: metal6
Net VSS: dangling Wire at (152.800, 1.680) (152.800, 1.680) on layer: metal6
Net VSS: dangling Wire at (152.800, 193.480) (152.800, 193.480) on layer: metal6
Net VSS: dangling Wire at (147.800, 1.680) (147.800, 1.680) on layer: metal6
Net VSS: dangling Wire at (147.800, 193.480) (147.800, 193.480) on layer: metal6
Net VSS: dangling Wire at (142.800, 1.680) (142.800, 1.680) on layer: metal6
Net VSS: dangling Wire at (137.800, 1.680) (137.800, 1.680) on layer: metal6
Net VSS: dangling Wire at (132.800, 1.680) (132.800, 1.680) on layer: metal6
Net VSS: dangling Wire at (127.800, 1.680) (127.800, 1.680) on layer: metal6
Net VSS: dangling Wire at (122.800, 1.680) (122.800, 1.680) on layer: metal6
Net VSS: dangling Wire at (122.800, 193.480) (122.800, 193.480) on layer: metal6
Net VSS: dangling Wire at (117.800, 1.680) (117.800, 1.680) on layer: metal6
Net VSS: dangling Wire at (117.800, 193.480) (117.800, 193.480) on layer: metal6
Net VSS: dangling Wire at (112.800, 1.680) (112.800, 1.680) on layer: metal6
Net VSS: dangling Wire at (107.800, 1.680) (107.800, 1.680) on layer: metal6
Net VSS: dangling Wire at (107.800, 193.480) (107.800, 193.480) on layer: metal6
Net VSS: dangling Wire at (102.800, 1.680) (102.800, 1.680) on layer: metal6
Net VSS: dangling Wire at (97.800, 1.680) (97.800, 1.680) on layer: metal6
Net VSS: dangling Wire at (92.800, 1.680) (92.800, 1.680) on layer: metal6
Net VSS: dangling Wire at (92.800, 193.480) (92.800, 193.480) on layer: metal6
Net VSS: dangling Wire at (87.800, 1.680) (87.800, 1.680) on layer: metal6
Net VSS: dangling Wire at (82.800, 1.680) (82.800, 1.680) on layer: metal6
Net VSS: dangling Wire at (77.800, 1.680) (77.800, 1.680) on layer: metal6
Net VSS: dangling Wire at (77.800, 193.480) (77.800, 193.480) on layer: metal6
Net VSS: dangling Wire at (72.800, 1.680) (72.800, 1.680) on layer: metal6
Net VSS: dangling Wire at (67.800, 1.680) (67.800, 1.680) on layer: metal6
Net VSS: dangling Wire at (62.800, 1.680) (62.800, 1.680) on layer: metal6
Net VSS: dangling Wire at (57.800, 1.680) (57.800, 1.680) on layer: metal6
Net VSS: dangling Wire at (57.800, 193.480) (57.800, 193.480) on layer: metal6
Net VSS: dangling Wire at (52.800, 1.680) (52.800, 1.680) on layer: metal6
Net VSS: dangling Wire at (47.800, 1.680) (47.800, 1.680) on layer: metal6
Net VSS: dangling Wire at (47.800, 193.480) (47.800, 193.480) on layer: metal6
Net VSS: dangling Wire at (42.800, 1.680) (42.800, 1.680) on layer: metal6
Net VSS: dangling Wire at (42.800, 193.480) (42.800, 193.480) on layer: metal6
Net VSS: dangling Wire at (37.800, 1.680) (37.800, 1.680) on layer: metal6
Net VSS: dangling Wire at (32.800, 1.680) (32.800, 1.680) on layer: metal6
Net VSS: dangling Wire at (32.800, 193.480) (32.800, 193.480) on layer: metal6
Net VSS: dangling Wire at (27.800, 1.680) (27.800, 1.680) on layer: metal6
Net VSS: dangling Wire at (27.800, 193.480) (27.800, 193.480) on layer: metal6
Net VSS: dangling Wire at (22.800, 1.680) (22.800, 1.680) on layer: metal6
Net VSS: dangling Wire at (22.800, 193.480) (22.800, 193.480) on layer: metal6
Net VSS: dangling Wire at (17.800, 1.680) (17.800, 1.680) on layer: metal6
Net VSS: dangling Wire at (12.800, 1.680) (12.800, 1.680) on layer: metal6
Net VSS: dangling Wire at (7.800, 1.680) (7.800, 1.680) on layer: metal6
Net VSS: dangling Wire at (7.800, 193.480) (7.800, 193.480) on layer: metal6
Net VSS: dangling Wire at (2.800, 1.680) (2.800, 1.680) on layer: metal6
Net VSS: dangling Wire at (1.710, 192.800) (1.710, 192.800) on layer: metal7
Net VSS: dangling Wire at (189.620, 192.800) (189.620, 192.800) on layer: metal7
Net VSS: dangling Wire at (1.710, 187.800) (1.710, 187.800) on layer: metal7
Net VSS: dangling Wire at (189.620, 187.800) (189.620, 187.800) on layer: metal7
Net VSS: dangling Wire at (1.710, 182.800) (1.710, 182.800) on layer: metal7
Net VSS: dangling Wire at (189.620, 182.800) (189.620, 182.800) on layer: metal7
Net VSS: dangling Wire at (1.710, 177.800) (1.710, 177.800) on layer: metal7
Net VSS: dangling Wire at (189.620, 177.800) (189.620, 177.800) on layer: metal7
Net VSS: dangling Wire at (1.710, 172.800) (1.710, 172.800) on layer: metal7
Net VSS: dangling Wire at (189.620, 172.800) (189.620, 172.800) on layer: metal7
Net VSS: dangling Wire at (1.710, 167.800) (1.710, 167.800) on layer: metal7
Net VSS: dangling Wire at (189.620, 167.800) (189.620, 167.800) on layer: metal7
Net VSS: dangling Wire at (1.710, 162.800) (1.710, 162.800) on layer: metal7
Net VSS: dangling Wire at (189.620, 162.800) (189.620, 162.800) on layer: metal7
Net VSS: dangling Wire at (1.710, 157.800) (1.710, 157.800) on layer: metal7
Net VSS: dangling Wire at (189.620, 157.800) (189.620, 157.800) on layer: metal7
Net VSS: dangling Wire at (1.710, 152.800) (1.710, 152.800) on layer: metal7
Net VSS: dangling Wire at (189.620, 152.800) (189.620, 152.800) on layer: metal7
Net VSS: dangling Wire at (1.710, 147.800) (1.710, 147.800) on layer: metal7
Net VSS: dangling Wire at (189.620, 147.800) (189.620, 147.800) on layer: metal7
Net VSS: dangling Wire at (1.710, 142.800) (1.710, 142.800) on layer: metal7
Net VSS: dangling Wire at (189.620, 142.800) (189.620, 142.800) on layer: metal7
Net VSS: dangling Wire at (1.710, 137.800) (1.710, 137.800) on layer: metal7
Net VSS: dangling Wire at (189.620, 137.800) (189.620, 137.800) on layer: metal7
Net VSS: dangling Wire at (1.710, 132.800) (1.710, 132.800) on layer: metal7
Net VSS: dangling Wire at (189.620, 132.800) (189.620, 132.800) on layer: metal7
Net VSS: dangling Wire at (1.710, 127.800) (1.710, 127.800) on layer: metal7
Net VSS: dangling Wire at (189.620, 127.800) (189.620, 127.800) on layer: metal7
Net VSS: dangling Wire at (1.710, 122.800) (1.710, 122.800) on layer: metal7
Net VSS: dangling Wire at (189.620, 122.800) (189.620, 122.800) on layer: metal7
Net VSS: dangling Wire at (1.710, 117.800) (1.710, 117.800) on layer: metal7
Net VSS: dangling Wire at (189.620, 117.800) (189.620, 117.800) on layer: metal7
Net VSS: dangling Wire at (1.710, 112.800) (1.710, 112.800) on layer: metal7
Net VSS: dangling Wire at (189.620, 112.800) (189.620, 112.800) on layer: metal7
Net VSS: dangling Wire at (1.710, 107.800) (1.710, 107.800) on layer: metal7
Net VSS: dangling Wire at (189.620, 107.800) (189.620, 107.800) on layer: metal7
Net VSS: dangling Wire at (1.710, 102.800) (1.710, 102.800) on layer: metal7
Net VSS: dangling Wire at (189.620, 102.800) (189.620, 102.800) on layer: metal7
Net VSS: dangling Wire at (1.710, 97.800) (1.710, 97.800) on layer: metal7
Net VSS: dangling Wire at (189.620, 97.800) (189.620, 97.800) on layer: metal7
Net VSS: dangling Wire at (1.710, 92.800) (1.710, 92.800) on layer: metal7
Net VSS: dangling Wire at (189.620, 92.800) (189.620, 92.800) on layer: metal7
Net VSS: dangling Wire at (1.710, 87.800) (1.710, 87.800) on layer: metal7
Net VSS: dangling Wire at (189.620, 87.800) (189.620, 87.800) on layer: metal7
Net VSS: dangling Wire at (1.710, 82.800) (1.710, 82.800) on layer: metal7
Net VSS: dangling Wire at (189.620, 82.800) (189.620, 82.800) on layer: metal7
Net VSS: dangling Wire at (1.710, 77.800) (1.710, 77.800) on layer: metal7
Net VSS: dangling Wire at (189.620, 77.800) (189.620, 77.800) on layer: metal7
Net VSS: dangling Wire at (1.710, 72.800) (1.710, 72.800) on layer: metal7
Net VSS: dangling Wire at (189.620, 72.800) (189.620, 72.800) on layer: metal7
Net VSS: dangling Wire at (1.710, 67.800) (1.710, 67.800) on layer: metal7
Net VSS: dangling Wire at (189.620, 67.800) (189.620, 67.800) on layer: metal7
Net VSS: dangling Wire at (1.710, 62.800) (1.710, 62.800) on layer: metal7
Net VSS: dangling Wire at (189.620, 62.800) (189.620, 62.800) on layer: metal7
Net VSS: dangling Wire at (1.710, 57.800) (1.710, 57.800) on layer: metal7
Net VSS: dangling Wire at (189.620, 57.800) (189.620, 57.800) on layer: metal7
Net VSS: dangling Wire at (1.710, 52.800) (1.710, 52.800) on layer: metal7
Net VSS: dangling Wire at (189.620, 52.800) (189.620, 52.800) on layer: metal7
Net VSS: dangling Wire at (1.710, 47.800) (1.710, 47.800) on layer: metal7
Net VSS: dangling Wire at (189.620, 47.800) (189.620, 47.800) on layer: metal7
Net VSS: dangling Wire at (1.710, 42.800) (1.710, 42.800) on layer: metal7
Net VSS: dangling Wire at (189.620, 42.800) (189.620, 42.800) on layer: metal7
Net VSS: dangling Wire at (1.710, 37.800) (1.710, 37.800) on layer: metal7
Net VSS: dangling Wire at (189.620, 37.800) (189.620, 37.800) on layer: metal7
Net VSS: dangling Wire at (1.710, 32.800) (1.710, 32.800) on layer: metal7
Net VSS: dangling Wire at (189.620, 32.800) (189.620, 32.800) on layer: metal7
Net VSS: dangling Wire at (1.710, 27.800) (1.710, 27.800) on layer: metal7
Net VSS: dangling Wire at (189.620, 27.800) (189.620, 27.800) on layer: metal7
Net VSS: dangling Wire at (1.710, 22.800) (1.710, 22.800) on layer: metal7
Net VSS: dangling Wire at (189.620, 22.800) (189.620, 22.800) on layer: metal7
Net VSS: dangling Wire at (1.710, 17.800) (1.710, 17.800) on layer: metal7
Net VSS: dangling Wire at (189.620, 17.800) (189.620, 17.800) on layer: metal7
Net VSS: dangling Wire at (1.710, 12.800) (1.710, 12.800) on layer: metal7
Net VSS: dangling Wire at (189.620, 12.800) (189.620, 12.800) on layer: metal7
Net VSS: dangling Wire at (1.710, 7.800) (1.710, 7.800) on layer: metal7
Net VSS: dangling Wire at (189.620, 7.800) (189.620, 7.800) on layer: metal7
Net VSS: dangling Wire at (1.710, 2.800) (1.710, 2.800) on layer: metal7
Net VSS: dangling Wire at (189.620, 2.800) (189.620, 2.800) on layer: metal7
Net VDD: has special routes with opens at (1.700, 1.595) (189.620, 193.480)
Net VDD: has special routes with opens at (1.710, 9.585) (189.620, 10.575)
Net VDD: has special routes with opens at (1.710, 12.385) (189.620, 13.375)
Net VDD: has special routes with opens at (1.710, 15.185) (189.620, 16.175)
Net VDD: has special routes with opens at (1.710, 76.785) (189.620, 77.775)
Net VDD: has special routes with opens at (1.710, 90.785) (189.620, 91.775)
Net VDD: has special routes with opens at (1.710, 110.365) (189.620, 111.375)
Net VDD: dangling Wire at (1.710, 1.680) (1.710, 1.680) on layer: metal1
Net VDD: dangling Wire at (189.620, 1.680) (189.620, 1.680) on layer: metal1
Net VDD: dangling Wire at (1.710, 4.480) (1.710, 4.480) on layer: metal1
Net VDD: dangling Wire at (189.620, 4.480) (189.620, 4.480) on layer: metal1
Net VDD: dangling Wire at (1.710, 7.280) (1.710, 7.280) on layer: metal1
Net VDD: dangling Wire at (189.620, 7.280) (189.620, 7.280) on layer: metal1
Net VDD: dangling Wire at (1.710, 10.080) (1.710, 10.080) on layer: metal1
Net VDD: dangling Wire at (189.620, 10.080) (189.620, 10.080) on layer: metal1
Net VDD: dangling Wire at (1.710, 12.880) (1.710, 12.880) on layer: metal1
Net VDD: dangling Wire at (189.620, 12.880) (189.620, 12.880) on layer: metal1
Net VDD: dangling Wire at (1.710, 15.680) (1.710, 15.680) on layer: metal1
Net VDD: dangling Wire at (189.620, 15.680) (189.620, 15.680) on layer: metal1
Net VDD: dangling Wire at (189.620, 18.480) (189.620, 18.480) on layer: metal1
Net VDD: dangling Wire at (189.620, 21.280) (189.620, 21.280) on layer: metal1
Net VDD: dangling Wire at (1.710, 24.080) (1.710, 24.080) on layer: metal1
Net VDD: dangling Wire at (189.620, 24.080) (189.620, 24.080) on layer: metal1
Net VDD: dangling Wire at (1.710, 26.880) (1.710, 26.880) on layer: metal1
Net VDD: dangling Wire at (1.710, 29.680) (1.710, 29.680) on layer: metal1
Net VDD: dangling Wire at (1.710, 35.280) (1.710, 35.280) on layer: metal1
Net VDD: dangling Wire at (1.710, 38.080) (1.710, 38.080) on layer: metal1
Net VDD: dangling Wire at (189.620, 38.080) (189.620, 38.080) on layer: metal1
Net VDD: dangling Wire at (1.710, 40.880) (1.710, 40.880) on layer: metal1
Net VDD: dangling Wire at (189.620, 46.480) (189.620, 46.480) on layer: metal1
Net VDD: dangling Wire at (1.710, 49.280) (1.710, 49.280) on layer: metal1
Net VDD: dangling Wire at (189.620, 52.080) (189.620, 52.080) on layer: metal1
Net VDD: dangling Wire at (189.620, 54.880) (189.620, 54.880) on layer: metal1
Net VDD: dangling Wire at (1.710, 60.480) (1.710, 60.480) on layer: metal1
Net VDD: dangling Wire at (1.710, 68.880) (1.710, 68.880) on layer: metal1
Net VDD: dangling Wire at (189.620, 68.880) (189.620, 68.880) on layer: metal1
Net VDD: dangling Wire at (189.620, 71.680) (189.620, 71.680) on layer: metal1
Net VDD: dangling Wire at (1.710, 74.480) (1.710, 74.480) on layer: metal1
Net VDD: dangling Wire at (189.620, 80.080) (189.620, 80.080) on layer: metal1
Net VDD: dangling Wire at (189.620, 91.280) (189.620, 91.280) on layer: metal1
Net VDD: dangling Wire at (189.620, 94.080) (189.620, 94.080) on layer: metal1
Net VDD: dangling Wire at (189.620, 102.480) (189.620, 102.480) on layer: metal1
Net VDD: dangling Wire at (189.620, 105.280) (189.620, 105.280) on layer: metal1
Net VDD: dangling Wire at (189.620, 108.080) (189.620, 108.080) on layer: metal1
Net VDD: dangling Wire at (189.620, 122.080) (189.620, 122.080) on layer: metal1
Net VDD: dangling Wire at (189.620, 144.480) (189.620, 144.480) on layer: metal1
Net VDD: dangling Wire at (189.620, 150.080) (189.620, 150.080) on layer: metal1
Net VDD: dangling Wire at (1.710, 152.880) (1.710, 152.880) on layer: metal1
Net VDD: dangling Wire at (189.620, 155.680) (189.620, 155.680) on layer: metal1
Net VDD: dangling Wire at (189.620, 164.080) (189.620, 164.080) on layer: metal1
Net VDD: dangling Wire at (189.620, 166.880) (189.620, 166.880) on layer: metal1
Net VDD: dangling Wire at (189.620, 178.080) (189.620, 178.080) on layer: metal1
Net VDD: dangling Wire at (189.620, 180.880) (189.620, 180.880) on layer: metal1
Net VDD: dangling Wire at (189.620, 183.680) (189.620, 183.680) on layer: metal1
Net VDD: dangling Wire at (189.620, 186.480) (189.620, 186.480) on layer: metal1
Net VDD: dangling Wire at (189.620, 189.280) (189.620, 189.280) on layer: metal1
Net VDD: dangling Wire at (189.620, 192.080) (189.620, 192.080) on layer: metal1
Net VDD: dangling Wire at (131.900, 171.700) (131.900, 171.700) on layer: metal6
Net VDD: dangling Wire at (186.900, 193.480) (186.900, 193.480) on layer: metal6
Net VDD: dangling Wire at (181.900, 193.480) (181.900, 193.480) on layer: metal6
Net VDD: dangling Wire at (176.900, 193.480) (176.900, 193.480) on layer: metal6
Net VDD: dangling Wire at (171.900, 193.480) (171.900, 193.480) on layer: metal6
Net VDD: dangling Wire at (166.900, 193.480) (166.900, 193.480) on layer: metal6
Net VDD: dangling Wire at (161.900, 193.480) (161.900, 193.480) on layer: metal6
Net VDD: dangling Wire at (156.900, 193.480) (156.900, 193.480) on layer: metal6
Net VDD: dangling Wire at (151.900, 193.480) (151.900, 193.480) on layer: metal6
Net VDD: dangling Wire at (146.900, 193.480) (146.900, 193.480) on layer: metal6
Net VDD: dangling Wire at (141.900, 193.480) (141.900, 193.480) on layer: metal6
Net VDD: dangling Wire at (136.900, 193.480) (136.900, 193.480) on layer: metal6
Net VDD: dangling Wire at (131.900, 193.480) (131.900, 193.480) on layer: metal6
Net VDD: dangling Wire at (126.900, 193.480) (126.900, 193.480) on layer: metal6
Net VDD: dangling Wire at (121.900, 193.480) (121.900, 193.480) on layer: metal6
Net VDD: dangling Wire at (116.900, 193.480) (116.900, 193.480) on layer: metal6
Net VDD: dangling Wire at (111.900, 193.480) (111.900, 193.480) on layer: metal6
Net VDD: dangling Wire at (106.900, 193.480) (106.900, 193.480) on layer: metal6
Net VDD: dangling Wire at (101.900, 193.480) (101.900, 193.480) on layer: metal6
Net VDD: dangling Wire at (96.900, 193.480) (96.900, 193.480) on layer: metal6
Net VDD: dangling Wire at (91.900, 193.480) (91.900, 193.480) on layer: metal6
Net VDD: dangling Wire at (86.900, 193.480) (86.900, 193.480) on layer: metal6
Net VDD: dangling Wire at (81.900, 193.480) (81.900, 193.480) on layer: metal6
Net VDD: dangling Wire at (76.900, 193.480) (76.900, 193.480) on layer: metal6
Net VDD: dangling Wire at (71.900, 193.480) (71.900, 193.480) on layer: metal6
Net VDD: dangling Wire at (66.900, 193.480) (66.900, 193.480) on layer: metal6
Net VDD: dangling Wire at (61.900, 193.480) (61.900, 193.480) on layer: metal6
Net VDD: dangling Wire at (56.900, 193.480) (56.900, 193.480) on layer: metal6
Net VDD: dangling Wire at (51.900, 193.480) (51.900, 193.480) on layer: metal6
Net VDD: dangling Wire at (46.900, 193.480) (46.900, 193.480) on layer: metal6
Net VDD: dangling Wire at (41.900, 193.480) (41.900, 193.480) on layer: metal6
Net VDD: dangling Wire at (36.900, 193.480) (36.900, 193.480) on layer: metal6
Net VDD: dangling Wire at (31.900, 193.480) (31.900, 193.480) on layer: metal6
Net VDD: dangling Wire at (26.900, 193.480) (26.900, 193.480) on layer: metal6
Net VDD: dangling Wire at (21.900, 193.480) (21.900, 193.480) on layer: metal6
Net VDD: dangling Wire at (16.900, 193.480) (16.900, 193.480) on layer: metal6
Net VDD: dangling Wire at (11.900, 193.480) (11.900, 193.480) on layer: metal6
Net VDD: dangling Wire at (6.900, 193.480) (6.900, 193.480) on layer: metal6
Net VDD: dangling Wire at (1.900, 193.480) (1.900, 193.480) on layer: metal6
Net VDD: dangling Wire at (189.620, 191.900) (189.620, 191.900) on layer: metal7
Net VDD: dangling Wire at (189.620, 186.900) (189.620, 186.900) on layer: metal7
Net VDD: dangling Wire at (189.620, 181.900) (189.620, 181.900) on layer: metal7
Net VDD: dangling Wire at (189.620, 176.900) (189.620, 176.900) on layer: metal7
Net VDD: dangling Wire at (189.620, 171.900) (189.620, 171.900) on layer: metal7
Net VDD: dangling Wire at (189.620, 166.900) (189.620, 166.900) on layer: metal7
Net VDD: dangling Wire at (189.620, 161.900) (189.620, 161.900) on layer: metal7
Net VDD: dangling Wire at (189.620, 156.900) (189.620, 156.900) on layer: metal7
Net VDD: dangling Wire at (189.620, 151.900) (189.620, 151.900) on layer: metal7
Net VDD: dangling Wire at (189.620, 146.900) (189.620, 146.900) on layer: metal7
Net VDD: dangling Wire at (189.620, 141.900) (189.620, 141.900) on layer: metal7
Net VDD: dangling Wire at (189.620, 136.900) (189.620, 136.900) on layer: metal7
Net VDD: dangling Wire at (189.620, 131.900) (189.620, 131.900) on layer: metal7
Net VDD: dangling Wire at (189.620, 126.900) (189.620, 126.900) on layer: metal7
Net VDD: dangling Wire at (189.620, 121.900) (189.620, 121.900) on layer: metal7
Net VDD: dangling Wire at (189.620, 116.900) (189.620, 116.900) on layer: metal7
Net VDD: dangling Wire at (189.620, 111.900) (189.620, 111.900) on layer: metal7
Net VDD: dangling Wire at (189.620, 106.900) (189.620, 106.900) on layer: metal7
Net VDD: dangling Wire at (189.620, 101.900) (189.620, 101.900) on layer: metal7
Net VDD: dangling Wire at (189.620, 96.900) (189.620, 96.900) on layer: metal7
Net VDD: dangling Wire at (189.620, 91.900) (189.620, 91.900) on layer: metal7
Net VDD: dangling Wire at (189.620, 86.900) (189.620, 86.900) on layer: metal7
Net VDD: dangling Wire at (189.620, 81.900) (189.620, 81.900) on layer: metal7
Net VDD: dangling Wire at (189.620, 76.900) (189.620, 76.900) on layer: metal7
Net VDD: dangling Wire at (189.620, 71.900) (189.620, 71.900) on layer: metal7
Net VDD: dangling Wire at (189.620, 66.900) (189.620, 66.900) on layer: metal7
Net VDD: dangling Wire at (189.620, 61.900) (189.620, 61.900) on layer: metal7
Net VDD: dangling Wire at (189.620, 56.900) (189.620, 56.900) on layer: metal7
Net VDD: dangling Wire at (189.620, 51.900) (189.620, 51.900) on layer: metal7
Net VDD: dangling Wire at (189.620, 46.900) (189.620, 46.900) on layer: metal7
Net VDD: dangling Wire at (189.620, 41.900) (189.620, 41.900) on layer: metal7
Net VDD: dangling Wire at (189.620, 36.900) (189.620, 36.900) on layer: metal7
Net VDD: dangling Wire at (189.620, 31.900) (189.620, 31.900) on layer: metal7
Net VDD: dangling Wire at (189.620, 26.900) (189.620, 26.900) on layer: metal7
Net VDD: dangling Wire at (189.620, 21.900) (189.620, 21.900) on layer: metal7
Net VDD: dangling Wire at (189.620, 16.900) (189.620, 16.900) on layer: metal7
Net VDD: dangling Wire at (189.620, 11.900) (189.620, 11.900) on layer: metal7
Net VDD: dangling Wire at (189.620, 6.900) (189.620, 6.900) on layer: metal7
Net VDD: dangling Wire at (189.620, 1.900) (189.620, 1.900) on layer: metal7

Begin Summary
    17 Problem(s) (IMPVFC-200): Special Wires: Pieces of the net are not connected together.
    320 Problem(s) (IMPVFC-94): The net has dangling wire(s).
    337 total info(s) created.
End Summary
