( FE_OCPC1881_core_new_sboxw_11 94.28 36.3 95.23 37.7 )
( FE_OCPC1828_core_new_sboxw_15 68.06 82.5 69.01 83.9 )
( FE_OCPC1784_core_new_sboxw_4 137.03 74.1 137.41 75.5 )
( FE_OFC1264_core_new_sboxw_3 111.19 75.5 111.57 76.9 )
( FE_OFC968_core_round_key_53 151.85 117.5 152.23 118.9 )
( FE_OFC901_core_new_sboxw_28 132.09 74.1 132.47 75.5 )
( FE_OFC875_core_new_sboxw_19 108.15 135.7 109.1 137.1 )
( FE_OFC488_core_new_sboxw_23 128.1 135.7 129.05 137.1 )
( FE_OFC462_core_new_sboxw_27 107.96 118.9 108.91 120.3 )
( FE_OFC443_core_new_sboxw_8 84.21 58.7 84.59 60.1 )
( FE_OFC434_core_new_sboxw_2 80.6 95.1 80.98 96.5 )
( FE_OFC416_core_new_sboxw_9 78.13 75.5 78.51 76.9 )
( FE_OFC395_core_new_sboxw_30 155.27 120.3 155.65 121.7 )
( FE_OFC393_core_new_sboxw_0 88.01 50.3 88.39 51.7 )
( FE_OFC384_core_new_sboxw_14 164.39 32.1 166.1 33.5 )
( core_aes_core_ctrl_reg_reg[0] 70.72 47.5 74.52 48.9 )
( core_aes_core_ctrl_reg_reg[1] 67.87 51.7 71.67 53.1 )
( key_reg_reg[0][0] 78.32 34.9 83.07 36.3 )
( key_reg_reg[0][1] 68.44 103.5 73.19 104.9 )
( key_reg_reg[0][2] 63.12 110.5 67.87 111.9 )
( key_reg_reg[0][3] 110.43 36.3 115.18 37.7 )
( key_reg_reg[0][4] 118.98 34.9 123.73 36.3 )
( key_reg_reg[0][5] 61.22 51.7 65.97 53.1 )
( key_reg_reg[0][6] 51.53 36.3 56.28 37.7 )
( key_reg_reg[0][7] 56.85 159.5 61.6 160.9 )
( key_reg_reg[0][8] 51.91 32.1 56.66 33.5 )
( key_reg_reg[0][9] 53.24 148.3 57.99 149.7 )
( key_reg_reg[0][10] 74.71 128.7 79.46 130.1 )
( key_reg_reg[0][11] 76.99 156.7 81.74 158.1 )
( key_reg_reg[0][12] 61.98 159.5 66.73 160.9 )
( key_reg_reg[0][13] 62.36 54.5 67.11 55.9 )
( key_reg_reg[0][14] 55.52 51.7 60.27 53.1 )
( key_reg_reg[0][15] 51.53 144.1 56.28 145.5 )
( key_reg_reg[0][16] 54.95 65.7 59.7 67.1 )
( key_reg_reg[0][17] 91.43 37.7 96.18 39.1 )
( key_reg_reg[0][18] 58.18 99.3 62.93 100.7 )
( key_reg_reg[0][19] 79.65 33.5 84.4 34.9 )
( key_reg_reg[0][20] 69.2 151.1 73.95 152.5 )
( key_reg_reg[0][21] 66.35 160.9 71.1 162.3 )
( key_reg_reg[0][22] 117.65 141.3 122.4 142.7 )
( key_reg_reg[0][23] 64.83 76.9 69.58 78.3 )
( key_reg_reg[0][24] 84.21 146.9 88.96 148.3 )
( key_reg_reg[0][25] 89.53 142.7 94.28 144.1 )
( key_reg_reg[0][26] 86.11 125.9 90.86 127.3 )
( key_reg_reg[0][27] 97.32 130.1 102.07 131.5 )
( key_reg_reg[0][28] 117.65 156.7 122.4 158.1 )
( key_reg_reg[0][29] 60.27 145.5 65.02 146.9 )
( key_reg_reg[0][30] 111.95 137.1 116.7 138.5 )
( key_reg_reg[0][31] 117.84 139.9 122.59 141.3 )
( key_reg_reg[1][0] 86.11 37.7 90.86 39.1 )
( key_reg_reg[1][1] 37.28 88.1 42.03 89.5 )
( key_reg_reg[1][2] 42.22 104.9 46.97 106.3 )
( key_reg_reg[1][3] 119.36 32.1 124.11 33.5 )
( key_reg_reg[1][4] 125.63 26.5 130.38 27.9 )
( key_reg_reg[1][5] 39.56 40.5 44.31 41.9 )
( key_reg_reg[1][6] 55.71 23.7 60.46 25.1 )
( key_reg_reg[1][7] 46.78 159.5 51.53 160.9 )
( key_reg_reg[1][8] 41.65 20.9 46.4 22.3 )
( key_reg_reg[1][9] 50.01 146.9 54.76 148.3 )
( key_reg_reg[1][10] 40.32 125.9 45.07 127.3 )
( key_reg_reg[1][11] 50.58 166.5 55.33 167.9 )
( key_reg_reg[1][12] 46.4 160.9 51.15 162.3 )
( key_reg_reg[1][13] 41.08 61.5 45.83 62.9 )
( key_reg_reg[1][14] 48.49 30.7 53.24 32.1 )
( key_reg_reg[1][15] 48.3 162.3 53.05 163.7 )
( key_reg_reg[1][16] 45.07 53.1 49.82 54.5 )
( key_reg_reg[1][17] 100.36 27.9 105.11 29.3 )
( key_reg_reg[1][18] 40.7 99.3 45.45 100.7 )
( key_reg_reg[1][19] 71.29 27.9 76.04 29.3 )
( key_reg_reg[1][20] 47.73 149.7 52.48 151.1 )
( key_reg_reg[1][21] 45.83 166.5 50.58 167.9 )
( key_reg_reg[1][22] 127.34 170.7 132.09 172.1 )
( key_reg_reg[1][23] 37.85 65.7 42.6 67.1 )
( key_reg_reg[1][24] 77.94 145.5 82.69 146.9 )
( key_reg_reg[1][25] 102.64 152.5 107.39 153.9 )
( key_reg_reg[1][26] 85.35 137.1 90.1 138.5 )
( key_reg_reg[1][27] 109.67 149.7 114.42 151.1 )
( key_reg_reg[1][28] 119.36 169.3 124.11 170.7 )
( key_reg_reg[1][29] 73.0 152.5 77.75 153.9 )
( key_reg_reg[1][30] 119.93 148.3 124.68 149.7 )
( key_reg_reg[1][31] 121.07 151.1 125.82 152.5 )
( key_reg_reg[2][0] 86.11 23.7 90.86 25.1 )
( key_reg_reg[2][1] 23.98 86.7 28.73 88.1 )
( key_reg_reg[2][2] 30.06 110.5 34.81 111.9 )
( key_reg_reg[2][3] 112.52 25.1 117.27 26.5 )
( key_reg_reg[2][4] 130.76 26.5 135.51 27.9 )
( key_reg_reg[2][5] 50.96 23.7 55.71 25.1 )
( key_reg_reg[2][6] 42.41 23.7 47.16 25.1 )
( key_reg_reg[2][7] 41.27 155.3 46.02 156.7 )
( key_reg_reg[2][8] 27.02 23.7 31.77 25.1 )
( key_reg_reg[2][9] 38.23 138.5 42.98 139.9 )
( key_reg_reg[2][10] 34.81 110.5 39.56 111.9 )
( key_reg_reg[2][11] 37.47 176.3 42.22 177.7 )
( key_reg_reg[2][12] 30.25 146.9 35.0 148.3 )
( key_reg_reg[2][13] 40.51 48.9 45.26 50.3 )
( key_reg_reg[2][14] 35.76 48.9 40.51 50.3 )
( key_reg_reg[2][15] 35.0 167.9 39.75 169.3 )
( key_reg_reg[2][16] 42.98 36.3 47.73 37.7 )
( key_reg_reg[2][17] 106.44 27.9 111.19 29.3 )
( key_reg_reg[2][18] 22.84 92.3 27.59 93.7 )
( key_reg_reg[2][19] 69.96 36.3 74.71 37.7 )
( key_reg_reg[2][20] 28.92 142.7 33.67 144.1 )
( key_reg_reg[2][21] 25.69 169.3 30.44 170.7 )
( key_reg_reg[2][22] 131.52 177.7 136.27 179.1 )
( key_reg_reg[2][23] 24.93 65.7 29.68 67.1 )
( key_reg_reg[2][24] 75.28 137.1 80.03 138.5 )
( key_reg_reg[2][25] 104.73 144.1 109.48 145.5 )
( key_reg_reg[2][26] 80.98 124.5 85.73 125.9 )
( key_reg_reg[2][27] 116.51 155.3 121.26 156.7 )
( key_reg_reg[2][28] 129.43 169.3 134.18 170.7 )
( key_reg_reg[2][29] 64.45 139.9 69.2 141.3 )
( key_reg_reg[2][30] 128.48 155.3 133.23 156.7 )
( key_reg_reg[2][31] 130.95 156.7 135.7 158.1 )
( key_reg_reg[3][0] 88.2 34.9 92.95 36.3 )
( key_reg_reg[3][1] 31.39 75.5 36.14 76.9 )
( key_reg_reg[3][2] 44.31 106.3 49.06 107.7 )
( key_reg_reg[3][3] 118.03 39.1 122.78 40.5 )
( key_reg_reg[3][4] 136.84 39.1 141.59 40.5 )
( key_reg_reg[3][5] 30.25 47.5 35.0 48.9 )
( key_reg_reg[3][6] 31.39 29.3 36.14 30.7 )
( key_reg_reg[3][7] 49.06 142.7 53.81 144.1 )
( key_reg_reg[3][8] 26.64 29.3 31.39 30.7 )
( key_reg_reg[3][9] 46.02 121.7 50.77 123.1 )
( key_reg_reg[3][10] 41.84 111.9 46.59 113.3 )
( key_reg_reg[3][11] 45.07 163.7 49.82 165.1 )
( key_reg_reg[3][12] 38.8 135.7 43.55 137.1 )
( key_reg_reg[3][13] 48.11 65.7 52.86 67.1 )
( key_reg_reg[3][14] 33.1 30.7 37.85 32.1 )
( key_reg_reg[3][15] 27.21 160.9 31.96 162.3 )
( key_reg_reg[3][16] 28.35 34.9 33.1 36.3 )
( key_reg_reg[3][17] 96.18 37.7 100.93 39.1 )
( key_reg_reg[3][18] 43.55 100.7 48.3 102.1 )
( key_reg_reg[3][19] 62.74 75.5 67.49 76.9 )
( key_reg_reg[3][20] 43.36 132.9 48.11 134.3 )
( key_reg_reg[3][21] 30.82 165.1 35.57 166.5 )
( key_reg_reg[3][22] 139.5 163.7 144.25 165.1 )
( key_reg_reg[3][23] 23.98 72.7 28.73 74.1 )
( key_reg_reg[3][24] 97.7 135.7 102.45 137.1 )
( key_reg_reg[3][25] 102.07 151.1 106.82 152.5 )
( key_reg_reg[3][26] 90.1 137.1 94.85 138.5 )
( key_reg_reg[3][27] 101.31 159.5 106.06 160.9 )
( key_reg_reg[3][28] 134.75 163.7 139.5 165.1 )
( key_reg_reg[3][29] 120.31 130.1 125.06 131.5 )
( key_reg_reg[3][30] 133.61 148.3 138.36 149.7 )
( key_reg_reg[3][31] 139.88 153.9 144.63 155.3 )
( key_reg_reg[4][0] 81.93 26.5 86.68 27.9 )
( key_reg_reg[4][1] 62.74 102.1 67.49 103.5 )
( key_reg_reg[4][2] 55.52 109.1 60.27 110.5 )
( key_reg_reg[4][3] 110.81 26.5 115.56 27.9 )
( key_reg_reg[4][4] 123.35 37.7 128.1 39.1 )
( key_reg_reg[4][5] 67.68 48.9 72.43 50.3 )
( key_reg_reg[4][6] 50.2 34.9 54.95 36.3 )
( key_reg_reg[4][7] 51.53 159.5 56.28 160.9 )
( key_reg_reg[4][8] 49.63 26.5 54.38 27.9 )
( key_reg_reg[4][9] 53.24 149.7 57.99 151.1 )
( key_reg_reg[4][10] 65.97 131.5 70.72 132.9 )
( key_reg_reg[4][11] 76.8 159.5 81.55 160.9 )
( key_reg_reg[4][12] 57.99 160.9 62.74 162.3 )
( key_reg_reg[4][13] 63.88 57.3 68.63 58.7 )
( key_reg_reg[4][14] 62.36 43.3 67.11 44.7 )
( key_reg_reg[4][15] 49.44 145.5 54.19 146.9 )
( key_reg_reg[4][16] 59.7 65.7 64.45 67.1 )
( key_reg_reg[4][17] 93.14 30.7 97.89 32.1 )
( key_reg_reg[4][18] 62.93 95.1 67.68 96.5 )
( key_reg_reg[4][19] 77.18 26.5 81.93 27.9 )
( key_reg_reg[4][20] 62.17 149.7 66.92 151.1 )
( key_reg_reg[4][21] 61.79 158.1 66.54 159.5 )
( key_reg_reg[4][22] 120.5 142.7 125.25 144.1 )
( key_reg_reg[4][23] 60.46 83.9 65.21 85.3 )
( key_reg_reg[4][24] 85.92 148.3 90.67 149.7 )
( key_reg_reg[4][25] 91.62 145.5 96.37 146.9 )
( key_reg_reg[4][26] 85.73 124.5 90.48 125.9 )
( key_reg_reg[4][27] 103.4 128.7 108.15 130.1 )
( key_reg_reg[4][28] 118.03 159.5 122.78 160.9 )
( key_reg_reg[4][29] 63.12 144.1 67.87 145.5 )
( key_reg_reg[4][30] 109.67 138.5 114.42 139.9 )
( key_reg_reg[4][31] 120.5 137.1 125.25 138.5 )
( key_reg_reg[5][0] 77.94 37.7 82.69 39.1 )
( key_reg_reg[5][1] 37.28 83.9 42.03 85.3 )
( key_reg_reg[5][2] 34.62 102.1 39.37 103.5 )
( key_reg_reg[5][3] 120.31 29.3 125.06 30.7 )
( key_reg_reg[5][4] 122.02 30.7 126.77 32.1 )
( key_reg_reg[5][5] 39.18 43.3 43.93 44.7 )
( key_reg_reg[5][6] 56.66 22.3 61.41 23.7 )
( key_reg_reg[5][7] 51.72 158.1 56.47 159.5 )
( key_reg_reg[5][8] 38.23 19.5 42.98 20.9 )
( key_reg_reg[5][9] 46.97 148.3 51.72 149.7 )
( key_reg_reg[5][10] 43.36 124.5 48.11 125.9 )
( key_reg_reg[5][11] 55.33 166.5 60.08 167.9 )
( key_reg_reg[5][12] 40.89 159.5 45.64 160.9 )
( key_reg_reg[5][13] 35.38 60.1 40.13 61.5 )
( key_reg_reg[5][14] 43.74 30.7 48.49 32.1 )
( key_reg_reg[5][15] 39.75 167.9 44.5 169.3 )
( key_reg_reg[5][16] 36.33 50.3 41.08 51.7 )
( key_reg_reg[5][17] 106.06 26.5 110.81 27.9 )
( key_reg_reg[5][18] 35.95 99.3 40.7 100.7 )
( key_reg_reg[5][19] 79.27 23.7 84.02 25.1 )
( key_reg_reg[5][20] 46.59 151.1 51.34 152.5 )
( key_reg_reg[5][21] 49.82 163.7 54.57 165.1 )
( key_reg_reg[5][22] 121.64 162.3 126.39 163.7 )
( key_reg_reg[5][23] 35.95 67.1 40.7 68.5 )
( key_reg_reg[5][24] 75.66 146.9 80.41 148.3 )
( key_reg_reg[5][25] 97.89 152.5 102.64 153.9 )
( key_reg_reg[5][26] 88.39 138.5 93.14 139.9 )
( key_reg_reg[5][27] 112.71 151.1 117.46 152.5 )
( key_reg_reg[5][28] 123.35 165.1 128.1 166.5 )
( key_reg_reg[5][29] 70.15 149.7 74.9 151.1 )
( key_reg_reg[5][30] 114.23 152.5 118.98 153.9 )
( key_reg_reg[5][31] 121.07 152.5 125.82 153.9 )
( key_reg_reg[6][0] 80.22 25.1 84.97 26.5 )
( key_reg_reg[6][1] 31.96 86.7 36.71 88.1 )
( key_reg_reg[6][2] 30.25 109.1 35.0 110.5 )
( key_reg_reg[6][3] 118.22 25.1 122.97 26.5 )
( key_reg_reg[6][4] 136.08 30.7 140.83 32.1 )
( key_reg_reg[6][5] 46.97 25.1 51.72 26.5 )
( key_reg_reg[6][6] 37.47 22.3 42.22 23.7 )
( key_reg_reg[6][7] 41.08 153.9 45.83 155.3 )
( key_reg_reg[6][8] 28.35 20.9 33.1 22.3 )
( key_reg_reg[6][9] 42.6 134.3 47.35 135.7 )
( key_reg_reg[6][10] 38.99 118.9 43.74 120.3 )
( key_reg_reg[6][11] 35.38 170.7 40.13 172.1 )
( key_reg_reg[6][12] 40.13 145.5 44.88 146.9 )
( key_reg_reg[6][13] 41.08 50.3 45.83 51.7 )
( key_reg_reg[6][14] 41.84 47.5 46.59 48.9 )
( key_reg_reg[6][15] 32.34 169.3 37.09 170.7 )
( key_reg_reg[6][16] 36.71 32.1 41.46 33.5 )
( key_reg_reg[6][17] 107.39 34.9 112.14 36.3 )
( key_reg_reg[6][18] 29.49 93.7 34.24 95.1 )
( key_reg_reg[6][19] 65.21 36.3 69.96 37.7 )
( key_reg_reg[6][20] 35.0 127.3 39.75 128.7 )
( key_reg_reg[6][21] 26.45 166.5 31.2 167.9 )
( key_reg_reg[6][22] 132.85 167.9 137.6 169.3 )
( key_reg_reg[6][23] 33.86 64.3 38.61 65.7 )
( key_reg_reg[6][24] 76.99 134.3 81.74 135.7 )
( key_reg_reg[6][25] 107.39 142.7 112.14 144.1 )
( key_reg_reg[6][26] 72.05 127.3 76.8 128.7 )
( key_reg_reg[6][27] 117.65 158.1 122.4 159.5 )
( key_reg_reg[6][28] 127.53 167.9 132.28 169.3 )
( key_reg_reg[6][29] 70.15 138.5 74.9 139.9 )
( key_reg_reg[6][30] 127.72 159.5 132.47 160.9 )
( key_reg_reg[6][31] 135.7 156.7 140.45 158.1 )
( key_reg_reg[7][0] 89.53 36.3 94.28 37.7 )
( key_reg_reg[7][1] 25.5 82.5 30.25 83.9 )
( key_reg_reg[7][2] 39.37 102.1 44.12 103.5 )
( key_reg_reg[7][3] 118.6 37.7 123.35 39.1 )
( key_reg_reg[7][4] 132.28 37.7 137.03 39.1 )
( key_reg_reg[7][5] 42.22 44.7 46.97 46.1 )
( key_reg_reg[7][6] 37.85 30.7 42.6 32.1 )
( key_reg_reg[7][7] 34.05 139.9 38.8 141.3 )
( key_reg_reg[7][8] 28.35 30.7 33.1 32.1 )
( key_reg_reg[7][9] 44.5 120.3 49.25 121.7 )
( key_reg_reg[7][10] 39.56 110.5 44.31 111.9 )
( key_reg_reg[7][11] 44.31 165.1 49.06 166.5 )
( key_reg_reg[7][12] 38.61 132.9 43.36 134.3 )
( key_reg_reg[7][13] 37.66 62.9 42.41 64.3 )
( key_reg_reg[7][14] 30.63 36.3 35.38 37.7 )
( key_reg_reg[7][15] 30.25 163.7 35.0 165.1 )
( key_reg_reg[7][16] 31.01 40.5 35.76 41.9 )
( key_reg_reg[7][17] 99.22 39.1 103.97 40.5 )
( key_reg_reg[7][18] 42.22 97.9 46.97 99.3 )
( key_reg_reg[7][19] 65.97 68.5 70.72 69.9 )
( key_reg_reg[7][20] 45.07 125.9 49.82 127.3 )
( key_reg_reg[7][21] 31.2 166.5 35.95 167.9 )
( key_reg_reg[7][22] 132.28 165.1 137.03 166.5 )
( key_reg_reg[7][23] 29.87 76.9 34.62 78.3 )
( key_reg_reg[7][24] 96.56 132.9 101.31 134.3 )
( key_reg_reg[7][25] 108.91 152.5 113.66 153.9 )
( key_reg_reg[7][26] 94.85 128.7 99.6 130.1 )
( key_reg_reg[7][27] 109.86 159.5 114.61 160.9 )
( key_reg_reg[7][28] 126.58 162.3 131.33 163.7 )
( key_reg_reg[7][29] 111.57 135.7 116.32 137.1 )
( key_reg_reg[7][30] 128.48 145.5 133.23 146.9 )
( key_reg_reg[7][31] 129.81 152.5 134.56 153.9 )
( core_keymem_key_mem_ctrl_reg_reg[0] 65.78 104.9 69.58 106.3 )
( core_keymem_key_mem_ctrl_reg_reg[1] 68.63 106.3 72.43 107.7 )
