Total exposed area across cell assets: 463.493
Max exposure [%] across cell assets: 55.9496
Avg exposure [%] across cell assets: 26.1786

Instance: FE_OCPC1881_core_new_sboxw_11 angle: 0 side: N Area_Exposed: 0.05325 Perc_Exposed: 6.67293
Instance: FE_OCPC1828_core_new_sboxw_15 angle: 0 side: N Area_Exposed: 0.154875 Perc_Exposed: 19.4079
Instance: FE_OCPC1784_core_new_sboxw_4 angle: 0 side: N Area_Exposed: 0.0091 Perc_Exposed: 1.71053
Instance: FE_OFC1264_core_new_sboxw_3 angle: 0 side: N Area_Exposed: 0.1522 Perc_Exposed: 28.609
Instance: FE_OFC968_core_round_key_53 angle: 0 side: N Area_Exposed: 0.017825 Perc_Exposed: 3.35056
Instance: FE_OFC901_core_new_sboxw_28 angle: 0 side: N Area_Exposed: 0.094575 Perc_Exposed: 17.7773
Instance: FE_OFC462_core_new_sboxw_27 angle: 0 side: N Area_Exposed: 0 Perc_Exposed: 0
Instance: FE_OFC443_core_new_sboxw_8 angle: 0 side: N Area_Exposed: 0.087 Perc_Exposed: 16.3534
Instance: FE_OFC434_core_new_sboxw_2 angle: 0 side: N Area_Exposed: 0.040825 Perc_Exposed: 7.67387
Instance: FE_OFC416_core_new_sboxw_9 angle: 0 side: N Area_Exposed: 0.09225 Perc_Exposed: 17.3402
Instance: FE_OFC393_core_new_sboxw_0 angle: 0 side: N Area_Exposed: 0.060525 Perc_Exposed: 11.3769
Instance: FE_OFC384_core_new_sboxw_14 angle: 0 side: N Area_Exposed: 0.09175 Perc_Exposed: 11.4975
Instance: core_aes_core_ctrl_reg_reg[0] angle: 0 side: N Area_Exposed: 1.34653 Perc_Exposed: 25.3106
Instance: core_aes_core_ctrl_reg_reg[1] angle: 0 side: N Area_Exposed: 1.34887 Perc_Exposed: 25.3548
Instance: key_reg_reg[0][0] angle: 0 side: N Area_Exposed: 1.15462 Perc_Exposed: 17.3628
Instance: key_reg_reg[0][1] angle: 0 side: N Area_Exposed: 1.03278 Perc_Exposed: 15.5305
Instance: key_reg_reg[0][2] angle: 0 side: N Area_Exposed: 1.47407 Perc_Exposed: 22.1665
Instance: key_reg_reg[0][3] angle: 0 side: N Area_Exposed: 1.30607 Perc_Exposed: 19.6402
Instance: key_reg_reg[0][4] angle: 0 side: N Area_Exposed: 1.76598 Perc_Exposed: 26.556
Instance: key_reg_reg[0][5] angle: 0 side: N Area_Exposed: 1.34577 Perc_Exposed: 20.2372
Instance: key_reg_reg[0][6] angle: 0 side: N Area_Exposed: 1.23463 Perc_Exposed: 18.5658
Instance: key_reg_reg[0][7] angle: 0 side: N Area_Exposed: 2.0799 Perc_Exposed: 31.2767
Instance: key_reg_reg[0][8] angle: 0 side: N Area_Exposed: 1.91388 Perc_Exposed: 28.7801
Instance: key_reg_reg[0][9] angle: 0 side: N Area_Exposed: 1.4437 Perc_Exposed: 21.7098
Instance: key_reg_reg[0][10] angle: 0 side: N Area_Exposed: 1.86907 Perc_Exposed: 28.1064
Instance: key_reg_reg[0][11] angle: 0 side: N Area_Exposed: 2.46462 Perc_Exposed: 37.062
Instance: key_reg_reg[0][12] angle: 0 side: N Area_Exposed: 2.1551 Perc_Exposed: 32.4075
Instance: key_reg_reg[0][13] angle: 0 side: N Area_Exposed: 1.53393 Perc_Exposed: 23.0665
Instance: key_reg_reg[0][14] angle: 0 side: N Area_Exposed: 0.818 Perc_Exposed: 12.3008
Instance: key_reg_reg[0][15] angle: 0 side: N Area_Exposed: 2.93687 Perc_Exposed: 44.1635
Instance: key_reg_reg[0][16] angle: 0 side: N Area_Exposed: 0.84595 Perc_Exposed: 12.7211
Instance: key_reg_reg[0][17] angle: 0 side: N Area_Exposed: 1.34075 Perc_Exposed: 20.1617
Instance: key_reg_reg[0][18] angle: 0 side: N Area_Exposed: 1.13807 Perc_Exposed: 17.1139
Instance: key_reg_reg[0][19] angle: 0 side: N Area_Exposed: 1.56418 Perc_Exposed: 23.5214
Instance: key_reg_reg[0][20] angle: 0 side: N Area_Exposed: 1.33225 Perc_Exposed: 20.0338
Instance: key_reg_reg[0][21] angle: 0 side: N Area_Exposed: 2.40177 Perc_Exposed: 36.1169
Instance: key_reg_reg[0][22] angle: 0 side: N Area_Exposed: 1.72883 Perc_Exposed: 25.9974
Instance: key_reg_reg[0][23] angle: 0 side: N Area_Exposed: 1.72202 Perc_Exposed: 25.8951
Instance: key_reg_reg[0][24] angle: 0 side: N Area_Exposed: 2.62715 Perc_Exposed: 39.506
Instance: key_reg_reg[0][25] angle: 0 side: N Area_Exposed: 1.15345 Perc_Exposed: 17.3451
Instance: key_reg_reg[0][26] angle: 0 side: N Area_Exposed: 1.43543 Perc_Exposed: 21.5853
Instance: key_reg_reg[0][27] angle: 0 side: N Area_Exposed: 1.88485 Perc_Exposed: 28.3436
Instance: key_reg_reg[0][28] angle: 0 side: N Area_Exposed: 2.78302 Perc_Exposed: 41.85
Instance: key_reg_reg[0][29] angle: 0 side: N Area_Exposed: 2.6617 Perc_Exposed: 40.0256
Instance: key_reg_reg[0][30] angle: 0 side: N Area_Exposed: 2.3075 Perc_Exposed: 34.6992
Instance: key_reg_reg[0][31] angle: 0 side: N Area_Exposed: 2.16583 Perc_Exposed: 32.5688
Instance: key_reg_reg[1][0] angle: 0 side: N Area_Exposed: 1.1256 Perc_Exposed: 16.9263
Instance: key_reg_reg[1][1] angle: 0 side: N Area_Exposed: 2.15002 Perc_Exposed: 32.3312
Instance: key_reg_reg[1][2] angle: 0 side: N Area_Exposed: 2.2365 Perc_Exposed: 33.6316
Instance: key_reg_reg[1][3] angle: 0 side: N Area_Exposed: 1.7043 Perc_Exposed: 25.6286
Instance: key_reg_reg[1][4] angle: 0 side: N Area_Exposed: 1.09813 Perc_Exposed: 16.5132
Instance: key_reg_reg[1][5] angle: 0 side: N Area_Exposed: 1.29855 Perc_Exposed: 19.5271
Instance: key_reg_reg[1][6] angle: 0 side: N Area_Exposed: 2.10847 Perc_Exposed: 31.7064
Instance: key_reg_reg[1][7] angle: 0 side: N Area_Exposed: 1.085 Perc_Exposed: 16.3158
Instance: key_reg_reg[1][8] angle: 0 side: N Area_Exposed: 1.77493 Perc_Exposed: 26.6906
Instance: key_reg_reg[1][9] angle: 0 side: N Area_Exposed: 1.31505 Perc_Exposed: 19.7752
Instance: key_reg_reg[1][10] angle: 0 side: N Area_Exposed: 1.58025 Perc_Exposed: 23.7632
Instance: key_reg_reg[1][11] angle: 0 side: N Area_Exposed: 2.4373 Perc_Exposed: 36.6511
Instance: key_reg_reg[1][12] angle: 0 side: N Area_Exposed: 2.40875 Perc_Exposed: 36.2218
Instance: key_reg_reg[1][13] angle: 0 side: N Area_Exposed: 1.75808 Perc_Exposed: 26.4372
Instance: key_reg_reg[1][14] angle: 0 side: N Area_Exposed: 2.18935 Perc_Exposed: 32.9226
Instance: key_reg_reg[1][15] angle: 0 side: N Area_Exposed: 1.83742 Perc_Exposed: 27.6305
Instance: key_reg_reg[1][16] angle: 0 side: N Area_Exposed: 2.46135 Perc_Exposed: 37.0128
Instance: key_reg_reg[1][17] angle: 0 side: N Area_Exposed: 1.78495 Perc_Exposed: 26.8414
Instance: key_reg_reg[1][18] angle: 0 side: N Area_Exposed: 2.1164 Perc_Exposed: 31.8256
Instance: key_reg_reg[1][19] angle: 0 side: N Area_Exposed: 0.80875 Perc_Exposed: 12.1617
Instance: key_reg_reg[1][20] angle: 0 side: N Area_Exposed: 2.96143 Perc_Exposed: 44.5327
Instance: key_reg_reg[1][21] angle: 0 side: N Area_Exposed: 1.2627 Perc_Exposed: 18.988
Instance: key_reg_reg[1][22] angle: 0 side: N Area_Exposed: 0.874475 Perc_Exposed: 13.15
Instance: key_reg_reg[1][23] angle: 0 side: N Area_Exposed: 1.94458 Perc_Exposed: 29.2417
Instance: key_reg_reg[1][24] angle: 0 side: N Area_Exposed: 2.4458 Perc_Exposed: 36.7789
Instance: key_reg_reg[1][25] angle: 0 side: N Area_Exposed: 1.6719 Perc_Exposed: 25.1414
Instance: key_reg_reg[1][26] angle: 0 side: N Area_Exposed: 1.027 Perc_Exposed: 15.4436
Instance: key_reg_reg[1][27] angle: 0 side: N Area_Exposed: 1.72605 Perc_Exposed: 25.9556
Instance: key_reg_reg[1][28] angle: 0 side: N Area_Exposed: 2.64747 Perc_Exposed: 39.8117
Instance: key_reg_reg[1][29] angle: 0 side: N Area_Exposed: 2.2229 Perc_Exposed: 33.4271
Instance: key_reg_reg[1][30] angle: 0 side: N Area_Exposed: 1.38803 Perc_Exposed: 20.8726
Instance: key_reg_reg[1][31] angle: 0 side: N Area_Exposed: 2.89812 Perc_Exposed: 43.5808
Instance: key_reg_reg[2][0] angle: 0 side: N Area_Exposed: 1.96498 Perc_Exposed: 29.5485
Instance: key_reg_reg[2][1] angle: 0 side: N Area_Exposed: 2.45622 Perc_Exposed: 36.9357
Instance: key_reg_reg[2][2] angle: 0 side: N Area_Exposed: 1.18488 Perc_Exposed: 17.8177
Instance: key_reg_reg[2][3] angle: 0 side: N Area_Exposed: 1.35835 Perc_Exposed: 20.4263
Instance: key_reg_reg[2][4] angle: 0 side: N Area_Exposed: 0.724475 Perc_Exposed: 10.8944
Instance: key_reg_reg[2][5] angle: 0 side: N Area_Exposed: 1.21825 Perc_Exposed: 18.3195
Instance: key_reg_reg[2][6] angle: 0 side: N Area_Exposed: 1.9349 Perc_Exposed: 29.0962
Instance: key_reg_reg[2][7] angle: 0 side: N Area_Exposed: 2.65623 Perc_Exposed: 39.9432
Instance: key_reg_reg[2][8] angle: 0 side: N Area_Exposed: 1.9921 Perc_Exposed: 29.9564
Instance: key_reg_reg[2][9] angle: 0 side: N Area_Exposed: 1.15757 Perc_Exposed: 17.4071
Instance: key_reg_reg[2][10] angle: 0 side: N Area_Exposed: 1.0505 Perc_Exposed: 15.797
Instance: key_reg_reg[2][11] angle: 0 side: N Area_Exposed: 1.44287 Perc_Exposed: 21.6974
Instance: key_reg_reg[2][12] angle: 0 side: N Area_Exposed: 2.62407 Perc_Exposed: 39.4598
Instance: key_reg_reg[2][13] angle: 0 side: N Area_Exposed: 1.66198 Perc_Exposed: 24.9921
Instance: key_reg_reg[2][14] angle: 0 side: N Area_Exposed: 1.02025 Perc_Exposed: 15.3421
Instance: key_reg_reg[2][15] angle: 0 side: N Area_Exposed: 2.3535 Perc_Exposed: 35.391
Instance: key_reg_reg[2][16] angle: 0 side: N Area_Exposed: 2.08092 Perc_Exposed: 31.2921
Instance: key_reg_reg[2][17] angle: 0 side: N Area_Exposed: 2.13808 Perc_Exposed: 32.1515
Instance: key_reg_reg[2][18] angle: 0 side: N Area_Exposed: 1.88557 Perc_Exposed: 28.3545
Instance: key_reg_reg[2][19] angle: 0 side: N Area_Exposed: 2.04985 Perc_Exposed: 30.8248
Instance: key_reg_reg[2][20] angle: 0 side: N Area_Exposed: 1.10667 Perc_Exposed: 16.6417
Instance: key_reg_reg[2][21] angle: 0 side: N Area_Exposed: 2.09515 Perc_Exposed: 31.506
Instance: key_reg_reg[2][22] angle: 0 side: N Area_Exposed: 2.78707 Perc_Exposed: 41.9109
Instance: key_reg_reg[2][23] angle: 0 side: N Area_Exposed: 2.35677 Perc_Exposed: 35.4402
Instance: key_reg_reg[2][24] angle: 0 side: N Area_Exposed: 1.56853 Perc_Exposed: 23.5868
Instance: key_reg_reg[2][25] angle: 0 side: N Area_Exposed: 2.1448 Perc_Exposed: 32.2526
Instance: key_reg_reg[2][26] angle: 0 side: N Area_Exposed: 0.94325 Perc_Exposed: 14.1842
Instance: key_reg_reg[2][27] angle: 0 side: N Area_Exposed: 1.64022 Perc_Exposed: 24.665
Instance: key_reg_reg[2][28] angle: 0 side: N Area_Exposed: 2.46177 Perc_Exposed: 37.0192
Instance: key_reg_reg[2][29] angle: 0 side: N Area_Exposed: 2.31497 Perc_Exposed: 34.8117
Instance: key_reg_reg[2][30] angle: 0 side: N Area_Exposed: 0.82715 Perc_Exposed: 12.4383
Instance: key_reg_reg[2][31] angle: 0 side: N Area_Exposed: 1.39818 Perc_Exposed: 21.0252
Instance: key_reg_reg[3][0] angle: 0 side: N Area_Exposed: 2.2765 Perc_Exposed: 34.2331
Instance: key_reg_reg[3][1] angle: 0 side: N Area_Exposed: 1.1953 Perc_Exposed: 17.9744
Instance: key_reg_reg[3][2] angle: 0 side: N Area_Exposed: 2.4949 Perc_Exposed: 37.5173
Instance: key_reg_reg[3][3] angle: 0 side: N Area_Exposed: 1.39963 Perc_Exposed: 21.047
Instance: key_reg_reg[3][4] angle: 0 side: N Area_Exposed: 0.52465 Perc_Exposed: 7.88947
Instance: key_reg_reg[3][5] angle: 0 side: N Area_Exposed: 0.9282 Perc_Exposed: 13.9579
Instance: key_reg_reg[3][6] angle: 0 side: N Area_Exposed: 1.04963 Perc_Exposed: 15.7838
Instance: key_reg_reg[3][7] angle: 0 side: N Area_Exposed: 2.6383 Perc_Exposed: 39.6737
Instance: key_reg_reg[3][8] angle: 0 side: N Area_Exposed: 1.61577 Perc_Exposed: 24.2974
Instance: key_reg_reg[3][9] angle: 0 side: N Area_Exposed: 1.57697 Perc_Exposed: 23.7139
Instance: key_reg_reg[3][10] angle: 0 side: N Area_Exposed: 2.5161 Perc_Exposed: 37.8361
Instance: key_reg_reg[3][11] angle: 0 side: N Area_Exposed: 1.2873 Perc_Exposed: 19.3579
Instance: key_reg_reg[3][12] angle: 0 side: N Area_Exposed: 1.94263 Perc_Exposed: 29.2124
Instance: key_reg_reg[3][13] angle: 0 side: N Area_Exposed: 1.6255 Perc_Exposed: 24.4436
Instance: key_reg_reg[3][14] angle: 0 side: N Area_Exposed: 1.1098 Perc_Exposed: 16.6887
Instance: key_reg_reg[3][15] angle: 0 side: N Area_Exposed: 1.46097 Perc_Exposed: 21.9695
Instance: key_reg_reg[3][16] angle: 0 side: N Area_Exposed: 2.43928 Perc_Exposed: 36.6808
Instance: key_reg_reg[3][17] angle: 0 side: N Area_Exposed: 1.37203 Perc_Exposed: 20.632
Instance: key_reg_reg[3][18] angle: 0 side: N Area_Exposed: 1.81072 Perc_Exposed: 27.2289
Instance: key_reg_reg[3][19] angle: 0 side: N Area_Exposed: 1.10703 Perc_Exposed: 16.647
Instance: key_reg_reg[3][20] angle: 0 side: N Area_Exposed: 1.97505 Perc_Exposed: 29.7
Instance: key_reg_reg[3][21] angle: 0 side: N Area_Exposed: 2.39302 Perc_Exposed: 35.9853
Instance: key_reg_reg[3][22] angle: 0 side: N Area_Exposed: 3.72065 Perc_Exposed: 55.9496
Instance: key_reg_reg[3][23] angle: 0 side: N Area_Exposed: 2.79553 Perc_Exposed: 42.038
Instance: key_reg_reg[3][24] angle: 0 side: N Area_Exposed: 2.33937 Perc_Exposed: 35.1786
Instance: key_reg_reg[3][25] angle: 0 side: N Area_Exposed: 1.274 Perc_Exposed: 19.1579
Instance: key_reg_reg[3][26] angle: 0 side: N Area_Exposed: 1.1634 Perc_Exposed: 17.4947
Instance: key_reg_reg[3][27] angle: 0 side: N Area_Exposed: 1.94155 Perc_Exposed: 29.1962
Instance: key_reg_reg[3][28] angle: 0 side: N Area_Exposed: 0.982575 Perc_Exposed: 14.7756
Instance: key_reg_reg[3][29] angle: 0 side: N Area_Exposed: 1.74947 Perc_Exposed: 26.3079
Instance: key_reg_reg[3][30] angle: 0 side: N Area_Exposed: 2.1363 Perc_Exposed: 32.1248
Instance: key_reg_reg[3][31] angle: 0 side: N Area_Exposed: 2.7805 Perc_Exposed: 41.812
Instance: key_reg_reg[4][0] angle: 0 side: N Area_Exposed: 0.950375 Perc_Exposed: 14.2914
Instance: key_reg_reg[4][1] angle: 0 side: N Area_Exposed: 1.5078 Perc_Exposed: 22.6737
Instance: key_reg_reg[4][2] angle: 0 side: N Area_Exposed: 1.55903 Perc_Exposed: 23.444
Instance: key_reg_reg[4][3] angle: 0 side: N Area_Exposed: 2.01973 Perc_Exposed: 30.3718
Instance: key_reg_reg[4][4] angle: 0 side: N Area_Exposed: 0.9952 Perc_Exposed: 14.9654
Instance: key_reg_reg[4][5] angle: 0 side: N Area_Exposed: 1.42273 Perc_Exposed: 21.3944
Instance: key_reg_reg[4][6] angle: 0 side: N Area_Exposed: 0.97415 Perc_Exposed: 14.6489
Instance: key_reg_reg[4][7] angle: 0 side: N Area_Exposed: 1.8974 Perc_Exposed: 28.5323
Instance: key_reg_reg[4][8] angle: 0 side: N Area_Exposed: 0.77 Perc_Exposed: 11.5789
Instance: key_reg_reg[4][9] angle: 0 side: N Area_Exposed: 1.7921 Perc_Exposed: 26.9489
Instance: key_reg_reg[4][10] angle: 0 side: N Area_Exposed: 1.9653 Perc_Exposed: 29.5534
Instance: key_reg_reg[4][11] angle: 0 side: N Area_Exposed: 1.3005 Perc_Exposed: 19.5564
Instance: key_reg_reg[4][12] angle: 0 side: N Area_Exposed: 1.90285 Perc_Exposed: 28.6143
Instance: key_reg_reg[4][13] angle: 0 side: N Area_Exposed: 2.0476 Perc_Exposed: 30.791
Instance: key_reg_reg[4][14] angle: 0 side: N Area_Exposed: 1.25845 Perc_Exposed: 18.9241
Instance: key_reg_reg[4][15] angle: 0 side: N Area_Exposed: 2.0042 Perc_Exposed: 30.1383
Instance: key_reg_reg[4][16] angle: 0 side: N Area_Exposed: 0.803425 Perc_Exposed: 12.0816
Instance: key_reg_reg[4][17] angle: 0 side: N Area_Exposed: 1.3091 Perc_Exposed: 19.6857
Instance: key_reg_reg[4][18] angle: 0 side: N Area_Exposed: 2.01078 Perc_Exposed: 30.2372
Instance: key_reg_reg[4][19] angle: 0 side: N Area_Exposed: 1.3155 Perc_Exposed: 19.782
Instance: key_reg_reg[4][20] angle: 0 side: N Area_Exposed: 1.55895 Perc_Exposed: 23.4429
Instance: key_reg_reg[4][21] angle: 0 side: N Area_Exposed: 0.94545 Perc_Exposed: 14.2173
Instance: key_reg_reg[4][22] angle: 0 side: N Area_Exposed: 2.43628 Perc_Exposed: 36.6357
Instance: key_reg_reg[4][23] angle: 0 side: N Area_Exposed: 1.22202 Perc_Exposed: 18.3763
Instance: key_reg_reg[4][24] angle: 0 side: N Area_Exposed: 2.38582 Perc_Exposed: 35.8771
Instance: key_reg_reg[4][25] angle: 0 side: N Area_Exposed: 2.55687 Perc_Exposed: 38.4492
Instance: key_reg_reg[4][26] angle: 0 side: N Area_Exposed: 1.20037 Perc_Exposed: 18.0508
Instance: key_reg_reg[4][27] angle: 0 side: N Area_Exposed: 1.2681 Perc_Exposed: 19.0692
Instance: key_reg_reg[4][28] angle: 0 side: N Area_Exposed: 2.53545 Perc_Exposed: 38.1271
Instance: key_reg_reg[4][29] angle: 0 side: N Area_Exposed: 1.76395 Perc_Exposed: 26.5256
Instance: key_reg_reg[4][30] angle: 0 side: N Area_Exposed: 2.04565 Perc_Exposed: 30.7617
Instance: key_reg_reg[4][31] angle: 0 side: N Area_Exposed: 2.87725 Perc_Exposed: 43.2669
Instance: key_reg_reg[5][0] angle: 0 side: N Area_Exposed: 1.0511 Perc_Exposed: 15.806
Instance: key_reg_reg[5][1] angle: 0 side: N Area_Exposed: 1.53265 Perc_Exposed: 23.0474
Instance: key_reg_reg[5][2] angle: 0 side: N Area_Exposed: 1.88357 Perc_Exposed: 28.3244
Instance: key_reg_reg[5][3] angle: 0 side: N Area_Exposed: 1.48263 Perc_Exposed: 22.2951
Instance: key_reg_reg[5][4] angle: 0 side: N Area_Exposed: 1.7882 Perc_Exposed: 26.8902
Instance: key_reg_reg[5][5] angle: 0 side: N Area_Exposed: 1.3682 Perc_Exposed: 20.5744
Instance: key_reg_reg[5][6] angle: 0 side: N Area_Exposed: 2.3394 Perc_Exposed: 35.1789
Instance: key_reg_reg[5][7] angle: 0 side: N Area_Exposed: 2.2216 Perc_Exposed: 33.4075
Instance: key_reg_reg[5][8] angle: 0 side: N Area_Exposed: 1.90575 Perc_Exposed: 28.6579
Instance: key_reg_reg[5][9] angle: 0 side: N Area_Exposed: 1.77495 Perc_Exposed: 26.691
Instance: key_reg_reg[5][10] angle: 0 side: N Area_Exposed: 2.24675 Perc_Exposed: 33.7857
Instance: key_reg_reg[5][11] angle: 0 side: N Area_Exposed: 2.71782 Perc_Exposed: 40.8695
Instance: key_reg_reg[5][12] angle: 0 side: N Area_Exposed: 1.7743 Perc_Exposed: 26.6812
Instance: key_reg_reg[5][13] angle: 0 side: N Area_Exposed: 1.74732 Perc_Exposed: 26.2756
Instance: key_reg_reg[5][14] angle: 0 side: N Area_Exposed: 1.12455 Perc_Exposed: 16.9105
Instance: key_reg_reg[5][15] angle: 0 side: N Area_Exposed: 1.58977 Perc_Exposed: 23.9064
Instance: key_reg_reg[5][16] angle: 0 side: N Area_Exposed: 1.86838 Perc_Exposed: 28.0959
Instance: key_reg_reg[5][17] angle: 0 side: N Area_Exposed: 1.14368 Perc_Exposed: 17.1981
Instance: key_reg_reg[5][18] angle: 0 side: N Area_Exposed: 2.05377 Perc_Exposed: 30.8838
Instance: key_reg_reg[5][19] angle: 0 side: N Area_Exposed: 0.739875 Perc_Exposed: 11.1259
Instance: key_reg_reg[5][20] angle: 0 side: N Area_Exposed: 1.35315 Perc_Exposed: 20.3481
Instance: key_reg_reg[5][21] angle: 0 side: N Area_Exposed: 1.58685 Perc_Exposed: 23.8624
Instance: key_reg_reg[5][22] angle: 0 side: N Area_Exposed: 2.8623 Perc_Exposed: 43.0421
Instance: key_reg_reg[5][23] angle: 0 side: N Area_Exposed: 1.67722 Perc_Exposed: 25.2214
Instance: key_reg_reg[5][24] angle: 0 side: N Area_Exposed: 2.57705 Perc_Exposed: 38.7526
Instance: key_reg_reg[5][25] angle: 0 side: N Area_Exposed: 1.65033 Perc_Exposed: 24.8169
Instance: key_reg_reg[5][26] angle: 0 side: N Area_Exposed: 2.09597 Perc_Exposed: 31.5184
Instance: key_reg_reg[5][27] angle: 0 side: N Area_Exposed: 1.87293 Perc_Exposed: 28.1643
Instance: key_reg_reg[5][28] angle: 0 side: N Area_Exposed: 2.35947 Perc_Exposed: 35.4808
Instance: key_reg_reg[5][29] angle: 0 side: N Area_Exposed: 2.23265 Perc_Exposed: 33.5737
Instance: key_reg_reg[5][30] angle: 0 side: N Area_Exposed: 2.21922 Perc_Exposed: 33.3718
Instance: key_reg_reg[5][31] angle: 0 side: N Area_Exposed: 0.99055 Perc_Exposed: 14.8955
Instance: key_reg_reg[6][0] angle: 0 side: N Area_Exposed: 1.50632 Perc_Exposed: 22.6515
Instance: key_reg_reg[6][1] angle: 0 side: N Area_Exposed: 2.65995 Perc_Exposed: 39.9992
Instance: key_reg_reg[6][2] angle: 0 side: N Area_Exposed: 2.43815 Perc_Exposed: 36.6639
Instance: key_reg_reg[6][3] angle: 0 side: N Area_Exposed: 2.57993 Perc_Exposed: 38.7959
Instance: key_reg_reg[6][4] angle: 0 side: N Area_Exposed: 1.47885 Perc_Exposed: 22.2383
Instance: key_reg_reg[6][5] angle: 0 side: N Area_Exposed: 1.65887 Perc_Exposed: 24.9455
Instance: key_reg_reg[6][6] angle: 0 side: N Area_Exposed: 2.43055 Perc_Exposed: 36.5496
Instance: key_reg_reg[6][7] angle: 0 side: N Area_Exposed: 2.9344 Perc_Exposed: 44.1263
Instance: key_reg_reg[6][8] angle: 0 side: N Area_Exposed: 1.50295 Perc_Exposed: 22.6008
Instance: key_reg_reg[6][9] angle: 0 side: N Area_Exposed: 2.53262 Perc_Exposed: 38.0846
Instance: key_reg_reg[6][10] angle: 0 side: N Area_Exposed: 2.0565 Perc_Exposed: 30.9248
Instance: key_reg_reg[6][11] angle: 0 side: N Area_Exposed: 2.67927 Perc_Exposed: 40.2898
Instance: key_reg_reg[6][12] angle: 0 side: N Area_Exposed: 2.4871 Perc_Exposed: 37.4
Instance: key_reg_reg[6][13] angle: 0 side: N Area_Exposed: 1.76633 Perc_Exposed: 26.5613
Instance: key_reg_reg[6][14] angle: 0 side: N Area_Exposed: 2.10727 Perc_Exposed: 31.6883
Instance: key_reg_reg[6][15] angle: 0 side: N Area_Exposed: 1.37225 Perc_Exposed: 20.6353
Instance: key_reg_reg[6][16] angle: 0 side: N Area_Exposed: 1.40902 Perc_Exposed: 21.1883
Instance: key_reg_reg[6][17] angle: 0 side: N Area_Exposed: 1.45785 Perc_Exposed: 21.9226
Instance: key_reg_reg[6][18] angle: 0 side: N Area_Exposed: 2.04188 Perc_Exposed: 30.7049
Instance: key_reg_reg[6][19] angle: 0 side: N Area_Exposed: 0.715825 Perc_Exposed: 10.7643
Instance: key_reg_reg[6][20] angle: 0 side: N Area_Exposed: 2.50615 Perc_Exposed: 37.6865
Instance: key_reg_reg[6][21] angle: 0 side: N Area_Exposed: 1.91038 Perc_Exposed: 28.7274
Instance: key_reg_reg[6][22] angle: 0 side: N Area_Exposed: 1.09248 Perc_Exposed: 16.4282
Instance: key_reg_reg[6][23] angle: 0 side: N Area_Exposed: 2.2241 Perc_Exposed: 33.4451
Instance: key_reg_reg[6][24] angle: 0 side: N Area_Exposed: 2.06495 Perc_Exposed: 31.0519
Instance: key_reg_reg[6][25] angle: 0 side: N Area_Exposed: 0.52675 Perc_Exposed: 7.92105
Instance: key_reg_reg[6][26] angle: 0 side: N Area_Exposed: 1.11075 Perc_Exposed: 16.703
Instance: key_reg_reg[6][27] angle: 0 side: N Area_Exposed: 2.23635 Perc_Exposed: 33.6293
Instance: key_reg_reg[6][28] angle: 0 side: N Area_Exposed: 2.7497 Perc_Exposed: 41.3489
Instance: key_reg_reg[6][29] angle: 0 side: N Area_Exposed: 1.6664 Perc_Exposed: 25.0586
Instance: key_reg_reg[6][30] angle: 0 side: N Area_Exposed: 2.18842 Perc_Exposed: 32.9086
Instance: key_reg_reg[6][31] angle: 0 side: N Area_Exposed: 1.74118 Perc_Exposed: 26.1831
Instance: key_reg_reg[7][0] angle: 0 side: N Area_Exposed: 1.58505 Perc_Exposed: 23.8353
Instance: key_reg_reg[7][1] angle: 0 side: N Area_Exposed: 1.68995 Perc_Exposed: 25.4128
Instance: key_reg_reg[7][2] angle: 0 side: N Area_Exposed: 2.54395 Perc_Exposed: 38.2549
Instance: key_reg_reg[7][3] angle: 0 side: N Area_Exposed: 0.8663 Perc_Exposed: 13.0271
Instance: key_reg_reg[7][4] angle: 0 side: N Area_Exposed: 0.570725 Perc_Exposed: 8.58233
Instance: key_reg_reg[7][5] angle: 0 side: N Area_Exposed: 2.09795 Perc_Exposed: 31.5481
Instance: key_reg_reg[7][6] angle: 0 side: N Area_Exposed: 2.0972 Perc_Exposed: 31.5368
Instance: key_reg_reg[7][7] angle: 0 side: N Area_Exposed: 1.55952 Perc_Exposed: 23.4515
Instance: key_reg_reg[7][8] angle: 0 side: N Area_Exposed: 2.393 Perc_Exposed: 35.985
Instance: key_reg_reg[7][9] angle: 0 side: N Area_Exposed: 2.1847 Perc_Exposed: 32.8526
Instance: key_reg_reg[7][10] angle: 0 side: N Area_Exposed: 1.57977 Perc_Exposed: 23.756
Instance: key_reg_reg[7][11] angle: 0 side: N Area_Exposed: 2.9685 Perc_Exposed: 44.6391
Instance: key_reg_reg[7][12] angle: 0 side: N Area_Exposed: 1.8923 Perc_Exposed: 28.4556
Instance: key_reg_reg[7][13] angle: 0 side: N Area_Exposed: 1.55787 Perc_Exposed: 23.4267
Instance: key_reg_reg[7][14] angle: 0 side: N Area_Exposed: 1.37613 Perc_Exposed: 20.6936
Instance: key_reg_reg[7][15] angle: 0 side: N Area_Exposed: 2.05092 Perc_Exposed: 30.841
Instance: key_reg_reg[7][16] angle: 0 side: N Area_Exposed: 1.8206 Perc_Exposed: 27.3774
Instance: key_reg_reg[7][17] angle: 0 side: N Area_Exposed: 1.1585 Perc_Exposed: 17.4211
Instance: key_reg_reg[7][18] angle: 0 side: N Area_Exposed: 2.20202 Perc_Exposed: 33.1132
Instance: key_reg_reg[7][19] angle: 0 side: N Area_Exposed: 1.17372 Perc_Exposed: 17.65
Instance: key_reg_reg[7][20] angle: 0 side: N Area_Exposed: 1.36282 Perc_Exposed: 20.4936
Instance: key_reg_reg[7][21] angle: 0 side: N Area_Exposed: 2.50927 Perc_Exposed: 37.7335
Instance: key_reg_reg[7][22] angle: 0 side: N Area_Exposed: 1.6598 Perc_Exposed: 24.9594
Instance: key_reg_reg[7][23] angle: 0 side: N Area_Exposed: 1.96735 Perc_Exposed: 29.5842
Instance: key_reg_reg[7][24] angle: 0 side: N Area_Exposed: 1.6108 Perc_Exposed: 24.2226
Instance: key_reg_reg[7][25] angle: 0 side: N Area_Exposed: 0.937375 Perc_Exposed: 14.0959
Instance: key_reg_reg[7][26] angle: 0 side: N Area_Exposed: 1.4196 Perc_Exposed: 21.3474
Instance: key_reg_reg[7][27] angle: 0 side: N Area_Exposed: 1.66255 Perc_Exposed: 25.0008
Instance: key_reg_reg[7][28] angle: 0 side: N Area_Exposed: 2.57337 Perc_Exposed: 38.6974
Instance: key_reg_reg[7][29] angle: 0 side: N Area_Exposed: 1.83575 Perc_Exposed: 27.6053
Instance: key_reg_reg[7][30] angle: 0 side: N Area_Exposed: 2.22665 Perc_Exposed: 33.4835
Instance: key_reg_reg[7][31] angle: 0 side: N Area_Exposed: 1.23 Perc_Exposed: 18.4962
Instance: core_keymem_key_mem_ctrl_reg_reg[0] angle: 0 side: N Area_Exposed: 1.1908 Perc_Exposed: 22.3835
Instance: core_keymem_key_mem_ctrl_reg_reg[1] angle: 0 side: N Area_Exposed: 1.9263 Perc_Exposed: 36.2086
