Weights:
	des_issues:		0.25
	fsp_fi_ea_c_avg:		(1/6)
	fsp_fi_ea_c_max:		(1/3)
	des_perf_setup_TNS:		0.5
	fsp_fi_ea_n_avg:		(1/6)
	ti_sts_max:		(1/3)
	des_perf:		0.25
	ti_fts_total:		0.5
	des_area:		0.25
	ti_fts_avg:		(1/6)
	fsp_fi_ea_n:		0.5
	fsp_fi_ea_n_total:		0.5
	ti_sts:		0.5
	fsp_fi_ea_n_max:		(1/3)
	des_perf_setup_FEP:		(1/6)
	fsp_fi_ea_c_total:		0.5
	fsp_fi_ea_c:		0.5
	ti_sts_avg:		(1/6)
	ti_fts:		0.5
	ti_sts_total:		0.5
	ti_fts_max:		(1/3)
	des_p_total:		0.25
	des_perf_setup_WNS:		(1/3)

Constraints:
	des_issues:		2
	des_perf:		20
	des_area:		3
	des_p_total:		10

Baseline metrics:
	des_issues:		2626
	fsp_fi_ea_c_avg:		18.771
	fsp_fi_ea_c_max:		67.1936
	des_perf_setup_TNS:		-1.432
	fsp_fi_ea_n_avg:		36.5009
	ti_sts_max:		48
	ti_fts_total:		2922
	des_area:		40149.9336
	ti_fts_avg:		100.75
	fsp_fi_ea_n_total:		3997.21
	fsp_fi_ea_n_max:		97.2686
	des_perf_setup_FEP:		30
	fsp_fi_ea_c_total:		358.193
	ti_sts_avg:		26.68
	ti_sts_total:		774
	ti_fts_max:		159
	des_p_total:		67.72036106
	des_perf_setup_WNS:		-0.126

Submission metrics:
	des_issues:		0
	fsp_fi_ea_c_avg:		24.3872
	fsp_fi_ea_c_max:		49.5301
	des_perf_setup_TNS:		-70.552
	fsp_fi_ea_n_avg:		42.8706
	ti_sts_max:		0
	ti_fts_total:		0
	des_area:		37035.2864
	ti_fts_avg:		0
	fsp_fi_ea_n_total:		2114.72
	fsp_fi_ea_n_max:		95.6355
	des_perf_setup_FEP:		983
	fsp_fi_ea_c_total:		433.971
	ti_sts_avg:		0
	ti_sts_total:		0
	ti_fts_max:		0
	des_p_total:		61.78170322
	des_perf_setup_WNS:		-0.400

Base scores (non-weighted):
	des_issues:		0
	fsp_fi_ea_c_avg:		1.29919
	fsp_fi_ea_c_max:		.73712
	des_perf_setup_TNS:		49.26815
	fsp_fi_ea_n_avg:		1.17450
	ti_sts_max:		0
	ti_fts_total:		0
	des_area:		.92242
	ti_fts_avg:		0
	fsp_fi_ea_n_total:		.52904
	fsp_fi_ea_n_max:		.98321
	des_perf_setup_FEP:		32.76666
	fsp_fi_ea_c_total:		1.21155
	ti_sts_avg:		0
	ti_sts_total:		0
	ti_fts_max:		0
	des_p_total:		.91230
	des_perf_setup_WNS:		3.17460

Scores (weighted):
	des_issues:		0.00000
	OVERALL:		3.82662
	des_perf:		31.15314
	des:		8.24696
	des_area:		0.92242
	fsp_fi_ea_n:		0.78800
	ti_sts:		0.00001
	fsp_fi_ea_c:		1.06800
	ti_fts:		0.00001
	fsp_fi:		0.92800
	ti:		0.00001
	des_p_total:		0.91230

Constraints checks:
Check for score component "des_issues" passed.
ERROR: Check for score component "des_perf" failed.
Check for score component "des_area" passed.
Check for score component "des_p_total" passed.

