Total exposed area across net assets: 1832.77
Max exposure [%] across net assets: 91.6527
Avg exposure [%] across net assets: 44.5946

#NetName TotalAreaNet PercentageExposedAreaNet
FE_OFN480_core_new_sboxw_28 6.07775 21.7704
FE_OFN426_core_round_key_53 0.2142 22.9925
FE_OFN406_core_new_sboxw_4 1.1956 21.5415
FE_OFN399_core_new_sboxw_8 0.78925 25.0934
FE_OFN385_core_new_sboxw_9 0.56035 2.57875
FE_OFN384_core_new_sboxw_15 19.3252 60.2463
FE_OFN375_core_new_sboxw_30 2.90535 24.1847
FE_OFN374_core_new_sboxw_0 0.7287 13.0849
FE_OFN367_core_new_sboxw_11 38.9068 80.3879
core_new_sboxw[31] 19.8447 69.2194
core_new_sboxw[30] 54.0149 81.1528
core_new_sboxw[29] 35.6864 61.7557
core_new_sboxw[28] 32.6789 55.5863
core_new_sboxw[27] 44.5106 69.7817
core_new_sboxw[26] 18.9173 57.4901
core_new_sboxw[25] 19.7743 51.3636
core_new_sboxw[24] 43.9436 79.374
core_new_sboxw[23] 7.46235 41.8297
core_new_sboxw[22] 12.6994 40.8301
core_new_sboxw[21] 18.794 61.4403
core_new_sboxw[20] 32.6443 60.5156
core_new_sboxw[19] 12.7379 58.3083
core_new_sboxw[18] 24.0534 60.675
core_new_sboxw[17] 46.4016 80.0406
core_new_sboxw[16] 44.6625 79.6358
core_new_sboxw[15] 43.0938 91.6527
core_new_sboxw[14] 0.9268 38.0287
core_new_sboxw[13] 103.942 88.9226
core_new_sboxw[12] 70.6934 88.375
core_new_sboxw[11] 15.4504 73.147
core_new_sboxw[10] 31.8255 45.8331
core_new_sboxw[9] 31.6071 52.8327
core_new_sboxw[8] 43.4389 86.2982
core_new_sboxw[7] 64.5151 76.5307
core_new_sboxw[6] 19.4894 39.0297
core_new_sboxw[5] 14.1239 10.342
core_new_sboxw[4] 62.291 73.9395
core_new_sboxw[3] 44.8263 52.7021
core_new_sboxw[2] 30.4767 58.3253
core_new_sboxw[1] 25.8027 48.3635
core_new_sboxw[0] 20.4522 49.0017
core_keymem_sboxw[31] 0.6664 34.1124
core_keymem_sboxw[30] 3.0534 52.8657
core_keymem_sboxw[29] 0.5796 10.3865
core_keymem_sboxw[28] 5.4824 61.8233
core_keymem_sboxw[27] 5.6539 14.8216
core_keymem_sboxw[26] 0.0882 29.3651
core_keymem_sboxw[25] 0.49525 47.2792
core_keymem_sboxw[24] 1.5799 24.3939
core_keymem_sboxw[23] 8.81825 35.0824
core_keymem_sboxw[22] 5.3998 50.3306
core_keymem_sboxw[21] 0.2177 84.2444
core_keymem_sboxw[20] 9.478 70.8346
core_keymem_sboxw[19] 0.6258 34.4559
core_keymem_sboxw[18] 0.86555 65.935
core_keymem_sboxw[17] 0.5978 51.4219
core_keymem_sboxw[16] 8.8515 53.6576
core_keymem_sboxw[15] 15.4973 46.7236
core_keymem_sboxw[14] 0.3801 54.1436
core_keymem_sboxw[13] 4.3855 47.4484
core_keymem_sboxw[12] 0.3549 6.31164
core_keymem_sboxw[11] 12.6455 66.5737
core_keymem_sboxw[10] 5.7834 35.493
core_keymem_sboxw[9] 0.5502 17.0211
core_keymem_sboxw[8] 10.8619 61.6409
core_keymem_sboxw[7] 11.0572 39.1756
core_keymem_sboxw[6] 9.91305 71.3131
core_keymem_sboxw[5] 20.034 59.8836
core_keymem_sboxw[4] 1.8858 17.5734
core_keymem_sboxw[3] 2.9806 40.252
core_keymem_sboxw[2] 4.4758 61.8079
core_keymem_sboxw[1] 6.1572 67.4682
core_keymem_sboxw[0] 2.9519 53.9957
core_aes_core_ctrl_reg[1] 0.3409 68.9938
core_aes_core_ctrl_reg[0] 0.9744 24.3175
key_reg[0][31] 1.1522 48.4812
key_reg[0][30] 1.1487 41.2075
key_reg[0][29] 0.9947 39.6904
key_reg[0][28] 3.90355 12.2382
key_reg[0][27] 0.9324 20.533
key_reg[0][26] 1.10285 34.2907
key_reg[0][25] 2.95103 23.9637
key_reg[0][24] 1.0661 36.0051
key_reg[0][23] 0.65485 42.9449
key_reg[0][22] 1.31985 18.0134
key_reg[0][21] 2.268 31.8
key_reg[0][20] 2.6502 52.6215
key_reg[0][19] 1.3426 36.6025
key_reg[0][18] 1.21485 38.0232
key_reg[0][17] 0.8743 55.9648
key_reg[0][16] 0.9247 29.0689
key_reg[0][15] 0.9051 29.1183
key_reg[0][14] 1.246 21.4185
key_reg[0][13] 1.1473 37.3769
key_reg[0][12] 1.03985 57.2246
key_reg[0][11] 2.73105 53.7403
key_reg[0][10] 1.5477 35.2555
key_reg[0][9] 1.2537 56.9793
key_reg[0][8] 2.2855 41.667
key_reg[0][7] 1.2803 33.2422
key_reg[0][6] 1.2292 47.1689
key_reg[0][5] 0.8897 52.4784
key_reg[0][4] 1.8683 34.9275
key_reg[0][3] 3.3215 51.9389
key_reg[0][2] 1.38915 43.5014
key_reg[0][1] 1.0794 39.6077
key_reg[0][0] 2.7727 37.8277
key_reg[1][31] 4.22905 33.9172
key_reg[1][30] 1.015 39.6355
key_reg[1][29] 3.99315 22.9956
key_reg[1][28] 1.7409 58.1021
key_reg[1][27] 2.3254 18.671
key_reg[1][26] 0.61495 47.8901
key_reg[1][25] 1.19735 42.4333
key_reg[1][24] 1.33 15.2368
key_reg[1][23] 1.5932 37.6428
key_reg[1][22] 1.561 37.0179
key_reg[1][21] 1.91765 67.631
key_reg[1][20] 4.4702 38.9306
key_reg[1][19] 0.79905 35.0416
key_reg[1][18] 1.1599 25.8212
key_reg[1][17] 0.69405 30.1239
key_reg[1][16] 0.8498 57.0428
key_reg[1][15] 3.22525 24.7725
key_reg[1][14] 2.5389 62.6413
key_reg[1][13] 1.58585 55.9038
key_reg[1][12] 1.9103 29.6891
key_reg[1][11] 1.0843 55.0447
key_reg[1][10] 0.80955 52.3346
key_reg[1][9] 2.09195 19.3241
key_reg[1][8] 1.0115 51.1419
key_reg[1][7] 1.3209 46.0652
key_reg[1][6] 0.94185 32.8874
key_reg[1][5] 1.3342 42.4711
key_reg[1][4] 1.37095 7.93246
key_reg[1][3] 1.3748 18.8518
key_reg[1][2] 1.2019 51.1939
key_reg[1][1] 1.89735 18.9185
key_reg[1][0] 0.826175 28.2144
key_reg[2][31] 1.4063 54.2061
key_reg[2][30] 3.9662 67.8345
key_reg[2][29] 1.04685 41.7514
key_reg[2][28] 2.3891 61.8957
key_reg[2][27] 0.8953 44.4879
key_reg[2][26] 1.54665 53.388
key_reg[2][25] 1.66285 14.5233
key_reg[2][24] 0.51205 34.2008
key_reg[2][23] 1.0213 21.5216
key_reg[2][22] 1.2152 37.5864
key_reg[2][21] 0.77 37.1299
key_reg[2][20] 1.5631 40.1542
key_reg[2][19] 0.82915 45.6733
key_reg[2][18] 1.24565 51.6919
key_reg[2][17] 1.4868 46.4218
key_reg[2][16] 3.7471 66.0658
key_reg[2][15] 1.9229 37.5865
key_reg[2][14] 0.95025 29.116
key_reg[2][13] 1.7164 60.2336
key_reg[2][12] 0.938 61.8443
key_reg[2][11] 0.73115 55.146
key_reg[2][10] 2.3807 33.5563
key_reg[2][9] 0.85225 50.7187
key_reg[2][8] 0.7854 51.7221
key_reg[2][7] 1.0577 10.7521
key_reg[2][6] 1.7381 61.8765
key_reg[2][5] 2.4836 42.8481
key_reg[2][4] 1.38985 37.3835
key_reg[2][3] 1.67405 49.6968
key_reg[2][2] 1.1424 47.897
key_reg[2][1] 0.798 43.8064
key_reg[2][0] 0.82355 6.88483
key_reg[3][31] 0.86765 42.6583
key_reg[3][30] 1.23585 41.7445
key_reg[3][29] 0.9933 48.5729
key_reg[3][28] 3.58435 52.3909
key_reg[3][27] 3.5868 58.0176
key_reg[3][26] 1.4693 28.8998
key_reg[3][25] 0.9268 25.7742
key_reg[3][24] 3.6288 46.2453
key_reg[3][23] 1.4567 28.1046
key_reg[3][22] 1.66915 39.9859
key_reg[3][21] 3.26095 69.397
key_reg[3][20] 0.81445 24.845
key_reg[3][19] 0.7427 57.9642
key_reg[3][18] 1.0633 40.4872
key_reg[3][17] 1.30515 45.4009
key_reg[3][16] 1.0752 46.2891
key_reg[3][15] 1.246 41.3844
key_reg[3][14] 2.74785 67.864
key_reg[3][13] 0.5474 19.1176
key_reg[3][12] 0.672 28.8281
key_reg[3][11] 5.0547 77.5743
key_reg[3][10] 2.086 48.8543
key_reg[3][9] 1.50675 9.30811
key_reg[3][8] 1.19 66.2059
key_reg[3][7] 1.6758 53.4461
key_reg[3][6] 1.8333 51.9282
key_reg[3][5] 1.0556 42.6393
key_reg[3][4] 0.8302 53.0234
key_reg[3][3] 3.1241 37.4524
key_reg[3][2] 1.7304 44.2152
key_reg[3][1] 0.91735 23.9903
key_reg[3][0] 1.9565 33.298
key_reg[4][31] 0.4004 11.526
key_reg[4][30] 0.3402 28.9903
key_reg[4][29] 0.35 57.6
key_reg[4][28] 0.35 73.2
key_reg[4][27] 0.42 28.0833
key_reg[4][26] 0.5278 36.5385
key_reg[4][25] 0.3983 43.761
key_reg[4][24] 0.50225 26.5505
key_reg[4][23] 0.4081 43.0164
key_reg[4][22] 0.4298 32.137
key_reg[4][21] 0.3962 16.0209
key_reg[4][20] 0.4326 36.165
key_reg[4][19] 0.42315 50.7858
key_reg[4][18] 0.4263 22.4959
key_reg[4][17] 0.4816 42.1512
key_reg[4][16] 0.4998 21.4636
key_reg[4][15] 0.3962 62.1025
key_reg[4][14] 0.38955 5.46143
key_reg[4][13] 0.7924 53.8869
key_reg[4][12] 0.3647 70.9213
key_reg[4][11] 0.40565 48.7489
key_reg[4][10] 0.448 58.5937
key_reg[4][9] 0.4718 51.1869
key_reg[4][8] 0.3787 66.2662
key_reg[4][7] 0.3598 30.3988
key_reg[4][6] 0.3885 42.7928
key_reg[4][5] 0.4263 57.8818
key_reg[4][4] 0.401975 11.0797
key_reg[4][3] 0.4473 49.687
key_reg[4][2] 0.3892 46.0432
key_reg[4][1] 0.35 59.7
key_reg[4][0] 0.4249 25.7825
key_reg[5][31] 0.3304 55.7733
key_reg[5][30] 0.3304 13.3172
key_reg[5][29] 0.35 52.7
key_reg[5][28] 0.40565 61.5186
key_reg[5][27] 0.3787 39.0943
key_reg[5][26] 0.3304 48.6229
key_reg[5][25] 0.4529 30.0508
key_reg[5][24] 0.413 45.9322
key_reg[5][23] 0.3983 15.4657
key_reg[5][22] 0.4466 21.854
key_reg[5][21] 0.4816 58.2122
key_reg[5][20] 0.413 33.4867
key_reg[5][19] 0.3913 67.723
key_reg[5][18] 0.9128 43.2515
key_reg[5][17] 0.35 72.3
key_reg[5][16] 0.7616 61.0754
key_reg[5][15] 0.4277 28.0804
key_reg[5][14] 0.497 60.9155
key_reg[5][13] 0.3871 13.2911
key_reg[5][12] 0.3738 73.221
key_reg[5][11] 0.4424 37.0423
key_reg[5][10] 0.4137 53.8071
key_reg[5][9] 0.5145 17.0068
key_reg[5][8] 0.38115 22.8191
key_reg[5][7] 0.3696 32.7381
key_reg[5][6] 0.413 60.2058
key_reg[5][5] 0.7196 5.98249
key_reg[5][4] 0.3402 58.8477
key_reg[5][3] 0.4081 26.9542
key_reg[5][2] 0.5026 39.4797
key_reg[5][1] 0.6244 49.5436
key_reg[5][0] 0.45465 49.4226
key_reg[6][31] 0.3871 40.642
key_reg[6][30] 0.5306 41.6557
key_reg[6][29] 0.4277 13.6661
key_reg[6][28] 0.74305 29.5337
key_reg[6][27] 0.32795 0
key_reg[6][26] 0.4067 25.3873
key_reg[6][25] 0.5579 2.2271
key_reg[6][24] 0.4543 30.3159
key_reg[6][23] 0.4312 31.0877
key_reg[6][22] 0.4914 13.1054
key_reg[6][21] 0.4725 51.4815
key_reg[6][20] 0.3647 54.7985
key_reg[6][19] 0.4466 33.8558
key_reg[6][18] 0.7175 39.0488
key_reg[6][17] 0.3983 55.3101
key_reg[6][16] 0.3647 11.5986
key_reg[6][15] 0.4445 63.7795
key_reg[6][14] 0.4361 2.72873
key_reg[6][13] 0.35 67.4
key_reg[6][12] 0.5145 27.2546
key_reg[6][11] 0.4081 60.5918
key_reg[6][10] 0.4571 56.4319
key_reg[6][9] 0.38115 5.50964
key_reg[6][8] 0.4081 78.4734
key_reg[6][7] 0.3304 66.3136
key_reg[6][6] 0.4333 3.40988
key_reg[6][5] 0.3983 68.1898
key_reg[6][4] 0.38605 64.7779
key_reg[6][3] 0.4326 47.4919
key_reg[6][2] 0.3598 67.5097
key_reg[6][1] 0.7259 49.9036
key_reg[6][0] 0.413 65.678
key_reg[7][31] 0.4081 47.6354
key_reg[7][30] 0.3787 74.8614
key_reg[7][29] 0.3836 15.4197
key_reg[7][28] 0.3787 12.2524
key_reg[7][27] 0.3787 42.8835
key_reg[7][26] 0.413 65.0847
key_reg[7][25] 0.32795 19.8735
key_reg[7][24] 0.7371 24.247
key_reg[7][23] 0.4333 48.1826
key_reg[7][22] 0.3871 49.4575
key_reg[7][21] 0.3983 11.4236
key_reg[7][20] 0.5285 43.245
key_reg[7][19] 0.35 30.6214
key_reg[7][18] 0.4277 14.578
key_reg[7][17] 0.4186 48.7817
key_reg[7][16] 0.41265 48.855
key_reg[7][15] 0.4585 67.0992
key_reg[7][14] 0.4179 71.5243
key_reg[7][13] 0.3402 47.1708
key_reg[7][12] 0.41545 6.57119
key_reg[7][11] 0.4851 74.1342
key_reg[7][10] 0.41055 45.2685
key_reg[7][9] 0.6426 36.2589
key_reg[7][8] 0.5194 49.3598
key_reg[7][7] 0.35 62.4
key_reg[7][6] 0.4081 71.6123
key_reg[7][5] 0.3892 40.5576
key_reg[7][4] 0.5593 47.2466
key_reg[7][3] 0.3983 11.775
key_reg[7][2] 0.4564 40.1293
key_reg[7][1] 0.3969 8.67977
key_reg[7][0] 0.38605 29.1478
core_round_key[126] 24.6965 85.1336
core_round_key[125] 17.64 58.5745
core_round_key[124] 13.1464 41.4685
core_round_key[122] 2.25295 12.3072
core_round_key[116] 18.256 37.0102
core_round_key[115] 17.0352 42.7647
core_round_key[114] 4.5395 18.0493
core_round_key[113] 6.2139 70.5821
core_round_key[112] 6.4533 61.4871
core_round_key[111] 13.1341 41.2879
core_round_key[108] 18.9406 51.7948
core_round_key[106] 9.3016 62.16
core_round_key[104] 11.3425 61.8495
core_round_key[103] 26.795 63.0515
core_round_key[102] 19.9199 55.8961
core_round_key[100] 7.6895 40.2803
core_round_key[99] 10.8363 56.3541
core_round_key[98] 3.7926 20.861
core_round_key[97] 6.1208 35.1453
core_round_key[96] 8.45985 54.0237
core_round_key[91] 10.0758 45.289
core_round_key[89] 16.0237 47.3258
core_round_key[88] 17.6743 67.0312
core_round_key[84] 25.7712 55.7717
core_round_key[83] 19.3449 47.0062
core_round_key[82] 10.4083 44.9437
core_round_key[81] 9.6019 36.4037
core_round_key[80] 12.6774 31.311
core_round_key[79] 25.2844 69.7425
core_round_key[78] 21.4155 38.9196
core_round_key[77] 19.1664 10.0943
core_round_key[76] 23.7636 68.7961
core_round_key[75] 16.4122 46.557
core_round_key[73] 16.9442 62.1866
core_round_key[72] 17.9221 64.1554
core_round_key[71] 26.7029 71.54
core_round_key[70] 20.4246 58.4112
core_round_key[69] 28.0074 59.689
core_round_key[68] 7.7196 29.1149
core_round_key[67] 8.9726 48.0474
core_round_key[66] 9.6775 56.3973
core_round_key[65] 12.8751 55.3813
core_round_key[64] 4.03375 40.0626
core_round_key[62] 11.4079 57.7904
core_round_key[61] 15.4459 46.124
core_round_key[60] 11.3453 53.2359
core_round_key[59] 10.8059 65.4675
core_round_key[58] 3.7786 6.96819
core_round_key[57] 14.798 53.775
core_round_key[56] 17.0433 86.1683
core_round_key[54] 11.6683 27.4303
core_round_key[53] 26.8048 56.3263
core_round_key[52] 18.2497 50.613
core_round_key[51] 17.948 54.3214
core_round_key[50] 12.9213 29.663
core_round_key[49] 10.6589 59.9096
core_round_key[48] 17.1255 49.9531
core_round_key[45] 43.2968 75.2703
core_round_key[44] 21.9727 35.4374
core_round_key[43] 22.336 63.6822
core_round_key[41] 17.8866 63.1773
core_round_key[39] 24.4213 49.7363
core_round_key[37] 27.1338 62.1446
core_round_key[36] 7.2863 25.1077
core_round_key[35] 9.81995 53.9211
core_round_key[34] 10.5196 63.0616
core_round_key[28] 13.0939 50.0586
core_round_key[26] 4.9826 37.7865
core_round_key[25] 11.3827 61.152
core_round_key[24] 24.1613 71.5681
core_round_key[23] 78.4002 85.8245
core_round_key[21] 87.9617 86.7416
core_round_key[19] 12.1611 33.6168
core_round_key[18] 9.1903 50.5256
core_round_key[17] 7.0819 38.8021
core_round_key[16] 13.559 63.9133
core_round_key[15] 23.4371 61.6632
core_round_key[14] 22.6667 36.0288
core_round_key[13] 15.1053 33.1619
core_round_key[12] 15.854 39.7686
core_round_key[11] 20.4421 60.7649
core_round_key[10] 12.0333 55.8456
core_round_key[7] 18.1878 49.9677
core_round_key[6] 22.6247 25.3701
core_round_key[4] 6.573 54.7908
core_round_key[3] 10.1843 18.8656
core_round_key[2] 11.99 46.4116
core_round_key[0] 6.1719 45.2583
core_keymem_key_mem_ctrl_reg[1] 0.37765 23.911
core_keymem_key_mem_ctrl_reg[0] 0.63315 41.4238
