Weights:
	des_issues:		0.25
	des_perf:		0.25
	ti_fts_total:		0.5
	des_perf_setup_FEP:		(1/6)
	fsp_fi_ea_c_total:		0.5
	ti_fts:		0.5
	des_p_total:		0.25
	des_perf_setup_WNS:		(1/3)
	fsp_fi_ea_c_avg:		(1/6)
	fsp_fi_ea_c_max:		(1/3)
	des_perf_setup_TNS:		0.5
	fsp_fi_ea_n_avg:		(1/6)
	ti_sts_max:		(1/3)
	des_area:		0.25
	ti_fts_avg:		(1/6)
	fsp_fi_ea_n:		0.5
	fsp_fi_ea_n_total:		0.5
	ti_sts:		0.5
	fsp_fi_ea_n_max:		(1/3)
	fsp_fi_ea_c:		0.5
	ti_sts_avg:		(1/6)
	ti_sts_total:		0.5
	ti_fts_max:		(1/3)

Constraints:
	des_issues:		2
	des_perf:		20
	des_p_total:		10
	des_area:		3

Baseline metrics:
	des_issues:		138
	ti_fts_total:		17168
	des_perf_setup_FEP:		0
	fsp_fi_ea_c_total:		469.822
	des_p_total:		0.37701740
	des_perf_setup_WNS:		6.813
	fsp_fi_ea_c_avg:		58.6375
	fsp_fi_ea_c_max:		82.4023
	des_perf_setup_TNS:		0.000
	fsp_fi_ea_n_avg:		72.1485
	ti_sts_max:		374
	des_area:		4300.5284
	ti_fts_avg:		235.17
	fsp_fi_ea_n_total:		110.907
	fsp_fi_ea_n_max:		99.5131
	ti_sts_avg:		83.79
	ti_sts_total:		6117
	ti_fts_max:		523

Submission metrics:
	des_issues:		0
	ti_fts_total:		1732
	des_perf_setup_FEP:		0
	fsp_fi_ea_c_total:		320.242
	des_p_total:		0.22226009
	des_perf_setup_WNS:		6.993
	fsp_fi_ea_c_avg:		41.6456
	fsp_fi_ea_c_max:		75.094
	des_perf_setup_TNS:		0.000
	fsp_fi_ea_n_avg:		64.4188
	ti_sts_max:		196
	des_area:		2561.6332
	ti_fts_avg:		433.00
	fsp_fi_ea_n_total:		173.571
	fsp_fi_ea_n_max:		100
	ti_sts_avg:		144.00
	ti_sts_total:		576
	ti_fts_max:		612

Base scores (non-weighted):
	des_issues:		0
	ti_fts_total:		.10088
	des_perf_setup_FEP:		0
	fsp_fi_ea_c_total:		.68162
	des_p_total:		.58952
	des_perf_setup_WNS:		0
	fsp_fi_ea_c_avg:		.71022
	fsp_fi_ea_c_max:		.91130
	des_perf_setup_TNS:		0
	fsp_fi_ea_n_avg:		.89286
	ti_sts_max:		.52406
	des_area:		.59565
	ti_fts_avg:		1.84122
	fsp_fi_ea_n_total:		1.56501
	fsp_fi_ea_n_max:		1.00489
	ti_sts_avg:		1.71858
	ti_sts_total:		.09416
	ti_fts_max:		1.17017

Scores (weighted):
	des_issues:		0.00000
	OVERALL:		0.24331
	des_perf:		0.00001
	ti_fts:		0.74735
	fsp_fi:		1.01460
	des_p_total:		0.58952
	des:		0.29630
	des_area:		0.59565
	fsp_fi_ea_n:		1.26625
	ti_sts:		0.50818
	fsp_fi_ea_c:		0.76294
	ti:		0.62776

Constraints checks:
Check for score component "des_issues" passed.
Check for score component "des_perf" passed.
Check for score component "des_p_total" passed.
Check for score component "des_area" passed.

