Weights:
	des_issues:		0.25
	des_perf:		0.25
	ti_fts_total:		0.5
	des_perf_setup_FEP:		(1/6)
	fsp_fi_ea_c_total:		0.5
	ti_fts:		0.5
	des_p_total:		0.25
	des_perf_setup_WNS:		(1/3)
	fsp_fi_ea_c_avg:		(1/6)
	fsp_fi_ea_c_max:		(1/3)
	des_perf_setup_TNS:		0.5
	fsp_fi_ea_n_avg:		(1/6)
	ti_sts_max:		(1/3)
	des_area:		0.25
	ti_fts_avg:		(1/6)
	fsp_fi_ea_n:		0.5
	fsp_fi_ea_n_total:		0.5
	ti_sts:		0.5
	fsp_fi_ea_n_max:		(1/3)
	fsp_fi_ea_c:		0.5
	ti_sts_avg:		(1/6)
	ti_sts_total:		0.5
	ti_fts_max:		(1/3)

Constraints:
	des_issues:		2
	des_perf:		20
	des_p_total:		10
	des_area:		3

Baseline metrics:
	des_issues:		169
	ti_fts_total:		1444
	des_perf_setup_FEP:		0
	fsp_fi_ea_c_total:		407.757
	des_p_total:		1.48222147
	des_perf_setup_WNS:		0.110
	fsp_fi_ea_c_avg:		53.6737
	fsp_fi_ea_c_max:		75.5882
	des_perf_setup_TNS:		0.000
	fsp_fi_ea_n_avg:		71.7035
	ti_sts_max:		29
	des_area:		5442.626
	ti_fts_avg:		144.40
	fsp_fi_ea_n_total:		180.984
	fsp_fi_ea_n_max:		100
	ti_sts_avg:		25.00
	ti_sts_total:		250
	ti_fts_max:		198

Submission metrics:
	des_issues:		0
	ti_fts_total:		128
	des_perf_setup_FEP:		0
	fsp_fi_ea_c_total:		278.304
	des_p_total:		1.16552702
	des_perf_setup_WNS:		0.044
	fsp_fi_ea_c_avg:		36.6337
	fsp_fi_ea_c_max:		67.667
	des_perf_setup_TNS:		0.000
	fsp_fi_ea_n_avg:		53.0787
	ti_sts_max:		30
	des_area:		4821.8352
	ti_fts_avg:		128.00
	fsp_fi_ea_n_total:		378.483
	fsp_fi_ea_n_max:		97.7755
	ti_sts_avg:		30.00
	ti_sts_total:		30
	ti_fts_max:		128

Base scores (non-weighted):
	des_issues:		0
	ti_fts_total:		.08864
	des_perf_setup_FEP:		0
	fsp_fi_ea_c_total:		.68252
	des_p_total:		.78633
	des_perf_setup_WNS:		0
	fsp_fi_ea_c_avg:		.68252
	fsp_fi_ea_c_max:		.89520
	des_perf_setup_TNS:		0
	fsp_fi_ea_n_avg:		.74025
	ti_sts_max:		1.03448
	des_area:		.88593
	ti_fts_avg:		.88642
	fsp_fi_ea_n_total:		2.09125
	fsp_fi_ea_n_max:		.97775
	ti_sts_avg:		1.20000
	ti_sts_total:		.12000
	ti_fts_max:		.64646

Scores (weighted):
	des_issues:		0.00000
	OVERALL:		0.34079
	des_perf:		0.00001
	ti_fts:		0.40753
	fsp_fi:		1.12415
	des_p_total:		0.78633
	des:		0.41807
	des_area:		0.88593
	fsp_fi_ea_n:		1.49490
	ti_sts:		0.60481
	fsp_fi_ea_c:		0.75340
	ti:		0.50618

Constraints checks:
Check for score component "des_issues" passed.
Check for score component "des_perf" passed.
Check for score component "des_p_total" passed.
Check for score component "des_area" passed.

