Weights:
	des_issues:		0.25
	des_perf:		0.25
	ti_fts_total:		0.5
	des_perf_setup_FEP:		(1/6)
	fsp_fi_ea_c_total:		0.5
	ti_fts:		0.5
	des_p_total:		0.25
	des_perf_setup_WNS:		(1/3)
	fsp_fi_ea_c_avg:		(1/6)
	fsp_fi_ea_c_max:		(1/3)
	des_perf_setup_TNS:		0.5
	fsp_fi_ea_n_avg:		(1/6)
	ti_sts_max:		(1/3)
	des_area:		0.25
	ti_fts_avg:		(1/6)
	fsp_fi_ea_n:		0.5
	fsp_fi_ea_n_total:		0.5
	ti_sts:		0.5
	fsp_fi_ea_n_max:		(1/3)
	fsp_fi_ea_c:		0.5
	ti_sts_avg:		(1/6)
	ti_sts_total:		0.5
	ti_fts_max:		(1/3)

Constraints:
	des_issues:		2
	des_perf:		20
	des_p_total:		10
	des_area:		3

Baseline metrics:
	des_issues:		138
	ti_fts_total:		17168
	des_perf_setup_FEP:		0
	fsp_fi_ea_c_total:		469.822
	des_p_total:		0.37701740
	des_perf_setup_WNS:		6.813
	fsp_fi_ea_c_avg:		58.6375
	fsp_fi_ea_c_max:		82.4023
	des_perf_setup_TNS:		0.000
	fsp_fi_ea_n_avg:		72.1485
	ti_sts_max:		374
	des_area:		4300.5284
	ti_fts_avg:		235.17
	fsp_fi_ea_n_total:		110.907
	fsp_fi_ea_n_max:		99.5131
	ti_sts_avg:		83.79
	ti_sts_total:		6117
	ti_fts_max:		523

Submission metrics:
	des_issues:		0
	ti_fts_total:		613
	des_perf_setup_FEP:		0
	fsp_fi_ea_c_total:		316.876
	des_p_total:		0.22462413
	des_perf_setup_WNS:		7.248
	fsp_fi_ea_c_avg:		41.7172
	fsp_fi_ea_c_max:		78.7531
	des_perf_setup_TNS:		0.000
	fsp_fi_ea_n_avg:		65.7172
	ti_sts_max:		54
	des_area:		2561.6332
	ti_fts_avg:		153.25
	fsp_fi_ea_n_total:		161.846
	fsp_fi_ea_n_max:		100
	ti_sts_avg:		40.50
	ti_sts_total:		162
	ti_fts_max:		206

Base scores (non-weighted):
	des_issues:		0
	ti_fts_total:		.03570
	des_perf_setup_FEP:		0
	fsp_fi_ea_c_total:		.67445
	des_p_total:		.59579
	des_perf_setup_WNS:		0
	fsp_fi_ea_c_avg:		.71144
	fsp_fi_ea_c_max:		.95571
	des_perf_setup_TNS:		0
	fsp_fi_ea_n_avg:		.91086
	ti_sts_max:		.14438
	des_area:		.59565
	ti_fts_avg:		.65165
	fsp_fi_ea_n_total:		1.45929
	fsp_fi_ea_n_max:		1.00489
	ti_sts_avg:		.48335
	ti_sts_total:		.02648
	ti_fts_max:		.39388

Scores (weighted):
	des_issues:		0.00000
	OVERALL:		0.17800
	des_perf:		0.00001
	ti_fts:		0.25775
	fsp_fi:		0.99537
	des_p_total:		0.59579
	des:		0.29786
	des_area:		0.59565
	fsp_fi_ea_n:		1.21639
	ti_sts:		0.14192
	fsp_fi_ea_c:		0.77434
	ti:		0.19983

Constraints checks:
Check for score component "des_issues" passed.
Check for score component "des_perf" passed.
Check for score component "des_p_total" passed.
Check for score component "des_area" passed.

