###############################################################
#  Generated by:      Cadence Innovus 18.13-s088_1
#  OS:                Linux x86_64(Host ID hansolo.poly.edu)
#  Generated on:      Sat Mar 12 16:17:41 2022
#  Design:            aes
#  Command:           check_drc
###############################################################

MINWIDTH: ( Minimum Width ) Regular Wire of Net core_keymem_sboxw[7]  ( metal7 )
Bounds : ( 165.715, 128.330 ) ( 169.115, 128.570 )


MINWIDTH: ( Minimum Width ) Regular Wire of Net core_keymem_sboxw[7]  ( metal7 )
Bounds : ( 165.715, 127.490 ) ( 165.955, 128.570 )


MINWIDTH: ( Minimum Width ) Regular Wire of Net core_keymem_sboxw[7]  ( metal7 )
Bounds : ( 153.115, 127.490 ) ( 165.955, 127.730 )


MINWIDTH: ( Minimum Width ) Regular Wire of Net FE_OCPN118431_FE_OFN179_core_keymem_n_98389  ( metal7 )
Bounds : ( 115.315, 138.410 ) ( 115.555, 139.490 )


MINWIDTH: ( Minimum Width ) Regular Wire of Net FE_OCPN118431_FE_OFN179_core_keymem_n_98389  ( metal7 )
Bounds : ( 115.315, 139.250 ) ( 121.435, 139.490 )


MINWIDTH: ( Minimum Width ) Regular Wire of Net core_keymem_n_112095  ( metal7 )
Bounds : ( 116.995, 123.290 ) ( 117.235, 124.370 )


MINWIDTH: ( Minimum Width ) Regular Wire of Net core_keymem_n_112095  ( metal7 )
Bounds : ( 116.995, 124.130 ) ( 119.555, 124.370 )


MINWIDTH: ( Minimum Width ) Regular Wire of Net FE_OCPN118431_FE_OFN179_core_keymem_n_98389  ( metal7 )
Bounds : ( 121.195, 137.570 ) ( 123.195, 137.810 )


MINWIDTH: ( Minimum Width ) Regular Wire of Net FE_OCPN118431_FE_OFN179_core_keymem_n_98389  ( metal7 )
Bounds : ( 121.195, 137.570 ) ( 121.435, 139.490 )


MINWIDTH: ( Minimum Width ) Regular Wire of Net core_new_sboxw[12]  ( metal7 )
Bounds : ( 125.875, 149.330 ) ( 140.275, 149.570 )


MINWIDTH: ( Minimum Width ) Regular Wire of Net core_keymem_sboxw[7]  ( metal7 )
Bounds : ( 142.675, 127.490 ) ( 143.275, 127.810 )


MINWIDTH: ( Minimum Width ) Regular Wire of Net core_keymem_sboxw[7]  ( metal7 )
Bounds : ( 143.035, 127.490 ) ( 143.275, 128.570 )


MINWIDTH: ( Minimum Width ) Regular Wire of Net core_keymem_sboxw[7]  ( metal7 )
Bounds : ( 143.035, 128.330 ) ( 153.355, 128.570 )


MINWIDTH: ( Minimum Width ) Regular Wire of Net core_keymem_sboxw[7]  ( metal7 )
Bounds : ( 153.115, 127.490 ) ( 153.355, 128.570 )


SPACING: ( ParallelRunLength Spacing ) Regular Wire of Net core_keymem_n_114045 & Regular Wire of Net FE_OCPN118698_core_new_sboxw_6  ( metal4 )
Bounds : ( 107.420, 147.735 ) ( 107.490, 147.805 )


MINWIDTH: ( Minimum Width ) Regular Wire of Net FE_OFN118078_core_keymem_n_96882  ( metal7 )
Bounds : ( 74.075, 163.610 ) ( 87.835, 163.850 )


MINWIDTH: ( Minimum Width ) Regular Wire of Net core_keymem_n_97322  ( metal7 )
Bounds : ( 81.355, 157.730 ) ( 87.835, 157.970 )


MINWIDTH: ( Minimum Width ) Regular Wire of Net core_keymem_n_97322  ( metal7 )
Bounds : ( 87.595, 157.730 ) ( 87.835, 159.650 )


MINWIDTH: ( Minimum Width ) Regular Wire of Net core_keymem_n_97322  ( metal7 )
Bounds : ( 87.595, 159.410 ) ( 90.355, 159.650 )


MINWIDTH: ( Minimum Width ) Regular Wire of Net FE_OFN118078_core_keymem_n_96882  ( metal7 )
Bounds : ( 87.595, 162.770 ) ( 92.035, 163.010 )


MINWIDTH: ( Minimum Width ) Regular Wire of Net FE_OFN118078_core_keymem_n_96882  ( metal7 )
Bounds : ( 87.595, 162.770 ) ( 87.835, 163.850 )


MINWIDTH: ( Minimum Width ) Regular Wire of Net core_keymem_n_97322  ( metal7 )
Bounds : ( 90.115, 157.730 ) ( 107.155, 157.970 )


MINWIDTH: ( Minimum Width ) Regular Wire of Net core_keymem_n_97322  ( metal7 )
Bounds : ( 90.115, 157.730 ) ( 90.355, 159.650 )


MINWIDTH: ( Minimum Width ) Regular Wire of Net FE_OFN118078_core_keymem_n_96882  ( metal7 )
Bounds : ( 91.795, 162.770 ) ( 92.035, 164.690 )


MINWIDTH: ( Minimum Width ) Regular Wire of Net FE_OFN118078_core_keymem_n_96882  ( metal7 )
Bounds : ( 91.795, 164.450 ) ( 97.435, 164.690 )


MINWIDTH: ( Minimum Width ) Regular Wire of Net core_keymem_n_97322  ( metal7 )
Bounds : ( 106.915, 157.730 ) ( 107.155, 159.650 )


MINWIDTH: ( Minimum Width ) Regular Wire of Net core_keymem_n_97322  ( metal7 )
Bounds : ( 106.915, 159.410 ) ( 112.835, 159.650 )


MINWIDTH: ( Minimum Width ) Regular Wire of Net FE_OCPN118732_core_new_sboxw_18  ( metal7 )
Bounds : ( 83.875, 149.250 ) ( 84.475, 149.570 )


MINWIDTH: ( Minimum Width ) Regular Wire of Net FE_OCPN118732_core_new_sboxw_18  ( metal7 )
Bounds : ( 84.235, 149.050 ) ( 85.315, 149.290 )


MINWIDTH: ( Minimum Width ) Regular Wire of Net FE_OCPN118732_core_new_sboxw_18  ( metal7 )
Bounds : ( 84.235, 149.050 ) ( 84.475, 149.570 )


MINWIDTH: ( Minimum Width ) Regular Wire of Net FE_OCPN118732_core_new_sboxw_18  ( metal7 )
Bounds : ( 85.075, 148.490 ) ( 108.355, 148.730 )


MINWIDTH: ( Minimum Width ) Regular Wire of Net FE_OCPN118732_core_new_sboxw_18  ( metal7 )
Bounds : ( 85.075, 148.490 ) ( 85.315, 149.290 )


MINWIDTH: ( Minimum Width ) Regular Wire of Net core_keymem_n_97539  ( metal7 )
Bounds : ( 69.875, 152.690 ) ( 94.355, 152.930 )


MINWIDTH: ( Minimum Width ) Regular Wire of Net core_keymem_n_97498  ( metal7 )
Bounds : ( 69.875, 148.490 ) ( 81.755, 148.730 )


MINWIDTH: ( Minimum Width ) Regular Wire of Net FE_OCPN118431_FE_OFN179_core_keymem_n_98389  ( metal7 )
Bounds : ( 101.875, 137.570 ) ( 102.115, 139.490 )


MINWIDTH: ( Minimum Width ) Regular Wire of Net FE_OCPN118431_FE_OFN179_core_keymem_n_98389  ( metal7 )
Bounds : ( 101.875, 137.570 ) ( 113.035, 137.810 )


MINWIDTH: ( Minimum Width ) Regular Wire of Net core_keymem_n_112095  ( metal7 )
Bounds : ( 101.875, 122.450 ) ( 102.115, 123.530 )


MINWIDTH: ( Minimum Width ) Regular Wire of Net FE_OCPN118431_FE_OFN179_core_keymem_n_98389  ( metal7 )
Bounds : ( 99.355, 138.330 ) ( 99.595, 139.490 )


MINWIDTH: ( Minimum Width ) Regular Wire of Net FE_OCPN118431_FE_OFN179_core_keymem_n_98389  ( metal7 )
Bounds : ( 99.355, 139.250 ) ( 102.115, 139.490 )


MINWIDTH: ( Minimum Width ) Regular Wire of Net core_keymem_n_112095  ( metal7 )
Bounds : ( 99.835, 122.450 ) ( 102.115, 122.690 )


MINWIDTH: ( Minimum Width ) Regular Wire of Net FE_OCPN118431_FE_OFN179_core_keymem_n_98389  ( metal7 )
Bounds : ( 112.795, 137.570 ) ( 113.035, 138.650 )


MINWIDTH: ( Minimum Width ) Regular Wire of Net core_keymem_n_97247  ( metal7 )
Bounds : ( 38.235, 137.570 ) ( 87.635, 137.810 )


MINWIDTH: ( Minimum Width ) Regular Wire of Net core_keymem_n_112095  ( metal7 )
Bounds : ( 101.875, 123.290 ) ( 117.235, 123.530 )


MINWIDTH: ( Minimum Width ) Regular Wire of Net FE_OCPN118431_FE_OFN179_core_keymem_n_98389  ( metal7 )
Bounds : ( 112.795, 138.410 ) ( 115.555, 138.650 )


SPACING: ( ParallelRunLength Spacing ) Regular Wire of Net n_760 & Regular Wire of Net n_1523  ( metal6 )
Bounds : ( 49.475, 93.890 ) ( 49.515, 94.130 )


  Total Violations : 45 Viols.
