Total exposed area across net assets: 5081.02
Max exposure [%] across net assets: 95.2314
Avg exposure [%] across net assets: 31.2059

#NetName TotalAreaNet PercentageExposedAreaNet
FE_OCPN118743_core_round_key_53 5.66545 23.0105
FE_OCPN118738_FE_OFN118009_core_round_key_62 4.3953 12.1909
FE_OCPN118732_core_new_sboxw_18 57.481 38.0184
FE_OCPN118723_core_round_key_122 1.61945 9.52329
FE_OCPN118708_core_round_key_14 1.8221 6.65167
FE_OCPN118702_core_new_sboxw_27 0.4795 11.0949
FE_OCPN118701_core_new_sboxw_27 6.63415 22.8914
FE_OCPN118699_core_new_sboxw_17 36.5717 89.2708
FE_OCPN118698_core_new_sboxw_6 36.8825 26.5377
FE_OCPN118688_core_new_sboxw_15 5.71665 22.1178
FE_OCPN118687_core_new_sboxw_27 1.76785 19.4276
FE_OCPN118685_core_new_sboxw_28 63.6717 44.0321
FE_OCPN118680_core_new_sboxw_11 78.3378 79.0646
FE_OCPN2133_core_new_sboxw_12 30.2373 74.2063
FE_OCPN2035_core_new_sboxw_3 0.1628 0
FE_OCPN118612_core_new_sboxw_26 72.1003 80.3698
FE_OCPN118591_core_new_sboxw_24 61.8868 33.9292
FE_OCPN118590_core_new_sboxw_2 59.1047 19.1232
FE_OCPN118583_core_new_sboxw_18 13.8552 11.4901
FE_OCPN118574_core_new_sboxw_13 78.5292 82.1676
FE_OCPN118509_FE_OFN118074_core_round_key_104 49.1004 44.9373
FE_OCPN118476_core_new_sboxw_11 0.4389 3.38346
FE_OCPN118399_core_new_sboxw_25 0.2394 7.16374
FE_OCPN118398_core_new_sboxw_24 0.0532 0
FE_OCPN118397_core_new_sboxw_1 2.78705 32.224
FE_OCPN118385_core_new_sboxw_27 9.58075 39.9982
FE_OCPN118379_core_new_sboxw_8 77.0225 64.7415
FE_OFN118294_core_new_sboxw_3 0.6587 4.35707
FE_OFN118274_core_round_key_45 115.993 57.4776
FE_OFN118248_core_round_key_11 81.3352 45.0985
FE_OFN118181_core_round_key_75 50.045 27.9954
FE_OFN118071_core_round_key_82 140.483 51.9099
FE_OFN118058_core_round_key_97 37.0763 71.3467
FE_OFN118040_core_round_key_61 18.3931 32.905
FE_OFN118031_core_round_key_125 44.179 84.6504
FE_OFN118028_core_round_key_69 105.999 47.8672
FE_OFN118023_core_round_key_15 14.9346 31.4978
FE_OFN118021_core_round_key_126 6.80295 16.4855
FE_OFN118020_core_round_key_83 51.3254 35.6653
FE_OFN118016_core_round_key_56 46.3526 48.794
FE_OFN118009_core_round_key_62 35.0527 32.055
FE_OFN118001_core_round_key_112 144.339 66.2909
FE_OFN117999_core_new_sboxw_27 0.07175 0
FE_OFN117995_core_round_key_80 89.9939 52.3894
FE_OFN117991_core_round_key_6 83.137 37.6995
FE_OFN117982_core_round_key_70 104.319 63.6933
FE_OFN117976_core_round_key_16 92.9564 66.2177
FE_OFN117970_core_round_key_39 60.5824 54.3548
FE_OFN117966_core_round_key_103 0.4053 22.6376
FE_OFN117817_core_new_sboxw_28 62.8622 57.7882
FE_OFN117799_core_new_sboxw_26 6.3681 16.9957
FE_OFN117791_core_new_sboxw_10 1.6947 7.01747
FE_OFN117783_core_new_sboxw_4 0.2212 0.316456
FE_OFN117781_core_new_sboxw_9 0.5481 3.76756
FE_OFN117771_core_new_sboxw_8 6.389 10.3569
FE_OFN117770_core_new_sboxw_30 2.19345 9.49873
FE_OFN117758_core_new_sboxw_0 0.7602 5.66298
core_new_sboxw[31] 40.5768 46.6312
core_new_sboxw[30] 0.08505 25.1029
core_new_sboxw[29] 86.6393 45.2062
core_new_sboxw[28] 0.1162 0
core_new_sboxw[27] 38.9621 29.3127
core_new_sboxw[26] 44.4811 17.074
core_new_sboxw[25] 57.5395 23.8783
core_new_sboxw[24] 35.8788 40.2292
core_new_sboxw[23] 41.8759 46.8131
core_new_sboxw[22] 26.5164 30.6471
core_new_sboxw[21] 51.4603 46.0002
core_new_sboxw[20] 41.9438 29.9468
core_new_sboxw[19] 67.3865 63.3978
core_new_sboxw[18] 0.0133 0
core_new_sboxw[17] 44.6353 30.475
core_new_sboxw[16] 55.8273 39.2205
core_new_sboxw[15] 3.7914 4.54186
core_new_sboxw[14] 10.9396 34.2385
core_new_sboxw[13] 64.5924 45.9545
core_new_sboxw[12] 40.361 22.8994
core_new_sboxw[11] 49.2487 41.6614
core_new_sboxw[10] 0.0133 0
core_new_sboxw[9] 2.1595 4.88771
core_new_sboxw[8] 3.67185 2.1447
core_new_sboxw[7] 44.2514 51.5024
core_new_sboxw[6] 0.1015 18.9655
core_new_sboxw[5] 41.9713 24.4347
core_new_sboxw[4] 1.2992 38.4564
core_new_sboxw[3] 61.4468 45.638
core_new_sboxw[2] 0.1421 0
core_new_sboxw[1] 37.1717 19.1079
core_new_sboxw[0] 0.35175 0.199005
core_keymem_sboxw[31] 1.2014 19.2068
core_keymem_sboxw[30] 11.9832 33.8175
core_keymem_sboxw[29] 0.8857 15.0277
core_keymem_sboxw[28] 96.0276 39.6534
core_keymem_sboxw[27] 70.3483 64.3766
core_keymem_sboxw[26] 0.1654 0
core_keymem_sboxw[25] 0.46675 19.2608
core_keymem_sboxw[24] 12.3333 12.9535
core_keymem_sboxw[23] 7.42235 36.4942
core_keymem_sboxw[22] 5.41335 33.3283
core_keymem_sboxw[21] 0.1385 30.5776
core_keymem_sboxw[20] 18.0654 40.32
core_keymem_sboxw[19] 1.32005 34.3282
core_keymem_sboxw[18] 0.7555 5.64858
core_keymem_sboxw[17] 0.83395 29.0395
core_keymem_sboxw[16] 72.0175 52.545
core_keymem_sboxw[15] 16.9208 73.0109
core_keymem_sboxw[14] 1.2459 38.7712
core_keymem_sboxw[13] 18.1164 32.2787
core_keymem_sboxw[12] 1.03935 8.55342
core_keymem_sboxw[11] 46.7564 71.5558
core_keymem_sboxw[10] 115.041 82.3055
core_keymem_sboxw[9] 0.268 18.2836
core_keymem_sboxw[8] 71.3999 86.7083
core_keymem_sboxw[7] 100.534 79.5428
core_keymem_sboxw[6] 46.7197 70.6996
core_keymem_sboxw[5] 33.9035 11.685
core_keymem_sboxw[4] 0.8627 38.7417
core_keymem_sboxw[3] 2.74685 42.9574
core_keymem_sboxw[2] 6.74165 25.0554
core_keymem_sboxw[1] 13.0495 39.8747
core_keymem_sboxw[0] 39.3079 75.3704
core_aes_core_ctrl_reg[1] 0.31665 15.8061
key_reg[0][31] 3.7535 44.8948
key_reg[0][30] 3.97335 32.5877
key_reg[0][29] 6.28785 35.2322
key_reg[0][28] 4.78365 32.3085
key_reg[0][27] 5.0347 21.328
key_reg[0][26] 4.9611 13.8019
key_reg[0][25] 2.94595 27.2612
key_reg[0][24] 1.1905 21.6233
key_reg[0][23] 6.1032 5.15836
key_reg[0][22] 2.4427 8.19892
key_reg[0][21] 6.905 26.6206
key_reg[0][20] 1.5715 13.5507
key_reg[0][19] 21.1129 81.1782
key_reg[0][18] 10.2634 61.855
key_reg[0][17] 6.58235 43.8172
key_reg[0][16] 5.32 39.109
key_reg[0][15] 4.0978 8.16658
key_reg[0][14] 0.6924 2.67187
key_reg[0][13] 1.10475 25.198
key_reg[0][12] 3.09 25.8366
key_reg[0][11] 1.5335 2.58885
key_reg[0][10] 1.9038 6.36228
key_reg[0][9] 2.69205 12.1692
key_reg[0][8] 7.23955 46.7978
key_reg[0][7] 4.31145 30.6643
key_reg[0][6] 2.0754 6.12894
key_reg[0][5] 3.6673 23.1696
key_reg[0][4] 5.77875 18.2059
key_reg[0][3] 4.9296 8.96777
key_reg[0][2] 3.79775 6.00685
key_reg[0][1] 2.5751 4.7338
key_reg[0][0] 1.69075 4.68875
key_reg[1][31] 4.1195 37.513
key_reg[1][30] 2.553 42.6772
key_reg[1][29] 4.18785 19.975
key_reg[1][28] 6.74815 55.2585
key_reg[1][27] 6.0968 28.8409
key_reg[1][26] 1.4503 27.808
key_reg[1][25] 6.4294 22.9547
key_reg[1][24] 12.5377 19.7887
key_reg[1][23] 4.3741 17.4996
key_reg[1][22] 3.5989 12.5705
key_reg[1][21] 3.3265 52.9889
key_reg[1][20] 10.272 37.07
key_reg[1][19] 5.5751 43.5992
key_reg[1][18] 5.44012 52.7447
key_reg[1][17] 2.88035 49.5469
key_reg[1][16] 3.60795 29.3498
key_reg[1][15] 1.5884 59.3238
key_reg[1][14] 2.8906 45.7837
key_reg[1][13] 2.8469 22.2163
key_reg[1][12] 4.72295 22.0466
key_reg[1][11] 2.12335 26.842
key_reg[1][10] 4.98275 44.0093
key_reg[1][9] 1.67215 22.942
key_reg[1][8] 4.0798 56.1333
key_reg[1][7] 4.52575 64.191
key_reg[1][6] 8.50505 40.665
key_reg[1][5] 3.80825 37.2796
key_reg[1][4] 5.9975 65.3572
key_reg[1][3] 4.04615 22.4874
key_reg[1][2] 5.1572 40.2083
key_reg[1][1] 5.5063 47.813
key_reg[1][0] 6.24585 52.5837
key_reg[2][31] 1.6705 42.2897
key_reg[2][30] 2.0861 43.4938
key_reg[2][29] 3.54005 28.1288
key_reg[2][28] 1.6495 19.8681
key_reg[2][27] 8.24565 30.316
key_reg[2][26] 1.29555 7.91749
key_reg[2][25] 3.8858 22.3551
key_reg[2][24] 3.0871 7.81073
key_reg[2][23] 3.2275 15.6437
key_reg[2][22] 3.3217 26.0755
key_reg[2][21] 5.56435 46.4326
key_reg[2][20] 1.85835 11.2788
key_reg[2][19] 4.56255 40.3349
key_reg[2][18] 6.22935 46.112
key_reg[2][17] 3.47385 18.1168
key_reg[2][16] 3.34945 25.0422
key_reg[2][15] 0.8536 11.5452
key_reg[2][14] 3.9665 46.7257
key_reg[2][13] 3.94345 44.3127
key_reg[2][12] 3.34155 10.0238
key_reg[2][11] 1.7018 11.2734
key_reg[2][10] 3.5264 56.4017
key_reg[2][9] 4.80162 25.2071
key_reg[2][8] 7.4107 56.2241
key_reg[2][7] 15.4595 89.7584
key_reg[2][6] 3.1226 21.3036
key_reg[2][5] 5.5851 52.542
key_reg[2][4] 4.6978 52.565
key_reg[2][3] 2.18265 43.4082
key_reg[2][2] 4.9216 51.5849
key_reg[2][1] 4.37385 39.4698
key_reg[2][0] 2.0647 25.1392
key_reg[3][31] 1.62825 21.6475
key_reg[3][30] 2.6019 44.5069
key_reg[3][29] 1.56355 15.1866
key_reg[3][28] 3.5231 28.4565
key_reg[3][27] 1.63915 2.79871
key_reg[3][26] 4.60565 38.266
key_reg[3][25] 1.148 29.2683
key_reg[3][24] 1.28545 13.8084
key_reg[3][23] 12.6601 70.0297
key_reg[3][22] 12.2419 58.7513
key_reg[3][21] 2.15135 18.8207
key_reg[3][20] 1.1229 8.74076
key_reg[3][19] 2.05395 44.0712
key_reg[3][18] 2.4714 22.3234
key_reg[3][17] 2.27775 12.6177
key_reg[3][16] 3.7909 60.0346
key_reg[3][15] 2.6373 20.5381
key_reg[3][14] 4.23407 47.3445
key_reg[3][13] 1.60705 5.77456
key_reg[3][12] 4.00145 25.4583
key_reg[3][11] 3.089 53.3263
key_reg[3][10] 3.9149 35.3764
key_reg[3][9] 4.34215 42.8135
key_reg[3][8] 1.4122 25.6479
key_reg[3][7] 2.2844 35.2576
key_reg[3][6] 4.1935 44.3615
key_reg[3][5] 1.04505 14.2481
key_reg[3][4] 2.1534 20.1402
key_reg[3][3] 4.9124 42.268
key_reg[3][2] 2.41065 17.8873
key_reg[3][1] 4.24585 27.5964
key_reg[3][0] 5.29245 41.914
key_reg[4][31] 0.8366 28.4007
key_reg[4][30] 0.4378 18.0391
key_reg[4][29] 0.9339 29.2162
key_reg[4][28] 0.56115 12.3051
key_reg[4][27] 0.6849 7.6471
key_reg[4][26] 0.7225 0
key_reg[4][25] 0.7608 0.276025
key_reg[4][24] 0.5209 45.9877
key_reg[4][23] 0.5182 28.3771
key_reg[4][22] 0.5111 1.78047
key_reg[4][21] 0.4775 11.9581
key_reg[4][20] 0.9353 15.1235
key_reg[4][19] 1.5554 36.7542
key_reg[4][18] 1.2854 22.4133
key_reg[4][17] 0.4485 1.6388
key_reg[4][16] 0.9795 13.6141
key_reg[4][15] 0.5321 3.46739
key_reg[4][14] 0.5335 13.2802
key_reg[4][13] 1.52075 8.1736
key_reg[4][12] 1.23735 8.30404
key_reg[4][11] 0.4817 7.07909
key_reg[4][10] 0.5699 10.1553
key_reg[4][9] 1.15425 21.6807
key_reg[4][8] 0.75825 28.3482
key_reg[4][7] 1.23035 18.4968
key_reg[4][6] 0.70785 7.58635
key_reg[4][5] 6.38605 20.7542
key_reg[4][4] 0.6063 31.4696
key_reg[4][3] 0.4817 29.7125
key_reg[4][2] 0.8687 25.3396
key_reg[4][1] 0.8285 34.5564
key_reg[4][0] 1.03075 32.3017
key_reg[5][31] 0.5336 45.5022
key_reg[5][30] 0.5111 39.9824
key_reg[5][29] 0.4621 18.2536
key_reg[5][28] 0.8339 46.2496
key_reg[5][27] 0.5181 21.5258
key_reg[5][26] 0.67805 9.19549
key_reg[5][25] 0.6189 4.3747
key_reg[5][24] 0.7234 17.435
key_reg[5][23] 0.5011 24.5809
key_reg[5][22] 2.9775 16.173
key_reg[5][21] 0.5011 6.57553
key_reg[5][20] 1.5844 0.274552
key_reg[5][19] 0.50235 20.21
key_reg[5][18] 1.3798 6.1132
key_reg[5][17] 0.5159 0
key_reg[5][16] 0.52445 10.5301
key_reg[5][15] 1.0852 16.6191
key_reg[5][14] 0.9158 2.11291
key_reg[5][13] 0.47925 36.1346
key_reg[5][12] 0.502 32.3805
key_reg[5][11] 0.4684 45.8049
key_reg[5][10] 0.9045 27.3853
key_reg[5][9] 3.2811 14.5972
key_reg[5][8] 1.13745 28.7199
key_reg[5][7] 0.5377 5.93733
key_reg[5][6] 2.06465 18.2162
key_reg[5][5] 2.68005 15.287
key_reg[5][4] 0.4656 0
key_reg[5][3] 0.8278 17.0422
key_reg[5][2] 0.57375 23.1678
key_reg[5][1] 0.6169 29.5834
key_reg[5][0] 1.1479 15.2191
key_reg[6][31] 0.5209 17.9977
key_reg[6][30] 0.435 1.68966
key_reg[6][29] 0.4674 17.0946
key_reg[6][28] 0.5148 48.5723
key_reg[6][27] 0.5486 27.16
key_reg[6][26] 0.8643 6.36932
key_reg[6][25] 0.72355 20.4996
key_reg[6][24] 0.4488 1.48173
key_reg[6][23] 0.8749 0
key_reg[6][22] 0.5244 3.13692
key_reg[6][21] 0.8914 27.555
key_reg[6][20] 0.4866 4.7164
key_reg[6][19] 0.4523 0
key_reg[6][18] 0.621 36.8156
key_reg[6][17] 0.71495 40.3595
key_reg[6][16] 0.5832 9.51646
key_reg[6][15] 0.4679 49.6153
key_reg[6][14] 1.9675 32.7878
key_reg[6][13] 0.73425 20.4494
key_reg[6][12] 1.01325 6.42487
key_reg[6][11] 3.14595 12.9722
key_reg[6][10] 0.49345 13.5981
key_reg[6][9] 0.5843 6.94421
key_reg[6][8] 0.6275 22.7809
key_reg[6][7] 1.1225 34.0802
key_reg[6][6] 0.5048 29.3086
key_reg[6][5] 0.5426 24.249
key_reg[6][4] 0.6085 42.5062
key_reg[6][3] 0.8104 38.9129
key_reg[6][2] 1.06015 18.5728
key_reg[6][1] 0.4863 0
key_reg[6][0] 1.43185 29.3816
key_reg[7][31] 0.6287 1.24066
key_reg[7][30] 0.5216 21.4436
key_reg[7][29] 0.5538 34.7779
key_reg[7][28] 0.5266 8.1466
key_reg[7][27] 0.65315 2.2736
key_reg[7][26] 1.4809 11.6753
key_reg[7][25] 0.5853 23.5606
key_reg[7][24] 2.61825 5.08259
key_reg[7][23] 0.5205 0
key_reg[7][22] 1.30245 20.0775
key_reg[7][21] 0.5376 47.926
key_reg[7][20] 0.6536 7.04559
key_reg[7][19] 0.87965 18.6921
key_reg[7][18] 0.4621 38.2655
key_reg[7][17] 0.49365 44.0292
key_reg[7][16] 0.5083 19.8997
key_reg[7][15] 3.43825 17.0043
key_reg[7][14] 2.61215 32.9575
key_reg[7][13] 3.4883 14.3343
key_reg[7][12] 0.51215 2.68964
key_reg[7][11] 0.6092 5.73703
key_reg[7][10] 0.4744 5.31197
key_reg[7][9] 1.0074 25.0199
key_reg[7][8] 0.58485 44.7978
key_reg[7][7] 4.63555 12.2305
key_reg[7][6] 1.078 28.5668
key_reg[7][5] 0.5083 4.9577
key_reg[7][4] 0.5139 14.3024
key_reg[7][3] 0.7008 29.7517
key_reg[7][2] 0.46035 13.5115
key_reg[7][1] 0.61465 26.69
key_reg[7][0] 0.74455 6.48042
core_round_key[126] 1.6114 20.2945
core_round_key[125] 0.4389 17.3844
core_round_key[124] 99.5066 54.7735
core_round_key[122] 17.2165 45.8955
core_round_key[116] 36.2776 36.1831
core_round_key[115] 59.791 51.5583
core_round_key[114] 99.0075 35.7494
core_round_key[113] 39.9666 37.7137
core_round_key[112] 0.1414 0
core_round_key[111] 56.8993 68.5652
core_round_key[108] 18.4471 45.3563
core_round_key[106] 22.2378 16.3186
core_round_key[104] 0.66535 27.7223
core_round_key[103] 55.6504 42.7702
core_round_key[102] 27.2834 23.8077
core_round_key[100] 69.9313 59.5021
core_round_key[99] 34.6464 38.0838
core_round_key[98] 22.1607 22.4764
core_round_key[97] 0.5467 2.7666
core_round_key[96] 42.8235 39.7026
core_round_key[91] 59.0454 34.6592
core_round_key[89] 53.848 85.0009
core_round_key[88] 120.383 53.5459
core_round_key[84] 125.554 73.1491
core_round_key[83] 1.5876 10.1553
core_round_key[82] 0.2261 0
core_round_key[81] 28.8776 36.7455
core_round_key[80] 2.07305 13.2414
core_round_key[79] 67.006 46.357
core_round_key[78] 114.956 57.3756
core_round_key[77] 139.568 49.5226
core_round_key[76] 101.534 48.0346
core_round_key[75] 0.5166 34.0786
core_round_key[73] 27.2441 32.819
core_round_key[72] 64.6561 29.9983
core_round_key[71] 68.351 46.2933
core_round_key[70] 0.497 44.6479
core_round_key[69] 0.4123 42.6874
core_round_key[68] 138.603 86.8462
core_round_key[67] 32.5022 62.9776
core_round_key[66] 73.9431 81.1952
core_round_key[65] 76.3403 68.8637
core_round_key[64] 57.702 57.7544
core_round_key[62] 0.9989 38.2621
core_round_key[61] 6.8139 8.98531
core_round_key[60] 101.044 46.9383
core_round_key[59] 94.5364 46.978
core_round_key[58] 36.0245 26.4094
core_round_key[57] 20.711 17.9077
core_round_key[56] 10.7655 30.0795
core_round_key[54] 42.3733 64.5228
core_round_key[53] 106.768 68.0603
core_round_key[52] 117.091 54.2128
core_round_key[51] 68.206 75.2507
core_round_key[50] 51.0638 38.6779
core_round_key[49] 36.7946 52.0664
core_round_key[48] 62.4691 44.5093
core_round_key[45] 3.49335 28.7138
core_round_key[44] 112.968 46.2677
core_round_key[43] 110.001 51.5307
core_round_key[41] 77.3915 48.9163
core_round_key[39] 0.0952 35.2941
core_round_key[37] 103.811 50.4264
core_round_key[36] 33.8779 75.2361
core_round_key[35] 55.5231 73.9081
core_round_key[34] 43.6132 43.5428
core_round_key[28] 75.8848 43.9946
core_round_key[26] 110.613 76.4027
core_round_key[25] 105.337 75.8117
core_round_key[24] 113.916 68.2801
core_round_key[23] 101.038 86.9505
core_round_key[21] 95.8558 57.0445
core_round_key[19] 21.7434 14.6271
core_round_key[18] 26.8112 19.0116
core_round_key[17] 90.2783 59.9458
core_round_key[16] 2.3971 26.07
core_round_key[15] 0.7812 7.62929
core_round_key[14] 144.035 58.3122
core_round_key[13] 36.9377 58.2301
core_round_key[12] 119.656 55.1004
core_round_key[11] 3.54465 58.881
core_round_key[10] 80.9535 63.5168
core_round_key[7] 135.112 47.9614
core_round_key[6] 8.7449 50.5226
core_round_key[4] 158.118 95.2314
core_round_key[3] 46.6079 83.042
core_round_key[2] 49.7301 41.194
core_round_key[0] 81.0638 47.1922
core_keymem_key_mem_ctrl_reg[1] 0.38465 8.72871
core_keymem_key_mem_ctrl_reg[0] 0.6559 2.32886
